Iteration 0/80
Training student with 45 points
Train accuracy: 0.8333333333333334
Test accuracy: 0.6666666666666666
Number of nodes: 7
Student reward: 0.4
Iteration 1/80
Training student with 652 points
Train accuracy: 0.690978886756238
Test accuracy: 0.7022900763358778
Number of nodes: 15
Student reward: 0.3
Iteration 2/80
Training student with 1356 points
Train accuracy: 0.6337638376383764
Test accuracy: 0.6544117647058824
Number of nodes: 15
Student reward: 0.3
Iteration 3/80
Training student with 2070 points
Train accuracy: 0.6032608695652174
Test accuracy: 0.606280193236715
Number of nodes: 15
Student reward: 0.5
Iteration 4/80
Training student with 2620 points
Train accuracy: 0.6049618320610687
Test accuracy: 0.5954198473282443
Number of nodes: 15
Student reward: 0.4
Iteration 5/80
Training student with 3242 points
Train accuracy: 0.6039336675665252
Test accuracy: 0.6117103235747303
Number of nodes: 17
Student reward: 0.7
Iteration 6/80
Training student with 3570 points
Train accuracy: 0.6207983193277311
Test accuracy: 0.6582633053221288
Number of nodes: 17
Student reward: 0.3
Iteration 7/80
Training student with 4292 points
Train accuracy: 0.623652781823478
Test accuracy: 0.6181606519208381
Number of nodes: 17
Student reward: 0.3
Iteration 8/80
Training student with 4998 points
Train accuracy: 0.6383191595797899
Test accuracy: 0.614
Number of nodes: 17
Student reward: 0.2
Iteration 9/80
Training student with 5808 points
Train accuracy: 0.6491605682307361
Test accuracy: 0.6342512908777969
Number of nodes: 17
Student reward: 0.3
Iteration 10/80
Training student with 6525 points
Train accuracy: 0.64272030651341
Test accuracy: 0.6298850574712643
Number of nodes: 17
Student reward: 0.6
Iteration 11/80
Training student with 6998 points
Train accuracy: 0.6212933190425152
Test accuracy: 0.6328571428571429
Number of nodes: 17
Student reward: 0.2
Iteration 12/80
Training student with 7804 points
Train accuracy: 0.624699663623258
Test accuracy: 0.6149903907751442
Number of nodes: 17
Student reward: 0.5
Iteration 13/80
Training student with 8317 points
Train accuracy: 0.6179167292950548
Test accuracy: 0.6147836538461539
Number of nodes: 17
Student reward: 0.4
Iteration 14/80
Training student with 8938 points
Train accuracy: 0.6197202797202798
Test accuracy: 0.62751677852349
Number of nodes: 17
Student reward: 0.6
Iteration 15/80
Training student with 9375 points
Train accuracy: 0.6142666666666666
Test accuracy: 0.6037333333333333
Number of nodes: 17
Student reward: 0.5
Iteration 16/80
Training student with 9903 points
Train accuracy: 0.6201716738197425
Test accuracy: 0.6340232205956587
Number of nodes: 17
Student reward: 0.5
Iteration 17/80
Training student with 10428 points
Train accuracy: 0.6258690961400144
Test accuracy: 0.6116970278044104
Number of nodes: 17
Student reward: 0.3
Iteration 18/80
Training student with 11162 points
Train accuracy: 0.6204502183895173
Test accuracy: 0.6202418271383788
Number of nodes: 17
Student reward: 0.4
Iteration 19/80
Training student with 11827 points
Train accuracy: 0.6136772011415284
Test accuracy: 0.5972104818258664
Number of nodes: 17
Student reward: 0.1
Iteration 20/80
Training student with 12729 points
Train accuracy: 0.624275753707159
Test accuracy: 0.6288295365278869
Number of nodes: 17
Student reward: 0.5
Iteration 21/80
Training student with 13286 points
Train accuracy: 0.6278697779450508
Test accuracy: 0.6173814898419865
Number of nodes: 17
Student reward: 0.2
Iteration 22/80
Training student with 14096 points
Train accuracy: 0.6313409010287336
Test accuracy: 0.6368794326241135
Number of nodes: 17
Student reward: 0.6
Iteration 23/80
Training student with 14540 points
Train accuracy: 0.6258596973865199
Test accuracy: 0.6069463548830811
Number of nodes: 17
Student reward: 0.8
Iteration 24/80
Training student with 14780 points
Train accuracy: 0.6299052774018945
Test accuracy: 0.631935047361299
Number of nodes: 17
Student reward: 0.5
Iteration 25/80
Training student with 15318 points
Train accuracy: 0.628611065774441
Test accuracy: 0.6422976501305483
Number of nodes: 17
Student reward: 0.4
Iteration 26/80
Training student with 15941 points
Train accuracy: 0.6373902132998746
Test accuracy: 0.6237064910630291
Number of nodes: 17
Student reward: 0.8
Iteration 27/80
Training student with 16178 points
Train accuracy: 0.6328233657858137
Test accuracy: 0.6387515451174289
Number of nodes: 17
Student reward: 0.3
Iteration 28/80
Training student with 16896 points
Train accuracy: 0.6305859721811187
Test accuracy: 0.6156804733727811
Number of nodes: 17
Student reward: 0.3
Iteration 29/80
Training student with 17604 points
Train accuracy: 0.6331747496982177
Test accuracy: 0.6364669128088611
Number of nodes: 17
Student reward: 0.7
Iteration 30/80
Training student with 17952 points
Train accuracy: 0.6372815263561034
Test accuracy: 0.6299081035923141
Number of nodes: 17
Student reward: 0.7
Iteration 31/80
Training student with 18319 points
Train accuracy: 0.642647560559536
Test accuracy: 0.6416484716157205
Number of nodes: 17
Student reward: 0.4
Iteration 32/80
Training student with 18939 points
Train accuracy: 0.6374496732888918
Test accuracy: 0.6380675818373812
Number of nodes: 17
Student reward: 0.8
Iteration 33/80
Training student with 19214 points
Train accuracy: 0.6422483898249951
Test accuracy: 0.6513140775435857
Number of nodes: 17
Student reward: 0.3
Iteration 34/80
Training student with 19949 points
Train accuracy: 0.634939532552165
Test accuracy: 0.6393483709273183
Number of nodes: 17
Student reward: 0.7
Iteration 35/80
Training student with 20329 points
Train accuracy: 0.6398573448933161
Test accuracy: 0.6414166256763404
Number of nodes: 17
Student reward: 0.1
Iteration 36/80
Training student with 21247 points
Train accuracy: 0.6352885803377066
Test accuracy: 0.6261176470588236
Number of nodes: 17
Student reward: 0.8
Iteration 37/80
Training student with 21554 points
Train accuracy: 0.6345763498231166
Test accuracy: 0.6372071445140338
Number of nodes: 17
Student reward: 0.8
Iteration 38/80
Training student with 21826 points
Train accuracy: 0.636368843069874
Test accuracy: 0.6291800274851123
Number of nodes: 17
Student reward: 0.4
Iteration 39/80
Training student with 22432 points
Train accuracy: 0.6319866258010588
Test accuracy: 0.6318252730109204
Number of nodes: 17
Student reward: 0.5
Iteration 40/80
Training student with 22965 points
Train accuracy: 0.6335728282168517
Test accuracy: 0.6218158066623122
Number of nodes: 17
Student reward: 0.6
Iteration 41/80
Training student with 23453 points
Train accuracy: 0.6278648331734357
Test accuracy: 0.6495416755489235
Number of nodes: 17
Student reward: 0.4
Iteration 42/80
Training student with 24076 points
Train accuracy: 0.6384215991692627
Test accuracy: 0.6409883720930233
Number of nodes: 17
Student reward: 0.5
Iteration 43/80
Training student with 24617 points
Train accuracy: 0.6228609150459554
Test accuracy: 0.6307879772542648
Number of nodes: 17
Student reward: 0.5
Iteration 44/80
Training student with 25139 points
Train accuracy: 0.632191338073691
Test accuracy: 0.640612569610183
Number of nodes: 17
Student reward: 0.5
Iteration 45/80
Training student with 25691 points
Train accuracy: 0.6318606461658233
Test accuracy: 0.6147110332749562
Number of nodes: 17
Student reward: 0.7
Iteration 46/80
Training student with 26038 points
Train accuracy: 0.628420547287566
Test accuracy: 0.6271121351766513
Number of nodes: 17
Student reward: 0.1
Iteration 47/80
Training student with 26939 points
Train accuracy: 0.6294371490882094
Test accuracy: 0.6317743132887899
Number of nodes: 17
Student reward: 0.3
Iteration 48/80
Training student with 27652 points
Train accuracy: 0.6256046290854844
Test accuracy: 0.6268305912131622
Number of nodes: 17
Student reward: 0.1
Iteration 49/80
Training student with 28560 points
Train accuracy: 0.6223739495798319
Test accuracy: 0.6190476190476191
Number of nodes: 17
Student reward: 0.4
Iteration 50/80
Training student with 29189 points
Train accuracy: 0.6222003340328037
Test accuracy: 0.6264131551901336
Number of nodes: 17
Student reward: 0.3
Iteration 51/80
Training student with 29908 points
Train accuracy: 0.6216250104488841
Test accuracy: 0.6248746238716149
Number of nodes: 17
Student reward: 0.5
Iteration 52/80
Training student with 30455 points
Train accuracy: 0.6200541782958463
Test accuracy: 0.6223936956164834
Number of nodes: 17
Student reward: 0.7
Iteration 53/80
Training student with 30797 points
Train accuracy: 0.6245890327556115
Test accuracy: 0.6248376623376624
Number of nodes: 17
Student reward: 0.6
Iteration 54/80
Training student with 31226 points
Train accuracy: 0.6255804643714972
Test accuracy: 0.6187960294588537
Number of nodes: 17
Student reward: 0.6
Iteration 55/80
Training student with 31657 points
Train accuracy: 0.6189536031589339
Test accuracy: 0.6189197725837018
Number of nodes: 17
Student reward: 0.5
Iteration 56/80
Training student with 32182 points
Train accuracy: 0.6253641483783259
Test accuracy: 0.6274662109678422
Number of nodes: 17
Student reward: 0.8
Iteration 57/80
Training student with 32442 points
Train accuracy: 0.6199668631757408
Test accuracy: 0.6155031591924796
Number of nodes: 17
Student reward: 0.5
Iteration 58/80
Training student with 32952 points
Train accuracy: 0.6211448731080005
Test accuracy: 0.6257017144591109
Number of nodes: 17
Student reward: 0.3
Iteration 59/80
Training student with 33665 points
Train accuracy: 0.6234590821327789
Test accuracy: 0.6257240457448389
Number of nodes: 17
Student reward: 0.7
Iteration 60/80
Training student with 33998 points
Train accuracy: 0.622692845062137
Test accuracy: 0.6236764705882353
Number of nodes: 17
Student reward: 0.2
Iteration 61/80
Training student with 34813 points
Train accuracy: 0.6192818671454219
Test accuracy: 0.6211403130834411
Number of nodes: 17
Student reward: 0.5
Iteration 62/80
Training student with 35359 points
Train accuracy: 0.6184112843355605
Test accuracy: 0.616091628959276
Number of nodes: 17
Student reward: 0.7
Iteration 63/80
Training student with 35701 points
Train accuracy: 0.6160714285714286
Test accuracy: 0.6151799467861644
Number of nodes: 17
Student reward: 0.4
Iteration 64/80
Training student with 36328 points
Train accuracy: 0.6171633060353726
Test accuracy: 0.6186347371318469
Number of nodes: 17
Student reward: 0.6
Iteration 65/80
Training student with 36781 points
Train accuracy: 0.6272770527460576
Test accuracy: 0.6146527117031398
Number of nodes: 17
Student reward: 0.7
Iteration 66/80
Training student with 37145 points
Train accuracy: 0.6216516354825683
Test accuracy: 0.6264638578543545
Number of nodes: 17
Student reward: 0.0
Iteration 67/80
Training student with 38145 points
Train accuracy: 0.6180036702057937
Test accuracy: 0.6141040765500065
Number of nodes: 17
Student reward: 0.2
Iteration 68/80
Training student with 38953 points
Train accuracy: 0.6238367242153905
Test accuracy: 0.6177640867667822
Number of nodes: 17
Student reward: 0.3
Iteration 69/80
Training student with 39675 points
Train accuracy: 0.6198487712665406
Test accuracy: 0.6273471959672338
Number of nodes: 17
Student reward: 0.4
Iteration 70/80
Training student with 40286 points
Train accuracy: 0.6164205039096438
Test accuracy: 0.6243484735666418
Number of nodes: 17
Student reward: 0.6
Iteration 71/80
Training student with 40718 points
Train accuracy: 0.6137103211149997
Test accuracy: 0.625
Number of nodes: 17
Student reward: 0.4
Iteration 72/80
Training student with 41345 points
Train accuracy: 0.6193010037489418
Test accuracy: 0.6209940742532349
Number of nodes: 17
Student reward: 0.7
Iteration 73/80
Training student with 41724 points
Train accuracy: 0.6193115431858354
Test accuracy: 0.6184541641701617
Number of nodes: 17
Student reward: 0.7
Iteration 74/80
Training student with 42066 points
Train accuracy: 0.6243313918934982
Test accuracy: 0.6048252911813644
Number of nodes: 17
Student reward: 0.4
Iteration 75/80
Training student with 42677 points
Train accuracy: 0.6213057614012477
Test accuracy: 0.6142221180880975
Number of nodes: 17
Student reward: 0.6
Iteration 76/80
Training student with 43144 points
Train accuracy: 0.619875416485586
Test accuracy: 0.6176845520917835
Number of nodes: 17
Student reward: 0.8
Iteration 77/80
Training student with 43403 points
Train accuracy: 0.622170381890444
Test accuracy: 0.6192834926851745
Number of nodes: 17
Student reward: 0.3
Iteration 78/80
Training student with 44109 points
Train accuracy: 0.6225238756482557
Test accuracy: 0.6215143958286103
Number of nodes: 17
Student reward: 0.6
Iteration 79/80
Training student with 44547 points
Train accuracy: 0.6166624575581559
Test accuracy: 0.6172839506172839
Number of nodes: 17
Student reward: 0.5
Initial policy count: 80
Current policy count: 40
Reward update: 0.8 -> 0.66
Reward update: 0.8 -> 0.64
Reward update: 0.8 -> 0.56
Reward update: 0.8 -> 0.64
Reward update: 0.8 -> 0.54
Reward update: 0.8 -> 0.6
Reward update: 0.8 -> 0.62
Reward update: 0.7 -> 0.34
Reward update: 0.7 -> 0.48
Reward update: 0.7 -> 0.7
Reward update: 0.7 -> 0.62
Reward update: 0.7 -> 0.62
Reward update: 0.7 -> 0.72
Reward update: 0.7 -> 0.7
Reward update: 0.7 -> 0.6
Reward update: 0.7 -> 0.6
Reward update: 0.7 -> 0.74
Reward update: 0.7 -> 0.3
Reward update: 0.6 -> 0.58
Reward update: 0.6 -> 0.62
Reward update: 0.6 -> 0.42
Reward update: 0.6 -> 0.54
Reward update: 0.6 -> 0.58
Reward update: 0.6 -> 0.76
Reward update: 0.6 -> 0.42
Reward update: 0.6 -> 0.42
Reward update: 0.6 -> 0.66
Reward update: 0.6 -> 0.66
Reward update: 0.5 -> 0.64
Reward update: 0.5 -> 0.38
Reward update: 0.5 -> 0.38
Reward update: 0.5 -> 0.42
Reward update: 0.5 -> 0.44
Reward update: 0.5 -> 0.48
Reward update: 0.5 -> 0.68
Reward update: 0.5 -> 0.72
Reward update: 0.5 -> 0.6
Reward update: 0.5 -> 0.62
Reward update: 0.5 -> 0.48
Reward update: 0.5 -> 0.44
Current policy count: 20
Reward update: 0.76 -> 0.68
Reward update: 0.74 -> 0.72
Reward update: 0.72 -> 0.66
Reward update: 0.72 -> 0.6
Reward update: 0.7 -> 0.56
Reward update: 0.7 -> 0.56
Reward update: 0.68 -> 0.6
Reward update: 0.66 -> 0.56
Reward update: 0.66 -> 0.64
Reward update: 0.66 -> 0.68
Reward update: 0.64 -> 0.68
Reward update: 0.64 -> 0.64
Reward update: 0.64 -> 0.66
Reward update: 0.62 -> 0.66
Reward update: 0.62 -> 0.6
Reward update: 0.62 -> 0.58
Reward update: 0.62 -> 0.7
Reward update: 0.62 -> 0.58
Reward update: 0.6 -> 0.76
Reward update: 0.6 -> 0.5
Current policy count: 10
Reward update: 0.76 -> 0.76
Reward update: 0.72 -> 0.64
Reward update: 0.7 -> 0.68
Reward update: 0.68 -> 0.7
Reward update: 0.68 -> 0.66
Reward update: 0.68 -> 0.66
Reward update: 0.66 -> 0.72
Reward update: 0.66 -> 0.64
Reward update: 0.66 -> 0.6
Reward update: 0.64 -> 0.76
Current policy count: 5
Reward update: 0.76 -> 0.7
Reward update: 0.76 -> 0.58
Reward update: 0.72 -> 0.66
Reward update: 0.7 -> 0.62
Reward update: 0.68 -> 0.64
Current policy count: 3
Reward update: 0.7 -> 0.64
Reward update: 0.66 -> 0.64
Reward update: 0.64 -> 0.76
Current policy count: 2
Reward update: 0.76 -> 0.54
Reward update: 0.64 -> 0.64
Current policy count: 1
Reward update: 0.64 -> 0.54
Final reward: 0.62
Number of nodes: 17
