Iteration 0/80
Training student with 1000 points
Train accuracy: 0.52125
Test accuracy: 0.5
Number of nodes: 23
Student reward: 0.5555555555555555
Iteration 1/80
Training student with 2000 points
Train accuracy: 0.500625
Test accuracy: 0.465
Number of nodes: 23
Student reward: 0.5555555555555555
Iteration 2/80
Training student with 3000 points
Train accuracy: 0.5154166666666666
Test accuracy: 0.4866666666666667
Number of nodes: 23
Student reward: 0.5555555555555555
Iteration 3/80
Training student with 4000 points
Train accuracy: 0.5115625
Test accuracy: 0.5175
Number of nodes: 23
Student reward: 0.5555555555555555
Iteration 4/80
Training student with 5000 points
Train accuracy: 0.52225
Test accuracy: 0.492
Number of nodes: 23
Student reward: 0.5555555555555555
Iteration 5/80
Training student with 6000 points
Train accuracy: 0.5175
Test accuracy: 0.5175
Number of nodes: 23
Student reward: 0.5555555555555555
Iteration 6/80
Training student with 7000 points
Train accuracy: 0.5146428571428572
Test accuracy: 0.5185714285714286
Number of nodes: 23
Student reward: 0.5555555555555555
Iteration 7/80
Training student with 8000 points
Train accuracy: 0.5146875
Test accuracy: 0.515625
Number of nodes: 23
Student reward: 0.5555555555555555
Iteration 8/80
Training student with 9000 points
Train accuracy: 0.5133333333333333
Test accuracy: 0.5105555555555555
Number of nodes: 23
Student reward: 0.5555555555555555
Iteration 9/80
Training student with 10000 points
Train accuracy: 0.51025
Test accuracy: 0.517
Number of nodes: 23
Student reward: 0.5555555555555555
Iteration 10/80
Training student with 11000 points
Train accuracy: 0.5167045454545455
Test accuracy: 0.4940909090909091
Number of nodes: 23
Student reward: 0.5555555555555555
Iteration 11/80
Training student with 12000 points
Train accuracy: 0.5119791666666667
Test accuracy: 0.5158333333333334
Number of nodes: 23
Student reward: 0.5555555555555555
Iteration 12/80
Training student with 13000 points
Train accuracy: 0.5176923076923077
Test accuracy: 0.49923076923076926
Number of nodes: 23
Student reward: 0.5555555555555555
Iteration 13/80
Training student with 14000 points
Train accuracy: 0.5134821428571429
Test accuracy: 0.5182142857142857
Number of nodes: 23
Student reward: 0.5555555555555555
Iteration 14/80
Training student with 15000 points
Train accuracy: 0.51525
Test accuracy: 0.5136666666666667
Number of nodes: 23
Student reward: 0.5555555555555555
Iteration 15/80
Training student with 16000 points
Train accuracy: 0.516328125
Test accuracy: 0.504375
Number of nodes: 23
Student reward: 0.5555555555555555
Iteration 16/80
Training student with 17000 points
Train accuracy: 0.5131617647058824
Test accuracy: 0.5155882352941177
Number of nodes: 23
Student reward: 0.5555555555555555
Iteration 17/80
Training student with 18000 points
Train accuracy: 0.5140972222222222
Test accuracy: 0.5147222222222222
Number of nodes: 23
Student reward: 0.5555555555555555
Iteration 18/80
Training student with 19000 points
Train accuracy: 0.5169078947368421
Test accuracy: 0.508421052631579
Number of nodes: 23
Student reward: 0.5555555555555555
Iteration 19/80
Training student with 20000 points
Train accuracy: 0.514375
Test accuracy: 0.52425
Number of nodes: 23
Student reward: 0.5555555555555555
Iteration 20/80
Training student with 21000 points
Train accuracy: 0.5208333333333334
Test accuracy: 0.5076190476190476
Number of nodes: 23
Student reward: 0.5555555555555555
Iteration 21/80
Training student with 22000 points
Train accuracy: 0.5165909090909091
Test accuracy: 0.5263636363636364
Number of nodes: 23
Student reward: 0.5555555555555555
Iteration 22/80
Training student with 23000 points
Train accuracy: 0.5172826086956521
Test accuracy: 0.5180434782608696
Number of nodes: 23
Student reward: 0.5555555555555555
Iteration 23/80
Training student with 24000 points
Train accuracy: 0.5174479166666667
Test accuracy: 0.5158333333333334
Number of nodes: 23
Student reward: 0.5555555555555555
Iteration 24/80
Training student with 25000 points
Train accuracy: 0.52225
Test accuracy: 0.5042
Number of nodes: 23
Student reward: 0.5555555555555555
Iteration 25/80
Training student with 26000 points
Train accuracy: 0.5201442307692308
Test accuracy: 0.5130769230769231
Number of nodes: 23
Student reward: 0.5555555555555555
Iteration 26/80
Training student with 27000 points
Train accuracy: 0.5188888888888888
Test accuracy: 0.5114814814814815
Number of nodes: 23
Student reward: 0.5555555555555555
Iteration 27/80
Training student with 28000 points
Train accuracy: 0.5212946428571429
Test accuracy: 0.5026785714285714
Number of nodes: 23
Student reward: 0.5555555555555555
Iteration 28/80
Training student with 29000 points
Train accuracy: 0.5207758620689655
Test accuracy: 0.5091379310344828
Number of nodes: 23
Student reward: 0.5555555555555555
Iteration 29/80
Training student with 30000 points
Train accuracy: 0.5185833333333333
Test accuracy: 0.5245
Number of nodes: 23
Student reward: 0.5555555555555555
Iteration 30/80
Training student with 31000 points
Train accuracy: 0.5196370967741936
Test accuracy: 0.5211290322580645
Number of nodes: 23
Student reward: 0.5555555555555555
Iteration 31/80
Training student with 32000 points
Train accuracy: 0.5193359375
Test accuracy: 0.5225
Number of nodes: 23
Student reward: 0.5555555555555555
Iteration 32/80
Training student with 33000 points
Train accuracy: 0.5180681818181818
Test accuracy: 0.5268181818181819
Number of nodes: 23
Student reward: 0.5555555555555555
Iteration 33/80
Training student with 34000 points
Train accuracy: 0.5204411764705882
Test accuracy: 0.5164705882352941
Number of nodes: 23
Student reward: 0.5555555555555555
Iteration 34/80
Training student with 35000 points
Train accuracy: 0.5190714285714285
Test accuracy: 0.5224285714285715
Number of nodes: 23
Student reward: 0.5555555555555555
Iteration 35/80
Training student with 36000 points
Train accuracy: 0.5206944444444445
Test accuracy: 0.5122222222222222
Number of nodes: 23
Student reward: 0.5555555555555555
Iteration 36/80
Training student with 37000 points
Train accuracy: 0.518581081081081
Test accuracy: 0.5194594594594595
Number of nodes: 23
Student reward: 0.5555555555555555
Iteration 37/80
Training student with 38000 points
Train accuracy: 0.5206907894736842
Test accuracy: 0.5111842105263158
Number of nodes: 23
Student reward: 0.5555555555555555
Iteration 38/80
Training student with 39000 points
Train accuracy: 0.5208653846153846
Test accuracy: 0.5094871794871795
Number of nodes: 23
Student reward: 0.5555555555555555
Iteration 39/80
Training student with 40000 points
Train accuracy: 0.51834375
Test accuracy: 0.51825
Number of nodes: 23
Student reward: 0.5555555555555555
Iteration 40/80
Training student with 41000 points
Train accuracy: 0.5197560975609756
Test accuracy: 0.5104878048780488
Number of nodes: 23
Student reward: 0.5555555555555555
Iteration 41/80
Training student with 42000 points
Train accuracy: 0.517172619047619
Test accuracy: 0.5201190476190476
Number of nodes: 23
Student reward: 0.5555555555555555
Iteration 42/80
Training student with 43000 points
Train accuracy: 0.5176744186046511
Test accuracy: 0.515
Number of nodes: 23
Student reward: 0.5555555555555555
Iteration 43/80
Training student with 44000 points
Train accuracy: 0.5164488636363637
Test accuracy: 0.5177272727272727
Number of nodes: 23
Student reward: 0.5555555555555555
Iteration 44/80
Training student with 45000 points
Train accuracy: 0.516
Test accuracy: 0.518
Number of nodes: 23
Student reward: 0.5555555555555555
Iteration 45/80
Training student with 46000 points
Train accuracy: 0.5180978260869565
Test accuracy: 0.5130434782608696
Number of nodes: 23
Student reward: 0.5555555555555555
Iteration 46/80
Training student with 47000 points
Train accuracy: 0.5198936170212766
Test accuracy: 0.5057446808510638
Number of nodes: 23
Student reward: 0.5555555555555555
Iteration 47/80
Training student with 48000 points
Train accuracy: 0.515390625
Test accuracy: 0.5241666666666667
Number of nodes: 23
Student reward: 0.5555555555555555
Iteration 48/80
Training student with 49000 points
Train accuracy: 0.5159438775510204
Test accuracy: 0.5220408163265307
Number of nodes: 23
Student reward: 0.5555555555555555
Iteration 49/80
Training student with 50000 points
Train accuracy: 0.516275
Test accuracy: 0.5217
Number of nodes: 23
Student reward: 0.5555555555555555
Iteration 50/80
Training student with 51000 points
Train accuracy: 0.5173039215686275
Test accuracy: 0.5165686274509804
Number of nodes: 23
Student reward: 0.5555555555555555
Iteration 51/80
Training student with 52000 points
Train accuracy: 0.5143269230769231
Test accuracy: 0.5276923076923077
Number of nodes: 23
Student reward: 0.5555555555555555
Iteration 52/80
Training student with 53000 points
Train accuracy: 0.5158018867924529
Test accuracy: 0.5218867924528302
Number of nodes: 23
Student reward: 0.5555555555555555
Iteration 53/80
Training student with 54000 points
Train accuracy: 0.5162962962962963
Test accuracy: 0.519537037037037
Number of nodes: 23
Student reward: 0.5555555555555555
Iteration 54/80
Training student with 55000 points
Train accuracy: 0.514090909090909
Test accuracy: 0.527090909090909
Number of nodes: 23
Student reward: 0.5555555555555555
Iteration 55/80
Training student with 56000 points
Train accuracy: 0.5164732142857142
Test accuracy: 0.5184821428571429
Number of nodes: 23
Student reward: 0.5555555555555555
Iteration 56/80
Training student with 57000 points
Train accuracy: 0.5165570175438596
Test accuracy: 0.5193859649122807
Number of nodes: 23
Student reward: 0.5555555555555555
Iteration 57/80
Training student with 58000 points
Train accuracy: 0.5182543103448276
Test accuracy: 0.5129310344827587
Number of nodes: 23
Student reward: 0.5555555555555555
Iteration 58/80
Training student with 59000 points
Train accuracy: 0.5181991525423729
Test accuracy: 0.5140677966101694
Number of nodes: 23
Student reward: 0.5555555555555555
Iteration 59/80
Training student with 60000 points
Train accuracy: 0.5169791666666667
Test accuracy: 0.518
Number of nodes: 23
Student reward: 0.5555555555555555
Iteration 60/80
Training student with 61000 points
Train accuracy: 0.5180122950819672
Test accuracy: 0.5144262295081967
Number of nodes: 23
Student reward: 0.5555555555555555
Iteration 61/80
Training student with 62000 points
Train accuracy: 0.5164314516129033
Test accuracy: 0.5203225806451612
Number of nodes: 23
Student reward: 0.5555555555555555
Iteration 62/80
Training student with 63000 points
Train accuracy: 0.5181349206349206
Test accuracy: 0.5138095238095238
Number of nodes: 23
Student reward: 0.5555555555555555
Iteration 63/80
Training student with 64000 points
Train accuracy: 0.5167578125
Test accuracy: 0.519296875
Number of nodes: 23
Student reward: 0.5555555555555555
Iteration 64/80
Training student with 65000 points
Train accuracy: 0.5179807692307692
Test accuracy: 0.5157692307692308
Number of nodes: 23
Student reward: 0.5555555555555555
Iteration 65/80
Training student with 66000 points
Train accuracy: 0.5157575757575757
Test accuracy: 0.5246969696969697
Number of nodes: 23
Student reward: 0.5555555555555555
Iteration 66/80
Training student with 67000 points
Train accuracy: 0.5173880597014925
Test accuracy: 0.5173134328358209
Number of nodes: 23
Student reward: 0.5555555555555555
Iteration 67/80
Training student with 68000 points
Train accuracy: 0.5189889705882353
Test accuracy: 0.5103676470588235
Number of nodes: 23
Student reward: 0.5555555555555555
Iteration 68/80
Training student with 69000 points
Train accuracy: 0.5153079710144928
Test accuracy: 0.524927536231884
Number of nodes: 23
Student reward: 0.5555555555555555
Iteration 69/80
Training student with 70000 points
Train accuracy: 0.5166428571428572
Test accuracy: 0.5195
Number of nodes: 23
Student reward: 0.5555555555555555
Iteration 70/80
Training student with 71000 points
Train accuracy: 0.5172711267605634
Test accuracy: 0.5154225352112676
Number of nodes: 23
Student reward: 0.5555555555555555
Iteration 71/80
Training student with 72000 points
Train accuracy: 0.5162152777777778
Test accuracy: 0.5209722222222222
Number of nodes: 23
Student reward: 0.5555555555555555
Iteration 72/80
Training student with 73000 points
Train accuracy: 0.5159931506849315
Test accuracy: 0.5216438356164383
Number of nodes: 23
Student reward: 0.5555555555555555
Iteration 73/80
Training student with 74000 points
Train accuracy: 0.5170945945945946
Test accuracy: 0.5189864864864865
Number of nodes: 23
Student reward: 0.5555555555555555
Iteration 74/80
Training student with 75000 points
Train accuracy: 0.5154333333333333
Test accuracy: 0.5248
Number of nodes: 23
Student reward: 0.5555555555555555
Iteration 75/80
Training student with 76000 points
Train accuracy: 0.5175822368421052
Test accuracy: 0.5180921052631579
Number of nodes: 23
Student reward: 0.5555555555555555
Iteration 76/80
Training student with 77000 points
Train accuracy: 0.5172727272727272
Test accuracy: 0.5197402597402597
Number of nodes: 23
Student reward: 0.5555555555555555
Iteration 77/80
Training student with 78000 points
Train accuracy: 0.5167628205128205
Test accuracy: 0.5226923076923077
Number of nodes: 23
Student reward: 0.5555555555555555
Iteration 78/80
Training student with 79000 points
Train accuracy: 0.5174367088607595
Test accuracy: 0.5206329113924051
Number of nodes: 23
Student reward: 0.5555555555555555
Iteration 79/80
Training student with 80000 points
Train accuracy: 0.5173125
Test accuracy: 0.519875
Number of nodes: 23
Student reward: 0.5555555555555555
Initial policy count: 80
Current policy count: 40
Reward update: 0.5555555555555555 -> 0.5555555555555561
Reward update: 0.5555555555555555 -> 0.5555555555555561
Reward update: 0.5555555555555555 -> 0.5555555555555561
Reward update: 0.5555555555555555 -> 0.5555555555555561
Reward update: 0.5555555555555555 -> 0.5555555555555561
Reward update: 0.5555555555555555 -> 0.5555555555555561
Reward update: 0.5555555555555555 -> 0.5555555555555561
Reward update: 0.5555555555555555 -> 0.5555555555555561
Reward update: 0.5555555555555555 -> 0.5555555555555561
Reward update: 0.5555555555555555 -> 0.5555555555555561
Reward update: 0.5555555555555555 -> 0.5555555555555561
Reward update: 0.5555555555555555 -> 0.5555555555555561
Reward update: 0.5555555555555555 -> 0.5555555555555561
Reward update: 0.5555555555555555 -> 0.5555555555555561
Reward update: 0.5555555555555555 -> 0.5555555555555561
Reward update: 0.5555555555555555 -> 0.5555555555555561
Reward update: 0.5555555555555555 -> 0.5555555555555561
Reward update: 0.5555555555555555 -> 0.5555555555555561
Reward update: 0.5555555555555555 -> 0.5555555555555561
Reward update: 0.5555555555555555 -> 0.5555555555555561
Reward update: 0.5555555555555555 -> 0.5555555555555561
Reward update: 0.5555555555555555 -> 0.5555555555555561
Reward update: 0.5555555555555555 -> 0.5555555555555561
Reward update: 0.5555555555555555 -> 0.5555555555555561
Reward update: 0.5555555555555555 -> 0.5555555555555561
Reward update: 0.5555555555555555 -> 0.5555555555555561
Reward update: 0.5555555555555555 -> 0.5555555555555561
Reward update: 0.5555555555555555 -> 0.5555555555555561
Reward update: 0.5555555555555555 -> 0.5555555555555561
Reward update: 0.5555555555555555 -> 0.5555555555555561
Reward update: 0.5555555555555555 -> 0.5555555555555561
Reward update: 0.5555555555555555 -> 0.5555555555555561
Reward update: 0.5555555555555555 -> 0.5555555555555561
Reward update: 0.5555555555555555 -> 0.5555555555555561
Reward update: 0.5555555555555555 -> 0.5555555555555561
Reward update: 0.5555555555555555 -> 0.5555555555555561
Reward update: 0.5555555555555555 -> 0.5555555555555561
Reward update: 0.5555555555555555 -> 0.5555555555555561
Reward update: 0.5555555555555555 -> 0.5555555555555561
Reward update: 0.5555555555555555 -> 0.5555555555555561
Current policy count: 20
Reward update: 0.5555555555555561 -> 0.5555555555555561
Reward update: 0.5555555555555561 -> 0.5555555555555561
Reward update: 0.5555555555555561 -> 0.5555555555555561
Reward update: 0.5555555555555561 -> 0.5555555555555561
Reward update: 0.5555555555555561 -> 0.5555555555555561
Reward update: 0.5555555555555561 -> 0.5555555555555561
Reward update: 0.5555555555555561 -> 0.5555555555555561
Reward update: 0.5555555555555561 -> 0.5555555555555561
Reward update: 0.5555555555555561 -> 0.5555555555555561
Reward update: 0.5555555555555561 -> 0.5555555555555561
Reward update: 0.5555555555555561 -> 0.5555555555555561
Reward update: 0.5555555555555561 -> 0.5555555555555561
Reward update: 0.5555555555555561 -> 0.5555555555555561
Reward update: 0.5555555555555561 -> 0.5555555555555561
Reward update: 0.5555555555555561 -> 0.5555555555555561
Reward update: 0.5555555555555561 -> 0.5555555555555561
Reward update: 0.5555555555555561 -> 0.5555555555555561
Reward update: 0.5555555555555561 -> 0.5555555555555561
Reward update: 0.5555555555555561 -> 0.5555555555555561
Reward update: 0.5555555555555561 -> 0.5555555555555561
Current policy count: 10
Reward update: 0.5555555555555561 -> 0.5555555555555561
Reward update: 0.5555555555555561 -> 0.5555555555555561
Reward update: 0.5555555555555561 -> 0.5555555555555561
Reward update: 0.5555555555555561 -> 0.5555555555555561
Reward update: 0.5555555555555561 -> 0.5555555555555561
Reward update: 0.5555555555555561 -> 0.5555555555555561
Reward update: 0.5555555555555561 -> 0.5555555555555561
Reward update: 0.5555555555555561 -> 0.5555555555555561
Reward update: 0.5555555555555561 -> 0.5555555555555561
Reward update: 0.5555555555555561 -> 0.5555555555555561
Current policy count: 5
Reward update: 0.5555555555555561 -> 0.5555555555555561
Reward update: 0.5555555555555561 -> 0.5555555555555561
Reward update: 0.5555555555555561 -> 0.5555555555555561
Reward update: 0.5555555555555561 -> 0.5555555555555561
Reward update: 0.5555555555555561 -> 0.5555555555555561
Current policy count: 3
Reward update: 0.5555555555555561 -> 0.5555555555555561
Reward update: 0.5555555555555561 -> 0.5555555555555561
Reward update: 0.5555555555555561 -> 0.5555555555555561
Current policy count: 2
Reward update: 0.5555555555555561 -> 0.5555555555555561
Reward update: 0.5555555555555561 -> 0.5555555555555561
Current policy count: 1
Reward update: 0.5555555555555561 -> 0.5555555555555561
Final reward: 0.5555555555555561
Number of nodes: 23
