Iteration 0/80
Training student with 653 points
Train accuracy: 0.5191570881226054
Test accuracy: 0.5419847328244275
Number of nodes: 5
Student reward: 2.0
Iteration 1/80
Training student with 1165 points
Train accuracy: 0.44742489270386265
Test accuracy: 0.4592274678111588
Number of nodes: 5
Student reward: 3.4
Iteration 2/80
Training student with 1744 points
Train accuracy: 0.5870967741935483
Test accuracy: 0.6103151862464183
Number of nodes: 5
Student reward: 0.7
Iteration 3/80
Training student with 2161 points
Train accuracy: 0.5619212962962963
Test accuracy: 0.5750577367205543
Number of nodes: 5
Student reward: 2.6
Iteration 4/80
Training student with 2718 points
Train accuracy: 0.5275988960441582
Test accuracy: 0.5036764705882353
Number of nodes: 5
Student reward: 0.8
Iteration 5/80
Training student with 3105 points
Train accuracy: 0.53341384863124
Test accuracy: 0.5120772946859904
Number of nodes: 5
Student reward: 2.2
Iteration 6/80
Training student with 3644 points
Train accuracy: 0.5173241852487136
Test accuracy: 0.522633744855967
Number of nodes: 5
Student reward: 2.4
Iteration 7/80
Training student with 4181 points
Train accuracy: 0.5176435406698564
Test accuracy: 0.5268817204301075
Number of nodes: 5
Student reward: 2.8
Iteration 8/80
Training student with 4744 points
Train accuracy: 0.4980237154150198
Test accuracy: 0.5163329820864068
Number of nodes: 5
Student reward: 2.0
Iteration 9/80
Training student with 5225 points
Train accuracy: 0.48325358851674644
Test accuracy: 0.46124401913875596
Number of nodes: 5
Student reward: 2.4
Iteration 10/80
Training student with 5732 points
Train accuracy: 0.4706652126499455
Test accuracy: 0.4638186573670445
Number of nodes: 5
Student reward: 2.2
Iteration 11/80
Training student with 6268 points
Train accuracy: 0.4736737136019146
Test accuracy: 0.4688995215311005
Number of nodes: 5
Student reward: 2.4
Iteration 12/80
Training student with 6748 points
Train accuracy: 0.4716561689514635
Test accuracy: 0.45555555555555555
Number of nodes: 5
Student reward: 1.9
Iteration 13/80
Training student with 7215 points
Train accuracy: 0.4630977130977131
Test accuracy: 0.4352044352044352
Number of nodes: 5
Student reward: 2.5
Iteration 14/80
Training student with 7745 points
Train accuracy: 0.4632020658489348
Test accuracy: 0.44415752098127825
Number of nodes: 5
Student reward: 2.6
Iteration 15/80
Training student with 8308 points
Train accuracy: 0.48374962383388503
Test accuracy: 0.4891696750902527
Number of nodes: 5
Student reward: 0.8
Iteration 16/80
Training student with 8726 points
Train accuracy: 0.4862464183381089
Test accuracy: 0.49026345933562426
Number of nodes: 5
Student reward: 1.8
Iteration 17/80
Training student with 9181 points
Train accuracy: 0.47576252723311546
Test accuracy: 0.4665215024496462
Number of nodes: 5
Student reward: 2.6
Iteration 18/80
Training student with 9725 points
Train accuracy: 0.46889460154241647
Test accuracy: 0.49562982005141387
Number of nodes: 5
Student reward: 3.0
Iteration 19/80
Training student with 10297 points
Train accuracy: 0.4717737040184533
Test accuracy: 0.4538834951456311
Number of nodes: 5
Student reward: 0.6
Iteration 20/80
Training student with 10712 points
Train accuracy: 0.4628311354883884
Test accuracy: 0.4713019132057863
Number of nodes: 5
Student reward: 1.9
Iteration 21/80
Training student with 11169 points
Train accuracy: 0.4800223838836038
Test accuracy: 0.4722470904207699
Number of nodes: 5
Student reward: 3.2
Iteration 22/80
Training student with 11719 points
Train accuracy: 0.46282666666666666
Test accuracy: 0.48464163822525597
Number of nodes: 5
Student reward: 2.4
Iteration 23/80
Training student with 12204 points
Train accuracy: 0.46522585270920824
Test accuracy: 0.4502253174928308
Number of nodes: 5
Student reward: 2.7
Iteration 24/80
Training student with 12740 points
Train accuracy: 0.4764521193092622
Test accuracy: 0.489403453689168
Number of nodes: 5
Student reward: 2.4
Iteration 25/80
Training student with 13235 points
Train accuracy: 0.46099357763505855
Test accuracy: 0.47827729505100114
Number of nodes: 5
Student reward: 0.5
Iteration 26/80
Training student with 13644 points
Train accuracy: 0.4721026110856619
Test accuracy: 0.4628068889703188
Number of nodes: 5
Student reward: 2.3
Iteration 27/80
Training student with 14168 points
Train accuracy: 0.4699135344979707
Test accuracy: 0.46506704304869445
Number of nodes: 5
Student reward: 2.6
Iteration 28/80
Training student with 14680 points
Train accuracy: 0.46917574931880107
Test accuracy: 0.46287465940054495
Number of nodes: 5
Student reward: 3.0
Iteration 29/80
Training student with 15248 points
Train accuracy: 0.4588457124118708
Test accuracy: 0.44098360655737706
Number of nodes: 5
Student reward: 1.9
Iteration 30/80
Training student with 15770 points
Train accuracy: 0.4741597970830691
Test accuracy: 0.48161065313887125
Number of nodes: 5
Student reward: 2.5
Iteration 31/80
Training student with 16274 points
Train accuracy: 0.46693294415853753
Test accuracy: 0.47588325652841784
Number of nodes: 5
Student reward: 0.5
Iteration 32/80
Training student with 16672 points
Train accuracy: 0.471020469370923
Test accuracy: 0.47856071964017993
Number of nodes: 5
Student reward: 2.6
Iteration 33/80
Training student with 17188 points
Train accuracy: 0.47185454545454547
Test accuracy: 0.4802210587550902
Number of nodes: 5
Student reward: 2.5
Iteration 34/80
Training student with 17682 points
Train accuracy: 0.4694945210321668
Test accuracy: 0.48430873621713316
Number of nodes: 5
Student reward: 2.2
Iteration 35/80
Training student with 18175 points
Train accuracy: 0.4642365887207703
Test accuracy: 0.4687757909215956
Number of nodes: 5
Student reward: 2.4
Iteration 36/80
Training student with 18677 points
Train accuracy: 0.4689110501305134
Test accuracy: 0.4611884368308351
Number of nodes: 5
Student reward: 2.3
Iteration 37/80
Training student with 19190 points
Train accuracy: 0.45850703491401773
Test accuracy: 0.46951537258989057
Number of nodes: 5
Student reward: 2.0
Iteration 38/80
Training student with 19698 points
Train accuracy: 0.46833354486609974
Test accuracy: 0.46903553299492384
Number of nodes: 5
Student reward: 2.7
Iteration 39/80
Training student with 20227 points
Train accuracy: 0.47240590816389594
Test accuracy: 0.4495798319327731
Number of nodes: 5
Student reward: 0.9
Iteration 40/80
Training student with 20613 points
Train accuracy: 0.4687689508793208
Test accuracy: 0.4853262187727383
Number of nodes: 5
Student reward: 2.0
Iteration 41/80
Training student with 21106 points
Train accuracy: 0.46541104003790573
Test accuracy: 0.4834201800094742
Number of nodes: 5
Student reward: 2.0
Iteration 42/80
Training student with 21573 points
Train accuracy: 0.4768802874029436
Test accuracy: 0.4681344148319815
Number of nodes: 5
Student reward: 2.0
Iteration 43/80
Training student with 22064 points
Train accuracy: 0.4624667157668121
Test accuracy: 0.4627237706775436
Number of nodes: 5
Student reward: 3.0
Iteration 44/80
Training student with 22630 points
Train accuracy: 0.4595669465311533
Test accuracy: 0.4427750773309766
Number of nodes: 5
Student reward: 2.1
Iteration 45/80
Training student with 23131 points
Train accuracy: 0.45503674881106787
Test accuracy: 0.4523449319213313
Number of nodes: 5
Student reward: 2.8
Iteration 46/80
Training student with 23674 points
Train accuracy: 0.46216801309467237
Test accuracy: 0.4500527983104541
Number of nodes: 5
Student reward: 3.3
Iteration 47/80
Training student with 24217 points
Train accuracy: 0.45744076807928563
Test accuracy: 0.4589182493806771
Number of nodes: 5
Student reward: 3.0
Iteration 48/80
Training student with 24729 points
Train accuracy: 0.46236667846130514
Test accuracy: 0.4555196118075212
Number of nodes: 5
Student reward: 2.3
Iteration 49/80
Training student with 25260 points
Train accuracy: 0.45674980205859067
Test accuracy: 0.43665874901029295
Number of nodes: 5
Student reward: 3.2
Iteration 50/80
Training student with 25802 points
Train accuracy: 0.46034591347318443
Test accuracy: 0.45010656849447783
Number of nodes: 5
Student reward: 2.9
Iteration 51/80
Training student with 26385 points
Train accuracy: 0.4712431305666098
Test accuracy: 0.4585938980481334
Number of nodes: 5
Student reward: 1.1
Iteration 52/80
Training student with 26824 points
Train accuracy: 0.4575702502446526
Test accuracy: 0.4641192917054986
Number of nodes: 5
Student reward: 0.5
Iteration 53/80
Training student with 27225 points
Train accuracy: 0.46414141414141413
Test accuracy: 0.4662993572084481
Number of nodes: 5
Student reward: 2.1
Iteration 54/80
Training student with 27721 points
Train accuracy: 0.4604978354978355
Test accuracy: 0.45554553651938684
Number of nodes: 5
Student reward: 2.6
Iteration 55/80
Training student with 28223 points
Train accuracy: 0.4587208787315086
Test accuracy: 0.46147032772364927
Number of nodes: 5
Student reward: 3.2
Iteration 56/80
Training student with 28800 points
Train accuracy: 0.459375
Test accuracy: 0.46197916666666666
Number of nodes: 5
Student reward: 1.0
Iteration 57/80
Training student with 29224 points
Train accuracy: 0.4558792078360922
Test accuracy: 0.4453378956372968
Number of nodes: 5
Student reward: 3.2
Iteration 58/80
Training student with 29747 points
Train accuracy: 0.4585451947724503
Test accuracy: 0.45831932773109246
Number of nodes: 5
Student reward: 3.6
Iteration 59/80
Training student with 30369 points
Train accuracy: 0.46840913768265074
Test accuracy: 0.4721764899571946
Number of nodes: 5
Student reward: 2.8
Iteration 60/80
Training student with 30900 points
Train accuracy: 0.4602750809061489
Test accuracy: 0.4634304207119741
Number of nodes: 5
Student reward: 2.6
Iteration 61/80
Training student with 31449 points
Train accuracy: 0.46472435311419374
Test accuracy: 0.4756756756756757
Number of nodes: 5
Student reward: 2.4
Iteration 62/80
Training student with 31971 points
Train accuracy: 0.4603143572098843
Test accuracy: 0.46364347146207974
Number of nodes: 5
Student reward: 1.0
Iteration 63/80
Training student with 32389 points
Train accuracy: 0.465014858554282
Test accuracy: 0.4627971596171658
Number of nodes: 5
Student reward: 2.5
Iteration 64/80
Training student with 32902 points
Train accuracy: 0.4624444360016717
Test accuracy: 0.4681659322291445
Number of nodes: 5
Student reward: 2.6
Iteration 65/80
Training student with 33399 points
Train accuracy: 0.4586623750888881
Test accuracy: 0.4568862275449102
Number of nodes: 5
Student reward: 1.0
Iteration 66/80
Training student with 33838 points
Train accuracy: 0.46209826376062063
Test accuracy: 0.46187943262411346
Number of nodes: 5
Student reward: 2.4
Iteration 67/80
Training student with 34356 points
Train accuracy: 0.4589215543588997
Test accuracy: 0.4679860302677532
Number of nodes: 5
Student reward: 2.4
Iteration 68/80
Training student with 34863 points
Train accuracy: 0.4564359985657942
Test accuracy: 0.4589129499498064
Number of nodes: 5
Student reward: 2.7
Iteration 69/80
Training student with 35398 points
Train accuracy: 0.45511688678578993
Test accuracy: 0.44717514124293783
Number of nodes: 5
Student reward: 2.6
Iteration 70/80
Training student with 35893 points
Train accuracy: 0.46134289893431774
Test accuracy: 0.45883827831174256
Number of nodes: 5
Student reward: 3.1
Iteration 71/80
Training student with 36507 points
Train accuracy: 0.4638589282657079
Test accuracy: 0.45028759244042726
Number of nodes: 5
Student reward: 2.4
Iteration 72/80
Training student with 37018 points
Train accuracy: 0.46015398122509626
Test accuracy: 0.45623987034035657
Number of nodes: 5
Student reward: 2.0
Iteration 73/80
Training student with 37498 points
Train accuracy: 0.4617307820521368
Test accuracy: 0.4497333333333333
Number of nodes: 5
Student reward: 2.4
Iteration 74/80
Training student with 37991 points
Train accuracy: 0.463345617267702
Test accuracy: 0.4609817081194894
Number of nodes: 5
Student reward: 2.4
Iteration 75/80
Training student with 38473 points
Train accuracy: 0.45467541750601076
Test accuracy: 0.4575698505523067
Number of nodes: 5
Student reward: 2.9
Iteration 76/80
Training student with 39009 points
Train accuracy: 0.45569904188162913
Test accuracy: 0.4559087413483722
Number of nodes: 5
Student reward: 1.0
Iteration 77/80
Training student with 39453 points
Train accuracy: 0.45865281034155
Test accuracy: 0.45748320871879355
Number of nodes: 5
Student reward: 2.7
Iteration 78/80
Training student with 39975 points
Train accuracy: 0.4578173858661663
Test accuracy: 0.46141338336460286
Number of nodes: 5
Student reward: 3.5
Iteration 79/80
Training student with 40609 points
Train accuracy: 0.465663188352264
Test accuracy: 0.4688500369367151
Number of nodes: 5
Student reward: 2.5
Initial policy count: 80
Current policy count: 40
Reward update: 3.6 -> 3.5
Reward update: 3.5 -> 3.46
Reward update: 3.4 -> 2.86
Reward update: 3.3 -> 2.44
Reward update: 3.2 -> 2.4
Reward update: 3.2 -> 2.5
Reward update: 3.2 -> 2.8
Reward update: 3.2 -> 2.4
Reward update: 3.1 -> 2.72
Reward update: 3.0 -> 2.44
Reward update: 3.0 -> 2.6
Reward update: 3.0 -> 2.5
Reward update: 3.0 -> 2.62
Reward update: 2.9 -> 3.22
Reward update: 2.9 -> 2.34
Reward update: 2.8 -> 2.8
Reward update: 2.8 -> 2.54
Reward update: 2.8 -> 2.52
Reward update: 2.7 -> 2.78
Reward update: 2.7 -> 2.7
Reward update: 2.7 -> 2.24
Reward update: 2.7 -> 2.56
Reward update: 2.6 -> 2.64
Reward update: 2.6 -> 3.44
Reward update: 2.6 -> 2.5
Reward update: 2.6 -> 2.54
Reward update: 2.6 -> 2.66
Reward update: 2.6 -> 2.28
Reward update: 2.6 -> 2.44
Reward update: 2.6 -> 2.54
Reward update: 2.6 -> 2.56
Reward update: 2.5 -> 2.8
Reward update: 2.5 -> 2.36
Reward update: 2.5 -> 2.06
Reward update: 2.5 -> 2.4
Reward update: 2.5 -> 2.28
Reward update: 2.4 -> 2.28
Reward update: 2.4 -> 2.8
Reward update: 2.4 -> 2.56
Reward update: 2.4 -> 2.4
Current policy count: 20
Reward update: 3.5 -> 3.08
Reward update: 3.46 -> 3.48
Reward update: 3.44 -> 3.1
Reward update: 3.22 -> 3.34
Reward update: 2.86 -> 3.32
Reward update: 2.8 -> 2.18
Reward update: 2.8 -> 2.4
Reward update: 2.8 -> 2.42
Reward update: 2.8 -> 2.46
Reward update: 2.78 -> 3.06
Reward update: 2.72 -> 2.88
Reward update: 2.7 -> 2.72
Reward update: 2.66 -> 2.52
Reward update: 2.64 -> 2.64
Reward update: 2.62 -> 2.22
Reward update: 2.6 -> 2.4
Reward update: 2.56 -> 2.62
Reward update: 2.56 -> 2.34
Reward update: 2.56 -> 2.62
Reward update: 2.54 -> 2.62
Current policy count: 10
Reward update: 3.48 -> 3.26
Reward update: 3.34 -> 3.34
Reward update: 3.32 -> 3.42
Reward update: 3.1 -> 2.88
Reward update: 3.08 -> 3.0
Reward update: 3.06 -> 3.14
Reward update: 2.88 -> 3.24
Reward update: 2.72 -> 2.74
Reward update: 2.64 -> 2.5
Reward update: 2.62 -> 2.42
Current policy count: 5
Reward update: 3.42 -> 3.08
Reward update: 3.34 -> 3.04
Reward update: 3.26 -> 3.42
Reward update: 3.24 -> 3.76
Reward update: 3.14 -> 2.86
Current policy count: 3
Reward update: 3.76 -> 3.2
Reward update: 3.42 -> 3.1
Reward update: 3.08 -> 3.46
Current policy count: 2
Reward update: 3.46 -> 2.9
Reward update: 3.2 -> 3.08
Current policy count: 1
Reward update: 3.08 -> 3.08
Final reward: 3.22
Number of nodes: 5
