Iteration 0/80
Training student with 154 points
Train accuracy: 0.7154471544715447
Test accuracy: 0.5483870967741935
Number of nodes: 15
Student reward: 0.3454545454545454
Iteration 1/80
Training student with 1063 points
Train accuracy: 0.3905882352941176
Test accuracy: 0.4131455399061033
Number of nodes: 17
Student reward: 0.21818181818181817
Iteration 2/80
Training student with 2063 points
Train accuracy: 0.3987878787878788
Test accuracy: 0.4067796610169492
Number of nodes: 19
Student reward: 0.3545454545454545
Iteration 3/80
Training student with 2881 points
Train accuracy: 0.3819444444444444
Test accuracy: 0.3847487001733102
Number of nodes: 21
Student reward: 0.2727272727272727
Iteration 4/80
Training student with 3881 points
Train accuracy: 0.38273195876288657
Test accuracy: 0.3642213642213642
Number of nodes: 21
Student reward: 0.3181818181818181
Iteration 5/80
Training student with 4790 points
Train accuracy: 0.3496868475991649
Test accuracy: 0.3496868475991649
Number of nodes: 23
Student reward: 0.0
Iteration 6/80
Training student with 5790 points
Train accuracy: 0.33117443868739205
Test accuracy: 0.344559585492228
Number of nodes: 21
Student reward: 0.28181818181818186
Iteration 7/80
Training student with 6699 points
Train accuracy: 0.32394103377495803
Test accuracy: 0.30522388059701494
Number of nodes: 21
Student reward: 0.309090909090909
Iteration 8/80
Training student with 7608 points
Train accuracy: 0.37249424909628653
Test accuracy: 0.3731931668856767
Number of nodes: 23
Student reward: 0.3454545454545454
Iteration 9/80
Training student with 8517 points
Train accuracy: 0.34331425216497874
Test accuracy: 0.3626760563380282
Number of nodes: 21
Student reward: 0.2909090909090909
Iteration 10/80
Training student with 9517 points
Train accuracy: 0.33272034677525286
Test accuracy: 0.328781512605042
Number of nodes: 23
Student reward: 0.23636363636363633
Iteration 11/80
Training student with 10517 points
Train accuracy: 0.32651848329965527
Test accuracy: 0.29895437262357416
Number of nodes: 23
Student reward: 0.3090909090909091
Iteration 12/80
Training student with 11426 points
Train accuracy: 0.32866520787746173
Test accuracy: 0.3092738407699038
Number of nodes: 19
Student reward: 0.1181818181818182
Iteration 13/80
Training student with 12426 points
Train accuracy: 0.36277665995975855
Test accuracy: 0.35478680611423974
Number of nodes: 23
Student reward: 0.2727272727272727
Iteration 14/80
Training student with 13335 points
Train accuracy: 0.3456130483689539
Test accuracy: 0.344206974128234
Number of nodes: 23
Student reward: 0.2363636363636364
Iteration 15/80
Training student with 14244 points
Train accuracy: 0.3334795963141729
Test accuracy: 0.32151632151632153
Number of nodes: 23
Student reward: 0.27272727272727276
Iteration 16/80
Training student with 15062 points
Train accuracy: 0.33222674080836584
Test accuracy: 0.3226020577497511
Number of nodes: 21
Student reward: 0.31818181818181823
Iteration 17/80
Training student with 15971 points
Train accuracy: 0.3548058860363181
Test accuracy: 0.3502347417840376
Number of nodes: 23
Student reward: 0.1181818181818182
Iteration 18/80
Training student with 16971 points
Train accuracy: 0.3402327637006482
Test accuracy: 0.33696612665684833
Number of nodes: 23
Student reward: 0.20909090909090908
Iteration 19/80
Training student with 17880 points
Train accuracy: 0.3373182326621924
Test accuracy: 0.31907158836689037
Number of nodes: 21
Student reward: 0.33636363636363636
Iteration 20/80
Training student with 18789 points
Train accuracy: 0.33031734415541214
Test accuracy: 0.3030867482703566
Number of nodes: 23
Student reward: 0.2545454545454545
Iteration 21/80
Training student with 19789 points
Train accuracy: 0.32411092160950034
Test accuracy: 0.3233956543708944
Number of nodes: 21
Student reward: 0.21818181818181817
Iteration 22/80
Training student with 20789 points
Train accuracy: 0.34459743851842944
Test accuracy: 0.34463684463684463
Number of nodes: 23
Student reward: 0.21818181818181817
Iteration 23/80
Training student with 21789 points
Train accuracy: 0.338764270552464
Test accuracy: 0.33180357962368057
Number of nodes: 23
Student reward: 0.3454545454545454
Iteration 24/80
Training student with 22607 points
Train accuracy: 0.3288913464196848
Test accuracy: 0.33303847854931445
Number of nodes: 23
Student reward: 0.21818181818181817
Iteration 25/80
Training student with 23516 points
Train accuracy: 0.3264405698490325
Test accuracy: 0.319515306122449
Number of nodes: 23
Student reward: 0.11818181818181817
Iteration 26/80
Training student with 24516 points
Train accuracy: 0.3423414236181929
Test accuracy: 0.3389070146818923
Number of nodes: 23
Student reward: 0.36363636363636365
Iteration 27/80
Training student with 25516 points
Train accuracy: 0.33416617675876936
Test accuracy: 0.3364028213166144
Number of nodes: 23
Student reward: 0.24545454545454543
Iteration 28/80
Training student with 26516 points
Train accuracy: 0.33066188949651143
Test accuracy: 0.3208898944193062
Number of nodes: 21
Student reward: 0.2909090909090909
Iteration 29/80
Training student with 27516 points
Train accuracy: 0.3242776667272397
Test accuracy: 0.3250363372093023
Number of nodes: 23
Student reward: 0.2545454545454545
Iteration 30/80
Training student with 28425 points
Train accuracy: 0.3223834652594547
Test accuracy: 0.3169744942832014
Number of nodes: 21
Student reward: 0.3454545454545454
Iteration 31/80
Training student with 29243 points
Train accuracy: 0.3199965803197401
Test accuracy: 0.32227731236108736
Number of nodes: 21
Student reward: 0.19999999999999998
Iteration 32/80
Training student with 30243 points
Train accuracy: 0.331569810696867
Test accuracy: 0.3238551826748223
Number of nodes: 23
Student reward: 0.12727272727272726
Iteration 33/80
Training student with 31152 points
Train accuracy: 0.3258697484049597
Test accuracy: 0.32691381800674046
Number of nodes: 21
Student reward: 0.1727272727272727
Iteration 34/80
Training student with 32061 points
Train accuracy: 0.32267623206487833
Test accuracy: 0.31576485264306875
Number of nodes: 23
Student reward: 0.41818181818181815
Iteration 35/80
Training student with 32788 points
Train accuracy: 0.3181090354555852
Test accuracy: 0.31701738334858187
Number of nodes: 23
Student reward: 0.32727272727272727
Iteration 36/80
Training student with 33788 points
Train accuracy: 0.3182389937106918
Test accuracy: 0.3211009174311927
Number of nodes: 23
Student reward: 0.1727272727272727
Iteration 37/80
Training student with 34788 points
Train accuracy: 0.3196191160618038
Test accuracy: 0.3199195171026157
Number of nodes: 23
Student reward: 0.1
Iteration 38/80
Training student with 35788 points
Train accuracy: 0.31935033181976946
Test accuracy: 0.3161497625034926
Number of nodes: 23
Student reward: 0.2909090909090909
Iteration 39/80
Training student with 36697 points
Train accuracy: 0.31866335115985966
Test accuracy: 0.3065395095367847
Number of nodes: 23
Student reward: 0.24545454545454545
Iteration 40/80
Training student with 37606 points
Train accuracy: 0.31711208615875547
Test accuracy: 0.32172294602499335
Number of nodes: 23
Student reward: 0.47272727272727266
Iteration 41/80
Training student with 38424 points
Train accuracy: 0.3185204463385276
Test accuracy: 0.32023422251138584
Number of nodes: 21
Student reward: 0.16363636363636364
Iteration 42/80
Training student with 39424 points
Train accuracy: 0.3220140143948762
Test accuracy: 0.31274571972098925
Number of nodes: 21
Student reward: 0.2363636363636364
Iteration 43/80
Training student with 40424 points
Train accuracy: 0.32134574352948453
Test accuracy: 0.3214594928880643
Number of nodes: 21
Student reward: 0.16363636363636364
Iteration 44/80
Training student with 41424 points
Train accuracy: 0.3326292284015812
Test accuracy: 0.32782136391068195
Number of nodes: 23
Student reward: 0.34545454545454546
Iteration 45/80
Training student with 42333 points
Train accuracy: 0.3271717947203685
Test accuracy: 0.3284516357623716
Number of nodes: 23
Student reward: 0.5545454545454545
Iteration 46/80
Training student with 42969 points
Train accuracy: 0.3257018181818182
Test accuracy: 0.32243425645799395
Number of nodes: 21
Student reward: 0.2363636363636364
Iteration 47/80
Training student with 43969 points
Train accuracy: 0.3216773276474769
Test accuracy: 0.3273823061178076
Number of nodes: 23
Student reward: 0.15454545454545454
Iteration 48/80
Training student with 44878 points
Train accuracy: 0.32287894824800845
Test accuracy: 0.3201871657754011
Number of nodes: 23
Student reward: 0.3999999999999999
Iteration 49/80
Training student with 45787 points
Train accuracy: 0.32430587785634335
Test accuracy: 0.3237606464293514
Number of nodes: 23
Student reward: 0.2909090909090909
Iteration 50/80
Training student with 46696 points
Train accuracy: 0.3249009529928258
Test accuracy: 0.3182012847965739
Number of nodes: 21
Student reward: 0.2545454545454545
Iteration 51/80
Training student with 47696 points
Train accuracy: 0.32416920012579936
Test accuracy: 0.3289308176100629
Number of nodes: 23
Student reward: 0.3090909090909091
Iteration 52/80
Training student with 48605 points
Train accuracy: 0.3255066351198436
Test accuracy: 0.32548091760106984
Number of nodes: 23
Student reward: 0.26363636363636356
Iteration 53/80
Training student with 49514 points
Train accuracy: 0.326096286385095
Test accuracy: 0.3217206906997879
Number of nodes: 23
Student reward: 0.23636363636363633
Iteration 54/80
Training student with 50423 points
Train accuracy: 0.32958996479746144
Test accuracy: 0.3122459097669807
Number of nodes: 23
Student reward: 0.18181818181818182
Iteration 55/80
Training student with 51423 points
Train accuracy: 0.32801789100102097
Test accuracy: 0.3250364608653379
Number of nodes: 23
Student reward: 0.15454545454545457
Iteration 56/80
Training student with 52423 points
Train accuracy: 0.3295817635557251
Test accuracy: 0.3224606580829757
Number of nodes: 23
Student reward: 0.17272727272727273
Iteration 57/80
Training student with 53332 points
Train accuracy: 0.3275752959099965
Test accuracy: 0.31958376300740604
Number of nodes: 23
Student reward: 0.1
Iteration 58/80
Training student with 54332 points
Train accuracy: 0.32322558380305993
Test accuracy: 0.3277813564001104
Number of nodes: 23
Student reward: 0.32727272727272727
Iteration 59/80
Training student with 55150 points
Train accuracy: 0.3305077062556664
Test accuracy: 0.3357207615593835
Number of nodes: 23
Student reward: 0.2
Iteration 60/80
Training student with 56059 points
Train accuracy: 0.33161638459651704
Test accuracy: 0.3275062433107385
Number of nodes: 23
Student reward: 0.27272727272727276
Iteration 61/80
Training student with 57059 points
Train accuracy: 0.3254102131574912
Test accuracy: 0.3366631615842972
Number of nodes: 23
Student reward: 0.309090909090909
Iteration 62/80
Training student with 57968 points
Train accuracy: 0.32574287316168543
Test accuracy: 0.32792823874417804
Number of nodes: 21
Student reward: 0.2636363636363636
Iteration 63/80
Training student with 58877 points
Train accuracy: 0.32356000934162754
Test accuracy: 0.32804008152173914
Number of nodes: 23
Student reward: 0.19999999999999996
Iteration 64/80
Training student with 59786 points
Train accuracy: 0.32213347829723177
Test accuracy: 0.32379996654959026
Number of nodes: 21
Student reward: 0.2909090909090909
Iteration 65/80
Training student with 60695 points
Train accuracy: 0.3232350275970014
Test accuracy: 0.32243183128758546
Number of nodes: 21
Student reward: 0.14545454545454545
Iteration 66/80
Training student with 61604 points
Train accuracy: 0.32299170099222857
Test accuracy: 0.3193734274815356
Number of nodes: 23
Student reward: 0.15454545454545454
Iteration 67/80
Training student with 62604 points
Train accuracy: 0.32436155981071424
Test accuracy: 0.31762638766871654
Number of nodes: 21
Student reward: 0.16363636363636364
Iteration 68/80
Training student with 63513 points
Train accuracy: 0.32525093485534345
Test accuracy: 0.3259859875619932
Number of nodes: 21
Student reward: 0.16363636363636364
Iteration 69/80
Training student with 64513 points
Train accuracy: 0.32249564037977135
Test accuracy: 0.32217313802991554
Number of nodes: 23
Student reward: 0.409090909090909
Iteration 70/80
Training student with 65331 points
Train accuracy: 0.32222945048216745
Test accuracy: 0.3175939389301293
Number of nodes: 23
Student reward: 0.48181818181818176
Iteration 71/80
Training student with 66058 points
Train accuracy: 0.3220678953941642
Test accuracy: 0.32462912503784436
Number of nodes: 23
Student reward: 0.18181818181818182
Iteration 72/80
Training student with 67058 points
Train accuracy: 0.3228013272191776
Test accuracy: 0.3163584849388607
Number of nodes: 23
Student reward: 0.2818181818181818
Iteration 73/80
Training student with 68058 points
Train accuracy: 0.32123571979576093
Test accuracy: 0.32464002350866883
Number of nodes: 23
Student reward: 0.2363636363636364
Iteration 74/80
Training student with 69058 points
Train accuracy: 0.3231184158129095
Test accuracy: 0.3221836084564147
Number of nodes: 23
Student reward: 0.1909090909090909
Iteration 75/80
Training student with 69967 points
Train accuracy: 0.3247994568809962
Test accuracy: 0.31456338430756037
Number of nodes: 23
Student reward: 0.3727272727272727
Iteration 76/80
Training student with 70876 points
Train accuracy: 0.3252557319223986
Test accuracy: 0.3207533860045147
Number of nodes: 23
Student reward: 0.2636363636363636
Iteration 77/80
Training student with 71785 points
Train accuracy: 0.32463258340879014
Test accuracy: 0.3238838197394999
Number of nodes: 23
Student reward: 0.29090909090909084
Iteration 78/80
Training student with 72785 points
Train accuracy: 0.32662980009617365
Test accuracy: 0.3212200315999176
Number of nodes: 23
Student reward: 0.1909090909090909
Iteration 79/80
Training student with 73785 points
Train accuracy: 0.32567595039642205
Test accuracy: 0.3260825371010368
Number of nodes: 21
Student reward: 0.14545454545454545
Initial policy count: 80
Current policy count: 40
Reward update: 0.5545454545454545 -> 0.2618181818181819
Reward update: 0.48181818181818176 -> 0.33272727272727265
Reward update: 0.47272727272727266 -> 0.28727272727272735
Reward update: 0.41818181818181815 -> 0.24909090909090914
Reward update: 0.409090909090909 -> 0.25090909090909086
Reward update: 0.3999999999999999 -> 0.23636363636363641
Reward update: 0.3727272727272727 -> 0.24727272727272726
Reward update: 0.36363636363636365 -> 0.23999999999999996
Reward update: 0.3545454545454545 -> 0.27818181818181825
Reward update: 0.34545454545454546 -> 0.3454545454545455
Reward update: 0.3454545454545454 -> 0.33272727272727265
Reward update: 0.3454545454545454 -> 0.2563636363636364
Reward update: 0.3454545454545454 -> 0.27454545454545465
Reward update: 0.3454545454545454 -> 0.27636363636363637
Reward update: 0.33636363636363636 -> 0.23090909090909098
Reward update: 0.32727272727272727 -> 0.22545454545454544
Reward update: 0.32727272727272727 -> 0.2836363636363637
Reward update: 0.31818181818181823 -> 0.20363636363636367
Reward update: 0.3181818181818181 -> 0.22363636363636366
Reward update: 0.3090909090909091 -> 0.27454545454545465
Reward update: 0.3090909090909091 -> 0.28545454545454557
Reward update: 0.309090909090909 -> 0.16909090909090907
Reward update: 0.309090909090909 -> 0.18181818181818177
Reward update: 0.2909090909090909 -> 0.2818181818181818
Reward update: 0.2909090909090909 -> 0.23090909090909092
Reward update: 0.2909090909090909 -> 0.2836363636363637
Reward update: 0.2909090909090909 -> 0.25636363636363646
Reward update: 0.2909090909090909 -> 0.29090909090909095
Reward update: 0.29090909090909084 -> 0.17818181818181814
Reward update: 0.28181818181818186 -> 0.2763636363636364
Reward update: 0.2818181818181818 -> 0.22545454545454546
Reward update: 0.27272727272727276 -> 0.16363636363636355
Reward update: 0.27272727272727276 -> 0.24
Reward update: 0.2727272727272727 -> 0.2636363636363636
Reward update: 0.2727272727272727 -> 0.2054545454545455
Reward update: 0.2636363636363636 -> 0.22000000000000008
Reward update: 0.2636363636363636 -> 0.2745454545454546
Reward update: 0.26363636363636356 -> 0.22727272727272724
Reward update: 0.2545454545454545 -> 0.2854545454545455
Reward update: 0.2545454545454545 -> 0.28727272727272735
Current policy count: 20
Reward update: 0.3454545454545455 -> 0.22545454545454555
Reward update: 0.33272727272727265 -> 0.28181818181818197
Reward update: 0.33272727272727265 -> 0.270909090909091
Reward update: 0.29090909090909095 -> 0.32363636363636367
Reward update: 0.28727272727272735 -> 0.250909090909091
Reward update: 0.28727272727272735 -> 0.26
Reward update: 0.28545454545454557 -> 0.23818181818181816
Reward update: 0.2854545454545455 -> 0.2581818181818183
Reward update: 0.2836363636363637 -> 0.24909090909090906
Reward update: 0.2836363636363637 -> 0.2327272727272727
Reward update: 0.2818181818181818 -> 0.24181818181818182
Reward update: 0.27818181818181825 -> 0.27090909090909093
Reward update: 0.2763636363636364 -> 0.2254545454545455
Reward update: 0.27636363636363637 -> 0.26
Reward update: 0.27454545454545465 -> 0.26909090909090916
Reward update: 0.27454545454545465 -> 0.25636363636363646
Reward update: 0.2745454545454546 -> 0.28
Reward update: 0.2636363636363636 -> 0.32545454545454555
Reward update: 0.2618181818181819 -> 0.2454545454545455
Reward update: 0.25636363636363646 -> 0.2727272727272727
Current policy count: 10
Reward update: 0.32545454545454555 -> 0.33454545454545453
Reward update: 0.32363636363636367 -> 0.26545454545454544
Reward update: 0.28181818181818197 -> 0.28909090909090907
Reward update: 0.28 -> 0.2509090909090909
Reward update: 0.2727272727272727 -> 0.3036363636363637
Reward update: 0.270909090909091 -> 0.21454545454545454
Reward update: 0.27090909090909093 -> 0.2654545454545455
Reward update: 0.26909090909090916 -> 0.30000000000000004
Reward update: 0.26 -> 0.28181818181818186
Reward update: 0.26 -> 0.28909090909090907
Current policy count: 5
Reward update: 0.33454545454545453 -> 0.19272727272727266
Reward update: 0.3036363636363637 -> 0.27818181818181814
Reward update: 0.30000000000000004 -> 0.25636363636363646
Reward update: 0.28909090909090907 -> 0.26545454545454544
Reward update: 0.28909090909090907 -> 0.3490909090909091
Current policy count: 3
Reward update: 0.3490909090909091 -> 0.20727272727272728
Reward update: 0.27818181818181814 -> 0.3163636363636364
Reward update: 0.26545454545454544 -> 0.23636363636363641
Current policy count: 2
Reward update: 0.3163636363636364 -> 0.2109090909090909
Reward update: 0.23636363636363641 -> 0.23636363636363644
Current policy count: 1
Reward update: 0.23636363636363644 -> 0.24363636363636373
Final reward: 0.3054545454545455
Number of nodes: 23
