Iteration 0/80
Training student with 120 points
Train accuracy: 1.0
Test accuracy: 1.0
Number of nodes: 1
Student reward: 164.44493865966797
Iteration 1/80
Training student with 223 points
Train accuracy: 0.9887640449438202
Test accuracy: 1.0
Number of nodes: 1
Student reward: 149.1293167114258
Iteration 2/80
Training student with 328 points
Train accuracy: 0.9847328244274809
Test accuracy: 1.0
Number of nodes: 1
Student reward: 110.20056915283203
Iteration 3/80
Training student with 433 points
Train accuracy: 0.9913294797687862
Test accuracy: 0.9885057471264368
Number of nodes: 1
Student reward: 181.09002990722655
Iteration 4/80
Training student with 551 points
Train accuracy: 0.990909090909091
Test accuracy: 0.990990990990991
Number of nodes: 1
Student reward: 99.22314758300782
Iteration 5/80
Training student with 649 points
Train accuracy: 0.9884393063583815
Test accuracy: 1.0
Number of nodes: 1
Student reward: 205.66760864257813
Iteration 6/80
Training student with 771 points
Train accuracy: 0.9902597402597403
Test accuracy: 1.0
Number of nodes: 1
Student reward: 116.74267120361328
Iteration 7/80
Training student with 874 points
Train accuracy: 0.9899856938483548
Test accuracy: 0.9885714285714285
Number of nodes: 1
Student reward: 253.84376831054686
Iteration 8/80
Training student with 1014 points
Train accuracy: 0.9876695437731196
Test accuracy: 0.9901477832512315
Number of nodes: 1
Student reward: 214.38541259765626
Iteration 9/80
Training student with 1135 points
Train accuracy: 0.9889867841409692
Test accuracy: 0.9911894273127754
Number of nodes: 1
Student reward: 104.85937194824218
Iteration 10/80
Training student with 1239 points
Train accuracy: 0.9909182643794148
Test accuracy: 0.9838709677419355
Number of nodes: 1
Student reward: 82.08071594238281
Iteration 11/80
Training student with 1335 points
Train accuracy: 0.9897003745318352
Test accuracy: 0.9812734082397003
Number of nodes: 1
Student reward: 31.609437561035158
Iteration 12/80
Training student with 1415 points
Train accuracy: 0.9885159010600707
Test accuracy: 0.9823321554770318
Number of nodes: 1
Student reward: 145.3769775390625
Iteration 13/80
Training student with 1518 points
Train accuracy: 0.9884678747940692
Test accuracy: 0.9835526315789473
Number of nodes: 1
Student reward: 114.40799102783203
Iteration 14/80
Training student with 1619 points
Train accuracy: 0.9853281853281853
Test accuracy: 0.9907407407407407
Number of nodes: 1
Student reward: 136.8481216430664
Iteration 15/80
Training student with 1725 points
Train accuracy: 0.9869565217391304
Test accuracy: 0.9884057971014493
Number of nodes: 1
Student reward: 130.4818603515625
Iteration 16/80
Training student with 1830 points
Train accuracy: 0.9877049180327869
Test accuracy: 0.9890710382513661
Number of nodes: 1
Student reward: 76.98288421630859
Iteration 17/80
Training student with 1927 points
Train accuracy: 0.9876703439325114
Test accuracy: 0.9870466321243523
Number of nodes: 1
Student reward: 183.85755004882813
Iteration 18/80
Training student with 2053 points
Train accuracy: 0.98721071863581
Test accuracy: 0.9878345498783455
Number of nodes: 1
Student reward: 149.8032028198242
Iteration 19/80
Training student with 2162 points
Train accuracy: 0.9843840370156159
Test accuracy: 0.9930715935334873
Number of nodes: 1
Student reward: 193.72053985595704
Iteration 20/80
Training student with 2280 points
Train accuracy: 0.9857456140350878
Test accuracy: 0.9912280701754386
Number of nodes: 1
Student reward: 150.88612518310546
Iteration 21/80
Training student with 2391 points
Train accuracy: 0.9879707112970711
Test accuracy: 0.9812108559498957
Number of nodes: 1
Student reward: 146.50662231445312
Iteration 22/80
Training student with 2496 points
Train accuracy: 0.9864729458917836
Test accuracy: 0.988
Number of nodes: 1
Student reward: 169.81873779296876
Iteration 23/80
Training student with 2610 points
Train accuracy: 0.9861111111111112
Test accuracy: 0.9904214559386973
Number of nodes: 1
Student reward: 136.61448516845704
Iteration 24/80
Training student with 2721 points
Train accuracy: 0.9871323529411765
Test accuracy: 0.9871559633027523
Number of nodes: 1
Student reward: 86.92025146484374
Iteration 25/80
Training student with 2817 points
Train accuracy: 0.9853528628495339
Test accuracy: 0.9911347517730497
Number of nodes: 1
Student reward: 211.46505279541014
Iteration 26/80
Training student with 2940 points
Train accuracy: 0.9863945578231292
Test accuracy: 0.9880952380952381
Number of nodes: 1
Student reward: 156.26803436279297
Iteration 27/80
Training student with 3055 points
Train accuracy: 0.987315875613748
Test accuracy: 0.9869067103109657
Number of nodes: 1
Student reward: 162.28577270507813
Iteration 28/80
Training student with 3159 points
Train accuracy: 0.9865453106450336
Test accuracy: 0.9873417721518988
Number of nodes: 1
Student reward: 86.99100036621094
Iteration 29/80
Training student with 3251 points
Train accuracy: 0.9865384615384616
Test accuracy: 0.9877112135176651
Number of nodes: 1
Student reward: 189.30007629394532
Iteration 30/80
Training student with 3367 points
Train accuracy: 0.9866320089119941
Test accuracy: 0.9851632047477745
Number of nodes: 1
Student reward: 259.5910049438477
Iteration 31/80
Training student with 3496 points
Train accuracy: 0.984620886981402
Test accuracy: 0.9885714285714285
Number of nodes: 1
Student reward: 55.29052734375
Iteration 32/80
Training student with 3586 points
Train accuracy: 0.9860529986052998
Test accuracy: 0.9832869080779945
Number of nodes: 1
Student reward: 130.27006072998046
Iteration 33/80
Training student with 3688 points
Train accuracy: 0.9854237288135593
Test accuracy: 0.9850948509485095
Number of nodes: 1
Student reward: 73.32994842529297
Iteration 34/80
Training student with 3774 points
Train accuracy: 0.9860881086452468
Test accuracy: 0.9827814569536424
Number of nodes: 1
Student reward: 108.91233825683594
Iteration 35/80
Training student with 3869 points
Train accuracy: 0.9848142164781907
Test accuracy: 0.9896640826873385
Number of nodes: 1
Student reward: 164.6721969604492
Iteration 36/80
Training student with 3977 points
Train accuracy: 0.9842816724300535
Test accuracy: 0.9899497487437185
Number of nodes: 1
Student reward: 80.2234893798828
Iteration 37/80
Training student with 4068 points
Train accuracy: 0.9846342962507683
Test accuracy: 0.9901719901719902
Number of nodes: 1
Student reward: 230.27965850830077
Iteration 38/80
Training student with 4195 points
Train accuracy: 0.9859952324195471
Test accuracy: 0.9868891537544696
Number of nodes: 1
Student reward: 119.03138580322266
Iteration 39/80
Training student with 4294 points
Train accuracy: 0.9834061135371179
Test accuracy: 0.9953434225844005
Number of nodes: 1
Student reward: 141.17135009765624
Iteration 40/80
Training student with 4399 points
Train accuracy: 0.985791418016482
Test accuracy: 0.9852272727272727
Number of nodes: 1
Student reward: 159.1724639892578
Iteration 41/80
Training student with 4509 points
Train accuracy: 0.9864153035763793
Test accuracy: 0.9844789356984479
Number of nodes: 1
Student reward: 191.48350372314454
Iteration 42/80
Training student with 4628 points
Train accuracy: 0.9859535386277688
Test accuracy: 0.9870410367170627
Number of nodes: 1
Student reward: 133.42119140625
Iteration 43/80
Training student with 4739 points
Train accuracy: 0.9860195199155896
Test accuracy: 0.9873417721518988
Number of nodes: 1
Student reward: 133.2384490966797
Iteration 44/80
Training student with 4836 points
Train accuracy: 0.9865563598759048
Test accuracy: 0.9824380165289256
Number of nodes: 1
Student reward: 119.12938537597657
Iteration 45/80
Training student with 4929 points
Train accuracy: 0.9873193000253614
Test accuracy: 0.9807302231237323
Number of nodes: 1
Student reward: 68.41237945556641
Iteration 46/80
Training student with 5020 points
Train accuracy: 0.9877988047808764
Test accuracy: 0.9780876494023905
Number of nodes: 1
Student reward: 139.33925170898436
Iteration 47/80
Training student with 5127 points
Train accuracy: 0.9848817361619118
Test accuracy: 0.9902534113060428
Number of nodes: 1
Student reward: 182.24994964599608
Iteration 48/80
Training student with 5243 points
Train accuracy: 0.9864091559370529
Test accuracy: 0.9837940896091516
Number of nodes: 1
Student reward: 127.91579895019531
Iteration 49/80
Training student with 5344 points
Train accuracy: 0.9854970760233918
Test accuracy: 0.9887745556594949
Number of nodes: 1
Student reward: 118.174365234375
Iteration 50/80
Training student with 5452 points
Train accuracy: 0.9857830772758541
Test accuracy: 0.9871677360219981
Number of nodes: 1
Student reward: 159.20765228271483
Iteration 51/80
Training student with 5563 points
Train accuracy: 0.9856179775280899
Test accuracy: 0.9892183288409704
Number of nodes: 1
Student reward: 144.54628143310546
Iteration 52/80
Training student with 5673 points
Train accuracy: 0.9865579550462759
Test accuracy: 0.9859030837004406
Number of nodes: 1
Student reward: 172.2648132324219
Iteration 53/80
Training student with 5776 points
Train accuracy: 0.9852813852813853
Test accuracy: 0.9913494809688581
Number of nodes: 1
Student reward: 180.36597442626953
Iteration 54/80
Training student with 5893 points
Train accuracy: 0.9866355536699194
Test accuracy: 0.9864291772688719
Number of nodes: 1
Student reward: 181.81233673095704
Iteration 55/80
Training student with 6011 points
Train accuracy: 0.9873128119800333
Test accuracy: 0.9850374064837906
Number of nodes: 1
Student reward: 163.1721450805664
Iteration 56/80
Training student with 6121 points
Train accuracy: 0.9865196078431373
Test accuracy: 0.9877551020408163
Number of nodes: 1
Student reward: 183.25930480957032
Iteration 57/80
Training student with 6231 points
Train accuracy: 0.9869582664526485
Test accuracy: 0.9855653568564555
Number of nodes: 1
Student reward: 124.5490493774414
Iteration 58/80
Training student with 6333 points
Train accuracy: 0.9875641531780498
Test accuracy: 0.984214680347277
Number of nodes: 1
Student reward: 96.74376525878907
Iteration 59/80
Training student with 6432 points
Train accuracy: 0.9867832847424685
Test accuracy: 0.9875679875679876
Number of nodes: 1
Student reward: 124.60591430664063
Iteration 60/80
Training student with 6537 points
Train accuracy: 0.9883342895391088
Test accuracy: 0.9824159021406728
Number of nodes: 1
Student reward: 106.46676177978516
Iteration 61/80
Training student with 6639 points
Train accuracy: 0.987196384861608
Test accuracy: 0.9879518072289156
Number of nodes: 1
Student reward: 133.75979919433593
Iteration 62/80
Training student with 6742 points
Train accuracy: 0.987761913591693
Test accuracy: 0.9866567828020756
Number of nodes: 1
Student reward: 102.06887969970703
Iteration 63/80
Training student with 6843 points
Train accuracy: 0.9872122762148338
Test accuracy: 0.9890430971512053
Number of nodes: 1
Student reward: 169.91079559326172
Iteration 64/80
Training student with 6946 points
Train accuracy: 0.9861411087113031
Test accuracy: 0.9928057553956835
Number of nodes: 1
Student reward: 256.0911895751953
Iteration 65/80
Training student with 7077 points
Train accuracy: 0.9863981628687511
Test accuracy: 0.989406779661017
Number of nodes: 1
Student reward: 82.03821411132813
Iteration 66/80
Training student with 7173 points
Train accuracy: 0.9860578598814919
Test accuracy: 0.9909407665505227
Number of nodes: 1
Student reward: 125.35008087158204
Iteration 67/80
Training student with 7265 points
Train accuracy: 0.9884721266345492
Test accuracy: 0.9807295251204404
Number of nodes: 1
Student reward: 192.7437484741211
Iteration 68/80
Training student with 7382 points
Train accuracy: 0.9866215071972905
Test accuracy: 0.989167230873392
Number of nodes: 1
Student reward: 155.3129623413086
Iteration 69/80
Training student with 7494 points
Train accuracy: 0.9863219349457881
Test accuracy: 0.9893262174783188
Number of nodes: 1
Student reward: 108.61712799072265
Iteration 70/80
Training student with 7602 points
Train accuracy: 0.9873376089458971
Test accuracy: 0.9855358316896778
Number of nodes: 1
Student reward: 118.30816955566407
Iteration 71/80
Training student with 7703 points
Train accuracy: 0.9871794871794872
Test accuracy: 0.9870214146658014
Number of nodes: 1
Student reward: 69.35593872070312
Iteration 72/80
Training student with 7798 points
Train accuracy: 0.9881372234690606
Test accuracy: 0.9839743589743589
Number of nodes: 1
Student reward: 190.57550354003905
Iteration 73/80
Training student with 7916 points
Train accuracy: 0.9867340492735313
Test accuracy: 0.9892676767676768
Number of nodes: 1
Student reward: 113.06524505615235
Iteration 74/80
Training student with 8017 points
Train accuracy: 0.9872134726337127
Test accuracy: 0.9875311720698254
Number of nodes: 1
Student reward: 92.4644790649414
Iteration 75/80
Training student with 8116 points
Train accuracy: 0.9875231053604436
Test accuracy: 0.9846059113300493
Number of nodes: 1
Student reward: 148.52186889648436
Iteration 76/80
Training student with 8220 points
Train accuracy: 0.9867700729927007
Test accuracy: 0.9884428223844283
Number of nodes: 1
Student reward: 97.54162139892578
Iteration 77/80
Training student with 8326 points
Train accuracy: 0.9863363363363363
Test accuracy: 0.9903961584633854
Number of nodes: 1
Student reward: 223.02129974365235
Iteration 78/80
Training student with 8454 points
Train accuracy: 0.987431613189413
Test accuracy: 0.986989946777055
Number of nodes: 1
Student reward: 170.84395446777344
Iteration 79/80
Training student with 8577 points
Train accuracy: 0.9871738813584026
Test accuracy: 0.9871794871794872
Number of nodes: 1
Student reward: 169.00435333251954
Initial policy count: 80
Current policy count: 40
Reward update: 259.5910049438477 -> 140.89622192382814
Reward update: 256.0911895751953 -> 132.25564331054687
Reward update: 253.84376831054686 -> 137.92762329101564
Reward update: 230.27965850830077 -> 131.97511169433594
Reward update: 223.02129974365235 -> 141.658818359375
Reward update: 214.38541259765626 -> 143.85156860351563
Reward update: 211.46505279541014 -> 153.28348541259766
Reward update: 205.66760864257813 -> 144.21953216552734
Reward update: 193.72053985595704 -> 148.43455627441406
Reward update: 192.7437484741211 -> 137.01218811035156
Reward update: 191.48350372314454 -> 139.32847045898438
Reward update: 190.57550354003905 -> 122.70038665771484
Reward update: 189.30007629394532 -> 156.94297271728516
Reward update: 183.85755004882813 -> 124.61398773193359
Reward update: 183.25930480957032 -> 149.39588592529296
Reward update: 182.24994964599608 -> 182.73751953125
Reward update: 181.81233673095704 -> 140.1728143310547
Reward update: 181.09002990722655 -> 159.79083038330077
Reward update: 180.36597442626953 -> 155.7439404296875
Reward update: 172.2648132324219 -> 146.1970358276367
Reward update: 170.84395446777344 -> 142.68542572021485
Reward update: 169.91079559326172 -> 111.8631103515625
Reward update: 169.81873779296876 -> 118.41477142333984
Reward update: 169.00435333251954 -> 148.31052032470703
Reward update: 164.6721969604492 -> 119.1352685546875
Reward update: 164.44493865966797 -> 155.7599334716797
Reward update: 163.1721450805664 -> 152.6347171020508
Reward update: 162.28577270507813 -> 130.79727233886717
Reward update: 159.20765228271483 -> 130.4479132080078
Reward update: 159.1724639892578 -> 160.1810137939453
Reward update: 156.26803436279297 -> 152.07553649902343
Reward update: 155.3129623413086 -> 129.18374572753908
Reward update: 150.88612518310546 -> 123.38887115478515
Reward update: 149.8032028198242 -> 159.66305419921875
Reward update: 149.1293167114258 -> 136.2963787841797
Reward update: 148.52186889648436 -> 143.25819274902344
Reward update: 146.50662231445312 -> 135.8423309326172
Reward update: 145.3769775390625 -> 157.98986145019532
Reward update: 144.54628143310546 -> 155.7029278564453
Reward update: 141.17135009765624 -> 125.0555142211914
Current policy count: 20
Reward update: 182.73751953125 -> 126.55273040771485
Reward update: 160.1810137939453 -> 139.6308206176758
Reward update: 159.79083038330077 -> 153.42702728271485
Reward update: 159.66305419921875 -> 169.43574157714843
Reward update: 157.98986145019532 -> 168.8938885498047
Reward update: 156.94297271728516 -> 126.6567724609375
Reward update: 155.7599334716797 -> 191.22389373779296
Reward update: 155.7439404296875 -> 151.56765106201172
Reward update: 155.7029278564453 -> 153.44039001464844
Reward update: 153.28348541259766 -> 136.72360900878905
Reward update: 152.6347171020508 -> 136.06878234863282
Reward update: 152.07553649902343 -> 152.22672760009766
Reward update: 149.39588592529296 -> 160.9893878173828
Reward update: 148.43455627441406 -> 173.01862884521483
Reward update: 148.31052032470703 -> 126.5460336303711
Reward update: 146.1970358276367 -> 147.53290710449218
Reward update: 144.21953216552734 -> 173.69056488037108
Reward update: 143.85156860351563 -> 131.85736877441406
Reward update: 143.25819274902344 -> 116.52463226318359
Reward update: 142.68542572021485 -> 187.03669830322266
Current policy count: 10
Reward update: 191.22389373779296 -> 161.1414599609375
Reward update: 187.03669830322266 -> 149.43527099609375
Reward update: 173.69056488037108 -> 128.85604583740235
Reward update: 173.01862884521483 -> 150.20239471435548
Reward update: 169.43574157714843 -> 144.91581237792968
Reward update: 168.8938885498047 -> 142.99911712646485
Reward update: 160.9893878173828 -> 118.98732177734375
Reward update: 153.44039001464844 -> 173.13541687011718
Reward update: 153.42702728271485 -> 118.74128814697265
Reward update: 152.22672760009766 -> 135.46788024902344
Current policy count: 5
Reward update: 173.13541687011718 -> 133.30620025634767
Reward update: 161.1414599609375 -> 126.79642333984376
Reward update: 150.20239471435548 -> 131.32295776367187
Reward update: 149.43527099609375 -> 171.38197357177734
Reward update: 144.91581237792968 -> 158.77243682861328
Current policy count: 3
Reward update: 171.38197357177734 -> 119.40648254394532
Reward update: 158.77243682861328 -> 130.59105285644532
Reward update: 133.30620025634767 -> 170.14913330078124
Current policy count: 2
Reward update: 170.14913330078124 -> 124.10801849365234
Reward update: 130.59105285644532 -> 93.22307037353515
Current policy count: 1
Reward update: 124.10801849365234 -> 154.8014437866211
Final reward: 101.36133880615235
Number of nodes: 1
