Iteration 0/80
Training student with 118 points
Train accuracy: 0.776595744680851
Test accuracy: 0.5833333333333334
Number of nodes: 13
Student reward: 0.0
Iteration 1/80
Training student with 1118 points
Train accuracy: 0.3870246085011186
Test accuracy: 0.44642857142857145
Number of nodes: 19
Student reward: 0.0
Iteration 2/80
Training student with 2118 points
Train accuracy: 0.44805194805194803
Test accuracy: 0.41509433962264153
Number of nodes: 21
Student reward: 0.0
Iteration 3/80
Training student with 3118 points
Train accuracy: 0.3997594226142743
Test accuracy: 0.40224358974358976
Number of nodes: 17
Student reward: 0.0
Iteration 4/80
Training student with 4118 points
Train accuracy: 0.3849423193685489
Test accuracy: 0.38470873786407767
Number of nodes: 19
Student reward: 0.0
Iteration 5/80
Training student with 5118 points
Train accuracy: 0.37664875427454814
Test accuracy: 0.3876953125
Number of nodes: 21
Student reward: 0.0
Iteration 6/80
Training student with 6118 points
Train accuracy: 0.37494891704127503
Test accuracy: 0.3741830065359477
Number of nodes: 19
Student reward: 0.0
Iteration 7/80
Training student with 7118 points
Train accuracy: 0.37074113101510364
Test accuracy: 0.4002808988764045
Number of nodes: 19
Student reward: 0.0
Iteration 8/80
Training student with 8118 points
Train accuracy: 0.3737295965506621
Test accuracy: 0.3657635467980296
Number of nodes: 19
Student reward: 0.0
Iteration 9/80
Training student with 9118 points
Train accuracy: 0.36646558815464764
Test accuracy: 0.38377192982456143
Number of nodes: 19
Student reward: 0.0
Iteration 10/80
Training student with 10118 points
Train accuracy: 0.37052137385717815
Test accuracy: 0.3715415019762846
Number of nodes: 21
Student reward: 0.0
Iteration 11/80
Training student with 11118 points
Train accuracy: 0.36249156734877447
Test accuracy: 0.3835431654676259
Number of nodes: 21
Student reward: 0.0
Iteration 12/80
Training student with 12118 points
Train accuracy: 0.37198266969259336
Test accuracy: 0.3626237623762376
Number of nodes: 21
Student reward: 0.0
Iteration 13/80
Training student with 13118 points
Train accuracy: 0.37011625690870975
Test accuracy: 0.3597560975609756
Number of nodes: 21
Student reward: 0.0
Iteration 14/80
Training student with 14118 points
Train accuracy: 0.37311846998406234
Test accuracy: 0.3661473087818697
Number of nodes: 21
Student reward: 0.0
Iteration 15/80
Training student with 15118 points
Train accuracy: 0.36910864891681827
Test accuracy: 0.38955026455026454
Number of nodes: 21
Student reward: 0.0
Iteration 16/80
Training student with 16118 points
Train accuracy: 0.3733519466418489
Test accuracy: 0.3607320099255583
Number of nodes: 21
Student reward: 0.0
Iteration 17/80
Training student with 17118 points
Train accuracy: 0.3679713743245217
Test accuracy: 0.3717873831775701
Number of nodes: 21
Student reward: 0.0
Iteration 18/80
Training student with 18118 points
Train accuracy: 0.37146405409134814
Test accuracy: 0.37224061810154524
Number of nodes: 17
Student reward: 0.0
Iteration 19/80
Training student with 19118 points
Train accuracy: 0.37276055969661304
Test accuracy: 0.3716004184100418
Number of nodes: 19
Student reward: 0.0
Iteration 20/80
Training student with 20118 points
Train accuracy: 0.3733689573754194
Test accuracy: 0.3717693836978131
Number of nodes: 19
Student reward: 0.0
Iteration 21/80
Training student with 21118 points
Train accuracy: 0.37658340239138155
Test accuracy: 0.3615056818181818
Number of nodes: 21
Student reward: 0.0
Iteration 22/80
Training student with 22118 points
Train accuracy: 0.37668136091330395
Test accuracy: 0.3686708860759494
Number of nodes: 21
Student reward: 0.0
Iteration 23/80
Training student with 23118 points
Train accuracy: 0.37493241051151727
Test accuracy: 0.3830017301038062
Number of nodes: 19
Student reward: 0.0
Iteration 24/80
Training student with 24118 points
Train accuracy: 0.38307245775888876
Test accuracy: 0.36007462686567165
Number of nodes: 21
Student reward: 0.0
Iteration 25/80
Training student with 25118 points
Train accuracy: 0.37618194485916195
Test accuracy: 0.3877388535031847
Number of nodes: 21
Student reward: 0.0
Iteration 26/80
Training student with 26118 points
Train accuracy: 0.37872116397051786
Test accuracy: 0.37940275650842264
Number of nodes: 19
Student reward: 0.0
Iteration 27/80
Training student with 27118 points
Train accuracy: 0.3798285240158569
Test accuracy: 0.36762536873156343
Number of nodes: 21
Student reward: 0.0
Iteration 28/80
Training student with 28118 points
Train accuracy: 0.3767671379034409
Test accuracy: 0.37677809388335703
Number of nodes: 19
Student reward: 0.0
Iteration 29/80
Training student with 29118 points
Train accuracy: 0.3739160298789388
Test accuracy: 0.38375686813186816
Number of nodes: 21
Student reward: 0.0
Iteration 30/80
Training student with 30118 points
Train accuracy: 0.3776458869428073
Test accuracy: 0.3663678618857902
Number of nodes: 21
Student reward: 0.0
Iteration 31/80
Training student with 31118 points
Train accuracy: 0.3751908090302884
Test accuracy: 0.37098329048843187
Number of nodes: 21
Student reward: 0.0
Iteration 32/80
Training student with 32118 points
Train accuracy: 0.37631353623414027
Test accuracy: 0.3737546699875467
Number of nodes: 21
Student reward: 0.0
Iteration 33/80
Training student with 33118 points
Train accuracy: 0.375028308296218
Test accuracy: 0.37605676328502413
Number of nodes: 21
Student reward: 0.0
Iteration 34/80
Training student with 34118 points
Train accuracy: 0.3734886788305122
Test accuracy: 0.3814478311840563
Number of nodes: 19
Student reward: 0.0
Iteration 35/80
Training student with 35118 points
Train accuracy: 0.3737808784793906
Test accuracy: 0.3796981776765376
Number of nodes: 19
Student reward: 0.0
Iteration 36/80
Training student with 36118 points
Train accuracy: 0.375337440299024
Test accuracy: 0.3745847176079734
Number of nodes: 15
Student reward: 0.0
Iteration 37/80
Training student with 37118 points
Train accuracy: 0.3746548124200175
Test accuracy: 0.3698814655172414
Number of nodes: 21
Student reward: 0.0
Iteration 38/80
Training student with 38118 points
Train accuracy: 0.3752213550206598
Test accuracy: 0.3654249737670514
Number of nodes: 21
Student reward: 0.0
Iteration 39/80
Training student with 39118 points
Train accuracy: 0.3745446411452675
Test accuracy: 0.37308282208588955
Number of nodes: 21
Student reward: 0.0
Iteration 40/80
Training student with 40118 points
Train accuracy: 0.3739016638624042
Test accuracy: 0.3764955134596211
Number of nodes: 19
Student reward: 0.0
Iteration 41/80
Training student with 41118 points
Train accuracy: 0.37374597190977077
Test accuracy: 0.38095817120622566
Number of nodes: 19
Student reward: 0.0
Iteration 42/80
Training student with 42118 points
Train accuracy: 0.37407253516946637
Test accuracy: 0.3761870845204179
Number of nodes: 21
Student reward: 0.0
Iteration 43/80
Training student with 43118 points
Train accuracy: 0.3778048356235867
Test accuracy: 0.3647959183673469
Number of nodes: 21
Student reward: 0.0
Iteration 44/80
Training student with 44118 points
Train accuracy: 0.3763245877486258
Test accuracy: 0.37250679963735267
Number of nodes: 21
Student reward: 0.0
Iteration 45/80
Training student with 45118 points
Train accuracy: 0.37723721394137527
Test accuracy: 0.37477836879432624
Number of nodes: 19
Student reward: 0.0
Iteration 46/80
Training student with 46118 points
Train accuracy: 0.37691765598742344
Test accuracy: 0.3798785776235906
Number of nodes: 19
Student reward: 0.0
Iteration 47/80
Training student with 47118 points
Train accuracy: 0.37854831007587414
Test accuracy: 0.37669779286926997
Number of nodes: 19
Student reward: 0.0
Iteration 48/80
Training student with 48118 points
Train accuracy: 0.37670805839871147
Test accuracy: 0.3798836242726517
Number of nodes: 19
Student reward: 0.0
Iteration 49/80
Training student with 49118 points
Train accuracy: 0.3775894538606403
Test accuracy: 0.3797842019543974
Number of nodes: 21
Student reward: 0.0
Iteration 50/80
Training student with 50118 points
Train accuracy: 0.37596647877487904
Test accuracy: 0.38667198723064644
Number of nodes: 19
Student reward: 0.0
Iteration 51/80
Training student with 51118 points
Train accuracy: 0.37902870836797575
Test accuracy: 0.3756846635367762
Number of nodes: 21
Student reward: 0.0
Iteration 52/80
Training student with 52118 points
Train accuracy: 0.37804000575622393
Test accuracy: 0.38363392171910976
Number of nodes: 19
Student reward: 0.0
Iteration 53/80
Training student with 53118 points
Train accuracy: 0.37953593448486844
Test accuracy: 0.37688253012048195
Number of nodes: 19
Student reward: 0.0
Iteration 54/80
Training student with 54118 points
Train accuracy: 0.37970619485379037
Test accuracy: 0.3786954915003696
Number of nodes: 19
Student reward: 0.0
Iteration 55/80
Training student with 55118 points
Train accuracy: 0.38025581711797524
Test accuracy: 0.3759978229317852
Number of nodes: 19
Student reward: 0.0
Iteration 56/80
Training student with 56118 points
Train accuracy: 0.3774000980086426
Test accuracy: 0.3832858161083393
Number of nodes: 21
Student reward: 0.0
Iteration 57/80
Training student with 57118 points
Train accuracy: 0.3790213157088458
Test accuracy: 0.3742997198879552
Number of nodes: 21
Student reward: 0.0
Iteration 58/80
Training student with 58118 points
Train accuracy: 0.37757560115283695
Test accuracy: 0.37758086717136957
Number of nodes: 17
Student reward: 0.0
Iteration 59/80
Training student with 59118 points
Train accuracy: 0.37778576563623295
Test accuracy: 0.3760148849797023
Number of nodes: 19
Student reward: 0.0
Iteration 60/80
Training student with 60118 points
Train accuracy: 0.37680375930469495
Test accuracy: 0.374001996007984
Number of nodes: 21
Student reward: 0.0
Iteration 61/80
Training student with 61118 points
Train accuracy: 0.37722419928825623
Test accuracy: 0.3723821989528796
Number of nodes: 21
Student reward: 0.0
Iteration 62/80
Training student with 62118 points
Train accuracy: 0.37567915643739686
Test accuracy: 0.3805537669027688
Number of nodes: 21
Student reward: 0.0
Iteration 63/80
Training student with 63118 points
Train accuracy: 0.37695567790232504
Test accuracy: 0.37650506970849174
Number of nodes: 21
Student reward: 0.0
Iteration 64/80
Training student with 64118 points
Train accuracy: 0.37717861738214997
Test accuracy: 0.37889893948845915
Number of nodes: 19
Student reward: 0.0
Iteration 65/80
Training student with 65118 points
Train accuracy: 0.3752639459438707
Test accuracy: 0.38260135135135137
Number of nodes: 19
Student reward: 0.0
Iteration 66/80
Training student with 66118 points
Train accuracy: 0.37664007259802623
Test accuracy: 0.37212643678160917
Number of nodes: 19
Student reward: 0.0
Iteration 67/80
Training student with 67118 points
Train accuracy: 0.3759824188922412
Test accuracy: 0.3769368295589988
Number of nodes: 19
Student reward: 0.0
Iteration 68/80
Training student with 68118 points
Train accuracy: 0.37550923037398615
Test accuracy: 0.3797709923664122
Number of nodes: 21
Student reward: 0.0
Iteration 69/80
Training student with 69118 points
Train accuracy: 0.37698484464860565
Test accuracy: 0.37405960648148145
Number of nodes: 15
Student reward: 0.0
Iteration 70/80
Training student with 70118 points
Train accuracy: 0.37485292544657184
Test accuracy: 0.3834854535082715
Number of nodes: 21
Student reward: 0.0
Iteration 71/80
Training student with 71118 points
Train accuracy: 0.37719267409568674
Test accuracy: 0.375210911136108
Number of nodes: 19
Student reward: 0.0
Iteration 72/80
Training student with 72118 points
Train accuracy: 0.3764862897355011
Test accuracy: 0.37874376039933444
Number of nodes: 21
Student reward: 0.0
Iteration 73/80
Training student with 73118 points
Train accuracy: 0.37769685779738094
Test accuracy: 0.37568380743982493
Number of nodes: 19
Student reward: 0.0
Iteration 74/80
Training student with 74118 points
Train accuracy: 0.37796404357945157
Test accuracy: 0.37317862924986506
Number of nodes: 21
Student reward: 0.0
Iteration 75/80
Training student with 75118 points
Train accuracy: 0.3755616201284654
Test accuracy: 0.38278753993610226
Number of nodes: 21
Student reward: 0.0
Iteration 76/80
Training student with 76118 points
Train accuracy: 0.37584983742240613
Test accuracy: 0.37756174461376774
Number of nodes: 19
Student reward: 0.0
Iteration 77/80
Training student with 77118 points
Train accuracy: 0.3762764612442053
Test accuracy: 0.38089989626556015
Number of nodes: 21
Student reward: 0.0
Iteration 78/80
Training student with 78118 points
Train accuracy: 0.37798828687554004
Test accuracy: 0.3741679467485919
Number of nodes: 19
Student reward: 0.0
Iteration 79/80
Training student with 79118 points
Train accuracy: 0.37772932663443615
Test accuracy: 0.37455763397371084
Number of nodes: 17
Student reward: 0.0
Initial policy count: 80
Current policy count: 40
Reward update: 0.0 -> 0.0
Reward update: 0.0 -> 0.0
Reward update: 0.0 -> 0.0
Reward update: 0.0 -> 0.0
Reward update: 0.0 -> 0.0
Reward update: 0.0 -> 0.0
Reward update: 0.0 -> 0.0
Reward update: 0.0 -> 0.0
Reward update: 0.0 -> 0.0
Reward update: 0.0 -> 0.0
Reward update: 0.0 -> 0.0
Reward update: 0.0 -> 0.0
Reward update: 0.0 -> 0.0
Reward update: 0.0 -> 0.0
Reward update: 0.0 -> 0.0
Reward update: 0.0 -> 0.0
Reward update: 0.0 -> 0.0
Reward update: 0.0 -> 0.0
Reward update: 0.0 -> 0.0
Reward update: 0.0 -> 0.0
Reward update: 0.0 -> 0.0
Reward update: 0.0 -> 0.0
Reward update: 0.0 -> 0.0
Reward update: 0.0 -> 0.0
Reward update: 0.0 -> 0.0
Reward update: 0.0 -> 0.0
Reward update: 0.0 -> 0.0
Reward update: 0.0 -> 0.0
Reward update: 0.0 -> 0.0
Reward update: 0.0 -> 0.0
Reward update: 0.0 -> 0.0
Reward update: 0.0 -> 0.0
Reward update: 0.0 -> 0.0
Reward update: 0.0 -> 0.0
Reward update: 0.0 -> 0.0
Reward update: 0.0 -> 0.0
Reward update: 0.0 -> 0.0
Reward update: 0.0 -> 0.0
Reward update: 0.0 -> 0.0
Reward update: 0.0 -> 0.0
Current policy count: 20
Reward update: 0.0 -> -0.02
Reward update: 0.0 -> 0.0
Reward update: 0.0 -> 0.0
Reward update: 0.0 -> 0.0
Reward update: 0.0 -> 0.0
Reward update: 0.0 -> 0.0
Reward update: 0.0 -> 0.0
Reward update: 0.0 -> 0.0
Reward update: 0.0 -> 0.0
Reward update: 0.0 -> 0.0
Reward update: 0.0 -> 0.0
Reward update: 0.0 -> 0.0
Reward update: 0.0 -> 0.0
Reward update: 0.0 -> 0.0
Reward update: 0.0 -> 0.0
Reward update: 0.0 -> 0.0
Reward update: 0.0 -> 0.0
Reward update: 0.0 -> 0.0
Reward update: 0.0 -> 0.0
Reward update: 0.0 -> 0.0
Current policy count: 10
Reward update: 0.0 -> 0.0
Reward update: 0.0 -> 0.0
Reward update: 0.0 -> 0.0
Reward update: 0.0 -> 0.0
Reward update: 0.0 -> 0.0
Reward update: 0.0 -> 0.0
Reward update: 0.0 -> 0.0
Reward update: 0.0 -> 0.0
Reward update: 0.0 -> 0.0
Reward update: 0.0 -> 0.0
Current policy count: 5
Reward update: 0.0 -> 0.0
Reward update: 0.0 -> 0.0
Reward update: 0.0 -> 0.0
Reward update: 0.0 -> 0.0
Reward update: 0.0 -> 0.0
Current policy count: 3
Reward update: 0.0 -> 0.0
Reward update: 0.0 -> 0.0
Reward update: 0.0 -> 0.0
Current policy count: 2
Reward update: 0.0 -> 0.0
Reward update: 0.0 -> 0.0
Current policy count: 1
Reward update: 0.0 -> 0.0
Final reward: 0.0
Number of nodes: 19
