Iteration 0/80
Training student with 121 points
Train accuracy: 1.0
Test accuracy: 1.0
Number of nodes: 1
Student reward: 139.3688186645508
Iteration 1/80
Training student with 233 points
Train accuracy: 1.0
Test accuracy: 1.0
Number of nodes: 1
Student reward: 100.07947540283203
Iteration 2/80
Training student with 331 points
Train accuracy: 1.0
Test accuracy: 1.0
Number of nodes: 1
Student reward: 65.73594970703125
Iteration 3/80
Training student with 424 points
Train accuracy: 0.9941002949852508
Test accuracy: 0.9764705882352941
Number of nodes: 1
Student reward: 108.08114166259766
Iteration 4/80
Training student with 516 points
Train accuracy: 0.9902912621359223
Test accuracy: 0.9711538461538461
Number of nodes: 1
Student reward: 120.32279510498047
Iteration 5/80
Training student with 618 points
Train accuracy: 0.9959514170040485
Test accuracy: 0.9919354838709677
Number of nodes: 1
Student reward: 68.0694366455078
Iteration 6/80
Training student with 711 points
Train accuracy: 0.9947183098591549
Test accuracy: 0.993006993006993
Number of nodes: 1
Student reward: 166.45470581054687
Iteration 7/80
Training student with 824 points
Train accuracy: 0.9969650986342944
Test accuracy: 1.0
Number of nodes: 1
Student reward: 151.71993408203124
Iteration 8/80
Training student with 932 points
Train accuracy: 0.9959731543624161
Test accuracy: 1.0
Number of nodes: 1
Student reward: 147.28001251220704
Iteration 9/80
Training student with 1033 points
Train accuracy: 0.9927360774818402
Test accuracy: 0.9903381642512077
Number of nodes: 1
Student reward: 89.32661743164063
Iteration 10/80
Training student with 1132 points
Train accuracy: 0.9988950276243094
Test accuracy: 0.986784140969163
Number of nodes: 1
Student reward: 151.9063751220703
Iteration 11/80
Training student with 1242 points
Train accuracy: 0.9959718026183283
Test accuracy: 0.9879518072289156
Number of nodes: 1
Student reward: 164.05139617919923
Iteration 12/80
Training student with 1348 points
Train accuracy: 0.9925788497217068
Test accuracy: 0.9962962962962963
Number of nodes: 1
Student reward: 180.02935333251952
Iteration 13/80
Training student with 1463 points
Train accuracy: 0.9948717948717949
Test accuracy: 0.9931740614334471
Number of nodes: 1
Student reward: 136.76963958740234
Iteration 14/80
Training student with 1577 points
Train accuracy: 0.992862807295797
Test accuracy: 0.9873417721518988
Number of nodes: 1
Student reward: 187.12705993652344
Iteration 15/80
Training student with 1690 points
Train accuracy: 0.9903846153846154
Test accuracy: 0.985207100591716
Number of nodes: 1
Student reward: 152.15267333984374
Iteration 16/80
Training student with 1790 points
Train accuracy: 0.99231843575419
Test accuracy: 0.9860335195530726
Number of nodes: 1
Student reward: 128.75570068359374
Iteration 17/80
Training student with 1885 points
Train accuracy: 0.9927055702917772
Test accuracy: 0.9973474801061007
Number of nodes: 1
Student reward: 126.75912780761719
Iteration 18/80
Training student with 1987 points
Train accuracy: 0.9943360604153556
Test accuracy: 0.9849246231155779
Number of nodes: 1
Student reward: 61.34190979003906
Iteration 19/80
Training student with 2073 points
Train accuracy: 0.9903498190591074
Test accuracy: 0.9855421686746988
Number of nodes: 1
Student reward: 63.20487823486328
Iteration 20/80
Training student with 2165 points
Train accuracy: 0.9942263279445728
Test accuracy: 0.9907621247113164
Number of nodes: 1
Student reward: 156.84989318847656
Iteration 21/80
Training student with 2270 points
Train accuracy: 0.9906387665198237
Test accuracy: 0.9955947136563876
Number of nodes: 1
Student reward: 75.50045318603516
Iteration 22/80
Training student with 2365 points
Train accuracy: 0.9867864693446089
Test accuracy: 0.9915433403805497
Number of nodes: 1
Student reward: 137.50851745605468
Iteration 23/80
Training student with 2469 points
Train accuracy: 0.9888607594936709
Test accuracy: 0.9939271255060729
Number of nodes: 1
Student reward: 66.90601806640625
Iteration 24/80
Training student with 2556 points
Train accuracy: 0.9902152641878669
Test accuracy: 0.984375
Number of nodes: 1
Student reward: 68.11809692382812
Iteration 25/80
Training student with 2651 points
Train accuracy: 0.9872641509433963
Test accuracy: 0.9981167608286252
Number of nodes: 1
Student reward: 132.81156463623046
Iteration 26/80
Training student with 2746 points
Train accuracy: 0.9908925318761385
Test accuracy: 0.9854545454545455
Number of nodes: 1
Student reward: 99.7856201171875
Iteration 27/80
Training student with 2843 points
Train accuracy: 0.9872471416007036
Test accuracy: 0.9876977152899824
Number of nodes: 1
Student reward: 74.80521545410156
Iteration 28/80
Training student with 2928 points
Train accuracy: 0.9914602903501281
Test accuracy: 0.9880546075085325
Number of nodes: 1
Student reward: 168.58117065429687
Iteration 29/80
Training student with 3043 points
Train accuracy: 0.9880854560394412
Test accuracy: 0.9917898193760263
Number of nodes: 1
Student reward: 88.08800964355468
Iteration 30/80
Training student with 3145 points
Train accuracy: 0.9868839427662957
Test accuracy: 0.9777424483306836
Number of nodes: 1
Student reward: 180.19729461669922
Iteration 31/80
Training student with 3268 points
Train accuracy: 0.995026778882938
Test accuracy: 0.9984709480122325
Number of nodes: 1
Student reward: 203.1016616821289
Iteration 32/80
Training student with 3388 points
Train accuracy: 0.9900369003690037
Test accuracy: 0.9852507374631269
Number of nodes: 1
Student reward: 109.33843231201172
Iteration 33/80
Training student with 3489 points
Train accuracy: 0.9892511644571838
Test accuracy: 0.994269340974212
Number of nodes: 1
Student reward: 188.13631896972657
Iteration 34/80
Training student with 3597 points
Train accuracy: 0.992005561348627
Test accuracy: 0.9875
Number of nodes: 1
Student reward: 43.89355621337891
Iteration 35/80
Training student with 3676 points
Train accuracy: 0.9908163265306122
Test accuracy: 0.9918478260869565
Number of nodes: 1
Student reward: 148.15780944824218
Iteration 36/80
Training student with 3784 points
Train accuracy: 0.9877766765774695
Test accuracy: 0.9933949801849405
Number of nodes: 1
Student reward: 90.88689880371093
Iteration 37/80
Training student with 3878 points
Train accuracy: 0.988394584139265
Test accuracy: 0.990979381443299
Number of nodes: 1
Student reward: 108.61431579589843
Iteration 38/80
Training student with 3979 points
Train accuracy: 0.9899465912661012
Test accuracy: 0.9912060301507538
Number of nodes: 1
Student reward: 120.99907531738282
Iteration 39/80
Training student with 4083 points
Train accuracy: 0.9877526025719534
Test accuracy: 0.9902080783353733
Number of nodes: 1
Student reward: 67.75792083740234
Iteration 40/80
Training student with 4177 points
Train accuracy: 0.9901227177491769
Test accuracy: 0.992822966507177
Number of nodes: 1
Student reward: 101.84242095947266
Iteration 41/80
Training student with 4278 points
Train accuracy: 0.9915254237288136
Test accuracy: 0.9836448598130841
Number of nodes: 1
Student reward: 81.04783172607422
Iteration 42/80
Training student with 4362 points
Train accuracy: 0.9899684723416452
Test accuracy: 0.993127147766323
Number of nodes: 1
Student reward: 173.4218551635742
Iteration 43/80
Training student with 4469 points
Train accuracy: 0.9899300699300699
Test accuracy: 0.9910514541387024
Number of nodes: 1
Student reward: 162.9407501220703
Iteration 44/80
Training student with 4574 points
Train accuracy: 0.9877015578026783
Test accuracy: 0.9846994535519126
Number of nodes: 1
Student reward: 143.44420166015624
Iteration 45/80
Training student with 4679 points
Train accuracy: 0.9887790542345712
Test accuracy: 0.9861111111111112
Number of nodes: 1
Student reward: 149.99422454833984
Iteration 46/80
Training student with 4790 points
Train accuracy: 0.9906054279749478
Test accuracy: 0.9916492693110647
Number of nodes: 1
Student reward: 136.5938751220703
Iteration 47/80
Training student with 4889 points
Train accuracy: 0.9877269240603426
Test accuracy: 0.9856850715746421
Number of nodes: 1
Student reward: 148.0890640258789
Iteration 48/80
Training student with 4994 points
Train accuracy: 0.9899874843554443
Test accuracy: 0.990990990990991
Number of nodes: 1
Student reward: 142.07608184814453
Iteration 49/80
Training student with 5104 points
Train accuracy: 0.9887337741856478
Test accuracy: 0.9960822722820764
Number of nodes: 1
Student reward: 102.70372161865234
Iteration 50/80
Training student with 5202 points
Train accuracy: 0.9889449651526075
Test accuracy: 0.9875120076849183
Number of nodes: 1
Student reward: 105.27406311035156
Iteration 51/80
Training student with 5299 points
Train accuracy: 0.9879688605803255
Test accuracy: 0.9896226415094339
Number of nodes: 1
Student reward: 83.09705505371093
Iteration 52/80
Training student with 5388 points
Train accuracy: 0.9900232018561484
Test accuracy: 0.9879406307977736
Number of nodes: 1
Student reward: 62.65218505859375
Iteration 53/80
Training student with 5479 points
Train accuracy: 0.9926990645676478
Test accuracy: 0.9863138686131386
Number of nodes: 1
Student reward: 221.1497573852539
Iteration 54/80
Training student with 5610 points
Train accuracy: 0.9877450980392157
Test accuracy: 0.983957219251337
Number of nodes: 1
Student reward: 155.75989227294923
Iteration 55/80
Training student with 5723 points
Train accuracy: 0.9912625600698995
Test accuracy: 0.9877729257641922
Number of nodes: 1
Student reward: 150.66637420654297
Iteration 56/80
Training student with 5833 points
Train accuracy: 0.9879982854693528
Test accuracy: 0.9931448157669237
Number of nodes: 1
Student reward: 163.03553161621093
Iteration 57/80
Training student with 5944 points
Train accuracy: 0.9884332281808622
Test accuracy: 0.990748528174937
Number of nodes: 1
Student reward: 121.30599517822266
Iteration 58/80
Training student with 6051 points
Train accuracy: 0.9884297520661157
Test accuracy: 0.9892650701899257
Number of nodes: 1
Student reward: 122.40841369628906
Iteration 59/80
Training student with 6155 points
Train accuracy: 0.9904549147034931
Test accuracy: 0.9878147847278635
Number of nodes: 1
Student reward: 153.6103302001953
Iteration 60/80
Training student with 6260 points
Train accuracy: 0.9890175718849841
Test accuracy: 0.987220447284345
Number of nodes: 1
Student reward: 159.1616012573242
Iteration 61/80
Training student with 6370 points
Train accuracy: 0.9878335949764521
Test accuracy: 0.9850863422291993
Number of nodes: 1
Student reward: 153.73780364990233
Iteration 62/80
Training student with 6472 points
Train accuracy: 0.9907282209774
Test accuracy: 0.9891891891891892
Number of nodes: 1
Student reward: 162.0937484741211
Iteration 63/80
Training student with 6581 points
Train accuracy: 0.9895516717325228
Test accuracy: 0.9878511769172361
Number of nodes: 1
Student reward: 228.4108901977539
Iteration 64/80
Training student with 6714 points
Train accuracy: 0.9886427108545894
Test accuracy: 0.9910647803425168
Number of nodes: 1
Student reward: 155.99848480224608
Iteration 65/80
Training student with 6821 points
Train accuracy: 0.9884530791788856
Test accuracy: 0.9912087912087912
Number of nodes: 1
Student reward: 142.82931823730468
Iteration 66/80
Training student with 6924 points
Train accuracy: 0.9873623397725221
Test accuracy: 0.9913357400722022
Number of nodes: 1
Student reward: 214.44237365722657
Iteration 67/80
Training student with 7045 points
Train accuracy: 0.988999290276792
Test accuracy: 0.9872249822569198
Number of nodes: 1
Student reward: 115.20779724121094
Iteration 68/80
Training student with 7143 points
Train accuracy: 0.9884494224711236
Test accuracy: 0.9825052484254724
Number of nodes: 1
Student reward: 122.84618377685547
Iteration 69/80
Training student with 7245 points
Train accuracy: 0.9893029675638372
Test accuracy: 0.9882677708764666
Number of nodes: 1
Student reward: 157.09852752685546
Iteration 70/80
Training student with 7356 points
Train accuracy: 0.9884432358939497
Test accuracy: 0.9809782608695652
Number of nodes: 1
Student reward: 144.93925933837892
Iteration 71/80
Training student with 7469 points
Train accuracy: 0.9881171548117155
Test accuracy: 0.9805890227576974
Number of nodes: 1
Student reward: 62.27945556640625
Iteration 72/80
Training student with 7555 points
Train accuracy: 0.9884182660489742
Test accuracy: 0.9887491727332892
Number of nodes: 1
Student reward: 112.09436798095703
Iteration 73/80
Training student with 7658 points
Train accuracy: 0.9864511916421809
Test accuracy: 0.9869451697127938
Number of nodes: 1
Student reward: 137.3260726928711
Iteration 74/80
Training student with 7756 points
Train accuracy: 0.9848484848484849
Test accuracy: 0.9871134020618557
Number of nodes: 1
Student reward: 165.12310180664062
Iteration 75/80
Training student with 7866 points
Train accuracy: 0.986013986013986
Test accuracy: 0.9847522236340533
Number of nodes: 1
Student reward: 233.56951293945312
Iteration 76/80
Training student with 7996 points
Train accuracy: 0.9899937460913071
Test accuracy: 0.985625
Number of nodes: 1
Student reward: 107.84874420166015
Iteration 77/80
Training student with 8091 points
Train accuracy: 0.9831582200247219
Test accuracy: 0.9857936998147004
Number of nodes: 1
Student reward: 87.91510620117188
Iteration 78/80
Training student with 8186 points
Train accuracy: 0.9862553451435553
Test accuracy: 0.9871794871794872
Number of nodes: 1
Student reward: 129.97049102783203
Iteration 79/80
Training student with 8287 points
Train accuracy: 0.986574143913109
Test accuracy: 0.9861278648974668
Number of nodes: 1
Student reward: 162.01376342773438
Initial policy count: 80
Current policy count: 40
Reward update: 233.56951293945312 -> 161.49237854003906
Reward update: 228.4108901977539 -> 135.0083267211914
Reward update: 221.1497573852539 -> 186.37973175048828
Reward update: 214.44237365722657 -> 135.07775482177735
Reward update: 203.1016616821289 -> 165.12132965087892
Reward update: 188.13631896972657 -> 124.83925598144532
Reward update: 187.12705993652344 -> 127.38588684082032
Reward update: 180.19729461669922 -> 121.00144226074218
Reward update: 180.02935333251952 -> 122.39933471679687
Reward update: 173.4218551635742 -> 126.16362396240234
Reward update: 168.58117065429687 -> 113.52976654052735
Reward update: 166.45470581054687 -> 136.60579711914062
Reward update: 165.12310180664062 -> 136.1041860961914
Reward update: 164.05139617919923 -> 156.21056427001952
Reward update: 163.03553161621093 -> 139.8316259765625
Reward update: 162.9407501220703 -> 144.45611572265625
Reward update: 162.0937484741211 -> 124.68917022705078
Reward update: 162.01376342773438 -> 163.99736755371094
Reward update: 159.1616012573242 -> 132.65460968017578
Reward update: 157.09852752685546 -> 113.5503842163086
Reward update: 156.84989318847656 -> 165.92060913085936
Reward update: 155.99848480224608 -> 152.52367584228514
Reward update: 155.75989227294923 -> 138.44551330566406
Reward update: 153.73780364990233 -> 133.87488891601564
Reward update: 153.6103302001953 -> 132.36777770996093
Reward update: 152.15267333984374 -> 120.72609161376953
Reward update: 151.9063751220703 -> 121.68613006591796
Reward update: 151.71993408203124 -> 117.08048828125
Reward update: 150.66637420654297 -> 153.9792742919922
Reward update: 149.99422454833984 -> 139.40253753662108
Reward update: 148.15780944824218 -> 130.56170196533202
Reward update: 148.0890640258789 -> 127.71669311523438
Reward update: 147.28001251220704 -> 151.33135559082032
Reward update: 144.93925933837892 -> 124.46252136230468
Reward update: 143.44420166015624 -> 139.6587127685547
Reward update: 142.82931823730468 -> 132.11731872558593
Reward update: 142.07608184814453 -> 125.98014556884766
Reward update: 139.3688186645508 -> 139.6537615966797
Reward update: 137.50851745605468 -> 108.99954650878907
Reward update: 137.3260726928711 -> 143.49304473876953
Current policy count: 20
Reward update: 186.37973175048828 -> 154.07275115966797
Reward update: 165.92060913085936 -> 149.0036016845703
Reward update: 165.12132965087892 -> 127.62173065185547
Reward update: 163.99736755371094 -> 156.10753387451172
Reward update: 161.49237854003906 -> 146.28605407714844
Reward update: 156.21056427001952 -> 132.09204467773438
Reward update: 153.9792742919922 -> 140.65891510009766
Reward update: 152.52367584228514 -> 120.20920501708984
Reward update: 151.33135559082032 -> 129.64542266845703
Reward update: 144.45611572265625 -> 126.45849395751954
Reward update: 143.49304473876953 -> 104.79229431152343
Reward update: 139.8316259765625 -> 144.1844061279297
Reward update: 139.6587127685547 -> 132.57061553955077
Reward update: 139.6537615966797 -> 134.80610412597656
Reward update: 139.40253753662108 -> 173.82938018798828
Reward update: 138.44551330566406 -> 150.89200958251953
Reward update: 136.60579711914062 -> 185.0904818725586
Reward update: 136.1041860961914 -> 141.89093444824218
Reward update: 135.07775482177735 -> 148.96264526367187
Reward update: 135.0083267211914 -> 146.90956451416017
Current policy count: 10
Reward update: 185.0904818725586 -> 125.62224456787109
Reward update: 173.82938018798828 -> 131.05828643798827
Reward update: 156.10753387451172 -> 168.22273712158204
Reward update: 154.07275115966797 -> 112.15525909423827
Reward update: 150.89200958251953 -> 182.1480599975586
Reward update: 149.0036016845703 -> 163.712685546875
Reward update: 148.96264526367187 -> 167.03882598876953
Reward update: 146.90956451416017 -> 146.87478912353515
Reward update: 146.28605407714844 -> 123.14829071044922
Reward update: 144.1844061279297 -> 128.62491729736328
Current policy count: 5
Reward update: 182.1480599975586 -> 130.97685638427734
Reward update: 168.22273712158204 -> 152.11796142578126
Reward update: 167.03882598876953 -> 107.87085266113282
Reward update: 163.712685546875 -> 163.59717254638673
Reward update: 146.87478912353515 -> 137.79802337646484
Current policy count: 3
Reward update: 163.59717254638673 -> 147.8489370727539
Reward update: 152.11796142578126 -> 157.39780975341796
Reward update: 137.79802337646484 -> 188.37787567138673
Current policy count: 2
Reward update: 188.37787567138673 -> 136.44370513916016
Reward update: 157.39780975341796 -> 134.0111410522461
Current policy count: 1
Reward update: 136.44370513916016 -> 119.05754608154297
Final reward: 161.20431732177735
Number of nodes: 1
