Iteration 0/80
Training student with 298 points
Train accuracy: 0.634453781512605
Test accuracy: 0.5333333333333333
Number of nodes: 17
Student reward: 0.13636363636363638
Iteration 1/80
Training student with 1298 points
Train accuracy: 0.3737957610789981
Test accuracy: 0.38846153846153847
Number of nodes: 19
Student reward: 0.2636363636363636
Iteration 2/80
Training student with 2207 points
Train accuracy: 0.34560906515580736
Test accuracy: 0.3552036199095023
Number of nodes: 19
Student reward: 0.2636363636363636
Iteration 3/80
Training student with 3207 points
Train accuracy: 0.35360623781676415
Test accuracy: 0.37694704049844235
Number of nodes: 19
Student reward: 0.14545454545454545
Iteration 4/80
Training student with 4207 points
Train accuracy: 0.35809806835066865
Test accuracy: 0.35510688836104515
Number of nodes: 19
Student reward: 0.2818181818181818
Iteration 5/80
Training student with 5207 points
Train accuracy: 0.35678271308523407
Test accuracy: 0.3637236084452975
Number of nodes: 21
Student reward: 0.3545454545454546
Iteration 6/80
Training student with 6116 points
Train accuracy: 0.36917416189697466
Test accuracy: 0.3602941176470588
Number of nodes: 21
Student reward: 0.2727272727272727
Iteration 7/80
Training student with 7025 points
Train accuracy: 0.35391459074733095
Test accuracy: 0.37295373665480425
Number of nodes: 21
Student reward: 0.21818181818181817
Iteration 8/80
Training student with 7934 points
Train accuracy: 0.35812194737671343
Test accuracy: 0.3465658475110271
Number of nodes: 19
Student reward: 0.2909090909090909
Iteration 9/80
Training student with 8843 points
Train accuracy: 0.36005089058524176
Test accuracy: 0.35500282645562464
Number of nodes: 21
Student reward: 0.3363636363636363
Iteration 10/80
Training student with 9752 points
Train accuracy: 0.3663632867581079
Test accuracy: 0.3726294208098411
Number of nodes: 21
Student reward: 0.19999999999999998
Iteration 11/80
Training student with 10661 points
Train accuracy: 0.36456378986866794
Test accuracy: 0.3652133145804032
Number of nodes: 21
Student reward: 0.16363636363636364
Iteration 12/80
Training student with 11661 points
Train accuracy: 0.36052744425385935
Test accuracy: 0.3673381911701672
Number of nodes: 19
Student reward: 0.39090909090909093
Iteration 13/80
Training student with 12479 points
Train accuracy: 0.3686266653310628
Test accuracy: 0.3485576923076923
Number of nodes: 17
Student reward: 0.24545454545454545
Iteration 14/80
Training student with 13388 points
Train accuracy: 0.3671335200746965
Test accuracy: 0.36071695294996264
Number of nodes: 19
Student reward: 0.15454545454545457
Iteration 15/80
Training student with 14388 points
Train accuracy: 0.36524761077324064
Test accuracy: 0.344683808200139
Number of nodes: 19
Student reward: 0.3363636363636363
Iteration 16/80
Training student with 15297 points
Train accuracy: 0.36242543106970665
Test accuracy: 0.36764705882352944
Number of nodes: 19
Student reward: 0.3181818181818181
Iteration 17/80
Training student with 16206 points
Train accuracy: 0.3558315334773218
Test accuracy: 0.35256014805675506
Number of nodes: 15
Student reward: 0.3454545454545454
Iteration 18/80
Training student with 17115 points
Train accuracy: 0.362182296231376
Test accuracy: 0.3549517966695881
Number of nodes: 19
Student reward: 0.2727272727272727
Iteration 19/80
Training student with 17933 points
Train accuracy: 0.3587759654259027
Test accuracy: 0.3607471424588793
Number of nodes: 19
Student reward: 0.2818181818181818
Iteration 20/80
Training student with 18933 points
Train accuracy: 0.362603987851578
Test accuracy: 0.35304990757855825
Number of nodes: 21
Student reward: 0.20909090909090905
Iteration 21/80
Training student with 19933 points
Train accuracy: 0.3585225134830051
Test accuracy: 0.36092299974918485
Number of nodes: 19
Student reward: 0.1727272727272727
Iteration 22/80
Training student with 20933 points
Train accuracy: 0.356801624268482
Test accuracy: 0.35443037974683544
Number of nodes: 17
Student reward: 0.30909090909090914
Iteration 23/80
Training student with 21751 points
Train accuracy: 0.35482758620689653
Test accuracy: 0.3564697770627442
Number of nodes: 19
Student reward: 0.21818181818181817
Iteration 24/80
Training student with 22751 points
Train accuracy: 0.3593956043956044
Test accuracy: 0.34410019775873435
Number of nodes: 21
Student reward: 0.24545454545454543
Iteration 25/80
Training student with 23660 points
Train accuracy: 0.3514370245139476
Test accuracy: 0.35460693153000844
Number of nodes: 21
Student reward: 0.34545454545454546
Iteration 26/80
Training student with 24660 points
Train accuracy: 0.35974249797242497
Test accuracy: 0.3560421735604217
Number of nodes: 19
Student reward: 0.37272727272727274
Iteration 27/80
Training student with 25478 points
Train accuracy: 0.3553135119222844
Test accuracy: 0.3606750392464678
Number of nodes: 21
Student reward: 0.1181818181818182
Iteration 28/80
Training student with 26478 points
Train accuracy: 0.351147200453215
Test accuracy: 0.354607250755287
Number of nodes: 19
Student reward: 0.3
Iteration 29/80
Training student with 27296 points
Train accuracy: 0.3539567686389449
Test accuracy: 0.3360805860805861
Number of nodes: 21
Student reward: 0.16363636363636364
Iteration 30/80
Training student with 28296 points
Train accuracy: 0.3506361547976674
Test accuracy: 0.35636042402826856
Number of nodes: 19
Student reward: 0.32727272727272727
Iteration 31/80
Training student with 29205 points
Train accuracy: 0.3533641499743195
Test accuracy: 0.3492552645095018
Number of nodes: 21
Student reward: 0.16363636363636364
Iteration 32/80
Training student with 30205 points
Train accuracy: 0.35234232742923355
Test accuracy: 0.35010759807978814
Number of nodes: 17
Student reward: 0.13636363636363635
Iteration 33/80
Training student with 31205 points
Train accuracy: 0.3487822464348662
Test accuracy: 0.3440153821502964
Number of nodes: 21
Student reward: 0.24545454545454545
Iteration 34/80
Training student with 32205 points
Train accuracy: 0.3505278683434249
Test accuracy: 0.3465300419189567
Number of nodes: 21
Student reward: 0.22727272727272724
Iteration 35/80
Training student with 33205 points
Train accuracy: 0.3491191085679867
Test accuracy: 0.353561210661045
Number of nodes: 19
Student reward: 0.3181818181818182
Iteration 36/80
Training student with 34114 points
Train accuracy: 0.3461580740903595
Test accuracy: 0.35145830279935514
Number of nodes: 21
Student reward: 0.3090909090909091
Iteration 37/80
Training student with 35114 points
Train accuracy: 0.34861699476700725
Test accuracy: 0.3408799658265698
Number of nodes: 19
Student reward: 0.4636363636363637
Iteration 38/80
Training student with 35932 points
Train accuracy: 0.3489998260567055
Test accuracy: 0.3440935021566718
Number of nodes: 21
Student reward: 0.36363636363636365
Iteration 39/80
Training student with 36932 points
Train accuracy: 0.352716195633779
Test accuracy: 0.3405983484499797
Number of nodes: 21
Student reward: 0.3
Iteration 40/80
Training student with 37932 points
Train accuracy: 0.3494809688581315
Test accuracy: 0.3515223408461843
Number of nodes: 19
Student reward: 0.3818181818181818
Iteration 41/80
Training student with 38750 points
Train accuracy: 0.35161290322580646
Test accuracy: 0.3430967741935484
Number of nodes: 21
Student reward: 0.10909090909090909
Iteration 42/80
Training student with 39750 points
Train accuracy: 0.3483647798742138
Test accuracy: 0.34918238993710693
Number of nodes: 19
Student reward: 0.3181818181818182
Iteration 43/80
Training student with 40750 points
Train accuracy: 0.3511963190184049
Test accuracy: 0.3492024539877301
Number of nodes: 21
Student reward: 0.3636363636363636
Iteration 44/80
Training student with 41568 points
Train accuracy: 0.34934143260961087
Test accuracy: 0.3610777002646139
Number of nodes: 17
Student reward: 0.2818181818181818
Iteration 45/80
Training student with 42568 points
Train accuracy: 0.3507957949139602
Test accuracy: 0.34954193093727975
Number of nodes: 21
Student reward: 0.17272727272727273
Iteration 46/80
Training student with 43477 points
Train accuracy: 0.34990368304534086
Test accuracy: 0.3530358785648574
Number of nodes: 21
Student reward: 0.3181818181818182
Iteration 47/80
Training student with 44295 points
Train accuracy: 0.34876961282311775
Test accuracy: 0.3459758437746924
Number of nodes: 19
Student reward: 0.2727272727272727
Iteration 48/80
Training student with 45204 points
Train accuracy: 0.3467909188950032
Test accuracy: 0.3515097887401836
Number of nodes: 21
Student reward: 0.34545454545454546
Iteration 49/80
Training student with 46022 points
Train accuracy: 0.34864328978461034
Test accuracy: 0.3464421510048886
Number of nodes: 19
Student reward: 0.1909090909090909
Iteration 50/80
Training student with 47022 points
Train accuracy: 0.34630619134965573
Test accuracy: 0.341839447102605
Number of nodes: 21
Student reward: 0.19090909090909092
Iteration 51/80
Training student with 48022 points
Train accuracy: 0.3427388916365151
Test accuracy: 0.3433628318584071
Number of nodes: 15
Student reward: 0.3
Iteration 52/80
Training student with 49022 points
Train accuracy: 0.3444169620317719
Test accuracy: 0.3404385517593065
Number of nodes: 21
Student reward: 0.2545454545454545
Iteration 53/80
Training student with 50022 points
Train accuracy: 0.3414049029162606
Test accuracy: 0.34202898550724636
Number of nodes: 17
Student reward: 0.3090909090909091
Iteration 54/80
Training student with 50931 points
Train accuracy: 0.3395837423915178
Test accuracy: 0.34092470796112695
Number of nodes: 19
Student reward: 0.22727272727272724
Iteration 55/80
Training student with 51931 points
Train accuracy: 0.34365973425765456
Test accuracy: 0.33426398382593625
Number of nodes: 21
Student reward: 0.3181818181818182
Iteration 56/80
Training student with 52840 points
Train accuracy: 0.3422359954579864
Test accuracy: 0.3411241483724451
Number of nodes: 21
Student reward: 0.3727272727272727
Iteration 57/80
Training student with 53658 points
Train accuracy: 0.34303219494012954
Test accuracy: 0.3387066716362281
Number of nodes: 21
Student reward: 0.20909090909090908
Iteration 58/80
Training student with 54658 points
Train accuracy: 0.34155879796917166
Test accuracy: 0.3451335528723015
Number of nodes: 17
Student reward: 0.17272727272727273
Iteration 59/80
Training student with 55658 points
Train accuracy: 0.340744733414185
Test accuracy: 0.34378368666906217
Number of nodes: 21
Student reward: 0.22727272727272724
Iteration 60/80
Training student with 56567 points
Train accuracy: 0.34273970786467195
Test accuracy: 0.34099345943079373
Number of nodes: 19
Student reward: 0.3454545454545454
Iteration 61/80
Training student with 57476 points
Train accuracy: 0.34208351457155284
Test accuracy: 0.3373347251217815
Number of nodes: 19
Student reward: 0.33636363636363636
Iteration 62/80
Training student with 58294 points
Train accuracy: 0.3406454379757693
Test accuracy: 0.3394802298653401
Number of nodes: 21
Student reward: 0.15454545454545454
Iteration 63/80
Training student with 59294 points
Train accuracy: 0.3410983451038263
Test accuracy: 0.33611603001939455
Number of nodes: 21
Student reward: 0.21818181818181817
Iteration 64/80
Training student with 60294 points
Train accuracy: 0.34331916658028405
Test accuracy: 0.33203416535367775
Number of nodes: 19
Student reward: 0.17272727272727273
Iteration 65/80
Training student with 61294 points
Train accuracy: 0.3393902314673193
Test accuracy: 0.34105555102373764
Number of nodes: 19
Student reward: 0.3181818181818181
Iteration 66/80
Training student with 62203 points
Train accuracy: 0.33849121819862543
Test accuracy: 0.34129089301503096
Number of nodes: 19
Student reward: 0.19090909090909092
Iteration 67/80
Training student with 63203 points
Train accuracy: 0.34019619477077645
Test accuracy: 0.33826437781821056
Number of nodes: 21
Student reward: 0.3181818181818181
Iteration 68/80
Training student with 64112 points
Train accuracy: 0.33952699409230047
Test accuracy: 0.34687670591905173
Number of nodes: 19
Student reward: 0.2727272727272727
Iteration 69/80
Training student with 65112 points
Train accuracy: 0.3416844247345889
Test accuracy: 0.3431620978269216
Number of nodes: 21
Student reward: 0.3
Iteration 70/80
Training student with 66112 points
Train accuracy: 0.3416589460946511
Test accuracy: 0.34288739317855255
Number of nodes: 19
Student reward: 0.23636363636363633
Iteration 71/80
Training student with 67112 points
Train accuracy: 0.341168582018663
Test accuracy: 0.34098189674439394
Number of nodes: 17
Student reward: 0.2
Iteration 72/80
Training student with 68021 points
Train accuracy: 0.3411129079682446
Test accuracy: 0.34038956266078646
Number of nodes: 19
Student reward: 0.16363636363636364
Iteration 73/80
Training student with 69021 points
Train accuracy: 0.34004636337293537
Test accuracy: 0.3356754798985875
Number of nodes: 21
Student reward: 0.20909090909090908
Iteration 74/80
Training student with 70021 points
Train accuracy: 0.33718937446443875
Test accuracy: 0.341235273116744
Number of nodes: 21
Student reward: 0.44545454545454544
Iteration 75/80
Training student with 70839 points
Train accuracy: 0.3396622611212084
Test accuracy: 0.33476849237718803
Number of nodes: 19
Student reward: 0.23636363636363633
Iteration 76/80
Training student with 71748 points
Train accuracy: 0.3376250043555525
Test accuracy: 0.33484320557491287
Number of nodes: 21
Student reward: 0.16363636363636364
Iteration 77/80
Training student with 72657 points
Train accuracy: 0.3374279569892473
Test accuracy: 0.3309248554913295
Number of nodes: 17
Student reward: 0.24545454545454543
Iteration 78/80
Training student with 73566 points
Train accuracy: 0.33667504927615033
Test accuracy: 0.3335598749490281
Number of nodes: 19
Student reward: 0.2818181818181818
Iteration 79/80
Training student with 74566 points
Train accuracy: 0.33665258499295914
Test accuracy: 0.33431674936301464
Number of nodes: 21
Student reward: 0.35454545454545455
Initial policy count: 80
Current policy count: 40
Reward update: 0.4636363636363637 -> 0.24727272727272742
Reward update: 0.44545454545454544 -> 0.26545454545454544
Reward update: 0.39090909090909093 -> 0.26545454545454544
Reward update: 0.3818181818181818 -> 0.2036363636363636
Reward update: 0.37272727272727274 -> 0.3054545454545455
Reward update: 0.3727272727272727 -> 0.2763636363636365
Reward update: 0.36363636363636365 -> 0.3181818181818183
Reward update: 0.3636363636363636 -> 0.26000000000000006
Reward update: 0.3545454545454546 -> 0.31636363636363635
Reward update: 0.35454545454545455 -> 0.2127272727272727
Reward update: 0.34545454545454546 -> 0.24727272727272734
Reward update: 0.34545454545454546 -> 0.2727272727272727
Reward update: 0.3454545454545454 -> 0.2618181818181818
Reward update: 0.3454545454545454 -> 0.25636363636363635
Reward update: 0.33636363636363636 -> 0.3327272727272728
Reward update: 0.3363636363636363 -> 0.29454545454545455
Reward update: 0.3363636363636363 -> 0.2727272727272728
Reward update: 0.32727272727272727 -> 0.30363636363636365
Reward update: 0.3181818181818182 -> 0.2890909090909091
Reward update: 0.3181818181818182 -> 0.22363636363636366
Reward update: 0.3181818181818182 -> 0.32909090909090916
Reward update: 0.3181818181818182 -> 0.24545454545454537
Reward update: 0.3181818181818181 -> 0.23636363636363641
Reward update: 0.3181818181818181 -> 0.2836363636363636
Reward update: 0.3181818181818181 -> 0.23818181818181816
Reward update: 0.30909090909090914 -> 0.1636363636363636
Reward update: 0.3090909090909091 -> 0.2272727272727273
Reward update: 0.3090909090909091 -> 0.24545454545454548
Reward update: 0.3 -> 0.24727272727272723
Reward update: 0.3 -> 0.2690909090909091
Reward update: 0.3 -> 0.24363636363636362
Reward update: 0.3 -> 0.25636363636363646
Reward update: 0.2909090909090909 -> 0.21454545454545454
Reward update: 0.2818181818181818 -> 0.2472727272727273
Reward update: 0.2818181818181818 -> 0.3
Reward update: 0.2818181818181818 -> 0.20363636363636364
Reward update: 0.2818181818181818 -> 0.31454545454545463
Reward update: 0.2727272727272727 -> 0.26909090909090905
Reward update: 0.2727272727272727 -> 0.34727272727272734
Reward update: 0.2727272727272727 -> 0.31090909090909086
Current policy count: 20
Reward update: 0.34727272727272734 -> 0.35090909090909095
Reward update: 0.3327272727272728 -> 0.2545454545454545
Reward update: 0.32909090909090916 -> 0.20363636363636367
Reward update: 0.3181818181818183 -> 0.27090909090909093
Reward update: 0.31636363636363635 -> 0.25272727272727274
Reward update: 0.31454545454545463 -> 0.3363636363636364
Reward update: 0.31090909090909086 -> 0.19636363636363632
Reward update: 0.3054545454545455 -> 0.3363636363636364
Reward update: 0.30363636363636365 -> 0.3036363636363636
Reward update: 0.3 -> 0.2527272727272727
Reward update: 0.29454545454545455 -> 0.28909090909090923
Reward update: 0.2890909090909091 -> 0.22545454545454555
Reward update: 0.2836363636363636 -> 0.2763636363636364
Reward update: 0.2763636363636365 -> 0.30363636363636376
Reward update: 0.2727272727272728 -> 0.2727272727272729
Reward update: 0.2727272727272727 -> 0.27454545454545454
Reward update: 0.2690909090909091 -> 0.21454545454545454
Reward update: 0.26909090909090905 -> 0.22363636363636366
Reward update: 0.26545454545454544 -> 0.2472727272727273
Reward update: 0.26545454545454544 -> 0.24363636363636368
Current policy count: 10
Reward update: 0.35090909090909095 -> 0.3
Reward update: 0.3363636363636364 -> 0.2581818181818182
Reward update: 0.3363636363636364 -> 0.22
Reward update: 0.30363636363636376 -> 0.2018181818181819
Reward update: 0.3036363636363636 -> 0.2836363636363638
Reward update: 0.28909090909090923 -> 0.23272727272727284
Reward update: 0.2763636363636364 -> 0.2618181818181819
Reward update: 0.27454545454545454 -> 0.2654545454545455
Reward update: 0.2727272727272729 -> 0.22181818181818178
Reward update: 0.27090909090909093 -> 0.2345454545454546
Current policy count: 5
Reward update: 0.3 -> 0.26727272727272733
Reward update: 0.2836363636363638 -> 0.23636363636363636
Reward update: 0.2654545454545455 -> 0.31272727272727274
Reward update: 0.2618181818181819 -> 0.26181818181818195
Reward update: 0.2581818181818182 -> 0.25090909090909097
Current policy count: 3
Reward update: 0.31272727272727274 -> 0.26909090909090916
Reward update: 0.26727272727272733 -> 0.26181818181818184
Reward update: 0.26181818181818195 -> 0.2290909090909091
Current policy count: 2
Reward update: 0.26909090909090916 -> 0.3
Reward update: 0.26181818181818184 -> 0.23818181818181816
Current policy count: 1
Reward update: 0.3 -> 0.2181818181818181
Final reward: 0.3145454545454545
Number of nodes: 21
