Iteration 0/80
Training student with 1000 points
Train accuracy: 0.325
Test accuracy: 0.355
Number of nodes: 21
Student reward: 0.0
Iteration 1/80
Training student with 2000 points
Train accuracy: 0.328125
Test accuracy: 0.3275
Number of nodes: 23
Student reward: 0.0
Iteration 2/80
Training student with 3000 points
Train accuracy: 0.2941666666666667
Test accuracy: 0.24333333333333335
Number of nodes: 21
Student reward: 0.0
Iteration 3/80
Training student with 4000 points
Train accuracy: 0.271875
Test accuracy: 0.23625
Number of nodes: 21
Student reward: 0.0
Iteration 4/80
Training student with 5000 points
Train accuracy: 0.273
Test accuracy: 0.259
Number of nodes: 21
Student reward: 0.0
Iteration 5/80
Training student with 6000 points
Train accuracy: 0.25875
Test accuracy: 0.23166666666666666
Number of nodes: 21
Student reward: 0.0
Iteration 6/80
Training student with 7000 points
Train accuracy: 0.2282142857142857
Test accuracy: 0.20642857142857143
Number of nodes: 21
Student reward: 0.0
Iteration 7/80
Training student with 8000 points
Train accuracy: 0.233125
Test accuracy: 0.2325
Number of nodes: 21
Student reward: 0.0
Iteration 8/80
Training student with 9000 points
Train accuracy: 0.23694444444444446
Test accuracy: 0.20166666666666666
Number of nodes: 21
Student reward: 0.0
Iteration 9/80
Training student with 10000 points
Train accuracy: 0.233625
Test accuracy: 0.2295
Number of nodes: 21
Student reward: 0.0
Iteration 10/80
Training student with 11000 points
Train accuracy: 0.23579545454545456
Test accuracy: 0.2018181818181818
Number of nodes: 23
Student reward: 0.0
Iteration 11/80
Training student with 12000 points
Train accuracy: 0.22885416666666666
Test accuracy: 0.23583333333333334
Number of nodes: 21
Student reward: 0.0
Iteration 12/80
Training student with 13000 points
Train accuracy: 0.2310576923076923
Test accuracy: 0.23461538461538461
Number of nodes: 21
Student reward: 0.0
Iteration 13/80
Training student with 14000 points
Train accuracy: 0.2375
Test accuracy: 0.22178571428571428
Number of nodes: 21
Student reward: 0.0
Iteration 14/80
Training student with 15000 points
Train accuracy: 0.22983333333333333
Test accuracy: 0.23266666666666666
Number of nodes: 23
Student reward: 0.0
Iteration 15/80
Training student with 16000 points
Train accuracy: 0.22890625
Test accuracy: 0.226875
Number of nodes: 21
Student reward: 0.0
Iteration 16/80
Training student with 17000 points
Train accuracy: 0.22963235294117648
Test accuracy: 0.20794117647058824
Number of nodes: 23
Student reward: 0.0
Iteration 17/80
Training student with 18000 points
Train accuracy: 0.22645833333333334
Test accuracy: 0.22611111111111112
Number of nodes: 21
Student reward: 0.0
Iteration 18/80
Training student with 19000 points
Train accuracy: 0.22651315789473683
Test accuracy: 0.2236842105263158
Number of nodes: 21
Student reward: 0.0
Iteration 19/80
Training student with 20000 points
Train accuracy: 0.227125
Test accuracy: 0.21075
Number of nodes: 21
Student reward: 0.0
Iteration 20/80
Training student with 21000 points
Train accuracy: 0.22833333333333333
Test accuracy: 0.22690476190476191
Number of nodes: 21
Student reward: 0.0
Iteration 21/80
Training student with 22000 points
Train accuracy: 0.22636363636363635
Test accuracy: 0.23
Number of nodes: 23
Student reward: 0.0
Iteration 22/80
Training student with 23000 points
Train accuracy: 0.22706521739130434
Test accuracy: 0.2234782608695652
Number of nodes: 23
Student reward: 0.0
Iteration 23/80
Training student with 24000 points
Train accuracy: 0.22942708333333334
Test accuracy: 0.20208333333333334
Number of nodes: 23
Student reward: 0.0
Iteration 24/80
Training student with 25000 points
Train accuracy: 0.22615
Test accuracy: 0.2252
Number of nodes: 21
Student reward: 0.0
Iteration 25/80
Training student with 26000 points
Train accuracy: 0.22548076923076923
Test accuracy: 0.22115384615384615
Number of nodes: 23
Student reward: 0.0
Iteration 26/80
Training student with 27000 points
Train accuracy: 0.22569444444444445
Test accuracy: 0.2285185185185185
Number of nodes: 21
Student reward: 0.0
Iteration 27/80
Training student with 28000 points
Train accuracy: 0.22660714285714287
Test accuracy: 0.22321428571428573
Number of nodes: 21
Student reward: 0.0
Iteration 28/80
Training student with 29000 points
Train accuracy: 0.22366379310344828
Test accuracy: 0.2193103448275862
Number of nodes: 23
Student reward: 0.0
Iteration 29/80
Training student with 30000 points
Train accuracy: 0.23029166666666667
Test accuracy: 0.22416666666666665
Number of nodes: 23
Student reward: 0.0
Iteration 30/80
Training student with 31000 points
Train accuracy: 0.22076612903225806
Test accuracy: 0.21387096774193548
Number of nodes: 23
Student reward: 0.0
Iteration 31/80
Training student with 32000 points
Train accuracy: 0.2220703125
Test accuracy: 0.22203125
Number of nodes: 21
Student reward: 0.0
Iteration 32/80
Training student with 33000 points
Train accuracy: 0.22386363636363638
Test accuracy: 0.215
Number of nodes: 21
Student reward: 0.0
Iteration 33/80
Training student with 34000 points
Train accuracy: 0.23051470588235295
Test accuracy: 0.22941176470588234
Number of nodes: 23
Student reward: 0.0
Iteration 34/80
Training student with 35000 points
Train accuracy: 0.22778571428571429
Test accuracy: 0.23114285714285715
Number of nodes: 23
Student reward: 0.0
Iteration 35/80
Training student with 36000 points
Train accuracy: 0.23104166666666667
Test accuracy: 0.2136111111111111
Number of nodes: 23
Student reward: 0.0
Iteration 36/80
Training student with 37000 points
Train accuracy: 0.22469594594594594
Test accuracy: 0.22432432432432434
Number of nodes: 23
Student reward: 0.0
Iteration 37/80
Training student with 38000 points
Train accuracy: 0.23325657894736843
Test accuracy: 0.22236842105263158
Number of nodes: 23
Student reward: 0.0
Iteration 38/80
Training student with 39000 points
Train accuracy: 0.22775641025641025
Test accuracy: 0.21743589743589745
Number of nodes: 23
Student reward: 0.0
Iteration 39/80
Training student with 40000 points
Train accuracy: 0.2279375
Test accuracy: 0.219625
Number of nodes: 23
Student reward: 0.0
Iteration 40/80
Training student with 41000 points
Train accuracy: 0.22859756097560976
Test accuracy: 0.22439024390243903
Number of nodes: 23
Student reward: 0.0
Iteration 41/80
Training student with 42000 points
Train accuracy: 0.22961309523809523
Test accuracy: 0.22464285714285714
Number of nodes: 23
Student reward: 0.0
Iteration 42/80
Training student with 43000 points
Train accuracy: 0.2279360465116279
Test accuracy: 0.21790697674418605
Number of nodes: 23
Student reward: 0.0
Iteration 43/80
Training student with 44000 points
Train accuracy: 0.22599431818181817
Test accuracy: 0.22102272727272726
Number of nodes: 23
Student reward: 0.0
Iteration 44/80
Training student with 45000 points
Train accuracy: 0.22491666666666665
Test accuracy: 0.22677777777777777
Number of nodes: 23
Student reward: 0.0
Iteration 45/80
Training student with 46000 points
Train accuracy: 0.2271467391304348
Test accuracy: 0.21695652173913044
Number of nodes: 23
Student reward: 0.0
Iteration 46/80
Training student with 47000 points
Train accuracy: 0.22739361702127658
Test accuracy: 0.21882978723404256
Number of nodes: 23
Student reward: 0.0
Iteration 47/80
Training student with 48000 points
Train accuracy: 0.22763020833333333
Test accuracy: 0.22354166666666667
Number of nodes: 23
Student reward: 0.0
Iteration 48/80
Training student with 49000 points
Train accuracy: 0.22775510204081634
Test accuracy: 0.22387755102040816
Number of nodes: 23
Student reward: 0.0
Iteration 49/80
Training student with 50000 points
Train accuracy: 0.22785
Test accuracy: 0.23
Number of nodes: 23
Student reward: 0.0
Iteration 50/80
Training student with 51000 points
Train accuracy: 0.22487745098039216
Test accuracy: 0.23009803921568628
Number of nodes: 23
Student reward: 0.0
Iteration 51/80
Training student with 52000 points
Train accuracy: 0.22610576923076922
Test accuracy: 0.2271153846153846
Number of nodes: 23
Student reward: 0.0
Iteration 52/80
Training student with 53000 points
Train accuracy: 0.2245754716981132
Test accuracy: 0.22283018867924528
Number of nodes: 23
Student reward: 0.0
Iteration 53/80
Training student with 54000 points
Train accuracy: 0.22587962962962962
Test accuracy: 0.22611111111111112
Number of nodes: 23
Student reward: 0.0
Iteration 54/80
Training student with 55000 points
Train accuracy: 0.22922727272727272
Test accuracy: 0.222
Number of nodes: 23
Student reward: 0.0
Iteration 55/80
Training student with 56000 points
Train accuracy: 0.22334821428571427
Test accuracy: 0.22723214285714285
Number of nodes: 23
Student reward: 0.0
Iteration 56/80
Training student with 57000 points
Train accuracy: 0.2256359649122807
Test accuracy: 0.22078947368421054
Number of nodes: 23
Student reward: 0.0
Iteration 57/80
Training student with 58000 points
Train accuracy: 0.2270905172413793
Test accuracy: 0.2292241379310345
Number of nodes: 23
Student reward: 0.0
Iteration 58/80
Training student with 59000 points
Train accuracy: 0.22555084745762713
Test accuracy: 0.22779661016949151
Number of nodes: 23
Student reward: 0.0
Iteration 59/80
Training student with 60000 points
Train accuracy: 0.225
Test accuracy: 0.22983333333333333
Number of nodes: 23
Student reward: 0.0
Iteration 60/80
Training student with 61000 points
Train accuracy: 0.22366803278688524
Test accuracy: 0.2210655737704918
Number of nodes: 23
Student reward: 0.0
Iteration 61/80
Training student with 62000 points
Train accuracy: 0.22606854838709678
Test accuracy: 0.2204032258064516
Number of nodes: 23
Student reward: 0.0
Iteration 62/80
Training student with 63000 points
Train accuracy: 0.22430555555555556
Test accuracy: 0.22301587301587303
Number of nodes: 23
Student reward: 0.0
Iteration 63/80
Training student with 64000 points
Train accuracy: 0.2258203125
Test accuracy: 0.220625
Number of nodes: 23
Student reward: 0.0
Iteration 64/80
Training student with 65000 points
Train accuracy: 0.22326923076923078
Test accuracy: 0.22338461538461538
Number of nodes: 23
Student reward: 0.0
Iteration 65/80
Training student with 66000 points
Train accuracy: 0.2274621212121212
Test accuracy: 0.21946969696969698
Number of nodes: 23
Student reward: 0.0
Iteration 66/80
Training student with 67000 points
Train accuracy: 0.2257089552238806
Test accuracy: 0.22559701492537312
Number of nodes: 23
Student reward: 0.0
Iteration 67/80
Training student with 68000 points
Train accuracy: 0.2225735294117647
Test accuracy: 0.21102941176470588
Number of nodes: 23
Student reward: 0.0
Iteration 68/80
Training student with 69000 points
Train accuracy: 0.22478260869565217
Test accuracy: 0.21927536231884057
Number of nodes: 23
Student reward: 0.0
Iteration 69/80
Training student with 70000 points
Train accuracy: 0.22575
Test accuracy: 0.21992857142857142
Number of nodes: 23
Student reward: 0.0
Iteration 70/80
Training student with 71000 points
Train accuracy: 0.2213732394366197
Test accuracy: 0.218943661971831
Number of nodes: 23
Student reward: 0.0
Iteration 71/80
Training student with 72000 points
Train accuracy: 0.22460069444444444
Test accuracy: 0.21930555555555556
Number of nodes: 23
Student reward: 0.0
Iteration 72/80
Training student with 73000 points
Train accuracy: 0.22587328767123288
Test accuracy: 0.22075342465753425
Number of nodes: 23
Student reward: 0.0
Iteration 73/80
Training student with 74000 points
Train accuracy: 0.22204391891891892
Test accuracy: 0.22135135135135134
Number of nodes: 23
Student reward: 0.0
Iteration 74/80
Training student with 75000 points
Train accuracy: 0.2229
Test accuracy: 0.21666666666666667
Number of nodes: 23
Student reward: 0.0
Iteration 75/80
Training student with 76000 points
Train accuracy: 0.22425986842105264
Test accuracy: 0.22342105263157894
Number of nodes: 23
Student reward: 0.0
Iteration 76/80
Training student with 77000 points
Train accuracy: 0.22219155844155844
Test accuracy: 0.22175324675324676
Number of nodes: 23
Student reward: 0.0
Iteration 77/80
Training student with 78000 points
Train accuracy: 0.2250801282051282
Test accuracy: 0.22621794871794873
Number of nodes: 23
Student reward: 0.0
Iteration 78/80
Training student with 79000 points
Train accuracy: 0.2266772151898734
Test accuracy: 0.22335443037974684
Number of nodes: 23
Student reward: 0.0
Iteration 79/80
Training student with 80000 points
Train accuracy: 0.222515625
Test accuracy: 0.2259375
Number of nodes: 23
Student reward: 0.0
Initial policy count: 80
Current policy count: 40
Reward update: 0.0 -> 0.0
Reward update: 0.0 -> 0.0
Reward update: 0.0 -> 0.0
Reward update: 0.0 -> 0.0
Reward update: 0.0 -> 0.0
Reward update: 0.0 -> 0.0
Reward update: 0.0 -> 0.0
Reward update: 0.0 -> 0.0
Reward update: 0.0 -> 0.0
Reward update: 0.0 -> 0.0
Reward update: 0.0 -> 0.0
Reward update: 0.0 -> 0.0
Reward update: 0.0 -> 0.0
Reward update: 0.0 -> 0.0
Reward update: 0.0 -> 0.0
Reward update: 0.0 -> 0.0
Reward update: 0.0 -> 0.0
Reward update: 0.0 -> 0.0
Reward update: 0.0 -> 0.0
Reward update: 0.0 -> 0.0
Reward update: 0.0 -> 0.0
Reward update: 0.0 -> 0.0
Reward update: 0.0 -> 0.0
Reward update: 0.0 -> 0.0
Reward update: 0.0 -> 0.0
Reward update: 0.0 -> 0.0
Reward update: 0.0 -> 0.0
Reward update: 0.0 -> 0.0
Reward update: 0.0 -> 0.0
Reward update: 0.0 -> 0.0
Reward update: 0.0 -> 0.0
Reward update: 0.0 -> 0.0
Reward update: 0.0 -> 0.0
Reward update: 0.0 -> 0.0
Reward update: 0.0 -> 0.0
Reward update: 0.0 -> 0.0
Reward update: 0.0 -> 0.0
Reward update: 0.0 -> 0.0
Reward update: 0.0 -> 0.0
Reward update: 0.0 -> 0.0
Current policy count: 20
Reward update: 0.0 -> 0.0
Reward update: 0.0 -> 0.0
Reward update: 0.0 -> 0.0
Reward update: 0.0 -> 0.0
Reward update: 0.0 -> 0.0
Reward update: 0.0 -> 0.0
Reward update: 0.0 -> 0.0
Reward update: 0.0 -> 0.0
Reward update: 0.0 -> 0.0
Reward update: 0.0 -> 0.0
Reward update: 0.0 -> 0.0
Reward update: 0.0 -> 0.0
Reward update: 0.0 -> 0.0
Reward update: 0.0 -> 0.0
Reward update: 0.0 -> 0.0
Reward update: 0.0 -> 0.0
Reward update: 0.0 -> 0.0
Reward update: 0.0 -> 0.0
Reward update: 0.0 -> 0.0
Reward update: 0.0 -> 0.0
Current policy count: 10
Reward update: 0.0 -> 0.0
Reward update: 0.0 -> 0.0
Reward update: 0.0 -> 0.0
Reward update: 0.0 -> 0.0
Reward update: 0.0 -> 0.0
Reward update: 0.0 -> 0.0
Reward update: 0.0 -> 0.0
Reward update: 0.0 -> 0.0
Reward update: 0.0 -> 0.0
Reward update: 0.0 -> 0.0
Current policy count: 5
Reward update: 0.0 -> 0.0
Reward update: 0.0 -> 0.0
Reward update: 0.0 -> 0.0
Reward update: 0.0 -> 0.0
Reward update: 0.0 -> 0.0
Current policy count: 3
Reward update: 0.0 -> 0.0
Reward update: 0.0 -> 0.0
Reward update: 0.0 -> 0.0
Current policy count: 2
Reward update: 0.0 -> 0.0
Reward update: 0.0 -> 0.0
Current policy count: 1
Reward update: 0.0 -> 0.0
Final reward: 0.0
Number of nodes: 21
