Iteration 0/80
Training student with 3000 points
Train accuracy: 0.2925
Test accuracy: 0.2733333333333333
Number of nodes: 31
Student reward: 0.0
Iteration 1/80
Training student with 6000 points
Train accuracy: 0.2920833333333333
Test accuracy: 0.27666666666666667
Number of nodes: 31
Student reward: 0.0
Iteration 2/80
Training student with 9000 points
Train accuracy: 0.27875
Test accuracy: 0.275
Number of nodes: 31
Student reward: 0.0
Iteration 3/80
Training student with 12000 points
Train accuracy: 0.26635416666666667
Test accuracy: 0.28583333333333333
Number of nodes: 31
Student reward: 0.0
Iteration 4/80
Training student with 15000 points
Train accuracy: 0.276
Test accuracy: 0.2796666666666667
Number of nodes: 31
Student reward: 0.0
Iteration 5/80
Training student with 18000 points
Train accuracy: 0.27125
Test accuracy: 0.2783333333333333
Number of nodes: 31
Student reward: 0.0
Iteration 6/80
Training student with 21000 points
Train accuracy: 0.26708333333333334
Test accuracy: 0.27785714285714286
Number of nodes: 31
Student reward: 0.0
Iteration 7/80
Training student with 24000 points
Train accuracy: 0.27145833333333336
Test accuracy: 0.2654166666666667
Number of nodes: 31
Student reward: 0.0
Iteration 8/80
Training student with 27000 points
Train accuracy: 0.27449074074074076
Test accuracy: 0.2840740740740741
Number of nodes: 31
Student reward: 0.0
Iteration 9/80
Training student with 30000 points
Train accuracy: 0.27166666666666667
Test accuracy: 0.2693333333333333
Number of nodes: 31
Student reward: 0.0
Iteration 10/80
Training student with 33000 points
Train accuracy: 0.27518939393939396
Test accuracy: 0.2740909090909091
Number of nodes: 31
Student reward: 0.0
Iteration 11/80
Training student with 36000 points
Train accuracy: 0.2709375
Test accuracy: 0.26944444444444443
Number of nodes: 31
Student reward: 0.0
Iteration 12/80
Training student with 39000 points
Train accuracy: 0.2750641025641026
Test accuracy: 0.2783333333333333
Number of nodes: 31
Student reward: 0.0
Iteration 13/80
Training student with 42000 points
Train accuracy: 0.2720238095238095
Test accuracy: 0.2763095238095238
Number of nodes: 31
Student reward: 0.0
Iteration 14/80
Training student with 45000 points
Train accuracy: 0.2747222222222222
Test accuracy: 0.26944444444444443
Number of nodes: 31
Student reward: 0.0
Iteration 15/80
Training student with 48000 points
Train accuracy: 0.273359375
Test accuracy: 0.2784375
Number of nodes: 31
Student reward: 0.0
Iteration 16/80
Training student with 51000 points
Train accuracy: 0.2772794117647059
Test accuracy: 0.27598039215686276
Number of nodes: 31
Student reward: 0.0
Iteration 17/80
Training student with 54000 points
Train accuracy: 0.27546296296296297
Test accuracy: 0.27324074074074073
Number of nodes: 31
Student reward: 0.0
Iteration 18/80
Training student with 57000 points
Train accuracy: 0.27633771929824563
Test accuracy: 0.2742982456140351
Number of nodes: 31
Student reward: 0.0
Iteration 19/80
Training student with 60000 points
Train accuracy: 0.27510416666666665
Test accuracy: 0.2785
Number of nodes: 31
Student reward: 0.0
Iteration 20/80
Training student with 63000 points
Train accuracy: 0.27501984126984125
Test accuracy: 0.2725396825396825
Number of nodes: 31
Student reward: 0.0
Iteration 21/80
Training student with 66000 points
Train accuracy: 0.27295454545454545
Test accuracy: 0.27090909090909093
Number of nodes: 31
Student reward: 0.0
Iteration 22/80
Training student with 69000 points
Train accuracy: 0.2728623188405797
Test accuracy: 0.27166666666666667
Number of nodes: 31
Student reward: 0.0
Iteration 23/80
Training student with 72000 points
Train accuracy: 0.27515625
Test accuracy: 0.2710416666666667
Number of nodes: 31
Student reward: 0.0
Iteration 24/80
Training student with 75000 points
Train accuracy: 0.27586666666666665
Test accuracy: 0.2704666666666667
Number of nodes: 31
Student reward: 0.0
Iteration 25/80
Training student with 78000 points
Train accuracy: 0.27463141025641025
Test accuracy: 0.2792948717948718
Number of nodes: 31
Student reward: 0.0
Iteration 26/80
Training student with 81000 points
Train accuracy: 0.2754783950617284
Test accuracy: 0.2716049382716049
Number of nodes: 31
Student reward: 0.0
Iteration 27/80
Training student with 84000 points
Train accuracy: 0.27834821428571427
Test accuracy: 0.2704166666666667
Number of nodes: 31
Student reward: 0.0
Iteration 28/80
Training student with 87000 points
Train accuracy: 0.27869252873563216
Test accuracy: 0.27586206896551724
Number of nodes: 31
Student reward: 0.0
Iteration 29/80
Training student with 90000 points
Train accuracy: 0.27375
Test accuracy: 0.27294444444444443
Number of nodes: 31
Student reward: 0.0
Iteration 30/80
Training student with 93000 points
Train accuracy: 0.2763978494623656
Test accuracy: 0.2738709677419355
Number of nodes: 31
Student reward: 0.0
Iteration 31/80
Training student with 96000 points
Train accuracy: 0.27313802083333333
Test accuracy: 0.27729166666666666
Number of nodes: 31
Student reward: 0.0
Iteration 32/80
Training student with 99000 points
Train accuracy: 0.2749621212121212
Test accuracy: 0.2762121212121212
Number of nodes: 31
Student reward: 0.0
Iteration 33/80
Training student with 102000 points
Train accuracy: 0.27643382352941176
Test accuracy: 0.27705882352941175
Number of nodes: 31
Student reward: 0.0
Iteration 34/80
Training student with 105000 points
Train accuracy: 0.27648809523809526
Test accuracy: 0.28004761904761905
Number of nodes: 31
Student reward: 0.0
Iteration 35/80
Training student with 108000 points
Train accuracy: 0.27675925925925926
Test accuracy: 0.2772685185185185
Number of nodes: 31
Student reward: 0.0
Iteration 36/80
Training student with 111000 points
Train accuracy: 0.2736036036036036
Test accuracy: 0.2827927927927928
Number of nodes: 31
Student reward: 0.0
Iteration 37/80
Training student with 114000 points
Train accuracy: 0.2764254385964912
Test accuracy: 0.2743859649122807
Number of nodes: 31
Student reward: 0.0
Iteration 38/80
Training student with 117000 points
Train accuracy: 0.27357905982905983
Test accuracy: 0.2691025641025641
Number of nodes: 31
Student reward: 0.0
Iteration 39/80
Training student with 120000 points
Train accuracy: 0.27430208333333334
Test accuracy: 0.2710416666666667
Number of nodes: 31
Student reward: 0.0
Iteration 40/80
Training student with 123000 points
Train accuracy: 0.27460365853658536
Test accuracy: 0.27471544715447155
Number of nodes: 31
Student reward: 0.0
Iteration 41/80
Training student with 126000 points
Train accuracy: 0.27791666666666665
Test accuracy: 0.2747222222222222
Number of nodes: 31
Student reward: 0.0
Iteration 42/80
Training student with 129000 points
Train accuracy: 0.27517441860465114
Test accuracy: 0.2805813953488372
Number of nodes: 31
Student reward: 0.0
Iteration 43/80
Training student with 132000 points
Train accuracy: 0.2762026515151515
Test accuracy: 0.2792045454545454
Number of nodes: 31
Student reward: 0.0
Iteration 44/80
Training student with 135000 points
Train accuracy: 0.27474074074074073
Test accuracy: 0.2769259259259259
Number of nodes: 31
Student reward: 0.0
Iteration 45/80
Training student with 138000 points
Train accuracy: 0.2753623188405797
Test accuracy: 0.2798550724637681
Number of nodes: 31
Student reward: 0.0
Iteration 46/80
Training student with 141000 points
Train accuracy: 0.2734308510638298
Test accuracy: 0.2723404255319149
Number of nodes: 31
Student reward: 0.0
Iteration 47/80
Training student with 144000 points
Train accuracy: 0.2755815972222222
Test accuracy: 0.27923611111111113
Number of nodes: 31
Student reward: 0.0
Iteration 48/80
Training student with 147000 points
Train accuracy: 0.2769302721088435
Test accuracy: 0.27431972789115644
Number of nodes: 31
Student reward: 0.0
Iteration 49/80
Training student with 150000 points
Train accuracy: 0.27555833333333335
Test accuracy: 0.2746
Number of nodes: 31
Student reward: 0.0
Iteration 50/80
Training student with 153000 points
Train accuracy: 0.27622549019607845
Test accuracy: 0.2732352941176471
Number of nodes: 31
Student reward: 0.0
Iteration 51/80
Training student with 156000 points
Train accuracy: 0.2766826923076923
Test accuracy: 0.27307692307692305
Number of nodes: 31
Student reward: 0.0
Iteration 52/80
Training student with 159000 points
Train accuracy: 0.276627358490566
Test accuracy: 0.274874213836478
Number of nodes: 31
Student reward: 0.0
Iteration 53/80
Training student with 162000 points
Train accuracy: 0.27719907407407407
Test accuracy: 0.2743827160493827
Number of nodes: 31
Student reward: 0.0
Iteration 54/80
Training student with 165000 points
Train accuracy: 0.2768939393939394
Test accuracy: 0.27290909090909093
Number of nodes: 31
Student reward: 0.0
Iteration 55/80
Training student with 168000 points
Train accuracy: 0.2744122023809524
Test accuracy: 0.2782142857142857
Number of nodes: 31
Student reward: 0.0
Iteration 56/80
Training student with 171000 points
Train accuracy: 0.2762353801169591
Test accuracy: 0.27707602339181286
Number of nodes: 31
Student reward: 0.0
Iteration 57/80
Training student with 174000 points
Train accuracy: 0.2753663793103448
Test accuracy: 0.2771264367816092
Number of nodes: 31
Student reward: 0.0
Iteration 58/80
Training student with 177000 points
Train accuracy: 0.2767867231638418
Test accuracy: 0.2754519774011299
Number of nodes: 31
Student reward: 0.0
Iteration 59/80
Training student with 180000 points
Train accuracy: 0.275875
Test accuracy: 0.2738611111111111
Number of nodes: 31
Student reward: 0.0
Iteration 60/80
Training student with 183000 points
Train accuracy: 0.27415983606557376
Test accuracy: 0.27650273224043714
Number of nodes: 31
Student reward: 0.0
Iteration 61/80
Training student with 186000 points
Train accuracy: 0.27568548387096775
Test accuracy: 0.27548387096774196
Number of nodes: 31
Student reward: 0.0
Iteration 62/80
Training student with 189000 points
Train accuracy: 0.2752050264550265
Test accuracy: 0.2777777777777778
Number of nodes: 31
Student reward: 0.0
Iteration 63/80
Training student with 192000 points
Train accuracy: 0.2758203125
Test accuracy: 0.27513020833333335
Number of nodes: 31
Student reward: 0.0
Iteration 64/80
Training student with 195000 points
Train accuracy: 0.2767179487179487
Test accuracy: 0.27553846153846157
Number of nodes: 31
Student reward: 0.0
Iteration 65/80
Training student with 198000 points
Train accuracy: 0.2761489898989899
Test accuracy: 0.2721717171717172
Number of nodes: 31
Student reward: 0.0
Iteration 66/80
Training student with 200000 points
Train accuracy: 0.27565625
Test accuracy: 0.2799
Number of nodes: 31
Student reward: 0.0
Iteration 67/80
Training student with 200000 points
Train accuracy: 0.27605
Test accuracy: 0.269725
Number of nodes: 31
Student reward: 0.0
Iteration 68/80
Training student with 200000 points
Train accuracy: 0.276
Test accuracy: 0.274975
Number of nodes: 31
Student reward: 0.0
Iteration 69/80
Training student with 200000 points
Train accuracy: 0.27685625
Test accuracy: 0.272725
Number of nodes: 31
Student reward: 0.0
Iteration 70/80
Training student with 200000 points
Train accuracy: 0.273775
Test accuracy: 0.27475
Number of nodes: 31
Student reward: 0.0
Iteration 71/80
Training student with 200000 points
Train accuracy: 0.2751375
Test accuracy: 0.274025
Number of nodes: 31
Student reward: 0.0
Iteration 72/80
Training student with 200000 points
Train accuracy: 0.27553125
Test accuracy: 0.275375
Number of nodes: 31
Student reward: 0.0
Iteration 73/80
Training student with 200000 points
Train accuracy: 0.27516875
Test accuracy: 0.273175
Number of nodes: 31
Student reward: 0.0
Iteration 74/80
Training student with 200000 points
Train accuracy: 0.2751625
Test accuracy: 0.281
Number of nodes: 31
Student reward: 0.0
Iteration 75/80
Training student with 200000 points
Train accuracy: 0.2759
Test accuracy: 0.27725
Number of nodes: 31
Student reward: 0.0
Iteration 76/80
Training student with 200000 points
Train accuracy: 0.27744375
Test accuracy: 0.271675
Number of nodes: 31
Student reward: 0.0
Iteration 77/80
Training student with 200000 points
Train accuracy: 0.2772875
Test accuracy: 0.2728
Number of nodes: 31
Student reward: 0.0
Iteration 78/80
Training student with 200000 points
Train accuracy: 0.27681875
Test accuracy: 0.27105
Number of nodes: 31
Student reward: 0.0
Iteration 79/80
Training student with 200000 points
Train accuracy: 0.275675
Test accuracy: 0.273
Number of nodes: 31
Student reward: 0.0
Initial policy count: 80
Current policy count: 40
Reward update: 0.0 -> 0.0
Reward update: 0.0 -> 0.0
Reward update: 0.0 -> 0.0
Reward update: 0.0 -> 0.0
Reward update: 0.0 -> 0.0
Reward update: 0.0 -> 0.0
Reward update: 0.0 -> 0.0
Reward update: 0.0 -> 0.0
Reward update: 0.0 -> 0.0
Reward update: 0.0 -> 0.0
Reward update: 0.0 -> 0.0
Reward update: 0.0 -> 0.0
Reward update: 0.0 -> 0.0
Reward update: 0.0 -> 0.0
Reward update: 0.0 -> 0.0
Reward update: 0.0 -> 0.0
Reward update: 0.0 -> 0.0
Reward update: 0.0 -> 0.0
Reward update: 0.0 -> 0.0
Reward update: 0.0 -> 0.0
Reward update: 0.0 -> 0.0
Reward update: 0.0 -> 0.0
Reward update: 0.0 -> 0.0
Reward update: 0.0 -> 0.0
Reward update: 0.0 -> 0.0
Reward update: 0.0 -> 0.0
Reward update: 0.0 -> 0.0
Reward update: 0.0 -> 0.0
Reward update: 0.0 -> 0.0
Reward update: 0.0 -> 0.0
Reward update: 0.0 -> 0.0
Reward update: 0.0 -> 0.0
Reward update: 0.0 -> 0.0
Reward update: 0.0 -> 0.0
Reward update: 0.0 -> 0.0
Reward update: 0.0 -> 0.0
Reward update: 0.0 -> 0.0
Reward update: 0.0 -> 0.0
Reward update: 0.0 -> 0.0
Reward update: 0.0 -> 0.0
Current policy count: 20
Reward update: 0.0 -> 0.0
Reward update: 0.0 -> 0.0
Reward update: 0.0 -> 0.0
Reward update: 0.0 -> 0.0
Reward update: 0.0 -> 0.0
Reward update: 0.0 -> 0.0
Reward update: 0.0 -> 0.0
Reward update: 0.0 -> 0.0
Reward update: 0.0 -> 0.0
Reward update: 0.0 -> 0.0
Reward update: 0.0 -> 0.0
Reward update: 0.0 -> 0.0
Reward update: 0.0 -> 0.0
Reward update: 0.0 -> 0.0
Reward update: 0.0 -> 0.0
Reward update: 0.0 -> 0.0
Reward update: 0.0 -> 0.0
Reward update: 0.0 -> 0.0
Reward update: 0.0 -> 0.0
Reward update: 0.0 -> 0.0
Current policy count: 10
Reward update: 0.0 -> 0.0
Reward update: 0.0 -> 0.0
Reward update: 0.0 -> 0.0
Reward update: 0.0 -> 0.0
Reward update: 0.0 -> 0.0
Reward update: 0.0 -> 0.0
Reward update: 0.0 -> 0.0
Reward update: 0.0 -> 0.0
Reward update: 0.0 -> 0.0
Reward update: 0.0 -> 0.0
Current policy count: 5
Reward update: 0.0 -> 0.0
Reward update: 0.0 -> 0.0
Reward update: 0.0 -> 0.0
Reward update: 0.0 -> 0.0
Reward update: 0.0 -> 0.0
Current policy count: 3
Reward update: 0.0 -> 0.0
Reward update: 0.0 -> 0.0
Reward update: 0.0 -> 0.0
Current policy count: 2
Reward update: 0.0 -> 0.0
Reward update: 0.0 -> 0.0
Current policy count: 1
Reward update: 0.0 -> 0.0
Final reward: 0.0
Number of nodes: 31
