Iteration 0/80
Training student with 133 points
Train accuracy: 0.8679245283018868
Test accuracy: 0.7407407407407407
Number of nodes: 19
Student reward: 0.2
Iteration 1/80
Training student with 938 points
Train accuracy: 0.5186666666666667
Test accuracy: 0.44148936170212766
Number of nodes: 21
Student reward: 0.3
Iteration 2/80
Training student with 1648 points
Train accuracy: 0.6198786039453718
Test accuracy: 0.6727272727272727
Number of nodes: 21
Student reward: 0.3
Iteration 3/80
Training student with 2374 points
Train accuracy: 0.6061084781463928
Test accuracy: 0.6463157894736842
Number of nodes: 21
Student reward: 0.6
Iteration 4/80
Training student with 2827 points
Train accuracy: 0.6068111455108359
Test accuracy: 0.5936395759717314
Number of nodes: 21
Student reward: 0.5
Iteration 5/80
Training student with 3339 points
Train accuracy: 0.636465743167353
Test accuracy: 0.6287425149700598
Number of nodes: 21
Student reward: 0.7
Iteration 6/80
Training student with 3684 points
Train accuracy: 0.6433661350525959
Test accuracy: 0.649932157394844
Number of nodes: 21
Student reward: 0.6
Iteration 7/80
Training student with 4111 points
Train accuracy: 0.6322992700729927
Test accuracy: 0.6354799513973268
Number of nodes: 21
Student reward: 0.6
Iteration 8/80
Training student with 4557 points
Train accuracy: 0.6340192043895747
Test accuracy: 0.6260964912280702
Number of nodes: 21
Student reward: 0.4
Iteration 9/80
Training student with 5177 points
Train accuracy: 0.6235208886742333
Test accuracy: 0.61003861003861
Number of nodes: 21
Student reward: 0.5
Iteration 10/80
Training student with 5719 points
Train accuracy: 0.6187978142076502
Test accuracy: 0.6354895104895105
Number of nodes: 21
Student reward: 0.4
Iteration 11/80
Training student with 6351 points
Train accuracy: 0.6261811023622047
Test accuracy: 0.6239181746656176
Number of nodes: 21
Student reward: 0.6
Iteration 12/80
Training student with 6797 points
Train accuracy: 0.6251609343387897
Test accuracy: 0.6264705882352941
Number of nodes: 21
Student reward: 0.3
Iteration 13/80
Training student with 7511 points
Train accuracy: 0.6413115845539281
Test accuracy: 0.633399866932801
Number of nodes: 21
Student reward: 0.4
Iteration 14/80
Training student with 8138 points
Train accuracy: 0.6265745007680491
Test accuracy: 0.6388206388206388
Number of nodes: 21
Student reward: 0.4
Iteration 15/80
Training student with 8768 points
Train accuracy: 0.6268890789848873
Test accuracy: 0.6100342075256556
Number of nodes: 21
Student reward: 0.2
Iteration 16/80
Training student with 9592 points
Train accuracy: 0.6195751335852991
Test accuracy: 0.6326211568525274
Number of nodes: 21
Student reward: 0.3
Iteration 17/80
Training student with 10297 points
Train accuracy: 0.6118732548257861
Test accuracy: 0.6194174757281553
Number of nodes: 21
Student reward: 0.4
Iteration 18/80
Training student with 10914 points
Train accuracy: 0.6204329400984996
Test accuracy: 0.6404031149793862
Number of nodes: 21
Student reward: 0.1
Iteration 19/80
Training student with 11817 points
Train accuracy: 0.6187453718396276
Test accuracy: 0.6252115059221658
Number of nodes: 21
Student reward: 0.4
Iteration 20/80
Training student with 12441 points
Train accuracy: 0.6197749196141479
Test accuracy: 0.622740056247489
Number of nodes: 21
Student reward: 0.4
Iteration 21/80
Training student with 13083 points
Train accuracy: 0.6331931970189184
Test accuracy: 0.6469239587313718
Number of nodes: 21
Student reward: 0.2
Iteration 22/80
Training student with 13899 points
Train accuracy: 0.621458764277363
Test accuracy: 0.629136690647482
Number of nodes: 21
Student reward: 0.5
Iteration 23/80
Training student with 14412 points
Train accuracy: 0.632405238962616
Test accuracy: 0.6246964967048214
Number of nodes: 21
Student reward: 0.2
Iteration 24/80
Training student with 15239 points
Train accuracy: 0.6234107128209335
Test accuracy: 0.6473097112860893
Number of nodes: 21
Student reward: 0.3
Iteration 25/80
Training student with 15954 points
Train accuracy: 0.6279871503564992
Test accuracy: 0.6267627702914447
Number of nodes: 21
Student reward: 0.2
Iteration 26/80
Training student with 16785 points
Train accuracy: 0.6225052129877867
Test accuracy: 0.6118558236520703
Number of nodes: 21
Student reward: 0.3
Iteration 27/80
Training student with 17506 points
Train accuracy: 0.6218223364752927
Test accuracy: 0.6219303255282695
Number of nodes: 21
Student reward: 0.6
Iteration 28/80
Training student with 17956 points
Train accuracy: 0.6216235032024505
Test accuracy: 0.6188752783964365
Number of nodes: 21
Student reward: 0.6
Iteration 29/80
Training student with 18369 points
Train accuracy: 0.6185777475331745
Test accuracy: 0.6113228089275994
Number of nodes: 21
Student reward: 0.4
Iteration 30/80
Training student with 18991 points
Train accuracy: 0.6223670352817272
Test accuracy: 0.6185838378520664
Number of nodes: 21
Student reward: 0.4
Iteration 31/80
Training student with 19625 points
Train accuracy: 0.6261146496815286
Test accuracy: 0.6280254777070063
Number of nodes: 21
Student reward: 0.5
Iteration 32/80
Training student with 20170 points
Train accuracy: 0.6208477937530986
Test accuracy: 0.6127912741695587
Number of nodes: 21
Student reward: 0.3
Iteration 33/80
Training student with 20893 points
Train accuracy: 0.6215747277731243
Test accuracy: 0.6401052883464944
Number of nodes: 21
Student reward: 0.3
Iteration 34/80
Training student with 21605 points
Train accuracy: 0.6326660495255728
Test accuracy: 0.6206896551724138
Number of nodes: 21
Student reward: 0.5
Iteration 35/80
Training student with 22139 points
Train accuracy: 0.628648862288973
Test accuracy: 0.6314363143631436
Number of nodes: 21
Student reward: 0.6
Iteration 36/80
Training student with 22602 points
Train accuracy: 0.6256844201095072
Test accuracy: 0.6241981862419819
Number of nodes: 21
Student reward: 0.5
Iteration 37/80
Training student with 23117 points
Train accuracy: 0.6324555237116747
Test accuracy: 0.629757785467128
Number of nodes: 21
Student reward: 0.4
Iteration 38/80
Training student with 23733 points
Train accuracy: 0.63441483198146
Test accuracy: 0.6288182009690331
Number of nodes: 21
Student reward: 0.3
Iteration 39/80
Training student with 24443 points
Train accuracy: 0.6305615219392452
Test accuracy: 0.6348946614849662
Number of nodes: 21
Student reward: 0.2
Iteration 40/80
Training student with 25245 points
Train accuracy: 0.6289859378094672
Test accuracy: 0.6242820360467419
Number of nodes: 21
Student reward: 0.4
Iteration 41/80
Training student with 25882 points
Train accuracy: 0.6325042260323593
Test accuracy: 0.6283561908441182
Number of nodes: 21
Student reward: 0.7
Iteration 42/80
Training student with 26235 points
Train accuracy: 0.623642081189251
Test accuracy: 0.6266437964551173
Number of nodes: 21
Student reward: 0.3
Iteration 43/80
Training student with 26944 points
Train accuracy: 0.6204592901878915
Test accuracy: 0.6229356095750603
Number of nodes: 21
Student reward: 0.1
Iteration 44/80
Training student with 27845 points
Train accuracy: 0.6225085293589513
Test accuracy: 0.62398994433471
Number of nodes: 21
Student reward: 0.6
Iteration 45/80
Training student with 28264 points
Train accuracy: 0.6215558798814736
Test accuracy: 0.6102954183619317
Number of nodes: 21
Student reward: 0.3
Iteration 46/80
Training student with 28985 points
Train accuracy: 0.6305416594790408
Test accuracy: 0.6241159220286355
Number of nodes: 21
Student reward: 0.3
Iteration 47/80
Training student with 29711 points
Train accuracy: 0.6260097610232245
Test accuracy: 0.6301531213191991
Number of nodes: 21
Student reward: 0.4
Iteration 48/80
Training student with 30331 points
Train accuracy: 0.6221562809099901
Test accuracy: 0.6225482116367232
Number of nodes: 21
Student reward: 0.3
Iteration 49/80
Training student with 31045 points
Train accuracy: 0.6306571106458367
Test accuracy: 0.6192623610887421
Number of nodes: 21
Student reward: 0.5
Iteration 50/80
Training student with 31574 points
Train accuracy: 0.6240943822004038
Test accuracy: 0.6231195566112431
Number of nodes: 21
Student reward: 0.7
Iteration 51/80
Training student with 31934 points
Train accuracy: 0.6269620699103613
Test accuracy: 0.6239235948019415
Number of nodes: 21
Student reward: 0.7
Iteration 52/80
Training student with 32299 points
Train accuracy: 0.6291652153721119
Test accuracy: 0.6205882352941177
Number of nodes: 21
Student reward: 0.2
Iteration 53/80
Training student with 33128 points
Train accuracy: 0.6240283752169647
Test accuracy: 0.6254150316933293
Number of nodes: 21
Student reward: 0.6
Iteration 54/80
Training student with 33552 points
Train accuracy: 0.6183823255467382
Test accuracy: 0.6154075398599315
Number of nodes: 21
Student reward: 0.4
Iteration 55/80
Training student with 34169 points
Train accuracy: 0.6202304737516006
Test accuracy: 0.6252560725782851
Number of nodes: 21
Student reward: 0.1
Iteration 56/80
Training student with 35073 points
Train accuracy: 0.6191460546011832
Test accuracy: 0.6256593014967926
Number of nodes: 21
Student reward: 0.4
Iteration 57/80
Training student with 35707 points
Train accuracy: 0.626220899702433
Test accuracy: 0.62965555866704
Number of nodes: 21
Student reward: 0.5
Iteration 58/80
Training student with 36241 points
Train accuracy: 0.6256208609271523
Test accuracy: 0.6140157263070768
Number of nodes: 21
Student reward: 0.4
Iteration 59/80
Training student with 36879 points
Train accuracy: 0.6234620208114429
Test accuracy: 0.6216106290672451
Number of nodes: 21
Student reward: 0.5
Iteration 60/80
Training student with 37436 points
Train accuracy: 0.6220782689995993
Test accuracy: 0.6211271367521367
Number of nodes: 21
Student reward: 0.3
Iteration 61/80
Training student with 38152 points
Train accuracy: 0.6266177386062055
Test accuracy: 0.6241645917966191
Number of nodes: 21
Student reward: 0.7
Iteration 62/80
Training student with 38487 points
Train accuracy: 0.6227873591217643
Test accuracy: 0.6286048324240062
Number of nodes: 21
Student reward: 0.7
Iteration 63/80
Training student with 38822 points
Train accuracy: 0.6239173133271082
Test accuracy: 0.6347714101738571
Number of nodes: 21
Student reward: 0.6
Iteration 64/80
Training student with 39259 points
Train accuracy: 0.6251154201292706
Test accuracy: 0.6315588385124808
Number of nodes: 21
Student reward: 0.6
Iteration 65/80
Training student with 39704 points
Train accuracy: 0.6192110317035544
Test accuracy: 0.6195693237627503
Number of nodes: 21
Student reward: 1.0
Iteration 66/80
Training student with 39793 points
Train accuracy: 0.6280077904127662
Test accuracy: 0.6324915190350546
Number of nodes: 21
Student reward: 0.8
Iteration 67/80
Training student with 40063 points
Train accuracy: 0.628798751950078
Test accuracy: 0.6297266941220516
Number of nodes: 21
Student reward: 0.8
Iteration 68/80
Training student with 40316 points
Train accuracy: 0.6282401091405184
Test accuracy: 0.6223958333333334
Number of nodes: 21
Student reward: 0.7
Iteration 69/80
Training student with 40672 points
Train accuracy: 0.624919322617328
Test accuracy: 0.6282728948985864
Number of nodes: 21
Student reward: 0.6
Iteration 70/80
Training student with 41135 points
Train accuracy: 0.6234958064908229
Test accuracy: 0.624164336939346
Number of nodes: 21
Student reward: 0.7
Iteration 71/80
Training student with 41490 points
Train accuracy: 0.6221378645456737
Test accuracy: 0.6261749819233551
Number of nodes: 21
Student reward: 0.5
Iteration 72/80
Training student with 42020 points
Train accuracy: 0.6197643979057592
Test accuracy: 0.6220847215611613
Number of nodes: 21
Student reward: 0.2
Iteration 73/80
Training student with 42829 points
Train accuracy: 0.6268861454046639
Test accuracy: 0.6301657716553818
Number of nodes: 21
Student reward: 0.5
Iteration 74/80
Training student with 43369 points
Train accuracy: 0.6203487534226834
Test accuracy: 0.6181692414111136
Number of nodes: 21
Student reward: 0.4
Iteration 75/80
Training student with 44007 points
Train accuracy: 0.6275244993608863
Test accuracy: 0.6184957964099068
Number of nodes: 21
Student reward: 0.7
Iteration 76/80
Training student with 44386 points
Train accuracy: 0.6299988734932973
Test accuracy: 0.6341518359990989
Number of nodes: 21
Student reward: 0.8
Iteration 77/80
Training student with 44659 points
Train accuracy: 0.6276765471492148
Test accuracy: 0.6284146887595163
Number of nodes: 21
Student reward: 0.8
Iteration 78/80
Training student with 44939 points
Train accuracy: 0.6236544185140886
Test accuracy: 0.6243880729862038
Number of nodes: 21
Student reward: 0.5
Iteration 79/80
Training student with 45466 points
Train accuracy: 0.6282030133069394
Test accuracy: 0.6156806685726853
Number of nodes: 21
Student reward: 0.6
Initial policy count: 80
Current policy count: 40
Reward update: 1.0 -> 0.68
Reward update: 0.8 -> 0.7
Reward update: 0.8 -> 0.7
Reward update: 0.8 -> 0.64
Reward update: 0.8 -> 0.64
Reward update: 0.7 -> 0.46
Reward update: 0.7 -> 0.72
Reward update: 0.7 -> 0.6
Reward update: 0.7 -> 0.7
Reward update: 0.7 -> 0.7
Reward update: 0.7 -> 0.52
Reward update: 0.7 -> 0.56
Reward update: 0.7 -> 0.78
Reward update: 0.7 -> 0.64
Reward update: 0.6 -> 0.42
Reward update: 0.6 -> 0.5
Reward update: 0.6 -> 0.38
Reward update: 0.6 -> 0.4
Reward update: 0.6 -> 0.48
Reward update: 0.6 -> 0.42
Reward update: 0.6 -> 0.46
Reward update: 0.6 -> 0.34
Reward update: 0.6 -> 0.3
Reward update: 0.6 -> 0.68
Reward update: 0.6 -> 0.64
Reward update: 0.6 -> 0.36
Reward update: 0.6 -> 0.62
Reward update: 0.5 -> 0.42
Reward update: 0.5 -> 0.44
Reward update: 0.5 -> 0.46
Reward update: 0.5 -> 0.34
Reward update: 0.5 -> 0.38
Reward update: 0.5 -> 0.32
Reward update: 0.5 -> 0.4
Reward update: 0.5 -> 0.46
Reward update: 0.5 -> 0.74
Reward update: 0.5 -> 0.64
Reward update: 0.5 -> 0.7
Reward update: 0.5 -> 0.36
Reward update: 0.4 -> 0.34
Current policy count: 20
Reward update: 0.78 -> 0.62
Reward update: 0.74 -> 0.74
Reward update: 0.72 -> 0.66
Reward update: 0.7 -> 0.68
Reward update: 0.7 -> 0.68
Reward update: 0.7 -> 0.62
Reward update: 0.7 -> 0.58
Reward update: 0.7 -> 0.64
Reward update: 0.68 -> 0.58
Reward update: 0.68 -> 0.54
Reward update: 0.64 -> 0.66
Reward update: 0.64 -> 0.64
Reward update: 0.64 -> 0.64
Reward update: 0.64 -> 0.5
Reward update: 0.64 -> 0.6
Reward update: 0.62 -> 0.64
Reward update: 0.6 -> 0.68
Reward update: 0.56 -> 0.78
Reward update: 0.52 -> 0.68
Reward update: 0.5 -> 0.48
Current policy count: 10
Reward update: 0.78 -> 0.6
Reward update: 0.74 -> 0.72
Reward update: 0.68 -> 0.76
Reward update: 0.68 -> 0.6
Reward update: 0.68 -> 0.72
Reward update: 0.68 -> 0.74
Reward update: 0.66 -> 0.76
Reward update: 0.66 -> 0.62
Reward update: 0.64 -> 0.7
Reward update: 0.64 -> 0.54
Current policy count: 5
Reward update: 0.76 -> 0.6
Reward update: 0.76 -> 0.66
Reward update: 0.74 -> 0.56
Reward update: 0.72 -> 0.7
Reward update: 0.72 -> 0.68
Current policy count: 3
Reward update: 0.7 -> 0.72
Reward update: 0.68 -> 0.64
Reward update: 0.66 -> 0.58
Current policy count: 2
Reward update: 0.72 -> 0.68
Reward update: 0.64 -> 0.54
Current policy count: 1
Reward update: 0.68 -> 0.7
Final reward: 0.64
Number of nodes: 21
