Iteration 0/80
Training student with 119 points
Train accuracy: 1.0
Test accuracy: 1.0
Number of nodes: 1
Student reward: 156.65655975341798
Iteration 1/80
Training student with 229 points
Train accuracy: 1.0
Test accuracy: 1.0
Number of nodes: 1
Student reward: 140.8592971801758
Iteration 2/80
Training student with 341 points
Train accuracy: 0.9926470588235294
Test accuracy: 0.9855072463768116
Number of nodes: 1
Student reward: 95.10152587890624
Iteration 3/80
Training student with 431 points
Train accuracy: 0.9883720930232558
Test accuracy: 1.0
Number of nodes: 1
Student reward: 200.80872955322266
Iteration 4/80
Training student with 548 points
Train accuracy: 0.9840182648401826
Test accuracy: 0.9727272727272728
Number of nodes: 1
Student reward: 126.88093566894531
Iteration 5/80
Training student with 647 points
Train accuracy: 0.9825918762088974
Test accuracy: 0.9923076923076923
Number of nodes: 1
Student reward: 225.4107864379883
Iteration 6/80
Training student with 774 points
Train accuracy: 0.9935379644588045
Test accuracy: 0.9935483870967742
Number of nodes: 1
Student reward: 86.3293960571289
Iteration 7/80
Training student with 859 points
Train accuracy: 0.9839883551673945
Test accuracy: 0.9883720930232558
Number of nodes: 1
Student reward: 159.37652435302735
Iteration 8/80
Training student with 969 points
Train accuracy: 0.9974193548387097
Test accuracy: 0.9948453608247423
Number of nodes: 1
Student reward: 85.84431915283203
Iteration 9/80
Training student with 1070 points
Train accuracy: 0.991822429906542
Test accuracy: 0.9813084112149533
Number of nodes: 1
Student reward: 211.6724639892578
Iteration 10/80
Training student with 1185 points
Train accuracy: 0.990506329113924
Test accuracy: 0.9915611814345991
Number of nodes: 1
Student reward: 104.87359771728515
Iteration 11/80
Training student with 1284 points
Train accuracy: 0.9863680623174295
Test accuracy: 0.9922178988326849
Number of nodes: 1
Student reward: 71.07875366210938
Iteration 12/80
Training student with 1382 points
Train accuracy: 0.9909502262443439
Test accuracy: 0.9927797833935018
Number of nodes: 1
Student reward: 127.48396606445313
Iteration 13/80
Training student with 1487 points
Train accuracy: 0.9941126997476871
Test accuracy: 0.9798657718120806
Number of nodes: 1
Student reward: 106.17919616699218
Iteration 14/80
Training student with 1581 points
Train accuracy: 0.9889240506329114
Test accuracy: 0.9936908517350158
Number of nodes: 1
Student reward: 153.06180419921876
Iteration 15/80
Training student with 1676 points
Train accuracy: 0.9873134328358208
Test accuracy: 0.9910714285714286
Number of nodes: 1
Student reward: 97.87003936767579
Iteration 16/80
Training student with 1774 points
Train accuracy: 0.9901338971106413
Test accuracy: 0.9915492957746479
Number of nodes: 1
Student reward: 78.4002182006836
Iteration 17/80
Training student with 1861 points
Train accuracy: 0.9852150537634409
Test accuracy: 0.9731903485254692
Number of nodes: 1
Student reward: 157.57103271484374
Iteration 18/80
Training student with 1963 points
Train accuracy: 0.9904458598726115
Test accuracy: 0.9821882951653944
Number of nodes: 1
Student reward: 137.1314666748047
Iteration 19/80
Training student with 2057 points
Train accuracy: 0.9914893617021276
Test accuracy: 0.9854368932038835
Number of nodes: 1
Student reward: 107.32157745361329
Iteration 20/80
Training student with 2153 points
Train accuracy: 0.983739837398374
Test accuracy: 0.9837587006960556
Number of nodes: 1
Student reward: 59.54455413818359
Iteration 21/80
Training student with 2241 points
Train accuracy: 0.9877232142857143
Test accuracy: 0.9977728285077951
Number of nodes: 1
Student reward: 52.854548645019534
Iteration 22/80
Training student with 2331 points
Train accuracy: 0.9887339055793991
Test accuracy: 0.9850107066381156
Number of nodes: 1
Student reward: 124.70424346923828
Iteration 23/80
Training student with 2438 points
Train accuracy: 0.9892307692307692
Test accuracy: 0.9877049180327869
Number of nodes: 1
Student reward: 97.53815460205078
Iteration 24/80
Training student with 2535 points
Train accuracy: 0.98767258382643
Test accuracy: 0.9842209072978304
Number of nodes: 1
Student reward: 174.3833801269531
Iteration 25/80
Training student with 2653 points
Train accuracy: 0.9853911404335532
Test accuracy: 0.9849340866290018
Number of nodes: 1
Student reward: 119.13313293457031
Iteration 26/80
Training student with 2756 points
Train accuracy: 0.9886569872958257
Test accuracy: 0.9818840579710145
Number of nodes: 1
Student reward: 33.59377899169922
Iteration 27/80
Training student with 2844 points
Train accuracy: 0.9912087912087912
Test accuracy: 0.9912126537785588
Number of nodes: 1
Student reward: 137.08224487304688
Iteration 28/80
Training student with 2947 points
Train accuracy: 0.9889690284259652
Test accuracy: 0.9966101694915255
Number of nodes: 1
Student reward: 91.77716827392578
Iteration 29/80
Training student with 3039 points
Train accuracy: 0.9872480460715755
Test accuracy: 0.9868421052631579
Number of nodes: 1
Student reward: 116.8495361328125
Iteration 30/80
Training student with 3138 points
Train accuracy: 0.9916334661354582
Test accuracy: 0.9920382165605095
Number of nodes: 1
Student reward: 116.47654571533204
Iteration 31/80
Training student with 3244 points
Train accuracy: 0.9911368015414258
Test accuracy: 0.9861325115562404
Number of nodes: 1
Student reward: 108.39523468017578
Iteration 32/80
Training student with 3338 points
Train accuracy: 0.9880149812734083
Test accuracy: 0.9910179640718563
Number of nodes: 1
Student reward: 80.22013854980469
Iteration 33/80
Training student with 3432 points
Train accuracy: 0.9894353369763206
Test accuracy: 0.9883551673944687
Number of nodes: 1
Student reward: 85.46442108154297
Iteration 34/80
Training student with 3523 points
Train accuracy: 0.9918381831085876
Test accuracy: 0.9787234042553191
Number of nodes: 1
Student reward: 137.51160736083983
Iteration 35/80
Training student with 3628 points
Train accuracy: 0.9875947622329428
Test accuracy: 0.987603305785124
Number of nodes: 1
Student reward: 73.325390625
Iteration 36/80
Training student with 3718 points
Train accuracy: 0.9892400806993947
Test accuracy: 0.9838709677419355
Number of nodes: 1
Student reward: 178.31920623779297
Iteration 37/80
Training student with 3832 points
Train accuracy: 0.9872756933115824
Test accuracy: 0.9934810951760105
Number of nodes: 1
Student reward: 149.67009735107422
Iteration 38/80
Training student with 3946 points
Train accuracy: 0.9841571609632446
Test accuracy: 0.9886075949367089
Number of nodes: 1
Student reward: 148.67998809814452
Iteration 39/80
Training student with 4053 points
Train accuracy: 0.9876619370758791
Test accuracy: 0.9815043156596794
Number of nodes: 1
Student reward: 182.49083099365234
Iteration 40/80
Training student with 4163 points
Train accuracy: 0.9888888888888889
Test accuracy: 0.9879951980792316
Number of nodes: 1
Student reward: 141.12814636230468
Iteration 41/80
Training student with 4274 points
Train accuracy: 0.9859608072535829
Test accuracy: 0.9894736842105263
Number of nodes: 1
Student reward: 112.1309799194336
Iteration 42/80
Training student with 4375 points
Train accuracy: 0.9837142857142858
Test accuracy: 0.9897142857142858
Number of nodes: 1
Student reward: 103.46896209716797
Iteration 43/80
Training student with 4474 points
Train accuracy: 0.9896619167365186
Test accuracy: 0.9843575418994414
Number of nodes: 1
Student reward: 163.86756134033203
Iteration 44/80
Training student with 4579 points
Train accuracy: 0.98989898989899
Test accuracy: 0.99235807860262
Number of nodes: 1
Student reward: 117.215283203125
Iteration 45/80
Training student with 4681 points
Train accuracy: 0.9887820512820513
Test accuracy: 0.9871931696905016
Number of nodes: 1
Student reward: 164.84142608642577
Iteration 46/80
Training student with 4793 points
Train accuracy: 0.9861763171622326
Test accuracy: 0.9927007299270073
Number of nodes: 1
Student reward: 222.29027862548827
Iteration 47/80
Training student with 4911 points
Train accuracy: 0.9842158859470469
Test accuracy: 0.9888097660223805
Number of nodes: 1
Student reward: 159.7881622314453
Iteration 48/80
Training student with 5021 points
Train accuracy: 0.9868027888446215
Test accuracy: 0.9930348258706467
Number of nodes: 1
Student reward: 214.76275787353515
Iteration 49/80
Training student with 5150 points
Train accuracy: 0.9837378640776699
Test accuracy: 0.9902912621359223
Number of nodes: 1
Student reward: 125.49139099121093
Iteration 50/80
Training student with 5252 points
Train accuracy: 0.9861937633896691
Test accuracy: 0.9819219790675547
Number of nodes: 1
Student reward: 107.40637969970703
Iteration 51/80
Training student with 5346 points
Train accuracy: 0.9869036482694107
Test accuracy: 0.9878504672897196
Number of nodes: 1
Student reward: 144.15281982421874
Iteration 52/80
Training student with 5452 points
Train accuracy: 0.9864709928915386
Test accuracy: 0.9835013748854262
Number of nodes: 1
Student reward: 156.04841003417968
Iteration 53/80
Training student with 5561 points
Train accuracy: 0.9878597122302158
Test accuracy: 0.9901168014375562
Number of nodes: 1
Student reward: 162.6494613647461
Iteration 54/80
Training student with 5678 points
Train accuracy: 0.9878907970057244
Test accuracy: 0.9911971830985915
Number of nodes: 1
Student reward: 138.7118408203125
Iteration 55/80
Training student with 5785 points
Train accuracy: 0.9870354364736387
Test accuracy: 0.986171132238548
Number of nodes: 1
Student reward: 192.82134246826172
Iteration 56/80
Training student with 5914 points
Train accuracy: 0.9885859226379201
Test accuracy: 0.9898562975486053
Number of nodes: 1
Student reward: 202.6653564453125
Iteration 57/80
Training student with 6029 points
Train accuracy: 0.9861082313912503
Test accuracy: 0.9917081260364843
Number of nodes: 1
Student reward: 195.1575134277344
Iteration 58/80
Training student with 6146 points
Train accuracy: 0.9867778681855167
Test accuracy: 0.983739837398374
Number of nodes: 1
Student reward: 119.85786743164063
Iteration 59/80
Training student with 6241 points
Train accuracy: 0.9845753205128205
Test accuracy: 0.9807846277021617
Number of nodes: 1
Student reward: 209.3037841796875
Iteration 60/80
Training student with 6365 points
Train accuracy: 0.987234878240377
Test accuracy: 0.9897879025923016
Number of nodes: 1
Student reward: 116.31775817871093
Iteration 61/80
Training student with 6457 points
Train accuracy: 0.9879961277831558
Test accuracy: 0.9845201238390093
Number of nodes: 1
Student reward: 129.29393920898437
Iteration 62/80
Training student with 6570 points
Train accuracy: 0.9899162861491628
Test accuracy: 0.9931506849315068
Number of nodes: 1
Student reward: 211.4777084350586
Iteration 63/80
Training student with 6696 points
Train accuracy: 0.9884241971620612
Test accuracy: 0.9873134328358208
Number of nodes: 1
Student reward: 119.16550750732422
Iteration 64/80
Training student with 6803 points
Train accuracy: 0.9876883498713708
Test accuracy: 0.9845701689933872
Number of nodes: 1
Student reward: 168.49632568359374
Iteration 65/80
Training student with 6912 points
Train accuracy: 0.9867968891300416
Test accuracy: 0.987707881417209
Number of nodes: 1
Student reward: 126.49163208007812
Iteration 66/80
Training student with 7015 points
Train accuracy: 0.9875267284390592
Test accuracy: 0.985032074126871
Number of nodes: 1
Student reward: 145.63130950927734
Iteration 67/80
Training student with 7127 points
Train accuracy: 0.9889493071390985
Test accuracy: 0.9838709677419355
Number of nodes: 1
Student reward: 113.28795013427734
Iteration 68/80
Training student with 7220 points
Train accuracy: 0.9870152354570637
Test accuracy: 0.9889196675900277
Number of nodes: 1
Student reward: 200.1979782104492
Iteration 69/80
Training student with 7344 points
Train accuracy: 0.9868936170212766
Test accuracy: 0.9891082368958475
Number of nodes: 1
Student reward: 83.43099365234374
Iteration 70/80
Training student with 7439 points
Train accuracy: 0.9884053100319274
Test accuracy: 0.9852150537634409
Number of nodes: 1
Student reward: 105.57690124511718
Iteration 71/80
Training student with 7539 points
Train accuracy: 0.9872326314044105
Test accuracy: 0.9893899204244032
Number of nodes: 1
Student reward: 142.27181091308594
Iteration 72/80
Training student with 7645 points
Train accuracy: 0.9883911052975801
Test accuracy: 0.9888816219751472
Number of nodes: 1
Student reward: 127.38918609619141
Iteration 73/80
Training student with 7746 points
Train accuracy: 0.9877340219496449
Test accuracy: 0.9858064516129033
Number of nodes: 1
Student reward: 123.00196838378906
Iteration 74/80
Training student with 7850 points
Train accuracy: 0.9888535031847133
Test accuracy: 0.9872611464968153
Number of nodes: 1
Student reward: 132.10805969238282
Iteration 75/80
Training student with 7959 points
Train accuracy: 0.9880634521752788
Test accuracy: 0.9830402010050251
Number of nodes: 1
Student reward: 240.45435791015626
Iteration 76/80
Training student with 8097 points
Train accuracy: 0.989501312335958
Test accuracy: 0.9858024691358025
Number of nodes: 1
Student reward: 131.85968933105468
Iteration 77/80
Training student with 8201 points
Train accuracy: 0.9864329268292683
Test accuracy: 0.9902498476538696
Number of nodes: 1
Student reward: 154.7264389038086
Iteration 78/80
Training student with 8319 points
Train accuracy: 0.9866265965439519
Test accuracy: 0.9885817307692307
Number of nodes: 1
Student reward: 149.97426147460936
Iteration 79/80
Training student with 8427 points
Train accuracy: 0.9887257083518766
Test accuracy: 0.9893238434163701
Number of nodes: 1
Student reward: 138.45504608154297
Initial policy count: 80
Current policy count: 40
Reward update: 240.45435791015626 -> 154.6954504394531
Reward update: 225.4107864379883 -> 110.55571472167969
Reward update: 222.29027862548827 -> 157.32216552734374
Reward update: 214.76275787353515 -> 125.6409979248047
Reward update: 211.6724639892578 -> 129.00772155761717
Reward update: 211.4777084350586 -> 127.28630950927734
Reward update: 209.3037841796875 -> 120.32754943847657
Reward update: 202.6653564453125 -> 142.97147033691405
Reward update: 200.80872955322266 -> 112.80255035400391
Reward update: 200.1979782104492 -> 115.74629425048828
Reward update: 195.1575134277344 -> 194.7595913696289
Reward update: 192.82134246826172 -> 146.4668682861328
Reward update: 182.49083099365234 -> 140.91128204345702
Reward update: 178.31920623779297 -> 140.78269317626953
Reward update: 174.3833801269531 -> 144.5621243286133
Reward update: 168.49632568359374 -> 142.94930877685547
Reward update: 164.84142608642577 -> 141.78731994628907
Reward update: 163.86756134033203 -> 174.3993817138672
Reward update: 162.6494613647461 -> 121.41907623291016
Reward update: 159.7881622314453 -> 161.8114157104492
Reward update: 159.37652435302735 -> 160.27785552978514
Reward update: 157.57103271484374 -> 138.35593688964843
Reward update: 156.65655975341798 -> 152.85756103515624
Reward update: 156.04841003417968 -> 118.61834991455078
Reward update: 154.7264389038086 -> 117.84358276367188
Reward update: 153.06180419921876 -> 132.6668032836914
Reward update: 149.97426147460936 -> 120.03004852294922
Reward update: 149.67009735107422 -> 179.0603012084961
Reward update: 148.67998809814452 -> 158.70768280029296
Reward update: 145.63130950927734 -> 125.19425445556641
Reward update: 144.15281982421874 -> 161.99569305419922
Reward update: 142.27181091308594 -> 128.35409118652345
Reward update: 141.12814636230468 -> 124.61205718994141
Reward update: 140.8592971801758 -> 131.21437225341796
Reward update: 138.7118408203125 -> 136.3664453125
Reward update: 138.45504608154297 -> 152.9348858642578
Reward update: 137.51160736083983 -> 151.02584899902342
Reward update: 137.1314666748047 -> 131.84210052490235
Reward update: 137.08224487304688 -> 151.54966217041016
Reward update: 132.10805969238282 -> 120.23419952392578
Current policy count: 20
Reward update: 194.7595913696289 -> 136.74806915283204
Reward update: 179.0603012084961 -> 141.98389282226563
Reward update: 174.3993817138672 -> 142.98044128417968
Reward update: 161.99569305419922 -> 165.21692260742188
Reward update: 161.8114157104492 -> 128.7630972290039
Reward update: 160.27785552978514 -> 120.89794677734375
Reward update: 158.70768280029296 -> 145.25577728271483
Reward update: 157.32216552734374 -> 153.96895385742187
Reward update: 154.6954504394531 -> 164.01278594970702
Reward update: 152.9348858642578 -> 155.75240814208985
Reward update: 152.85756103515624 -> 158.79536773681642
Reward update: 151.54966217041016 -> 97.94590637207031
Reward update: 151.02584899902342 -> 140.65526977539062
Reward update: 146.4668682861328 -> 175.7009585571289
Reward update: 144.5621243286133 -> 118.90349212646484
Reward update: 142.97147033691405 -> 153.59467834472656
Reward update: 142.94930877685547 -> 140.39468841552736
Reward update: 141.78731994628907 -> 154.66398834228517
Reward update: 140.91128204345702 -> 146.9309716796875
Reward update: 140.78269317626953 -> 175.5020263671875
Current policy count: 10
Reward update: 175.7009585571289 -> 139.76617706298828
Reward update: 175.5020263671875 -> 124.88909759521485
Reward update: 165.21692260742188 -> 125.71637573242188
Reward update: 164.01278594970702 -> 117.71260498046875
Reward update: 158.79536773681642 -> 125.0683236694336
Reward update: 155.75240814208985 -> 129.3150030517578
Reward update: 154.66398834228517 -> 144.45361358642577
Reward update: 153.96895385742187 -> 144.8587161254883
Reward update: 153.59467834472656 -> 103.24363372802735
Reward update: 146.9309716796875 -> 132.61592895507812
Current policy count: 5
Reward update: 144.8587161254883 -> 126.80505065917968
Reward update: 144.45361358642577 -> 125.60414093017579
Reward update: 139.76617706298828 -> 147.77997344970703
Reward update: 132.61592895507812 -> 183.2397430419922
Reward update: 129.3150030517578 -> 112.81170989990234
Current policy count: 3
Reward update: 183.2397430419922 -> 139.1820816040039
Reward update: 147.77997344970703 -> 127.17688110351563
Reward update: 126.80505065917968 -> 133.8955340576172
Current policy count: 2
Reward update: 139.1820816040039 -> 131.45919158935547
Reward update: 133.8955340576172 -> 164.37058380126953
Current policy count: 1
Reward update: 164.37058380126953 -> 111.45738403320313
Final reward: 137.8522521972656
Number of nodes: 1
