Iteration 0/80
Training student with 1000 points
Train accuracy: 0.53125
Test accuracy: 0.505
Number of nodes: 19
Student reward: 0.5555555555555555
Iteration 1/80
Training student with 2000 points
Train accuracy: 0.51875
Test accuracy: 0.56
Number of nodes: 21
Student reward: 0.5555555555555555
Iteration 2/80
Training student with 3000 points
Train accuracy: 0.4891666666666667
Test accuracy: 0.45166666666666666
Number of nodes: 23
Student reward: 0.5555555555555555
Iteration 3/80
Training student with 4000 points
Train accuracy: 0.5021875
Test accuracy: 0.4875
Number of nodes: 23
Student reward: 0.16666666666666669
Iteration 4/80
Training student with 5000 points
Train accuracy: 0.46525
Test accuracy: 0.437
Number of nodes: 23
Student reward: 0.16666666666666669
Iteration 5/80
Training student with 6000 points
Train accuracy: 0.4375
Test accuracy: 0.4325
Number of nodes: 23
Student reward: 0.27777777777777773
Iteration 6/80
Training student with 7000 points
Train accuracy: 0.42607142857142855
Test accuracy: 0.42214285714285715
Number of nodes: 23
Student reward: 0.5555555555555555
Iteration 7/80
Training student with 8000 points
Train accuracy: 0.43171875
Test accuracy: 0.426875
Number of nodes: 23
Student reward: 0.5555555555555555
Iteration 8/80
Training student with 9000 points
Train accuracy: 0.43291666666666667
Test accuracy: 0.4122222222222222
Number of nodes: 23
Student reward: 0.5555555555555555
Iteration 9/80
Training student with 10000 points
Train accuracy: 0.4335
Test accuracy: 0.446
Number of nodes: 21
Student reward: 0.5555555555555555
Iteration 10/80
Training student with 11000 points
Train accuracy: 0.4384090909090909
Test accuracy: 0.44272727272727275
Number of nodes: 23
Student reward: 0.5555555555555555
Iteration 11/80
Training student with 12000 points
Train accuracy: 0.44208333333333333
Test accuracy: 0.4404166666666667
Number of nodes: 23
Student reward: 0.5555555555555555
Iteration 12/80
Training student with 13000 points
Train accuracy: 0.4423076923076923
Test accuracy: 0.45384615384615384
Number of nodes: 21
Student reward: 0.5555555555555555
Iteration 13/80
Training student with 14000 points
Train accuracy: 0.45401785714285714
Test accuracy: 0.44857142857142857
Number of nodes: 23
Student reward: 0.5555555555555555
Iteration 14/80
Training student with 15000 points
Train accuracy: 0.45916666666666667
Test accuracy: 0.43733333333333335
Number of nodes: 23
Student reward: 0.5555555555555555
Iteration 15/80
Training student with 16000 points
Train accuracy: 0.456328125
Test accuracy: 0.4525
Number of nodes: 21
Student reward: 0.5555555555555555
Iteration 16/80
Training student with 17000 points
Train accuracy: 0.45698529411764705
Test accuracy: 0.4576470588235294
Number of nodes: 21
Student reward: 0.16666666666666669
Iteration 17/80
Training student with 18000 points
Train accuracy: 0.4457638888888889
Test accuracy: 0.4375
Number of nodes: 21
Student reward: 0.5555555555555555
Iteration 18/80
Training student with 19000 points
Train accuracy: 0.45282894736842105
Test accuracy: 0.45026315789473687
Number of nodes: 21
Student reward: 0.5555555555555555
Iteration 19/80
Training student with 20000 points
Train accuracy: 0.4461875
Test accuracy: 0.45325
Number of nodes: 21
Student reward: 0.5555555555555555
Iteration 20/80
Training student with 21000 points
Train accuracy: 0.4479761904761905
Test accuracy: 0.4554761904761905
Number of nodes: 23
Student reward: 0.5555555555555555
Iteration 21/80
Training student with 22000 points
Train accuracy: 0.45392045454545454
Test accuracy: 0.4509090909090909
Number of nodes: 23
Student reward: 0.5555555555555555
Iteration 22/80
Training student with 23000 points
Train accuracy: 0.4542934782608696
Test accuracy: 0.46195652173913043
Number of nodes: 23
Student reward: 0.5555555555555555
Iteration 23/80
Training student with 24000 points
Train accuracy: 0.4543229166666667
Test accuracy: 0.4635416666666667
Number of nodes: 21
Student reward: 0.5555555555555555
Iteration 24/80
Training student with 25000 points
Train accuracy: 0.44705
Test accuracy: 0.4508
Number of nodes: 23
Student reward: 0.5555555555555555
Iteration 25/80
Training student with 26000 points
Train accuracy: 0.45740384615384616
Test accuracy: 0.4528846153846154
Number of nodes: 23
Student reward: 0.5555555555555555
Iteration 26/80
Training student with 27000 points
Train accuracy: 0.46
Test accuracy: 0.4562962962962963
Number of nodes: 23
Student reward: 0.5555555555555555
Iteration 27/80
Training student with 28000 points
Train accuracy: 0.4599553571428571
Test accuracy: 0.46125
Number of nodes: 23
Student reward: 0.5555555555555555
Iteration 28/80
Training student with 29000 points
Train accuracy: 0.45706896551724135
Test accuracy: 0.43344827586206897
Number of nodes: 23
Student reward: 0.5555555555555555
Iteration 29/80
Training student with 30000 points
Train accuracy: 0.4530416666666667
Test accuracy: 0.4553333333333333
Number of nodes: 23
Student reward: 0.5555555555555555
Iteration 30/80
Training student with 31000 points
Train accuracy: 0.45745967741935484
Test accuracy: 0.44467741935483873
Number of nodes: 23
Student reward: 0.5555555555555555
Iteration 31/80
Training student with 32000 points
Train accuracy: 0.453515625
Test accuracy: 0.4534375
Number of nodes: 23
Student reward: 0.16666666666666669
Iteration 32/80
Training student with 33000 points
Train accuracy: 0.45268939393939395
Test accuracy: 0.4486363636363636
Number of nodes: 21
Student reward: 0.5555555555555555
Iteration 33/80
Training student with 34000 points
Train accuracy: 0.45981617647058826
Test accuracy: 0.4648529411764706
Number of nodes: 21
Student reward: 0.5555555555555555
Iteration 34/80
Training student with 35000 points
Train accuracy: 0.4567857142857143
Test accuracy: 0.46214285714285713
Number of nodes: 23
Student reward: 0.5555555555555555
Iteration 35/80
Training student with 36000 points
Train accuracy: 0.45385416666666667
Test accuracy: 0.4626388888888889
Number of nodes: 23
Student reward: 0.5555555555555555
Iteration 36/80
Training student with 37000 points
Train accuracy: 0.45861486486486486
Test accuracy: 0.45513513513513515
Number of nodes: 23
Student reward: 0.5555555555555555
Iteration 37/80
Training student with 38000 points
Train accuracy: 0.46467105263157893
Test accuracy: 0.45710526315789474
Number of nodes: 21
Student reward: 0.5555555555555555
Iteration 38/80
Training student with 39000 points
Train accuracy: 0.46076923076923076
Test accuracy: 0.46115384615384614
Number of nodes: 23
Student reward: 0.5555555555555555
Iteration 39/80
Training student with 40000 points
Train accuracy: 0.45990625
Test accuracy: 0.466125
Number of nodes: 23
Student reward: 0.5555555555555555
Iteration 40/80
Training student with 41000 points
Train accuracy: 0.4685975609756098
Test accuracy: 0.47085365853658534
Number of nodes: 23
Student reward: 0.5555555555555555
Iteration 41/80
Training student with 42000 points
Train accuracy: 0.4648511904761905
Test accuracy: 0.4632142857142857
Number of nodes: 23
Student reward: 0.5555555555555555
Iteration 42/80
Training student with 43000 points
Train accuracy: 0.46555232558139537
Test accuracy: 0.4704651162790698
Number of nodes: 23
Student reward: 0.16666666666666669
Iteration 43/80
Training student with 44000 points
Train accuracy: 0.46107954545454544
Test accuracy: 0.4605681818181818
Number of nodes: 21
Student reward: 0.5555555555555555
Iteration 44/80
Training student with 45000 points
Train accuracy: 0.4623333333333333
Test accuracy: 0.4632222222222222
Number of nodes: 23
Student reward: 0.5555555555555555
Iteration 45/80
Training student with 46000 points
Train accuracy: 0.463070652173913
Test accuracy: 0.4542391304347826
Number of nodes: 23
Student reward: 0.5555555555555555
Iteration 46/80
Training student with 47000 points
Train accuracy: 0.4664893617021277
Test accuracy: 0.4631914893617021
Number of nodes: 23
Student reward: 0.5555555555555555
Iteration 47/80
Training student with 48000 points
Train accuracy: 0.4671875
Test accuracy: 0.47833333333333333
Number of nodes: 23
Student reward: 0.5555555555555555
Iteration 48/80
Training student with 49000 points
Train accuracy: 0.46418367346938777
Test accuracy: 0.4729591836734694
Number of nodes: 21
Student reward: 0.5555555555555555
Iteration 49/80
Training student with 50000 points
Train accuracy: 0.47175
Test accuracy: 0.4696
Number of nodes: 23
Student reward: 0.5555555555555555
Iteration 50/80
Training student with 51000 points
Train accuracy: 0.46558823529411764
Test accuracy: 0.4696078431372549
Number of nodes: 23
Student reward: 0.5555555555555555
Iteration 51/80
Training student with 52000 points
Train accuracy: 0.47391826923076924
Test accuracy: 0.4617307692307692
Number of nodes: 23
Student reward: 0.5555555555555555
Iteration 52/80
Training student with 53000 points
Train accuracy: 0.46974056603773584
Test accuracy: 0.4670754716981132
Number of nodes: 23
Student reward: 0.5555555555555555
Iteration 53/80
Training student with 54000 points
Train accuracy: 0.4725462962962963
Test accuracy: 0.47175925925925927
Number of nodes: 23
Student reward: 0.5555555555555555
Iteration 54/80
Training student with 55000 points
Train accuracy: 0.47320454545454543
Test accuracy: 0.4728181818181818
Number of nodes: 23
Student reward: 0.16666666666666669
Iteration 55/80
Training student with 56000 points
Train accuracy: 0.46633928571428573
Test accuracy: 0.4617857142857143
Number of nodes: 23
Student reward: 0.16666666666666669
Iteration 56/80
Training student with 57000 points
Train accuracy: 0.46462719298245614
Test accuracy: 0.46614035087719297
Number of nodes: 23
Student reward: 0.5555555555555555
Iteration 57/80
Training student with 58000 points
Train accuracy: 0.46523706896551725
Test accuracy: 0.4580172413793103
Number of nodes: 21
Student reward: 0.16666666666666669
Iteration 58/80
Training student with 59000 points
Train accuracy: 0.4579237288135593
Test accuracy: 0.4455932203389831
Number of nodes: 23
Student reward: 0.5555555555555555
Iteration 59/80
Training student with 60000 points
Train accuracy: 0.4591458333333333
Test accuracy: 0.4549166666666667
Number of nodes: 23
Student reward: 0.5555555555555555
Iteration 60/80
Training student with 61000 points
Train accuracy: 0.46209016393442626
Test accuracy: 0.45672131147540984
Number of nodes: 23
Student reward: 0.16666666666666669
Iteration 61/80
Training student with 62000 points
Train accuracy: 0.4541532258064516
Test accuracy: 0.4536290322580645
Number of nodes: 23
Student reward: 0.5555555555555555
Iteration 62/80
Training student with 63000 points
Train accuracy: 0.4576984126984127
Test accuracy: 0.45904761904761904
Number of nodes: 23
Student reward: 0.16666666666666669
Iteration 63/80
Training student with 64000 points
Train accuracy: 0.45544921875
Test accuracy: 0.4440625
Number of nodes: 23
Student reward: 0.16666666666666669
Iteration 64/80
Training student with 65000 points
Train accuracy: 0.44711538461538464
Test accuracy: 0.44461538461538463
Number of nodes: 21
Student reward: 0.5555555555555555
Iteration 65/80
Training student with 66000 points
Train accuracy: 0.4464962121212121
Test accuracy: 0.4493939393939394
Number of nodes: 21
Student reward: 0.5555555555555555
Iteration 66/80
Training student with 67000 points
Train accuracy: 0.4482835820895522
Test accuracy: 0.4513432835820895
Number of nodes: 21
Student reward: 0.5555555555555555
Iteration 67/80
Training student with 68000 points
Train accuracy: 0.44722426470588234
Test accuracy: 0.4486764705882353
Number of nodes: 23
Student reward: 0.16666666666666669
Iteration 68/80
Training student with 69000 points
Train accuracy: 0.44653985507246374
Test accuracy: 0.4497826086956522
Number of nodes: 21
Student reward: 0.16666666666666669
Iteration 69/80
Training student with 70000 points
Train accuracy: 0.44441071428571427
Test accuracy: 0.4422857142857143
Number of nodes: 23
Student reward: 0.16666666666666669
Iteration 70/80
Training student with 71000 points
Train accuracy: 0.4400176056338028
Test accuracy: 0.436056338028169
Number of nodes: 23
Student reward: 0.5555555555555555
Iteration 71/80
Training student with 72000 points
Train accuracy: 0.44078125
Test accuracy: 0.44125
Number of nodes: 21
Student reward: 0.5555555555555555
Iteration 72/80
Training student with 73000 points
Train accuracy: 0.4409931506849315
Test accuracy: 0.4434931506849315
Number of nodes: 23
Student reward: 0.5555555555555555
Iteration 73/80
Training student with 74000 points
Train accuracy: 0.44006756756756754
Test accuracy: 0.4433783783783784
Number of nodes: 23
Student reward: 0.16666666666666669
Iteration 74/80
Training student with 75000 points
Train accuracy: 0.4393
Test accuracy: 0.4392
Number of nodes: 23
Student reward: 0.5555555555555555
Iteration 75/80
Training student with 76000 points
Train accuracy: 0.43875
Test accuracy: 0.4428947368421053
Number of nodes: 23
Student reward: 0.5555555555555555
Iteration 76/80
Training student with 77000 points
Train accuracy: 0.43550324675324675
Test accuracy: 0.43415584415584413
Number of nodes: 23
Student reward: 0.5555555555555555
Iteration 77/80
Training student with 78000 points
Train accuracy: 0.43915064102564105
Test accuracy: 0.43948717948717947
Number of nodes: 23
Student reward: 0.16666666666666669
Iteration 78/80
Training student with 79000 points
Train accuracy: 0.437626582278481
Test accuracy: 0.4327215189873418
Number of nodes: 23
Student reward: 0.5555555555555555
Iteration 79/80
Training student with 80000 points
Train accuracy: 0.438515625
Test accuracy: 0.4433125
Number of nodes: 21
Student reward: 0.5555555555555555
Initial policy count: 80
Current policy count: 40
Reward update: 0.5555555555555555 -> 0.5555555555555561
Reward update: 0.5555555555555555 -> 0.5555555555555561
Reward update: 0.5555555555555555 -> 0.5555555555555561
Reward update: 0.5555555555555555 -> 0.5555555555555561
Reward update: 0.5555555555555555 -> 0.5555555555555561
Reward update: 0.5555555555555555 -> 0.5555555555555561
Reward update: 0.5555555555555555 -> 0.5555555555555561
Reward update: 0.5555555555555555 -> 0.5555555555555561
Reward update: 0.5555555555555555 -> 0.5555555555555561
Reward update: 0.5555555555555555 -> 0.5555555555555561
Reward update: 0.5555555555555555 -> 0.5555555555555561
Reward update: 0.5555555555555555 -> 0.5555555555555561
Reward update: 0.5555555555555555 -> 0.5555555555555561
Reward update: 0.5555555555555555 -> 0.5555555555555561
Reward update: 0.5555555555555555 -> 0.5555555555555561
Reward update: 0.5555555555555555 -> 0.5555555555555561
Reward update: 0.5555555555555555 -> 0.5555555555555561
Reward update: 0.5555555555555555 -> 0.5555555555555561
Reward update: 0.5555555555555555 -> 0.5555555555555561
Reward update: 0.5555555555555555 -> 0.5555555555555561
Reward update: 0.5555555555555555 -> 0.5555555555555561
Reward update: 0.5555555555555555 -> 0.5555555555555561
Reward update: 0.5555555555555555 -> 0.5555555555555561
Reward update: 0.5555555555555555 -> 0.5555555555555561
Reward update: 0.5555555555555555 -> 0.5555555555555561
Reward update: 0.5555555555555555 -> 0.5555555555555561
Reward update: 0.5555555555555555 -> 0.5555555555555561
Reward update: 0.5555555555555555 -> 0.5555555555555561
Reward update: 0.5555555555555555 -> 0.5555555555555561
Reward update: 0.5555555555555555 -> 0.5555555555555561
Reward update: 0.5555555555555555 -> 0.5555555555555561
Reward update: 0.5555555555555555 -> 0.5555555555555561
Reward update: 0.5555555555555555 -> 0.5555555555555561
Reward update: 0.5555555555555555 -> 0.5555555555555561
Reward update: 0.5555555555555555 -> 0.5555555555555561
Reward update: 0.5555555555555555 -> 0.5555555555555561
Reward update: 0.5555555555555555 -> 0.5555555555555561
Reward update: 0.5555555555555555 -> 0.5555555555555561
Reward update: 0.5555555555555555 -> 0.5555555555555561
Reward update: 0.5555555555555555 -> 0.5555555555555561
Current policy count: 20
Reward update: 0.5555555555555561 -> 0.5555555555555561
Reward update: 0.5555555555555561 -> 0.5555555555555561
Reward update: 0.5555555555555561 -> 0.5555555555555561
Reward update: 0.5555555555555561 -> 0.5555555555555561
Reward update: 0.5555555555555561 -> 0.5555555555555561
Reward update: 0.5555555555555561 -> 0.5555555555555561
Reward update: 0.5555555555555561 -> 0.5555555555555561
Reward update: 0.5555555555555561 -> 0.5555555555555561
Reward update: 0.5555555555555561 -> 0.5555555555555561
Reward update: 0.5555555555555561 -> 0.5555555555555561
Reward update: 0.5555555555555561 -> 0.5555555555555561
Reward update: 0.5555555555555561 -> 0.5555555555555561
Reward update: 0.5555555555555561 -> 0.5555555555555561
Reward update: 0.5555555555555561 -> 0.5555555555555561
Reward update: 0.5555555555555561 -> 0.5555555555555561
Reward update: 0.5555555555555561 -> 0.5555555555555561
Reward update: 0.5555555555555561 -> 0.5555555555555561
Reward update: 0.5555555555555561 -> 0.5555555555555561
Reward update: 0.5555555555555561 -> 0.5555555555555561
Reward update: 0.5555555555555561 -> 0.5555555555555561
Current policy count: 10
Reward update: 0.5555555555555561 -> 0.5555555555555561
Reward update: 0.5555555555555561 -> 0.5555555555555561
Reward update: 0.5555555555555561 -> 0.5555555555555561
Reward update: 0.5555555555555561 -> 0.5555555555555561
Reward update: 0.5555555555555561 -> 0.5555555555555561
Reward update: 0.5555555555555561 -> 0.5555555555555561
Reward update: 0.5555555555555561 -> 0.5555555555555561
Reward update: 0.5555555555555561 -> 0.5555555555555561
Reward update: 0.5555555555555561 -> 0.5555555555555561
Reward update: 0.5555555555555561 -> 0.5555555555555561
Current policy count: 5
Reward update: 0.5555555555555561 -> 0.5555555555555561
Reward update: 0.5555555555555561 -> 0.5555555555555561
Reward update: 0.5555555555555561 -> 0.5555555555555561
Reward update: 0.5555555555555561 -> 0.5555555555555561
Reward update: 0.5555555555555561 -> 0.5555555555555561
Current policy count: 3
Reward update: 0.5555555555555561 -> 0.5555555555555561
Reward update: 0.5555555555555561 -> 0.5555555555555561
Reward update: 0.5555555555555561 -> 0.5555555555555561
Current policy count: 2
Reward update: 0.5555555555555561 -> 0.5555555555555561
Reward update: 0.5555555555555561 -> 0.5555555555555561
Current policy count: 1
Reward update: 0.5555555555555561 -> 0.5555555555555561
Final reward: 0.5555555555555561
Number of nodes: 19
