Iteration 0/80
Training student with 1000 points
Train accuracy: 0.25625
Test accuracy: 0.23
Number of nodes: 23
Student reward: 0.0
Iteration 1/80
Training student with 2000 points
Train accuracy: 0.235625
Test accuracy: 0.21
Number of nodes: 23
Student reward: 0.0
Iteration 2/80
Training student with 3000 points
Train accuracy: 0.22666666666666666
Test accuracy: 0.21666666666666667
Number of nodes: 23
Student reward: 0.0
Iteration 3/80
Training student with 4000 points
Train accuracy: 0.2265625
Test accuracy: 0.215
Number of nodes: 23
Student reward: 0.25
Iteration 4/80
Training student with 5000 points
Train accuracy: 0.225
Test accuracy: 0.223
Number of nodes: 23
Student reward: 0.0
Iteration 5/80
Training student with 6000 points
Train accuracy: 0.22458333333333333
Test accuracy: 0.2125
Number of nodes: 23
Student reward: 0.0
Iteration 6/80
Training student with 7000 points
Train accuracy: 0.22107142857142856
Test accuracy: 0.21071428571428572
Number of nodes: 23
Student reward: 0.0
Iteration 7/80
Training student with 8000 points
Train accuracy: 0.2209375
Test accuracy: 0.2
Number of nodes: 23
Student reward: 0.0
Iteration 8/80
Training student with 9000 points
Train accuracy: 0.2209722222222222
Test accuracy: 0.20222222222222222
Number of nodes: 23
Student reward: 0.0
Iteration 9/80
Training student with 10000 points
Train accuracy: 0.221375
Test accuracy: 0.201
Number of nodes: 23
Student reward: 0.0
Iteration 10/80
Training student with 11000 points
Train accuracy: 0.21681818181818183
Test accuracy: 0.20772727272727273
Number of nodes: 23
Student reward: 0.0
Iteration 11/80
Training student with 12000 points
Train accuracy: 0.21927083333333333
Test accuracy: 0.18875
Number of nodes: 23
Student reward: 0.0
Iteration 12/80
Training student with 13000 points
Train accuracy: 0.2148076923076923
Test accuracy: 0.19846153846153847
Number of nodes: 23
Student reward: 0.0
Iteration 13/80
Training student with 14000 points
Train accuracy: 0.215625
Test accuracy: 0.19071428571428573
Number of nodes: 23
Student reward: 0.0
Iteration 14/80
Training student with 15000 points
Train accuracy: 0.21366666666666667
Test accuracy: 0.202
Number of nodes: 23
Student reward: 0.0
Iteration 15/80
Training student with 16000 points
Train accuracy: 0.214921875
Test accuracy: 0.1984375
Number of nodes: 23
Student reward: 0.25
Iteration 16/80
Training student with 17000 points
Train accuracy: 0.21433823529411763
Test accuracy: 0.20176470588235293
Number of nodes: 23
Student reward: 0.0
Iteration 17/80
Training student with 18000 points
Train accuracy: 0.21465277777777778
Test accuracy: 0.21027777777777779
Number of nodes: 23
Student reward: 0.0
Iteration 18/80
Training student with 19000 points
Train accuracy: 0.2155921052631579
Test accuracy: 0.2036842105263158
Number of nodes: 23
Student reward: 0.0
Iteration 19/80
Training student with 20000 points
Train accuracy: 0.2124375
Test accuracy: 0.20775
Number of nodes: 23
Student reward: 0.0
Iteration 20/80
Training student with 21000 points
Train accuracy: 0.2123809523809524
Test accuracy: 0.20666666666666667
Number of nodes: 23
Student reward: 0.0
Iteration 21/80
Training student with 22000 points
Train accuracy: 0.213125
Test accuracy: 0.2084090909090909
Number of nodes: 23
Student reward: 0.0
Iteration 22/80
Training student with 23000 points
Train accuracy: 0.2157608695652174
Test accuracy: 0.20217391304347826
Number of nodes: 23
Student reward: 0.0
Iteration 23/80
Training student with 24000 points
Train accuracy: 0.21229166666666666
Test accuracy: 0.20916666666666667
Number of nodes: 23
Student reward: 0.0
Iteration 24/80
Training student with 25000 points
Train accuracy: 0.21365
Test accuracy: 0.2006
Number of nodes: 23
Student reward: 0.0
Iteration 25/80
Training student with 26000 points
Train accuracy: 0.2095673076923077
Test accuracy: 0.20942307692307693
Number of nodes: 23
Student reward: 0.0
Iteration 26/80
Training student with 27000 points
Train accuracy: 0.2112037037037037
Test accuracy: 0.20407407407407407
Number of nodes: 23
Student reward: 0.0
Iteration 27/80
Training student with 28000 points
Train accuracy: 0.2097767857142857
Test accuracy: 0.19785714285714287
Number of nodes: 23
Student reward: 0.0
Iteration 28/80
Training student with 29000 points
Train accuracy: 0.21
Test accuracy: 0.19844827586206898
Number of nodes: 23
Student reward: 0.0
Iteration 29/80
Training student with 30000 points
Train accuracy: 0.211
Test accuracy: 0.1955
Number of nodes: 23
Student reward: 0.0
Iteration 30/80
Training student with 31000 points
Train accuracy: 0.21024193548387096
Test accuracy: 0.20661290322580644
Number of nodes: 23
Student reward: 0.0
Iteration 31/80
Training student with 32000 points
Train accuracy: 0.212890625
Test accuracy: 0.19484375
Number of nodes: 23
Student reward: 0.0
Iteration 32/80
Training student with 33000 points
Train accuracy: 0.2109469696969697
Test accuracy: 0.20287878787878788
Number of nodes: 23
Student reward: 0.0
Iteration 33/80
Training student with 34000 points
Train accuracy: 0.210625
Test accuracy: 0.2013235294117647
Number of nodes: 23
Student reward: 0.0
Iteration 34/80
Training student with 35000 points
Train accuracy: 0.20964285714285713
Test accuracy: 0.20557142857142857
Number of nodes: 23
Student reward: 0.0
Iteration 35/80
Training student with 36000 points
Train accuracy: 0.20902777777777778
Test accuracy: 0.20777777777777778
Number of nodes: 23
Student reward: 0.0
Iteration 36/80
Training student with 37000 points
Train accuracy: 0.2095945945945946
Test accuracy: 0.20445945945945945
Number of nodes: 23
Student reward: 0.0
Iteration 37/80
Training student with 38000 points
Train accuracy: 0.20763157894736842
Test accuracy: 0.21328947368421053
Number of nodes: 23
Student reward: 0.0
Iteration 38/80
Training student with 39000 points
Train accuracy: 0.2085576923076923
Test accuracy: 0.20333333333333334
Number of nodes: 23
Student reward: 0.0
Iteration 39/80
Training student with 40000 points
Train accuracy: 0.20896875
Test accuracy: 0.20375
Number of nodes: 23
Student reward: 0.0
Iteration 40/80
Training student with 41000 points
Train accuracy: 0.21024390243902438
Test accuracy: 0.2025609756097561
Number of nodes: 23
Student reward: 0.0
Iteration 41/80
Training student with 42000 points
Train accuracy: 0.2093154761904762
Test accuracy: 0.2055952380952381
Number of nodes: 23
Student reward: 0.0
Iteration 42/80
Training student with 43000 points
Train accuracy: 0.20973837209302326
Test accuracy: 0.19906976744186047
Number of nodes: 23
Student reward: 0.0
Iteration 43/80
Training student with 44000 points
Train accuracy: 0.20795454545454545
Test accuracy: 0.2059090909090909
Number of nodes: 23
Student reward: 0.0
Iteration 44/80
Training student with 45000 points
Train accuracy: 0.20855555555555555
Test accuracy: 0.20466666666666666
Number of nodes: 23
Student reward: 0.0
Iteration 45/80
Training student with 46000 points
Train accuracy: 0.20796195652173913
Test accuracy: 0.20771739130434783
Number of nodes: 23
Student reward: 0.0
Iteration 46/80
Training student with 47000 points
Train accuracy: 0.20824468085106382
Test accuracy: 0.20372340425531915
Number of nodes: 23
Student reward: 0.0
Iteration 47/80
Training student with 48000 points
Train accuracy: 0.20859375
Test accuracy: 0.198125
Number of nodes: 23
Student reward: 0.0
Iteration 48/80
Training student with 49000 points
Train accuracy: 0.20903061224489797
Test accuracy: 0.2030612244897959
Number of nodes: 23
Student reward: 0.0
Iteration 49/80
Training student with 50000 points
Train accuracy: 0.208125
Test accuracy: 0.2045
Number of nodes: 23
Student reward: 0.0
Iteration 50/80
Training student with 51000 points
Train accuracy: 0.20911764705882352
Test accuracy: 0.20215686274509803
Number of nodes: 23
Student reward: 0.0
Iteration 51/80
Training student with 52000 points
Train accuracy: 0.2078605769230769
Test accuracy: 0.20048076923076924
Number of nodes: 23
Student reward: 0.0
Iteration 52/80
Training student with 53000 points
Train accuracy: 0.20731132075471698
Test accuracy: 0.20386792452830188
Number of nodes: 23
Student reward: 0.0
Iteration 53/80
Training student with 54000 points
Train accuracy: 0.20835648148148148
Test accuracy: 0.2026851851851852
Number of nodes: 23
Student reward: 0.0
Iteration 54/80
Training student with 55000 points
Train accuracy: 0.20952272727272728
Test accuracy: 0.19863636363636364
Number of nodes: 23
Student reward: 0.0
Iteration 55/80
Training student with 56000 points
Train accuracy: 0.2083705357142857
Test accuracy: 0.201875
Number of nodes: 23
Student reward: 0.0
Iteration 56/80
Training student with 57000 points
Train accuracy: 0.20791666666666667
Test accuracy: 0.2055263157894737
Number of nodes: 23
Student reward: 0.0
Iteration 57/80
Training student with 58000 points
Train accuracy: 0.2077801724137931
Test accuracy: 0.20646551724137932
Number of nodes: 23
Student reward: 0.0
Iteration 58/80
Training student with 59000 points
Train accuracy: 0.20741525423728813
Test accuracy: 0.2076271186440678
Number of nodes: 23
Student reward: 0.0
Iteration 59/80
Training student with 60000 points
Train accuracy: 0.20814583333333334
Test accuracy: 0.20358333333333334
Number of nodes: 23
Student reward: 0.0
Iteration 60/80
Training student with 61000 points
Train accuracy: 0.20709016393442622
Test accuracy: 0.19950819672131148
Number of nodes: 23
Student reward: 0.0
Iteration 61/80
Training student with 62000 points
Train accuracy: 0.20856854838709676
Test accuracy: 0.205
Number of nodes: 23
Student reward: 0.0
Iteration 62/80
Training student with 63000 points
Train accuracy: 0.2098015873015873
Test accuracy: 0.20055555555555554
Number of nodes: 23
Student reward: 0.0
Iteration 63/80
Training student with 64000 points
Train accuracy: 0.20794921875
Test accuracy: 0.2025
Number of nodes: 23
Student reward: 0.0
Iteration 64/80
Training student with 65000 points
Train accuracy: 0.20846153846153845
Test accuracy: 0.19553846153846155
Number of nodes: 23
Student reward: 0.0
Iteration 65/80
Training student with 66000 points
Train accuracy: 0.2075
Test accuracy: 0.19666666666666666
Number of nodes: 23
Student reward: 0.0
Iteration 66/80
Training student with 67000 points
Train accuracy: 0.20690298507462687
Test accuracy: 0.20708955223880596
Number of nodes: 23
Student reward: 0.0
Iteration 67/80
Training student with 68000 points
Train accuracy: 0.20761029411764706
Test accuracy: 0.20044117647058823
Number of nodes: 23
Student reward: 0.0
Iteration 68/80
Training student with 69000 points
Train accuracy: 0.20730072463768115
Test accuracy: 0.19978260869565218
Number of nodes: 23
Student reward: 0.0
Iteration 69/80
Training student with 70000 points
Train accuracy: 0.20673214285714286
Test accuracy: 0.19835714285714287
Number of nodes: 23
Student reward: 0.0
Iteration 70/80
Training student with 71000 points
Train accuracy: 0.2071830985915493
Test accuracy: 0.20204225352112676
Number of nodes: 23
Student reward: 0.0
Iteration 71/80
Training student with 72000 points
Train accuracy: 0.20614583333333333
Test accuracy: 0.20652777777777778
Number of nodes: 23
Student reward: 0.0
Iteration 72/80
Training student with 73000 points
Train accuracy: 0.20587328767123286
Test accuracy: 0.20534246575342466
Number of nodes: 23
Student reward: 0.0
Iteration 73/80
Training student with 74000 points
Train accuracy: 0.20680743243243244
Test accuracy: 0.20108108108108108
Number of nodes: 23
Student reward: 0.0
Iteration 74/80
Training student with 75000 points
Train accuracy: 0.20655
Test accuracy: 0.20173333333333332
Number of nodes: 23
Student reward: 0.0
Iteration 75/80
Training student with 76000 points
Train accuracy: 0.20601973684210526
Test accuracy: 0.20151315789473684
Number of nodes: 23
Student reward: 0.0
Iteration 76/80
Training student with 77000 points
Train accuracy: 0.2060064935064935
Test accuracy: 0.2003896103896104
Number of nodes: 23
Student reward: 0.0
Iteration 77/80
Training student with 78000 points
Train accuracy: 0.206875
Test accuracy: 0.19987179487179488
Number of nodes: 23
Student reward: 0.0
Iteration 78/80
Training student with 79000 points
Train accuracy: 0.20615506329113925
Test accuracy: 0.20240506329113925
Number of nodes: 23
Student reward: 0.0
Iteration 79/80
Training student with 80000 points
Train accuracy: 0.20653125
Test accuracy: 0.200375
Number of nodes: 23
Student reward: 0.0
Initial policy count: 80
Current policy count: 40
Reward update: 0.25 -> 0.25
Reward update: 0.25 -> 0.25
Reward update: 0.0 -> 0.0
Reward update: 0.0 -> 0.0
Reward update: 0.0 -> 0.0
Reward update: 0.0 -> 0.0
Reward update: 0.0 -> 0.0
Reward update: 0.0 -> 0.0
Reward update: 0.0 -> 0.0
Reward update: 0.0 -> 0.0
Reward update: 0.0 -> 0.0
Reward update: 0.0 -> 0.0
Reward update: 0.0 -> 0.0
Reward update: 0.0 -> 0.0
Reward update: 0.0 -> 0.0
Reward update: 0.0 -> 0.0
Reward update: 0.0 -> 0.0
Reward update: 0.0 -> 0.0
Reward update: 0.0 -> 0.0
Reward update: 0.0 -> 0.0
Reward update: 0.0 -> 0.0
Reward update: 0.0 -> 0.0
Reward update: 0.0 -> 0.0
Reward update: 0.0 -> 0.0
Reward update: 0.0 -> 0.0
Reward update: 0.0 -> 0.0
Reward update: 0.0 -> 0.0
Reward update: 0.0 -> 0.0
Reward update: 0.0 -> 0.0
Reward update: 0.0 -> 0.0
Reward update: 0.0 -> 0.0
Reward update: 0.0 -> 0.0
Reward update: 0.0 -> 0.0
Reward update: 0.0 -> 0.0
Reward update: 0.0 -> 0.0
Reward update: 0.0 -> 0.0
Reward update: 0.0 -> 0.0
Reward update: 0.0 -> 0.0
Reward update: 0.0 -> 0.0
Reward update: 0.0 -> 0.0
Current policy count: 20
Reward update: 0.25 -> 0.25
Reward update: 0.25 -> 0.25
Reward update: 0.0 -> 0.0
Reward update: 0.0 -> 0.0
Reward update: 0.0 -> 0.0
Reward update: 0.0 -> 0.0
Reward update: 0.0 -> 0.0
Reward update: 0.0 -> 0.0
Reward update: 0.0 -> 0.0
Reward update: 0.0 -> 0.0
Reward update: 0.0 -> 0.0
Reward update: 0.0 -> 0.0
Reward update: 0.0 -> 0.0
Reward update: 0.0 -> 0.0
Reward update: 0.0 -> 0.0
Reward update: 0.0 -> 0.0
Reward update: 0.0 -> 0.0
Reward update: 0.0 -> 0.0
Reward update: 0.0 -> 0.0
Reward update: 0.0 -> 0.0
Current policy count: 10
Reward update: 0.25 -> 0.25
Reward update: 0.25 -> 0.25
Reward update: 0.0 -> 0.0
Reward update: 0.0 -> 0.0
Reward update: 0.0 -> 0.0
Reward update: 0.0 -> 0.0
Reward update: 0.0 -> 0.0
Reward update: 0.0 -> 0.0
Reward update: 0.0 -> 0.0
Reward update: 0.0 -> 0.0
Current policy count: 5
Reward update: 0.25 -> 0.25
Reward update: 0.25 -> 0.25
Reward update: 0.0 -> 0.0
Reward update: 0.0 -> 0.0
Reward update: 0.0 -> 0.0
Current policy count: 3
Reward update: 0.25 -> 0.25
Reward update: 0.25 -> 0.25
Reward update: 0.0 -> 0.0
Current policy count: 2
Reward update: 0.25 -> 0.25
Reward update: 0.25 -> 0.25
Current policy count: 1
Reward update: 0.25 -> 0.25
Final reward: 0.25
Number of nodes: 23
