Iteration 0/80
Training student with 130 points
Train accuracy: 0.7211538461538461
Test accuracy: 0.6923076923076923
Number of nodes: 9
Student reward: 0.2636363636363636
Iteration 1/80
Training student with 1130 points
Train accuracy: 0.8727876106194691
Test accuracy: 0.8451327433628318
Number of nodes: 13
Student reward: 0.21818181818181817
Iteration 2/80
Training student with 2130 points
Train accuracy: 0.7629107981220657
Test accuracy: 0.7699530516431925
Number of nodes: 15
Student reward: 0.2545454545454545
Iteration 3/80
Training student with 2948 points
Train accuracy: 0.7298558100084818
Test accuracy: 0.7610169491525424
Number of nodes: 17
Student reward: 0.23636363636363633
Iteration 4/80
Training student with 3948 points
Train accuracy: 0.6963267891070297
Test accuracy: 0.6924050632911393
Number of nodes: 19
Student reward: 0.1090909090909091
Iteration 5/80
Training student with 4948 points
Train accuracy: 0.6579080343607883
Test accuracy: 0.6656565656565656
Number of nodes: 19
Student reward: 0.15454545454545454
Iteration 6/80
Training student with 5948 points
Train accuracy: 0.657208911307272
Test accuracy: 0.6361344537815126
Number of nodes: 17
Student reward: 0.15454545454545454
Iteration 7/80
Training student with 6948 points
Train accuracy: 0.6727240014393667
Test accuracy: 0.6510791366906474
Number of nodes: 17
Student reward: 0.2818181818181818
Iteration 8/80
Training student with 7766 points
Train accuracy: 0.6447198969735994
Test accuracy: 0.6467181467181468
Number of nodes: 19
Student reward: 0.46363636363636357
Iteration 9/80
Training student with 8493 points
Train accuracy: 0.6401236385045629
Test accuracy: 0.6433195997645674
Number of nodes: 17
Student reward: 0.28181818181818186
Iteration 10/80
Training student with 9493 points
Train accuracy: 0.635238346062681
Test accuracy: 0.6550816219062665
Number of nodes: 19
Student reward: 0.21818181818181817
Iteration 11/80
Training student with 10402 points
Train accuracy: 0.6320153827664944
Test accuracy: 0.6357520422873618
Number of nodes: 17
Student reward: 0.17272727272727273
Iteration 12/80
Training student with 11402 points
Train accuracy: 0.6310711544786756
Test accuracy: 0.6409469530907497
Number of nodes: 19
Student reward: 0.3090909090909091
Iteration 13/80
Training student with 12311 points
Train accuracy: 0.6379975629569455
Test accuracy: 0.630125862768981
Number of nodes: 19
Student reward: 0.3090909090909091
Iteration 14/80
Training student with 13311 points
Train accuracy: 0.6399323816679189
Test accuracy: 0.6410063837776944
Number of nodes: 19
Student reward: 0.13636363636363638
Iteration 15/80
Training student with 14311 points
Train accuracy: 0.6302410901467506
Test accuracy: 0.6273140062871114
Number of nodes: 17
Student reward: 0.13636363636363635
Iteration 16/80
Training student with 15311 points
Train accuracy: 0.6326747224036577
Test accuracy: 0.644139732288606
Number of nodes: 19
Student reward: 0.27272727272727276
Iteration 17/80
Training student with 16311 points
Train accuracy: 0.6351931330472103
Test accuracy: 0.6264174072939013
Number of nodes: 17
Student reward: 0.27272727272727265
Iteration 18/80
Training student with 17220 points
Train accuracy: 0.6321138211382114
Test accuracy: 0.6509872241579558
Number of nodes: 17
Student reward: 0.3363636363636363
Iteration 19/80
Training student with 18220 points
Train accuracy: 0.637692096597146
Test accuracy: 0.6470911086717892
Number of nodes: 19
Student reward: 0.2545454545454545
Iteration 20/80
Training student with 19129 points
Train accuracy: 0.6282428282036202
Test accuracy: 0.6356508102456874
Number of nodes: 17
Student reward: 0.2545454545454545
Iteration 21/80
Training student with 20129 points
Train accuracy: 0.6255356144817735
Test accuracy: 0.6338797814207651
Number of nodes: 19
Student reward: 0.3636363636363636
Iteration 22/80
Training student with 21038 points
Train accuracy: 0.6338086749851456
Test accuracy: 0.6280893536121673
Number of nodes: 19
Student reward: 0.33636363636363636
Iteration 23/80
Training student with 21856 points
Train accuracy: 0.6325783573552962
Test accuracy: 0.6386093321134492
Number of nodes: 19
Student reward: 0.35454545454545455
Iteration 24/80
Training student with 22674 points
Train accuracy: 0.6338276641490711
Test accuracy: 0.6385887541345093
Number of nodes: 17
Student reward: 0.2636363636363636
Iteration 25/80
Training student with 23583 points
Train accuracy: 0.6354818191455528
Test accuracy: 0.6330294678821284
Number of nodes: 19
Student reward: 0.16363636363636364
Iteration 26/80
Training student with 24583 points
Train accuracy: 0.6367842977728059
Test accuracy: 0.6383973967866585
Number of nodes: 19
Student reward: 0.1727272727272727
Iteration 27/80
Training student with 25492 points
Train accuracy: 0.6313931250919433
Test accuracy: 0.6438517356344381
Number of nodes: 19
Student reward: 0.1818181818181818
Iteration 28/80
Training student with 26492 points
Train accuracy: 0.6377577502005379
Test accuracy: 0.632572183430836
Number of nodes: 19
Student reward: 0.29999999999999993
Iteration 29/80
Training student with 27401 points
Train accuracy: 0.6358120437956204
Test accuracy: 0.6314541142127349
Number of nodes: 19
Student reward: 0.3
Iteration 30/80
Training student with 28310 points
Train accuracy: 0.6346697280113034
Test accuracy: 0.6407629812787001
Number of nodes: 19
Student reward: 0.17272727272727276
Iteration 31/80
Training student with 29310 points
Train accuracy: 0.6357898328215627
Test accuracy: 0.6388604571818493
Number of nodes: 19
Student reward: 0.20909090909090908
Iteration 32/80
Training student with 30310 points
Train accuracy: 0.6381144836687562
Test accuracy: 0.6417024084460574
Number of nodes: 17
Student reward: 0.2636363636363636
Iteration 33/80
Training student with 31310 points
Train accuracy: 0.6434845097412967
Test accuracy: 0.6437240498243373
Number of nodes: 17
Student reward: 0.21818181818181817
Iteration 34/80
Training student with 32219 points
Train accuracy: 0.6444616876818623
Test accuracy: 0.6339230291744258
Number of nodes: 17
Student reward: 0.36363636363636365
Iteration 35/80
Training student with 33037 points
Train accuracy: 0.6436868591320141
Test accuracy: 0.6421004842615012
Number of nodes: 17
Student reward: 0.35454545454545455
Iteration 36/80
Training student with 33946 points
Train accuracy: 0.641920754161143
Test accuracy: 0.6522827687776142
Number of nodes: 17
Student reward: 0.23636363636363633
Iteration 37/80
Training student with 34946 points
Train accuracy: 0.6444770353412506
Test accuracy: 0.6390557939914163
Number of nodes: 19
Student reward: 0.35454545454545455
Iteration 38/80
Training student with 35764 points
Train accuracy: 0.6480374681066723
Test accuracy: 0.642248007828883
Number of nodes: 17
Student reward: 0.23636363636363633
Iteration 39/80
Training student with 36764 points
Train accuracy: 0.6434667301349835
Test accuracy: 0.6459948320413437
Number of nodes: 19
Student reward: 0.1
Iteration 40/80
Training student with 37764 points
Train accuracy: 0.6443679454503327
Test accuracy: 0.6398781940950615
Number of nodes: 19
Student reward: 0.36363636363636365
Iteration 41/80
Training student with 38673 points
Train accuracy: 0.6441269636046286
Test accuracy: 0.6337427278603749
Number of nodes: 19
Student reward: 0.08181818181818183
Iteration 42/80
Training student with 39673 points
Train accuracy: 0.6441489696893314
Test accuracy: 0.640705734089477
Number of nodes: 19
Student reward: 0.2636363636363636
Iteration 43/80
Training student with 40673 points
Train accuracy: 0.6462597578216239
Test accuracy: 0.6424093423478795
Number of nodes: 19
Student reward: 0.1727272727272727
Iteration 44/80
Training student with 41673 points
Train accuracy: 0.6416701661767352
Test accuracy: 0.6383923215356928
Number of nodes: 17
Student reward: 0.4545454545454545
Iteration 45/80
Training student with 42491 points
Train accuracy: 0.6407684160979054
Test accuracy: 0.6398399811742558
Number of nodes: 17
Student reward: 0.44545454545454544
Iteration 46/80
Training student with 43309 points
Train accuracy: 0.6423066932201922
Test accuracy: 0.6374971138305241
Number of nodes: 17
Student reward: 0.2818181818181818
Iteration 47/80
Training student with 44309 points
Train accuracy: 0.6403080655626711
Test accuracy: 0.6433085082374181
Number of nodes: 19
Student reward: 0.3636363636363636
Iteration 48/80
Training student with 45127 points
Train accuracy: 0.6388742694108196
Test accuracy: 0.6454686461333924
Number of nodes: 19
Student reward: 0.2272727272727273
Iteration 49/80
Training student with 46127 points
Train accuracy: 0.6404162488821441
Test accuracy: 0.6389551268155214
Number of nodes: 17
Student reward: 0.1
Iteration 50/80
Training student with 47127 points
Train accuracy: 0.6434046842258826
Test accuracy: 0.630808402291534
Number of nodes: 19
Student reward: 0.12727272727272726
Iteration 51/80
Training student with 48127 points
Train accuracy: 0.6427105789460014
Test accuracy: 0.6430500727197175
Number of nodes: 15
Student reward: 0.20909090909090908
Iteration 52/80
Training student with 49127 points
Train accuracy: 0.6457087605913335
Test accuracy: 0.6444127824140037
Number of nodes: 19
Student reward: 0.3636363636363636
Iteration 53/80
Training student with 50036 points
Train accuracy: 0.645897871489957
Test accuracy: 0.6438848920863309
Number of nodes: 19
Student reward: 0.41818181818181815
Iteration 54/80
Training student with 50854 points
Train accuracy: 0.644839367794902
Test accuracy: 0.648215514698653
Number of nodes: 19
Student reward: 0.3636363636363636
Iteration 55/80
Training student with 51763 points
Train accuracy: 0.6465346534653466
Test accuracy: 0.6402974983096686
Number of nodes: 19
Student reward: 0.38181818181818183
Iteration 56/80
Training student with 52672 points
Train accuracy: 0.6456795690248475
Test accuracy: 0.6448979591836734
Number of nodes: 19
Student reward: 0.44545454545454544
Iteration 57/80
Training student with 53490 points
Train accuracy: 0.6484856982613573
Test accuracy: 0.6383436156290896
Number of nodes: 19
Student reward: 0.31818181818181823
Iteration 58/80
Training student with 54399 points
Train accuracy: 0.6464992302212826
Test accuracy: 0.6407169117647059
Number of nodes: 19
Student reward: 0.2909090909090909
Iteration 59/80
Training student with 55217 points
Train accuracy: 0.6444887148257986
Test accuracy: 0.644512857660268
Number of nodes: 19
Student reward: 0.3454545454545454
Iteration 60/80
Training student with 56035 points
Train accuracy: 0.6436825198536629
Test accuracy: 0.6465601855982868
Number of nodes: 19
Student reward: 0.13636363636363635
Iteration 61/80
Training student with 57035 points
Train accuracy: 0.6427193828351012
Test accuracy: 0.6452178486894012
Number of nodes: 19
Student reward: 0.21818181818181817
Iteration 62/80
Training student with 58035 points
Train accuracy: 0.6444817782372706
Test accuracy: 0.6442663909709658
Number of nodes: 19
Student reward: 0.24545454545454543
Iteration 63/80
Training student with 59035 points
Train accuracy: 0.6461421190819006
Test accuracy: 0.6505462861014653
Number of nodes: 19
Student reward: 0.40909090909090917
Iteration 64/80
Training student with 59853 points
Train accuracy: 0.647153418821269
Test accuracy: 0.6454765683735695
Number of nodes: 19
Student reward: 0.24545454545454543
Iteration 65/80
Training student with 60853 points
Train accuracy: 0.6475494022431288
Test accuracy: 0.6491660504477857
Number of nodes: 17
Student reward: 0.15454545454545454
Iteration 66/80
Training student with 61853 points
Train accuracy: 0.6470635786750738
Test accuracy: 0.644976153908334
Number of nodes: 19
Student reward: 0.22727272727272724
Iteration 67/80
Training student with 62853 points
Train accuracy: 0.6457778131339247
Test accuracy: 0.6488743934452311
Number of nodes: 19
Student reward: 0.20909090909090908
Iteration 68/80
Training student with 63853 points
Train accuracy: 0.6463920754864727
Test accuracy: 0.6456033200219247
Number of nodes: 19
Student reward: 0.20909090909090908
Iteration 69/80
Training student with 64762 points
Train accuracy: 0.646335578760447
Test accuracy: 0.6437118814174323
Number of nodes: 19
Student reward: 0.1909090909090909
Iteration 70/80
Training student with 65671 points
Train accuracy: 0.6470039591898888
Test accuracy: 0.649486105824134
Number of nodes: 19
Student reward: 0.15454545454545454
Iteration 71/80
Training student with 66671 points
Train accuracy: 0.6467864106794661
Test accuracy: 0.6460442444694413
Number of nodes: 19
Student reward: 0.24545454545454543
Iteration 72/80
Training student with 67580 points
Train accuracy: 0.6462155963302753
Test accuracy: 0.6486386504883102
Number of nodes: 19
Student reward: 0.24545454545454543
Iteration 73/80
Training student with 68489 points
Train accuracy: 0.646456534832363
Test accuracy: 0.6481968170535845
Number of nodes: 19
Student reward: 0.20909090909090908
Iteration 74/80
Training student with 69489 points
Train accuracy: 0.6470291953733518
Test accuracy: 0.645920276298748
Number of nodes: 19
Student reward: 0.32727272727272727
Iteration 75/80
Training student with 70307 points
Train accuracy: 0.6468486087652235
Test accuracy: 0.6464229839283174
Number of nodes: 17
Student reward: 0.40909090909090906
Iteration 76/80
Training student with 71034 points
Train accuracy: 0.6465940486036567
Test accuracy: 0.6448229745899908
Number of nodes: 19
Student reward: 0.14545454545454545
Iteration 77/80
Training student with 72034 points
Train accuracy: 0.6472833914658059
Test accuracy: 0.6433678073158882
Number of nodes: 17
Student reward: 0.22727272727272724
Iteration 78/80
Training student with 73034 points
Train accuracy: 0.6462936655998083
Test accuracy: 0.6459916478400767
Number of nodes: 17
Student reward: 0.2545454545454545
Iteration 79/80
Training student with 74034 points
Train accuracy: 0.6480996842656221
Test accuracy: 0.6422637941514149
Number of nodes: 19
Student reward: 0.1727272727272727
Initial policy count: 80
Current policy count: 40
Reward update: 0.46363636363636357 -> 0.29636363636363633
Reward update: 0.4545454545454545 -> 0.27090909090909093
Reward update: 0.44545454545454544 -> 0.2745454545454546
Reward update: 0.44545454545454544 -> 0.2563636363636364
Reward update: 0.41818181818181815 -> 0.23090909090909087
Reward update: 0.40909090909090917 -> 0.32000000000000006
Reward update: 0.40909090909090906 -> 0.33272727272727276
Reward update: 0.38181818181818183 -> 0.22
Reward update: 0.36363636363636365 -> 0.20181818181818179
Reward update: 0.36363636363636365 -> 0.27090909090909093
Reward update: 0.3636363636363636 -> 0.3036363636363636
Reward update: 0.3636363636363636 -> 0.2509090909090909
Reward update: 0.3636363636363636 -> 0.27636363636363653
Reward update: 0.3636363636363636 -> 0.2927272727272727
Reward update: 0.35454545454545455 -> 0.28363636363636363
Reward update: 0.35454545454545455 -> 0.30181818181818193
Reward update: 0.35454545454545455 -> 0.18727272727272726
Reward update: 0.3454545454545454 -> 0.23818181818181816
Reward update: 0.33636363636363636 -> 0.2654545454545455
Reward update: 0.3363636363636363 -> 0.2945454545454546
Reward update: 0.32727272727272727 -> 0.25636363636363657
Reward update: 0.31818181818181823 -> 0.31272727272727274
Reward update: 0.3090909090909091 -> 0.24000000000000005
Reward update: 0.3090909090909091 -> 0.2672727272727272
Reward update: 0.3 -> 0.2927272727272728
Reward update: 0.29999999999999993 -> 0.2472727272727273
Reward update: 0.2909090909090909 -> 0.26363636363636367
Reward update: 0.28181818181818186 -> 0.3000000000000001
Reward update: 0.2818181818181818 -> 0.25636363636363646
Reward update: 0.2818181818181818 -> 0.290909090909091
Reward update: 0.27272727272727276 -> 0.3127272727272728
Reward update: 0.27272727272727265 -> 0.2890909090909091
Reward update: 0.2636363636363636 -> 0.22181818181818191
Reward update: 0.2636363636363636 -> 0.2890909090909091
Reward update: 0.2636363636363636 -> 0.29454545454545455
Reward update: 0.2636363636363636 -> 0.2363636363636363
Reward update: 0.2545454545454545 -> 0.12181818181818178
Reward update: 0.2545454545454545 -> 0.24
Reward update: 0.2545454545454545 -> 0.28181818181818186
Reward update: 0.2545454545454545 -> 0.2818181818181818
Current policy count: 20
Reward update: 0.33272727272727276 -> 0.32545454545454544
Reward update: 0.32000000000000006 -> 0.3
Reward update: 0.3127272727272728 -> 0.2727272727272728
Reward update: 0.31272727272727274 -> 0.22727272727272724
Reward update: 0.3036363636363636 -> 0.2490909090909092
Reward update: 0.30181818181818193 -> 0.3218181818181819
Reward update: 0.3000000000000001 -> 0.24909090909090906
Reward update: 0.29636363636363633 -> 0.2872727272727273
Reward update: 0.2945454545454546 -> 0.24727272727272734
Reward update: 0.29454545454545455 -> 0.23454545454545456
Reward update: 0.2927272727272728 -> 0.23090909090909092
Reward update: 0.2927272727272727 -> 0.21272727272727274
Reward update: 0.290909090909091 -> 0.3490909090909091
Reward update: 0.2890909090909091 -> 0.25454545454545463
Reward update: 0.2890909090909091 -> 0.3054545454545455
Reward update: 0.28363636363636363 -> 0.29999999999999993
Reward update: 0.28181818181818186 -> 0.2545454545454545
Reward update: 0.2818181818181818 -> 0.20909090909090913
Reward update: 0.27636363636363653 -> 0.20727272727272728
Reward update: 0.2745454545454546 -> 0.2509090909090909
Current policy count: 10
Reward update: 0.3490909090909091 -> 0.2527272727272728
Reward update: 0.32545454545454544 -> 0.3090909090909092
Reward update: 0.3218181818181819 -> 0.2763636363636364
Reward update: 0.3054545454545455 -> 0.3872727272727273
Reward update: 0.3 -> 0.23272727272727273
Reward update: 0.29999999999999993 -> 0.2890909090909091
Reward update: 0.2872727272727273 -> 0.2418181818181818
Reward update: 0.2727272727272728 -> 0.24545454545454548
Reward update: 0.25454545454545463 -> 0.22545454545454546
Reward update: 0.2545454545454545 -> 0.2327272727272727
Current policy count: 5
Reward update: 0.3872727272727273 -> 0.2381818181818182
Reward update: 0.3090909090909092 -> 0.2581818181818182
Reward update: 0.2890909090909091 -> 0.1763636363636363
Reward update: 0.2763636363636364 -> 0.30909090909090914
Reward update: 0.2527272727272728 -> 0.2745454545454545
Current policy count: 3
Reward update: 0.30909090909090914 -> 0.1872727272727272
Reward update: 0.2745454545454545 -> 0.2727272727272727
Reward update: 0.2581818181818182 -> 0.290909090909091
Current policy count: 2
Reward update: 0.290909090909091 -> 0.26
Reward update: 0.2727272727272727 -> 0.26727272727272733
Current policy count: 1
Reward update: 0.26727272727272733 -> 0.2690909090909092
Final reward: 0.2636363636363636
Number of nodes: 17
Iteration 0/80
Training student with 154 points
Train accuracy: 0.7073170731707317
Test accuracy: 0.5483870967741935
Number of nodes: 11
Student reward: 0.13636363636363638
Iteration 1/80
Training student with 1154 points
Train accuracy: 0.5373781148429035
Test accuracy: 0.6103896103896104
Number of nodes: 19
Student reward: 0.1181818181818182
Iteration 2/80
Training student with 2154 points
Train accuracy: 0.547301218804411
Test accuracy: 0.6078886310904872
Number of nodes: 17
Student reward: 0.2818181818181818
Iteration 3/80
Training student with 3154 points
Train accuracy: 0.536662703131193
Test accuracy: 0.5245641838351822
Number of nodes: 17
Student reward: 0.1
Iteration 4/80
Training student with 4154 points
Train accuracy: 0.5167017755040626
Test accuracy: 0.5186522262334536
Number of nodes: 21
Student reward: 0.21818181818181817
Iteration 5/80
Training student with 5154 points
Train accuracy: 0.5073975260732476
Test accuracy: 0.5033947623666344
Number of nodes: 21
Student reward: 0.16363636363636364
Iteration 6/80
Training student with 6154 points
Train accuracy: 0.4994921795653057
Test accuracy: 0.5012185215272137
Number of nodes: 21
Student reward: 0.1
Iteration 7/80
Training student with 7154 points
Train accuracy: 0.5016599685479644
Test accuracy: 0.4779874213836478
Number of nodes: 17
Student reward: 0.19090909090909092
Iteration 8/80
Training student with 8154 points
Train accuracy: 0.4947110225356431
Test accuracy: 0.49908031882280807
Number of nodes: 21
Student reward: 0.1181818181818182
Iteration 9/80
Training student with 9154 points
Train accuracy: 0.4916018025399426
Test accuracy: 0.482796286182414
Number of nodes: 23
Student reward: 0.09090909090909093
Iteration 10/80
Training student with 10154 points
Train accuracy: 0.4931675489351225
Test accuracy: 0.483505662235352
Number of nodes: 23
Student reward: 0.13636363636363635
Iteration 11/80
Training student with 11154 points
Train accuracy: 0.5035302028465762
Test accuracy: 0.4751232631107127
Number of nodes: 23
Student reward: 0.16363636363636364
Iteration 12/80
Training student with 12154 points
Train accuracy: 0.4996400287976962
Test accuracy: 0.49403537638831757
Number of nodes: 23
Student reward: 0.08181818181818183
Iteration 13/80
Training student with 13154 points
Train accuracy: 0.4965314073933289
Test accuracy: 0.5093120486507031
Number of nodes: 21
Student reward: 0.12727272727272726
Iteration 14/80
Training student with 14154 points
Train accuracy: 0.49827784156142363
Test accuracy: 0.4980572235959025
Number of nodes: 23
Student reward: 0.1727272727272727
Iteration 15/80
Training student with 15154 points
Train accuracy: 0.5036707085704859
Test accuracy: 0.47146156384031673
Number of nodes: 21
Student reward: 0.10909090909090909
Iteration 16/80
Training student with 16154 points
Train accuracy: 0.4957827129923392
Test accuracy: 0.500464252553389
Number of nodes: 23
Student reward: 0.1
Iteration 17/80
Training student with 17154 points
Train accuracy: 0.4951541208190629
Test accuracy: 0.49897988924511805
Number of nodes: 23
Student reward: 0.15454545454545457
Iteration 18/80
Training student with 18154 points
Train accuracy: 0.49425049920815256
Test accuracy: 0.5059212338198843
Number of nodes: 23
Student reward: 0.1
Iteration 19/80
Training student with 19154 points
Train accuracy: 0.49663903935260717
Test accuracy: 0.4925606891151135
Number of nodes: 23
Student reward: 0.07272727272727272
Iteration 20/80
Training student with 20154 points
Train accuracy: 0.49810829250139554
Test accuracy: 0.5068221285040933
Number of nodes: 21
Student reward: 0.19090909090909092
Iteration 21/80
Training student with 21154 points
Train accuracy: 0.4960113455061159
Test accuracy: 0.5057905932403687
Number of nodes: 21
Student reward: 0.1
Iteration 22/80
Training student with 22154 points
Train accuracy: 0.4949500648874344
Test accuracy: 0.5098171970209885
Number of nodes: 21
Student reward: 0.19090909090909086
Iteration 23/80
Training student with 23154 points
Train accuracy: 0.4990552286346704
Test accuracy: 0.4895270999784064
Number of nodes: 23
Student reward: 0.09090909090909091
Iteration 24/80
Training student with 24154 points
Train accuracy: 0.4992495989235626
Test accuracy: 0.49472158973297453
Number of nodes: 21
Student reward: 0.10909090909090909
Iteration 25/80
Training student with 25154 points
Train accuracy: 0.4951547979923471
Test accuracy: 0.5008944543828264
Number of nodes: 21
Student reward: 0.15454545454545457
Iteration 26/80
Training student with 26154 points
Train accuracy: 0.4942407876499546
Test accuracy: 0.5058306251194801
Number of nodes: 23
Student reward: 0.05454545454545455
Iteration 27/80
Training student with 27154 points
Train accuracy: 0.5005754269668093
Test accuracy: 0.49493647578714783
Number of nodes: 23
Student reward: 0.13636363636363638
Iteration 28/80
Training student with 28154 points
Train accuracy: 0.5034853261110864
Test accuracy: 0.49955602912448943
Number of nodes: 23
Student reward: 0.21818181818181817
Iteration 29/80
Training student with 29154 points
Train accuracy: 0.5054238305535308
Test accuracy: 0.4956268221574344
Number of nodes: 19
Student reward: 0.14545454545454545
Iteration 30/80
Training student with 30154 points
Train accuracy: 0.5009327198109688
Test accuracy: 0.5085392140606865
Number of nodes: 23
Student reward: 0.19090909090909092
Iteration 31/80
Training student with 31154 points
Train accuracy: 0.503470689724351
Test accuracy: 0.49799390146043976
Number of nodes: 23
Student reward: 0.1727272727272727
Iteration 32/80
Training student with 32154 points
Train accuracy: 0.5011468335730669
Test accuracy: 0.49572383766132794
Number of nodes: 23
Student reward: 0.05454545454545454
Iteration 33/80
Training student with 33154 points
Train accuracy: 0.5008106172001658
Test accuracy: 0.4955511989141909
Number of nodes: 21
Student reward: 0.1
Iteration 34/80
Training student with 34154 points
Train accuracy: 0.49965230757969475
Test accuracy: 0.4975845410628019
Number of nodes: 23
Student reward: 0.14545454545454545
Iteration 35/80
Training student with 35154 points
Train accuracy: 0.5000177790420652
Test accuracy: 0.49480870430948654
Number of nodes: 23
Student reward: 0.1181818181818182
Iteration 36/80
Training student with 36154 points
Train accuracy: 0.4999827127199806
Test accuracy: 0.493984234545706
Number of nodes: 23
Student reward: 0.15454545454545457
Iteration 37/80
Training student with 37154 points
Train accuracy: 0.4986037748544898
Test accuracy: 0.5045081415691024
Number of nodes: 21
Student reward: 0.2
Iteration 38/80
Training student with 38154 points
Train accuracy: 0.5002457163450513
Test accuracy: 0.504783121478181
Number of nodes: 23
Student reward: 0.12727272727272726
Iteration 39/80
Training student with 39154 points
Train accuracy: 0.5015803083995786
Test accuracy: 0.5027454986591751
Number of nodes: 21
Student reward: 0.11818181818181817
Iteration 40/80
Training student with 40154 points
Train accuracy: 0.5020701677925474
Test accuracy: 0.49520607645374176
Number of nodes: 21
Student reward: 0.24545454545454543
Iteration 41/80
Training student with 41154 points
Train accuracy: 0.49901284816086017
Test accuracy: 0.498845826752521
Number of nodes: 23
Student reward: 0.1818181818181818
Iteration 42/80
Training student with 42154 points
Train accuracy: 0.4991845328114343
Test accuracy: 0.4997034752698375
Number of nodes: 21
Student reward: 0.15454545454545454
Iteration 43/80
Training student with 43154 points
Train accuracy: 0.5022448802247776
Test accuracy: 0.4906731549067315
Number of nodes: 23
Student reward: 0.15454545454545454
Iteration 44/80
Training student with 44154 points
Train accuracy: 0.4993913314271155
Test accuracy: 0.49971690635262145
Number of nodes: 23
Student reward: 0.16363636363636366
Iteration 45/80
Training student with 45154 points
Train accuracy: 0.4999584752097002
Test accuracy: 0.5004982836895139
Number of nodes: 23
Student reward: 0.1727272727272727
Iteration 46/80
Training student with 46154 points
Train accuracy: 0.5022885464344717
Test accuracy: 0.5034124146896327
Number of nodes: 21
Student reward: 0.15454545454545457
Iteration 47/80
Training student with 47154 points
Train accuracy: 0.5036715001457996
Test accuracy: 0.49772028416922914
Number of nodes: 23
Student reward: 0.1
Iteration 48/80
Training student with 48154 points
Train accuracy: 0.5025828725696337
Test accuracy: 0.5031668570241927
Number of nodes: 23
Student reward: 0.1
Iteration 49/80
Training student with 49154 points
Train accuracy: 0.5024540345344963
Test accuracy: 0.5058488454887601
Number of nodes: 23
Student reward: 0.2727272727272727
Iteration 50/80
Training student with 50154 points
Train accuracy: 0.5021060239762729
Test accuracy: 0.503738410926129
Number of nodes: 23
Student reward: 0.16363636363636364
Iteration 51/80
Training student with 51154 points
Train accuracy: 0.5028712459985827
Test accuracy: 0.497116606392337
Number of nodes: 23
Student reward: 0.13636363636363638
Iteration 52/80
Training student with 52154 points
Train accuracy: 0.500203724564389
Test accuracy: 0.5056082830025884
Number of nodes: 23
Student reward: 0.10909090909090909
Iteration 53/80
Training student with 53154 points
Train accuracy: 0.5023163934811748
Test accuracy: 0.49760135452920706
Number of nodes: 23
Student reward: 0.15454545454545457
Iteration 54/80
Training student with 54154 points
Train accuracy: 0.5021120421023475
Test accuracy: 0.49819961222417136
Number of nodes: 23
Student reward: 0.09090909090909091
Iteration 55/80
Training student with 55154 points
Train accuracy: 0.5008952247127348
Test accuracy: 0.50294624240776
Number of nodes: 23
Student reward: 0.1
Iteration 56/80
Training student with 56154 points
Train accuracy: 0.5011909266967923
Test accuracy: 0.49879796990472797
Number of nodes: 23
Student reward: 0.06363636363636363
Iteration 57/80
Training student with 57154 points
Train accuracy: 0.5004483520328937
Test accuracy: 0.5006561105765025
Number of nodes: 23
Student reward: 0.16363636363636364
Iteration 58/80
Training student with 58154 points
Train accuracy: 0.5034714012423962
Test accuracy: 0.4990112630040409
Number of nodes: 21
Student reward: 0.14545454545454545
Iteration 59/80
Training student with 59154 points
Train accuracy: 0.5034972423557256
Test accuracy: 0.4977601217141408
Number of nodes: 21
Student reward: 0.15454545454545454
Iteration 60/80
Training student with 60154 points
Train accuracy: 0.5025871205037092
Test accuracy: 0.5009558640179537
Number of nodes: 23
Student reward: 0.06363636363636364
Iteration 61/80
Training student with 61154 points
Train accuracy: 0.5026470167405923
Test accuracy: 0.5028207014961982
Number of nodes: 23
Student reward: 0.20909090909090908
Iteration 62/80
Training student with 62154 points
Train accuracy: 0.5009955151539529
Test accuracy: 0.5051081972488134
Number of nodes: 23
Student reward: 0.10909090909090909
Iteration 63/80
Training student with 63154 points
Train accuracy: 0.5022662945589138
Test accuracy: 0.5026522048927242
Number of nodes: 21
Student reward: 0.15454545454545454
Iteration 64/80
Training student with 64154 points
Train accuracy: 0.5015879819963759
Test accuracy: 0.5052606967500585
Number of nodes: 21
Student reward: 0.2363636363636364
Iteration 65/80
Training student with 65154 points
Train accuracy: 0.5020624292538802
Test accuracy: 0.49896400890184944
Number of nodes: 23
Student reward: 0.18181818181818182
Iteration 66/80
Training student with 66154 points
Train accuracy: 0.5021824159628139
Test accuracy: 0.5006424306552792
Number of nodes: 23
Student reward: 0.16363636363636364
Iteration 67/80
Training student with 67154 points
Train accuracy: 0.5018707071459152
Test accuracy: 0.5001116819298638
Number of nodes: 23
Student reward: 0.19090909090909092
Iteration 68/80
Training student with 68154 points
Train accuracy: 0.5014764411349338
Test accuracy: 0.49842271293375395
Number of nodes: 23
Student reward: 0.1727272727272727
Iteration 69/80
Training student with 69154 points
Train accuracy: 0.5002078701444246
Test accuracy: 0.5065432723591932
Number of nodes: 23
Student reward: 0.18181818181818182
Iteration 70/80
Training student with 70154 points
Train accuracy: 0.501719437663703
Test accuracy: 0.4991803862875062
Number of nodes: 21
Student reward: 0.20909090909090908
Iteration 71/80
Training student with 71154 points
Train accuracy: 0.5028547335874778
Test accuracy: 0.49870002108073924
Number of nodes: 23
Student reward: 0.19090909090909092
Iteration 72/80
Training student with 72154 points
Train accuracy: 0.5042184224659148
Test accuracy: 0.49830226595523525
Number of nodes: 21
Student reward: 0.1909090909090909
Iteration 73/80
Training student with 73154 points
Train accuracy: 0.5032551304615279
Test accuracy: 0.5019479188025425
Number of nodes: 21
Student reward: 0.1
Iteration 74/80
Training student with 74154 points
Train accuracy: 0.5020986801072097
Test accuracy: 0.5034050300047198
Number of nodes: 23
Student reward: 0.18181818181818182
Iteration 75/80
Training student with 75154 points
Train accuracy: 0.503101974286047
Test accuracy: 0.49896879781784315
Number of nodes: 23
Student reward: 0.1272727272727273
Iteration 76/80
Training student with 76154 points
Train accuracy: 0.5018301790785089
Test accuracy: 0.504694373317576
Number of nodes: 23
Student reward: 0.13636363636363635
Iteration 77/80
Training student with 77154 points
Train accuracy: 0.5029405570046822
Test accuracy: 0.5029486099410277
Number of nodes: 23
Student reward: 0.13636363636363638
Iteration 78/80
Training student with 78154 points
Train accuracy: 0.5049661724485389
Test accuracy: 0.4971530932122065
Number of nodes: 23
Student reward: 0.1181818181818182
Iteration 79/80
Training student with 79154 points
Train accuracy: 0.5032926424837737
Test accuracy: 0.5020529341166067
Number of nodes: 19
Student reward: 0.1272727272727273
Initial policy count: 80
Current policy count: 40
Reward update: 0.2818181818181818 -> 0.1309090909090909
Reward update: 0.2727272727272727 -> 0.17272727272727267
Reward update: 0.24545454545454543 -> 0.10727272727272724
Reward update: 0.2363636363636364 -> 0.1727272727272727
Reward update: 0.21818181818181817 -> 0.1254545454545454
Reward update: 0.21818181818181817 -> 0.1654545454545454
Reward update: 0.20909090909090908 -> 0.10545454545454541
Reward update: 0.20909090909090908 -> 0.11454545454545452
Reward update: 0.2 -> 0.1127272727272727
Reward update: 0.19090909090909092 -> 0.12727272727272723
Reward update: 0.19090909090909092 -> 0.10909090909090907
Reward update: 0.19090909090909092 -> 0.09999999999999996
Reward update: 0.19090909090909092 -> 0.16727272727272727
Reward update: 0.19090909090909092 -> 0.1654545454545454
Reward update: 0.1909090909090909 -> 0.10909090909090904
Reward update: 0.19090909090909086 -> 0.19454545454545458
Reward update: 0.18181818181818182 -> 0.13636363636363633
Reward update: 0.18181818181818182 -> 0.15999999999999992
Reward update: 0.18181818181818182 -> 0.13636363636363633
Reward update: 0.1818181818181818 -> 0.11818181818181812
Reward update: 0.1727272727272727 -> 0.14909090909090905
Reward update: 0.1727272727272727 -> 0.15454545454545454
Reward update: 0.1727272727272727 -> 0.10545454545454541
Reward update: 0.1727272727272727 -> 0.14909090909090905
Reward update: 0.16363636363636366 -> 0.12909090909090903
Reward update: 0.16363636363636364 -> 0.15272727272727266
Reward update: 0.16363636363636364 -> 0.11454545454545449
Reward update: 0.16363636363636364 -> 0.1381818181818181
Reward update: 0.16363636363636364 -> 0.08909090909090907
Reward update: 0.16363636363636364 -> 0.12727272727272726
Reward update: 0.15454545454545457 -> 0.15454545454545454
Reward update: 0.15454545454545457 -> 0.1236363636363636
Reward update: 0.15454545454545457 -> 0.1236363636363636
Reward update: 0.15454545454545457 -> 0.15818181818181817
Reward update: 0.15454545454545457 -> 0.14727272727272722
Reward update: 0.15454545454545454 -> 0.12181818181818177
Reward update: 0.15454545454545454 -> 0.1709090909090909
Reward update: 0.15454545454545454 -> 0.1345454545454545
Reward update: 0.15454545454545454 -> 0.14909090909090902
Reward update: 0.14545454545454545 -> 0.15818181818181812
Current policy count: 20
Reward update: 0.19454545454545458 -> 0.1654545454545454
Reward update: 0.1727272727272727 -> 0.1436363636363636
Reward update: 0.17272727272727267 -> 0.12909090909090903
Reward update: 0.1709090909090909 -> 0.15090909090909085
Reward update: 0.16727272727272727 -> 0.1436363636363636
Reward update: 0.1654545454545454 -> 0.1309090909090909
Reward update: 0.1654545454545454 -> 0.13999999999999996
Reward update: 0.15999999999999992 -> 0.18727272727272726
Reward update: 0.15818181818181817 -> 0.1709090909090909
Reward update: 0.15818181818181812 -> 0.1345454545454545
Reward update: 0.15454545454545454 -> 0.1254545454545454
Reward update: 0.15454545454545454 -> 0.13454545454545452
Reward update: 0.15272727272727266 -> 0.1618181818181818
Reward update: 0.14909090909090905 -> 0.13636363636363633
Reward update: 0.14909090909090905 -> 0.12909090909090903
Reward update: 0.14909090909090902 -> 0.13090909090909084
Reward update: 0.14727272727272722 -> 0.10727272727272723
Reward update: 0.1381818181818181 -> 0.17636363636363633
Reward update: 0.13636363636363633 -> 0.13090909090909084
Reward update: 0.13636363636363633 -> 0.11090909090909086
Current policy count: 10
Reward update: 0.18727272727272726 -> 0.11454545454545449
Reward update: 0.17636363636363633 -> 0.1327272727272727
Reward update: 0.1709090909090909 -> 0.08727272727272725
Reward update: 0.1654545454545454 -> 0.17454545454545453
Reward update: 0.1618181818181818 -> 0.11454545454545449
Reward update: 0.15090909090909085 -> 0.09636363636363635
Reward update: 0.1436363636363636 -> 0.13090909090909084
Reward update: 0.1436363636363636 -> 0.13999999999999996
Reward update: 0.13999999999999996 -> 0.16727272727272724
Reward update: 0.13636363636363633 -> 0.14909090909090905
Current policy count: 5
Reward update: 0.17454545454545453 -> 0.1454545454545454
Reward update: 0.16727272727272724 -> 0.1509090909090909
Reward update: 0.14909090909090905 -> 0.1563636363636363
Reward update: 0.13999999999999996 -> 0.13818181818181813
Reward update: 0.1327272727272727 -> 0.18545454545454543
Current policy count: 3
Reward update: 0.18545454545454543 -> 0.16909090909090907
Reward update: 0.1563636363636363 -> 0.12909090909090903
Reward update: 0.1509090909090909 -> 0.1236363636363636
Current policy count: 2
Reward update: 0.16909090909090907 -> 0.1872727272727272
Reward update: 0.12909090909090903 -> 0.1236363636363636
Current policy count: 1
Reward update: 0.1872727272727272 -> 0.12181818181818178
Final reward: 0.12727272727272723
Number of nodes: 23
