Iteration 0/80
Training student with 313 points
Train accuracy: 0.532
Test accuracy: 0.4126984126984127
Number of nodes: 19
Student reward: 0.3090909090909091
Iteration 1/80
Training student with 1313 points
Train accuracy: 0.3780952380952381
Test accuracy: 0.33840304182509506
Number of nodes: 19
Student reward: 0.3181818181818182
Iteration 2/80
Training student with 2222 points
Train accuracy: 0.3764772087788407
Test accuracy: 0.35730337078651686
Number of nodes: 19
Student reward: 0.2545454545454545
Iteration 3/80
Training student with 3222 points
Train accuracy: 0.3845556849049282
Test accuracy: 0.3829457364341085
Number of nodes: 21
Student reward: 0.1727272727272727
Iteration 4/80
Training student with 4222 points
Train accuracy: 0.387918270654427
Test accuracy: 0.39171597633136096
Number of nodes: 19
Student reward: 0.32727272727272727
Iteration 5/80
Training student with 5131 points
Train accuracy: 0.37597465886939574
Test accuracy: 0.4021421616358325
Number of nodes: 21
Student reward: 0.27272727272727265
Iteration 6/80
Training student with 6040 points
Train accuracy: 0.38100165562913907
Test accuracy: 0.3841059602649007
Number of nodes: 21
Student reward: 0.23636363636363633
Iteration 7/80
Training student with 7040 points
Train accuracy: 0.38725142045454547
Test accuracy: 0.35511363636363635
Number of nodes: 21
Student reward: 0.21818181818181817
Iteration 8/80
Training student with 8040 points
Train accuracy: 0.3762437810945274
Test accuracy: 0.388681592039801
Number of nodes: 21
Student reward: 0.1636363636363636
Iteration 9/80
Training student with 9040 points
Train accuracy: 0.36863938053097345
Test accuracy: 0.37168141592920356
Number of nodes: 19
Student reward: 0.3454545454545455
Iteration 10/80
Training student with 10040 points
Train accuracy: 0.37014442231075695
Test accuracy: 0.3705179282868526
Number of nodes: 21
Student reward: 0.10909090909090909
Iteration 11/80
Training student with 11040 points
Train accuracy: 0.37341485507246375
Test accuracy: 0.35778985507246375
Number of nodes: 21
Student reward: 0.24545454545454543
Iteration 12/80
Training student with 12040 points
Train accuracy: 0.3584925249169435
Test accuracy: 0.36046511627906974
Number of nodes: 21
Student reward: 0.24545454545454543
Iteration 13/80
Training student with 12949 points
Train accuracy: 0.35543971425813303
Test accuracy: 0.3722007722007722
Number of nodes: 19
Student reward: 0.26363636363636356
Iteration 14/80
Training student with 13949 points
Train accuracy: 0.36248767810735727
Test accuracy: 0.3709677419354839
Number of nodes: 21
Student reward: 0.17272727272727273
Iteration 15/80
Training student with 14858 points
Train accuracy: 0.36286387346458016
Test accuracy: 0.35363391655450876
Number of nodes: 17
Student reward: 0.2
Iteration 16/80
Training student with 15767 points
Train accuracy: 0.3555855070165702
Test accuracy: 0.37285986049461
Number of nodes: 21
Student reward: 0.3
Iteration 17/80
Training student with 16676 points
Train accuracy: 0.35817091454272865
Test accuracy: 0.35731414868105515
Number of nodes: 19
Student reward: 0.2545454545454545
Iteration 18/80
Training student with 17676 points
Train accuracy: 0.3649222065063649
Test accuracy: 0.36368778280542985
Number of nodes: 21
Student reward: 0.41818181818181815
Iteration 19/80
Training student with 18494 points
Train accuracy: 0.36316323082122337
Test accuracy: 0.3652338469856718
Number of nodes: 21
Student reward: 0.3545454545454545
Iteration 20/80
Training student with 19403 points
Train accuracy: 0.3638062105398789
Test accuracy: 0.3524864725586189
Number of nodes: 19
Student reward: 0.28181818181818186
Iteration 21/80
Training student with 20312 points
Train accuracy: 0.3632838943935011
Test accuracy: 0.3635244892936254
Number of nodes: 21
Student reward: 0.3545454545454546
Iteration 22/80
Training student with 21312 points
Train accuracy: 0.36348172913367355
Test accuracy: 0.36288998357963875
Number of nodes: 21
Student reward: 0.23636363636363633
Iteration 23/80
Training student with 22221 points
Train accuracy: 0.3598672367236724
Test accuracy: 0.36332958380202474
Number of nodes: 21
Student reward: 0.35454545454545455
Iteration 24/80
Training student with 23130 points
Train accuracy: 0.36197578901859057
Test accuracy: 0.35689580631214873
Number of nodes: 19
Student reward: 0.3909090909090908
Iteration 25/80
Training student with 23857 points
Train accuracy: 0.36353156929525804
Test accuracy: 0.35666387259010895
Number of nodes: 19
Student reward: 0.20909090909090908
Iteration 26/80
Training student with 24857 points
Train accuracy: 0.35232587377420166
Test accuracy: 0.3588093322606597
Number of nodes: 21
Student reward: 0.2
Iteration 27/80
Training student with 25857 points
Train accuracy: 0.35233260817017165
Test accuracy: 0.34783449342614076
Number of nodes: 21
Student reward: 0.3545454545454545
Iteration 28/80
Training student with 26766 points
Train accuracy: 0.3527928264524566
Test accuracy: 0.3539409787075084
Number of nodes: 19
Student reward: 0.19090909090909092
Iteration 29/80
Training student with 27766 points
Train accuracy: 0.3481001260579867
Test accuracy: 0.3422758372344256
Number of nodes: 21
Student reward: 0.2636363636363636
Iteration 30/80
Training student with 28675 points
Train accuracy: 0.344768962510898
Test accuracy: 0.3501307759372275
Number of nodes: 21
Student reward: 0.22727272727272724
Iteration 31/80
Training student with 29584 points
Train accuracy: 0.34689652258418896
Test accuracy: 0.3447693087713368
Number of nodes: 21
Student reward: 0.24545454545454543
Iteration 32/80
Training student with 30493 points
Train accuracy: 0.34393703369681067
Test accuracy: 0.3413674372848008
Number of nodes: 21
Student reward: 0.13636363636363635
Iteration 33/80
Training student with 31493 points
Train accuracy: 0.3574660633484163
Test accuracy: 0.3600571519288776
Number of nodes: 21
Student reward: 0.29999999999999993
Iteration 34/80
Training student with 32402 points
Train accuracy: 0.3530727981173566
Test accuracy: 0.35272334516278353
Number of nodes: 21
Student reward: 0.34545454545454546
Iteration 35/80
Training student with 33220 points
Train accuracy: 0.35046658639373873
Test accuracy: 0.34045755568934377
Number of nodes: 21
Student reward: 0.32727272727272727
Iteration 36/80
Training student with 34038 points
Train accuracy: 0.34395886889460153
Test accuracy: 0.3510575793184489
Number of nodes: 21
Student reward: 0.3
Iteration 37/80
Training student with 34947 points
Train accuracy: 0.3419894838501985
Test accuracy: 0.3397711015736767
Number of nodes: 21
Student reward: 0.10000000000000002
Iteration 38/80
Training student with 35947 points
Train accuracy: 0.35434850645060334
Test accuracy: 0.35438108484005565
Number of nodes: 21
Student reward: 0.2545454545454545
Iteration 39/80
Training student with 36947 points
Train accuracy: 0.3510843455019116
Test accuracy: 0.34208389715832205
Number of nodes: 21
Student reward: 0.28181818181818186
Iteration 40/80
Training student with 37856 points
Train accuracy: 0.3458261788403117
Test accuracy: 0.33518225039619653
Number of nodes: 21
Student reward: 0.13636363636363635
Iteration 41/80
Training student with 38856 points
Train accuracy: 0.33869514862952
Test accuracy: 0.34611425630468345
Number of nodes: 21
Student reward: 0.3454545454545454
Iteration 42/80
Training student with 39765 points
Train accuracy: 0.35253992204199674
Test accuracy: 0.344524078963913
Number of nodes: 21
Student reward: 0.3090909090909091
Iteration 43/80
Training student with 40765 points
Train accuracy: 0.3473568011774807
Test accuracy: 0.3428185943824359
Number of nodes: 19
Student reward: 0.42727272727272725
Iteration 44/80
Training student with 41583 points
Train accuracy: 0.3446161245716347
Test accuracy: 0.34363352170253697
Number of nodes: 21
Student reward: 0.2909090909090909
Iteration 45/80
Training student with 42583 points
Train accuracy: 0.34245288557506015
Test accuracy: 0.34108254080075145
Number of nodes: 21
Student reward: 0.21818181818181817
Iteration 46/80
Training student with 43583 points
Train accuracy: 0.3387254058394998
Test accuracy: 0.33589537684983367
Number of nodes: 21
Student reward: 0.23636363636363633
Iteration 47/80
Training student with 44583 points
Train accuracy: 0.3367352660797398
Test accuracy: 0.34058539867668497
Number of nodes: 19
Student reward: 0.18181818181818182
Iteration 48/80
Training student with 45492 points
Train accuracy: 0.344022202071827
Test accuracy: 0.3448730629739532
Number of nodes: 21
Student reward: 0.2636363636363636
Iteration 49/80
Training student with 46401 points
Train accuracy: 0.34051724137931033
Test accuracy: 0.33767912940415906
Number of nodes: 19
Student reward: 0.24545454545454543
Iteration 50/80
Training student with 47401 points
Train accuracy: 0.34029535864978905
Test accuracy: 0.327602573568189
Number of nodes: 19
Student reward: 0.3090909090909091
Iteration 51/80
Training student with 48310 points
Train accuracy: 0.33797350445042434
Test accuracy: 0.33750776236803975
Number of nodes: 21
Student reward: 0.40909090909090906
Iteration 52/80
Training student with 49128 points
Train accuracy: 0.3441555137143148
Test accuracy: 0.3472420109912477
Number of nodes: 21
Student reward: 0.2727272727272727
Iteration 53/80
Training student with 50128 points
Train accuracy: 0.3410303725499975
Test accuracy: 0.33961699581089166
Number of nodes: 21
Student reward: 0.23636363636363633
Iteration 54/80
Training student with 51128 points
Train accuracy: 0.3376851987677864
Test accuracy: 0.3387443770780364
Number of nodes: 19
Student reward: 0.33636363636363636
Iteration 55/80
Training student with 52128 points
Train accuracy: 0.3451393218550669
Test accuracy: 0.3458661039708421
Number of nodes: 21
Student reward: 0.36363636363636365
Iteration 56/80
Training student with 53037 points
Train accuracy: 0.34285512267552853
Test accuracy: 0.3425716440422323
Number of nodes: 21
Student reward: 0.2545454545454546
Iteration 57/80
Training student with 53946 points
Train accuracy: 0.34034664936509407
Test accuracy: 0.3410565338276182
Number of nodes: 21
Student reward: 0.23636363636363633
Iteration 58/80
Training student with 54946 points
Train accuracy: 0.3388160888160888
Test accuracy: 0.33748862602365787
Number of nodes: 21
Student reward: 0.5181818181818182
Iteration 59/80
Training student with 55582 points
Train accuracy: 0.3376588327898347
Test accuracy: 0.33417288836916437
Number of nodes: 21
Student reward: 0.2545454545454545
Iteration 60/80
Training student with 56491 points
Train accuracy: 0.34574703487342895
Test accuracy: 0.3414461456766085
Number of nodes: 21
Student reward: 0.36363636363636365
Iteration 61/80
Training student with 57309 points
Train accuracy: 0.34421009008223
Test accuracy: 0.33510731111498865
Number of nodes: 21
Student reward: 0.14545454545454545
Iteration 62/80
Training student with 58309 points
Train accuracy: 0.33940017578836795
Test accuracy: 0.3356199622706225
Number of nodes: 21
Student reward: 0.24545454545454545
Iteration 63/80
Training student with 59218 points
Train accuracy: 0.3371469582471398
Test accuracy: 0.3375548801080716
Number of nodes: 21
Student reward: 0.4
Iteration 64/80
Training student with 60036 points
Train accuracy: 0.3422378612476056
Test accuracy: 0.3446868754163891
Number of nodes: 21
Student reward: 0.28181818181818175
Iteration 65/80
Training student with 61036 points
Train accuracy: 0.34185303514376997
Test accuracy: 0.334043250327654
Number of nodes: 21
Student reward: 0.3818181818181818
Iteration 66/80
Training student with 61945 points
Train accuracy: 0.34724352247961904
Test accuracy: 0.3475663895391073
Number of nodes: 21
Student reward: 0.42727272727272725
Iteration 67/80
Training student with 62854 points
Train accuracy: 0.34598174333273674
Test accuracy: 0.3395115742582133
Number of nodes: 19
Student reward: 0.15454545454545454
Iteration 68/80
Training student with 63763 points
Train accuracy: 0.3407371103705156
Test accuracy: 0.3449384458558771
Number of nodes: 21
Student reward: 0.28181818181818175
Iteration 69/80
Training student with 64672 points
Train accuracy: 0.33871310667414034
Test accuracy: 0.34147661383842287
Number of nodes: 21
Student reward: 0.2909090909090909
Iteration 70/80
Training student with 65581 points
Train accuracy: 0.3383081732235438
Test accuracy: 0.3294960737973622
Number of nodes: 21
Student reward: 0.3363636363636363
Iteration 71/80
Training student with 66490 points
Train accuracy: 0.3341479921792751
Test accuracy: 0.34193111746127236
Number of nodes: 19
Student reward: 0.22727272727272724
Iteration 72/80
Training student with 67490 points
Train accuracy: 0.34255074825900134
Test accuracy: 0.33834642169210255
Number of nodes: 19
Student reward: 0.12727272727272726
Iteration 73/80
Training student with 68490 points
Train accuracy: 0.3394108628996934
Test accuracy: 0.33508541392904073
Number of nodes: 19
Student reward: 0.2909090909090909
Iteration 74/80
Training student with 69490 points
Train accuracy: 0.33807022593178876
Test accuracy: 0.32623399050223056
Number of nodes: 21
Student reward: 0.1727272727272727
Iteration 75/80
Training student with 70490 points
Train accuracy: 0.33155412115193644
Test accuracy: 0.3365016314370833
Number of nodes: 21
Student reward: 0.2818181818181818
Iteration 76/80
Training student with 71308 points
Train accuracy: 0.3315394593836553
Test accuracy: 0.32639181040527276
Number of nodes: 21
Student reward: 0.3363636363636363
Iteration 77/80
Training student with 72126 points
Train accuracy: 0.33296360485268633
Test accuracy: 0.33404963260779147
Number of nodes: 19
Student reward: 0.32727272727272727
Iteration 78/80
Training student with 73035 points
Train accuracy: 0.3335558293968645
Test accuracy: 0.32614499897309507
Number of nodes: 21
Student reward: 0.11818181818181817
Iteration 79/80
Training student with 74035 points
Train accuracy: 0.3355507530222192
Test accuracy: 0.34328358208955223
Number of nodes: 21
Student reward: 0.3
Initial policy count: 80
Current policy count: 40
Reward update: 0.5181818181818182 -> 0.27272727272727276
Reward update: 0.42727272727272725 -> 0.28727272727272735
Reward update: 0.42727272727272725 -> 0.24363636363636368
Reward update: 0.41818181818181815 -> 0.28
Reward update: 0.40909090909090906 -> 0.23636363636363644
Reward update: 0.4 -> 0.23272727272727267
Reward update: 0.3909090909090908 -> 0.31636363636363646
Reward update: 0.3818181818181818 -> 0.32000000000000006
Reward update: 0.36363636363636365 -> 0.25272727272727274
Reward update: 0.36363636363636365 -> 0.2618181818181819
Reward update: 0.3545454545454546 -> 0.29454545454545455
Reward update: 0.35454545454545455 -> 0.2618181818181818
Reward update: 0.3545454545454545 -> 0.3181818181818182
Reward update: 0.3545454545454545 -> 0.28909090909090923
Reward update: 0.3454545454545455 -> 0.23999999999999996
Reward update: 0.34545454545454546 -> 0.20363636363636364
Reward update: 0.3454545454545454 -> 0.22545454545454544
Reward update: 0.33636363636363636 -> 0.22181818181818186
Reward update: 0.3363636363636363 -> 0.31272727272727274
Reward update: 0.3363636363636363 -> 0.2872727272727273
Reward update: 0.32727272727272727 -> 0.30363636363636365
Reward update: 0.32727272727272727 -> 0.24545454545454548
Reward update: 0.32727272727272727 -> 0.24363636363636368
Reward update: 0.3181818181818182 -> 0.270909090909091
Reward update: 0.3090909090909091 -> 0.26181818181818184
Reward update: 0.3090909090909091 -> 0.24545454545454554
Reward update: 0.3090909090909091 -> 0.2127272727272727
Reward update: 0.3 -> 0.28
Reward update: 0.3 -> 0.28545454545454546
Reward update: 0.3 -> 0.3054545454545454
Reward update: 0.29999999999999993 -> 0.2818181818181818
Reward update: 0.2909090909090909 -> 0.22363636363636374
Reward update: 0.2909090909090909 -> 0.28181818181818186
Reward update: 0.2909090909090909 -> 0.25272727272727274
Reward update: 0.28181818181818186 -> 0.3
Reward update: 0.28181818181818186 -> 0.28909090909090907
Reward update: 0.2818181818181818 -> 0.26909090909090905
Reward update: 0.28181818181818175 -> 0.30727272727272725
Reward update: 0.28181818181818175 -> 0.2636363636363637
Reward update: 0.2727272727272727 -> 0.32
Current policy count: 20
Reward update: 0.32000000000000006 -> 0.17999999999999994
Reward update: 0.32 -> 0.30363636363636365
Reward update: 0.3181818181818182 -> 0.2872727272727273
Reward update: 0.31636363636363646 -> 0.24545454545454554
Reward update: 0.31272727272727274 -> 0.290909090909091
Reward update: 0.30727272727272725 -> 0.29454545454545467
Reward update: 0.3054545454545454 -> 0.32909090909090916
Reward update: 0.30363636363636365 -> 0.2727272727272729
Reward update: 0.3 -> 0.3145454545454545
Reward update: 0.29454545454545455 -> 0.29090909090909095
Reward update: 0.28909090909090923 -> 0.25272727272727274
Reward update: 0.28909090909090907 -> 0.2636363636363636
Reward update: 0.28727272727272735 -> 0.2854545454545455
Reward update: 0.2872727272727273 -> 0.32363636363636367
Reward update: 0.28545454545454546 -> 0.33818181818181825
Reward update: 0.28181818181818186 -> 0.2836363636363637
Reward update: 0.2818181818181818 -> 0.2763636363636363
Reward update: 0.28 -> 0.23090909090909092
Reward update: 0.28 -> 0.29090909090909095
Reward update: 0.27272727272727276 -> 0.32181818181818195
Current policy count: 10
Reward update: 0.33818181818181825 -> 0.2509090909090908
Reward update: 0.32909090909090916 -> 0.22
Reward update: 0.32363636363636367 -> 0.23272727272727273
Reward update: 0.32181818181818195 -> 0.29636363636363633
Reward update: 0.3145454545454545 -> 0.25636363636363635
Reward update: 0.30363636363636365 -> 0.21636363636363637
Reward update: 0.29454545454545467 -> 0.2072727272727273
Reward update: 0.290909090909091 -> 0.2509090909090909
Reward update: 0.29090909090909095 -> 0.2745454545454546
Reward update: 0.29090909090909095 -> 0.28363636363636374
Current policy count: 5
Reward update: 0.29636363636363633 -> 0.2690909090909091
Reward update: 0.28363636363636374 -> 0.24727272727272726
Reward update: 0.2745454545454546 -> 0.2781818181818183
Reward update: 0.25636363636363635 -> 0.2800000000000001
Reward update: 0.2509090909090909 -> 0.28363636363636374
Current policy count: 3
Reward update: 0.28363636363636374 -> 0.24545454545454556
Reward update: 0.2800000000000001 -> 0.29454545454545455
Reward update: 0.2781818181818183 -> 0.1963636363636364
Current policy count: 2
Reward update: 0.29454545454545455 -> 0.24000000000000007
Reward update: 0.24545454545454556 -> 0.24181818181818188
Current policy count: 1
Reward update: 0.24181818181818188 -> 0.28363636363636374
Final reward: 0.270909090909091
Number of nodes: 21
