Iteration 0/80
Training student with 1000 points
Train accuracy: 0.285
Test accuracy: 0.24
Number of nodes: 23
Student reward: 0.0
Iteration 1/80
Training student with 2000 points
Train accuracy: 0.2525
Test accuracy: 0.235
Number of nodes: 23
Student reward: 0.0
Iteration 2/80
Training student with 3000 points
Train accuracy: 0.25416666666666665
Test accuracy: 0.23166666666666666
Number of nodes: 23
Student reward: 0.0
Iteration 3/80
Training student with 4000 points
Train accuracy: 0.25625
Test accuracy: 0.23
Number of nodes: 23
Student reward: 0.0
Iteration 4/80
Training student with 5000 points
Train accuracy: 0.25275
Test accuracy: 0.236
Number of nodes: 23
Student reward: 0.0
Iteration 5/80
Training student with 6000 points
Train accuracy: 0.2504166666666667
Test accuracy: 0.21916666666666668
Number of nodes: 21
Student reward: 0.0
Iteration 6/80
Training student with 7000 points
Train accuracy: 0.23339285714285715
Test accuracy: 0.21857142857142858
Number of nodes: 23
Student reward: 0.0
Iteration 7/80
Training student with 8000 points
Train accuracy: 0.235625
Test accuracy: 0.239375
Number of nodes: 23
Student reward: 0.0
Iteration 8/80
Training student with 9000 points
Train accuracy: 0.22680555555555557
Test accuracy: 0.20777777777777778
Number of nodes: 21
Student reward: 0.0
Iteration 9/80
Training student with 10000 points
Train accuracy: 0.239625
Test accuracy: 0.2105
Number of nodes: 23
Student reward: 0.0
Iteration 10/80
Training student with 11000 points
Train accuracy: 0.23193181818181818
Test accuracy: 0.22772727272727272
Number of nodes: 23
Student reward: 0.0
Iteration 11/80
Training student with 12000 points
Train accuracy: 0.2340625
Test accuracy: 0.23416666666666666
Number of nodes: 23
Student reward: 0.0
Iteration 12/80
Training student with 13000 points
Train accuracy: 0.22673076923076924
Test accuracy: 0.23384615384615384
Number of nodes: 23
Student reward: 0.0
Iteration 13/80
Training student with 14000 points
Train accuracy: 0.23107142857142857
Test accuracy: 0.21071428571428572
Number of nodes: 23
Student reward: 0.0
Iteration 14/80
Training student with 15000 points
Train accuracy: 0.236
Test accuracy: 0.22066666666666668
Number of nodes: 23
Student reward: 0.0
Iteration 15/80
Training student with 16000 points
Train accuracy: 0.22515625
Test accuracy: 0.225625
Number of nodes: 23
Student reward: 0.0
Iteration 16/80
Training student with 17000 points
Train accuracy: 0.2571323529411765
Test accuracy: 0.25441176470588234
Number of nodes: 21
Student reward: 0.0
Iteration 17/80
Training student with 18000 points
Train accuracy: 0.25333333333333335
Test accuracy: 0.25416666666666665
Number of nodes: 21
Student reward: 0.0
Iteration 18/80
Training student with 19000 points
Train accuracy: 0.2551973684210526
Test accuracy: 0.24947368421052632
Number of nodes: 23
Student reward: 0.0
Iteration 19/80
Training student with 20000 points
Train accuracy: 0.2519375
Test accuracy: 0.24675
Number of nodes: 23
Student reward: 0.0
Iteration 20/80
Training student with 21000 points
Train accuracy: 0.2517857142857143
Test accuracy: 0.25857142857142856
Number of nodes: 23
Student reward: 0.0
Iteration 21/80
Training student with 22000 points
Train accuracy: 0.25886363636363635
Test accuracy: 0.24454545454545454
Number of nodes: 21
Student reward: 0.0
Iteration 22/80
Training student with 23000 points
Train accuracy: 0.2571195652173913
Test accuracy: 0.255
Number of nodes: 23
Student reward: 0.0
Iteration 23/80
Training student with 24000 points
Train accuracy: 0.25328125
Test accuracy: 0.24791666666666667
Number of nodes: 23
Student reward: 0.0
Iteration 24/80
Training student with 25000 points
Train accuracy: 0.25205
Test accuracy: 0.2508
Number of nodes: 23
Student reward: 0.0
Iteration 25/80
Training student with 26000 points
Train accuracy: 0.25293269230769233
Test accuracy: 0.25173076923076926
Number of nodes: 23
Student reward: 0.0
Iteration 26/80
Training student with 27000 points
Train accuracy: 0.25555555555555554
Test accuracy: 0.25037037037037035
Number of nodes: 21
Student reward: 0.0
Iteration 27/80
Training student with 28000 points
Train accuracy: 0.254375
Test accuracy: 0.25357142857142856
Number of nodes: 23
Student reward: 0.0
Iteration 28/80
Training student with 29000 points
Train accuracy: 0.2536206896551724
Test accuracy: 0.25655172413793104
Number of nodes: 21
Student reward: 0.0
Iteration 29/80
Training student with 30000 points
Train accuracy: 0.2525
Test accuracy: 0.25616666666666665
Number of nodes: 23
Student reward: 0.0
Iteration 30/80
Training student with 31000 points
Train accuracy: 0.2549193548387097
Test accuracy: 0.24419354838709678
Number of nodes: 23
Student reward: 0.0
Iteration 31/80
Training student with 32000 points
Train accuracy: 0.2493359375
Test accuracy: 0.24171875
Number of nodes: 23
Student reward: 0.0
Iteration 32/80
Training student with 33000 points
Train accuracy: 0.2510227272727273
Test accuracy: 0.24818181818181817
Number of nodes: 23
Student reward: 0.0
Iteration 33/80
Training student with 34000 points
Train accuracy: 0.24316176470588236
Test accuracy: 0.2526470588235294
Number of nodes: 23
Student reward: 0.0
Iteration 34/80
Training student with 35000 points
Train accuracy: 0.2523214285714286
Test accuracy: 0.247
Number of nodes: 23
Student reward: 0.0
Iteration 35/80
Training student with 36000 points
Train accuracy: 0.2527083333333333
Test accuracy: 0.24333333333333335
Number of nodes: 21
Student reward: 0.0
Iteration 36/80
Training student with 37000 points
Train accuracy: 0.24983108108108107
Test accuracy: 0.23702702702702702
Number of nodes: 23
Student reward: 0.0
Iteration 37/80
Training student with 38000 points
Train accuracy: 0.24904605263157895
Test accuracy: 0.2443421052631579
Number of nodes: 23
Student reward: 0.0
Iteration 38/80
Training student with 39000 points
Train accuracy: 0.25076923076923074
Test accuracy: 0.24807692307692308
Number of nodes: 23
Student reward: 0.0
Iteration 39/80
Training student with 40000 points
Train accuracy: 0.24703125
Test accuracy: 0.242
Number of nodes: 23
Student reward: 0.0
Iteration 40/80
Training student with 41000 points
Train accuracy: 0.2474390243902439
Test accuracy: 0.24280487804878048
Number of nodes: 23
Student reward: 0.0
Iteration 41/80
Training student with 42000 points
Train accuracy: 0.24863095238095237
Test accuracy: 0.24285714285714285
Number of nodes: 23
Student reward: 0.0
Iteration 42/80
Training student with 43000 points
Train accuracy: 0.24677325581395348
Test accuracy: 0.23593023255813952
Number of nodes: 23
Student reward: 0.0
Iteration 43/80
Training student with 44000 points
Train accuracy: 0.24514204545454546
Test accuracy: 0.2431818181818182
Number of nodes: 23
Student reward: 0.0
Iteration 44/80
Training student with 45000 points
Train accuracy: 0.24672222222222223
Test accuracy: 0.24566666666666667
Number of nodes: 23
Student reward: 0.0
Iteration 45/80
Training student with 46000 points
Train accuracy: 0.24771739130434783
Test accuracy: 0.24804347826086956
Number of nodes: 23
Student reward: 0.0
Iteration 46/80
Training student with 47000 points
Train accuracy: 0.24183510638297873
Test accuracy: 0.24297872340425533
Number of nodes: 23
Student reward: 0.0
Iteration 47/80
Training student with 48000 points
Train accuracy: 0.24479166666666666
Test accuracy: 0.2540625
Number of nodes: 23
Student reward: 0.0
Iteration 48/80
Training student with 49000 points
Train accuracy: 0.24349489795918366
Test accuracy: 0.25051020408163266
Number of nodes: 21
Student reward: 0.0
Iteration 49/80
Training student with 50000 points
Train accuracy: 0.240725
Test accuracy: 0.2441
Number of nodes: 21
Student reward: 0.0
Iteration 50/80
Training student with 51000 points
Train accuracy: 0.24357843137254903
Test accuracy: 0.24382352941176472
Number of nodes: 23
Student reward: 0.0
Iteration 51/80
Training student with 52000 points
Train accuracy: 0.24228365384615386
Test accuracy: 0.2428846153846154
Number of nodes: 23
Student reward: 0.0
Iteration 52/80
Training student with 53000 points
Train accuracy: 0.24398584905660378
Test accuracy: 0.24254716981132077
Number of nodes: 23
Student reward: 0.0
Iteration 53/80
Training student with 54000 points
Train accuracy: 0.24335648148148148
Test accuracy: 0.2506481481481482
Number of nodes: 23
Student reward: 0.0
Iteration 54/80
Training student with 55000 points
Train accuracy: 0.24486363636363637
Test accuracy: 0.2421818181818182
Number of nodes: 23
Student reward: 0.0
Iteration 55/80
Training student with 56000 points
Train accuracy: 0.24446428571428572
Test accuracy: 0.23910714285714285
Number of nodes: 23
Student reward: 0.0
Iteration 56/80
Training student with 57000 points
Train accuracy: 0.24392543859649124
Test accuracy: 0.24236842105263157
Number of nodes: 23
Student reward: 0.0
Iteration 57/80
Training student with 58000 points
Train accuracy: 0.23948275862068966
Test accuracy: 0.23474137931034483
Number of nodes: 23
Student reward: 0.0
Iteration 58/80
Training student with 59000 points
Train accuracy: 0.23870762711864407
Test accuracy: 0.2422033898305085
Number of nodes: 23
Student reward: 0.0
Iteration 59/80
Training student with 60000 points
Train accuracy: 0.24370833333333333
Test accuracy: 0.23891666666666667
Number of nodes: 23
Student reward: 0.0
Iteration 60/80
Training student with 61000 points
Train accuracy: 0.24442622950819673
Test accuracy: 0.23827868852459017
Number of nodes: 23
Student reward: 0.0
Iteration 61/80
Training student with 62000 points
Train accuracy: 0.24036290322580645
Test accuracy: 0.24225806451612902
Number of nodes: 23
Student reward: 0.0
Iteration 62/80
Training student with 63000 points
Train accuracy: 0.23996031746031746
Test accuracy: 0.2454761904761905
Number of nodes: 23
Student reward: 0.0
Iteration 63/80
Training student with 64000 points
Train accuracy: 0.2398828125
Test accuracy: 0.2403125
Number of nodes: 23
Student reward: 0.0
Iteration 64/80
Training student with 65000 points
Train accuracy: 0.2393846153846154
Test accuracy: 0.2403846153846154
Number of nodes: 23
Student reward: 0.0
Iteration 65/80
Training student with 66000 points
Train accuracy: 0.23916666666666667
Test accuracy: 0.23757575757575758
Number of nodes: 23
Student reward: 0.0
Iteration 66/80
Training student with 67000 points
Train accuracy: 0.23979477611940297
Test accuracy: 0.23470149253731343
Number of nodes: 23
Student reward: 0.0
Iteration 67/80
Training student with 68000 points
Train accuracy: 0.24213235294117647
Test accuracy: 0.2452205882352941
Number of nodes: 23
Student reward: 0.0
Iteration 68/80
Training student with 69000 points
Train accuracy: 0.2426268115942029
Test accuracy: 0.23789855072463767
Number of nodes: 23
Student reward: 0.0
Iteration 69/80
Training student with 70000 points
Train accuracy: 0.24101785714285714
Test accuracy: 0.23092857142857143
Number of nodes: 23
Student reward: 0.0
Iteration 70/80
Training student with 71000 points
Train accuracy: 0.24031690140845072
Test accuracy: 0.23964788732394365
Number of nodes: 23
Student reward: 0.0
Iteration 71/80
Training student with 72000 points
Train accuracy: 0.24006944444444445
Test accuracy: 0.24
Number of nodes: 21
Student reward: 0.0
Iteration 72/80
Training student with 73000 points
Train accuracy: 0.24046232876712328
Test accuracy: 0.23849315068493152
Number of nodes: 23
Student reward: 0.0
Iteration 73/80
Training student with 74000 points
Train accuracy: 0.24008445945945947
Test accuracy: 0.23337837837837838
Number of nodes: 23
Student reward: 0.0
Iteration 74/80
Training student with 75000 points
Train accuracy: 0.23738333333333334
Test accuracy: 0.23746666666666666
Number of nodes: 23
Student reward: 0.0
Iteration 75/80
Training student with 76000 points
Train accuracy: 0.23972039473684212
Test accuracy: 0.23526315789473684
Number of nodes: 23
Student reward: 0.0
Iteration 76/80
Training student with 77000 points
Train accuracy: 0.2370616883116883
Test accuracy: 0.23694805194805194
Number of nodes: 23
Student reward: 0.0
Iteration 77/80
Training student with 78000 points
Train accuracy: 0.23634615384615384
Test accuracy: 0.2408974358974359
Number of nodes: 23
Student reward: 0.0
Iteration 78/80
Training student with 79000 points
Train accuracy: 0.23965189873417722
Test accuracy: 0.23588607594936709
Number of nodes: 23
Student reward: 0.0
Iteration 79/80
Training student with 80000 points
Train accuracy: 0.238671875
Test accuracy: 0.235375
Number of nodes: 23
Student reward: 0.0
Initial policy count: 80
Current policy count: 40
Reward update: 0.0 -> 0.0
Reward update: 0.0 -> 0.0
Reward update: 0.0 -> 0.0
Reward update: 0.0 -> 0.0
Reward update: 0.0 -> 0.0
Reward update: 0.0 -> 0.0
Reward update: 0.0 -> 0.0
Reward update: 0.0 -> 0.0
Reward update: 0.0 -> 0.0
Reward update: 0.0 -> 0.0
Reward update: 0.0 -> 0.0
Reward update: 0.0 -> 0.0
Reward update: 0.0 -> 0.0
Reward update: 0.0 -> 0.0
Reward update: 0.0 -> 0.0
Reward update: 0.0 -> 0.0
Reward update: 0.0 -> 0.0
Reward update: 0.0 -> 0.0
Reward update: 0.0 -> 0.0
Reward update: 0.0 -> 0.0
Reward update: 0.0 -> 0.0
Reward update: 0.0 -> 0.0
Reward update: 0.0 -> 0.0
Reward update: 0.0 -> 0.0
Reward update: 0.0 -> 0.0
Reward update: 0.0 -> 0.0
Reward update: 0.0 -> 0.0
Reward update: 0.0 -> 0.0
Reward update: 0.0 -> 0.0
Reward update: 0.0 -> 0.0
Reward update: 0.0 -> 0.0
Reward update: 0.0 -> 0.0
Reward update: 0.0 -> 0.0
Reward update: 0.0 -> 0.0
Reward update: 0.0 -> 0.0
Reward update: 0.0 -> 0.0
Reward update: 0.0 -> 0.0
Reward update: 0.0 -> 0.0
Reward update: 0.0 -> 0.0
Reward update: 0.0 -> 0.0
Current policy count: 20
Reward update: 0.0 -> 0.0
Reward update: 0.0 -> 0.0
Reward update: 0.0 -> 0.0
Reward update: 0.0 -> 0.0
Reward update: 0.0 -> 0.0
Reward update: 0.0 -> 0.0
Reward update: 0.0 -> 0.0
Reward update: 0.0 -> 0.0
Reward update: 0.0 -> 0.0
Reward update: 0.0 -> 0.0
Reward update: 0.0 -> 0.0
Reward update: 0.0 -> 0.0
Reward update: 0.0 -> 0.0
Reward update: 0.0 -> 0.0
Reward update: 0.0 -> 0.0
Reward update: 0.0 -> 0.0
Reward update: 0.0 -> 0.0
Reward update: 0.0 -> 0.0
Reward update: 0.0 -> 0.0
Reward update: 0.0 -> 0.0
Current policy count: 10
Reward update: 0.0 -> 0.0
Reward update: 0.0 -> 0.0
Reward update: 0.0 -> 0.0
Reward update: 0.0 -> 0.0
Reward update: 0.0 -> 0.0
Reward update: 0.0 -> 0.0
Reward update: 0.0 -> 0.0
Reward update: 0.0 -> 0.0
Reward update: 0.0 -> 0.0
Reward update: 0.0 -> 0.0
Current policy count: 5
Reward update: 0.0 -> 0.0
Reward update: 0.0 -> 0.0
Reward update: 0.0 -> 0.0
Reward update: 0.0 -> 0.0
Reward update: 0.0 -> 0.0
Current policy count: 3
Reward update: 0.0 -> 0.0
Reward update: 0.0 -> 0.0
Reward update: 0.0 -> 0.0
Current policy count: 2
Reward update: 0.0 -> 0.0
Reward update: 0.0 -> 0.0
Current policy count: 1
Reward update: 0.0 -> 0.0
Final reward: 0.0
Number of nodes: 23
