Iteration 0/80
Training student with 102 points
Train accuracy: 1.0
Test accuracy: 1.0
Number of nodes: 1
Student reward: 92.74848327636718
Iteration 1/80
Training student with 195 points
Train accuracy: 0.9935897435897436
Test accuracy: 1.0
Number of nodes: 1
Student reward: 120.82337493896485
Iteration 2/80
Training student with 294 points
Train accuracy: 0.9914893617021276
Test accuracy: 0.9830508474576272
Number of nodes: 1
Student reward: 99.66065826416016
Iteration 3/80
Training student with 387 points
Train accuracy: 0.9902912621359223
Test accuracy: 1.0
Number of nodes: 1
Student reward: 140.4090835571289
Iteration 4/80
Training student with 498 points
Train accuracy: 0.992462311557789
Test accuracy: 1.0
Number of nodes: 1
Student reward: 244.92599487304688
Iteration 5/80
Training student with 632 points
Train accuracy: 0.9900990099009901
Test accuracy: 1.0
Number of nodes: 1
Student reward: 199.94026794433594
Iteration 6/80
Training student with 753 points
Train accuracy: 0.9933554817275747
Test accuracy: 0.9933774834437086
Number of nodes: 1
Student reward: 104.30636291503906
Iteration 7/80
Training student with 845 points
Train accuracy: 0.9940828402366864
Test accuracy: 0.9940828402366864
Number of nodes: 1
Student reward: 136.4749725341797
Iteration 8/80
Training student with 956 points
Train accuracy: 0.9908376963350786
Test accuracy: 0.984375
Number of nodes: 1
Student reward: 92.78654327392579
Iteration 9/80
Training student with 1044 points
Train accuracy: 0.9916167664670659
Test accuracy: 0.9856459330143541
Number of nodes: 1
Student reward: 155.363134765625
Iteration 10/80
Training student with 1155 points
Train accuracy: 0.9902597402597403
Test accuracy: 0.9956709956709957
Number of nodes: 1
Student reward: 126.12863159179688
Iteration 11/80
Training student with 1263 points
Train accuracy: 0.9910891089108911
Test accuracy: 0.9841897233201581
Number of nodes: 1
Student reward: 170.71898040771484
Iteration 12/80
Training student with 1377 points
Train accuracy: 0.9900090826521344
Test accuracy: 0.9891304347826086
Number of nodes: 1
Student reward: 175.14105072021485
Iteration 13/80
Training student with 1485 points
Train accuracy: 0.9915824915824916
Test accuracy: 0.9831649831649831
Number of nodes: 1
Student reward: 106.7434295654297
Iteration 14/80
Training student with 1578 points
Train accuracy: 0.9928684627575277
Test accuracy: 0.9810126582278481
Number of nodes: 1
Student reward: 147.68548736572265
Iteration 15/80
Training student with 1682 points
Train accuracy: 0.9925650557620818
Test accuracy: 0.9821958456973294
Number of nodes: 1
Student reward: 187.00657501220704
Iteration 16/80
Training student with 1807 points
Train accuracy: 0.9889273356401385
Test accuracy: 0.9972375690607734
Number of nodes: 1
Student reward: 195.19019317626953
Iteration 17/80
Training student with 1934 points
Train accuracy: 0.9883645765998708
Test accuracy: 0.9948320413436692
Number of nodes: 1
Student reward: 149.89898071289062
Iteration 18/80
Training student with 2046 points
Train accuracy: 0.9871638141809291
Test accuracy: 0.9975609756097561
Number of nodes: 1
Student reward: 167.8307891845703
Iteration 19/80
Training student with 2158 points
Train accuracy: 0.9895712630359212
Test accuracy: 0.9837962962962963
Number of nodes: 1
Student reward: 107.35221099853516
Iteration 20/80
Training student with 2258 points
Train accuracy: 0.9883720930232558
Test accuracy: 0.9889380530973452
Number of nodes: 1
Student reward: 109.76570281982421
Iteration 21/80
Training student with 2359 points
Train accuracy: 0.9872813990461049
Test accuracy: 0.9915254237288136
Number of nodes: 1
Student reward: 163.69644165039062
Iteration 22/80
Training student with 2467 points
Train accuracy: 0.988342625443487
Test accuracy: 0.9878542510121457
Number of nodes: 1
Student reward: 108.78638763427735
Iteration 23/80
Training student with 2569 points
Train accuracy: 0.9878345498783455
Test accuracy: 0.9902723735408561
Number of nodes: 1
Student reward: 128.6178741455078
Iteration 24/80
Training student with 2667 points
Train accuracy: 0.9896858884200657
Test accuracy: 0.9850187265917603
Number of nodes: 1
Student reward: 143.0703338623047
Iteration 25/80
Training student with 2771 points
Train accuracy: 0.9905234657039711
Test accuracy: 0.9837837837837838
Number of nodes: 1
Student reward: 158.36216888427734
Iteration 26/80
Training student with 2883 points
Train accuracy: 0.9891587163920208
Test accuracy: 0.9896013864818024
Number of nodes: 1
Student reward: 70.64394683837891
Iteration 27/80
Training student with 2978 points
Train accuracy: 0.9882451721242653
Test accuracy: 0.9932885906040269
Number of nodes: 1
Student reward: 197.51036834716797
Iteration 28/80
Training student with 3096 points
Train accuracy: 0.9894991922455574
Test accuracy: 0.9887096774193549
Number of nodes: 1
Student reward: 155.1602005004883
Iteration 29/80
Training student with 3202 points
Train accuracy: 0.9906286606794221
Test accuracy: 0.9859594383775351
Number of nodes: 1
Student reward: 144.17774810791016
Iteration 30/80
Training student with 3299 points
Train accuracy: 0.9905267146646457
Test accuracy: 0.9878787878787879
Number of nodes: 1
Student reward: 108.5393798828125
Iteration 31/80
Training student with 3406 points
Train accuracy: 0.9897209985315712
Test accuracy: 0.9882697947214076
Number of nodes: 1
Student reward: 207.7021026611328
Iteration 32/80
Training student with 3526 points
Train accuracy: 0.9897163120567376
Test accuracy: 0.990084985835694
Number of nodes: 1
Student reward: 186.707177734375
Iteration 33/80
Training student with 3652 points
Train accuracy: 0.9900718931872646
Test accuracy: 0.9904240766073872
Number of nodes: 1
Student reward: 85.9410903930664
Iteration 34/80
Training student with 3751 points
Train accuracy: 0.9903333333333333
Test accuracy: 0.9880159786950732
Number of nodes: 1
Student reward: 161.5748519897461
Iteration 35/80
Training student with 3871 points
Train accuracy: 0.9912790697674418
Test accuracy: 0.984516129032258
Number of nodes: 1
Student reward: 151.9587829589844
Iteration 36/80
Training student with 3989 points
Train accuracy: 0.9902851770604826
Test accuracy: 0.9899749373433584
Number of nodes: 1
Student reward: 115.4902328491211
Iteration 37/80
Training student with 4093 points
Train accuracy: 0.9905314599877826
Test accuracy: 0.989010989010989
Number of nodes: 1
Student reward: 158.27022705078124
Iteration 38/80
Training student with 4206 points
Train accuracy: 0.9916765755053508
Test accuracy: 0.9857482185273159
Number of nodes: 1
Student reward: 169.5034423828125
Iteration 39/80
Training student with 4313 points
Train accuracy: 0.9910144927536232
Test accuracy: 0.9884125144843569
Number of nodes: 1
Student reward: 127.11214141845703
Iteration 40/80
Training student with 4414 points
Train accuracy: 0.9909374114981592
Test accuracy: 0.9886749716874292
Number of nodes: 1
Student reward: 136.82657775878906
Iteration 41/80
Training student with 4521 points
Train accuracy: 0.9900442477876106
Test accuracy: 0.9911602209944751
Number of nodes: 1
Student reward: 124.66186218261718
Iteration 42/80
Training student with 4621 points
Train accuracy: 0.9899891774891775
Test accuracy: 0.9902702702702703
Number of nodes: 1
Student reward: 200.86531524658204
Iteration 43/80
Training student with 4735 points
Train accuracy: 0.9891763463569165
Test accuracy: 0.9926082365364308
Number of nodes: 1
Student reward: 136.8706024169922
Iteration 44/80
Training student with 4837 points
Train accuracy: 0.9891444817782372
Test accuracy: 0.9917355371900827
Number of nodes: 1
Student reward: 110.4103271484375
Iteration 45/80
Training student with 4936 points
Train accuracy: 0.9903748733535968
Test accuracy: 0.9878542510121457
Number of nodes: 1
Student reward: 97.40810699462891
Iteration 46/80
Training student with 5038 points
Train accuracy: 0.9893300248138958
Test accuracy: 0.9910714285714286
Number of nodes: 1
Student reward: 193.91726684570312
Iteration 47/80
Training student with 5158 points
Train accuracy: 0.9898206495395055
Test accuracy: 0.9903100775193798
Number of nodes: 1
Student reward: 143.43780975341798
Iteration 48/80
Training student with 5270 points
Train accuracy: 0.9898007590132827
Test accuracy: 0.99146110056926
Number of nodes: 1
Student reward: 192.4924072265625
Iteration 49/80
Training student with 5387 points
Train accuracy: 0.9900208865165931
Test accuracy: 0.9879406307977736
Number of nodes: 1
Student reward: 132.28892669677734
Iteration 50/80
Training student with 5482 points
Train accuracy: 0.9895096921322691
Test accuracy: 0.9890610756608933
Number of nodes: 1
Student reward: 211.10923461914064
Iteration 51/80
Training student with 5611 points
Train accuracy: 0.9893048128342246
Test accuracy: 0.9893143365983972
Number of nodes: 1
Student reward: 124.4252685546875
Iteration 52/80
Training student with 5713 points
Train accuracy: 0.9892778993435448
Test accuracy: 0.989501312335958
Number of nodes: 1
Student reward: 160.82521057128906
Iteration 53/80
Training student with 5831 points
Train accuracy: 0.9888507718696398
Test accuracy: 0.9914310197086547
Number of nodes: 1
Student reward: 67.74927368164063
Iteration 54/80
Training student with 5924 points
Train accuracy: 0.9877611310403038
Test accuracy: 0.9940928270042194
Number of nodes: 1
Student reward: 102.4923324584961
Iteration 55/80
Training student with 6020 points
Train accuracy: 0.9881644518272426
Test accuracy: 0.9916943521594684
Number of nodes: 1
Student reward: 160.174853515625
Iteration 56/80
Training student with 6137 points
Train accuracy: 0.9883886738643308
Test accuracy: 0.991042345276873
Number of nodes: 1
Student reward: 137.797998046875
Iteration 57/80
Training student with 6246 points
Train accuracy: 0.9901921537229784
Test accuracy: 0.984
Number of nodes: 1
Student reward: 94.19170989990235
Iteration 58/80
Training student with 6340 points
Train accuracy: 0.988564668769716
Test accuracy: 0.9889589905362776
Number of nodes: 1
Student reward: 195.32596740722656
Iteration 59/80
Training student with 6460 points
Train accuracy: 0.9891640866873065
Test accuracy: 0.9876160990712074
Number of nodes: 1
Student reward: 95.16858520507813
Iteration 60/80
Training student with 6554 points
Train accuracy: 0.9893190921228304
Test accuracy: 0.9870327993897788
Number of nodes: 1
Student reward: 126.92781066894531
Iteration 61/80
Training student with 6659 points
Train accuracy: 0.9898629622676929
Test accuracy: 0.9857357357357357
Number of nodes: 1
Student reward: 178.1335220336914
Iteration 62/80
Training student with 6773 points
Train accuracy: 0.9889258028792912
Test accuracy: 0.988929889298893
Number of nodes: 1
Student reward: 190.4920181274414
Iteration 63/80
Training student with 6892 points
Train accuracy: 0.9896608017413386
Test accuracy: 0.9862218999274837
Number of nodes: 1
Student reward: 210.40526428222657
Iteration 64/80
Training student with 7010 points
Train accuracy: 0.9893009985734664
Test accuracy: 0.9878744650499287
Number of nodes: 1
Student reward: 110.58828887939453
Iteration 65/80
Training student with 7109 points
Train accuracy: 0.9894496219447864
Test accuracy: 0.9880450070323488
Number of nodes: 1
Student reward: 90.67406463623047
Iteration 66/80
Training student with 7203 points
Train accuracy: 0.9887191947240541
Test accuracy: 0.9902845246356696
Number of nodes: 1
Student reward: 119.27457885742187
Iteration 67/80
Training student with 7297 points
Train accuracy: 0.9888641425389755
Test accuracy: 0.9904109589041096
Number of nodes: 1
Student reward: 170.46045684814453
Iteration 68/80
Training student with 7401 points
Train accuracy: 0.9896959459459459
Test accuracy: 0.987846049966239
Number of nodes: 1
Student reward: 82.30989379882813
Iteration 69/80
Training student with 7498 points
Train accuracy: 0.9888296098699566
Test accuracy: 0.9906666666666667
Number of nodes: 1
Student reward: 127.95481872558594
Iteration 70/80
Training student with 7602 points
Train accuracy: 0.9889820753165598
Test accuracy: 0.9901380670611439
Number of nodes: 1
Student reward: 99.5808837890625
Iteration 71/80
Training student with 7696 points
Train accuracy: 0.9899285250162443
Test accuracy: 0.9863636363636363
Number of nodes: 1
Student reward: 123.09141845703125
Iteration 72/80
Training student with 7794 points
Train accuracy: 0.9889334402566159
Test accuracy: 0.9903784477228993
Number of nodes: 1
Student reward: 217.73631896972657
Iteration 73/80
Training student with 7917 points
Train accuracy: 0.9898942049581557
Test accuracy: 0.9867424242424242
Number of nodes: 1
Student reward: 242.92687377929687
Iteration 74/80
Training student with 8051 points
Train accuracy: 0.9889751552795031
Test accuracy: 0.9913097454996896
Number of nodes: 1
Student reward: 197.7716262817383
Iteration 75/80
Training student with 8173 points
Train accuracy: 0.9891404099112878
Test accuracy: 0.9896024464831804
Number of nodes: 1
Student reward: 127.93136901855469
Iteration 76/80
Training student with 8273 points
Train accuracy: 0.989422786340284
Test accuracy: 0.9879154078549849
Number of nodes: 1
Student reward: 173.40411682128905
Iteration 77/80
Training student with 8384 points
Train accuracy: 0.9889667511555091
Test accuracy: 0.9904591532498509
Number of nodes: 1
Student reward: 129.55660247802734
Iteration 78/80
Training student with 8493 points
Train accuracy: 0.9892552251987048
Test accuracy: 0.9899941141848146
Number of nodes: 1
Student reward: 157.9359909057617
Iteration 79/80
Training student with 8605 points
Train accuracy: 0.9898314933178385
Test accuracy: 0.9883788495061011
Number of nodes: 1
Student reward: 179.79100646972657
Initial policy count: 80
Current policy count: 40
Reward update: 244.92599487304688 -> 136.65852905273437
Reward update: 242.92687377929687 -> 141.8171823120117
Reward update: 217.73631896972657 -> 152.07112213134766
Reward update: 211.10923461914064 -> 171.76499084472655
Reward update: 210.40526428222657 -> 119.16584564208985
Reward update: 207.7021026611328 -> 149.47743255615234
Reward update: 200.86531524658204 -> 121.63016052246094
Reward update: 199.94026794433594 -> 131.44356201171874
Reward update: 197.7716262817383 -> 157.301142578125
Reward update: 197.51036834716797 -> 133.14119232177734
Reward update: 195.32596740722656 -> 136.5938104248047
Reward update: 195.19019317626953 -> 119.82749664306641
Reward update: 193.91726684570312 -> 124.44753967285156
Reward update: 192.4924072265625 -> 158.6532180786133
Reward update: 190.4920181274414 -> 113.60158477783203
Reward update: 187.00657501220704 -> 164.7514584350586
Reward update: 186.707177734375 -> 142.6302325439453
Reward update: 179.79100646972657 -> 164.85285369873046
Reward update: 178.1335220336914 -> 123.6312026977539
Reward update: 175.14105072021485 -> 116.35968292236328
Reward update: 173.40411682128905 -> 128.20389526367188
Reward update: 170.71898040771484 -> 103.2435238647461
Reward update: 170.46045684814453 -> 142.3518212890625
Reward update: 169.5034423828125 -> 133.22704956054687
Reward update: 167.8307891845703 -> 169.933251953125
Reward update: 163.69644165039062 -> 138.03205810546876
Reward update: 161.5748519897461 -> 163.54431213378905
Reward update: 160.82521057128906 -> 164.18793395996093
Reward update: 160.174853515625 -> 104.67039459228516
Reward update: 158.36216888427734 -> 148.96221923828125
Reward update: 158.27022705078124 -> 151.0444241333008
Reward update: 157.9359909057617 -> 157.94961547851562
Reward update: 155.363134765625 -> 136.89338470458983
Reward update: 155.1602005004883 -> 135.71917938232423
Reward update: 151.9587829589844 -> 146.04714263916014
Reward update: 149.89898071289062 -> 125.40853393554687
Reward update: 147.68548736572265 -> 167.55372497558594
Reward update: 144.17774810791016 -> 135.40860137939453
Reward update: 143.43780975341798 -> 126.04240020751953
Reward update: 143.0703338623047 -> 175.27748443603517
Current policy count: 20
Reward update: 175.27748443603517 -> 132.30493530273438
Reward update: 171.76499084472655 -> 149.96499542236327
Reward update: 169.933251953125 -> 138.95441131591798
Reward update: 167.55372497558594 -> 136.24994232177735
Reward update: 164.85285369873046 -> 132.60917877197267
Reward update: 164.7514584350586 -> 170.29926483154296
Reward update: 164.18793395996093 -> 150.70450164794923
Reward update: 163.54431213378905 -> 156.01771850585936
Reward update: 158.6532180786133 -> 134.80373291015624
Reward update: 157.94961547851562 -> 156.23366485595704
Reward update: 157.301142578125 -> 123.42962188720703
Reward update: 152.07112213134766 -> 183.7369448852539
Reward update: 151.0444241333008 -> 162.03245330810546
Reward update: 149.47743255615234 -> 183.9355960083008
Reward update: 148.96221923828125 -> 129.04705383300782
Reward update: 146.04714263916014 -> 148.83951049804688
Reward update: 142.6302325439453 -> 172.79394805908203
Reward update: 142.3518212890625 -> 126.41563201904297
Reward update: 141.8171823120117 -> 147.3867092895508
Reward update: 138.03205810546876 -> 138.28615295410157
Current policy count: 10
Reward update: 183.9355960083008 -> 128.26377990722656
Reward update: 183.7369448852539 -> 160.33402069091798
Reward update: 172.79394805908203 -> 154.54686126708984
Reward update: 170.29926483154296 -> 132.623857421875
Reward update: 162.03245330810546 -> 105.53568603515625
Reward update: 156.23366485595704 -> 144.8118292236328
Reward update: 156.01771850585936 -> 165.10698669433594
Reward update: 150.70450164794923 -> 132.3769369506836
Reward update: 149.96499542236327 -> 136.64679443359375
Reward update: 148.83951049804688 -> 147.6462014770508
Current policy count: 5
Reward update: 165.10698669433594 -> 137.43876007080078
Reward update: 160.33402069091798 -> 141.97805755615235
Reward update: 154.54686126708984 -> 174.42434753417967
Reward update: 147.6462014770508 -> 129.55775848388672
Reward update: 144.8118292236328 -> 168.87206298828124
Current policy count: 3
Reward update: 174.42434753417967 -> 154.47298583984374
Reward update: 168.87206298828124 -> 152.8634991455078
Reward update: 141.97805755615235 -> 135.43473571777344
Current policy count: 2
Reward update: 154.47298583984374 -> 136.55138763427735
Reward update: 152.8634991455078 -> 144.5411932373047
Current policy count: 1
Reward update: 144.5411932373047 -> 120.81780090332032
Final reward: 165.59043640136719
Number of nodes: 1
