Iteration 0/80
Training student with 3000 points
Train accuracy: 0.29041666666666666
Test accuracy: 0.2816666666666667
Number of nodes: 31
Student reward: 0.0
Iteration 1/80
Training student with 6000 points
Train accuracy: 0.274375
Test accuracy: 0.2758333333333333
Number of nodes: 31
Student reward: 0.0
Iteration 2/80
Training student with 9000 points
Train accuracy: 0.2922222222222222
Test accuracy: 0.2922222222222222
Number of nodes: 31
Student reward: 0.0
Iteration 3/80
Training student with 12000 points
Train accuracy: 0.2835416666666667
Test accuracy: 0.27625
Number of nodes: 31
Student reward: 0.0
Iteration 4/80
Training student with 15000 points
Train accuracy: 0.2755
Test accuracy: 0.28
Number of nodes: 31
Student reward: 0.0
Iteration 5/80
Training student with 18000 points
Train accuracy: 0.2801388888888889
Test accuracy: 0.2688888888888889
Number of nodes: 31
Student reward: 0.0
Iteration 6/80
Training student with 21000 points
Train accuracy: 0.27964285714285714
Test accuracy: 0.2842857142857143
Number of nodes: 31
Student reward: 0.0
Iteration 7/80
Training student with 24000 points
Train accuracy: 0.27947916666666667
Test accuracy: 0.28020833333333334
Number of nodes: 31
Student reward: 0.0
Iteration 8/80
Training student with 27000 points
Train accuracy: 0.28694444444444445
Test accuracy: 0.285
Number of nodes: 31
Student reward: 0.0
Iteration 9/80
Training student with 30000 points
Train accuracy: 0.28375
Test accuracy: 0.2771666666666667
Number of nodes: 31
Student reward: 0.0
Iteration 10/80
Training student with 33000 points
Train accuracy: 0.28125
Test accuracy: 0.2771212121212121
Number of nodes: 31
Student reward: 0.0
Iteration 11/80
Training student with 36000 points
Train accuracy: 0.2762847222222222
Test accuracy: 0.2777777777777778
Number of nodes: 31
Student reward: 0.0
Iteration 12/80
Training student with 39000 points
Train accuracy: 0.2756730769230769
Test accuracy: 0.28205128205128205
Number of nodes: 31
Student reward: 0.0
Iteration 13/80
Training student with 42000 points
Train accuracy: 0.27538690476190475
Test accuracy: 0.2758333333333333
Number of nodes: 31
Student reward: 0.0
Iteration 14/80
Training student with 45000 points
Train accuracy: 0.2733611111111111
Test accuracy: 0.2703333333333333
Number of nodes: 31
Student reward: 0.0
Iteration 15/80
Training student with 48000 points
Train accuracy: 0.2763541666666667
Test accuracy: 0.26885416666666667
Number of nodes: 31
Student reward: 0.0
Iteration 16/80
Training student with 51000 points
Train accuracy: 0.26955882352941174
Test accuracy: 0.27441176470588236
Number of nodes: 31
Student reward: 0.0
Iteration 17/80
Training student with 54000 points
Train accuracy: 0.27326388888888886
Test accuracy: 0.2689814814814815
Number of nodes: 31
Student reward: 0.0
Iteration 18/80
Training student with 57000 points
Train accuracy: 0.27157894736842103
Test accuracy: 0.2785964912280702
Number of nodes: 31
Student reward: 0.0
Iteration 19/80
Training student with 60000 points
Train accuracy: 0.27558333333333335
Test accuracy: 0.26716666666666666
Number of nodes: 31
Student reward: 0.0
Iteration 20/80
Training student with 63000 points
Train accuracy: 0.2759920634920635
Test accuracy: 0.2749206349206349
Number of nodes: 31
Student reward: 0.0
Iteration 21/80
Training student with 66000 points
Train accuracy: 0.27520833333333333
Test accuracy: 0.2686363636363636
Number of nodes: 31
Student reward: 0.0
Iteration 22/80
Training student with 69000 points
Train accuracy: 0.2738586956521739
Test accuracy: 0.2677536231884058
Number of nodes: 31
Student reward: 0.0
Iteration 23/80
Training student with 72000 points
Train accuracy: 0.27565972222222224
Test accuracy: 0.27243055555555556
Number of nodes: 31
Student reward: 0.0
Iteration 24/80
Training student with 75000 points
Train accuracy: 0.27586666666666665
Test accuracy: 0.2743333333333333
Number of nodes: 31
Student reward: 0.0
Iteration 25/80
Training student with 78000 points
Train accuracy: 0.2739903846153846
Test accuracy: 0.27307692307692305
Number of nodes: 31
Student reward: 0.0
Iteration 26/80
Training student with 81000 points
Train accuracy: 0.2734722222222222
Test accuracy: 0.27469135802469136
Number of nodes: 31
Student reward: 0.0
Iteration 27/80
Training student with 84000 points
Train accuracy: 0.2752380952380952
Test accuracy: 0.26589285714285715
Number of nodes: 31
Student reward: 0.0
Iteration 28/80
Training student with 87000 points
Train accuracy: 0.27607758620689654
Test accuracy: 0.27413793103448275
Number of nodes: 31
Student reward: 0.0
Iteration 29/80
Training student with 90000 points
Train accuracy: 0.2735138888888889
Test accuracy: 0.27411111111111114
Number of nodes: 31
Student reward: 0.0
Iteration 30/80
Training student with 93000 points
Train accuracy: 0.27431451612903224
Test accuracy: 0.26940860215053763
Number of nodes: 31
Student reward: 0.0
Iteration 31/80
Training student with 96000 points
Train accuracy: 0.27631510416666666
Test accuracy: 0.2694270833333333
Number of nodes: 31
Student reward: 0.0
Iteration 32/80
Training student with 99000 points
Train accuracy: 0.2740909090909091
Test accuracy: 0.27404040404040403
Number of nodes: 31
Student reward: 0.0
Iteration 33/80
Training student with 100000 points
Train accuracy: 0.2760875
Test accuracy: 0.2754
Number of nodes: 31
Student reward: 0.0
Iteration 34/80
Training student with 100000 points
Train accuracy: 0.2733
Test accuracy: 0.2673
Number of nodes: 31
Student reward: 0.0
Iteration 35/80
Training student with 100000 points
Train accuracy: 0.274825
Test accuracy: 0.27525
Number of nodes: 31
Student reward: 0.0
Iteration 36/80
Training student with 100000 points
Train accuracy: 0.2723
Test accuracy: 0.27595
Number of nodes: 31
Student reward: 0.0
Iteration 37/80
Training student with 100000 points
Train accuracy: 0.2759125
Test accuracy: 0.27565
Number of nodes: 31
Student reward: 0.0
Iteration 38/80
Training student with 100000 points
Train accuracy: 0.272575
Test accuracy: 0.2732
Number of nodes: 31
Student reward: 0.0
Iteration 39/80
Training student with 100000 points
Train accuracy: 0.2727875
Test accuracy: 0.2767
Number of nodes: 31
Student reward: 0.0
Iteration 40/80
Training student with 100000 points
Train accuracy: 0.27275
Test accuracy: 0.27395
Number of nodes: 31
Student reward: 0.0
Iteration 41/80
Training student with 100000 points
Train accuracy: 0.2754625
Test accuracy: 0.2697
Number of nodes: 31
Student reward: 0.0
Iteration 42/80
Training student with 100000 points
Train accuracy: 0.272525
Test accuracy: 0.26975
Number of nodes: 31
Student reward: 0.0
Iteration 43/80
Training student with 100000 points
Train accuracy: 0.2729875
Test accuracy: 0.2735
Number of nodes: 31
Student reward: 0.0
Iteration 44/80
Training student with 100000 points
Train accuracy: 0.274775
Test accuracy: 0.26935
Number of nodes: 31
Student reward: 0.0
Iteration 45/80
Training student with 100000 points
Train accuracy: 0.2752
Test accuracy: 0.27475
Number of nodes: 31
Student reward: 0.0
Iteration 46/80
Training student with 100000 points
Train accuracy: 0.2705625
Test accuracy: 0.2742
Number of nodes: 31
Student reward: 0.0
Iteration 47/80
Training student with 100000 points
Train accuracy: 0.2749375
Test accuracy: 0.2756
Number of nodes: 31
Student reward: 0.0
Iteration 48/80
Training student with 100000 points
Train accuracy: 0.2736625
Test accuracy: 0.27395
Number of nodes: 31
Student reward: 0.0
Iteration 49/80
Training student with 100000 points
Train accuracy: 0.2752375
Test accuracy: 0.2709
Number of nodes: 31
Student reward: 0.0
Iteration 50/80
Training student with 100000 points
Train accuracy: 0.275275
Test accuracy: 0.27195
Number of nodes: 31
Student reward: 0.0
Iteration 51/80
Training student with 100000 points
Train accuracy: 0.273475
Test accuracy: 0.27425
Number of nodes: 31
Student reward: 0.0
Iteration 52/80
Training student with 100000 points
Train accuracy: 0.2725875
Test accuracy: 0.27295
Number of nodes: 31
Student reward: 0.0
Iteration 53/80
Training student with 100000 points
Train accuracy: 0.2738
Test accuracy: 0.26985
Number of nodes: 31
Student reward: 0.0
Iteration 54/80
Training student with 100000 points
Train accuracy: 0.27275
Test accuracy: 0.27505
Number of nodes: 31
Student reward: 0.0
Iteration 55/80
Training student with 100000 points
Train accuracy: 0.2717125
Test accuracy: 0.27275
Number of nodes: 31
Student reward: 0.0
Iteration 56/80
Training student with 100000 points
Train accuracy: 0.2740375
Test accuracy: 0.2748
Number of nodes: 31
Student reward: 0.0
Iteration 57/80
Training student with 100000 points
Train accuracy: 0.274775
Test accuracy: 0.27275
Number of nodes: 31
Student reward: 0.0
Iteration 58/80
Training student with 100000 points
Train accuracy: 0.2738375
Test accuracy: 0.27845
Number of nodes: 31
Student reward: 0.0
Iteration 59/80
Training student with 100000 points
Train accuracy: 0.2749375
Test accuracy: 0.2681
Number of nodes: 31
Student reward: 0.0
Iteration 60/80
Training student with 100000 points
Train accuracy: 0.2725
Test accuracy: 0.2716
Number of nodes: 31
Student reward: 0.0
Iteration 61/80
Training student with 100000 points
Train accuracy: 0.2741875
Test accuracy: 0.27845
Number of nodes: 31
Student reward: 0.0
Iteration 62/80
Training student with 100000 points
Train accuracy: 0.2751625
Test accuracy: 0.27235
Number of nodes: 31
Student reward: 0.0
Iteration 63/80
Training student with 100000 points
Train accuracy: 0.2722
Test accuracy: 0.2699
Number of nodes: 31
Student reward: 0.0
Iteration 64/80
Training student with 100000 points
Train accuracy: 0.27045
Test accuracy: 0.26885
Number of nodes: 31
Student reward: 0.0
Iteration 65/80
Training student with 100000 points
Train accuracy: 0.2738875
Test accuracy: 0.27775
Number of nodes: 31
Student reward: 0.0
Iteration 66/80
Training student with 100000 points
Train accuracy: 0.2748625
Test accuracy: 0.2683
Number of nodes: 31
Student reward: 0.0
Iteration 67/80
Training student with 100000 points
Train accuracy: 0.2720375
Test accuracy: 0.27035
Number of nodes: 31
Student reward: 0.0
Iteration 68/80
Training student with 100000 points
Train accuracy: 0.273375
Test accuracy: 0.27735
Number of nodes: 31
Student reward: 0.0
Iteration 69/80
Training student with 100000 points
Train accuracy: 0.2726125
Test accuracy: 0.26795
Number of nodes: 31
Student reward: 0.0
Iteration 70/80
Training student with 100000 points
Train accuracy: 0.2712125
Test accuracy: 0.27095
Number of nodes: 31
Student reward: 0.0
Iteration 71/80
Training student with 100000 points
Train accuracy: 0.272075
Test accuracy: 0.2732
Number of nodes: 31
Student reward: 0.0
Iteration 72/80
Training student with 100000 points
Train accuracy: 0.2714125
Test accuracy: 0.2672
Number of nodes: 31
Student reward: 0.0
Iteration 73/80
Training student with 100000 points
Train accuracy: 0.270325
Test accuracy: 0.2791
Number of nodes: 31
Student reward: 0.0
Iteration 74/80
Training student with 100000 points
Train accuracy: 0.2692375
Test accuracy: 0.2687
Number of nodes: 31
Student reward: 0.0
Iteration 75/80
Training student with 100000 points
Train accuracy: 0.2736375
Test accuracy: 0.27035
Number of nodes: 31
Student reward: 0.0
Iteration 76/80
Training student with 100000 points
Train accuracy: 0.27255
Test accuracy: 0.2675
Number of nodes: 31
Student reward: 0.0
Iteration 77/80
Training student with 100000 points
Train accuracy: 0.2698375
Test accuracy: 0.2765
Number of nodes: 31
Student reward: 0.0
Iteration 78/80
Training student with 100000 points
Train accuracy: 0.2739625
Test accuracy: 0.27415
Number of nodes: 31
Student reward: 0.0
Iteration 79/80
Training student with 100000 points
Train accuracy: 0.271775
Test accuracy: 0.27635
Number of nodes: 31
Student reward: 0.0
Initial policy count: 80
Current policy count: 40
Reward update: 0.0 -> 0.0
Reward update: 0.0 -> 0.0
Reward update: 0.0 -> 0.0
Reward update: 0.0 -> 0.0
Reward update: 0.0 -> 0.0
Reward update: 0.0 -> 0.0
Reward update: 0.0 -> 0.0
Reward update: 0.0 -> 0.0
Reward update: 0.0 -> 0.0
Reward update: 0.0 -> 0.0
Reward update: 0.0 -> 0.0
Reward update: 0.0 -> 0.0
Reward update: 0.0 -> 0.0
Reward update: 0.0 -> 0.0
Reward update: 0.0 -> 0.0
Reward update: 0.0 -> 0.0
Reward update: 0.0 -> 0.0
Reward update: 0.0 -> 0.0
Reward update: 0.0 -> 0.0
Reward update: 0.0 -> 0.0
Reward update: 0.0 -> 0.0
Reward update: 0.0 -> 0.0
Reward update: 0.0 -> 0.0
Reward update: 0.0 -> 0.0
Reward update: 0.0 -> 0.0
Reward update: 0.0 -> 0.0
Reward update: 0.0 -> 0.0
Reward update: 0.0 -> 0.0
Reward update: 0.0 -> 0.0
Reward update: 0.0 -> 0.0
Reward update: 0.0 -> 0.0
Reward update: 0.0 -> 0.0
Reward update: 0.0 -> 0.0
Reward update: 0.0 -> 0.0
Reward update: 0.0 -> 0.0
Reward update: 0.0 -> 0.0
Reward update: 0.0 -> 0.0
Reward update: 0.0 -> 0.0
Reward update: 0.0 -> 0.0
Reward update: 0.0 -> 0.0
Current policy count: 20
Reward update: 0.0 -> 0.0
Reward update: 0.0 -> 0.0
Reward update: 0.0 -> 0.0
Reward update: 0.0 -> 0.0
Reward update: 0.0 -> 0.0
Reward update: 0.0 -> 0.0
Reward update: 0.0 -> 0.0
Reward update: 0.0 -> 0.0
Reward update: 0.0 -> 0.0
Reward update: 0.0 -> 0.0
Reward update: 0.0 -> 0.0
Reward update: 0.0 -> 0.0
Reward update: 0.0 -> 0.0
Reward update: 0.0 -> 0.0
Reward update: 0.0 -> 0.0
Reward update: 0.0 -> 0.0
Reward update: 0.0 -> 0.0
Reward update: 0.0 -> 0.0
Reward update: 0.0 -> 0.0
Reward update: 0.0 -> 0.0
Current policy count: 10
Reward update: 0.0 -> 0.0
Reward update: 0.0 -> 0.0
Reward update: 0.0 -> 0.0
Reward update: 0.0 -> 0.0
Reward update: 0.0 -> 0.0
Reward update: 0.0 -> 0.0
Reward update: 0.0 -> 0.0
Reward update: 0.0 -> 0.0
Reward update: 0.0 -> 0.0
Reward update: 0.0 -> 0.0
Current policy count: 5
Reward update: 0.0 -> 0.0
Reward update: 0.0 -> 0.0
Reward update: 0.0 -> 0.0
Reward update: 0.0 -> 0.0
Reward update: 0.0 -> 0.0
Current policy count: 3
Reward update: 0.0 -> 0.0
Reward update: 0.0 -> 0.0
Reward update: 0.0 -> 0.0
Current policy count: 2
Reward update: 0.0 -> 0.0
Reward update: 0.0 -> 0.0
Current policy count: 1
Reward update: 0.0 -> 0.0
Final reward: 0.0
Number of nodes: 31
