Iteration 0/80
Training student with 178 points
Train accuracy: 0.7676056338028169
Test accuracy: 0.6944444444444444
Number of nodes: 15
Student reward: 0.0
Iteration 1/80
Training student with 1178 points
Train accuracy: 0.4872611464968153
Test accuracy: 0.4533898305084746
Number of nodes: 17
Student reward: 0.0
Iteration 2/80
Training student with 2178 points
Train accuracy: 0.45866819747416765
Test accuracy: 0.463302752293578
Number of nodes: 21
Student reward: -0.1
Iteration 3/80
Training student with 3084 points
Train accuracy: 0.4543980543169842
Test accuracy: 0.46029173419773095
Number of nodes: 23
Student reward: 0.0
Iteration 4/80
Training student with 4084 points
Train accuracy: 0.4511784511784512
Test accuracy: 0.4528763769889841
Number of nodes: 23
Student reward: -0.1
Iteration 5/80
Training student with 4990 points
Train accuracy: 0.4506513026052104
Test accuracy: 0.46893787575150303
Number of nodes: 23
Student reward: 0.0
Iteration 6/80
Training student with 5990 points
Train accuracy: 0.4486644407345576
Test accuracy: 0.44240400667779634
Number of nodes: 23
Student reward: 0.0
Iteration 7/80
Training student with 6990 points
Train accuracy: 0.49105865522174535
Test accuracy: 0.4892703862660944
Number of nodes: 23
Student reward: 0.0
Iteration 8/80
Training student with 7990 points
Train accuracy: 0.47966207759699625
Test accuracy: 0.4856070087609512
Number of nodes: 23
Student reward: 0.0
Iteration 9/80
Training student with 8990 points
Train accuracy: 0.47344271412680755
Test accuracy: 0.4582869855394883
Number of nodes: 23
Student reward: 0.0
Iteration 10/80
Training student with 9990 points
Train accuracy: 0.4692192192192192
Test accuracy: 0.46546546546546547
Number of nodes: 23
Student reward: 0.0
Iteration 11/80
Training student with 10990 points
Train accuracy: 0.487147406733394
Test accuracy: 0.4708826205641492
Number of nodes: 21
Student reward: -0.1
Iteration 12/80
Training student with 11896 points
Train accuracy: 0.4637452711223203
Test accuracy: 0.46302521008403363
Number of nodes: 23
Student reward: 0.0
Iteration 13/80
Training student with 12896 points
Train accuracy: 0.46898022489336955
Test accuracy: 0.4786821705426357
Number of nodes: 23
Student reward: 0.0
Iteration 14/80
Training student with 13896 points
Train accuracy: 0.46446563512054695
Test accuracy: 0.4766187050359712
Number of nodes: 23
Student reward: 0.0
Iteration 15/80
Training student with 14896 points
Train accuracy: 0.46802618328298085
Test accuracy: 0.4714765100671141
Number of nodes: 21
Student reward: -0.1
Iteration 16/80
Training student with 15802 points
Train accuracy: 0.4718772249030931
Test accuracy: 0.46788990825688076
Number of nodes: 25
Student reward: 0.0
Iteration 17/80
Training student with 16802 points
Train accuracy: 0.46700394315899113
Test accuracy: 0.4668253495983338
Number of nodes: 25
Student reward: 0.0
Iteration 18/80
Training student with 17802 points
Train accuracy: 0.4659785127448915
Test accuracy: 0.4577365908452682
Number of nodes: 25
Student reward: 0.0
Iteration 19/80
Training student with 18802 points
Train accuracy: 0.4607406422445316
Test accuracy: 0.4528051050252592
Number of nodes: 25
Student reward: 0.0
Iteration 20/80
Training student with 19802 points
Train accuracy: 0.46303894956126507
Test accuracy: 0.450391315324413
Number of nodes: 25
Student reward: 0.0
Iteration 21/80
Training student with 20802 points
Train accuracy: 0.4601285980409831
Test accuracy: 0.46815669310261954
Number of nodes: 25
Student reward: 0.0
Iteration 22/80
Training student with 21802 points
Train accuracy: 0.4570265466429677
Test accuracy: 0.45631735840403576
Number of nodes: 25
Student reward: 0.0
Iteration 23/80
Training student with 22802 points
Train accuracy: 0.45775999122855104
Test accuracy: 0.44683183512387636
Number of nodes: 25
Student reward: 0.0
Iteration 24/80
Training student with 23802 points
Train accuracy: 0.4540202720445355
Test accuracy: 0.4572568788069733
Number of nodes: 25
Student reward: 0.0
Iteration 25/80
Training student with 24802 points
Train accuracy: 0.45632780605816237
Test accuracy: 0.4557548881273937
Number of nodes: 23
Student reward: 0.0
Iteration 26/80
Training student with 25802 points
Train accuracy: 0.4577297611549828
Test accuracy: 0.4570819608602984
Number of nodes: 25
Student reward: 0.0
Iteration 27/80
Training student with 26802 points
Train accuracy: 0.4519378760319015
Test accuracy: 0.4657713113225145
Number of nodes: 25
Student reward: -0.1
Iteration 28/80
Training student with 27708 points
Train accuracy: 0.45041956149057116
Test accuracy: 0.45669433417538796
Number of nodes: 25
Student reward: 0.0
Iteration 29/80
Training student with 28708 points
Train accuracy: 0.46320647914308105
Test accuracy: 0.45315221177290144
Number of nodes: 25
Student reward: -0.1
Iteration 30/80
Training student with 29614 points
Train accuracy: 0.45055084209193363
Test accuracy: 0.4523045753840959
Number of nodes: 25
Student reward: 0.0
Iteration 31/80
Training student with 30614 points
Train accuracy: 0.44963455963415133
Test accuracy: 0.45353584844030703
Number of nodes: 25
Student reward: 0.0
Iteration 32/80
Training student with 31614 points
Train accuracy: 0.4543513502827093
Test accuracy: 0.4521587853866835
Number of nodes: 25
Student reward: 0.0
Iteration 33/80
Training student with 32614 points
Train accuracy: 0.4537580008432026
Test accuracy: 0.463896979917216
Number of nodes: 25
Student reward: 0.0
Iteration 34/80
Training student with 33614 points
Train accuracy: 0.4501134208471236
Test accuracy: 0.4538152610441767
Number of nodes: 25
Student reward: 0.0
Iteration 35/80
Training student with 34614 points
Train accuracy: 0.45668267668195445
Test accuracy: 0.455005055611729
Number of nodes: 25
Student reward: 0.0
Iteration 36/80
Training student with 35614 points
Train accuracy: 0.45238847355305184
Test accuracy: 0.4425101782956619
Number of nodes: 25
Student reward: 0.0
Iteration 37/80
Training student with 36614 points
Train accuracy: 0.4618142091427401
Test accuracy: 0.46251536255632936
Number of nodes: 23
Student reward: -0.1
Iteration 38/80
Training student with 37520 points
Train accuracy: 0.46048773987206826
Test accuracy: 0.4680170575692964
Number of nodes: 25
Student reward: -0.1
Iteration 39/80
Training student with 38426 points
Train accuracy: 0.46001951854261547
Test accuracy: 0.4527712724434036
Number of nodes: 25
Student reward: 0.0
Iteration 40/80
Training student with 39426 points
Train accuracy: 0.4603994927076728
Test accuracy: 0.45523712908952574
Number of nodes: 25
Student reward: -0.1
Iteration 41/80
Training student with 40332 points
Train accuracy: 0.4589493258949326
Test accuracy: 0.4657245568364944
Number of nodes: 25
Student reward: -0.1
Iteration 42/80
Training student with 41238 points
Train accuracy: 0.4538344953016065
Test accuracy: 0.46156644034917554
Number of nodes: 25
Student reward: -0.1
Iteration 43/80
Training student with 42144 points
Train accuracy: 0.4605665134213258
Test accuracy: 0.4543836754063353
Number of nodes: 25
Student reward: 0.0
Iteration 44/80
Training student with 43144 points
Train accuracy: 0.45331015500507027
Test accuracy: 0.45161664155753856
Number of nodes: 23
Student reward: 0.0
Iteration 45/80
Training student with 44144 points
Train accuracy: 0.4562367266034263
Test accuracy: 0.45146675727715485
Number of nodes: 25
Student reward: 0.0
Iteration 46/80
Training student with 45144 points
Train accuracy: 0.4535511560293507
Test accuracy: 0.4585225384870971
Number of nodes: 23
Student reward: 0.0
Iteration 47/80
Training student with 46144 points
Train accuracy: 0.45648110524177166
Test accuracy: 0.4597464514031856
Number of nodes: 23
Student reward: 0.0
Iteration 48/80
Training student with 47144 points
Train accuracy: 0.45507092668699456
Test accuracy: 0.45116131084950684
Number of nodes: 25
Student reward: -0.1
Iteration 49/80
Training student with 48050 points
Train accuracy: 0.4552289281997919
Test accuracy: 0.4527575442247659
Number of nodes: 25
Student reward: 0.0
Iteration 50/80
Training student with 49050 points
Train accuracy: 0.4567533129459735
Test accuracy: 0.4525993883792049
Number of nodes: 25
Student reward: -0.1
Iteration 51/80
Training student with 49956 points
Train accuracy: 0.449829846862176
Test accuracy: 0.4519615692554043
Number of nodes: 25
Student reward: 0.0
Iteration 52/80
Training student with 50956 points
Train accuracy: 0.4555244823864194
Test accuracy: 0.45722135007849296
Number of nodes: 25
Student reward: 0.0
Iteration 53/80
Training student with 51956 points
Train accuracy: 0.45842556058127226
Test accuracy: 0.45852578906851427
Number of nodes: 25
Student reward: 0.0
Iteration 54/80
Training student with 52956 points
Train accuracy: 0.4504060050986687
Test accuracy: 0.4544939577039275
Number of nodes: 25
Student reward: 0.0
Iteration 55/80
Training student with 53956 points
Train accuracy: 0.4511861736632379
Test accuracy: 0.4572831727205337
Number of nodes: 25
Student reward: 0.0
Iteration 56/80
Training student with 54956 points
Train accuracy: 0.4512555727413338
Test accuracy: 0.4557860262008734
Number of nodes: 25
Student reward: -0.1
Iteration 57/80
Training student with 55862 points
Train accuracy: 0.45234845263935197
Test accuracy: 0.45457800053700886
Number of nodes: 25
Student reward: 0.0
Iteration 58/80
Training student with 56862 points
Train accuracy: 0.4536481347138869
Test accuracy: 0.45880594390222457
Number of nodes: 25
Student reward: 0.0
Iteration 59/80
Training student with 57862 points
Train accuracy: 0.45667437188100846
Test accuracy: 0.4458653763069213
Number of nodes: 25
Student reward: 0.0
Iteration 60/80
Training student with 58862 points
Train accuracy: 0.45076344793900913
Test accuracy: 0.45273082476853815
Number of nodes: 25
Student reward: 0.0
Iteration 61/80
Training student with 59862 points
Train accuracy: 0.45054187809309026
Test accuracy: 0.4515159107992984
Number of nodes: 25
Student reward: 0.0
Iteration 62/80
Training student with 60862 points
Train accuracy: 0.4534699829530284
Test accuracy: 0.4548591144335825
Number of nodes: 25
Student reward: 0.0
Iteration 63/80
Training student with 61862 points
Train accuracy: 0.45094869566974477
Test accuracy: 0.46423664430615047
Number of nodes: 25
Student reward: 0.0
Iteration 64/80
Training student with 62862 points
Train accuracy: 0.45821153731432324
Test accuracy: 0.46003340491529465
Number of nodes: 25
Student reward: 0.0
Iteration 65/80
Training student with 63862 points
Train accuracy: 0.46148877449157355
Test accuracy: 0.45760588741877395
Number of nodes: 25
Student reward: 0.0
Iteration 66/80
Training student with 64862 points
Train accuracy: 0.45759216789685675
Test accuracy: 0.45980112541432205
Number of nodes: 23
Student reward: -0.1
Iteration 67/80
Training student with 65768 points
Train accuracy: 0.45959250389630135
Test accuracy: 0.4584156910445492
Number of nodes: 25
Student reward: -0.1
Iteration 68/80
Training student with 66674 points
Train accuracy: 0.46213839779523425
Test accuracy: 0.4633670791151106
Number of nodes: 25
Student reward: 0.0
Iteration 69/80
Training student with 67674 points
Train accuracy: 0.4615157280333955
Test accuracy: 0.4596970816401921
Number of nodes: 25
Student reward: 0.0
Iteration 70/80
Training student with 68674 points
Train accuracy: 0.4592184058683267
Test accuracy: 0.4637058609392064
Number of nodes: 25
Student reward: -0.1
Iteration 71/80
Training student with 69580 points
Train accuracy: 0.4636389767174475
Test accuracy: 0.4553751077895947
Number of nodes: 25
Student reward: -0.1
Iteration 72/80
Training student with 70486 points
Train accuracy: 0.46366248137901683
Test accuracy: 0.4585047524471556
Number of nodes: 25
Student reward: 0.0
Iteration 73/80
Training student with 71486 points
Train accuracy: 0.45817304329579633
Test accuracy: 0.4593649461463142
Number of nodes: 25
Student reward: 0.0
Iteration 74/80
Training student with 72486 points
Train accuracy: 0.4564909981375457
Test accuracy: 0.4527521037384467
Number of nodes: 25
Student reward: -0.1
Iteration 75/80
Training student with 73392 points
Train accuracy: 0.46185682898165653
Test accuracy: 0.46597179644389947
Number of nodes: 25
Student reward: 0.0
Iteration 76/80
Training student with 74392 points
Train accuracy: 0.45963066892947757
Test accuracy: 0.45654949929430744
Number of nodes: 25
Student reward: 0.0
Iteration 77/80
Training student with 75392 points
Train accuracy: 0.4602324540314692
Test accuracy: 0.4597784999005239
Number of nodes: 25
Student reward: -0.1
Iteration 78/80
Training student with 76298 points
Train accuracy: 0.46169599266031
Test accuracy: 0.46081258191349933
Number of nodes: 25
Student reward: 0.0
Iteration 79/80
Training student with 77298 points
Train accuracy: 0.4602994922216113
Test accuracy: 0.45834411384217333
Number of nodes: 25
Student reward: 0.0
Initial policy count: 80
Current policy count: 40
Reward update: 0.0 -> -0.02
Reward update: 0.0 -> 0.0
Reward update: 0.0 -> 0.0
Reward update: 0.0 -> 0.0
Reward update: 0.0 -> 0.0
Reward update: 0.0 -> -0.04
Reward update: 0.0 -> -0.04
Reward update: 0.0 -> 0.0
Reward update: 0.0 -> -0.04
Reward update: 0.0 -> 0.0
Reward update: 0.0 -> 0.0
Reward update: 0.0 -> -0.02
Reward update: 0.0 -> -0.02
Reward update: 0.0 -> -0.04
Reward update: 0.0 -> -0.04
Reward update: 0.0 -> -0.04
Reward update: 0.0 -> -0.02
Reward update: 0.0 -> -0.02
Reward update: 0.0 -> -0.02
Reward update: 0.0 -> 0.0
Reward update: 0.0 -> -0.02
Reward update: 0.0 -> -0.04
Reward update: 0.0 -> -0.04
Reward update: 0.0 -> -0.06
Reward update: 0.0 -> 0.0
Reward update: 0.0 -> -0.02
Reward update: 0.0 -> 0.0
Reward update: 0.0 -> -0.02
Reward update: 0.0 -> 0.0
Reward update: 0.0 -> 0.0
Reward update: 0.0 -> 0.0
Reward update: 0.0 -> -0.04
Reward update: 0.0 -> 0.0
Reward update: 0.0 -> -0.02
Reward update: 0.0 -> -0.06
Reward update: 0.0 -> -0.04
Reward update: 0.0 -> 0.0
Reward update: 0.0 -> -0.02
Reward update: 0.0 -> 0.0
Reward update: 0.0 -> 0.0
Current policy count: 20
Reward update: 0.0 -> 0.0
Reward update: 0.0 -> -0.06
Reward update: 0.0 -> -0.04
Reward update: 0.0 -> 0.0
Reward update: 0.0 -> -0.02
Reward update: 0.0 -> -0.04
Reward update: 0.0 -> 0.0
Reward update: 0.0 -> -0.06
Reward update: 0.0 -> -0.04
Reward update: 0.0 -> -0.04
Reward update: 0.0 -> -0.02
Reward update: 0.0 -> -0.02
Reward update: 0.0 -> 0.0
Reward update: 0.0 -> -0.06
Reward update: 0.0 -> 0.0
Reward update: 0.0 -> -0.02
Reward update: 0.0 -> 0.0
Reward update: -0.02 -> 0.0
Reward update: -0.02 -> 0.0
Reward update: -0.02 -> -0.02
Current policy count: 10
Reward update: 0.0 -> -0.08
Reward update: 0.0 -> 0.0
Reward update: 0.0 -> -0.04
Reward update: 0.0 -> 0.0
Reward update: 0.0 -> 0.0
Reward update: 0.0 -> -0.02
Reward update: 0.0 -> -0.04
Reward update: 0.0 -> -0.06
Reward update: -0.02 -> -0.04
Reward update: -0.02 -> 0.0
Current policy count: 5
Reward update: 0.0 -> 0.0
Reward update: 0.0 -> 0.0
Reward update: 0.0 -> -0.04
Reward update: 0.0 -> 0.0
Reward update: -0.02 -> -0.02
Current policy count: 3
Reward update: 0.0 -> 0.0
Reward update: 0.0 -> 0.0
Reward update: 0.0 -> -0.06
Current policy count: 2
Reward update: 0.0 -> 0.0
Reward update: 0.0 -> 0.0
Current policy count: 1
Reward update: 0.0 -> 0.0
Final reward: 0.0
Number of nodes: 23
