Iteration 0/80
Training student with 112 points
Train accuracy: 1.0
Test accuracy: 1.0
Number of nodes: 1
Student reward: 112.87836151123047
Iteration 1/80
Training student with 213 points
Train accuracy: 1.0
Test accuracy: 1.0
Number of nodes: 1
Student reward: 128.5196273803711
Iteration 2/80
Training student with 322 points
Train accuracy: 1.0
Test accuracy: 1.0
Number of nodes: 1
Student reward: 183.45465698242188
Iteration 3/80
Training student with 438 points
Train accuracy: 0.9914285714285714
Test accuracy: 1.0
Number of nodes: 1
Student reward: 115.7435806274414
Iteration 4/80
Training student with 532 points
Train accuracy: 0.9905882352941177
Test accuracy: 0.9906542056074766
Number of nodes: 1
Student reward: 223.29399566650392
Iteration 5/80
Training student with 657 points
Train accuracy: 0.9847619047619047
Test accuracy: 0.9772727272727273
Number of nodes: 1
Student reward: 153.6286163330078
Iteration 6/80
Training student with 766 points
Train accuracy: 0.9787581699346405
Test accuracy: 0.9935064935064936
Number of nodes: 1
Student reward: 171.76743774414064
Iteration 7/80
Training student with 877 points
Train accuracy: 0.9843081312410842
Test accuracy: 0.9829545454545454
Number of nodes: 1
Student reward: 68.28410339355469
Iteration 8/80
Training student with 973 points
Train accuracy: 0.9832904884318766
Test accuracy: 0.9897435897435898
Number of nodes: 1
Student reward: 154.13117218017578
Iteration 9/80
Training student with 1080 points
Train accuracy: 0.9837962962962963
Test accuracy: 0.9953703703703703
Number of nodes: 1
Student reward: 168.32540130615234
Iteration 10/80
Training student with 1192 points
Train accuracy: 0.9863588667366212
Test accuracy: 0.9874476987447699
Number of nodes: 1
Student reward: 101.58296051025391
Iteration 11/80
Training student with 1291 points
Train accuracy: 0.9854651162790697
Test accuracy: 0.9884169884169884
Number of nodes: 1
Student reward: 148.22361755371094
Iteration 12/80
Training student with 1393 points
Train accuracy: 0.9865350089766607
Test accuracy: 0.989247311827957
Number of nodes: 1
Student reward: 76.21836700439454
Iteration 13/80
Training student with 1487 points
Train accuracy: 0.9882253994953742
Test accuracy: 0.9832214765100671
Number of nodes: 1
Student reward: 143.48994140625
Iteration 14/80
Training student with 1598 points
Train accuracy: 0.986697965571205
Test accuracy: 0.9875
Number of nodes: 1
Student reward: 134.6616012573242
Iteration 15/80
Training student with 1701 points
Train accuracy: 0.9875
Test accuracy: 0.9853372434017595
Number of nodes: 1
Student reward: 121.51200256347656
Iteration 16/80
Training student with 1806 points
Train accuracy: 0.9847645429362881
Test accuracy: 0.9917127071823204
Number of nodes: 1
Student reward: 164.07269897460938
Iteration 17/80
Training student with 1910 points
Train accuracy: 0.9869109947643979
Test accuracy: 0.9842931937172775
Number of nodes: 1
Student reward: 204.88609008789064
Iteration 18/80
Training student with 2034 points
Train accuracy: 0.984019668100799
Test accuracy: 0.9901719901719902
Number of nodes: 1
Student reward: 143.2476608276367
Iteration 19/80
Training student with 2143 points
Train accuracy: 0.9836639439906651
Test accuracy: 0.9906759906759907
Number of nodes: 1
Student reward: 214.20389251708986
Iteration 20/80
Training student with 2267 points
Train accuracy: 0.9851075565361279
Test accuracy: 0.9845814977973568
Number of nodes: 1
Student reward: 180.79108734130858
Iteration 21/80
Training student with 2387 points
Train accuracy: 0.9816657936092195
Test accuracy: 0.9937238493723849
Number of nodes: 1
Student reward: 117.91084747314453
Iteration 22/80
Training student with 2486 points
Train accuracy: 0.9828973843058351
Test accuracy: 0.9859437751004017
Number of nodes: 1
Student reward: 139.34047241210936
Iteration 23/80
Training student with 2597 points
Train accuracy: 0.9860375541646605
Test accuracy: 0.9730769230769231
Number of nodes: 1
Student reward: 116.17698669433594
Iteration 24/80
Training student with 2692 points
Train accuracy: 0.9842080817464004
Test accuracy: 0.9814471243042672
Number of nodes: 1
Student reward: 261.82605743408203
Iteration 25/80
Training student with 2821 points
Train accuracy: 0.9813829787234043
Test accuracy: 0.9911504424778761
Number of nodes: 1
Student reward: 119.19632263183594
Iteration 26/80
Training student with 2917 points
Train accuracy: 0.9828546935276468
Test accuracy: 0.9863013698630136
Number of nodes: 1
Student reward: 259.43200836181643
Iteration 27/80
Training student with 3038 points
Train accuracy: 0.9818930041152263
Test accuracy: 0.9901315789473685
Number of nodes: 1
Student reward: 104.66419830322266
Iteration 28/80
Training student with 3140 points
Train accuracy: 0.98328025477707
Test accuracy: 0.9872611464968153
Number of nodes: 1
Student reward: 141.69497680664062
Iteration 29/80
Training student with 3239 points
Train accuracy: 0.9853338479351602
Test accuracy: 0.9783950617283951
Number of nodes: 1
Student reward: 183.7178161621094
Iteration 30/80
Training student with 3359 points
Train accuracy: 0.9843691849646445
Test accuracy: 0.9836309523809523
Number of nodes: 1
Student reward: 124.31080474853516
Iteration 31/80
Training student with 3465 points
Train accuracy: 0.9848484848484849
Test accuracy: 0.9826839826839827
Number of nodes: 1
Student reward: 133.39517211914062
Iteration 32/80
Training student with 3566 points
Train accuracy: 0.9845722300140253
Test accuracy: 0.9859943977591037
Number of nodes: 1
Student reward: 142.67449798583985
Iteration 33/80
Training student with 3671 points
Train accuracy: 0.9850136239782016
Test accuracy: 0.9850340136054422
Number of nodes: 1
Student reward: 94.88913116455078
Iteration 34/80
Training student with 3765 points
Train accuracy: 0.9870517928286853
Test accuracy: 0.9774236387782205
Number of nodes: 1
Student reward: 80.92096710205078
Iteration 35/80
Training student with 3862 points
Train accuracy: 0.9851084493363548
Test accuracy: 0.9857697283311773
Number of nodes: 1
Student reward: 162.66860809326172
Iteration 36/80
Training student with 3967 points
Train accuracy: 0.987078474629688
Test accuracy: 0.9798488664987406
Number of nodes: 1
Student reward: 46.59161376953125
Iteration 37/80
Training student with 4054 points
Train accuracy: 0.9848905334566759
Test accuracy: 0.9889025893958077
Number of nodes: 1
Student reward: 102.32502899169921
Iteration 38/80
Training student with 4155 points
Train accuracy: 0.9846570397111913
Test accuracy: 0.9915764139590855
Number of nodes: 1
Student reward: 149.76497802734374
Iteration 39/80
Training student with 4258 points
Train accuracy: 0.9859072225484439
Test accuracy: 0.9870892018779343
Number of nodes: 1
Student reward: 195.02268829345704
Iteration 40/80
Training student with 4377 points
Train accuracy: 0.987146529562982
Test accuracy: 0.9840182648401826
Number of nodes: 1
Student reward: 194.3482894897461
Iteration 41/80
Training student with 4495 points
Train accuracy: 0.9863737486095662
Test accuracy: 0.9888765294771968
Number of nodes: 1
Student reward: 116.00231170654297
Iteration 42/80
Training student with 4598 points
Train accuracy: 0.9864056552474171
Test accuracy: 0.9880434782608696
Number of nodes: 1
Student reward: 69.94416046142578
Iteration 43/80
Training student with 4688 points
Train accuracy: 0.9861333333333333
Test accuracy: 0.988272921108742
Number of nodes: 1
Student reward: 134.19897003173827
Iteration 44/80
Training student with 4788 points
Train accuracy: 0.9864229765013055
Test accuracy: 0.9874739039665971
Number of nodes: 1
Student reward: 144.44810180664064
Iteration 45/80
Training student with 4899 points
Train accuracy: 0.987496810410819
Test accuracy: 0.9846938775510204
Number of nodes: 1
Student reward: 179.9104263305664
Iteration 46/80
Training student with 5019 points
Train accuracy: 0.9877957658779577
Test accuracy: 0.9850597609561753
Number of nodes: 1
Student reward: 158.53871459960936
Iteration 47/80
Training student with 5120 points
Train accuracy: 0.98779296875
Test accuracy: 0.984375
Number of nodes: 1
Student reward: 84.88223419189453
Iteration 48/80
Training student with 5209 points
Train accuracy: 0.9865610751139908
Test accuracy: 0.9884836852207294
Number of nodes: 1
Student reward: 142.91600799560547
Iteration 49/80
Training student with 5320 points
Train accuracy: 0.9877819548872181
Test accuracy: 0.9849624060150376
Number of nodes: 1
Student reward: 162.7572784423828
Iteration 50/80
Training student with 5430 points
Train accuracy: 0.9871086556169429
Test accuracy: 0.9861878453038674
Number of nodes: 1
Student reward: 118.88780059814454
Iteration 51/80
Training student with 5529 points
Train accuracy: 0.9875650011304544
Test accuracy: 0.9819168173598554
Number of nodes: 1
Student reward: 186.98857574462892
Iteration 52/80
Training student with 5656 points
Train accuracy: 0.9865163572060124
Test accuracy: 0.9858657243816255
Number of nodes: 1
Student reward: 118.5998306274414
Iteration 53/80
Training student with 5749 points
Train accuracy: 0.9858664927158077
Test accuracy: 0.9886956521739131
Number of nodes: 1
Student reward: 101.95497131347656
Iteration 54/80
Training student with 5842 points
Train accuracy: 0.9854483201369569
Test accuracy: 0.9897348160821214
Number of nodes: 1
Student reward: 195.54942474365234
Iteration 55/80
Training student with 5960 points
Train accuracy: 0.986996644295302
Test accuracy: 0.9848993288590604
Number of nodes: 1
Student reward: 113.91899871826172
Iteration 56/80
Training student with 6059 points
Train accuracy: 0.9874148958118424
Test accuracy: 0.9826732673267327
Number of nodes: 1
Student reward: 228.7926818847656
Iteration 57/80
Training student with 6178 points
Train accuracy: 0.9858356940509915
Test accuracy: 0.9894822006472492
Number of nodes: 1
Student reward: 78.37319793701172
Iteration 58/80
Training student with 6272 points
Train accuracy: 0.9860474387083915
Test accuracy: 0.9888446215139443
Number of nodes: 1
Student reward: 133.02096252441407
Iteration 59/80
Training student with 6375 points
Train accuracy: 0.9866666666666667
Test accuracy: 0.9874509803921568
Number of nodes: 1
Student reward: 129.3858169555664
Iteration 60/80
Training student with 6476 points
Train accuracy: 0.9866795366795367
Test accuracy: 0.9853395061728395
Number of nodes: 1
Student reward: 141.85935974121094
Iteration 61/80
Training student with 6583 points
Train accuracy: 0.9876566654006836
Test accuracy: 0.9817767653758542
Number of nodes: 1
Student reward: 271.1240951538086
Iteration 62/80
Training student with 6726 points
Train accuracy: 0.9856877323420075
Test accuracy: 0.9903417533432393
Number of nodes: 1
Student reward: 214.3791976928711
Iteration 63/80
Training student with 6851 points
Train accuracy: 0.9868613138686131
Test accuracy: 0.986870897155361
Number of nodes: 1
Student reward: 153.5524124145508
Iteration 64/80
Training student with 6963 points
Train accuracy: 0.9888689407540395
Test accuracy: 0.9791816223977028
Number of nodes: 1
Student reward: 135.54383544921876
Iteration 65/80
Training student with 7062 points
Train accuracy: 0.9867233138608603
Test accuracy: 0.9886765746638358
Number of nodes: 1
Student reward: 105.01361389160157
Iteration 66/80
Training student with 7162 points
Train accuracy: 0.9856868563449118
Test accuracy: 0.9923237962316818
Number of nodes: 1
Student reward: 95.2015396118164
Iteration 67/80
Training student with 7263 points
Train accuracy: 0.9879518072289156
Test accuracy: 0.9827942188575362
Number of nodes: 1
Student reward: 139.57843627929688
Iteration 68/80
Training student with 7368 points
Train accuracy: 0.9871055310485239
Test accuracy: 0.9864314789687924
Number of nodes: 1
Student reward: 125.79633178710938
Iteration 69/80
Training student with 7468 points
Train accuracy: 0.987612989621694
Test accuracy: 0.9846050870147256
Number of nodes: 1
Student reward: 136.6364273071289
Iteration 70/80
Training student with 7574 points
Train accuracy: 0.9869615448093745
Test accuracy: 0.9867986798679867
Number of nodes: 1
Student reward: 111.5627944946289
Iteration 71/80
Training student with 7675 points
Train accuracy: 0.987785016286645
Test accuracy: 0.9837133550488599
Number of nodes: 1
Student reward: 261.41588134765624
Iteration 72/80
Training student with 7813 points
Train accuracy: 0.98704
Test accuracy: 0.9872040946896993
Number of nodes: 1
Student reward: 186.52953186035157
Iteration 73/80
Training student with 7931 points
Train accuracy: 0.9878625472887768
Test accuracy: 0.984247006931317
Number of nodes: 1
Student reward: 161.95415191650392
Iteration 74/80
Training student with 8037 points
Train accuracy: 0.9874008399440037
Test accuracy: 0.9838308457711443
Number of nodes: 1
Student reward: 270.4031478881836
Iteration 75/80
Training student with 8171 points
Train accuracy: 0.9860771113831089
Test accuracy: 0.9865443425076452
Number of nodes: 1
Student reward: 203.2387237548828
Iteration 76/80
Training student with 8288 points
Train accuracy: 0.9868778280542987
Test accuracy: 0.9837153196622437
Number of nodes: 1
Student reward: 134.97893218994142
Iteration 77/80
Training student with 8386 points
Train accuracy: 0.9852415026833632
Test accuracy: 0.9904648390941597
Number of nodes: 1
Student reward: 121.44656829833984
Iteration 78/80
Training student with 8488 points
Train accuracy: 0.9860088365243005
Test accuracy: 0.9876325088339223
Number of nodes: 1
Student reward: 172.52709503173827
Iteration 79/80
Training student with 8604 points
Train accuracy: 0.9861978788319047
Test accuracy: 0.9866356769320163
Number of nodes: 1
Student reward: 83.73013305664062
Initial policy count: 80
Current policy count: 40
Reward update: 271.1240951538086 -> 154.05936767578126
Reward update: 270.4031478881836 -> 99.57646728515626
Reward update: 261.82605743408203 -> 153.43576416015625
Reward update: 261.41588134765624 -> 128.17932098388673
Reward update: 259.43200836181643 -> 146.31919555664064
Reward update: 228.7926818847656 -> 137.57711853027342
Reward update: 223.29399566650392 -> 136.7689974975586
Reward update: 214.3791976928711 -> 142.70302703857422
Reward update: 214.20389251708986 -> 140.92194885253906
Reward update: 204.88609008789064 -> 130.58027435302733
Reward update: 203.2387237548828 -> 174.1823193359375
Reward update: 195.54942474365234 -> 139.74933471679688
Reward update: 195.02268829345704 -> 162.04516387939452
Reward update: 194.3482894897461 -> 113.64959259033203
Reward update: 186.98857574462892 -> 156.15662109375
Reward update: 186.52953186035157 -> 171.81133239746094
Reward update: 183.7178161621094 -> 133.39299224853517
Reward update: 183.45465698242188 -> 158.27713439941405
Reward update: 180.79108734130858 -> 144.47592102050783
Reward update: 179.9104263305664 -> 132.02346618652345
Reward update: 172.52709503173827 -> 153.1116793823242
Reward update: 171.76743774414064 -> 137.98920379638673
Reward update: 168.32540130615234 -> 130.4083157348633
Reward update: 164.07269897460938 -> 138.02965148925782
Reward update: 162.7572784423828 -> 138.83600189208985
Reward update: 162.66860809326172 -> 147.23450531005858
Reward update: 161.95415191650392 -> 164.0226791381836
Reward update: 158.53871459960936 -> 154.6352279663086
Reward update: 154.13117218017578 -> 110.97987762451172
Reward update: 153.6286163330078 -> 122.55870697021484
Reward update: 153.5524124145508 -> 171.65121398925783
Reward update: 149.76497802734374 -> 156.86936309814453
Reward update: 148.22361755371094 -> 143.3830517578125
Reward update: 144.44810180664064 -> 149.79999694824218
Reward update: 143.48994140625 -> 115.21086944580078
Reward update: 143.2476608276367 -> 138.420078125
Reward update: 142.91600799560547 -> 126.6252651977539
Reward update: 142.67449798583985 -> 145.76333618164062
Reward update: 141.85935974121094 -> 127.00206420898438
Reward update: 141.69497680664062 -> 141.07963439941406
Current policy count: 20
Reward update: 174.1823193359375 -> 114.51187225341796
Reward update: 171.81133239746094 -> 138.24426055908202
Reward update: 171.65121398925783 -> 174.41035919189454
Reward update: 164.0226791381836 -> 135.3976266479492
Reward update: 162.04516387939452 -> 149.25959686279296
Reward update: 158.27713439941405 -> 118.05025238037109
Reward update: 156.86936309814453 -> 148.63340087890626
Reward update: 156.15662109375 -> 112.7764678955078
Reward update: 154.6352279663086 -> 134.89031219482422
Reward update: 154.05936767578126 -> 172.2844158935547
Reward update: 153.43576416015625 -> 128.53044891357422
Reward update: 153.1116793823242 -> 124.18054504394532
Reward update: 149.79999694824218 -> 146.0566390991211
Reward update: 147.23450531005858 -> 127.98459716796874
Reward update: 146.31919555664064 -> 125.33294158935547
Reward update: 145.76333618164062 -> 146.1818667602539
Reward update: 144.47592102050783 -> 141.67519653320312
Reward update: 143.3830517578125 -> 139.20344146728516
Reward update: 142.70302703857422 -> 113.38983612060547
Reward update: 141.07963439941406 -> 164.00374603271484
Current policy count: 10
Reward update: 174.41035919189454 -> 172.1962692260742
Reward update: 172.2844158935547 -> 174.45524108886718
Reward update: 164.00374603271484 -> 145.11227508544923
Reward update: 149.25959686279296 -> 176.6272280883789
Reward update: 148.63340087890626 -> 113.97640747070312
Reward update: 146.1818667602539 -> 155.81037292480468
Reward update: 146.0566390991211 -> 160.57867218017577
Reward update: 141.67519653320312 -> 143.72552764892578
Reward update: 139.20344146728516 -> 109.43699096679687
Reward update: 138.24426055908202 -> 120.1255532836914
Current policy count: 5
Reward update: 176.6272280883789 -> 135.25708618164063
Reward update: 174.45524108886718 -> 135.05618133544922
Reward update: 172.1962692260742 -> 129.4275799560547
Reward update: 160.57867218017577 -> 122.13445922851562
Reward update: 155.81037292480468 -> 117.69215026855468
Current policy count: 3
Reward update: 135.25708618164063 -> 141.1487451171875
Reward update: 135.05618133544922 -> 114.1990396118164
Reward update: 129.4275799560547 -> 108.18408233642577
Current policy count: 2
Reward update: 141.1487451171875 -> 122.23850341796874
Reward update: 114.1990396118164 -> 148.10714660644533
Current policy count: 1
Reward update: 148.10714660644533 -> 154.04823608398436
Final reward: 139.02507568359374
Number of nodes: 1
