Iteration 0/80
Training student with 1000 points
Train accuracy: 0.25125
Test accuracy: 0.215
Number of nodes: 23
Student reward: 0.0
Iteration 1/80
Training student with 2000 points
Train accuracy: 0.230625
Test accuracy: 0.2075
Number of nodes: 23
Student reward: 0.0
Iteration 2/80
Training student with 3000 points
Train accuracy: 0.2275
Test accuracy: 0.19
Number of nodes: 23
Student reward: 0.0
Iteration 3/80
Training student with 4000 points
Train accuracy: 0.2184375
Test accuracy: 0.205
Number of nodes: 23
Student reward: 0.0
Iteration 4/80
Training student with 5000 points
Train accuracy: 0.2205
Test accuracy: 0.186
Number of nodes: 23
Student reward: 0.0
Iteration 5/80
Training student with 6000 points
Train accuracy: 0.215
Test accuracy: 0.20333333333333334
Number of nodes: 23
Student reward: 0.0
Iteration 6/80
Training student with 7000 points
Train accuracy: 0.21267857142857144
Test accuracy: 0.18428571428571427
Number of nodes: 23
Student reward: 0.0
Iteration 7/80
Training student with 8000 points
Train accuracy: 0.21140625
Test accuracy: 0.216875
Number of nodes: 23
Student reward: 0.0
Iteration 8/80
Training student with 9000 points
Train accuracy: 0.21013888888888888
Test accuracy: 0.2038888888888889
Number of nodes: 23
Student reward: 0.0
Iteration 9/80
Training student with 10000 points
Train accuracy: 0.213125
Test accuracy: 0.2015
Number of nodes: 23
Student reward: 0.0
Iteration 10/80
Training student with 11000 points
Train accuracy: 0.21113636363636365
Test accuracy: 0.19136363636363637
Number of nodes: 23
Student reward: 0.0
Iteration 11/80
Training student with 12000 points
Train accuracy: 0.2121875
Test accuracy: 0.20333333333333334
Number of nodes: 23
Student reward: 0.0
Iteration 12/80
Training student with 13000 points
Train accuracy: 0.21009615384615385
Test accuracy: 0.1996153846153846
Number of nodes: 23
Student reward: 0.0
Iteration 13/80
Training student with 14000 points
Train accuracy: 0.21044642857142856
Test accuracy: 0.19071428571428573
Number of nodes: 23
Student reward: 0.0
Iteration 14/80
Training student with 15000 points
Train accuracy: 0.21141666666666667
Test accuracy: 0.19433333333333333
Number of nodes: 23
Student reward: 0.0
Iteration 15/80
Training student with 16000 points
Train accuracy: 0.210390625
Test accuracy: 0.1959375
Number of nodes: 21
Student reward: 0.0
Iteration 16/80
Training student with 17000 points
Train accuracy: 0.21316176470588236
Test accuracy: 0.19470588235294117
Number of nodes: 23
Student reward: 0.0
Iteration 17/80
Training student with 18000 points
Train accuracy: 0.21229166666666666
Test accuracy: 0.2011111111111111
Number of nodes: 23
Student reward: 0.0
Iteration 18/80
Training student with 19000 points
Train accuracy: 0.2125
Test accuracy: 0.1955263157894737
Number of nodes: 23
Student reward: 0.0
Iteration 19/80
Training student with 20000 points
Train accuracy: 0.2109375
Test accuracy: 0.18975
Number of nodes: 23
Student reward: 0.0
Iteration 20/80
Training student with 21000 points
Train accuracy: 0.21285714285714286
Test accuracy: 0.2011904761904762
Number of nodes: 23
Student reward: 0.0
Iteration 21/80
Training student with 22000 points
Train accuracy: 0.2109090909090909
Test accuracy: 0.2081818181818182
Number of nodes: 23
Student reward: 0.0
Iteration 22/80
Training student with 23000 points
Train accuracy: 0.21440217391304348
Test accuracy: 0.19891304347826086
Number of nodes: 23
Student reward: 0.0
Iteration 23/80
Training student with 24000 points
Train accuracy: 0.21401041666666668
Test accuracy: 0.205625
Number of nodes: 23
Student reward: 0.0
Iteration 24/80
Training student with 25000 points
Train accuracy: 0.214
Test accuracy: 0.204
Number of nodes: 23
Student reward: 0.0
Iteration 25/80
Training student with 26000 points
Train accuracy: 0.21129807692307692
Test accuracy: 0.2128846153846154
Number of nodes: 23
Student reward: 0.0
Iteration 26/80
Training student with 27000 points
Train accuracy: 0.21032407407407408
Test accuracy: 0.18833333333333332
Number of nodes: 23
Student reward: 0.0
Iteration 27/80
Training student with 28000 points
Train accuracy: 0.21098214285714287
Test accuracy: 0.20232142857142857
Number of nodes: 23
Student reward: 0.0
Iteration 28/80
Training student with 29000 points
Train accuracy: 0.21267241379310345
Test accuracy: 0.19431034482758622
Number of nodes: 23
Student reward: 0.0
Iteration 29/80
Training student with 30000 points
Train accuracy: 0.21158333333333335
Test accuracy: 0.2045
Number of nodes: 23
Student reward: 0.0
Iteration 30/80
Training student with 31000 points
Train accuracy: 0.2128225806451613
Test accuracy: 0.19661290322580646
Number of nodes: 23
Student reward: 0.0
Iteration 31/80
Training student with 32000 points
Train accuracy: 0.2111328125
Test accuracy: 0.20234375
Number of nodes: 23
Student reward: 0.0
Iteration 32/80
Training student with 33000 points
Train accuracy: 0.2097348484848485
Test accuracy: 0.20787878787878789
Number of nodes: 23
Student reward: 0.0
Iteration 33/80
Training student with 34000 points
Train accuracy: 0.21106617647058823
Test accuracy: 0.19941176470588234
Number of nodes: 23
Student reward: 0.0
Iteration 34/80
Training student with 35000 points
Train accuracy: 0.20946428571428571
Test accuracy: 0.205
Number of nodes: 23
Student reward: 0.0
Iteration 35/80
Training student with 36000 points
Train accuracy: 0.20940972222222223
Test accuracy: 0.2051388888888889
Number of nodes: 23
Student reward: 0.0
Iteration 36/80
Training student with 37000 points
Train accuracy: 0.2081418918918919
Test accuracy: 0.20283783783783785
Number of nodes: 23
Student reward: 1.0
Iteration 37/80
Training student with 37460 points
Train accuracy: 0.2091230646022424
Test accuracy: 0.20168179391350774
Number of nodes: 23
Student reward: 0.0
Iteration 38/80
Training student with 38460 points
Train accuracy: 0.20865834633385336
Test accuracy: 0.19760790431617264
Number of nodes: 23
Student reward: 0.0
Iteration 39/80
Training student with 39460 points
Train accuracy: 0.20777369488089203
Test accuracy: 0.2048910288900152
Number of nodes: 23
Student reward: 0.0
Iteration 40/80
Training student with 40460 points
Train accuracy: 0.20965150766188828
Test accuracy: 0.19834404349975285
Number of nodes: 23
Student reward: 1.0
Iteration 41/80
Training student with 40880 points
Train accuracy: 0.2089041095890411
Test accuracy: 0.200220156555773
Number of nodes: 23
Student reward: 0.0
Iteration 42/80
Training student with 41880 points
Train accuracy: 0.2093779847182426
Test accuracy: 0.1983046800382044
Number of nodes: 23
Student reward: 0.0
Iteration 43/80
Training student with 42880 points
Train accuracy: 0.2068563432835821
Test accuracy: 0.19962686567164178
Number of nodes: 23
Student reward: 0.0
Iteration 44/80
Training student with 43880 points
Train accuracy: 0.20835232452142205
Test accuracy: 0.2023701002734731
Number of nodes: 23
Student reward: 0.0
Iteration 45/80
Training student with 44880 points
Train accuracy: 0.21031082887700533
Test accuracy: 0.1930704099821747
Number of nodes: 23
Student reward: 0.0
Iteration 46/80
Training student with 45880 points
Train accuracy: 0.20847863993025284
Test accuracy: 0.19845248474280733
Number of nodes: 23
Student reward: 0.0
Iteration 47/80
Training student with 46880 points
Train accuracy: 0.2090976962457338
Test accuracy: 0.20029863481228669
Number of nodes: 23
Student reward: 0.0
Iteration 48/80
Training student with 47880 points
Train accuracy: 0.20760233918128654
Test accuracy: 0.20029239766081872
Number of nodes: 23
Student reward: 0.0
Iteration 49/80
Training student with 48880 points
Train accuracy: 0.20757467266775778
Test accuracy: 0.2047872340425532
Number of nodes: 23
Student reward: 0.0
Iteration 50/80
Training student with 49880 points
Train accuracy: 0.20809943865276664
Test accuracy: 0.20348837209302326
Number of nodes: 23
Student reward: 0.0
Iteration 51/80
Training student with 50880 points
Train accuracy: 0.20833333333333334
Test accuracy: 0.20224056603773585
Number of nodes: 23
Student reward: 0.0
Iteration 52/80
Training student with 51880 points
Train accuracy: 0.20978700848111026
Test accuracy: 0.19612567463377023
Number of nodes: 23
Student reward: 0.0
Iteration 53/80
Training student with 52880 points
Train accuracy: 0.2083018154311649
Test accuracy: 0.2043305597579425
Number of nodes: 23
Student reward: 0.0
Iteration 54/80
Training student with 53880 points
Train accuracy: 0.20916852264291017
Test accuracy: 0.20016703786191536
Number of nodes: 23
Student reward: 0.0
Iteration 55/80
Training student with 54880 points
Train accuracy: 0.20754373177842567
Test accuracy: 0.20271501457725946
Number of nodes: 23
Student reward: 0.0
Iteration 56/80
Training student with 55880 points
Train accuracy: 0.20783375089477452
Test accuracy: 0.19550823192555475
Number of nodes: 23
Student reward: 0.0
Iteration 57/80
Training student with 56880 points
Train accuracy: 0.20857507032348804
Test accuracy: 0.19998241912798875
Number of nodes: 23
Student reward: 0.0
Iteration 58/80
Training student with 57880 points
Train accuracy: 0.20849170697995853
Test accuracy: 0.19825501036627505
Number of nodes: 23
Student reward: 0.0
Iteration 59/80
Training student with 58880 points
Train accuracy: 0.20622452445652173
Test accuracy: 0.20516304347826086
Number of nodes: 23
Student reward: 0.0
Iteration 60/80
Training student with 59880 points
Train accuracy: 0.20670507682030728
Test accuracy: 0.19864729458917835
Number of nodes: 23
Student reward: 0.0
Iteration 61/80
Training student with 60880 points
Train accuracy: 0.20634855453350853
Test accuracy: 0.20540407358738502
Number of nodes: 23
Student reward: 0.0
Iteration 62/80
Training student with 61880 points
Train accuracy: 0.2078417905623788
Test accuracy: 0.19667097608274078
Number of nodes: 23
Student reward: 0.0
Iteration 63/80
Training student with 62880 points
Train accuracy: 0.20582856234096691
Test accuracy: 0.2035623409669211
Number of nodes: 23
Student reward: 0.0
Iteration 64/80
Training student with 63880 points
Train accuracy: 0.20722448340638697
Test accuracy: 0.19450532247964936
Number of nodes: 23
Student reward: 0.0
Iteration 65/80
Training student with 64880 points
Train accuracy: 0.2058608199753391
Test accuracy: 0.2059956843403206
Number of nodes: 23
Student reward: 0.0
Iteration 66/80
Training student with 65880 points
Train accuracy: 0.20624620522161505
Test accuracy: 0.1939131754705525
Number of nodes: 23
Student reward: 0.0
Iteration 67/80
Training student with 66880 points
Train accuracy: 0.2060593600478469
Test accuracy: 0.20835825358851676
Number of nodes: 23
Student reward: 0.0
Iteration 68/80
Training student with 67880 points
Train accuracy: 0.206356806128462
Test accuracy: 0.20580436063641722
Number of nodes: 23
Student reward: 0.0
Iteration 69/80
Training student with 68880 points
Train accuracy: 0.20640969802555167
Test accuracy: 0.20463124274099884
Number of nodes: 23
Student reward: 0.0
Iteration 70/80
Training student with 69880 points
Train accuracy: 0.2072481396680023
Test accuracy: 0.1986262163709216
Number of nodes: 23
Student reward: 0.0
Iteration 71/80
Training student with 70880 points
Train accuracy: 0.20774548532731377
Test accuracy: 0.20153781038374718
Number of nodes: 23
Student reward: 0.0
Iteration 72/80
Training student with 71880 points
Train accuracy: 0.20763772954924875
Test accuracy: 0.20346410684474123
Number of nodes: 23
Student reward: 0.0
Iteration 73/80
Training student with 72880 points
Train accuracy: 0.20652099341383096
Test accuracy: 0.20369099890230516
Number of nodes: 23
Student reward: 0.0
Iteration 74/80
Training student with 73880 points
Train accuracy: 0.20738021115322144
Test accuracy: 0.2030319436924743
Number of nodes: 23
Student reward: 0.0
Iteration 75/80
Training student with 74880 points
Train accuracy: 0.20801615918803418
Test accuracy: 0.1987847222222222
Number of nodes: 23
Student reward: 0.0
Iteration 76/80
Training student with 75880 points
Train accuracy: 0.20713626779124933
Test accuracy: 0.20275434897206115
Number of nodes: 23
Student reward: 0.0
Iteration 77/80
Training student with 76880 points
Train accuracy: 0.20754747658688866
Test accuracy: 0.2008324661810614
Number of nodes: 23
Student reward: 0.0
Iteration 78/80
Training student with 77880 points
Train accuracy: 0.20738636363636365
Test accuracy: 0.20313302516692347
Number of nodes: 23
Student reward: 0.0
Iteration 79/80
Training student with 78880 points
Train accuracy: 0.20689655172413793
Test accuracy: 0.20562880324543611
Number of nodes: 23
Student reward: 0.0
Initial policy count: 80
Current policy count: 40
Reward update: 1.0 -> 1.0
Reward update: 1.0 -> 1.0
Reward update: 0.0 -> 0.0
Reward update: 0.0 -> 0.0
Reward update: 0.0 -> 0.0
Reward update: 0.0 -> 0.0
Reward update: 0.0 -> 0.0
Reward update: 0.0 -> 0.0
Reward update: 0.0 -> 0.0
Reward update: 0.0 -> 0.0
Reward update: 0.0 -> 0.0
Reward update: 0.0 -> 0.0
Reward update: 0.0 -> 0.0
Reward update: 0.0 -> 0.0
Reward update: 0.0 -> 0.0
Reward update: 0.0 -> 0.0
Reward update: 0.0 -> 0.0
Reward update: 0.0 -> 0.0
Reward update: 0.0 -> 0.0
Reward update: 0.0 -> 0.0
Reward update: 0.0 -> 0.0
Reward update: 0.0 -> 0.0
Reward update: 0.0 -> 0.0
Reward update: 0.0 -> 0.0
Reward update: 0.0 -> 0.0
Reward update: 0.0 -> 0.0
Reward update: 0.0 -> 0.0
Reward update: 0.0 -> 0.0
Reward update: 0.0 -> 0.0
Reward update: 0.0 -> 0.0
Reward update: 0.0 -> 0.0
Reward update: 0.0 -> 0.0
Reward update: 0.0 -> 0.0
Reward update: 0.0 -> 0.0
Reward update: 0.0 -> 0.0
Reward update: 0.0 -> 0.0
Reward update: 0.0 -> 0.0
Reward update: 0.0 -> 0.0
Reward update: 0.0 -> 0.0
Reward update: 0.0 -> 0.0
Current policy count: 20
Reward update: 1.0 -> 1.0
Reward update: 1.0 -> 1.0
Reward update: 0.0 -> 0.0
Reward update: 0.0 -> 0.0
Reward update: 0.0 -> 0.0
Reward update: 0.0 -> 0.0
Reward update: 0.0 -> 0.0
Reward update: 0.0 -> 0.0
Reward update: 0.0 -> 0.0
Reward update: 0.0 -> 0.0
Reward update: 0.0 -> 0.0
Reward update: 0.0 -> 0.0
Reward update: 0.0 -> 0.0
Reward update: 0.0 -> 0.0
Reward update: 0.0 -> 0.0
Reward update: 0.0 -> 0.0
Reward update: 0.0 -> 0.0
Reward update: 0.0 -> 0.0
Reward update: 0.0 -> 0.0
Reward update: 0.0 -> 0.0
Current policy count: 10
Reward update: 1.0 -> 1.0
Reward update: 1.0 -> 1.0
Reward update: 0.0 -> 0.0
Reward update: 0.0 -> 0.0
Reward update: 0.0 -> 0.0
Reward update: 0.0 -> 0.0
Reward update: 0.0 -> 0.0
Reward update: 0.0 -> 0.0
Reward update: 0.0 -> 0.0
Reward update: 0.0 -> 0.0
Current policy count: 5
Reward update: 1.0 -> 1.0
Reward update: 1.0 -> 1.0
Reward update: 0.0 -> 0.0
Reward update: 0.0 -> 0.0
Reward update: 0.0 -> 0.0
Current policy count: 3
Reward update: 1.0 -> 1.0
Reward update: 1.0 -> 1.0
Reward update: 0.0 -> 0.0
Current policy count: 2
Reward update: 1.0 -> 1.0
Reward update: 1.0 -> 1.0
Current policy count: 1
Reward update: 1.0 -> 1.0
Final reward: 1.0
Number of nodes: 23
