Iteration 0/80
Training student with 1000 points
Train accuracy: 0.2525
Test accuracy: 0.21
Number of nodes: 23
Student reward: 0.0
Iteration 1/80
Training student with 2000 points
Train accuracy: 0.243125
Test accuracy: 0.195
Number of nodes: 23
Student reward: 0.0
Iteration 2/80
Training student with 3000 points
Train accuracy: 0.22041666666666668
Test accuracy: 0.21666666666666667
Number of nodes: 23
Student reward: 0.0
Iteration 3/80
Training student with 4000 points
Train accuracy: 0.2278125
Test accuracy: 0.1775
Number of nodes: 23
Student reward: 0.0
Iteration 4/80
Training student with 5000 points
Train accuracy: 0.21725
Test accuracy: 0.203
Number of nodes: 23
Student reward: 0.0
Iteration 5/80
Training student with 6000 points
Train accuracy: 0.21875
Test accuracy: 0.19
Number of nodes: 23
Student reward: 0.0
Iteration 6/80
Training student with 7000 points
Train accuracy: 0.21642857142857144
Test accuracy: 0.18142857142857144
Number of nodes: 23
Student reward: 0.0
Iteration 7/80
Training student with 8000 points
Train accuracy: 0.21109375
Test accuracy: 0.214375
Number of nodes: 23
Student reward: 0.0
Iteration 8/80
Training student with 9000 points
Train accuracy: 0.2140277777777778
Test accuracy: 0.19777777777777777
Number of nodes: 23
Student reward: 0.0
Iteration 9/80
Training student with 10000 points
Train accuracy: 0.2125
Test accuracy: 0.1935
Number of nodes: 23
Student reward: 0.0
Iteration 10/80
Training student with 11000 points
Train accuracy: 0.21056818181818182
Test accuracy: 0.2
Number of nodes: 23
Student reward: 0.25
Iteration 11/80
Training student with 12000 points
Train accuracy: 0.20864583333333334
Test accuracy: 0.20125
Number of nodes: 23
Student reward: 0.0
Iteration 12/80
Training student with 13000 points
Train accuracy: 0.21326923076923077
Test accuracy: 0.19
Number of nodes: 23
Student reward: 0.0
Iteration 13/80
Training student with 14000 points
Train accuracy: 0.21044642857142856
Test accuracy: 0.19892857142857143
Number of nodes: 23
Student reward: 0.0
Iteration 14/80
Training student with 15000 points
Train accuracy: 0.21083333333333334
Test accuracy: 0.19733333333333333
Number of nodes: 23
Student reward: 0.0
Iteration 15/80
Training student with 16000 points
Train accuracy: 0.21140625
Test accuracy: 0.1953125
Number of nodes: 23
Student reward: 0.0
Iteration 16/80
Training student with 17000 points
Train accuracy: 0.21073529411764705
Test accuracy: 0.1988235294117647
Number of nodes: 23
Student reward: 0.0
Iteration 17/80
Training student with 18000 points
Train accuracy: 0.2103472222222222
Test accuracy: 0.19555555555555557
Number of nodes: 23
Student reward: 0.0
Iteration 18/80
Training student with 19000 points
Train accuracy: 0.20967105263157895
Test accuracy: 0.19815789473684212
Number of nodes: 23
Student reward: 0.0
Iteration 19/80
Training student with 20000 points
Train accuracy: 0.211125
Test accuracy: 0.19075
Number of nodes: 23
Student reward: 0.0
Iteration 20/80
Training student with 21000 points
Train accuracy: 0.20875
Test accuracy: 0.19952380952380952
Number of nodes: 23
Student reward: 0.0
Iteration 21/80
Training student with 22000 points
Train accuracy: 0.21
Test accuracy: 0.19363636363636363
Number of nodes: 23
Student reward: 0.0
Iteration 22/80
Training student with 23000 points
Train accuracy: 0.20940217391304347
Test accuracy: 0.1956521739130435
Number of nodes: 23
Student reward: 0.0
Iteration 23/80
Training student with 24000 points
Train accuracy: 0.21166666666666667
Test accuracy: 0.1925
Number of nodes: 23
Student reward: 0.0
Iteration 24/80
Training student with 25000 points
Train accuracy: 0.20855
Test accuracy: 0.2066
Number of nodes: 23
Student reward: 0.0
Iteration 25/80
Training student with 26000 points
Train accuracy: 0.21004807692307692
Test accuracy: 0.19480769230769232
Number of nodes: 23
Student reward: 0.0
Iteration 26/80
Training student with 27000 points
Train accuracy: 0.20916666666666667
Test accuracy: 0.1998148148148148
Number of nodes: 23
Student reward: 0.0
Iteration 27/80
Training student with 28000 points
Train accuracy: 0.2084375
Test accuracy: 0.19875
Number of nodes: 23
Student reward: 0.0
Iteration 28/80
Training student with 29000 points
Train accuracy: 0.2120258620689655
Test accuracy: 0.19413793103448276
Number of nodes: 23
Student reward: 0.0
Iteration 29/80
Training student with 30000 points
Train accuracy: 0.20816666666666667
Test accuracy: 0.20766666666666667
Number of nodes: 23
Student reward: 1.0
Iteration 30/80
Training student with 30440 points
Train accuracy: 0.21061925098554535
Test accuracy: 0.1976018396846255
Number of nodes: 23
Student reward: 0.0
Iteration 31/80
Training student with 31440 points
Train accuracy: 0.2094863231552163
Test accuracy: 0.20213104325699746
Number of nodes: 23
Student reward: 0.0
Iteration 32/80
Training student with 32440 points
Train accuracy: 0.2091553637484587
Test accuracy: 0.20684340320591862
Number of nodes: 23
Student reward: 0.0
Iteration 33/80
Training student with 33440 points
Train accuracy: 0.21235795454545456
Test accuracy: 0.19527511961722488
Number of nodes: 23
Student reward: 0.0
Iteration 34/80
Training student with 34440 points
Train accuracy: 0.20996660859465738
Test accuracy: 0.2074622531939605
Number of nodes: 23
Student reward: 0.25
Iteration 35/80
Training student with 35440 points
Train accuracy: 0.21109621896162528
Test accuracy: 0.19850451467268623
Number of nodes: 23
Student reward: 0.0
Iteration 36/80
Training student with 36440 points
Train accuracy: 0.21003704720087815
Test accuracy: 0.20252469813391877
Number of nodes: 23
Student reward: 0.0
Iteration 37/80
Training student with 37440 points
Train accuracy: 0.2093349358974359
Test accuracy: 0.20713141025641027
Number of nodes: 23
Student reward: 0.0
Iteration 38/80
Training student with 38440 points
Train accuracy: 0.20883194588969822
Test accuracy: 0.2090270551508845
Number of nodes: 23
Student reward: 0.25
Iteration 39/80
Training student with 39440 points
Train accuracy: 0.20981237322515214
Test accuracy: 0.20537525354969574
Number of nodes: 23
Student reward: 0.0
Iteration 40/80
Training student with 40440 points
Train accuracy: 0.2100952027695351
Test accuracy: 0.2001730959446093
Number of nodes: 23
Student reward: 0.25
Iteration 41/80
Training student with 41440 points
Train accuracy: 0.21003257722007723
Test accuracy: 0.19727316602316602
Number of nodes: 23
Student reward: 0.0
Iteration 42/80
Training student with 42440 points
Train accuracy: 0.20870640904806786
Test accuracy: 0.2069981149858624
Number of nodes: 23
Student reward: 0.25
Iteration 43/80
Training student with 43440 points
Train accuracy: 0.2097145488029466
Test accuracy: 0.20384438305709024
Number of nodes: 23
Student reward: 0.25
Iteration 44/80
Training student with 44440 points
Train accuracy: 0.20952407740774076
Test accuracy: 0.20353285328532852
Number of nodes: 23
Student reward: 0.25
Iteration 45/80
Training student with 45440 points
Train accuracy: 0.2090118838028169
Test accuracy: 0.20576584507042253
Number of nodes: 23
Student reward: 0.25
Iteration 46/80
Training student with 46440 points
Train accuracy: 0.2079834194659776
Test accuracy: 0.20025839793281655
Number of nodes: 23
Student reward: 0.0
Iteration 47/80
Training student with 47440 points
Train accuracy: 0.20929068296795952
Test accuracy: 0.20531197301854975
Number of nodes: 23
Student reward: 0.25
Iteration 48/80
Training student with 48440 points
Train accuracy: 0.2096924029727498
Test accuracy: 0.2018992568125516
Number of nodes: 23
Student reward: 0.25
Iteration 49/80
Training student with 49440 points
Train accuracy: 0.20888956310679613
Test accuracy: 0.2054004854368932
Number of nodes: 23
Student reward: 0.0
Iteration 50/80
Training student with 50440 points
Train accuracy: 0.2091593973037272
Test accuracy: 0.20450039651070578
Number of nodes: 23
Student reward: 0.25
Iteration 51/80
Training student with 51440 points
Train accuracy: 0.20893273716951788
Test accuracy: 0.1999416796267496
Number of nodes: 23
Student reward: 0.0
Iteration 52/80
Training student with 52440 points
Train accuracy: 0.20842868039664378
Test accuracy: 0.20356598016781083
Number of nodes: 23
Student reward: 0.0
Iteration 53/80
Training student with 53440 points
Train accuracy: 0.20862181886227546
Test accuracy: 0.19835329341317365
Number of nodes: 23
Student reward: 0.25
Iteration 54/80
Training student with 54440 points
Train accuracy: 0.20795830271858928
Test accuracy: 0.2045371050698016
Number of nodes: 23
Student reward: 0.0
Iteration 55/80
Training student with 55440 points
Train accuracy: 0.20900974025974026
Test accuracy: 0.2011183261183261
Number of nodes: 23
Student reward: 0.25
Iteration 56/80
Training student with 56440 points
Train accuracy: 0.20772058823529413
Test accuracy: 0.2028703047484054
Number of nodes: 23
Student reward: 0.25
Iteration 57/80
Training student with 57440 points
Train accuracy: 0.20662865598885793
Test accuracy: 0.20717270194986073
Number of nodes: 23
Student reward: 0.25
Iteration 58/80
Training student with 58440 points
Train accuracy: 0.20854722792607802
Test accuracy: 0.195927446954141
Number of nodes: 23
Student reward: 0.0
Iteration 59/80
Training student with 59440 points
Train accuracy: 0.20686827052489906
Test accuracy: 0.20659488559892328
Number of nodes: 23
Student reward: 0.0
Iteration 60/80
Training student with 60440 points
Train accuracy: 0.20799553275976174
Test accuracy: 0.19540039708802118
Number of nodes: 23
Student reward: 0.0
Iteration 61/80
Training student with 61440 points
Train accuracy: 0.20849609375
Test accuracy: 0.197021484375
Number of nodes: 23
Student reward: 0.0
Iteration 62/80
Training student with 62440 points
Train accuracy: 0.20823991031390135
Test accuracy: 0.19386611146700833
Number of nodes: 23
Student reward: 0.0
Iteration 63/80
Training student with 63440 points
Train accuracy: 0.2073218789407314
Test accuracy: 0.20436633039092056
Number of nodes: 23
Student reward: 0.0
Iteration 64/80
Training student with 64440 points
Train accuracy: 0.2065681253879578
Test accuracy: 0.20352265673494724
Number of nodes: 23
Student reward: 0.0
Iteration 65/80
Training student with 65440 points
Train accuracy: 0.20828239608801957
Test accuracy: 0.1986552567237164
Number of nodes: 23
Student reward: 1.0
Iteration 66/80
Training student with 65860 points
Train accuracy: 0.20788414819313697
Test accuracy: 0.19632553902216823
Number of nodes: 23
Student reward: 0.25
Iteration 67/80
Training student with 66860 points
Train accuracy: 0.207130571343105
Test accuracy: 0.20094226742446905
Number of nodes: 23
Student reward: 0.0
Iteration 68/80
Training student with 67860 points
Train accuracy: 0.20634394341290893
Test accuracy: 0.2034335396404362
Number of nodes: 23
Student reward: 0.0
Iteration 69/80
Training student with 68860 points
Train accuracy: 0.20741359279697938
Test accuracy: 0.20214928841126925
Number of nodes: 23
Student reward: 0.0
Iteration 70/80
Training student with 69860 points
Train accuracy: 0.20600128829086745
Test accuracy: 0.20748640137417693
Number of nodes: 23
Student reward: 0.0
Iteration 71/80
Training student with 70860 points
Train accuracy: 0.2070985040925769
Test accuracy: 0.20258255715495344
Number of nodes: 23
Student reward: 0.0
Iteration 72/80
Training student with 71860 points
Train accuracy: 0.20682577233509603
Test accuracy: 0.19941553019760647
Number of nodes: 23
Student reward: 0.0
Iteration 73/80
Training student with 72860 points
Train accuracy: 0.20635465275871534
Test accuracy: 0.2054625308811419
Number of nodes: 23
Student reward: 0.0
Iteration 74/80
Training student with 73860 points
Train accuracy: 0.20670863796371514
Test accuracy: 0.20139453019225562
Number of nodes: 23
Student reward: 0.0
Iteration 75/80
Training student with 74860 points
Train accuracy: 0.20666911568260754
Test accuracy: 0.1995057440555704
Number of nodes: 23
Student reward: 0.0
Iteration 76/80
Training student with 75860 points
Train accuracy: 0.20649881360400738
Test accuracy: 0.20313735829158977
Number of nodes: 23
Student reward: 0.0
Iteration 77/80
Training student with 76860 points
Train accuracy: 0.20690215977101223
Test accuracy: 0.19782721831902159
Number of nodes: 23
Student reward: 0.0
Iteration 78/80
Training student with 77860 points
Train accuracy: 0.20570575391728743
Test accuracy: 0.20588235294117646
Number of nodes: 23
Student reward: 0.0
Iteration 79/80
Training student with 78860 points
Train accuracy: 0.2075989094598022
Test accuracy: 0.19870656860258687
Number of nodes: 23
Student reward: 0.0
Initial policy count: 80
Current policy count: 40
Reward update: 1.0 -> 1.0
Reward update: 1.0 -> 1.0
Reward update: 0.25 -> 0.25
Reward update: 0.25 -> 0.25
Reward update: 0.25 -> 0.25
Reward update: 0.25 -> 0.25
Reward update: 0.25 -> 0.25
Reward update: 0.25 -> 0.25
Reward update: 0.25 -> 0.25
Reward update: 0.25 -> 0.25
Reward update: 0.25 -> 0.25
Reward update: 0.25 -> 0.25
Reward update: 0.25 -> 0.25
Reward update: 0.25 -> 0.25
Reward update: 0.25 -> 0.25
Reward update: 0.25 -> 0.25
Reward update: 0.25 -> 0.25
Reward update: 0.25 -> 0.25
Reward update: 0.0 -> 0.0
Reward update: 0.0 -> 0.0
Reward update: 0.0 -> 0.0
Reward update: 0.0 -> 0.0
Reward update: 0.0 -> 0.0
Reward update: 0.0 -> 0.0
Reward update: 0.0 -> 0.0
Reward update: 0.0 -> 0.0
Reward update: 0.0 -> 0.0
Reward update: 0.0 -> 0.0
Reward update: 0.0 -> 0.0
Reward update: 0.0 -> 0.0
Reward update: 0.0 -> 0.0
Reward update: 0.0 -> 0.0
Reward update: 0.0 -> 0.0
Reward update: 0.0 -> 0.0
Reward update: 0.0 -> 0.0
Reward update: 0.0 -> 0.0
Reward update: 0.0 -> 0.0
Reward update: 0.0 -> 0.0
Reward update: 0.0 -> 0.0
Reward update: 0.0 -> 0.0
Current policy count: 20
Reward update: 1.0 -> 1.0
Reward update: 1.0 -> 1.0
Reward update: 0.25 -> 0.25
Reward update: 0.25 -> 0.25
Reward update: 0.25 -> 0.25
Reward update: 0.25 -> 0.25
Reward update: 0.25 -> 0.25
Reward update: 0.25 -> 0.25
Reward update: 0.25 -> 0.25
Reward update: 0.25 -> 0.25
Reward update: 0.25 -> 0.25
Reward update: 0.25 -> 0.25
Reward update: 0.25 -> 0.25
Reward update: 0.25 -> 0.25
Reward update: 0.25 -> 0.25
Reward update: 0.25 -> 0.25
Reward update: 0.25 -> 0.25
Reward update: 0.25 -> 0.25
Reward update: 0.0 -> 0.0
Reward update: 0.0 -> 0.0
Current policy count: 10
Reward update: 1.0 -> 1.0
Reward update: 1.0 -> 1.0
Reward update: 0.25 -> 0.25
Reward update: 0.25 -> 0.25
Reward update: 0.25 -> 0.25
Reward update: 0.25 -> 0.25
Reward update: 0.25 -> 0.25
Reward update: 0.25 -> 0.25
Reward update: 0.25 -> 0.25
Reward update: 0.25 -> 0.25
Current policy count: 5
Reward update: 1.0 -> 1.0
Reward update: 1.0 -> 1.0
Reward update: 0.25 -> 0.25
Reward update: 0.25 -> 0.25
Reward update: 0.25 -> 0.25
Current policy count: 3
Reward update: 1.0 -> 1.0
Reward update: 1.0 -> 1.0
Reward update: 0.25 -> 0.25
Current policy count: 2
Reward update: 1.0 -> 1.0
Reward update: 1.0 -> 1.0
Current policy count: 1
Reward update: 1.0 -> 1.0
Final reward: 1.0
Number of nodes: 23
