Iteration 0/80
Training student with 1325 points
Train accuracy: 0.8688679245283019
Test accuracy: 0.8867924528301887
Number of nodes: 5
Student reward: 9.7
Iteration 1/80
Training student with 2261 points
Train accuracy: 0.8727876106194691
Test accuracy: 0.891832229580574
Number of nodes: 5
Student reward: 9.9
Iteration 2/80
Training student with 3153 points
Train accuracy: 0.880650277557494
Test accuracy: 0.9049128367670365
Number of nodes: 5
Student reward: 9.1
Iteration 3/80
Training student with 3984 points
Train accuracy: 0.8857860056479447
Test accuracy: 0.877038895859473
Number of nodes: 5
Student reward: 9.5
Iteration 4/80
Training student with 4852 points
Train accuracy: 0.8845658335480546
Test accuracy: 0.874356333676622
Number of nodes: 5
Student reward: 9.2
Iteration 5/80
Training student with 5702 points
Train accuracy: 0.8855514141635606
Test accuracy: 0.8869412795793163
Number of nodes: 5
Student reward: 8.7
Iteration 6/80
Training student with 6514 points
Train accuracy: 0.8846670504701593
Test accuracy: 0.8779739063699156
Number of nodes: 5
Student reward: 8.8
Iteration 7/80
Training student with 7277 points
Train accuracy: 0.8833533757086411
Test accuracy: 0.885989010989011
Number of nodes: 5
Student reward: 9.5
Iteration 8/80
Training student with 8113 points
Train accuracy: 0.8832049306625578
Test accuracy: 0.8872458410351202
Number of nodes: 5
Student reward: 9.9
Iteration 9/80
Training student with 8999 points
Train accuracy: 0.8845673010140297
Test accuracy: 0.8833333333333333
Number of nodes: 5
Student reward: 9.0
Iteration 10/80
Training student with 9812 points
Train accuracy: 0.8830424257867244
Test accuracy: 0.8899643402954661
Number of nodes: 5
Student reward: 9.3
Iteration 11/80
Training student with 10675 points
Train accuracy: 0.8822014051522248
Test accuracy: 0.8936768149882904
Number of nodes: 5
Student reward: 10.3
Iteration 12/80
Training student with 11620 points
Train accuracy: 0.8842512908777969
Test accuracy: 0.8876936316695353
Number of nodes: 5
Student reward: 9.7
Iteration 13/80
Training student with 12467 points
Train accuracy: 0.8848892008422742
Test accuracy: 0.8793103448275862
Number of nodes: 5
Student reward: 9.6
Iteration 14/80
Training student with 13370 points
Train accuracy: 0.8856581899775617
Test accuracy: 0.8818249813014211
Number of nodes: 5
Student reward: 9.5
Iteration 15/80
Training student with 14229 points
Train accuracy: 0.884564701748221
Test accuracy: 0.8861560084328882
Number of nodes: 5
Student reward: 9.3
Iteration 16/80
Training student with 15062 points
Train accuracy: 0.8862146236202174
Test accuracy: 0.8815134417524062
Number of nodes: 5
Student reward: 8.1
Iteration 17/80
Training student with 15812 points
Train accuracy: 0.8877381611194561
Test accuracy: 0.8748024027821688
Number of nodes: 5
Student reward: 10.0
Iteration 18/80
Training student with 16720 points
Train accuracy: 0.8847936602870813
Test accuracy: 0.881877990430622
Number of nodes: 5
Student reward: 11.3
Iteration 19/80
Training student with 17753 points
Train accuracy: 0.883748767779186
Test accuracy: 0.8842579555054914
Number of nodes: 5
Student reward: 9.5
Iteration 20/80
Training student with 18606 points
Train accuracy: 0.8859177640419242
Test accuracy: 0.8766792047286405
Number of nodes: 5
Student reward: 9.3
Iteration 21/80
Training student with 19464 points
Train accuracy: 0.8861987027165885
Test accuracy: 0.8702799897251478
Number of nodes: 5
Student reward: 10.5
Iteration 22/80
Training student with 20387 points
Train accuracy: 0.8823349071065056
Test accuracy: 0.8871996076508092
Number of nodes: 5
Student reward: 10.2
Iteration 23/80
Training student with 21301 points
Train accuracy: 0.8812793427230047
Test accuracy: 0.8878197606195729
Number of nodes: 5
Student reward: 9.9
Iteration 24/80
Training student with 22214 points
Train accuracy: 0.8824489336559563
Test accuracy: 0.8840873283817241
Number of nodes: 5
Student reward: 9.6
Iteration 25/80
Training student with 23129 points
Train accuracy: 0.8820731773225964
Test accuracy: 0.8893212278426286
Number of nodes: 5
Student reward: 9.4
Iteration 26/80
Training student with 23991 points
Train accuracy: 0.8837536473530638
Test accuracy: 0.8808085017712023
Number of nodes: 5
Student reward: 10.4
Iteration 27/80
Training student with 24920 points
Train accuracy: 0.8833266452648475
Test accuracy: 0.8832263242375602
Number of nodes: 5
Student reward: 9.2
Iteration 28/80
Training student with 25722 points
Train accuracy: 0.8860378092044515
Test accuracy: 0.8752186588921282
Number of nodes: 5
Student reward: 10.8
Iteration 29/80
Training student with 26706 points
Train accuracy: 0.8844785620670287
Test accuracy: 0.8792587046050169
Number of nodes: 5
Student reward: 9.0
Iteration 30/80
Training student with 27545 points
Train accuracy: 0.8844617897985115
Test accuracy: 0.8778362679252133
Number of nodes: 5
Student reward: 10.3
Iteration 31/80
Training student with 28440 points
Train accuracy: 0.8836585794655415
Test accuracy: 0.8813291139240507
Number of nodes: 5
Student reward: 9.7
Iteration 32/80
Training student with 29304 points
Train accuracy: 0.8831207609947532
Test accuracy: 0.8856850366831599
Number of nodes: 5
Student reward: 9.1
Iteration 33/80
Training student with 30121 points
Train accuracy: 0.883839641434263
Test accuracy: 0.8829875518672199
Number of nodes: 5
Student reward: 10.3
Iteration 34/80
Training student with 31075 points
Train accuracy: 0.8831858407079646
Test accuracy: 0.8857602574416734
Number of nodes: 5
Student reward: 10.2
Iteration 35/80
Training student with 31953 points
Train accuracy: 0.8840857522885534
Test accuracy: 0.8826474730089188
Number of nodes: 5
Student reward: 10.1
Iteration 36/80
Training student with 32883 points
Train accuracy: 0.8847791378392762
Test accuracy: 0.879732400790634
Number of nodes: 5
Student reward: 10.8
Iteration 37/80
Training student with 33905 points
Train accuracy: 0.8833136705500664
Test accuracy: 0.8873322518802537
Number of nodes: 5
Student reward: 10.1
Iteration 38/80
Training student with 34804 points
Train accuracy: 0.8837768918579176
Test accuracy: 0.8839247234592731
Number of nodes: 5
Student reward: 8.9
Iteration 39/80
Training student with 35639 points
Train accuracy: 0.8835887902914664
Test accuracy: 0.8827160493827161
Number of nodes: 5
Student reward: 8.8
Iteration 40/80
Training student with 36459 points
Train accuracy: 0.8819899201151987
Test accuracy: 0.8907021393307735
Number of nodes: 5
Student reward: 10.0
Iteration 41/80
Training student with 37406 points
Train accuracy: 0.884741344740008
Test accuracy: 0.8794439989307672
Number of nodes: 5
Student reward: 10.4
Iteration 42/80
Training student with 38321 points
Train accuracy: 0.8826657098121086
Test accuracy: 0.8854533594259621
Number of nodes: 5
Student reward: 9.4
Iteration 43/80
Training student with 39145 points
Train accuracy: 0.8837974198492783
Test accuracy: 0.8818495337846468
Number of nodes: 5
Student reward: 8.6
Iteration 44/80
Training student with 39971 points
Train accuracy: 0.8827245434075557
Test accuracy: 0.8863039399624766
Number of nodes: 5
Student reward: 10.0
Iteration 45/80
Training student with 40923 points
Train accuracy: 0.8832243875618547
Test accuracy: 0.8834453268173488
Number of nodes: 5
Student reward: 10.0
Iteration 46/80
Training student with 41833 points
Train accuracy: 0.8819398792804638
Test accuracy: 0.8892076012907852
Number of nodes: 5
Student reward: 11.0
Iteration 47/80
Training student with 42826 points
Train accuracy: 0.8835376532399299
Test accuracy: 0.8833761382208732
Number of nodes: 5
Student reward: 11.1
Iteration 48/80
Training student with 43870 points
Train accuracy: 0.8834340095737406
Test accuracy: 0.8839753818098929
Number of nodes: 5
Student reward: 9.5
Iteration 49/80
Training student with 44756 points
Train accuracy: 0.8855155848508547
Test accuracy: 0.8764521894548705
Number of nodes: 5
Student reward: 8.8
Iteration 50/80
Training student with 45593 points
Train accuracy: 0.8841366452815704
Test accuracy: 0.8812369777387872
Number of nodes: 5
Student reward: 10.5
Iteration 51/80
Training student with 46595 points
Train accuracy: 0.8831687949350788
Test accuracy: 0.8847515827878528
Number of nodes: 5
Student reward: 8.9
Iteration 52/80
Training student with 47410 points
Train accuracy: 0.8839379877662941
Test accuracy: 0.8823033115376503
Number of nodes: 5
Student reward: 10.1
Iteration 53/80
Training student with 48338 points
Train accuracy: 0.8843289371605896
Test accuracy: 0.879809681423252
Number of nodes: 5
Student reward: 9.2
Iteration 54/80
Training student with 49163 points
Train accuracy: 0.8842613780828884
Test accuracy: 0.8798942337028374
Number of nodes: 5
Student reward: 10.4
Iteration 55/80
Training student with 50096 points
Train accuracy: 0.8829723525301927
Test accuracy: 0.8853293413173653
Number of nodes: 5
Student reward: 9.9
Iteration 56/80
Training student with 51033 points
Train accuracy: 0.8826728065448489
Test accuracy: 0.8841971196237876
Number of nodes: 5
Student reward: 12.0
Iteration 57/80
Training student with 52108 points
Train accuracy: 0.8835580290745094
Test accuracy: 0.8788140472078296
Number of nodes: 5
Student reward: 9.0
Iteration 58/80
Training student with 52940 points
Train accuracy: 0.8829571212693615
Test accuracy: 0.8804306762372497
Number of nodes: 5
Student reward: 9.6
Iteration 59/80
Training student with 53817 points
Train accuracy: 0.8823310802963789
Test accuracy: 0.883221850613155
Number of nodes: 5
Student reward: 8.5
Iteration 60/80
Training student with 54617 points
Train accuracy: 0.8825898885404985
Test accuracy: 0.8823690955693885
Number of nodes: 5
Student reward: 9.8
Iteration 61/80
Training student with 55497 points
Train accuracy: 0.8816586706308985
Test accuracy: 0.8835135135135135
Number of nodes: 5
Student reward: 10.9
Iteration 62/80
Training student with 56481 points
Train accuracy: 0.8821928116147308
Test accuracy: 0.8813844383464636
Number of nodes: 5
Student reward: 8.4
Iteration 63/80
Training student with 57243 points
Train accuracy: 0.8824081757435472
Test accuracy: 0.8813870207004979
Number of nodes: 5
Student reward: 9.8
Iteration 64/80
Training student with 58167 points
Train accuracy: 0.8808802355317732
Test accuracy: 0.8876568678012722
Number of nodes: 5
Student reward: 9.8
Iteration 65/80
Training student with 59034 points
Train accuracy: 0.8826306985410888
Test accuracy: 0.8820191411874312
Number of nodes: 5
Student reward: 11.3
Iteration 66/80
Training student with 60068 points
Train accuracy: 0.8826736588005161
Test accuracy: 0.881471616447478
Number of nodes: 5
Student reward: 9.8
Iteration 67/80
Training student with 60941 points
Train accuracy: 0.882158680669511
Test accuracy: 0.8832553942078923
Number of nodes: 5
Student reward: 9.4
Iteration 68/80
Training student with 61779 points
Train accuracy: 0.8832729700746615
Test accuracy: 0.878763353836193
Number of nodes: 5
Student reward: 9.5
Iteration 69/80
Training student with 62658 points
Train accuracy: 0.882316562263097
Test accuracy: 0.8826204915416533
Number of nodes: 5
Student reward: 8.9
Iteration 70/80
Training student with 63434 points
Train accuracy: 0.8818846434271976
Test accuracy: 0.8840545440214392
Number of nodes: 5
Student reward: 10.0
Iteration 71/80
Training student with 64308 points
Train accuracy: 0.8824204019748862
Test accuracy: 0.8808894417664438
Number of nodes: 5
Student reward: 9.1
Iteration 72/80
Training student with 65089 points
Train accuracy: 0.8827562366768451
Test accuracy: 0.87947457366723
Number of nodes: 5
Student reward: 7.8
Iteration 73/80
Training student with 65792 points
Train accuracy: 0.8811012102673228
Test accuracy: 0.8846416900980317
Number of nodes: 5
Student reward: 12.4
Iteration 74/80
Training student with 66885 points
Train accuracy: 0.8815130447783509
Test accuracy: 0.8838304552590267
Number of nodes: 5
Student reward: 10.0
Iteration 75/80
Training student with 67770 points
Train accuracy: 0.8818983325955437
Test accuracy: 0.8812896561900546
Number of nodes: 5
Student reward: 11.1
Iteration 76/80
Training student with 68791 points
Train accuracy: 0.8809056548916994
Test accuracy: 0.884729994912421
Number of nodes: 5
Student reward: 9.7
Iteration 77/80
Training student with 69661 points
Train accuracy: 0.8820162216480046
Test accuracy: 0.8805713055336252
Number of nodes: 5
Student reward: 9.9
Iteration 78/80
Training student with 70560 points
Train accuracy: 0.8819444444444444
Test accuracy: 0.8806689342403629
Number of nodes: 5
Student reward: 10.9
Iteration 79/80
Training student with 71545 points
Train accuracy: 0.8801803061010552
Test accuracy: 0.8866447690264868
Number of nodes: 5
Student reward: 8.3
Initial policy count: 80
Current policy count: 40
Reward update: 12.4 -> 9.22
Reward update: 12.0 -> 10.06
Reward update: 11.3 -> 9.0
Reward update: 11.3 -> 9.08
Reward update: 11.1 -> 9.44
Reward update: 11.1 -> 9.64
Reward update: 11.0 -> 9.34
Reward update: 10.9 -> 9.9
Reward update: 10.9 -> 9.56
Reward update: 10.8 -> 9.86
Reward update: 10.8 -> 10.26
Reward update: 10.5 -> 10.18
Reward update: 10.5 -> 8.94
Reward update: 10.4 -> 9.78
Reward update: 10.4 -> 9.7
Reward update: 10.4 -> 9.22
Reward update: 10.3 -> 9.5
Reward update: 10.3 -> 9.24
Reward update: 10.3 -> 9.72
Reward update: 10.2 -> 9.34
Reward update: 10.2 -> 9.22
Reward update: 10.1 -> 9.3
Reward update: 10.1 -> 8.84
Reward update: 10.1 -> 9.6
Reward update: 10.0 -> 9.14
Reward update: 10.0 -> 8.92
Reward update: 10.0 -> 10.16
Reward update: 10.0 -> 9.46
Reward update: 10.0 -> 9.96
Reward update: 10.0 -> 9.18
Reward update: 9.9 -> 9.3
Reward update: 9.9 -> 9.64
Reward update: 9.9 -> 9.74
Reward update: 9.9 -> 8.96
Reward update: 9.9 -> 8.94
Reward update: 9.8 -> 9.08
Reward update: 9.8 -> 8.8
Reward update: 9.8 -> 9.04
Reward update: 9.8 -> 10.4
Reward update: 9.7 -> 10.26
Current policy count: 20
Reward update: 10.4 -> 9.76
Reward update: 10.26 -> 9.42
Reward update: 10.26 -> 9.76
Reward update: 10.18 -> 9.36
Reward update: 10.16 -> 9.64
Reward update: 10.06 -> 9.88
Reward update: 9.96 -> 10.14
Reward update: 9.9 -> 9.02
Reward update: 9.86 -> 9.6
Reward update: 9.78 -> 9.62
Reward update: 9.74 -> 9.84
Reward update: 9.72 -> 9.36
Reward update: 9.7 -> 9.16
Reward update: 9.64 -> 9.12
Reward update: 9.64 -> 9.74
Reward update: 9.6 -> 9.58
Reward update: 9.56 -> 9.64
Reward update: 9.5 -> 9.54
Reward update: 9.46 -> 9.88
Reward update: 9.44 -> 9.22
Current policy count: 10
Reward update: 10.14 -> 9.6
Reward update: 9.88 -> 10.06
Reward update: 9.88 -> 9.3
Reward update: 9.84 -> 9.24
Reward update: 9.76 -> 8.98
Reward update: 9.76 -> 10.12
Reward update: 9.74 -> 9.48
Reward update: 9.64 -> 9.96
Reward update: 9.64 -> 9.26
Reward update: 9.62 -> 9.48
Current policy count: 5
Reward update: 10.12 -> 8.78
Reward update: 10.06 -> 10.12
Reward update: 9.96 -> 9.72
Reward update: 9.6 -> 9.92
Reward update: 9.48 -> 9.36
Current policy count: 3
Reward update: 10.12 -> 8.92
Reward update: 9.92 -> 9.9
Reward update: 9.72 -> 9.8
Current policy count: 2
Reward update: 9.9 -> 9.36
Reward update: 9.8 -> 9.48
Current policy count: 1
Reward update: 9.48 -> 9.62
Final reward: 9.32
Number of nodes: 5
