Iteration 0/80
Training student with 3000 points
Train accuracy: 0.2733333333333333
Test accuracy: 0.30833333333333335
Number of nodes: 31
Student reward: 0.0
Iteration 1/80
Training student with 6000 points
Train accuracy: 0.28791666666666665
Test accuracy: 0.2833333333333333
Number of nodes: 31
Student reward: 0.0
Iteration 2/80
Training student with 9000 points
Train accuracy: 0.295
Test accuracy: 0.2816666666666667
Number of nodes: 31
Student reward: 0.0
Iteration 3/80
Training student with 12000 points
Train accuracy: 0.2925
Test accuracy: 0.28125
Number of nodes: 31
Student reward: 0.0
Iteration 4/80
Training student with 15000 points
Train accuracy: 0.2725
Test accuracy: 0.276
Number of nodes: 31
Student reward: 0.0
Iteration 5/80
Training student with 18000 points
Train accuracy: 0.27965277777777775
Test accuracy: 0.2783333333333333
Number of nodes: 31
Student reward: 0.0
Iteration 6/80
Training student with 21000 points
Train accuracy: 0.2800595238095238
Test accuracy: 0.2673809523809524
Number of nodes: 31
Student reward: 0.0
Iteration 7/80
Training student with 24000 points
Train accuracy: 0.28072916666666664
Test accuracy: 0.2760416666666667
Number of nodes: 31
Student reward: 0.0
Iteration 8/80
Training student with 27000 points
Train accuracy: 0.27569444444444446
Test accuracy: 0.2775925925925926
Number of nodes: 31
Student reward: 0.0
Iteration 9/80
Training student with 30000 points
Train accuracy: 0.27779166666666666
Test accuracy: 0.27466666666666667
Number of nodes: 31
Student reward: 0.0
Iteration 10/80
Training student with 33000 points
Train accuracy: 0.27867424242424244
Test accuracy: 0.2684848484848485
Number of nodes: 31
Student reward: 0.0
Iteration 11/80
Training student with 36000 points
Train accuracy: 0.27163194444444444
Test accuracy: 0.27569444444444446
Number of nodes: 31
Student reward: 0.0
Iteration 12/80
Training student with 39000 points
Train accuracy: 0.2705128205128205
Test accuracy: 0.2775641025641026
Number of nodes: 31
Student reward: 0.0
Iteration 13/80
Training student with 42000 points
Train accuracy: 0.27422619047619046
Test accuracy: 0.2723809523809524
Number of nodes: 31
Student reward: 0.0
Iteration 14/80
Training student with 45000 points
Train accuracy: 0.271
Test accuracy: 0.27455555555555555
Number of nodes: 31
Student reward: 0.0
Iteration 15/80
Training student with 48000 points
Train accuracy: 0.2766927083333333
Test accuracy: 0.27447916666666666
Number of nodes: 31
Student reward: 0.0
Iteration 16/80
Training student with 51000 points
Train accuracy: 0.27318627450980393
Test accuracy: 0.27627450980392154
Number of nodes: 31
Student reward: 0.0
Iteration 17/80
Training student with 54000 points
Train accuracy: 0.2768287037037037
Test accuracy: 0.2791666666666667
Number of nodes: 31
Student reward: 0.0
Iteration 18/80
Training student with 57000 points
Train accuracy: 0.27598684210526314
Test accuracy: 0.2767543859649123
Number of nodes: 31
Student reward: 0.0
Iteration 19/80
Training student with 60000 points
Train accuracy: 0.2743125
Test accuracy: 0.27691666666666664
Number of nodes: 31
Student reward: 0.0
Iteration 20/80
Training student with 63000 points
Train accuracy: 0.274484126984127
Test accuracy: 0.2756349206349206
Number of nodes: 31
Student reward: 0.0
Iteration 21/80
Training student with 66000 points
Train accuracy: 0.2728219696969697
Test accuracy: 0.2740909090909091
Number of nodes: 31
Student reward: 0.0
Iteration 22/80
Training student with 69000 points
Train accuracy: 0.2753985507246377
Test accuracy: 0.2688405797101449
Number of nodes: 31
Student reward: 0.0
Iteration 23/80
Training student with 72000 points
Train accuracy: 0.2746354166666667
Test accuracy: 0.26625
Number of nodes: 31
Student reward: 0.0
Iteration 24/80
Training student with 75000 points
Train accuracy: 0.27575
Test accuracy: 0.2789333333333333
Number of nodes: 31
Student reward: 0.0
Iteration 25/80
Training student with 78000 points
Train accuracy: 0.272275641025641
Test accuracy: 0.2769871794871795
Number of nodes: 31
Student reward: 0.0
Iteration 26/80
Training student with 81000 points
Train accuracy: 0.27464506172839503
Test accuracy: 0.2674074074074074
Number of nodes: 31
Student reward: 0.0
Iteration 27/80
Training student with 84000 points
Train accuracy: 0.274702380952381
Test accuracy: 0.2775595238095238
Number of nodes: 31
Student reward: 0.0
Iteration 28/80
Training student with 87000 points
Train accuracy: 0.2748419540229885
Test accuracy: 0.2762643678160919
Number of nodes: 31
Student reward: 0.0
Iteration 29/80
Training student with 90000 points
Train accuracy: 0.2747222222222222
Test accuracy: 0.2787777777777778
Number of nodes: 31
Student reward: 0.0
Iteration 30/80
Training student with 93000 points
Train accuracy: 0.272741935483871
Test accuracy: 0.27182795698924733
Number of nodes: 31
Student reward: 0.0
Iteration 31/80
Training student with 96000 points
Train accuracy: 0.2777734375
Test accuracy: 0.27151041666666664
Number of nodes: 31
Student reward: 0.0
Iteration 32/80
Training student with 99000 points
Train accuracy: 0.2730429292929293
Test accuracy: 0.27414141414141413
Number of nodes: 31
Student reward: 0.0
Iteration 33/80
Training student with 102000 points
Train accuracy: 0.27420343137254904
Test accuracy: 0.2767156862745098
Number of nodes: 31
Student reward: 0.0
Iteration 34/80
Training student with 105000 points
Train accuracy: 0.2766904761904762
Test accuracy: 0.2726190476190476
Number of nodes: 31
Student reward: 0.0
Iteration 35/80
Training student with 108000 points
Train accuracy: 0.27056712962962964
Test accuracy: 0.2709722222222222
Number of nodes: 31
Student reward: 0.0
Iteration 36/80
Training student with 111000 points
Train accuracy: 0.2743581081081081
Test accuracy: 0.27225225225225225
Number of nodes: 31
Student reward: 0.0
Iteration 37/80
Training student with 114000 points
Train accuracy: 0.27364035087719296
Test accuracy: 0.2702631578947368
Number of nodes: 31
Student reward: 0.0
Iteration 38/80
Training student with 117000 points
Train accuracy: 0.2754380341880342
Test accuracy: 0.27371794871794874
Number of nodes: 31
Student reward: 0.0
Iteration 39/80
Training student with 120000 points
Train accuracy: 0.27316666666666667
Test accuracy: 0.2778333333333333
Number of nodes: 31
Student reward: 0.0
Iteration 40/80
Training student with 123000 points
Train accuracy: 0.2759247967479675
Test accuracy: 0.2756910569105691
Number of nodes: 31
Student reward: 0.0
Iteration 41/80
Training student with 126000 points
Train accuracy: 0.2741369047619048
Test accuracy: 0.27825396825396825
Number of nodes: 31
Student reward: 0.0
Iteration 42/80
Training student with 129000 points
Train accuracy: 0.27373062015503874
Test accuracy: 0.2728294573643411
Number of nodes: 31
Student reward: 0.0
Iteration 43/80
Training student with 132000 points
Train accuracy: 0.273844696969697
Test accuracy: 0.2787121212121212
Number of nodes: 31
Student reward: 0.0
Iteration 44/80
Training student with 135000 points
Train accuracy: 0.2739814814814815
Test accuracy: 0.2733333333333333
Number of nodes: 31
Student reward: 0.0
Iteration 45/80
Training student with 138000 points
Train accuracy: 0.27643115942028984
Test accuracy: 0.2734782608695652
Number of nodes: 31
Student reward: 0.0
Iteration 46/80
Training student with 141000 points
Train accuracy: 0.2763918439716312
Test accuracy: 0.27358156028368796
Number of nodes: 31
Student reward: 0.0
Iteration 47/80
Training student with 144000 points
Train accuracy: 0.2769357638888889
Test accuracy: 0.27149305555555553
Number of nodes: 31
Student reward: 0.0
Iteration 48/80
Training student with 147000 points
Train accuracy: 0.27339285714285716
Test accuracy: 0.273843537414966
Number of nodes: 31
Student reward: 0.0
Iteration 49/80
Training student with 150000 points
Train accuracy: 0.27405
Test accuracy: 0.2748333333333333
Number of nodes: 31
Student reward: 0.0
Iteration 50/80
Training student with 153000 points
Train accuracy: 0.2758578431372549
Test accuracy: 0.27830065359477124
Number of nodes: 31
Student reward: 0.0
Iteration 51/80
Training student with 156000 points
Train accuracy: 0.2740705128205128
Test accuracy: 0.2746474358974359
Number of nodes: 31
Student reward: 0.0
Iteration 52/80
Training student with 159000 points
Train accuracy: 0.2727437106918239
Test accuracy: 0.269685534591195
Number of nodes: 31
Student reward: 0.0
Iteration 53/80
Training student with 162000 points
Train accuracy: 0.2742206790123457
Test accuracy: 0.27490740740740743
Number of nodes: 31
Student reward: 0.0
Iteration 54/80
Training student with 165000 points
Train accuracy: 0.2741439393939394
Test accuracy: 0.27066666666666667
Number of nodes: 31
Student reward: 0.0
Iteration 55/80
Training student with 168000 points
Train accuracy: 0.2746651785714286
Test accuracy: 0.2774107142857143
Number of nodes: 31
Student reward: 0.0
Iteration 56/80
Training student with 171000 points
Train accuracy: 0.27519005847953215
Test accuracy: 0.2707894736842105
Number of nodes: 31
Student reward: 0.0
Iteration 57/80
Training student with 174000 points
Train accuracy: 0.27327586206896554
Test accuracy: 0.2758333333333333
Number of nodes: 31
Student reward: 0.0
Iteration 58/80
Training student with 177000 points
Train accuracy: 0.2732485875706215
Test accuracy: 0.27166666666666667
Number of nodes: 31
Student reward: 0.0
Iteration 59/80
Training student with 180000 points
Train accuracy: 0.27313194444444444
Test accuracy: 0.2718888888888889
Number of nodes: 31
Student reward: 0.0
Iteration 60/80
Training student with 183000 points
Train accuracy: 0.2746243169398907
Test accuracy: 0.2744808743169399
Number of nodes: 31
Student reward: 0.0
Iteration 61/80
Training student with 186000 points
Train accuracy: 0.27487903225806454
Test accuracy: 0.2737096774193548
Number of nodes: 31
Student reward: 0.0
Iteration 62/80
Training student with 189000 points
Train accuracy: 0.2727910052910053
Test accuracy: 0.2731216931216931
Number of nodes: 31
Student reward: 0.0
Iteration 63/80
Training student with 192000 points
Train accuracy: 0.27466796875
Test accuracy: 0.2694270833333333
Number of nodes: 31
Student reward: 0.0
Iteration 64/80
Training student with 195000 points
Train accuracy: 0.2739423076923077
Test accuracy: 0.27415384615384614
Number of nodes: 31
Student reward: 0.0
Iteration 65/80
Training student with 198000 points
Train accuracy: 0.2721780303030303
Test accuracy: 0.276010101010101
Number of nodes: 31
Student reward: 0.0
Iteration 66/80
Training student with 200000 points
Train accuracy: 0.2737
Test accuracy: 0.273325
Number of nodes: 31
Student reward: 0.0
Iteration 67/80
Training student with 200000 points
Train accuracy: 0.27415
Test accuracy: 0.2776
Number of nodes: 31
Student reward: 0.0
Iteration 68/80
Training student with 200000 points
Train accuracy: 0.27344375
Test accuracy: 0.271375
Number of nodes: 31
Student reward: 0.0
Iteration 69/80
Training student with 200000 points
Train accuracy: 0.274425
Test accuracy: 0.2752
Number of nodes: 31
Student reward: 0.0
Iteration 70/80
Training student with 200000 points
Train accuracy: 0.2741
Test accuracy: 0.275475
Number of nodes: 31
Student reward: 0.0
Iteration 71/80
Training student with 200000 points
Train accuracy: 0.2745875
Test accuracy: 0.2727
Number of nodes: 31
Student reward: 0.0
Iteration 72/80
Training student with 200000 points
Train accuracy: 0.27186875
Test accuracy: 0.272325
Number of nodes: 31
Student reward: 0.0
Iteration 73/80
Training student with 200000 points
Train accuracy: 0.2747
Test accuracy: 0.273975
Number of nodes: 31
Student reward: 0.0
Iteration 74/80
Training student with 200000 points
Train accuracy: 0.27365625
Test accuracy: 0.276625
Number of nodes: 31
Student reward: 0.0
Iteration 75/80
Training student with 200000 points
Train accuracy: 0.27350625
Test accuracy: 0.274475
Number of nodes: 31
Student reward: 0.0
Iteration 76/80
Training student with 200000 points
Train accuracy: 0.27378125
Test accuracy: 0.274125
Number of nodes: 31
Student reward: 0.0
Iteration 77/80
Training student with 200000 points
Train accuracy: 0.27425625
Test accuracy: 0.271325
Number of nodes: 31
Student reward: 0.0
Iteration 78/80
Training student with 200000 points
Train accuracy: 0.2762625
Test accuracy: 0.274575
Number of nodes: 31
Student reward: 0.0
Iteration 79/80
Training student with 200000 points
Train accuracy: 0.27373125
Test accuracy: 0.276225
Number of nodes: 31
Student reward: 0.0
Initial policy count: 80
Current policy count: 40
Reward update: 0.0 -> 0.0
Reward update: 0.0 -> 0.0
Reward update: 0.0 -> 0.0
Reward update: 0.0 -> 0.0
Reward update: 0.0 -> 0.0
Reward update: 0.0 -> 0.0
Reward update: 0.0 -> 0.0
Reward update: 0.0 -> 0.0
Reward update: 0.0 -> 0.0
Reward update: 0.0 -> 0.0
Reward update: 0.0 -> 0.0
Reward update: 0.0 -> 0.0
Reward update: 0.0 -> 0.0
Reward update: 0.0 -> 0.0
Reward update: 0.0 -> 0.0
Reward update: 0.0 -> 0.0
Reward update: 0.0 -> 0.0
Reward update: 0.0 -> 0.0
Reward update: 0.0 -> 0.0
Reward update: 0.0 -> 0.0
Reward update: 0.0 -> 0.0
Reward update: 0.0 -> 0.0
Reward update: 0.0 -> 0.0
Reward update: 0.0 -> 0.0
Reward update: 0.0 -> 0.0
Reward update: 0.0 -> 0.0
Reward update: 0.0 -> 0.0
Reward update: 0.0 -> 0.0
Reward update: 0.0 -> 0.0
Reward update: 0.0 -> 0.0
Reward update: 0.0 -> 0.0
Reward update: 0.0 -> 0.0
Reward update: 0.0 -> 0.0
Reward update: 0.0 -> 0.0
Reward update: 0.0 -> 0.0
Reward update: 0.0 -> 0.0
Reward update: 0.0 -> 0.0
Reward update: 0.0 -> 0.0
Reward update: 0.0 -> 0.0
Reward update: 0.0 -> 0.0
Current policy count: 20
Reward update: 0.0 -> 0.0
Reward update: 0.0 -> 0.0
Reward update: 0.0 -> 0.0
Reward update: 0.0 -> 0.0
Reward update: 0.0 -> 0.0
Reward update: 0.0 -> 0.0
Reward update: 0.0 -> 0.0
Reward update: 0.0 -> 0.0
Reward update: 0.0 -> 0.0
Reward update: 0.0 -> 0.0
Reward update: 0.0 -> 0.0
Reward update: 0.0 -> 0.0
Reward update: 0.0 -> 0.0
Reward update: 0.0 -> 0.0
Reward update: 0.0 -> 0.0
Reward update: 0.0 -> 0.0
Reward update: 0.0 -> 0.0
Reward update: 0.0 -> 0.0
Reward update: 0.0 -> 0.0
Reward update: 0.0 -> 0.0
Current policy count: 10
Reward update: 0.0 -> 0.0
Reward update: 0.0 -> 0.0
Reward update: 0.0 -> 0.0
Reward update: 0.0 -> 0.0
Reward update: 0.0 -> 0.0
Reward update: 0.0 -> 0.0
Reward update: 0.0 -> 0.0
Reward update: 0.0 -> 0.0
Reward update: 0.0 -> 0.0
Reward update: 0.0 -> 0.0
Current policy count: 5
Reward update: 0.0 -> 0.0
Reward update: 0.0 -> 0.0
Reward update: 0.0 -> 0.0
Reward update: 0.0 -> 0.0
Reward update: 0.0 -> 0.0
Current policy count: 3
Reward update: 0.0 -> 0.0
Reward update: 0.0 -> 0.0
Reward update: 0.0 -> 0.0
Current policy count: 2
Reward update: 0.0 -> 0.0
Reward update: 0.0 -> 0.0
Current policy count: 1
Reward update: 0.0 -> 0.0
Final reward: 0.0
Number of nodes: 31
