Iteration 0/80
Training student with 91 points
Train accuracy: 1.0
Test accuracy: 1.0
Number of nodes: 1
Student reward: 197.7989288330078
Iteration 1/80
Training student with 207 points
Train accuracy: 0.9878787878787879
Test accuracy: 0.9047619047619048
Number of nodes: 1
Student reward: 127.75418243408203
Iteration 2/80
Training student with 314 points
Train accuracy: 0.9880478087649402
Test accuracy: 1.0
Number of nodes: 1
Student reward: 182.09006958007814
Iteration 3/80
Training student with 428 points
Train accuracy: 0.97953216374269
Test accuracy: 1.0
Number of nodes: 1
Student reward: 108.10709686279297
Iteration 4/80
Training student with 530 points
Train accuracy: 0.9811320754716981
Test accuracy: 0.9811320754716981
Number of nodes: 1
Student reward: 208.1280075073242
Iteration 5/80
Training student with 647 points
Train accuracy: 0.9845261121856866
Test accuracy: 1.0
Number of nodes: 1
Student reward: 111.44419708251954
Iteration 6/80
Training student with 742 points
Train accuracy: 0.9814502529510961
Test accuracy: 0.9798657718120806
Number of nodes: 1
Student reward: 178.04608306884765
Iteration 7/80
Training student with 849 points
Train accuracy: 0.9911634756995582
Test accuracy: 1.0
Number of nodes: 1
Student reward: 157.44644622802736
Iteration 8/80
Training student with 965 points
Train accuracy: 0.9844559585492227
Test accuracy: 0.9844559585492227
Number of nodes: 1
Student reward: 179.88695526123047
Iteration 9/80
Training student with 1080 points
Train accuracy: 0.9930555555555556
Test accuracy: 0.9907407407407407
Number of nodes: 1
Student reward: 141.75332641601562
Iteration 10/80
Training student with 1186 points
Train accuracy: 0.9852320675105485
Test accuracy: 0.9915966386554622
Number of nodes: 1
Student reward: 159.5858627319336
Iteration 11/80
Training student with 1302 points
Train accuracy: 0.9827089337175793
Test accuracy: 0.9923371647509579
Number of nodes: 1
Student reward: 96.4796356201172
Iteration 12/80
Training student with 1402 points
Train accuracy: 0.9812667261373773
Test accuracy: 0.9893238434163701
Number of nodes: 1
Student reward: 146.7320098876953
Iteration 13/80
Training student with 1515 points
Train accuracy: 0.990924092409241
Test accuracy: 0.9834983498349835
Number of nodes: 1
Student reward: 163.722216796875
Iteration 14/80
Training student with 1628 points
Train accuracy: 0.9869431643625192
Test accuracy: 0.9846625766871165
Number of nodes: 1
Student reward: 170.50523681640624
Iteration 15/80
Training student with 1735 points
Train accuracy: 0.9863112391930836
Test accuracy: 0.9827089337175793
Number of nodes: 1
Student reward: 122.69314727783203
Iteration 16/80
Training student with 1837 points
Train accuracy: 0.9863852961198094
Test accuracy: 0.9864130434782609
Number of nodes: 1
Student reward: 126.85851440429687
Iteration 17/80
Training student with 1941 points
Train accuracy: 0.9845360824742269
Test accuracy: 0.9922879177377892
Number of nodes: 1
Student reward: 117.00700225830079
Iteration 18/80
Training student with 2042 points
Train accuracy: 0.9859154929577465
Test accuracy: 0.9926650366748166
Number of nodes: 1
Student reward: 137.76030426025392
Iteration 19/80
Training student with 2144 points
Train accuracy: 0.9842565597667638
Test accuracy: 0.9813519813519813
Number of nodes: 1
Student reward: 160.8193801879883
Iteration 20/80
Training student with 2258 points
Train accuracy: 0.9878183831672204
Test accuracy: 0.9911504424778761
Number of nodes: 1
Student reward: 105.88372802734375
Iteration 21/80
Training student with 2353 points
Train accuracy: 0.9845908607863975
Test accuracy: 0.9936305732484076
Number of nodes: 1
Student reward: 166.93955841064454
Iteration 22/80
Training student with 2468 points
Train accuracy: 0.9918946301925026
Test accuracy: 0.9919028340080972
Number of nodes: 1
Student reward: 121.63262939453125
Iteration 23/80
Training student with 2569 points
Train accuracy: 0.9883211678832117
Test accuracy: 0.9844357976653697
Number of nodes: 1
Student reward: 154.05436096191406
Iteration 24/80
Training student with 2677 points
Train accuracy: 0.9869219990658571
Test accuracy: 0.9888059701492538
Number of nodes: 1
Student reward: 143.2511413574219
Iteration 25/80
Training student with 2777 points
Train accuracy: 0.9842413327330032
Test accuracy: 0.9892086330935251
Number of nodes: 1
Student reward: 168.46857452392578
Iteration 26/80
Training student with 2892 points
Train accuracy: 0.9874621703415478
Test accuracy: 0.9913644214162349
Number of nodes: 1
Student reward: 239.9867736816406
Iteration 27/80
Training student with 3025 points
Train accuracy: 0.9884297520661157
Test accuracy: 0.9785123966942149
Number of nodes: 1
Student reward: 56.289894104003906
Iteration 28/80
Training student with 3116 points
Train accuracy: 0.9879614767255217
Test accuracy: 0.9855769230769231
Number of nodes: 1
Student reward: 105.39674377441406
Iteration 29/80
Training student with 3212 points
Train accuracy: 0.9871545348384585
Test accuracy: 0.9906687402799378
Number of nodes: 1
Student reward: 146.5509475708008
Iteration 30/80
Training student with 3318 points
Train accuracy: 0.9883195177091183
Test accuracy: 0.9909638554216867
Number of nodes: 1
Student reward: 166.51789398193358
Iteration 31/80
Training student with 3430 points
Train accuracy: 0.9927113702623906
Test accuracy: 0.9912536443148688
Number of nodes: 1
Student reward: 180.31814575195312
Iteration 32/80
Training student with 3548 points
Train accuracy: 0.9876673713883016
Test accuracy: 0.9816901408450704
Number of nodes: 1
Student reward: 153.8276138305664
Iteration 33/80
Training student with 3650 points
Train accuracy: 0.9897260273972602
Test accuracy: 0.9712328767123287
Number of nodes: 1
Student reward: 160.38121337890624
Iteration 34/80
Training student with 3766 points
Train accuracy: 0.9900398406374502
Test accuracy: 0.9893899204244032
Number of nodes: 1
Student reward: 188.21395111083984
Iteration 35/80
Training student with 3884 points
Train accuracy: 0.9858384293530738
Test accuracy: 0.9871299871299871
Number of nodes: 1
Student reward: 183.79781341552734
Iteration 36/80
Training student with 4001 points
Train accuracy: 0.9859375
Test accuracy: 0.9900124843945068
Number of nodes: 1
Student reward: 185.24449157714844
Iteration 37/80
Training student with 4112 points
Train accuracy: 0.9832775919732442
Test accuracy: 0.9878493317132442
Number of nodes: 1
Student reward: 135.3901336669922
Iteration 38/80
Training student with 4218 points
Train accuracy: 0.9866627148784826
Test accuracy: 0.9881516587677726
Number of nodes: 1
Student reward: 135.15707702636718
Iteration 39/80
Training student with 4323 points
Train accuracy: 0.9869866975130133
Test accuracy: 0.9815028901734104
Number of nodes: 1
Student reward: 88.47188568115234
Iteration 40/80
Training student with 4418 points
Train accuracy: 0.9878324844368988
Test accuracy: 0.9898190045248869
Number of nodes: 1
Student reward: 183.46957397460938
Iteration 41/80
Training student with 4535 points
Train accuracy: 0.99090407938258
Test accuracy: 0.9911797133406836
Number of nodes: 1
Student reward: 156.02350769042968
Iteration 42/80
Training student with 4642 points
Train accuracy: 0.9897656881228117
Test accuracy: 0.9881593110871906
Number of nodes: 1
Student reward: 98.23151397705078
Iteration 43/80
Training student with 4747 points
Train accuracy: 0.9878851725046089
Test accuracy: 0.991578947368421
Number of nodes: 1
Student reward: 134.89044494628905
Iteration 44/80
Training student with 4853 points
Train accuracy: 0.9866048428645028
Test accuracy: 0.9907312049433573
Number of nodes: 1
Student reward: 138.04889221191405
Iteration 45/80
Training student with 4962 points
Train accuracy: 0.9886621315192744
Test accuracy: 0.9859013091641491
Number of nodes: 1
Student reward: 141.29031829833986
Iteration 46/80
Training student with 5065 points
Train accuracy: 0.9871668311944719
Test accuracy: 0.9921026653504442
Number of nodes: 1
Student reward: 166.32552795410157
Iteration 47/80
Training student with 5175 points
Train accuracy: 0.9891304347826086
Test accuracy: 0.9893719806763285
Number of nodes: 1
Student reward: 181.71369323730468
Iteration 48/80
Training student with 5287 points
Train accuracy: 0.9888862615275479
Test accuracy: 0.9848771266540642
Number of nodes: 1
Student reward: 72.29864654541015
Iteration 49/80
Training student with 5377 points
Train accuracy: 0.9879097884212974
Test accuracy: 0.9860594795539034
Number of nodes: 1
Student reward: 186.2020278930664
Iteration 50/80
Training student with 5492 points
Train accuracy: 0.9893011609378557
Test accuracy: 0.991810737033667
Number of nodes: 1
Student reward: 136.30787353515626
Iteration 51/80
Training student with 5594 points
Train accuracy: 0.9868156424581006
Test accuracy: 0.9892761394101877
Number of nodes: 1
Student reward: 138.83128967285157
Iteration 52/80
Training student with 5695 points
Train accuracy: 0.9877085162423178
Test accuracy: 0.9868305531167691
Number of nodes: 1
Student reward: 159.03253479003905
Iteration 53/80
Training student with 5795 points
Train accuracy: 0.9868421052631579
Test accuracy: 0.9853321829163072
Number of nodes: 1
Student reward: 206.66856231689454
Iteration 54/80
Training student with 5919 points
Train accuracy: 0.9917634635691658
Test accuracy: 0.987331081081081
Number of nodes: 1
Student reward: 144.7248779296875
Iteration 55/80
Training student with 6022 points
Train accuracy: 0.9896200954951214
Test accuracy: 0.9908713692946058
Number of nodes: 1
Student reward: 111.84281311035156
Iteration 56/80
Training student with 6120 points
Train accuracy: 0.9895833333333334
Test accuracy: 0.9844771241830066
Number of nodes: 1
Student reward: 135.0159439086914
Iteration 57/80
Training student with 6229 points
Train accuracy: 0.9883604254465181
Test accuracy: 0.9887640449438202
Number of nodes: 1
Student reward: 51.38532257080078
Iteration 58/80
Training student with 6312 points
Train accuracy: 0.9875222816399287
Test accuracy: 0.9904988123515439
Number of nodes: 1
Student reward: 203.6085662841797
Iteration 59/80
Training student with 6435 points
Train accuracy: 0.9879564879564879
Test accuracy: 0.9829059829059829
Number of nodes: 1
Student reward: 139.41589965820313
Iteration 60/80
Training student with 6540 points
Train accuracy: 0.9887232415902141
Test accuracy: 0.9900611620795107
Number of nodes: 1
Student reward: 124.79689331054688
Iteration 61/80
Training student with 6642 points
Train accuracy: 0.9862601166948993
Test accuracy: 0.9879608728367193
Number of nodes: 1
Student reward: 136.27731475830078
Iteration 62/80
Training student with 6750 points
Train accuracy: 0.9881481481481481
Test accuracy: 0.9896296296296296
Number of nodes: 1
Student reward: 118.4356674194336
Iteration 63/80
Training student with 6850 points
Train accuracy: 0.9892335766423358
Test accuracy: 0.9890510948905109
Number of nodes: 1
Student reward: 67.1498291015625
Iteration 64/80
Training student with 6944 points
Train accuracy: 0.9870387038703871
Test accuracy: 0.9884809215262779
Number of nodes: 1
Student reward: 166.41724243164063
Iteration 65/80
Training student with 7052 points
Train accuracy: 0.9886544938840631
Test accuracy: 0.9872430900070872
Number of nodes: 1
Student reward: 114.68670959472657
Iteration 66/80
Training student with 7149 points
Train accuracy: 0.9870606749431718
Test accuracy: 0.9874125874125874
Number of nodes: 1
Student reward: 247.52110900878907
Iteration 67/80
Training student with 7287 points
Train accuracy: 0.988677303139475
Test accuracy: 0.9883401920438958
Number of nodes: 1
Student reward: 122.65982513427734
Iteration 68/80
Training student with 7389 points
Train accuracy: 0.9871426154626967
Test accuracy: 0.9884979702300406
Number of nodes: 1
Student reward: 150.20052185058594
Iteration 69/80
Training student with 7499 points
Train accuracy: 0.9896649441573595
Test accuracy: 0.9873333333333333
Number of nodes: 1
Student reward: 145.19300079345703
Iteration 70/80
Training student with 7609 points
Train accuracy: 0.990964350254641
Test accuracy: 0.9914586070959264
Number of nodes: 1
Student reward: 162.24193572998047
Iteration 71/80
Training student with 7722 points
Train accuracy: 0.9862392747288328
Test accuracy: 0.9851132686084142
Number of nodes: 1
Student reward: 119.05558929443359
Iteration 72/80
Training student with 7821 points
Train accuracy: 0.9881713554987213
Test accuracy: 0.9904153354632588
Number of nodes: 1
Student reward: 208.78687438964843
Iteration 73/80
Training student with 7940 points
Train accuracy: 0.9899244332493703
Test accuracy: 0.9855163727959698
Number of nodes: 1
Student reward: 179.51749114990236
Iteration 74/80
Training student with 8055 points
Train accuracy: 0.9878957169459963
Test accuracy: 0.9894475481067659
Number of nodes: 1
Student reward: 212.41639099121093
Iteration 75/80
Training student with 8183 points
Train accuracy: 0.9886953864955698
Test accuracy: 0.9938912645082468
Number of nodes: 1
Student reward: 201.65404815673827
Iteration 76/80
Training student with 8303 points
Train accuracy: 0.9881059921710328
Test accuracy: 0.9849488260084287
Number of nodes: 1
Student reward: 112.50035095214844
Iteration 77/80
Training student with 8405 points
Train accuracy: 0.9867638310529446
Test accuracy: 0.9857227840571089
Number of nodes: 1
Student reward: 108.78529663085938
Iteration 78/80
Training student with 8500 points
Train accuracy: 0.9852941176470589
Test accuracy: 0.9852941176470589
Number of nodes: 1
Student reward: 205.54995727539062
Iteration 79/80
Training student with 8614 points
Train accuracy: 0.9886808881149325
Test accuracy: 0.9866511897852582
Number of nodes: 1
Student reward: 99.53954772949218
Initial policy count: 80
Current policy count: 40
Reward update: 247.52110900878907 -> 134.63584564208983
Reward update: 239.9867736816406 -> 130.0798538208008
Reward update: 212.41639099121093 -> 126.84819061279296
Reward update: 208.78687438964843 -> 146.91769073486327
Reward update: 208.1280075073242 -> 150.7717138671875
Reward update: 206.66856231689454 -> 135.0334957885742
Reward update: 205.54995727539062 -> 141.43022247314454
Reward update: 203.6085662841797 -> 150.15463409423828
Reward update: 201.65404815673827 -> 142.04259765625
Reward update: 197.7989288330078 -> 113.52480102539063
Reward update: 188.21395111083984 -> 162.82754180908202
Reward update: 186.2020278930664 -> 152.80805786132814
Reward update: 185.24449157714844 -> 143.3777377319336
Reward update: 183.79781341552734 -> 155.68318603515624
Reward update: 183.46957397460938 -> 138.56968902587892
Reward update: 182.09006958007814 -> 131.77451568603516
Reward update: 181.71369323730468 -> 113.22013671875
Reward update: 180.31814575195312 -> 114.59735534667969
Reward update: 179.88695526123047 -> 143.53143737792968
Reward update: 179.51749114990236 -> 143.58382568359374
Reward update: 178.04608306884765 -> 128.9364093017578
Reward update: 170.50523681640624 -> 138.42853607177733
Reward update: 168.46857452392578 -> 124.47746612548828
Reward update: 166.93955841064454 -> 113.92718597412109
Reward update: 166.51789398193358 -> 134.4283413696289
Reward update: 166.41724243164063 -> 144.67345458984374
Reward update: 166.32552795410157 -> 155.5632229614258
Reward update: 163.722216796875 -> 160.78372161865235
Reward update: 162.24193572998047 -> 138.83470306396484
Reward update: 160.8193801879883 -> 117.38298919677734
Reward update: 160.38121337890624 -> 158.3838671875
Reward update: 159.5858627319336 -> 158.4608319091797
Reward update: 159.03253479003905 -> 127.71096435546875
Reward update: 157.44644622802736 -> 120.55975463867188
Reward update: 156.02350769042968 -> 105.04514221191407
Reward update: 154.05436096191406 -> 153.6050598144531
Reward update: 153.8276138305664 -> 174.3535021972656
Reward update: 150.20052185058594 -> 118.89680572509765
Reward update: 146.7320098876953 -> 135.87960968017578
Reward update: 146.5509475708008 -> 117.16999328613281
Current policy count: 20
Reward update: 174.3535021972656 -> 176.35727966308593
Reward update: 162.82754180908202 -> 125.17117462158203
Reward update: 160.78372161865235 -> 135.0254965209961
Reward update: 158.4608319091797 -> 191.82464080810547
Reward update: 158.3838671875 -> 128.3166046142578
Reward update: 155.68318603515624 -> 136.1449267578125
Reward update: 155.5632229614258 -> 150.82284912109375
Reward update: 153.6050598144531 -> 114.58481140136719
Reward update: 152.80805786132814 -> 120.88360015869141
Reward update: 150.7717138671875 -> 136.00836151123048
Reward update: 150.15463409423828 -> 139.02391510009767
Reward update: 146.91769073486327 -> 132.76714660644532
Reward update: 144.67345458984374 -> 136.3516711425781
Reward update: 143.58382568359374 -> 134.03675872802734
Reward update: 143.53143737792968 -> 106.41064483642577
Reward update: 143.3777377319336 -> 116.03700012207031
Reward update: 142.04259765625 -> 106.16475006103515
Reward update: 141.43022247314454 -> 156.4834371948242
Reward update: 138.83470306396484 -> 158.65523162841797
Reward update: 138.56968902587892 -> 143.2996353149414
Current policy count: 10
Reward update: 191.82464080810547 -> 114.03707885742188
Reward update: 176.35727966308593 -> 153.70918884277344
Reward update: 158.65523162841797 -> 144.1462841796875
Reward update: 156.4834371948242 -> 132.08756256103516
Reward update: 150.82284912109375 -> 135.8348226928711
Reward update: 143.2996353149414 -> 139.70083984375
Reward update: 139.02391510009767 -> 142.90337982177735
Reward update: 136.3516711425781 -> 155.89017456054688
Reward update: 136.1449267578125 -> 150.42843231201172
Reward update: 136.00836151123048 -> 147.4326547241211
Current policy count: 5
Reward update: 155.89017456054688 -> 149.6798715209961
Reward update: 153.70918884277344 -> 160.39126007080077
Reward update: 150.42843231201172 -> 151.0593991088867
Reward update: 147.4326547241211 -> 166.2282272338867
Reward update: 144.1462841796875 -> 135.93021087646486
Current policy count: 3
Reward update: 166.2282272338867 -> 139.30984130859375
Reward update: 160.39126007080077 -> 115.78832061767578
Reward update: 151.0593991088867 -> 159.55880828857423
Current policy count: 2
Reward update: 159.55880828857423 -> 161.34433349609375
Reward update: 139.30984130859375 -> 132.06210968017578
Current policy count: 1
Reward update: 161.34433349609375 -> 145.38805053710936
Final reward: 110.5735498046875
Number of nodes: 1
