Iteration 0/80
Training student with 1000 points
Train accuracy: 0.56875
Test accuracy: 0.595
Number of nodes: 23
Student reward: 0.5555555555555555
Iteration 1/80
Training student with 2000 points
Train accuracy: 0.526875
Test accuracy: 0.5375
Number of nodes: 21
Student reward: 0.5555555555555555
Iteration 2/80
Training student with 3000 points
Train accuracy: 0.55375
Test accuracy: 0.53
Number of nodes: 21
Student reward: 0.16666666666666669
Iteration 3/80
Training student with 4000 points
Train accuracy: 0.505
Test accuracy: 0.50875
Number of nodes: 23
Student reward: 0.5555555555555555
Iteration 4/80
Training student with 5000 points
Train accuracy: 0.49025
Test accuracy: 0.52
Number of nodes: 23
Student reward: 0.5555555555555555
Iteration 5/80
Training student with 6000 points
Train accuracy: 0.47625
Test accuracy: 0.5025
Number of nodes: 23
Student reward: 0.16666666666666669
Iteration 6/80
Training student with 7000 points
Train accuracy: 0.4742857142857143
Test accuracy: 0.4942857142857143
Number of nodes: 23
Student reward: 0.5555555555555555
Iteration 7/80
Training student with 8000 points
Train accuracy: 0.47515625
Test accuracy: 0.46625
Number of nodes: 23
Student reward: 0.5555555555555555
Iteration 8/80
Training student with 9000 points
Train accuracy: 0.46555555555555556
Test accuracy: 0.4527777777777778
Number of nodes: 23
Student reward: 0.5555555555555555
Iteration 9/80
Training student with 10000 points
Train accuracy: 0.462375
Test accuracy: 0.4525
Number of nodes: 23
Student reward: 0.5555555555555555
Iteration 10/80
Training student with 11000 points
Train accuracy: 0.46647727272727274
Test accuracy: 0.48454545454545456
Number of nodes: 23
Student reward: 0.5555555555555555
Iteration 11/80
Training student with 12000 points
Train accuracy: 0.46791666666666665
Test accuracy: 0.465
Number of nodes: 23
Student reward: 0.5555555555555555
Iteration 12/80
Training student with 13000 points
Train accuracy: 0.46721153846153846
Test accuracy: 0.4803846153846154
Number of nodes: 23
Student reward: 0.5555555555555555
Iteration 13/80
Training student with 14000 points
Train accuracy: 0.46589285714285716
Test accuracy: 0.4682142857142857
Number of nodes: 23
Student reward: 0.5555555555555555
Iteration 14/80
Training student with 15000 points
Train accuracy: 0.4686666666666667
Test accuracy: 0.452
Number of nodes: 23
Student reward: 0.5555555555555555
Iteration 15/80
Training student with 16000 points
Train accuracy: 0.457890625
Test accuracy: 0.4646875
Number of nodes: 23
Student reward: 0.5555555555555555
Iteration 16/80
Training student with 17000 points
Train accuracy: 0.46044117647058824
Test accuracy: 0.47411764705882353
Number of nodes: 23
Student reward: 0.5555555555555555
Iteration 17/80
Training student with 18000 points
Train accuracy: 0.4638888888888889
Test accuracy: 0.4588888888888889
Number of nodes: 23
Student reward: 0.5555555555555555
Iteration 18/80
Training student with 19000 points
Train accuracy: 0.4625657894736842
Test accuracy: 0.4697368421052632
Number of nodes: 23
Student reward: 0.5555555555555555
Iteration 19/80
Training student with 20000 points
Train accuracy: 0.4600625
Test accuracy: 0.47325
Number of nodes: 23
Student reward: 0.5555555555555555
Iteration 20/80
Training student with 21000 points
Train accuracy: 0.4692857142857143
Test accuracy: 0.4592857142857143
Number of nodes: 23
Student reward: 0.5555555555555555
Iteration 21/80
Training student with 22000 points
Train accuracy: 0.4636363636363636
Test accuracy: 0.44795454545454544
Number of nodes: 23
Student reward: 0.5555555555555555
Iteration 22/80
Training student with 23000 points
Train accuracy: 0.46559782608695655
Test accuracy: 0.4517391304347826
Number of nodes: 23
Student reward: 0.5555555555555555
Iteration 23/80
Training student with 24000 points
Train accuracy: 0.4615625
Test accuracy: 0.45979166666666665
Number of nodes: 23
Student reward: 0.5555555555555555
Iteration 24/80
Training student with 25000 points
Train accuracy: 0.45365
Test accuracy: 0.462
Number of nodes: 23
Student reward: 0.16666666666666669
Iteration 25/80
Training student with 26000 points
Train accuracy: 0.4597596153846154
Test accuracy: 0.45384615384615384
Number of nodes: 23
Student reward: 0.5555555555555555
Iteration 26/80
Training student with 27000 points
Train accuracy: 0.45814814814814814
Test accuracy: 0.45092592592592595
Number of nodes: 23
Student reward: 0.16666666666666669
Iteration 27/80
Training student with 28000 points
Train accuracy: 0.46584821428571427
Test accuracy: 0.4523214285714286
Number of nodes: 23
Student reward: 0.5555555555555555
Iteration 28/80
Training student with 29000 points
Train accuracy: 0.4555172413793103
Test accuracy: 0.4489655172413793
Number of nodes: 23
Student reward: 0.5555555555555555
Iteration 29/80
Training student with 30000 points
Train accuracy: 0.46
Test accuracy: 0.4523333333333333
Number of nodes: 23
Student reward: 0.5555555555555555
Iteration 30/80
Training student with 31000 points
Train accuracy: 0.4570564516129032
Test accuracy: 0.45903225806451614
Number of nodes: 23
Student reward: 0.5555555555555555
Iteration 31/80
Training student with 32000 points
Train accuracy: 0.459375
Test accuracy: 0.459375
Number of nodes: 23
Student reward: 0.5555555555555555
Iteration 32/80
Training student with 33000 points
Train accuracy: 0.4612121212121212
Test accuracy: 0.4640909090909091
Number of nodes: 23
Student reward: 0.5555555555555555
Iteration 33/80
Training student with 34000 points
Train accuracy: 0.4602941176470588
Test accuracy: 0.45588235294117646
Number of nodes: 23
Student reward: 0.5555555555555555
Iteration 34/80
Training student with 35000 points
Train accuracy: 0.46175
Test accuracy: 0.4682857142857143
Number of nodes: 23
Student reward: 0.5555555555555555
Iteration 35/80
Training student with 36000 points
Train accuracy: 0.4611458333333333
Test accuracy: 0.4647222222222222
Number of nodes: 23
Student reward: 0.5555555555555555
Iteration 36/80
Training student with 37000 points
Train accuracy: 0.4601689189189189
Test accuracy: 0.46418918918918917
Number of nodes: 23
Student reward: 0.5555555555555555
Iteration 37/80
Training student with 38000 points
Train accuracy: 0.455
Test accuracy: 0.4619736842105263
Number of nodes: 23
Student reward: 0.16666666666666669
Iteration 38/80
Training student with 39000 points
Train accuracy: 0.4603846153846154
Test accuracy: 0.4552564102564103
Number of nodes: 23
Student reward: 0.5555555555555555
Iteration 39/80
Training student with 40000 points
Train accuracy: 0.4623125
Test accuracy: 0.4575
Number of nodes: 23
Student reward: 0.16666666666666669
Iteration 40/80
Training student with 41000 points
Train accuracy: 0.45765243902439023
Test accuracy: 0.4575609756097561
Number of nodes: 23
Student reward: 0.5555555555555555
Iteration 41/80
Training student with 42000 points
Train accuracy: 0.46264880952380955
Test accuracy: 0.4657142857142857
Number of nodes: 23
Student reward: 0.16666666666666669
Iteration 42/80
Training student with 43000 points
Train accuracy: 0.4664825581395349
Test accuracy: 0.472906976744186
Number of nodes: 23
Student reward: 0.5555555555555555
Iteration 43/80
Training student with 44000 points
Train accuracy: 0.4657386363636364
Test accuracy: 0.46897727272727274
Number of nodes: 23
Student reward: 0.5555555555555555
Iteration 44/80
Training student with 45000 points
Train accuracy: 0.4685
Test accuracy: 0.4622222222222222
Number of nodes: 23
Student reward: 0.16666666666666669
Iteration 45/80
Training student with 46000 points
Train accuracy: 0.46644021739130437
Test accuracy: 0.46695652173913044
Number of nodes: 23
Student reward: 0.5555555555555555
Iteration 46/80
Training student with 47000 points
Train accuracy: 0.4678191489361702
Test accuracy: 0.46180851063829786
Number of nodes: 23
Student reward: 0.5555555555555555
Iteration 47/80
Training student with 48000 points
Train accuracy: 0.46411458333333333
Test accuracy: 0.4659375
Number of nodes: 23
Student reward: 0.5555555555555555
Iteration 48/80
Training student with 49000 points
Train accuracy: 0.46619897959183676
Test accuracy: 0.46091836734693875
Number of nodes: 23
Student reward: 0.5555555555555555
Iteration 49/80
Training student with 50000 points
Train accuracy: 0.4639
Test accuracy: 0.4715
Number of nodes: 23
Student reward: 0.5555555555555555
Iteration 50/80
Training student with 51000 points
Train accuracy: 0.4673529411764706
Test accuracy: 0.4702941176470588
Number of nodes: 23
Student reward: 0.5555555555555555
Iteration 51/80
Training student with 52000 points
Train accuracy: 0.46637019230769233
Test accuracy: 0.46942307692307694
Number of nodes: 23
Student reward: 0.16666666666666669
Iteration 52/80
Training student with 53000 points
Train accuracy: 0.4686556603773585
Test accuracy: 0.4691509433962264
Number of nodes: 23
Student reward: 0.5555555555555555
Iteration 53/80
Training student with 54000 points
Train accuracy: 0.46837962962962965
Test accuracy: 0.4687037037037037
Number of nodes: 23
Student reward: 0.5555555555555555
Iteration 54/80
Training student with 55000 points
Train accuracy: 0.46856818181818183
Test accuracy: 0.474
Number of nodes: 23
Student reward: 0.5555555555555555
Iteration 55/80
Training student with 56000 points
Train accuracy: 0.4720535714285714
Test accuracy: 0.47410714285714284
Number of nodes: 23
Student reward: 0.5555555555555555
Iteration 56/80
Training student with 57000 points
Train accuracy: 0.47024122807017543
Test accuracy: 0.46982456140350876
Number of nodes: 23
Student reward: 0.5555555555555555
Iteration 57/80
Training student with 58000 points
Train accuracy: 0.4720043103448276
Test accuracy: 0.46232758620689657
Number of nodes: 23
Student reward: 0.5555555555555555
Iteration 58/80
Training student with 59000 points
Train accuracy: 0.47120762711864406
Test accuracy: 0.46661016949152545
Number of nodes: 23
Student reward: 0.5555555555555555
Iteration 59/80
Training student with 60000 points
Train accuracy: 0.47041666666666665
Test accuracy: 0.46991666666666665
Number of nodes: 23
Student reward: 0.5555555555555555
Iteration 60/80
Training student with 61000 points
Train accuracy: 0.46809426229508194
Test accuracy: 0.4622131147540984
Number of nodes: 23
Student reward: 0.5555555555555555
Iteration 61/80
Training student with 62000 points
Train accuracy: 0.4732459677419355
Test accuracy: 0.4687903225806452
Number of nodes: 23
Student reward: 0.5555555555555555
Iteration 62/80
Training student with 63000 points
Train accuracy: 0.47121031746031744
Test accuracy: 0.4669047619047619
Number of nodes: 23
Student reward: 0.5555555555555555
Iteration 63/80
Training student with 64000 points
Train accuracy: 0.46859375
Test accuracy: 0.4703125
Number of nodes: 23
Student reward: 0.5555555555555555
Iteration 64/80
Training student with 65000 points
Train accuracy: 0.46842307692307694
Test accuracy: 0.4696923076923077
Number of nodes: 23
Student reward: 0.16666666666666669
Iteration 65/80
Training student with 66000 points
Train accuracy: 0.46867424242424244
Test accuracy: 0.466969696969697
Number of nodes: 23
Student reward: 0.5555555555555555
Iteration 66/80
Training student with 67000 points
Train accuracy: 0.46953358208955226
Test accuracy: 0.4652985074626866
Number of nodes: 23
Student reward: 0.5555555555555555
Iteration 67/80
Training student with 68000 points
Train accuracy: 0.4713970588235294
Test accuracy: 0.46558823529411764
Number of nodes: 23
Student reward: 0.5555555555555555
Iteration 68/80
Training student with 69000 points
Train accuracy: 0.4682065217391304
Test accuracy: 0.468768115942029
Number of nodes: 23
Student reward: 0.5555555555555555
Iteration 69/80
Training student with 70000 points
Train accuracy: 0.47133928571428574
Test accuracy: 0.4637142857142857
Number of nodes: 23
Student reward: 0.5555555555555555
Iteration 70/80
Training student with 71000 points
Train accuracy: 0.4727992957746479
Test accuracy: 0.46401408450704223
Number of nodes: 23
Student reward: 0.5555555555555555
Iteration 71/80
Training student with 72000 points
Train accuracy: 0.4663715277777778
Test accuracy: 0.46805555555555556
Number of nodes: 23
Student reward: 0.5555555555555555
Iteration 72/80
Training student with 73000 points
Train accuracy: 0.46722602739726027
Test accuracy: 0.4728767123287671
Number of nodes: 23
Student reward: 0.5555555555555555
Iteration 73/80
Training student with 74000 points
Train accuracy: 0.4643412162162162
Test accuracy: 0.4602027027027027
Number of nodes: 23
Student reward: 0.5555555555555555
Iteration 74/80
Training student with 75000 points
Train accuracy: 0.46553333333333335
Test accuracy: 0.46686666666666665
Number of nodes: 23
Student reward: 0.5555555555555555
Iteration 75/80
Training student with 76000 points
Train accuracy: 0.4628125
Test accuracy: 0.46710526315789475
Number of nodes: 23
Student reward: 0.5555555555555555
Iteration 76/80
Training student with 77000 points
Train accuracy: 0.4674350649350649
Test accuracy: 0.4698701298701299
Number of nodes: 23
Student reward: 0.5555555555555555
Iteration 77/80
Training student with 78000 points
Train accuracy: 0.46360576923076924
Test accuracy: 0.4667948717948718
Number of nodes: 23
Student reward: 0.5555555555555555
Iteration 78/80
Training student with 79000 points
Train accuracy: 0.46526898734177213
Test accuracy: 0.45639240506329115
Number of nodes: 23
Student reward: 0.5555555555555555
Iteration 79/80
Training student with 80000 points
Train accuracy: 0.46340625
Test accuracy: 0.465375
Number of nodes: 23
Student reward: 0.5555555555555555
Initial policy count: 80
Current policy count: 40
Reward update: 0.5555555555555555 -> 0.5555555555555561
Reward update: 0.5555555555555555 -> 0.5555555555555561
Reward update: 0.5555555555555555 -> 0.5555555555555561
Reward update: 0.5555555555555555 -> 0.5555555555555561
Reward update: 0.5555555555555555 -> 0.5555555555555561
Reward update: 0.5555555555555555 -> 0.5555555555555561
Reward update: 0.5555555555555555 -> 0.5555555555555561
Reward update: 0.5555555555555555 -> 0.5555555555555561
Reward update: 0.5555555555555555 -> 0.5555555555555561
Reward update: 0.5555555555555555 -> 0.5555555555555561
Reward update: 0.5555555555555555 -> 0.5555555555555561
Reward update: 0.5555555555555555 -> 0.5555555555555561
Reward update: 0.5555555555555555 -> 0.5555555555555561
Reward update: 0.5555555555555555 -> 0.5555555555555561
Reward update: 0.5555555555555555 -> 0.5555555555555561
Reward update: 0.5555555555555555 -> 0.5555555555555561
Reward update: 0.5555555555555555 -> 0.5555555555555561
Reward update: 0.5555555555555555 -> 0.5555555555555561
Reward update: 0.5555555555555555 -> 0.5555555555555561
Reward update: 0.5555555555555555 -> 0.5555555555555561
Reward update: 0.5555555555555555 -> 0.5555555555555561
Reward update: 0.5555555555555555 -> 0.5555555555555561
Reward update: 0.5555555555555555 -> 0.5555555555555561
Reward update: 0.5555555555555555 -> 0.5555555555555561
Reward update: 0.5555555555555555 -> 0.5555555555555561
Reward update: 0.5555555555555555 -> 0.5555555555555561
Reward update: 0.5555555555555555 -> 0.5555555555555561
Reward update: 0.5555555555555555 -> 0.5555555555555561
Reward update: 0.5555555555555555 -> 0.5555555555555561
Reward update: 0.5555555555555555 -> 0.5555555555555561
Reward update: 0.5555555555555555 -> 0.5555555555555561
Reward update: 0.5555555555555555 -> 0.5555555555555561
Reward update: 0.5555555555555555 -> 0.5555555555555561
Reward update: 0.5555555555555555 -> 0.5555555555555561
Reward update: 0.5555555555555555 -> 0.5555555555555561
Reward update: 0.5555555555555555 -> 0.5555555555555561
Reward update: 0.5555555555555555 -> 0.5555555555555561
Reward update: 0.5555555555555555 -> 0.5555555555555561
Reward update: 0.5555555555555555 -> 0.5555555555555561
Reward update: 0.5555555555555555 -> 0.5555555555555561
Current policy count: 20
Reward update: 0.5555555555555561 -> 0.5555555555555561
Reward update: 0.5555555555555561 -> 0.5555555555555561
Reward update: 0.5555555555555561 -> 0.5555555555555561
Reward update: 0.5555555555555561 -> 0.5555555555555561
Reward update: 0.5555555555555561 -> 0.5555555555555561
Reward update: 0.5555555555555561 -> 0.5555555555555561
Reward update: 0.5555555555555561 -> 0.5555555555555561
Reward update: 0.5555555555555561 -> 0.5555555555555561
Reward update: 0.5555555555555561 -> 0.5555555555555561
Reward update: 0.5555555555555561 -> 0.5555555555555561
Reward update: 0.5555555555555561 -> 0.5555555555555561
Reward update: 0.5555555555555561 -> 0.5555555555555561
Reward update: 0.5555555555555561 -> 0.5555555555555561
Reward update: 0.5555555555555561 -> 0.5555555555555561
Reward update: 0.5555555555555561 -> 0.5555555555555561
Reward update: 0.5555555555555561 -> 0.5555555555555561
Reward update: 0.5555555555555561 -> 0.5555555555555561
Reward update: 0.5555555555555561 -> 0.5555555555555561
Reward update: 0.5555555555555561 -> 0.5555555555555561
Reward update: 0.5555555555555561 -> 0.5555555555555561
Current policy count: 10
Reward update: 0.5555555555555561 -> 0.5555555555555561
Reward update: 0.5555555555555561 -> 0.5555555555555561
Reward update: 0.5555555555555561 -> 0.5555555555555561
Reward update: 0.5555555555555561 -> 0.5555555555555561
Reward update: 0.5555555555555561 -> 0.5555555555555561
Reward update: 0.5555555555555561 -> 0.5555555555555561
Reward update: 0.5555555555555561 -> 0.5555555555555561
Reward update: 0.5555555555555561 -> 0.5555555555555561
Reward update: 0.5555555555555561 -> 0.5555555555555561
Reward update: 0.5555555555555561 -> 0.5555555555555561
Current policy count: 5
Reward update: 0.5555555555555561 -> 0.5555555555555561
Reward update: 0.5555555555555561 -> 0.5555555555555561
Reward update: 0.5555555555555561 -> 0.5555555555555561
Reward update: 0.5555555555555561 -> 0.5555555555555561
Reward update: 0.5555555555555561 -> 0.5555555555555561
Current policy count: 3
Reward update: 0.5555555555555561 -> 0.5555555555555561
Reward update: 0.5555555555555561 -> 0.5555555555555561
Reward update: 0.5555555555555561 -> 0.5555555555555561
Current policy count: 2
Reward update: 0.5555555555555561 -> 0.5555555555555561
Reward update: 0.5555555555555561 -> 0.5555555555555561
Current policy count: 1
Reward update: 0.5555555555555561 -> 0.5555555555555561
Final reward: 0.5555555555555561
Number of nodes: 23
