Iteration 0/80
Training student with 98 points
Train accuracy: 0.9871794871794872
Test accuracy: 1.0
Number of nodes: 1
Student reward: 142.2026123046875
Iteration 1/80
Training student with 210 points
Train accuracy: 0.9880952380952381
Test accuracy: 1.0
Number of nodes: 1
Student reward: 162.3999450683594
Iteration 2/80
Training student with 322 points
Train accuracy: 0.9844357976653697
Test accuracy: 1.0
Number of nodes: 1
Student reward: 143.6557357788086
Iteration 3/80
Training student with 429 points
Train accuracy: 0.9854227405247813
Test accuracy: 0.9767441860465116
Number of nodes: 1
Student reward: 139.35931396484375
Iteration 4/80
Training student with 536 points
Train accuracy: 0.9813084112149533
Test accuracy: 0.9907407407407407
Number of nodes: 1
Student reward: 154.8343521118164
Iteration 5/80
Training student with 648 points
Train accuracy: 0.9806949806949807
Test accuracy: 1.0
Number of nodes: 1
Student reward: 105.09171447753906
Iteration 6/80
Training student with 752 points
Train accuracy: 0.9883527454242929
Test accuracy: 0.9801324503311258
Number of nodes: 1
Student reward: 50.65775756835937
Iteration 7/80
Training student with 842 points
Train accuracy: 0.986627043090639
Test accuracy: 0.9881656804733728
Number of nodes: 1
Student reward: 143.19300689697266
Iteration 8/80
Training student with 944 points
Train accuracy: 0.9854304635761589
Test accuracy: 0.9894179894179894
Number of nodes: 1
Student reward: 170.53236694335936
Iteration 9/80
Training student with 1052 points
Train accuracy: 0.9845422116527943
Test accuracy: 0.995260663507109
Number of nodes: 1
Student reward: 293.486328125
Iteration 10/80
Training student with 1197 points
Train accuracy: 0.9843260188087775
Test accuracy: 0.9916666666666667
Number of nodes: 1
Student reward: 166.0762145996094
Iteration 11/80
Training student with 1312 points
Train accuracy: 0.9866539561487131
Test accuracy: 0.9847908745247148
Number of nodes: 1
Student reward: 136.41817169189454
Iteration 12/80
Training student with 1421 points
Train accuracy: 0.9841549295774648
Test accuracy: 1.0
Number of nodes: 1
Student reward: 118.41964569091797
Iteration 13/80
Training student with 1527 points
Train accuracy: 0.9860769860769861
Test accuracy: 0.9934640522875817
Number of nodes: 1
Student reward: 189.028515625
Iteration 14/80
Training student with 1645 points
Train accuracy: 0.9893617021276596
Test accuracy: 0.9817629179331308
Number of nodes: 1
Student reward: 72.99475708007813
Iteration 15/80
Training student with 1737 points
Train accuracy: 0.9870410367170627
Test accuracy: 0.9913793103448276
Number of nodes: 1
Student reward: 222.75755767822267
Iteration 16/80
Training student with 1874 points
Train accuracy: 0.9879919946631087
Test accuracy: 0.9893333333333333
Number of nodes: 1
Student reward: 167.06334075927734
Iteration 17/80
Training student with 1982 points
Train accuracy: 0.98801261829653
Test accuracy: 0.9899244332493703
Number of nodes: 1
Student reward: 105.22505950927734
Iteration 18/80
Training student with 2078 points
Train accuracy: 0.9885679903730445
Test accuracy: 0.9903846153846154
Number of nodes: 1
Student reward: 167.07183074951172
Iteration 19/80
Training student with 2195 points
Train accuracy: 0.989749430523918
Test accuracy: 0.9863325740318907
Number of nodes: 1
Student reward: 110.55230560302735
Iteration 20/80
Training student with 2301 points
Train accuracy: 0.9891304347826086
Test accuracy: 0.9891540130151844
Number of nodes: 1
Student reward: 114.97405548095703
Iteration 21/80
Training student with 2400 points
Train accuracy: 0.9895833333333334
Test accuracy: 0.9895833333333334
Number of nodes: 1
Student reward: 136.57007446289063
Iteration 22/80
Training student with 2508 points
Train accuracy: 0.9905284147557328
Test accuracy: 0.9840637450199203
Number of nodes: 1
Student reward: 161.5643280029297
Iteration 23/80
Training student with 2619 points
Train accuracy: 0.9904534606205251
Test accuracy: 0.9847328244274809
Number of nodes: 1
Student reward: 115.24090423583985
Iteration 24/80
Training student with 2723 points
Train accuracy: 0.9894398530762167
Test accuracy: 0.9889908256880734
Number of nodes: 1
Student reward: 166.76875762939454
Iteration 25/80
Training student with 2831 points
Train accuracy: 0.9907243816254417
Test accuracy: 0.9858906525573192
Number of nodes: 1
Student reward: 75.70575103759765
Iteration 26/80
Training student with 2925 points
Train accuracy: 0.9880341880341881
Test accuracy: 0.9948717948717949
Number of nodes: 1
Student reward: 158.3025863647461
Iteration 27/80
Training student with 3039 points
Train accuracy: 0.9888934594816948
Test accuracy: 0.9901315789473685
Number of nodes: 1
Student reward: 182.58027038574218
Iteration 28/80
Training student with 3147 points
Train accuracy: 0.9884783472387764
Test accuracy: 0.9920634920634921
Number of nodes: 1
Student reward: 179.8271484375
Iteration 29/80
Training student with 3262 points
Train accuracy: 0.9896512073591415
Test accuracy: 0.9877488514548239
Number of nodes: 1
Student reward: 181.83252868652343
Iteration 30/80
Training student with 3387 points
Train accuracy: 0.9900332225913622
Test accuracy: 0.9867256637168141
Number of nodes: 1
Student reward: 104.27769165039062
Iteration 31/80
Training student with 3486 points
Train accuracy: 0.9917503586800573
Test accuracy: 0.9799426934097422
Number of nodes: 1
Student reward: 115.0919906616211
Iteration 32/80
Training student with 3580 points
Train accuracy: 0.9884776536312849
Test accuracy: 0.994413407821229
Number of nodes: 1
Student reward: 69.01493072509766
Iteration 33/80
Training student with 3671 points
Train accuracy: 0.9887602179836512
Test accuracy: 0.9918367346938776
Number of nodes: 1
Student reward: 158.78939971923828
Iteration 34/80
Training student with 3785 points
Train accuracy: 0.988110964332893
Test accuracy: 0.9960369881109643
Number of nodes: 1
Student reward: 141.79324188232422
Iteration 35/80
Training student with 3898 points
Train accuracy: 0.9906991661321359
Test accuracy: 0.9871794871794872
Number of nodes: 1
Student reward: 201.79933471679686
Iteration 36/80
Training student with 4018 points
Train accuracy: 0.9903546981953951
Test accuracy: 0.9875621890547264
Number of nodes: 1
Student reward: 152.9978256225586
Iteration 37/80
Training student with 4128 points
Train accuracy: 0.9900060569351908
Test accuracy: 0.9891041162227603
Number of nodes: 1
Student reward: 171.99598388671876
Iteration 38/80
Training student with 4245 points
Train accuracy: 0.991166077738516
Test accuracy: 0.9858657243816255
Number of nodes: 1
Student reward: 217.87128143310548
Iteration 39/80
Training student with 4371 points
Train accuracy: 0.9914187643020596
Test accuracy: 0.9862857142857143
Number of nodes: 1
Student reward: 127.26114044189453
Iteration 40/80
Training student with 4469 points
Train accuracy: 0.9904895104895105
Test accuracy: 0.9899328859060402
Number of nodes: 1
Student reward: 117.61961059570312
Iteration 41/80
Training student with 4565 points
Train accuracy: 0.98986856516977
Test accuracy: 0.9934282584884995
Number of nodes: 1
Student reward: 172.29466857910157
Iteration 42/80
Training student with 4677 points
Train accuracy: 0.9909115209836942
Test accuracy: 0.9893162393162394
Number of nodes: 1
Student reward: 131.4321075439453
Iteration 43/80
Training student with 4781 points
Train accuracy: 0.9900627615062761
Test accuracy: 0.9937304075235109
Number of nodes: 1
Student reward: 90.18621368408203
Iteration 44/80
Training student with 4877 points
Train accuracy: 0.9900025634452705
Test accuracy: 0.992827868852459
Number of nodes: 1
Student reward: 124.96978149414062
Iteration 45/80
Training student with 4983 points
Train accuracy: 0.9912192674360261
Test accuracy: 0.9879638916750251
Number of nodes: 1
Student reward: 162.13675537109376
Iteration 46/80
Training student with 5088 points
Train accuracy: 0.98992628992629
Test accuracy: 0.9911591355599214
Number of nodes: 1
Student reward: 155.02361755371095
Iteration 47/80
Training student with 5194 points
Train accuracy: 0.989410348977136
Test accuracy: 0.9913378248315688
Number of nodes: 1
Student reward: 87.41036834716797
Iteration 48/80
Training student with 5293 points
Train accuracy: 0.99031648559282
Test accuracy: 0.9886685552407932
Number of nodes: 1
Student reward: 165.41585388183594
Iteration 49/80
Training student with 5400 points
Train accuracy: 0.9900462962962963
Test accuracy: 0.9898148148148148
Number of nodes: 1
Student reward: 185.23206787109376
Iteration 50/80
Training student with 5516 points
Train accuracy: 0.9895738893925657
Test accuracy: 0.9918478260869565
Number of nodes: 1
Student reward: 209.7616439819336
Iteration 51/80
Training student with 5641 points
Train accuracy: 0.9895833333333334
Test accuracy: 0.9911426040744021
Number of nodes: 1
Student reward: 153.89678497314452
Iteration 52/80
Training student with 5759 points
Train accuracy: 0.9911004992402865
Test accuracy: 0.9852430555555556
Number of nodes: 1
Student reward: 116.0123504638672
Iteration 53/80
Training student with 5849 points
Train accuracy: 0.9901688394956187
Test accuracy: 0.9888888888888889
Number of nodes: 1
Student reward: 100.75638275146484
Iteration 54/80
Training student with 5947 points
Train accuracy: 0.9905402564641581
Test accuracy: 0.9882352941176471
Number of nodes: 1
Student reward: 159.13560180664064
Iteration 55/80
Training student with 6051 points
Train accuracy: 0.9894628099173554
Test accuracy: 0.9933938893476466
Number of nodes: 1
Student reward: 82.86497802734375
Iteration 56/80
Training student with 6144 points
Train accuracy: 0.9898270600203459
Test accuracy: 0.9910496338486574
Number of nodes: 1
Student reward: 96.44833068847656
Iteration 57/80
Training student with 6233 points
Train accuracy: 0.99117529081428
Test accuracy: 0.9863672814755413
Number of nodes: 1
Student reward: 141.61015930175782
Iteration 58/80
Training student with 6347 points
Train accuracy: 0.9897577309434705
Test accuracy: 0.9921259842519685
Number of nodes: 1
Student reward: 136.53817291259764
Iteration 59/80
Training student with 6452 points
Train accuracy: 0.9903119550474714
Test accuracy: 0.9907048799380326
Number of nodes: 1
Student reward: 156.39969787597656
Iteration 60/80
Training student with 6565 points
Train accuracy: 0.9916222391469917
Test accuracy: 0.9855293221629855
Number of nodes: 1
Student reward: 175.9426071166992
Iteration 61/80
Training student with 6678 points
Train accuracy: 0.9904530138524897
Test accuracy: 0.9910179640718563
Number of nodes: 1
Student reward: 112.82083587646484
Iteration 62/80
Training student with 6777 points
Train accuracy: 0.9902232060505441
Test accuracy: 0.9918879056047197
Number of nodes: 1
Student reward: 209.97527160644532
Iteration 63/80
Training student with 6900 points
Train accuracy: 0.9902173913043478
Test accuracy: 0.9905797101449275
Number of nodes: 1
Student reward: 153.98088531494142
Iteration 64/80
Training student with 7013 points
Train accuracy: 0.9901960784313726
Test accuracy: 0.9914468995010691
Number of nodes: 1
Student reward: 173.6589599609375
Iteration 65/80
Training student with 7125 points
Train accuracy: 0.991578947368421
Test accuracy: 0.984561403508772
Number of nodes: 1
Student reward: 128.5574935913086
Iteration 66/80
Training student with 7225 points
Train accuracy: 0.9899653979238754
Test accuracy: 0.9916955017301038
Number of nodes: 1
Student reward: 86.19974670410156
Iteration 67/80
Training student with 7323 points
Train accuracy: 0.990269716626835
Test accuracy: 0.9911262798634812
Number of nodes: 1
Student reward: 174.15770568847657
Iteration 68/80
Training student with 7435 points
Train accuracy: 0.9905850706119704
Test accuracy: 0.9905850706119704
Number of nodes: 1
Student reward: 96.7175537109375
Iteration 69/80
Training student with 7524 points
Train accuracy: 0.9906961289250706
Test accuracy: 0.9893687707641196
Number of nodes: 1
Student reward: 130.95772552490234
Iteration 70/80
Training student with 7628 points
Train accuracy: 0.9911504424778761
Test accuracy: 0.9868938401048493
Number of nodes: 1
Student reward: 161.6194107055664
Iteration 71/80
Training student with 7736 points
Train accuracy: 0.9901422107304461
Test accuracy: 0.9916020671834626
Number of nodes: 1
Student reward: 170.956884765625
Iteration 72/80
Training student with 7857 points
Train accuracy: 0.990612569610183
Test accuracy: 0.989821882951654
Number of nodes: 1
Student reward: 158.3994140625
Iteration 73/80
Training student with 7963 points
Train accuracy: 0.9902668759811617
Test accuracy: 0.9912115505335845
Number of nodes: 1
Student reward: 193.15066528320312
Iteration 74/80
Training student with 8090 points
Train accuracy: 0.9898022249690976
Test accuracy: 0.9932014833127317
Number of nodes: 1
Student reward: 160.1312271118164
Iteration 75/80
Training student with 8200 points
Train accuracy: 0.9902439024390244
Test accuracy: 0.9902439024390244
Number of nodes: 1
Student reward: 145.27084350585938
Iteration 76/80
Training student with 8308 points
Train accuracy: 0.990069214565152
Test accuracy: 0.9915764139590855
Number of nodes: 1
Student reward: 168.63193054199218
Iteration 77/80
Training student with 8424 points
Train accuracy: 0.9903546520255231
Test accuracy: 0.9899109792284867
Number of nodes: 1
Student reward: 195.2658721923828
Iteration 78/80
Training student with 8539 points
Train accuracy: 0.9906309471526863
Test accuracy: 0.9888758782201406
Number of nodes: 1
Student reward: 170.17117614746093
Iteration 79/80
Training student with 8654 points
Train accuracy: 0.9901776686407626
Test accuracy: 0.9907567879838244
Number of nodes: 1
Student reward: 89.56365356445312
Initial policy count: 80
Current policy count: 40
Reward update: 293.486328125 -> 188.1851498413086
Reward update: 222.75755767822267 -> 149.10559478759765
Reward update: 217.87128143310548 -> 129.62365020751952
Reward update: 209.97527160644532 -> 130.43851440429688
Reward update: 209.7616439819336 -> 123.21305480957031
Reward update: 201.79933471679686 -> 160.7964031982422
Reward update: 195.2658721923828 -> 174.5885595703125
Reward update: 193.15066528320312 -> 119.25509521484375
Reward update: 189.028515625 -> 134.10025177001953
Reward update: 185.23206787109376 -> 121.58328826904297
Reward update: 182.58027038574218 -> 166.8243423461914
Reward update: 181.83252868652343 -> 164.48467895507812
Reward update: 179.8271484375 -> 148.61140075683593
Reward update: 175.9426071166992 -> 163.82958129882812
Reward update: 174.15770568847657 -> 166.83811920166016
Reward update: 173.6589599609375 -> 156.72193603515626
Reward update: 172.29466857910157 -> 173.0503530883789
Reward update: 171.99598388671876 -> 133.29156005859375
Reward update: 170.956884765625 -> 130.11620086669922
Reward update: 170.53236694335936 -> 115.20127380371093
Reward update: 170.17117614746093 -> 149.64349029541015
Reward update: 168.63193054199218 -> 153.99116790771484
Reward update: 167.07183074951172 -> 115.52555755615235
Reward update: 167.06334075927734 -> 134.93263397216796
Reward update: 166.76875762939454 -> 165.75942352294922
Reward update: 166.0762145996094 -> 94.36980346679688
Reward update: 165.41585388183594 -> 133.3369647216797
Reward update: 162.3999450683594 -> 125.89571075439453
Reward update: 162.13675537109376 -> 184.65294647216797
Reward update: 161.6194107055664 -> 185.27500274658203
Reward update: 161.5643280029297 -> 136.35251251220703
Reward update: 160.1312271118164 -> 149.57415466308595
Reward update: 159.13560180664064 -> 152.11391998291015
Reward update: 158.78939971923828 -> 124.32787536621093
Reward update: 158.3994140625 -> 130.192802734375
Reward update: 158.3025863647461 -> 118.17947784423828
Reward update: 156.39969787597656 -> 121.9653091430664
Reward update: 155.02361755371095 -> 132.91849334716798
Reward update: 154.8343521118164 -> 152.92429779052733
Reward update: 153.98088531494142 -> 145.34265319824217
Current policy count: 20
Reward update: 188.1851498413086 -> 155.0042352294922
Reward update: 185.27500274658203 -> 144.7588327026367
Reward update: 184.65294647216797 -> 147.65588989257813
Reward update: 174.5885595703125 -> 133.28627563476562
Reward update: 173.0503530883789 -> 132.7137823486328
Reward update: 166.83811920166016 -> 158.47852447509766
Reward update: 166.8243423461914 -> 127.43928314208985
Reward update: 165.75942352294922 -> 128.46666778564452
Reward update: 164.48467895507812 -> 124.05602142333984
Reward update: 163.82958129882812 -> 124.22174407958984
Reward update: 160.7964031982422 -> 121.99400146484375
Reward update: 156.72193603515626 -> 139.21839477539064
Reward update: 153.99116790771484 -> 156.65588439941405
Reward update: 152.92429779052733 -> 158.64740936279296
Reward update: 152.11391998291015 -> 131.81154998779297
Reward update: 149.64349029541015 -> 155.9128988647461
Reward update: 149.57415466308595 -> 154.50956115722656
Reward update: 149.10559478759765 -> 151.87643920898438
Reward update: 148.61140075683593 -> 169.26935485839843
Reward update: 145.34265319824217 -> 123.5735171508789
Current policy count: 10
Reward update: 169.26935485839843 -> 145.17980377197264
Reward update: 158.64740936279296 -> 144.12356719970703
Reward update: 158.47852447509766 -> 137.1735107421875
Reward update: 156.65588439941405 -> 131.65936248779298
Reward update: 155.9128988647461 -> 117.31060882568359
Reward update: 155.0042352294922 -> 146.00168884277343
Reward update: 154.50956115722656 -> 156.62528442382813
Reward update: 151.87643920898438 -> 155.4163623046875
Reward update: 147.65588989257813 -> 116.70539031982422
Reward update: 144.7588327026367 -> 153.56312225341796
Current policy count: 5
Reward update: 156.62528442382813 -> 135.85953399658203
Reward update: 155.4163623046875 -> 130.05979736328126
Reward update: 153.56312225341796 -> 136.66109100341797
Reward update: 146.00168884277343 -> 122.48307678222656
Reward update: 145.17980377197264 -> 132.4027813720703
Current policy count: 3
Reward update: 136.66109100341797 -> 175.56597381591797
Reward update: 135.85953399658203 -> 129.51078308105468
Reward update: 132.4027813720703 -> 122.5830810546875
Current policy count: 2
Reward update: 175.56597381591797 -> 152.59145385742187
Reward update: 129.51078308105468 -> 136.19944396972656
Current policy count: 1
Reward update: 152.59145385742187 -> 153.82704193115234
Final reward: 143.6837951660156
Number of nodes: 1
