Iteration 0/80
Training student with 653 points
Train accuracy: 0.4885057471264368
Test accuracy: 0.5419847328244275
Number of nodes: 5
Student reward: 3.1
Iteration 1/80
Training student with 1219 points
Train accuracy: 0.5579487179487179
Test accuracy: 0.610655737704918
Number of nodes: 5
Student reward: 2.6
Iteration 2/80
Training student with 1748 points
Train accuracy: 0.5257510729613734
Test accuracy: 0.44571428571428573
Number of nodes: 5
Student reward: 0.6
Iteration 3/80
Training student with 2167 points
Train accuracy: 0.5279861511829198
Test accuracy: 0.5276497695852534
Number of nodes: 5
Student reward: 2.5
Iteration 4/80
Training student with 2652 points
Train accuracy: 0.4969354078264969
Test accuracy: 0.4990583804143126
Number of nodes: 5
Student reward: 2.4
Iteration 5/80
Training student with 3137 points
Train accuracy: 0.4679155041849342
Test accuracy: 0.4888535031847134
Number of nodes: 5
Student reward: 2.6
Iteration 6/80
Training student with 3642 points
Train accuracy: 0.4709921043597666
Test accuracy: 0.4430727023319616
Number of nodes: 5
Student reward: 3.0
Iteration 7/80
Training student with 4209 points
Train accuracy: 0.4855954855954856
Test accuracy: 0.47030878859857483
Number of nodes: 5
Student reward: 2.1
Iteration 8/80
Training student with 4722 points
Train accuracy: 0.46783161239078636
Test accuracy: 0.4804232804232804
Number of nodes: 5
Student reward: 1.9
Iteration 9/80
Training student with 5225 points
Train accuracy: 0.4610047846889952
Test accuracy: 0.4583732057416268
Number of nodes: 5
Student reward: 2.5
Iteration 10/80
Training student with 5734 points
Train accuracy: 0.45628951384347066
Test accuracy: 0.44289450741063646
Number of nodes: 5
Student reward: 3.7
Iteration 11/80
Training student with 6357 points
Train accuracy: 0.47000983284169123
Test accuracy: 0.48977987421383645
Number of nodes: 5
Student reward: 2.3
Iteration 12/80
Training student with 6863 points
Train accuracy: 0.46411657559198544
Test accuracy: 0.4712308812818645
Number of nodes: 5
Student reward: 2.8
Iteration 13/80
Training student with 7400 points
Train accuracy: 0.45506756756756755
Test accuracy: 0.47094594594594597
Number of nodes: 5
Student reward: 2.7
Iteration 14/80
Training student with 7978 points
Train accuracy: 0.4459417110623629
Test accuracy: 0.4467418546365915
Number of nodes: 5
Student reward: 3.4
Iteration 15/80
Training student with 8578 points
Train accuracy: 0.46546196444185367
Test accuracy: 0.4737762237762238
Number of nodes: 5
Student reward: 2.7
Iteration 16/80
Training student with 9102 points
Train accuracy: 0.4617497596483999
Test accuracy: 0.4601867105985722
Number of nodes: 5
Student reward: 2.5
Iteration 17/80
Training student with 9640 points
Train accuracy: 0.45850622406639
Test accuracy: 0.4362033195020747
Number of nodes: 5
Student reward: 3.0
Iteration 18/80
Training student with 10175 points
Train accuracy: 0.45098280098280097
Test accuracy: 0.4466830466830467
Number of nodes: 5
Student reward: 1.1
Iteration 19/80
Training student with 10616 points
Train accuracy: 0.4560763071125765
Test accuracy: 0.4529190207156309
Number of nodes: 5
Student reward: 2.3
Iteration 20/80
Training student with 11109 points
Train accuracy: 0.4532463148419039
Test accuracy: 0.4446444644464446
Number of nodes: 5
Student reward: 3.1
Iteration 21/80
Training student with 11702 points
Train accuracy: 0.4610618523662002
Test accuracy: 0.4792823579666809
Number of nodes: 5
Student reward: 2.5
Iteration 22/80
Training student with 12222 points
Train accuracy: 0.45903651426818043
Test accuracy: 0.46462167689161554
Number of nodes: 5
Student reward: 2.7
Iteration 23/80
Training student with 12728 points
Train accuracy: 0.45747397367904147
Test accuracy: 0.4505106048703849
Number of nodes: 5
Student reward: 2.4
Iteration 24/80
Training student with 13240 points
Train accuracy: 0.455154833836858
Test accuracy: 0.4433534743202417
Number of nodes: 5
Student reward: 1.9
Iteration 25/80
Training student with 13733 points
Train accuracy: 0.4515747314764245
Test accuracy: 0.4441208591190389
Number of nodes: 5
Student reward: 2.6
Iteration 26/80
Training student with 14313 points
Train accuracy: 0.45353711790393014
Test accuracy: 0.4491791826755152
Number of nodes: 5
Student reward: 3.3
Iteration 27/80
Training student with 14894 points
Train accuracy: 0.45455308434746117
Test accuracy: 0.44813695871097686
Number of nodes: 5
Student reward: 2.0
Iteration 28/80
Training student with 15384 points
Train accuracy: 0.45185666693751525
Test accuracy: 0.44556386090347744
Number of nodes: 5
Student reward: 2.4
Iteration 29/80
Training student with 15899 points
Train accuracy: 0.44744083654375344
Test accuracy: 0.4459119496855346
Number of nodes: 5
Student reward: 1.9
Iteration 30/80
Training student with 16364 points
Train accuracy: 0.44985104270109233
Test accuracy: 0.44607393828292086
Number of nodes: 5
Student reward: 4.1
Iteration 31/80
Training student with 17002 points
Train accuracy: 0.45901036688478786
Test accuracy: 0.44163481329020876
Number of nodes: 5
Student reward: 0.5
Iteration 32/80
Training student with 17417 points
Train accuracy: 0.4580492356276466
Test accuracy: 0.4595292766934558
Number of nodes: 5
Student reward: 2.2
Iteration 33/80
Training student with 17921 points
Train accuracy: 0.453125
Test accuracy: 0.43235704323570434
Number of nodes: 5
Student reward: 4.1
Iteration 34/80
Training student with 18590 points
Train accuracy: 0.4624125874125874
Test accuracy: 0.45750403442711135
Number of nodes: 5
Student reward: 1.5
Iteration 35/80
Training student with 19059 points
Train accuracy: 0.4579917360792287
Test accuracy: 0.4632738719832109
Number of nodes: 5
Student reward: 2.0
Iteration 36/80
Training student with 19557 points
Train accuracy: 0.4563758389261745
Test accuracy: 0.455521472392638
Number of nodes: 5
Student reward: 2.3
Iteration 37/80
Training student with 20064 points
Train accuracy: 0.4539904055822067
Test accuracy: 0.45302766010465984
Number of nodes: 5
Student reward: 2.2
Iteration 38/80
Training student with 20548 points
Train accuracy: 0.4513322788660421
Test accuracy: 0.44379562043795623
Number of nodes: 5
Student reward: 1.3
Iteration 39/80
Training student with 20994 points
Train accuracy: 0.453051503423638
Test accuracy: 0.4663015003572279
Number of nodes: 5
Student reward: 2.7
Iteration 40/80
Training student with 21491 points
Train accuracy: 0.45503722661703117
Test accuracy: 0.4468481042102815
Number of nodes: 5
Student reward: 2.1
Iteration 41/80
Training student with 21972 points
Train accuracy: 0.4530921090060875
Test accuracy: 0.447098976109215
Number of nodes: 5
Student reward: 2.3
Iteration 42/80
Training student with 22492 points
Train accuracy: 0.4509531484466181
Test accuracy: 0.45454545454545453
Number of nodes: 5
Student reward: 2.8
Iteration 43/80
Training student with 23003 points
Train accuracy: 0.4581023801760678
Test accuracy: 0.44903281895240166
Number of nodes: 5
Student reward: 3.0
Iteration 44/80
Training student with 23548 points
Train accuracy: 0.4560462894150122
Test accuracy: 0.44501061571125267
Number of nodes: 5
Student reward: 3.2
Iteration 45/80
Training student with 24099 points
Train accuracy: 0.45318740598578766
Test accuracy: 0.44356846473029043
Number of nodes: 5
Student reward: 2.2
Iteration 46/80
Training student with 24600 points
Train accuracy: 0.4508130081300813
Test accuracy: 0.44613821138211385
Number of nodes: 5
Student reward: 2.8
Iteration 47/80
Training student with 25159 points
Train accuracy: 0.4555075272022656
Test accuracy: 0.44932432432432434
Number of nodes: 5
Student reward: 2.9
Iteration 48/80
Training student with 25707 points
Train accuracy: 0.4496960855823
Test accuracy: 0.46071567483469467
Number of nodes: 5
Student reward: 2.6
Iteration 49/80
Training student with 26232 points
Train accuracy: 0.44879675959018345
Test accuracy: 0.451114922813036
Number of nodes: 5
Student reward: 0.6
Iteration 50/80
Training student with 26646 points
Train accuracy: 0.4537436667292175
Test accuracy: 0.4482176360225141
Number of nodes: 5
Student reward: 2.3
Iteration 51/80
Training student with 27166 points
Train accuracy: 0.45136204675133446
Test accuracy: 0.44350386455649615
Number of nodes: 5
Student reward: 3.1
Iteration 52/80
Training student with 27754 points
Train accuracy: 0.4556141062018646
Test accuracy: 0.45973698432714827
Number of nodes: 5
Student reward: 1.6
Iteration 53/80
Training student with 28221 points
Train accuracy: 0.45384479092841956
Test accuracy: 0.45934455270150576
Number of nodes: 5
Student reward: 2.1
Iteration 54/80
Training student with 28696 points
Train accuracy: 0.45203868269733405
Test accuracy: 0.4602787456445993
Number of nodes: 5
Student reward: 2.2
Iteration 55/80
Training student with 29206 points
Train accuracy: 0.4538606403013183
Test accuracy: 0.4441971927422116
Number of nodes: 5
Student reward: 2.5
Iteration 56/80
Training student with 29720 points
Train accuracy: 0.44994952893674295
Test accuracy: 0.4496971736204576
Number of nodes: 5
Student reward: 2.6
Iteration 57/80
Training student with 30251 points
Train accuracy: 0.4508677685950413
Test accuracy: 0.44868616757560736
Number of nodes: 5
Student reward: 2.4
Iteration 58/80
Training student with 30765 points
Train accuracy: 0.45217779944742403
Test accuracy: 0.457012839265399
Number of nodes: 5
Student reward: 3.1
Iteration 59/80
Training student with 31295 points
Train accuracy: 0.4499520690206103
Test accuracy: 0.45774085317143315
Number of nodes: 5
Student reward: 3.6
Iteration 60/80
Training student with 31880 points
Train accuracy: 0.4504391468005019
Test accuracy: 0.450909661229611
Number of nodes: 5
Student reward: 2.1
Iteration 61/80
Training student with 32387 points
Train accuracy: 0.4498436836620479
Test accuracy: 0.44597097869712876
Number of nodes: 5
Student reward: 3.1
Iteration 62/80
Training student with 32973 points
Train accuracy: 0.44954128440366975
Test accuracy: 0.44579226686884005
Number of nodes: 5
Student reward: 3.2
Iteration 63/80
Training student with 33548 points
Train accuracy: 0.4504806617482674
Test accuracy: 0.45603576751117736
Number of nodes: 5
Student reward: 3.2
Iteration 64/80
Training student with 34109 points
Train accuracy: 0.4492982006083483
Test accuracy: 0.4522134271474641
Number of nodes: 5
Student reward: 0.9
Iteration 65/80
Training student with 34552 points
Train accuracy: 0.4524800115770052
Test accuracy: 0.4494284474026914
Number of nodes: 5
Student reward: 2.5
Iteration 66/80
Training student with 35067 points
Train accuracy: 0.451146044986276
Test accuracy: 0.43855146849158827
Number of nodes: 5
Student reward: 2.5
Iteration 67/80
Training student with 35591 points
Train accuracy: 0.45458696262995224
Test accuracy: 0.4545582244697289
Number of nodes: 5
Student reward: 2.9
Iteration 68/80
Training student with 36127 points
Train accuracy: 0.45340991661188196
Test accuracy: 0.4511486299474121
Number of nodes: 5
Student reward: 2.6
Iteration 69/80
Training student with 36671 points
Train accuracy: 0.45289064630488135
Test accuracy: 0.44785276073619634
Number of nodes: 5
Student reward: 2.0
Iteration 70/80
Training student with 37150 points
Train accuracy: 0.4522207267833109
Test accuracy: 0.4448183041722746
Number of nodes: 5
Student reward: 2.4
Iteration 71/80
Training student with 37644 points
Train accuracy: 0.44897891416237756
Test accuracy: 0.45304821357417985
Number of nodes: 5
Student reward: 2.2
Iteration 72/80
Training student with 38137 points
Train accuracy: 0.4488511586744895
Test accuracy: 0.44756161510225484
Number of nodes: 5
Student reward: 2.9
Iteration 73/80
Training student with 38737 points
Train accuracy: 0.4525799477233857
Test accuracy: 0.4468249870934435
Number of nodes: 5
Student reward: 2.4
Iteration 74/80
Training student with 39237 points
Train accuracy: 0.4483736340756316
Test accuracy: 0.4542558613659531
Number of nodes: 5
Student reward: 1.1
Iteration 75/80
Training student with 39663 points
Train accuracy: 0.4536716041601008
Test accuracy: 0.44724568259170555
Number of nodes: 5
Student reward: 2.5
Iteration 76/80
Training student with 40202 points
Train accuracy: 0.45101209539504367
Test accuracy: 0.4516851137918169
Number of nodes: 5
Student reward: 2.4
Iteration 77/80
Training student with 40690 points
Train accuracy: 0.4514008355861391
Test accuracy: 0.44507249938559845
Number of nodes: 5
Student reward: 3.2
Iteration 78/80
Training student with 41262 points
Train accuracy: 0.45033172771062435
Test accuracy: 0.44820065430752454
Number of nodes: 5
Student reward: 3.3
Iteration 79/80
Training student with 41854 points
Train accuracy: 0.45309560075262073
Test accuracy: 0.45036435312388007
Number of nodes: 5
Student reward: 2.5
Initial policy count: 80
Current policy count: 40
Reward update: 4.1 -> 3.62
Reward update: 4.1 -> 3.18
Reward update: 3.7 -> 3.1
Reward update: 3.6 -> 2.44
Reward update: 3.4 -> 3.44
Reward update: 3.3 -> 3.1
Reward update: 3.3 -> 3.16
Reward update: 3.2 -> 2.56
Reward update: 3.2 -> 3.26
Reward update: 3.2 -> 2.68
Reward update: 3.2 -> 2.48
Reward update: 3.1 -> 3.5
Reward update: 3.1 -> 3.14
Reward update: 3.1 -> 3.2
Reward update: 3.1 -> 2.4
Reward update: 3.1 -> 2.4
Reward update: 3.0 -> 3.1
Reward update: 3.0 -> 2.46
Reward update: 3.0 -> 2.52
Reward update: 2.9 -> 2.88
Reward update: 2.9 -> 2.5
Reward update: 2.9 -> 2.86
Reward update: 2.8 -> 2.62
Reward update: 2.8 -> 3.32
Reward update: 2.8 -> 3.32
Reward update: 2.7 -> 2.48
Reward update: 2.7 -> 2.56
Reward update: 2.7 -> 2.54
Reward update: 2.7 -> 2.64
Reward update: 2.6 -> 2.54
Reward update: 2.6 -> 2.68
Reward update: 2.6 -> 2.54
Reward update: 2.6 -> 2.52
Reward update: 2.6 -> 2.4
Reward update: 2.6 -> 2.44
Reward update: 2.5 -> 2.44
Reward update: 2.5 -> 2.22
Reward update: 2.5 -> 2.38
Reward update: 2.5 -> 2.24
Reward update: 2.5 -> 2.48
Current policy count: 20
Reward update: 3.62 -> 3.06
Reward update: 3.5 -> 3.52
Reward update: 3.44 -> 2.92
Reward update: 3.32 -> 3.32
Reward update: 3.32 -> 3.6
Reward update: 3.26 -> 3.24
Reward update: 3.2 -> 3.46
Reward update: 3.18 -> 3.06
Reward update: 3.16 -> 3.26
Reward update: 3.14 -> 3.36
Reward update: 3.1 -> 3.18
Reward update: 3.1 -> 3.1
Reward update: 3.1 -> 3.24
Reward update: 2.88 -> 2.36
Reward update: 2.86 -> 2.98
Reward update: 2.68 -> 2.46
Reward update: 2.68 -> 2.66
Reward update: 2.64 -> 2.76
Reward update: 2.62 -> 2.52
Reward update: 2.56 -> 2.0
Current policy count: 10
Reward update: 3.6 -> 3.3
Reward update: 3.52 -> 3.66
Reward update: 3.46 -> 3.42
Reward update: 3.36 -> 3.04
Reward update: 3.32 -> 3.14
Reward update: 3.26 -> 3.24
Reward update: 3.24 -> 3.16
Reward update: 3.24 -> 3.38
Reward update: 3.18 -> 3.18
Reward update: 3.1 -> 3.12
Current policy count: 5
Reward update: 3.66 -> 2.96
Reward update: 3.42 -> 3.16
Reward update: 3.38 -> 2.92
Reward update: 3.3 -> 3.7
Reward update: 3.24 -> 2.94
Current policy count: 3
Reward update: 3.7 -> 3.38
Reward update: 3.16 -> 2.92
Reward update: 2.96 -> 3.54
Current policy count: 2
Reward update: 3.54 -> 3.28
Reward update: 3.38 -> 3.72
Current policy count: 1
Reward update: 3.72 -> 3.08
Final reward: 3.22
Number of nodes: 5
