Iteration 0/80
Training student with 178 points
Train accuracy: 0.6971830985915493
Test accuracy: 0.7222222222222222
Number of nodes: 19
Student reward: 0.0
Iteration 1/80
Training student with 1178 points
Train accuracy: 0.3980891719745223
Test accuracy: 0.4194915254237288
Number of nodes: 23
Student reward: 0.0
Iteration 2/80
Training student with 2178 points
Train accuracy: 0.3811710677382319
Test accuracy: 0.3967889908256881
Number of nodes: 25
Student reward: 0.0
Iteration 3/80
Training student with 3178 points
Train accuracy: 0.3874901652242329
Test accuracy: 0.36163522012578614
Number of nodes: 21
Student reward: 0.0
Iteration 4/80
Training student with 4178 points
Train accuracy: 0.38539796529024534
Test accuracy: 0.39593301435406697
Number of nodes: 25
Student reward: 0.0
Iteration 5/80
Training student with 5178 points
Train accuracy: 0.38169966199903427
Test accuracy: 0.3938223938223938
Number of nodes: 23
Student reward: 0.0
Iteration 6/80
Training student with 6178 points
Train accuracy: 0.3804127883447997
Test accuracy: 0.3851132686084142
Number of nodes: 23
Student reward: 0.0
Iteration 7/80
Training student with 7178 points
Train accuracy: 0.3850574712643678
Test accuracy: 0.3746518105849582
Number of nodes: 23
Student reward: 0.0
Iteration 8/80
Training student with 8178 points
Train accuracy: 0.3775603790889636
Test accuracy: 0.38141809290953543
Number of nodes: 25
Student reward: 0.0
Iteration 9/80
Training student with 9178 points
Train accuracy: 0.3755107600108962
Test accuracy: 0.3752723311546841
Number of nodes: 25
Student reward: 0.0
Iteration 10/80
Training student with 10178 points
Train accuracy: 0.3730041758781626
Test accuracy: 0.35854616895874264
Number of nodes: 23
Student reward: 0.0
Iteration 11/80
Training student with 11178 points
Train accuracy: 0.3635651979422948
Test accuracy: 0.36493738819320215
Number of nodes: 23
Student reward: 0.0
Iteration 12/80
Training student with 12178 points
Train accuracy: 0.3687127899815233
Test accuracy: 0.36412151067323484
Number of nodes: 21
Student reward: 0.0
Iteration 13/80
Training student with 13178 points
Train accuracy: 0.37393284006829824
Test accuracy: 0.3486342943854325
Number of nodes: 21
Student reward: 0.0
Iteration 14/80
Training student with 14178 points
Train accuracy: 0.368100864045142
Test accuracy: 0.3656558533145275
Number of nodes: 25
Student reward: 0.0
Iteration 15/80
Training student with 15178 points
Train accuracy: 0.3695437324987646
Test accuracy: 0.369235836627141
Number of nodes: 25
Student reward: 0.0
Iteration 16/80
Training student with 16178 points
Train accuracy: 0.3691083294699428
Test accuracy: 0.36495673671199014
Number of nodes: 25
Student reward: 0.0
Iteration 17/80
Training student with 17178 points
Train accuracy: 0.3669043807306069
Test accuracy: 0.37077997671711294
Number of nodes: 23
Student reward: 0.0
Iteration 18/80
Training student with 18178 points
Train accuracy: 0.3705129968367487
Test accuracy: 0.3644114411441144
Number of nodes: 25
Student reward: 0.0
Iteration 19/80
Training student with 19178 points
Train accuracy: 0.37211576065701996
Test accuracy: 0.3597497393117831
Number of nodes: 25
Student reward: -0.8
Iteration 20/80
Training student with 19209 points
Train accuracy: 0.371900826446281
Test accuracy: 0.36309213951067154
Number of nodes: 25
Student reward: -1.0
Iteration 21/80
Training student with 19247 points
Train accuracy: 0.37351432097161785
Test accuracy: 0.3592207792207792
Number of nodes: 23
Student reward: -1.0
Iteration 22/80
Training student with 19281 points
Train accuracy: 0.3716286307053942
Test accuracy: 0.369198859217008
Number of nodes: 23
Student reward: -1.0
Iteration 23/80
Training student with 19319 points
Train accuracy: 0.3778712390812035
Test accuracy: 0.34627329192546585
Number of nodes: 25
Student reward: -0.8
Iteration 24/80
Training student with 19354 points
Train accuracy: 0.3717625783116967
Test accuracy: 0.37561353655386204
Number of nodes: 25
Student reward: 0.0
Iteration 25/80
Training student with 20354 points
Train accuracy: 0.3752379782595345
Test accuracy: 0.36084500122819946
Number of nodes: 23
Student reward: 0.0
Iteration 26/80
Training student with 21354 points
Train accuracy: 0.3734121641397881
Test accuracy: 0.36127370639194567
Number of nodes: 23
Student reward: 0.0
Iteration 27/80
Training student with 22354 points
Train accuracy: 0.3730917631269921
Test accuracy: 0.3551778125698949
Number of nodes: 25
Student reward: -1.0
Iteration 28/80
Training student with 22392 points
Train accuracy: 0.3705688606040306
Test accuracy: 0.36704621567314133
Number of nodes: 25
Student reward: -0.8
Iteration 29/80
Training student with 22423 points
Train accuracy: 0.37161333481993536
Test accuracy: 0.36477146042363434
Number of nodes: 23
Student reward: -1.0
Iteration 30/80
Training student with 22465 points
Train accuracy: 0.37352548408635655
Test accuracy: 0.3592254618295126
Number of nodes: 25
Student reward: -1.0
Iteration 31/80
Training student with 22499 points
Train accuracy: 0.372965164731374
Test accuracy: 0.37066666666666664
Number of nodes: 23
Student reward: 0.0
Iteration 32/80
Training student with 23499 points
Train accuracy: 0.37161551146337574
Test accuracy: 0.38148936170212766
Number of nodes: 23
Student reward: 0.0
Iteration 33/80
Training student with 24499 points
Train accuracy: 0.37170263788968827
Test accuracy: 0.3789795918367347
Number of nodes: 23
Student reward: 0.0
Iteration 34/80
Training student with 25499 points
Train accuracy: 0.3713907544487475
Test accuracy: 0.37549019607843137
Number of nodes: 23
Student reward: 0.0
Iteration 35/80
Training student with 26499 points
Train accuracy: 0.3744516250766546
Test accuracy: 0.36641509433962266
Number of nodes: 23
Student reward: 0.0
Iteration 36/80
Training student with 27499 points
Train accuracy: 0.3726533024228374
Test accuracy: 0.37636363636363634
Number of nodes: 25
Student reward: 0.0
Iteration 37/80
Training student with 28499 points
Train accuracy: 0.37427080135093643
Test accuracy: 0.3724561403508772
Number of nodes: 21
Student reward: 0.0
Iteration 38/80
Training student with 29499 points
Train accuracy: 0.37450739438111785
Test accuracy: 0.3722033898305085
Number of nodes: 25
Student reward: 0.0
Iteration 39/80
Training student with 30499 points
Train accuracy: 0.3716135907209312
Test accuracy: 0.380327868852459
Number of nodes: 25
Student reward: 0.0
Iteration 40/80
Training student with 31499 points
Train accuracy: 0.3749751974284694
Test accuracy: 0.36698412698412697
Number of nodes: 23
Student reward: 0.0
Iteration 41/80
Training student with 32499 points
Train accuracy: 0.3754375168275703
Test accuracy: 0.3709230769230769
Number of nodes: 23
Student reward: 0.0
Iteration 42/80
Training student with 33499 points
Train accuracy: 0.3782230680249263
Test accuracy: 0.3744776119402985
Number of nodes: 25
Student reward: -0.8
Iteration 43/80
Training student with 33538 points
Train accuracy: 0.3772642564293701
Test accuracy: 0.3719439475253429
Number of nodes: 25
Student reward: 0.0
Iteration 44/80
Training student with 34538 points
Train accuracy: 0.3760043431053203
Test accuracy: 0.38723219455703534
Number of nodes: 23
Student reward: -0.9
Iteration 45/80
Training student with 34677 points
Train accuracy: 0.37871742186655133
Test accuracy: 0.38019031141868515
Number of nodes: 25
Student reward: -1.0
Iteration 46/80
Training student with 34723 points
Train accuracy: 0.3780329757361941
Test accuracy: 0.3851691864650828
Number of nodes: 25
Student reward: -1.0
Iteration 47/80
Training student with 34761 points
Train accuracy: 0.3818685270425777
Test accuracy: 0.37077520494750466
Number of nodes: 25
Student reward: -1.0
Iteration 48/80
Training student with 34795 points
Train accuracy: 0.38037074292283374
Test accuracy: 0.37749676677683575
Number of nodes: 25
Student reward: -1.0
Iteration 49/80
Training student with 34829 points
Train accuracy: 0.3796073646053907
Test accuracy: 0.3696525983347689
Number of nodes: 25
Student reward: 0.0
Iteration 50/80
Training student with 35829 points
Train accuracy: 0.3809091860586819
Test accuracy: 0.3702204856265699
Number of nodes: 23
Student reward: 0.0
Iteration 51/80
Training student with 36829 points
Train accuracy: 0.3814275532023216
Test accuracy: 0.37781699701330435
Number of nodes: 25
Student reward: -1.0
Iteration 52/80
Training student with 36863 points
Train accuracy: 0.37978975924042047
Test accuracy: 0.38057778380577784
Number of nodes: 23
Student reward: 0.0
Iteration 53/80
Training student with 37863 points
Train accuracy: 0.38141300759326513
Test accuracy: 0.371715304370791
Number of nodes: 25
Student reward: 0.0
Iteration 54/80
Training student with 38863 points
Train accuracy: 0.38173045995496946
Test accuracy: 0.37681718770101635
Number of nodes: 25
Student reward: -1.0
Iteration 55/80
Training student with 38901 points
Train accuracy: 0.3828727506426735
Test accuracy: 0.3733453283639635
Number of nodes: 23
Student reward: -1.0
Iteration 56/80
Training student with 38939 points
Train accuracy: 0.3805977336201085
Test accuracy: 0.37776065742167436
Number of nodes: 23
Student reward: 0.0
Iteration 57/80
Training student with 39939 points
Train accuracy: 0.3816155988857939
Test accuracy: 0.37894341512268404
Number of nodes: 25
Student reward: -1.0
Iteration 58/80
Training student with 39973 points
Train accuracy: 0.3826380636687723
Test accuracy: 0.37073170731707317
Number of nodes: 25
Student reward: 0.0
Iteration 59/80
Training student with 40973 points
Train accuracy: 0.3817499542375984
Test accuracy: 0.37059182428309945
Number of nodes: 23
Student reward: -0.9
Iteration 60/80
Training student with 41100 points
Train accuracy: 0.380352798053528
Test accuracy: 0.38357664233576644
Number of nodes: 25
Student reward: 0.0
Iteration 61/80
Training student with 42100 points
Train accuracy: 0.38298693586698335
Test accuracy: 0.38396674584323043
Number of nodes: 25
Student reward: -0.8
Iteration 62/80
Training student with 42139 points
Train accuracy: 0.38334668209189876
Test accuracy: 0.3840768865685809
Number of nodes: 23
Student reward: -1.0
Iteration 63/80
Training student with 42181 points
Train accuracy: 0.3835941204362257
Test accuracy: 0.3841412824463672
Number of nodes: 25
Student reward: -0.9
Iteration 64/80
Training student with 42308 points
Train accuracy: 0.38536311528688766
Test accuracy: 0.3749704561569369
Number of nodes: 25
Student reward: 0.0
Iteration 65/80
Training student with 43308 points
Train accuracy: 0.38261271142411823
Test accuracy: 0.3762410528746248
Number of nodes: 25
Student reward: -1.0
Iteration 66/80
Training student with 43338 points
Train accuracy: 0.3838188635708105
Test accuracy: 0.38001845869866174
Number of nodes: 25
Student reward: 0.0
Iteration 67/80
Training student with 44338 points
Train accuracy: 0.38026501268677754
Test accuracy: 0.38509246729815066
Number of nodes: 25
Student reward: 0.0
Iteration 68/80
Training student with 45338 points
Train accuracy: 0.3818307140887786
Test accuracy: 0.37262902514336127
Number of nodes: 25
Student reward: -0.8
Iteration 69/80
Training student with 45566 points
Train accuracy: 0.3848074179743224
Test accuracy: 0.3795260039499671
Number of nodes: 25
Student reward: 0.0
Iteration 70/80
Training student with 46566 points
Train accuracy: 0.38545581445291527
Test accuracy: 0.37792570324243074
Number of nodes: 25
Student reward: 0.0
Iteration 71/80
Training student with 47566 points
Train accuracy: 0.3826342899190581
Test accuracy: 0.3833298297246164
Number of nodes: 25
Student reward: 0.0
Iteration 72/80
Training student with 48566 points
Train accuracy: 0.3832749922783898
Test accuracy: 0.3817171093267449
Number of nodes: 25
Student reward: 0.0
Iteration 73/80
Training student with 49566 points
Train accuracy: 0.3835872087158277
Test accuracy: 0.37764777082913054
Number of nodes: 25
Student reward: 0.0
Iteration 74/80
Training student with 50566 points
Train accuracy: 0.38119252447345003
Test accuracy: 0.3805615977852482
Number of nodes: 25
Student reward: 0.0
Iteration 75/80
Training student with 51566 points
Train accuracy: 0.3793997866770096
Test accuracy: 0.38559239868140394
Number of nodes: 25
Student reward: 0.0
Iteration 76/80
Training student with 52566 points
Train accuracy: 0.37983924664700847
Test accuracy: 0.3851055735210196
Number of nodes: 25
Student reward: 0.0
Iteration 77/80
Training student with 53566 points
Train accuracy: 0.3821758611033324
Test accuracy: 0.3722232592869143
Number of nodes: 25
Student reward: 0.0
Iteration 78/80
Training student with 54566 points
Train accuracy: 0.3809905617153853
Test accuracy: 0.3777716694154297
Number of nodes: 25
Student reward: 0.0
Iteration 79/80
Training student with 55566 points
Train accuracy: 0.37933051381265187
Test accuracy: 0.3840201547597625
Number of nodes: 23
Student reward: 0.0
Initial policy count: 80
Current policy count: 40
Reward update: 0.0 -> -0.04
Reward update: 0.0 -> 0.0
Reward update: 0.0 -> 0.0
Reward update: 0.0 -> 0.0
Reward update: 0.0 -> 0.0
Reward update: 0.0 -> 0.0
Reward update: 0.0 -> 0.0
Reward update: 0.0 -> 0.0
Reward update: 0.0 -> 0.0
Reward update: 0.0 -> 0.0
Reward update: 0.0 -> 0.0
Reward update: 0.0 -> 0.0
Reward update: 0.0 -> 0.0
Reward update: 0.0 -> 0.0
Reward update: 0.0 -> 0.04
Reward update: 0.0 -> 0.0
Reward update: 0.0 -> 0.0
Reward update: 0.0 -> 0.0
Reward update: 0.0 -> 0.0
Reward update: 0.0 -> 0.0
Reward update: 0.0 -> 0.0
Reward update: 0.0 -> 0.0
Reward update: 0.0 -> 0.0
Reward update: 0.0 -> 0.0
Reward update: 0.0 -> 0.0
Reward update: 0.0 -> 0.0
Reward update: 0.0 -> 0.04
Reward update: 0.0 -> 0.0
Reward update: 0.0 -> 0.0
Reward update: 0.0 -> 0.0
Reward update: 0.0 -> 0.0
Reward update: 0.0 -> 0.04
Reward update: 0.0 -> 0.0
Reward update: 0.0 -> 0.04
Reward update: 0.0 -> 0.0
Reward update: 0.0 -> 0.0
Reward update: 0.0 -> 0.0
Reward update: 0.0 -> 0.0
Reward update: 0.0 -> 0.0
Reward update: 0.0 -> 0.0
Current policy count: 20
Reward update: 0.04 -> 0.0
Reward update: 0.04 -> 0.0
Reward update: 0.04 -> 0.0
Reward update: 0.04 -> 0.02
Reward update: 0.0 -> 0.0
Reward update: 0.0 -> 0.0
Reward update: 0.0 -> 0.0
Reward update: 0.0 -> 0.0
Reward update: 0.0 -> 0.0
Reward update: 0.0 -> 0.0
Reward update: 0.0 -> 0.0
Reward update: 0.0 -> 0.0
Reward update: 0.0 -> 0.0
Reward update: 0.0 -> 0.0
Reward update: 0.0 -> 0.0
Reward update: 0.0 -> 0.0
Reward update: 0.0 -> 0.0
Reward update: 0.0 -> 0.0
Reward update: 0.0 -> 0.0
Reward update: 0.0 -> 0.0
Current policy count: 10
Reward update: 0.02 -> 0.04
Reward update: 0.0 -> 0.02
Reward update: 0.0 -> 0.06
Reward update: 0.0 -> 0.0
Reward update: 0.0 -> 0.0
Reward update: 0.0 -> 0.0
Reward update: 0.0 -> 0.0
Reward update: 0.0 -> 0.0
Reward update: 0.0 -> 0.0
Reward update: 0.0 -> 0.0
Current policy count: 5
Reward update: 0.06 -> 0.04
Reward update: 0.04 -> 0.02
Reward update: 0.02 -> 0.04
Reward update: 0.0 -> 0.04
Reward update: 0.0 -> 0.0
Current policy count: 3
Reward update: 0.04 -> 0.04
Reward update: 0.04 -> 0.0
Reward update: 0.04 -> 0.02
Current policy count: 2
Reward update: 0.04 -> 0.0
Reward update: 0.02 -> 0.0
Current policy count: 1
Reward update: 0.0 -> 0.08
Final reward: 0.02
Number of nodes: 23
