Iteration 0/80
Training student with 113 points
Train accuracy: 0.8
Test accuracy: 0.782608695652174
Number of nodes: 3
Student reward: 0.1636363636363636
Iteration 1/80
Training student with 1022 points
Train accuracy: 0.6780905752753978
Test accuracy: 0.7121951219512195
Number of nodes: 13
Student reward: 0.16363636363636364
Iteration 2/80
Training student with 2022 points
Train accuracy: 0.6042053184910328
Test accuracy: 0.5950617283950618
Number of nodes: 13
Student reward: 0.3454545454545454
Iteration 3/80
Training student with 2931 points
Train accuracy: 0.60580204778157
Test accuracy: 0.6047700170357752
Number of nodes: 15
Student reward: 0.2909090909090909
Iteration 4/80
Training student with 3840 points
Train accuracy: 0.5904947916666666
Test accuracy: 0.5611979166666666
Number of nodes: 15
Student reward: 0.23636363636363633
Iteration 5/80
Training student with 4749 points
Train accuracy: 0.573308765464596
Test accuracy: 0.5789473684210527
Number of nodes: 15
Student reward: 0.28181818181818175
Iteration 6/80
Training student with 5658 points
Train accuracy: 0.5614228899690676
Test accuracy: 0.5609540636042403
Number of nodes: 15
Student reward: 0.3181818181818182
Iteration 7/80
Training student with 6658 points
Train accuracy: 0.5685317311303042
Test accuracy: 0.5803303303303303
Number of nodes: 15
Student reward: 0.22727272727272724
Iteration 8/80
Training student with 7567 points
Train accuracy: 0.5579051709895919
Test accuracy: 0.5680317040951123
Number of nodes: 15
Student reward: 0.20909090909090908
Iteration 9/80
Training student with 8567 points
Train accuracy: 0.5543557566029477
Test accuracy: 0.5274212368728122
Number of nodes: 15
Student reward: 0.15454545454545454
Iteration 10/80
Training student with 9567 points
Train accuracy: 0.5676205409643277
Test accuracy: 0.5752351097178683
Number of nodes: 15
Student reward: 0.2545454545454545
Iteration 11/80
Training student with 10476 points
Train accuracy: 0.5698090692124105
Test accuracy: 0.5691793893129771
Number of nodes: 15
Student reward: 0.1272727272727273
Iteration 12/80
Training student with 11476 points
Train accuracy: 0.5618736383442265
Test accuracy: 0.5601045296167247
Number of nodes: 15
Student reward: 0.46363636363636357
Iteration 13/80
Training student with 12203 points
Train accuracy: 0.5518336406474084
Test accuracy: 0.5661614092585007
Number of nodes: 15
Student reward: 0.19090909090909086
Iteration 14/80
Training student with 13112 points
Train accuracy: 0.5460005720278387
Test accuracy: 0.5512771635531833
Number of nodes: 15
Student reward: 0.27272727272727276
Iteration 15/80
Training student with 14112 points
Train accuracy: 0.547258393126052
Test accuracy: 0.544810485299327
Number of nodes: 15
Student reward: 0.33636363636363636
Iteration 16/80
Training student with 15021 points
Train accuracy: 0.5398635153129161
Test accuracy: 0.5507487520798668
Number of nodes: 15
Student reward: 0.3909090909090909
Iteration 17/80
Training student with 15839 points
Train accuracy: 0.5424986188935365
Test accuracy: 0.5337752525252525
Number of nodes: 15
Student reward: 0.29999999999999993
Iteration 18/80
Training student with 16748 points
Train accuracy: 0.538811762949694
Test accuracy: 0.5528358208955224
Number of nodes: 15
Student reward: 0.23636363636363633
Iteration 19/80
Training student with 17748 points
Train accuracy: 0.5397239047753205
Test accuracy: 0.5394366197183098
Number of nodes: 15
Student reward: 0.3181818181818182
Iteration 20/80
Training student with 18657 points
Train accuracy: 0.5420435510887772
Test accuracy: 0.5302786709539121
Number of nodes: 15
Student reward: 0.2818181818181818
Iteration 21/80
Training student with 19657 points
Train accuracy: 0.5376152623211446
Test accuracy: 0.5366225839267549
Number of nodes: 15
Student reward: 0.40909090909090906
Iteration 22/80
Training student with 20384 points
Train accuracy: 0.5417305451646532
Test accuracy: 0.5312729948491538
Number of nodes: 15
Student reward: 0.3727272727272727
Iteration 23/80
Training student with 21293 points
Train accuracy: 0.5517787953504755
Test accuracy: 0.5451984033810754
Number of nodes: 15
Student reward: 0.3727272727272727
Iteration 24/80
Training student with 22202 points
Train accuracy: 0.5507009740442542
Test accuracy: 0.5528034226525558
Number of nodes: 15
Student reward: 0.33636363636363636
Iteration 25/80
Training student with 23020 points
Train accuracy: 0.55125977410947
Test accuracy: 0.5410512597741095
Number of nodes: 15
Student reward: 0.3545454545454545
Iteration 26/80
Training student with 23838 points
Train accuracy: 0.5450445726271631
Test accuracy: 0.5530620805369127
Number of nodes: 15
Student reward: 0.32727272727272727
Iteration 27/80
Training student with 24747 points
Train accuracy: 0.5465474566853563
Test accuracy: 0.5517171717171717
Number of nodes: 15
Student reward: 0.21818181818181817
Iteration 28/80
Training student with 25747 points
Train accuracy: 0.5503228625527989
Test accuracy: 0.5483495145631068
Number of nodes: 15
Student reward: 0.1727272727272727
Iteration 29/80
Training student with 26747 points
Train accuracy: 0.5477403374304809
Test accuracy: 0.5441121495327103
Number of nodes: 15
Student reward: 0.2
Iteration 30/80
Training student with 27656 points
Train accuracy: 0.5423521967094558
Test accuracy: 0.5610990600144613
Number of nodes: 15
Student reward: 0.2
Iteration 31/80
Training student with 28656 points
Train accuracy: 0.5416157738614552
Test accuracy: 0.5504187020237264
Number of nodes: 15
Student reward: 0.1909090909090909
Iteration 32/80
Training student with 29656 points
Train accuracy: 0.5408025628055977
Test accuracy: 0.5374241402562373
Number of nodes: 15
Student reward: 0.3181818181818182
Iteration 33/80
Training student with 30565 points
Train accuracy: 0.5449860952069361
Test accuracy: 0.53836087027646
Number of nodes: 15
Student reward: 0.22727272727272724
Iteration 34/80
Training student with 31565 points
Train accuracy: 0.5421352764137494
Test accuracy: 0.5426896879455093
Number of nodes: 15
Student reward: 0.3
Iteration 35/80
Training student with 32474 points
Train accuracy: 0.5387813233765734
Test accuracy: 0.5422632794457275
Number of nodes: 15
Student reward: 0.4363636363636364
Iteration 36/80
Training student with 33292 points
Train accuracy: 0.5402695903578267
Test accuracy: 0.5356660159183061
Number of nodes: 15
Student reward: 0.2272727272727273
Iteration 37/80
Training student with 34201 points
Train accuracy: 0.5335891812865498
Test accuracy: 0.5443648589387516
Number of nodes: 15
Student reward: 0.21818181818181817
Iteration 38/80
Training student with 35201 points
Train accuracy: 0.535546875
Test accuracy: 0.5310325237892345
Number of nodes: 15
Student reward: 0.2
Iteration 39/80
Training student with 36110 points
Train accuracy: 0.5335433397950706
Test accuracy: 0.5290778177790085
Number of nodes: 15
Student reward: 0.3636363636363636
Iteration 40/80
Training student with 36837 points
Train accuracy: 0.5337133937357902
Test accuracy: 0.5328447339847991
Number of nodes: 15
Student reward: 0.3181818181818182
Iteration 41/80
Training student with 37655 points
Train accuracy: 0.5416611339795512
Test accuracy: 0.5339264373921127
Number of nodes: 15
Student reward: 0.32727272727272727
Iteration 42/80
Training student with 38655 points
Train accuracy: 0.5414564739361014
Test accuracy: 0.5346009571853576
Number of nodes: 15
Student reward: 0.2636363636363636
Iteration 43/80
Training student with 39655 points
Train accuracy: 0.5384251670659438
Test accuracy: 0.5467154205018283
Number of nodes: 15
Student reward: 0.20909090909090908
Iteration 44/80
Training student with 40655 points
Train accuracy: 0.5395092854507441
Test accuracy: 0.5408928791046612
Number of nodes: 15
Student reward: 0.3363636363636363
Iteration 45/80
Training student with 41473 points
Train accuracy: 0.5394839954186509
Test accuracy: 0.5364677516576251
Number of nodes: 15
Student reward: 0.2
Iteration 46/80
Training student with 42382 points
Train accuracy: 0.5381802094086418
Test accuracy: 0.5353308953639259
Number of nodes: 15
Student reward: 0.5363636363636363
Iteration 47/80
Training student with 43109 points
Train accuracy: 0.5397396120277206
Test accuracy: 0.5296914868939921
Number of nodes: 15
Student reward: 0.29999999999999993
Iteration 48/80
Training student with 44109 points
Train accuracy: 0.5407940601354606
Test accuracy: 0.5287916572205849
Number of nodes: 15
Student reward: 0.23636363636363633
Iteration 49/80
Training student with 45018 points
Train accuracy: 0.5375131893152663
Test accuracy: 0.5296534873389604
Number of nodes: 15
Student reward: 0.28181818181818186
Iteration 50/80
Training student with 46018 points
Train accuracy: 0.5352311620579128
Test accuracy: 0.5385701868752716
Number of nodes: 15
Student reward: 0.32727272727272727
Iteration 51/80
Training student with 46927 points
Train accuracy: 0.5372259662768706
Test accuracy: 0.5364372469635628
Number of nodes: 15
Student reward: 0.42727272727272725
Iteration 52/80
Training student with 47836 points
Train accuracy: 0.538935925577506
Test accuracy: 0.5345944816053512
Number of nodes: 15
Student reward: 0.07272727272727272
Iteration 53/80
Training student with 48836 points
Train accuracy: 0.5392648715060919
Test accuracy: 0.5466830466830467
Number of nodes: 15
Student reward: 0.3
Iteration 54/80
Training student with 49836 points
Train accuracy: 0.540483595866359
Test accuracy: 0.536416532905297
Number of nodes: 15
Student reward: 0.21818181818181817
Iteration 55/80
Training student with 50836 points
Train accuracy: 0.5378184321825514
Test accuracy: 0.5439614476789929
Number of nodes: 15
Student reward: 0.5272727272727272
Iteration 56/80
Training student with 51563 points
Train accuracy: 0.5391515151515152
Test accuracy: 0.540288955686997
Number of nodes: 15
Student reward: 0.32727272727272727
Iteration 57/80
Training student with 52563 points
Train accuracy: 0.5390011890606421
Test accuracy: 0.54228098544659
Number of nodes: 15
Student reward: 0.2545454545454545
Iteration 58/80
Training student with 53472 points
Train accuracy: 0.5381864085840522
Test accuracy: 0.537260402057036
Number of nodes: 15
Student reward: 0.23636363636363633
Iteration 59/80
Training student with 54472 points
Train accuracy: 0.5373247355256213
Test accuracy: 0.5332721431849472
Number of nodes: 15
Student reward: 0.2181818181818182
Iteration 60/80
Training student with 55472 points
Train accuracy: 0.5336322869955157
Test accuracy: 0.5413249211356467
Number of nodes: 15
Student reward: 0.13636363636363638
Iteration 61/80
Training student with 56472 points
Train accuracy: 0.5350731566947783
Test accuracy: 0.5330677290836653
Number of nodes: 15
Student reward: 0.14545454545454545
Iteration 62/80
Training student with 57472 points
Train accuracy: 0.5355286338821584
Test accuracy: 0.5290996085254458
Number of nodes: 15
Student reward: 0.21818181818181817
Iteration 63/80
Training student with 58381 points
Train accuracy: 0.5379624871531347
Test accuracy: 0.5354971311124432
Number of nodes: 15
Student reward: 0.13636363636363638
Iteration 64/80
Training student with 59381 points
Train accuracy: 0.5358075109464466
Test accuracy: 0.5404563441946619
Number of nodes: 15
Student reward: 0.19090909090909086
Iteration 65/80
Training student with 60381 points
Train accuracy: 0.5354421994037761
Test accuracy: 0.5373851121967376
Number of nodes: 15
Student reward: 0.2
Iteration 66/80
Training student with 61290 points
Train accuracy: 0.535364659813999
Test accuracy: 0.5332843857072932
Number of nodes: 15
Student reward: 0.38181818181818183
Iteration 67/80
Training student with 62108 points
Train accuracy: 0.5340538582296824
Test accuracy: 0.5392046369344711
Number of nodes: 15
Student reward: 0.21818181818181817
Iteration 68/80
Training student with 63108 points
Train accuracy: 0.5347621122687478
Test accuracy: 0.5347013151639993
Number of nodes: 15
Student reward: 0.3181818181818182
Iteration 69/80
Training student with 63926 points
Train accuracy: 0.5330269847477512
Test accuracy: 0.538401376505553
Number of nodes: 15
Student reward: 0.36363636363636365
Iteration 70/80
Training student with 64744 points
Train accuracy: 0.5327541268462207
Test accuracy: 0.5371843385589621
Number of nodes: 15
Student reward: 0.409090909090909
Iteration 71/80
Training student with 65562 points
Train accuracy: 0.5329176914717154
Test accuracy: 0.5336688782124609
Number of nodes: 15
Student reward: 0.28181818181818186
Iteration 72/80
Training student with 66471 points
Train accuracy: 0.5335677749360613
Test accuracy: 0.5311019180142911
Number of nodes: 15
Student reward: 0.3
Iteration 73/80
Training student with 67471 points
Train accuracy: 0.5348858752037943
Test accuracy: 0.5304186735828085
Number of nodes: 15
Student reward: 0.3090909090909091
Iteration 74/80
Training student with 68380 points
Train accuracy: 0.5358109096226967
Test accuracy: 0.5375109681193332
Number of nodes: 15
Student reward: 0.11818181818181817
Iteration 75/80
Training student with 69380 points
Train accuracy: 0.5357812049582013
Test accuracy: 0.5307004900547708
Number of nodes: 15
Student reward: 0.22727272727272724
Iteration 76/80
Training student with 70380 points
Train accuracy: 0.534757743677181
Test accuracy: 0.5340295538505258
Number of nodes: 15
Student reward: 0.33636363636363636
Iteration 77/80
Training student with 71380 points
Train accuracy: 0.5348837209302325
Test accuracy: 0.5331325301204819
Number of nodes: 15
Student reward: 0.39999999999999997
Iteration 78/80
Training student with 72198 points
Train accuracy: 0.5349042556875238
Test accuracy: 0.5297783933518005
Number of nodes: 15
Student reward: 0.22727272727272724
Iteration 79/80
Training student with 73198 points
Train accuracy: 0.5346323303391509
Test accuracy: 0.5309426229508196
Number of nodes: 17
Student reward: 0.28181818181818186
Initial policy count: 80
Current policy count: 40
Reward update: 0.5363636363636363 -> 0.22363636363636366
Reward update: 0.5272727272727272 -> 0.25636363636363635
Reward update: 0.46363636363636357 -> 0.2672727272727273
Reward update: 0.4363636363636364 -> 0.22
Reward update: 0.42727272727272725 -> 0.27454545454545454
Reward update: 0.40909090909090906 -> 0.21454545454545454
Reward update: 0.409090909090909 -> 0.26545454545454544
Reward update: 0.39999999999999997 -> 0.24545454545454548
Reward update: 0.3909090909090909 -> 0.2418181818181818
Reward update: 0.38181818181818183 -> 0.28
Reward update: 0.3727272727272727 -> 0.26363636363636367
Reward update: 0.3727272727272727 -> 0.20363636363636364
Reward update: 0.36363636363636365 -> 0.3163636363636363
Reward update: 0.3636363636363636 -> 0.2472727272727273
Reward update: 0.3545454545454545 -> 0.2763636363636363
Reward update: 0.3454545454545454 -> 0.25636363636363635
Reward update: 0.33636363636363636 -> 0.28727272727272724
Reward update: 0.33636363636363636 -> 0.20181818181818184
Reward update: 0.33636363636363636 -> 0.3436363636363636
Reward update: 0.3363636363636363 -> 0.3090909090909091
Reward update: 0.32727272727272727 -> 0.2618181818181819
Reward update: 0.32727272727272727 -> 0.3290909090909092
Reward update: 0.32727272727272727 -> 0.28181818181818186
Reward update: 0.32727272727272727 -> 0.2509090909090909
Reward update: 0.3181818181818182 -> 0.2927272727272728
Reward update: 0.3181818181818182 -> 0.33818181818181825
Reward update: 0.3181818181818182 -> 0.2618181818181818
Reward update: 0.3181818181818182 -> 0.24545454545454554
Reward update: 0.3181818181818182 -> 0.34181818181818185
Reward update: 0.3090909090909091 -> 0.28363636363636363
Reward update: 0.3 -> 0.32363636363636383
Reward update: 0.3 -> 0.19818181818181815
Reward update: 0.3 -> 0.3036363636363637
Reward update: 0.29999999999999993 -> 0.3036363636363637
Reward update: 0.29999999999999993 -> 0.30363636363636365
Reward update: 0.2909090909090909 -> 0.20727272727272728
Reward update: 0.28181818181818186 -> 0.28727272727272735
Reward update: 0.28181818181818186 -> 0.28363636363636374
Reward update: 0.28181818181818186 -> 0.2836363636363637
Reward update: 0.2818181818181818 -> 0.27454545454545454
Current policy count: 20
Reward update: 0.3436363636363636 -> 0.30545454545454553
Reward update: 0.34181818181818185 -> 0.3018181818181818
Reward update: 0.33818181818181825 -> 0.25636363636363635
Reward update: 0.3290909090909092 -> 0.25272727272727274
Reward update: 0.32363636363636383 -> 0.28181818181818197
Reward update: 0.3163636363636363 -> 0.2109090909090909
Reward update: 0.3090909090909091 -> 0.26727272727272733
Reward update: 0.3036363636363637 -> 0.2854545454545455
Reward update: 0.3036363636363637 -> 0.19999999999999996
Reward update: 0.30363636363636365 -> 0.2618181818181819
Reward update: 0.2927272727272728 -> 0.24181818181818177
Reward update: 0.28727272727272735 -> 0.25272727272727263
Reward update: 0.28727272727272724 -> 0.26363636363636367
Reward update: 0.28363636363636374 -> 0.3036363636363637
Reward update: 0.2836363636363637 -> 0.3236363636363637
Reward update: 0.28363636363636363 -> 0.32727272727272727
Reward update: 0.28181818181818186 -> 0.2545454545454546
Reward update: 0.28 -> 0.28181818181818186
Reward update: 0.2763636363636363 -> 0.2309090909090909
Reward update: 0.27454545454545454 -> 0.22181818181818183
Current policy count: 10
Reward update: 0.32727272727272727 -> 0.28727272727272735
Reward update: 0.3236363636363637 -> 0.2381818181818183
Reward update: 0.30545454545454553 -> 0.23454545454545453
Reward update: 0.3036363636363637 -> 0.2709090909090909
Reward update: 0.3018181818181818 -> 0.2909090909090909
Reward update: 0.2854545454545455 -> 0.29090909090909095
Reward update: 0.28181818181818197 -> 0.21454545454545457
Reward update: 0.28181818181818186 -> 0.33272727272727276
Reward update: 0.26727272727272733 -> 0.3345454545454547
Reward update: 0.26363636363636367 -> 0.24363636363636368
Current policy count: 5
Reward update: 0.3345454545454547 -> 0.25818181818181823
Reward update: 0.33272727272727276 -> 0.2763636363636364
Reward update: 0.29090909090909095 -> 0.26
Reward update: 0.2909090909090909 -> 0.2890909090909091
Reward update: 0.28727272727272735 -> 0.25636363636363635
Current policy count: 3
Reward update: 0.2890909090909091 -> 0.2272727272727273
Reward update: 0.2763636363636364 -> 0.2836363636363637
Reward update: 0.26 -> 0.2127272727272727
Current policy count: 2
Reward update: 0.2836363636363637 -> 0.31636363636363646
Reward update: 0.2272727272727273 -> 0.27454545454545454
Current policy count: 1
Reward update: 0.31636363636363646 -> 0.24545454545454548
Final reward: 0.24181818181818182
Number of nodes: 15
Iteration 0/80
Training student with 933 points
Train accuracy: 0.4128686327077748
Test accuracy: 0.39037433155080214
Number of nodes: 23
Student reward: 0.06363636363636364
Iteration 1/80
Training student with 1933 points
Train accuracy: 0.4023285899094437
Test accuracy: 0.4005167958656331
Number of nodes: 23
Student reward: 0.09090909090909093
Iteration 2/80
Training student with 2933 points
Train accuracy: 0.38704177323103156
Test accuracy: 0.3747870528109029
Number of nodes: 23
Student reward: 0.07272727272727274
Iteration 3/80
Training student with 3933 points
Train accuracy: 0.378893833439288
Test accuracy: 0.36213468869123255
Number of nodes: 23
Student reward: 0.08181818181818183
Iteration 4/80
Training student with 4933 points
Train accuracy: 0.36923466801824634
Test accuracy: 0.3617021276595745
Number of nodes: 23
Student reward: 0.09090909090909093
Iteration 5/80
Training student with 5933 points
Train accuracy: 0.36536030341340076
Test accuracy: 0.37826453243470937
Number of nodes: 23
Student reward: 0.07272727272727274
Iteration 6/80
Training student with 6933 points
Train accuracy: 0.36566895059502347
Test accuracy: 0.3828406633020908
Number of nodes: 23
Student reward: 0.045454545454545456
Iteration 7/80
Training student with 7933 points
Train accuracy: 0.3629057674125433
Test accuracy: 0.3749212350346566
Number of nodes: 23
Student reward: 0.08181818181818183
Iteration 8/80
Training student with 8933 points
Train accuracy: 0.369717324377274
Test accuracy: 0.3368774482372692
Number of nodes: 23
Student reward: 0.06363636363636364
Iteration 9/80
Training student with 9933 points
Train accuracy: 0.3694940850742512
Test accuracy: 0.3417211877201812
Number of nodes: 23
Student reward: 0.07272727272727274
Iteration 10/80
Training student with 10933 points
Train accuracy: 0.36599588383260917
Test accuracy: 0.3529949702789209
Number of nodes: 23
Student reward: 0.08181818181818183
Iteration 11/80
Training student with 11933 points
Train accuracy: 0.3623507228158391
Test accuracy: 0.362379555927943
Number of nodes: 23
Student reward: 0.07272727272727274
Iteration 12/80
Training student with 12933 points
Train accuracy: 0.3591726271022617
Test accuracy: 0.3703131039814457
Number of nodes: 23
Student reward: 0.08181818181818183
Iteration 13/80
Training student with 13933 points
Train accuracy: 0.3581553920689036
Test accuracy: 0.3638320775026911
Number of nodes: 23
Student reward: 0.08181818181818183
Iteration 14/80
Training student with 14933 points
Train accuracy: 0.35861376192867905
Test accuracy: 0.3578841647137596
Number of nodes: 23
Student reward: 0.08181818181818183
Iteration 15/80
Training student with 15933 points
Train accuracy: 0.35697473717244627
Test accuracy: 0.36366488860997803
Number of nodes: 23
Student reward: 0.08181818181818183
Iteration 16/80
Training student with 16933 points
Train accuracy: 0.3540528569319356
Test accuracy: 0.36935341009743133
Number of nodes: 23
Student reward: 0.09090909090909093
Iteration 17/80
Training student with 17933 points
Train accuracy: 0.3559877317719225
Test accuracy: 0.359632004460552
Number of nodes: 23
Student reward: 0.06363636363636364
Iteration 18/80
Training student with 18933 points
Train accuracy: 0.3558695365112901
Test accuracy: 0.3599155003960919
Number of nodes: 23
Student reward: 0.06363636363636364
Iteration 19/80
Training student with 19933 points
Train accuracy: 0.3577072620092813
Test accuracy: 0.3506395786305493
Number of nodes: 23
Student reward: 0.08181818181818183
Iteration 20/80
Training student with 20933 points
Train accuracy: 0.35626418249134123
Test accuracy: 0.3584905660377358
Number of nodes: 23
Student reward: 0.07272727272727274
Iteration 21/80
Training student with 21933 points
Train accuracy: 0.3568904593639576
Test accuracy: 0.3571917027581491
Number of nodes: 23
Student reward: 0.07272727272727274
Iteration 22/80
Training student with 22933 points
Train accuracy: 0.3583342417965769
Test accuracy: 0.354916067146283
Number of nodes: 23
Student reward: 0.06363636363636364
Iteration 23/80
Training student with 23933 points
Train accuracy: 0.36028413245586544
Test accuracy: 0.3469814079799457
Number of nodes: 23
Student reward: 0.08181818181818183
Iteration 24/80
Training student with 24933 points
Train accuracy: 0.3576155620174471
Test accuracy: 0.3525165430118308
Number of nodes: 23
Student reward: 0.08181818181818183
Iteration 25/80
Training student with 25933 points
Train accuracy: 0.35404415308975223
Test accuracy: 0.3587815693078851
Number of nodes: 23
Student reward: 0.09090909090909093
Iteration 26/80
Training student with 26933 points
Train accuracy: 0.3558897243107769
Test accuracy: 0.355485427881938
Number of nodes: 23
Student reward: 0.08181818181818183
Iteration 27/80
Training student with 27933 points
Train accuracy: 0.3563501297771413
Test accuracy: 0.3576158940397351
Number of nodes: 23
Student reward: 0.06363636363636364
Iteration 28/80
Training student with 28933 points
Train accuracy: 0.3576427892508425
Test accuracy: 0.3514774494556765
Number of nodes: 23
Student reward: 0.09090909090909093
Iteration 29/80
Training student with 29933 points
Train accuracy: 0.35738745510732484
Test accuracy: 0.3542675797561383
Number of nodes: 23
Student reward: 0.05454545454545455
Iteration 30/80
Training student with 30933 points
Train accuracy: 0.3558150812252485
Test accuracy: 0.3572005818652012
Number of nodes: 23
Student reward: 0.08181818181818183
Iteration 31/80
Training student with 31933 points
Train accuracy: 0.3562201518828779
Test accuracy: 0.35540942539533427
Number of nodes: 23
Student reward: 0.045454545454545456
Iteration 32/80
Training student with 32933 points
Train accuracy: 0.3552341911485615
Test accuracy: 0.35600425079702447
Number of nodes: 23
Student reward: 0.07272727272727274
Iteration 33/80
Training student with 33933 points
Train accuracy: 0.35511677595225816
Test accuracy: 0.353322528363047
Number of nodes: 23
Student reward: 0.08181818181818183
Iteration 34/80
Training student with 34933 points
Train accuracy: 0.3525370357117298
Test accuracy: 0.36410476599398883
Number of nodes: 23
Student reward: 0.08181818181818183
Iteration 35/80
Training student with 35933 points
Train accuracy: 0.3561886871216865
Test accuracy: 0.34590232363990536
Number of nodes: 23
Student reward: 0.07272727272727274
Iteration 36/80
Training student with 36933 points
Train accuracy: 0.35243349353550396
Test accuracy: 0.3619872749424665
Number of nodes: 23
Student reward: 0.07272727272727274
Iteration 37/80
Training student with 37933 points
Train accuracy: 0.35223752718644963
Test accuracy: 0.3611440622116779
Number of nodes: 23
Student reward: 0.08181818181818183
Iteration 38/80
Training student with 38933 points
Train accuracy: 0.35487703075836385
Test accuracy: 0.35353794786182097
Number of nodes: 23
Student reward: 0.09090909090909093
Iteration 39/80
Training student with 39933 points
Train accuracy: 0.358292117949039
Test accuracy: 0.3403029923625892
Number of nodes: 23
Student reward: 0.07272727272727274
Iteration 40/80
Training student with 40933 points
Train accuracy: 0.3536615159103402
Test accuracy: 0.3578844509588372
Number of nodes: 23
Student reward: 0.06363636363636364
Iteration 41/80
Training student with 41933 points
Train accuracy: 0.3563166994574614
Test accuracy: 0.3491117205198522
Number of nodes: 23
Student reward: 0.08181818181818183
Iteration 42/80
Training student with 42933 points
Train accuracy: 0.35287952017702207
Test accuracy: 0.36415511820193314
Number of nodes: 23
Student reward: 0.06363636363636364
Iteration 43/80
Training student with 43933 points
Train accuracy: 0.35526091162578954
Test accuracy: 0.3529077045635598
Number of nodes: 23
Student reward: 0.07272727272727274
Iteration 44/80
Training student with 44933 points
Train accuracy: 0.35500472931619653
Test accuracy: 0.35562479136530545
Number of nodes: 23
Student reward: 0.06363636363636364
Iteration 45/80
Training student with 45933 points
Train accuracy: 0.3541882109617373
Test accuracy: 0.35757048002612385
Number of nodes: 23
Student reward: 0.08181818181818183
Iteration 46/80
Training student with 46933 points
Train accuracy: 0.35391253395834443
Test accuracy: 0.3584744859912645
Number of nodes: 23
Student reward: 0.07272727272727274
Iteration 47/80
Training student with 47933 points
Train accuracy: 0.3553695300683252
Test accuracy: 0.35370814644831544
Number of nodes: 23
Student reward: 0.06363636363636364
Iteration 48/80
Training student with 48933 points
Train accuracy: 0.35451898022786493
Test accuracy: 0.3545519566772249
Number of nodes: 23
Student reward: 0.08181818181818183
Iteration 49/80
Training student with 49933 points
Train accuracy: 0.35520452611024883
Test accuracy: 0.3509562431160509
Number of nodes: 23
Student reward: 0.07272727272727274
Iteration 50/80
Training student with 50933 points
Train accuracy: 0.3550041721886811
Test accuracy: 0.3512319623048984
Number of nodes: 23
Student reward: 0.05454545454545455
Iteration 51/80
Training student with 51933 points
Train accuracy: 0.35608722861406633
Test accuracy: 0.3509194185038991
Number of nodes: 23
Student reward: 0.06363636363636364
Iteration 52/80
Training student with 52933 points
Train accuracy: 0.3548387096774194
Test accuracy: 0.3565693775384906
Number of nodes: 23
Student reward: 0.03636363636363636
Iteration 53/80
Training student with 53933 points
Train accuracy: 0.3554211282621796
Test accuracy: 0.3549643088903309
Number of nodes: 23
Student reward: 0.08181818181818183
Iteration 54/80
Training student with 54933 points
Train accuracy: 0.3557320347699449
Test accuracy: 0.3515973423136434
Number of nodes: 23
Student reward: 0.045454545454545456
Iteration 55/80
Training student with 55933 points
Train accuracy: 0.35413221293523445
Test accuracy: 0.35728971127201214
Number of nodes: 23
Student reward: 0.09090909090909093
Iteration 56/80
Training student with 56933 points
Train accuracy: 0.3547622184165459
Test accuracy: 0.35277070343374023
Number of nodes: 23
Student reward: 0.08181818181818183
Iteration 57/80
Training student with 57933 points
Train accuracy: 0.35556466577482415
Test accuracy: 0.3492707344437732
Number of nodes: 23
Student reward: 0.07272727272727274
Iteration 58/80
Training student with 58933 points
Train accuracy: 0.3545793916769185
Test accuracy: 0.35259183846610676
Number of nodes: 23
Student reward: 0.07272727272727274
Iteration 59/80
Training student with 59933 points
Train accuracy: 0.35354356984941393
Test accuracy: 0.35805455910569783
Number of nodes: 23
Student reward: 0.06363636363636364
Iteration 60/80
Training student with 60933 points
Train accuracy: 0.3550855454806548
Test accuracy: 0.34996307540822186
Number of nodes: 23
Student reward: 0.07272727272727274
Iteration 61/80
Training student with 61933 points
Train accuracy: 0.35389335163282604
Test accuracy: 0.35440381044643576
Number of nodes: 23
Student reward: 0.06363636363636364
Iteration 62/80
Training student with 62933 points
Train accuracy: 0.35256028284272833
Test accuracy: 0.35759116548820213
Number of nodes: 23
Student reward: 0.05454545454545455
Iteration 63/80
Training student with 63933 points
Train accuracy: 0.35406483400461425
Test accuracy: 0.3512160788300618
Number of nodes: 23
Student reward: 0.07272727272727274
Iteration 64/80
Training student with 64933 points
Train accuracy: 0.35311669810957536
Test accuracy: 0.3558943558943559
Number of nodes: 23
Student reward: 0.09090909090909093
Iteration 65/80
Training student with 65933 points
Train accuracy: 0.3549842642096083
Test accuracy: 0.34935921741108666
Number of nodes: 23
Student reward: 0.05454545454545455
Iteration 66/80
Training student with 66933 points
Train accuracy: 0.3540880738056998
Test accuracy: 0.3532531560469112
Number of nodes: 23
Student reward: 0.08181818181818183
Iteration 67/80
Training student with 67933 points
Train accuracy: 0.353402274316417
Test accuracy: 0.3546772650327519
Number of nodes: 23
Student reward: 0.07272727272727274
Iteration 68/80
Training student with 68933 points
Train accuracy: 0.35384252710985387
Test accuracy: 0.3524334518024226
Number of nodes: 23
Student reward: 0.06363636363636364
Iteration 69/80
Training student with 69933 points
Train accuracy: 0.3544310585207164
Test accuracy: 0.3517552012583113
Number of nodes: 23
Student reward: 0.08181818181818183
Iteration 70/80
Training student with 70933 points
Train accuracy: 0.3556726465301519
Test accuracy: 0.3467258758017904
Number of nodes: 23
Student reward: 0.09090909090909093
Iteration 71/80
Training student with 71933 points
Train accuracy: 0.35329996872067565
Test accuracy: 0.35580732605824705
Number of nodes: 23
Student reward: 0.05454545454545455
Iteration 72/80
Training student with 72933 points
Train accuracy: 0.35510574846604737
Test accuracy: 0.3484609583876054
Number of nodes: 23
Student reward: 0.09090909090909093
Iteration 73/80
Training student with 73933 points
Train accuracy: 0.35449565482027523
Test accuracy: 0.35138973422600933
Number of nodes: 23
Student reward: 0.06363636363636364
Iteration 74/80
Training student with 74933 points
Train accuracy: 0.35445234043972906
Test accuracy: 0.3518382598251818
Number of nodes: 23
Student reward: 0.05454545454545455
Iteration 75/80
Training student with 75933 points
Train accuracy: 0.35394923122510125
Test accuracy: 0.354579574636202
Number of nodes: 23
Student reward: 0.07272727272727274
Iteration 76/80
Training student with 76933 points
Train accuracy: 0.35503525818087284
Test accuracy: 0.35120556313771367
Number of nodes: 23
Student reward: 0.06363636363636364
Iteration 77/80
Training student with 77933 points
Train accuracy: 0.3543130272992654
Test accuracy: 0.3554885481490986
Number of nodes: 23
Student reward: 0.05454545454545455
Iteration 78/80
Training student with 78933 points
Train accuracy: 0.35373578690653407
Test accuracy: 0.35655919427376953
Number of nodes: 23
Student reward: 0.09090909090909093
Iteration 79/80
Training student with 79933 points
Train accuracy: 0.35417383417258314
Test accuracy: 0.3538500031275411
Number of nodes: 23
Student reward: 0.08181818181818183
Initial policy count: 80
Current policy count: 40
Reward update: 0.09090909090909093 -> 0.07090909090909087
Reward update: 0.09090909090909093 -> 0.0727272727272727
Reward update: 0.09090909090909093 -> 0.0727272727272727
Reward update: 0.09090909090909093 -> 0.07454545454545451
Reward update: 0.09090909090909093 -> 0.06181818181818179
Reward update: 0.09090909090909093 -> 0.07090909090909087
Reward update: 0.09090909090909093 -> 0.07818181818181814
Reward update: 0.09090909090909093 -> 0.07818181818181814
Reward update: 0.09090909090909093 -> 0.07999999999999996
Reward update: 0.09090909090909093 -> 0.07090909090909087
Reward update: 0.09090909090909093 -> 0.0727272727272727
Reward update: 0.08181818181818183 -> 0.0636363636363636
Reward update: 0.08181818181818183 -> 0.06545454545454542
Reward update: 0.08181818181818183 -> 0.07090909090909087
Reward update: 0.08181818181818183 -> 0.07818181818181814
Reward update: 0.08181818181818183 -> 0.06545454545454542
Reward update: 0.08181818181818183 -> 0.07454545454545451
Reward update: 0.08181818181818183 -> 0.06909090909090905
Reward update: 0.08181818181818183 -> 0.07999999999999996
Reward update: 0.08181818181818183 -> 0.07454545454545451
Reward update: 0.08181818181818183 -> 0.07090909090909087
Reward update: 0.08181818181818183 -> 0.07818181818181814
Reward update: 0.08181818181818183 -> 0.08363636363636359
Reward update: 0.08181818181818183 -> 0.07818181818181814
Reward update: 0.08181818181818183 -> 0.07090909090909087
Reward update: 0.08181818181818183 -> 0.07090909090909087
Reward update: 0.08181818181818183 -> 0.06727272727272723
Reward update: 0.08181818181818183 -> 0.0727272727272727
Reward update: 0.08181818181818183 -> 0.07636363636363633
Reward update: 0.08181818181818183 -> 0.0727272727272727
Reward update: 0.08181818181818183 -> 0.07636363636363633
Reward update: 0.08181818181818183 -> 0.0727272727272727
Reward update: 0.08181818181818183 -> 0.06909090909090905
Reward update: 0.08181818181818183 -> 0.06181818181818179
Reward update: 0.07272727272727274 -> 0.0727272727272727
Reward update: 0.07272727272727274 -> 0.06909090909090905
Reward update: 0.07272727272727274 -> 0.0727272727272727
Reward update: 0.07272727272727274 -> 0.07636363636363633
Reward update: 0.07272727272727274 -> 0.0636363636363636
Reward update: 0.07272727272727274 -> 0.07454545454545451
Current policy count: 20
Reward update: 0.08363636363636359 -> 0.07818181818181814
Reward update: 0.07999999999999996 -> 0.06909090909090905
Reward update: 0.07999999999999996 -> 0.06909090909090905
Reward update: 0.07818181818181814 -> 0.06727272727272723
Reward update: 0.07818181818181814 -> 0.06909090909090905
Reward update: 0.07818181818181814 -> 0.07090909090909087
Reward update: 0.07818181818181814 -> 0.07999999999999996
Reward update: 0.07818181818181814 -> 0.07999999999999996
Reward update: 0.07636363636363633 -> 0.06909090909090905
Reward update: 0.07636363636363633 -> 0.06727272727272723
Reward update: 0.07636363636363633 -> 0.06909090909090905
Reward update: 0.07454545454545451 -> 0.0727272727272727
Reward update: 0.07454545454545451 -> 0.07818181818181814
Reward update: 0.07454545454545451 -> 0.06909090909090905
Reward update: 0.07454545454545451 -> 0.06727272727272723
Reward update: 0.0727272727272727 -> 0.07454545454545451
Reward update: 0.0727272727272727 -> 0.06909090909090905
Reward update: 0.0727272727272727 -> 0.07999999999999996
Reward update: 0.0727272727272727 -> 0.07636363636363633
Reward update: 0.0727272727272727 -> 0.07818181818181814
Current policy count: 10
Reward update: 0.07999999999999996 -> 0.07636363636363633
Reward update: 0.07999999999999996 -> 0.07636363636363633
Reward update: 0.07999999999999996 -> 0.07090909090909087
Reward update: 0.07818181818181814 -> 0.07818181818181814
Reward update: 0.07818181818181814 -> 0.06727272727272723
Reward update: 0.07818181818181814 -> 0.07818181818181814
Reward update: 0.07636363636363633 -> 0.07454545454545451
Reward update: 0.07454545454545451 -> 0.06909090909090905
Reward update: 0.0727272727272727 -> 0.0636363636363636
Reward update: 0.07090909090909087 -> 0.0636363636363636
Current policy count: 5
Reward update: 0.07818181818181814 -> 0.07636363636363633
Reward update: 0.07818181818181814 -> 0.07454545454545451
Reward update: 0.07636363636363633 -> 0.06545454545454542
Reward update: 0.07636363636363633 -> 0.07090909090909087
Reward update: 0.07454545454545451 -> 0.07090909090909087
Current policy count: 3
Reward update: 0.07636363636363633 -> 0.07454545454545451
Reward update: 0.07454545454545451 -> 0.07454545454545451
Reward update: 0.07090909090909087 -> 0.07090909090909087
Current policy count: 2
Reward update: 0.07454545454545451 -> 0.07636363636363633
Reward update: 0.07454545454545451 -> 0.07818181818181814
Current policy count: 1
Reward update: 0.07818181818181814 -> 0.0727272727272727
Final reward: 0.07999999999999996
Number of nodes: 23
