Iteration 0/80
Training student with 1000 points
Train accuracy: 0.27625
Test accuracy: 0.315
Number of nodes: 21
Student reward: 0.0
Iteration 1/80
Training student with 2000 points
Train accuracy: 0.28
Test accuracy: 0.2625
Number of nodes: 23
Student reward: 0.0
Iteration 2/80
Training student with 3000 points
Train accuracy: 0.25166666666666665
Test accuracy: 0.22666666666666666
Number of nodes: 23
Student reward: 0.0
Iteration 3/80
Training student with 4000 points
Train accuracy: 0.2640625
Test accuracy: 0.22125
Number of nodes: 23
Student reward: 0.0
Iteration 4/80
Training student with 5000 points
Train accuracy: 0.25325
Test accuracy: 0.249
Number of nodes: 23
Student reward: 0.0
Iteration 5/80
Training student with 6000 points
Train accuracy: 0.255
Test accuracy: 0.25666666666666665
Number of nodes: 23
Student reward: 0.0
Iteration 6/80
Training student with 7000 points
Train accuracy: 0.24892857142857142
Test accuracy: 0.24571428571428572
Number of nodes: 23
Student reward: 0.0
Iteration 7/80
Training student with 8000 points
Train accuracy: 0.258125
Test accuracy: 0.235
Number of nodes: 23
Student reward: 0.0
Iteration 8/80
Training student with 9000 points
Train accuracy: 0.2475
Test accuracy: 0.2477777777777778
Number of nodes: 23
Student reward: 0.0
Iteration 9/80
Training student with 10000 points
Train accuracy: 0.252375
Test accuracy: 0.2405
Number of nodes: 23
Student reward: 0.0
Iteration 10/80
Training student with 11000 points
Train accuracy: 0.24647727272727274
Test accuracy: 0.24
Number of nodes: 23
Student reward: 0.0
Iteration 11/80
Training student with 12000 points
Train accuracy: 0.2626041666666667
Test accuracy: 0.23291666666666666
Number of nodes: 23
Student reward: 0.0
Iteration 12/80
Training student with 13000 points
Train accuracy: 0.24375
Test accuracy: 0.2519230769230769
Number of nodes: 23
Student reward: 0.0
Iteration 13/80
Training student with 14000 points
Train accuracy: 0.24919642857142857
Test accuracy: 0.24357142857142858
Number of nodes: 23
Student reward: 0.0
Iteration 14/80
Training student with 15000 points
Train accuracy: 0.24975
Test accuracy: 0.24633333333333332
Number of nodes: 23
Student reward: 0.0
Iteration 15/80
Training student with 16000 points
Train accuracy: 0.245703125
Test accuracy: 0.2296875
Number of nodes: 23
Student reward: 0.0
Iteration 16/80
Training student with 17000 points
Train accuracy: 0.24382352941176472
Test accuracy: 0.2447058823529412
Number of nodes: 23
Student reward: 0.0
Iteration 17/80
Training student with 18000 points
Train accuracy: 0.24888888888888888
Test accuracy: 0.23277777777777778
Number of nodes: 23
Student reward: 0.0
Iteration 18/80
Training student with 19000 points
Train accuracy: 0.24532894736842106
Test accuracy: 0.2236842105263158
Number of nodes: 23
Student reward: 0.0
Iteration 19/80
Training student with 20000 points
Train accuracy: 0.244
Test accuracy: 0.23425
Number of nodes: 23
Student reward: 0.0
Iteration 20/80
Training student with 21000 points
Train accuracy: 0.24553571428571427
Test accuracy: 0.24261904761904762
Number of nodes: 23
Student reward: 0.0
Iteration 21/80
Training student with 22000 points
Train accuracy: 0.24517045454545455
Test accuracy: 0.2509090909090909
Number of nodes: 23
Student reward: 0.0
Iteration 22/80
Training student with 23000 points
Train accuracy: 0.23896739130434783
Test accuracy: 0.23847826086956522
Number of nodes: 23
Student reward: 0.0
Iteration 23/80
Training student with 24000 points
Train accuracy: 0.24296875
Test accuracy: 0.24270833333333333
Number of nodes: 23
Student reward: 0.0
Iteration 24/80
Training student with 25000 points
Train accuracy: 0.24185
Test accuracy: 0.243
Number of nodes: 23
Student reward: 0.0
Iteration 25/80
Training student with 26000 points
Train accuracy: 0.24115384615384616
Test accuracy: 0.24942307692307691
Number of nodes: 23
Student reward: 0.0
Iteration 26/80
Training student with 27000 points
Train accuracy: 0.24782407407407409
Test accuracy: 0.24722222222222223
Number of nodes: 23
Student reward: 0.0
Iteration 27/80
Training student with 28000 points
Train accuracy: 0.24049107142857143
Test accuracy: 0.24071428571428571
Number of nodes: 23
Student reward: 0.0
Iteration 28/80
Training student with 29000 points
Train accuracy: 0.2403448275862069
Test accuracy: 0.2470689655172414
Number of nodes: 23
Student reward: 0.0
Iteration 29/80
Training student with 30000 points
Train accuracy: 0.23945833333333333
Test accuracy: 0.2405
Number of nodes: 23
Student reward: 0.0
Iteration 30/80
Training student with 31000 points
Train accuracy: 0.23923387096774193
Test accuracy: 0.24338709677419354
Number of nodes: 23
Student reward: 0.0
Iteration 31/80
Training student with 32000 points
Train accuracy: 0.2382421875
Test accuracy: 0.2309375
Number of nodes: 23
Student reward: 0.0
Iteration 32/80
Training student with 33000 points
Train accuracy: 0.2390909090909091
Test accuracy: 0.24015151515151514
Number of nodes: 23
Student reward: 0.0
Iteration 33/80
Training student with 34000 points
Train accuracy: 0.24033088235294117
Test accuracy: 0.23308823529411765
Number of nodes: 23
Student reward: 0.0
Iteration 34/80
Training student with 35000 points
Train accuracy: 0.23717857142857143
Test accuracy: 0.23842857142857143
Number of nodes: 23
Student reward: 0.0
Iteration 35/80
Training student with 36000 points
Train accuracy: 0.24038194444444444
Test accuracy: 0.23958333333333334
Number of nodes: 23
Student reward: 0.0
Iteration 36/80
Training student with 37000 points
Train accuracy: 0.23621621621621622
Test accuracy: 0.23135135135135135
Number of nodes: 23
Student reward: 0.0
Iteration 37/80
Training student with 38000 points
Train accuracy: 0.23605263157894738
Test accuracy: 0.2343421052631579
Number of nodes: 23
Student reward: 0.0
Iteration 38/80
Training student with 39000 points
Train accuracy: 0.2390705128205128
Test accuracy: 0.23333333333333334
Number of nodes: 23
Student reward: 0.0
Iteration 39/80
Training student with 40000 points
Train accuracy: 0.23709375
Test accuracy: 0.2295
Number of nodes: 23
Student reward: 0.0
Iteration 40/80
Training student with 41000 points
Train accuracy: 0.23338414634146343
Test accuracy: 0.22878048780487806
Number of nodes: 23
Student reward: 0.0
Iteration 41/80
Training student with 42000 points
Train accuracy: 0.23535714285714285
Test accuracy: 0.23666666666666666
Number of nodes: 23
Student reward: 0.0
Iteration 42/80
Training student with 43000 points
Train accuracy: 0.23869186046511628
Test accuracy: 0.23627906976744187
Number of nodes: 23
Student reward: 0.0
Iteration 43/80
Training student with 44000 points
Train accuracy: 0.2399431818181818
Test accuracy: 0.23295454545454544
Number of nodes: 23
Student reward: 0.0
Iteration 44/80
Training student with 45000 points
Train accuracy: 0.23552777777777778
Test accuracy: 0.2311111111111111
Number of nodes: 23
Student reward: 0.0
Iteration 45/80
Training student with 46000 points
Train accuracy: 0.2303804347826087
Test accuracy: 0.22880434782608697
Number of nodes: 23
Student reward: 0.0
Iteration 46/80
Training student with 47000 points
Train accuracy: 0.23585106382978724
Test accuracy: 0.23691489361702128
Number of nodes: 23
Student reward: 0.0
Iteration 47/80
Training student with 48000 points
Train accuracy: 0.23265625
Test accuracy: 0.23083333333333333
Number of nodes: 23
Student reward: 0.0
Iteration 48/80
Training student with 49000 points
Train accuracy: 0.2330357142857143
Test accuracy: 0.22744897959183674
Number of nodes: 23
Student reward: 0.0
Iteration 49/80
Training student with 50000 points
Train accuracy: 0.2355
Test accuracy: 0.2368
Number of nodes: 23
Student reward: 0.0
Iteration 50/80
Training student with 51000 points
Train accuracy: 0.23134803921568628
Test accuracy: 0.23549019607843139
Number of nodes: 23
Student reward: 0.0
Iteration 51/80
Training student with 52000 points
Train accuracy: 0.23697115384615386
Test accuracy: 0.22567307692307692
Number of nodes: 23
Student reward: 0.0
Iteration 52/80
Training student with 53000 points
Train accuracy: 0.23268867924528303
Test accuracy: 0.22254716981132075
Number of nodes: 23
Student reward: 0.0
Iteration 53/80
Training student with 54000 points
Train accuracy: 0.23175925925925925
Test accuracy: 0.23166666666666666
Number of nodes: 23
Student reward: 0.0
Iteration 54/80
Training student with 55000 points
Train accuracy: 0.23272727272727273
Test accuracy: 0.2250909090909091
Number of nodes: 23
Student reward: 0.0
Iteration 55/80
Training student with 56000 points
Train accuracy: 0.23426339285714284
Test accuracy: 0.23125
Number of nodes: 23
Student reward: 0.0
Iteration 56/80
Training student with 57000 points
Train accuracy: 0.23550438596491227
Test accuracy: 0.2307017543859649
Number of nodes: 23
Student reward: 0.0
Iteration 57/80
Training student with 58000 points
Train accuracy: 0.22963362068965518
Test accuracy: 0.2296551724137931
Number of nodes: 23
Student reward: 0.0
Iteration 58/80
Training student with 59000 points
Train accuracy: 0.2343008474576271
Test accuracy: 0.2311864406779661
Number of nodes: 23
Student reward: 0.0
Iteration 59/80
Training student with 60000 points
Train accuracy: 0.23185416666666667
Test accuracy: 0.22783333333333333
Number of nodes: 23
Student reward: 0.0
Iteration 60/80
Training student with 61000 points
Train accuracy: 0.23584016393442622
Test accuracy: 0.23147540983606557
Number of nodes: 23
Student reward: 0.0
Iteration 61/80
Training student with 62000 points
Train accuracy: 0.23298387096774192
Test accuracy: 0.2317741935483871
Number of nodes: 23
Student reward: 0.0
Iteration 62/80
Training student with 63000 points
Train accuracy: 0.2293452380952381
Test accuracy: 0.2303174603174603
Number of nodes: 23
Student reward: 0.0
Iteration 63/80
Training student with 64000 points
Train accuracy: 0.2298046875
Test accuracy: 0.227421875
Number of nodes: 23
Student reward: 0.0
Iteration 64/80
Training student with 65000 points
Train accuracy: 0.23623076923076924
Test accuracy: 0.22807692307692307
Number of nodes: 23
Student reward: 0.0
Iteration 65/80
Training student with 66000 points
Train accuracy: 0.23136363636363635
Test accuracy: 0.22696969696969696
Number of nodes: 23
Student reward: 0.0
Iteration 66/80
Training student with 67000 points
Train accuracy: 0.23253731343283582
Test accuracy: 0.2278358208955224
Number of nodes: 23
Student reward: 0.0
Iteration 67/80
Training student with 68000 points
Train accuracy: 0.23174632352941177
Test accuracy: 0.22808823529411765
Number of nodes: 23
Student reward: 0.0
Iteration 68/80
Training student with 69000 points
Train accuracy: 0.23101449275362318
Test accuracy: 0.22210144927536232
Number of nodes: 23
Student reward: 0.0
Iteration 69/80
Training student with 70000 points
Train accuracy: 0.23033928571428572
Test accuracy: 0.2302857142857143
Number of nodes: 23
Student reward: 0.0
Iteration 70/80
Training student with 71000 points
Train accuracy: 0.2302288732394366
Test accuracy: 0.22901408450704225
Number of nodes: 23
Student reward: 0.0
Iteration 71/80
Training student with 72000 points
Train accuracy: 0.23097222222222222
Test accuracy: 0.22833333333333333
Number of nodes: 23
Student reward: 0.0
Iteration 72/80
Training student with 73000 points
Train accuracy: 0.22960616438356166
Test accuracy: 0.2295205479452055
Number of nodes: 23
Student reward: 0.0
Iteration 73/80
Training student with 74000 points
Train accuracy: 0.2337668918918919
Test accuracy: 0.2277027027027027
Number of nodes: 23
Student reward: 0.0
Iteration 74/80
Training student with 75000 points
Train accuracy: 0.22885
Test accuracy: 0.2242
Number of nodes: 23
Student reward: 0.0
Iteration 75/80
Training student with 76000 points
Train accuracy: 0.22980263157894737
Test accuracy: 0.22427631578947368
Number of nodes: 23
Student reward: 0.0
Iteration 76/80
Training student with 77000 points
Train accuracy: 0.22897727272727272
Test accuracy: 0.2240909090909091
Number of nodes: 23
Student reward: 0.0
Iteration 77/80
Training student with 78000 points
Train accuracy: 0.22935897435897437
Test accuracy: 0.22865384615384615
Number of nodes: 23
Student reward: 0.0
Iteration 78/80
Training student with 79000 points
Train accuracy: 0.2274367088607595
Test accuracy: 0.22886075949367088
Number of nodes: 23
Student reward: 0.0
Iteration 79/80
Training student with 80000 points
Train accuracy: 0.231890625
Test accuracy: 0.2268125
Number of nodes: 23
Student reward: 0.0
Initial policy count: 80
Current policy count: 40
Reward update: 0.0 -> 0.0
Reward update: 0.0 -> 0.0
Reward update: 0.0 -> 0.0
Reward update: 0.0 -> 0.0
Reward update: 0.0 -> 0.0
Reward update: 0.0 -> 0.0
Reward update: 0.0 -> 0.0
Reward update: 0.0 -> 0.0
Reward update: 0.0 -> 0.0
Reward update: 0.0 -> 0.0
Reward update: 0.0 -> 0.0
Reward update: 0.0 -> 0.0
Reward update: 0.0 -> 0.0
Reward update: 0.0 -> 0.0
Reward update: 0.0 -> 0.0
Reward update: 0.0 -> 0.0
Reward update: 0.0 -> 0.0
Reward update: 0.0 -> 0.0
Reward update: 0.0 -> 0.0
Reward update: 0.0 -> 0.0
Reward update: 0.0 -> 0.0
Reward update: 0.0 -> 0.0
Reward update: 0.0 -> 0.0
Reward update: 0.0 -> 0.0
Reward update: 0.0 -> 0.0
Reward update: 0.0 -> 0.0
Reward update: 0.0 -> 0.0
Reward update: 0.0 -> 0.0
Reward update: 0.0 -> 0.0
Reward update: 0.0 -> 0.0
Reward update: 0.0 -> 0.0
Reward update: 0.0 -> 0.0
Reward update: 0.0 -> 0.0
Reward update: 0.0 -> 0.0
Reward update: 0.0 -> 0.0
Reward update: 0.0 -> 0.0
Reward update: 0.0 -> 0.0
Reward update: 0.0 -> 0.0
Reward update: 0.0 -> 0.0
Reward update: 0.0 -> 0.0
Current policy count: 20
Reward update: 0.0 -> 0.0
Reward update: 0.0 -> 0.0
Reward update: 0.0 -> 0.0
Reward update: 0.0 -> 0.0
Reward update: 0.0 -> 0.0
Reward update: 0.0 -> 0.0
Reward update: 0.0 -> 0.0
Reward update: 0.0 -> 0.0
Reward update: 0.0 -> 0.0
Reward update: 0.0 -> 0.0
Reward update: 0.0 -> 0.0
Reward update: 0.0 -> 0.0
Reward update: 0.0 -> 0.0
Reward update: 0.0 -> 0.0
Reward update: 0.0 -> 0.0
Reward update: 0.0 -> 0.0
Reward update: 0.0 -> 0.0
Reward update: 0.0 -> 0.0
Reward update: 0.0 -> 0.0
Reward update: 0.0 -> 0.0
Current policy count: 10
Reward update: 0.0 -> 0.0
Reward update: 0.0 -> 0.0
Reward update: 0.0 -> 0.0
Reward update: 0.0 -> 0.0
Reward update: 0.0 -> 0.0
Reward update: 0.0 -> 0.0
Reward update: 0.0 -> 0.0
Reward update: 0.0 -> 0.0
Reward update: 0.0 -> 0.0
Reward update: 0.0 -> 0.0
Current policy count: 5
Reward update: 0.0 -> 0.0
Reward update: 0.0 -> 0.0
Reward update: 0.0 -> 0.0
Reward update: 0.0 -> 0.0
Reward update: 0.0 -> 0.0
Current policy count: 3
Reward update: 0.0 -> 0.0
Reward update: 0.0 -> 0.0
Reward update: 0.0 -> 0.0
Current policy count: 2
Reward update: 0.0 -> 0.0
Reward update: 0.0 -> 0.0
Current policy count: 1
Reward update: 0.0 -> 0.0
Final reward: 0.0
Number of nodes: 21
