Iteration 0/80
Training student with 1039 points
Train accuracy: 0.8880866425992779
Test accuracy: 0.8942307692307693
Number of nodes: 5
Student reward: 10.2
Iteration 1/80
Training student with 1932 points
Train accuracy: 0.8822006472491909
Test accuracy: 0.8397932816537468
Number of nodes: 5
Student reward: 9.2
Iteration 2/80
Training student with 2781 points
Train accuracy: 0.864658273381295
Test accuracy: 0.8797127468581688
Number of nodes: 5
Student reward: 8.8
Iteration 3/80
Training student with 3602 points
Train accuracy: 0.8809441166261714
Test accuracy: 0.8959778085991679
Number of nodes: 5
Student reward: 8.7
Iteration 4/80
Training student with 4410 points
Train accuracy: 0.8877551020408163
Test accuracy: 0.8866213151927438
Number of nodes: 5
Student reward: 9.1
Iteration 5/80
Training student with 5229 points
Train accuracy: 0.8826201290939517
Test accuracy: 0.8824091778202677
Number of nodes: 5
Student reward: 9.1
Iteration 6/80
Training student with 6094 points
Train accuracy: 0.8826666666666667
Test accuracy: 0.8703855619360131
Number of nodes: 5
Student reward: 7.4
Iteration 7/80
Training student with 6849 points
Train accuracy: 0.8884832998722395
Test accuracy: 0.8795620437956204
Number of nodes: 5
Student reward: 9.9
Iteration 8/80
Training student with 7763 points
Train accuracy: 0.8851851851851852
Test accuracy: 0.8821635544108177
Number of nodes: 5
Student reward: 9.4
Iteration 9/80
Training student with 8577 points
Train accuracy: 0.8906864888500219
Test accuracy: 0.8758741258741258
Number of nodes: 5
Student reward: 11.1
Iteration 10/80
Training student with 9586 points
Train accuracy: 0.8869327073552425
Test accuracy: 0.8894681960375391
Number of nodes: 5
Student reward: 9.3
Iteration 11/80
Training student with 10452 points
Train accuracy: 0.8875732567874656
Test accuracy: 0.8857006217120995
Number of nodes: 5
Student reward: 8.9
Iteration 12/80
Training student with 11231 points
Train accuracy: 0.8777827248441674
Test accuracy: 0.8874054294615042
Number of nodes: 5
Student reward: 9.5
Iteration 13/80
Training student with 12106 points
Train accuracy: 0.884035522511359
Test accuracy: 0.8753096614368291
Number of nodes: 5
Student reward: 9.9
Iteration 14/80
Training student with 12995 points
Train accuracy: 0.8771642939592151
Test accuracy: 0.8795690650250096
Number of nodes: 5
Student reward: 9.8
Iteration 15/80
Training student with 13863 points
Train accuracy: 0.8825969341749323
Test accuracy: 0.8827984132708259
Number of nodes: 5
Student reward: 8.4
Iteration 16/80
Training student with 14619 points
Train accuracy: 0.8837964942283026
Test accuracy: 0.884404924760602
Number of nodes: 5
Student reward: 10.8
Iteration 17/80
Training student with 15595 points
Train accuracy: 0.878647002244309
Test accuracy: 0.8829753126001924
Number of nodes: 5
Student reward: 9.0
Iteration 18/80
Training student with 16417 points
Train accuracy: 0.8809868270768294
Test accuracy: 0.8751522533495737
Number of nodes: 5
Student reward: 8.9
Iteration 19/80
Training student with 17219 points
Train accuracy: 0.8845009074410163
Test accuracy: 0.882404181184669
Number of nodes: 5
Student reward: 9.3
Iteration 20/80
Training student with 18080 points
Train accuracy: 0.8769358407079646
Test accuracy: 0.8810840707964602
Number of nodes: 5
Student reward: 8.9
Iteration 21/80
Training student with 18905 points
Train accuracy: 0.8797275852948955
Test accuracy: 0.8764877016662259
Number of nodes: 5
Student reward: 10.0
Iteration 22/80
Training student with 19809 points
Train accuracy: 0.8804821101785827
Test accuracy: 0.8861686017163048
Number of nodes: 5
Student reward: 9.0
Iteration 23/80
Training student with 20625 points
Train accuracy: 0.8826666666666667
Test accuracy: 0.8819393939393939
Number of nodes: 5
Student reward: 9.6
Iteration 24/80
Training student with 21487 points
Train accuracy: 0.8817266856710687
Test accuracy: 0.8787808282922289
Number of nodes: 5
Student reward: 11.6
Iteration 25/80
Training student with 22517 points
Train accuracy: 0.8841947482373841
Test accuracy: 0.8836589698046181
Number of nodes: 5
Student reward: 8.6
Iteration 26/80
Training student with 23318 points
Train accuracy: 0.8852792966655945
Test accuracy: 0.8775728987993139
Number of nodes: 5
Student reward: 10.2
Iteration 27/80
Training student with 24271 points
Train accuracy: 0.8815409971157808
Test accuracy: 0.8865087538619979
Number of nodes: 5
Student reward: 11.3
Iteration 28/80
Training student with 25322 points
Train accuracy: 0.8805351236609567
Test accuracy: 0.8845014807502468
Number of nodes: 5
Student reward: 10.2
Iteration 29/80
Training student with 26229 points
Train accuracy: 0.8790449411428299
Test accuracy: 0.8837209302325582
Number of nodes: 5
Student reward: 9.6
Iteration 30/80
Training student with 27120 points
Train accuracy: 0.8817293510324484
Test accuracy: 0.8808997050147492
Number of nodes: 5
Student reward: 10.8
Iteration 31/80
Training student with 28137 points
Train accuracy: 0.8814252076946999
Test accuracy: 0.8740227434257285
Number of nodes: 5
Student reward: 9.0
Iteration 32/80
Training student with 28942 points
Train accuracy: 0.8839891158813112
Test accuracy: 0.8840905164968043
Number of nodes: 5
Student reward: 9.2
Iteration 33/80
Training student with 29758 points
Train accuracy: 0.8804923128623037
Test accuracy: 0.8828965053763441
Number of nodes: 5
Student reward: 7.8
Iteration 34/80
Training student with 30493 points
Train accuracy: 0.8814872509633517
Test accuracy: 0.8942449581898672
Number of nodes: 5
Student reward: 9.9
Iteration 35/80
Training student with 31391 points
Train accuracy: 0.8825661038547308
Test accuracy: 0.8783245739767479
Number of nodes: 5
Student reward: 10.7
Iteration 36/80
Training student with 32363 points
Train accuracy: 0.8768250289687138
Test accuracy: 0.8853699984551213
Number of nodes: 5
Student reward: 11.0
Iteration 37/80
Training student with 33341 points
Train accuracy: 0.8811862627474505
Test accuracy: 0.8827410406357775
Number of nodes: 5
Student reward: 8.8
Iteration 38/80
Training student with 34142 points
Train accuracy: 0.8832424120382235
Test accuracy: 0.8838775809049642
Number of nodes: 5
Student reward: 9.3
Iteration 39/80
Training student with 34994 points
Train accuracy: 0.8848722986247545
Test accuracy: 0.8771253036148021
Number of nodes: 5
Student reward: 9.5
Iteration 40/80
Training student with 35880 points
Train accuracy: 0.8861134336677815
Test accuracy: 0.882803790412486
Number of nodes: 5
Student reward: 9.4
Iteration 41/80
Training student with 36716 points
Train accuracy: 0.8789663625221299
Test accuracy: 0.8906590413943355
Number of nodes: 5
Student reward: 10.0
Iteration 42/80
Training student with 37571 points
Train accuracy: 0.8853140803832845
Test accuracy: 0.8809048569527611
Number of nodes: 5
Student reward: 10.0
Iteration 43/80
Training student with 38507 points
Train accuracy: 0.8838175620840772
Test accuracy: 0.8813295247987536
Number of nodes: 5
Student reward: 8.3
Iteration 44/80
Training student with 39259 points
Train accuracy: 0.8792625847740949
Test accuracy: 0.8869077941925624
Number of nodes: 5
Student reward: 8.9
Iteration 45/80
Training student with 40081 points
Train accuracy: 0.8823602794411177
Test accuracy: 0.8866159411251091
Number of nodes: 5
Student reward: 9.8
Iteration 46/80
Training student with 40993 points
Train accuracy: 0.8813502469964017
Test accuracy: 0.8818148554701792
Number of nodes: 5
Student reward: 10.0
Iteration 47/80
Training student with 41876 points
Train accuracy: 0.8817014925373134
Test accuracy: 0.8843123209169055
Number of nodes: 5
Student reward: 9.7
Iteration 48/80
Training student with 42762 points
Train accuracy: 0.882340904440352
Test accuracy: 0.8858879925172454
Number of nodes: 5
Student reward: 8.7
Iteration 49/80
Training student with 43555 points
Train accuracy: 0.8795201469406497
Test accuracy: 0.8856618069108024
Number of nodes: 5
Student reward: 10.0
Iteration 50/80
Training student with 44470 points
Train accuracy: 0.8834326512255453
Test accuracy: 0.8769957274567124
Number of nodes: 5
Student reward: 8.9
Iteration 51/80
Training student with 45317 points
Train accuracy: 0.881995972747083
Test accuracy: 0.8806266548984996
Number of nodes: 5
Student reward: 8.4
Iteration 52/80
Training student with 46065 points
Train accuracy: 0.8835070009768805
Test accuracy: 0.8838597633778357
Number of nodes: 5
Student reward: 8.4
Iteration 53/80
Training student with 46839 points
Train accuracy: 0.8836433508579968
Test accuracy: 0.8802305721605466
Number of nodes: 5
Student reward: 9.1
Iteration 54/80
Training student with 47671 points
Train accuracy: 0.8819225928256765
Test accuracy: 0.8780283167278448
Number of nodes: 5
Student reward: 9.3
Iteration 55/80
Training student with 48513 points
Train accuracy: 0.8849780984282402
Test accuracy: 0.8815830155621972
Number of nodes: 5
Student reward: 12.2
Iteration 56/80
Training student with 49607 points
Train accuracy: 0.8801562303137206
Test accuracy: 0.8824833702882483
Number of nodes: 5
Student reward: 10.1
Iteration 57/80
Training student with 50463 points
Train accuracy: 0.8813227644290315
Test accuracy: 0.8776379669077579
Number of nodes: 5
Student reward: 9.6
Iteration 58/80
Training student with 51319 points
Train accuracy: 0.8820606503470954
Test accuracy: 0.8814302416212003
Number of nodes: 5
Student reward: 8.6
Iteration 59/80
Training student with 52074 points
Train accuracy: 0.8838906358770013
Test accuracy: 0.886509841574652
Number of nodes: 5
Student reward: 8.5
Iteration 60/80
Training student with 52831 points
Train accuracy: 0.8816486844595873
Test accuracy: 0.8736632913788208
Number of nodes: 5
Student reward: 8.5
Iteration 61/80
Training student with 53583 points
Train accuracy: 0.8794849064526664
Test accuracy: 0.8800037323877951
Number of nodes: 5
Student reward: 9.6
Iteration 62/80
Training student with 54444 points
Train accuracy: 0.8821949259556882
Test accuracy: 0.8843787308292772
Number of nodes: 5
Student reward: 8.8
Iteration 63/80
Training student with 55231 points
Train accuracy: 0.8822198080753214
Test accuracy: 0.8859418846745722
Number of nodes: 5
Student reward: 9.6
Iteration 64/80
Training student with 56146 points
Train accuracy: 0.8824917624009262
Test accuracy: 0.8839715048975957
Number of nodes: 5
Student reward: 8.9
Iteration 65/80
Training student with 56935 points
Train accuracy: 0.8807192412400106
Test accuracy: 0.8799508211117941
Number of nodes: 5
Student reward: 9.6
Iteration 66/80
Training student with 57818 points
Train accuracy: 0.880486012020582
Test accuracy: 0.8791075752334833
Number of nodes: 5
Student reward: 8.8
Iteration 67/80
Training student with 58567 points
Train accuracy: 0.8824835122617548
Test accuracy: 0.8826190882704457
Number of nodes: 5
Student reward: 9.5
Iteration 68/80
Training student with 59455 points
Train accuracy: 0.8812547304684215
Test accuracy: 0.8781431334622823
Number of nodes: 5
Student reward: 10.4
Iteration 69/80
Training student with 60421 points
Train accuracy: 0.8824685534591195
Test accuracy: 0.8839884153909806
Number of nodes: 5
Student reward: 10.5
Iteration 70/80
Training student with 61376 points
Train accuracy: 0.8834623217922607
Test accuracy: 0.8862007168458781
Number of nodes: 5
Student reward: 9.9
Iteration 71/80
Training student with 62269 points
Train accuracy: 0.8836695774365151
Test accuracy: 0.8820459290187892
Number of nodes: 5
Student reward: 10.2
Iteration 72/80
Training student with 63180 points
Train accuracy: 0.8809354226020892
Test accuracy: 0.8808167141500475
Number of nodes: 5
Student reward: 8.7
Iteration 73/80
Training student with 63968 points
Train accuracy: 0.8796849962871771
Test accuracy: 0.8824448960450211
Number of nodes: 5
Student reward: 8.0
Iteration 74/80
Training student with 64694 points
Train accuracy: 0.8802820983479857
Test accuracy: 0.8803616971945282
Number of nodes: 5
Student reward: 10.9
Iteration 75/80
Training student with 65681 points
Train accuracy: 0.8810901339829477
Test accuracy: 0.8839917789449646
Number of nodes: 5
Student reward: 10.8
Iteration 76/80
Training student with 66641 points
Train accuracy: 0.8806460084033614
Test accuracy: 0.8793607922574836
Number of nodes: 5
Student reward: 10.4
Iteration 77/80
Training student with 67576 points
Train accuracy: 0.8814835368109508
Test accuracy: 0.8811778632731577
Number of nodes: 5
Student reward: 9.8
Iteration 78/80
Training student with 68531 points
Train accuracy: 0.8836458485334889
Test accuracy: 0.8814474356168381
Number of nodes: 5
Student reward: 10.1
Iteration 79/80
Training student with 69468 points
Train accuracy: 0.8833447295497895
Test accuracy: 0.8776450266302
Number of nodes: 5
Student reward: 11.1
Initial policy count: 80
Current policy count: 40
Reward update: 12.2 -> 9.24
Reward update: 11.6 -> 8.9
Reward update: 11.3 -> 9.92
Reward update: 11.1 -> 9.6
Reward update: 11.1 -> 8.56
Reward update: 11.0 -> 10.14
Reward update: 10.9 -> 9.16
Reward update: 10.8 -> 10.68
Reward update: 10.8 -> 9.42
Reward update: 10.8 -> 9.84
Reward update: 10.7 -> 8.98
Reward update: 10.5 -> 9.72
Reward update: 10.4 -> 9.28
Reward update: 10.4 -> 10.32
Reward update: 10.2 -> 9.84
Reward update: 10.2 -> 9.18
Reward update: 10.2 -> 9.58
Reward update: 10.2 -> 9.98
Reward update: 10.1 -> 8.78
Reward update: 10.1 -> 8.74
Reward update: 10.0 -> 10.1
Reward update: 10.0 -> 9.56
Reward update: 10.0 -> 9.62
Reward update: 10.0 -> 9.6
Reward update: 10.0 -> 9.4
Reward update: 9.9 -> 8.92
Reward update: 9.9 -> 9.84
Reward update: 9.9 -> 9.72
Reward update: 9.9 -> 9.34
Reward update: 9.8 -> 9.06
Reward update: 9.8 -> 10.22
Reward update: 9.8 -> 9.72
Reward update: 9.7 -> 9.48
Reward update: 9.6 -> 9.28
Reward update: 9.6 -> 9.34
Reward update: 9.6 -> 9.24
Reward update: 9.6 -> 9.46
Reward update: 9.6 -> 9.9
Reward update: 9.6 -> 9.84
Reward update: 9.5 -> 9.34
Current policy count: 20
Reward update: 10.68 -> 9.24
Reward update: 10.32 -> 9.88
Reward update: 10.22 -> 9.08
Reward update: 10.14 -> 10.6
Reward update: 10.1 -> 10.1
Reward update: 9.98 -> 9.08
Reward update: 9.92 -> 9.3
Reward update: 9.9 -> 9.7
Reward update: 9.84 -> 9.42
Reward update: 9.84 -> 9.72
Reward update: 9.84 -> 10.28
Reward update: 9.84 -> 10.04
Reward update: 9.72 -> 9.56
Reward update: 9.72 -> 8.9
Reward update: 9.72 -> 9.4
Reward update: 9.62 -> 10.04
Reward update: 9.6 -> 9.18
Reward update: 9.6 -> 9.88
Reward update: 9.58 -> 9.34
Reward update: 9.56 -> 9.82
Current policy count: 10
Reward update: 10.6 -> 9.46
Reward update: 10.28 -> 9.82
Reward update: 10.1 -> 10.26
Reward update: 10.04 -> 8.88
Reward update: 10.04 -> 9.86
Reward update: 9.88 -> 9.38
Reward update: 9.88 -> 9.52
Reward update: 9.82 -> 9.06
Reward update: 9.72 -> 9.9
Reward update: 9.7 -> 9.7
Current policy count: 5
Reward update: 10.26 -> 8.76
Reward update: 9.9 -> 9.64
Reward update: 9.86 -> 9.64
Reward update: 9.82 -> 10.74
Reward update: 9.7 -> 9.64
Current policy count: 3
Reward update: 10.74 -> 9.3
Reward update: 9.64 -> 9.66
Reward update: 9.64 -> 9.32
Current policy count: 2
Reward update: 9.66 -> 9.64
Reward update: 9.32 -> 9.72
Current policy count: 1
Reward update: 9.72 -> 8.96
Final reward: 9.24
Number of nodes: 5
