Iteration 0/80
Training student with 66 points
Train accuracy: 0.8076923076923077
Test accuracy: 0.8571428571428571
Number of nodes: 7
Student reward: 0.5
Iteration 1/80
Training student with 597 points
Train accuracy: 0.7253668763102725
Test accuracy: 0.6833333333333333
Number of nodes: 17
Student reward: 0.4
Iteration 2/80
Training student with 1230 points
Train accuracy: 0.6422764227642277
Test accuracy: 0.6504065040650406
Number of nodes: 17
Student reward: 0.7
Iteration 3/80
Training student with 1587 points
Train accuracy: 0.6375098502758078
Test accuracy: 0.6163522012578616
Number of nodes: 15
Student reward: 0.8
Iteration 4/80
Training student with 1871 points
Train accuracy: 0.6590909090909091
Test accuracy: 0.664
Number of nodes: 17
Student reward: 0.7
Iteration 5/80
Training student with 2216 points
Train accuracy: 0.6410835214446953
Test accuracy: 0.6599099099099099
Number of nodes: 17
Student reward: 0.3
Iteration 6/80
Training student with 2936 points
Train accuracy: 0.631175468483816
Test accuracy: 0.5816326530612245
Number of nodes: 17
Student reward: 0.7
Iteration 7/80
Training student with 3282 points
Train accuracy: 0.6335238095238095
Test accuracy: 0.6057838660578386
Number of nodes: 17
Student reward: 0.7
Iteration 8/80
Training student with 3609 points
Train accuracy: 0.6144786976099758
Test accuracy: 0.5831024930747922
Number of nodes: 17
Student reward: 0.2
Iteration 9/80
Training student with 4424 points
Train accuracy: 0.6459451822548743
Test accuracy: 0.6350282485875707
Number of nodes: 17
Student reward: 0.9
Iteration 10/80
Training student with 4651 points
Train accuracy: 0.6481182795698924
Test accuracy: 0.6573576799140709
Number of nodes: 17
Student reward: 0.6
Iteration 11/80
Training student with 5145 points
Train accuracy: 0.6285228377065112
Test accuracy: 0.6316812439261419
Number of nodes: 17
Student reward: 0.5
Iteration 12/80
Training student with 5679 points
Train accuracy: 0.6246973365617433
Test accuracy: 0.5933098591549296
Number of nodes: 17
Student reward: 0.7
Iteration 13/80
Training student with 6052 points
Train accuracy: 0.618260689940095
Test accuracy: 0.5772089182493807
Number of nodes: 17
Student reward: 0.7
Iteration 14/80
Training student with 6392 points
Train accuracy: 0.6248777625660082
Test accuracy: 0.5981235340109461
Number of nodes: 17
Student reward: 0.6
Iteration 15/80
Training student with 6850 points
Train accuracy: 0.6156934306569343
Test accuracy: 0.6547445255474452
Number of nodes: 17
Student reward: 0.6
Iteration 16/80
Training student with 7283 points
Train accuracy: 0.6074493649158943
Test accuracy: 0.6142759094028827
Number of nodes: 17
Student reward: 0.3
Iteration 17/80
Training student with 8014 points
Train accuracy: 0.6087973795039775
Test accuracy: 0.6132252027448534
Number of nodes: 17
Student reward: 0.4
Iteration 18/80
Training student with 8633 points
Train accuracy: 0.6052707790327252
Test accuracy: 0.603358425014476
Number of nodes: 17
Student reward: 0.8
Iteration 19/80
Training student with 8893 points
Train accuracy: 0.6172336238403149
Test accuracy: 0.5868465430016864
Number of nodes: 17
Student reward: 0.6
Iteration 20/80
Training student with 9330 points
Train accuracy: 0.6165594855305466
Test accuracy: 0.5734190782422294
Number of nodes: 17
Student reward: 0.3
Iteration 21/80
Training student with 10038 points
Train accuracy: 0.6078455790784558
Test accuracy: 0.62699203187251
Number of nodes: 17
Student reward: 0.2
Iteration 22/80
Training student with 10851 points
Train accuracy: 0.6146313364055299
Test accuracy: 0.6167664670658682
Number of nodes: 17
Student reward: 0.3
Iteration 23/80
Training student with 11574 points
Train accuracy: 0.6093530618857328
Test accuracy: 0.6073434125269979
Number of nodes: 17
Student reward: 0.5
Iteration 24/80
Training student with 12107 points
Train accuracy: 0.6097057305110997
Test accuracy: 0.606523534269199
Number of nodes: 17
Student reward: 0.4
Iteration 25/80
Training student with 12718 points
Train accuracy: 0.6144092785531747
Test accuracy: 0.6084905660377359
Number of nodes: 17
Student reward: 0.4
Iteration 26/80
Training student with 13332 points
Train accuracy: 0.6079699953117674
Test accuracy: 0.6205474315710536
Number of nodes: 17
Student reward: 0.4
Iteration 27/80
Training student with 13950 points
Train accuracy: 0.6149641577060931
Test accuracy: 0.6111111111111112
Number of nodes: 17
Student reward: 0.6
Iteration 28/80
Training student with 14366 points
Train accuracy: 0.6183431952662722
Test accuracy: 0.5974251913709117
Number of nodes: 17
Student reward: 0.6
Iteration 29/80
Training student with 14813 points
Train accuracy: 0.6104641350210971
Test accuracy: 0.6371920350995612
Number of nodes: 17
Student reward: 0.6
Iteration 30/80
Training student with 15252 points
Train accuracy: 0.6042947299401689
Test accuracy: 0.6063585709603408
Number of nodes: 17
Student reward: 0.4
Iteration 31/80
Training student with 15862 points
Train accuracy: 0.6145480337300023
Test accuracy: 0.5972265994327135
Number of nodes: 17
Student reward: 0.5
Iteration 32/80
Training student with 16390 points
Train accuracy: 0.6195851128737034
Test accuracy: 0.6043319097010372
Number of nodes: 17
Student reward: 0.2
Iteration 33/80
Training student with 17194 points
Train accuracy: 0.6102508178844057
Test accuracy: 0.6062808956091887
Number of nodes: 17
Student reward: 0.2
Iteration 34/80
Training student with 18008 points
Train accuracy: 0.6143967791198112
Test accuracy: 0.6066074403109384
Number of nodes: 17
Student reward: 0.5
Iteration 35/80
Training student with 18522 points
Train accuracy: 0.6143618816224606
Test accuracy: 0.6013495276653171
Number of nodes: 17
Student reward: 0.5
Iteration 36/80
Training student with 19041 points
Train accuracy: 0.6186974789915967
Test accuracy: 0.6119716461013389
Number of nodes: 17
Student reward: 0.3
Iteration 37/80
Training student with 19761 points
Train accuracy: 0.6111462550607287
Test accuracy: 0.6101694915254238
Number of nodes: 17
Student reward: 0.4
Iteration 38/80
Training student with 20395 points
Train accuracy: 0.6137533709242461
Test accuracy: 0.5949987742093651
Number of nodes: 17
Student reward: 0.4
Iteration 39/80
Training student with 21024 points
Train accuracy: 0.6133539449432189
Test accuracy: 0.6033293697978597
Number of nodes: 17
Student reward: 0.3
Iteration 40/80
Training student with 21736 points
Train accuracy: 0.6199102829537612
Test accuracy: 0.6133854645814167
Number of nodes: 17
Student reward: 0.4
Iteration 41/80
Training student with 22359 points
Train accuracy: 0.6173757477497624
Test accuracy: 0.6301431127012522
Number of nodes: 17
Student reward: 0.4
Iteration 42/80
Training student with 22966 points
Train accuracy: 0.6093511865882866
Test accuracy: 0.6155855463648237
Number of nodes: 17
Student reward: 0.4
Iteration 43/80
Training student with 23610 points
Train accuracy: 0.6233058026260059
Test accuracy: 0.6168996188055909
Number of nodes: 17
Student reward: 0.1
Iteration 44/80
Training student with 24511 points
Train accuracy: 0.6166870665034679
Test accuracy: 0.6071792779930655
Number of nodes: 17
Student reward: 0.5
Iteration 45/80
Training student with 25040 points
Train accuracy: 0.614966054313099
Test accuracy: 0.6106230031948882
Number of nodes: 17
Student reward: 0.7
Iteration 46/80
Training student with 25398 points
Train accuracy: 0.6169898612068117
Test accuracy: 0.6173228346456693
Number of nodes: 17
Student reward: 0.5
Iteration 47/80
Training student with 25907 points
Train accuracy: 0.6202653799758745
Test accuracy: 0.6258201466615206
Number of nodes: 17
Student reward: 0.4
Iteration 48/80
Training student with 26518 points
Train accuracy: 0.6203921938342604
Test accuracy: 0.6097285067873304
Number of nodes: 17
Student reward: 0.6
Iteration 49/80
Training student with 26964 points
Train accuracy: 0.6193500533123175
Test accuracy: 0.6259966623400705
Number of nodes: 17
Student reward: 0.8
Iteration 50/80
Training student with 27233 points
Train accuracy: 0.6157165151932433
Test accuracy: 0.6183220121167615
Number of nodes: 17
Student reward: 0.7
Iteration 51/80
Training student with 27589 points
Train accuracy: 0.6150604866113906
Test accuracy: 0.617615077926785
Number of nodes: 17
Student reward: 0.6
Iteration 52/80
Training student with 28047 points
Train accuracy: 0.6133618576458528
Test accuracy: 0.6122994652406417
Number of nodes: 17
Student reward: 0.7
Iteration 53/80
Training student with 28426 points
Train accuracy: 0.6173262972735268
Test accuracy: 0.6146676046429828
Number of nodes: 17
Student reward: 0.3
Iteration 54/80
Training student with 29149 points
Train accuracy: 0.6169647068913762
Test accuracy: 0.6197255574614066
Number of nodes: 17
Student reward: 0.3
Iteration 55/80
Training student with 29863 points
Train accuracy: 0.6156969443281708
Test accuracy: 0.6184496902728946
Number of nodes: 17
Student reward: 0.4
Iteration 56/80
Training student with 30493 points
Train accuracy: 0.6183487742887596
Test accuracy: 0.6076405968191507
Number of nodes: 17
Student reward: 0.5
Iteration 57/80
Training student with 31012 points
Train accuracy: 0.6172759885525414
Test accuracy: 0.6155086248589392
Number of nodes: 17
Student reward: 0.5
Iteration 58/80
Training student with 31576 points
Train accuracy: 0.6125494853523357
Test accuracy: 0.6108296390120329
Number of nodes: 17
Student reward: 0.5
Iteration 59/80
Training student with 32104 points
Train accuracy: 0.6149982478682396
Test accuracy: 0.6179722784612989
Number of nodes: 17
Student reward: 0.6
Iteration 60/80
Training student with 32533 points
Train accuracy: 0.617305771151925
Test accuracy: 0.6091901029660366
Number of nodes: 17
Student reward: 0.0
Iteration 61/80
Training student with 33533 points
Train accuracy: 0.613024677551629
Test accuracy: 0.6139853884001789
Number of nodes: 17
Student reward: 0.5
Iteration 62/80
Training student with 34068 points
Train accuracy: 0.6141483818888971
Test accuracy: 0.6068388611681832
Number of nodes: 17
Student reward: 0.3
Iteration 63/80
Training student with 34798 points
Train accuracy: 0.6129391479272936
Test accuracy: 0.6168103448275862
Number of nodes: 17
Student reward: 0.3
Iteration 64/80
Training student with 35516 points
Train accuracy: 0.612593270449106
Test accuracy: 0.6009290540540541
Number of nodes: 17
Student reward: 0.4
Iteration 65/80
Training student with 36136 points
Train accuracy: 0.6083783035837831
Test accuracy: 0.6016878804648589
Number of nodes: 17
Student reward: 0.5
Iteration 66/80
Training student with 36649 points
Train accuracy: 0.6116511477199086
Test accuracy: 0.6229195088676671
Number of nodes: 17
Student reward: 0.7
Iteration 67/80
Training student with 37007 points
Train accuracy: 0.6092551933794967
Test accuracy: 0.6063226155093218
Number of nodes: 17
Student reward: 0.1
Iteration 68/80
Training student with 37923 points
Train accuracy: 0.6153339046740062
Test accuracy: 0.6093605800922874
Number of nodes: 17
Student reward: 0.7
Iteration 69/80
Training student with 38287 points
Train accuracy: 0.614254464722975
Test accuracy: 0.6031600940193262
Number of nodes: 17
Student reward: 0.8
Iteration 70/80
Training student with 38518 points
Train accuracy: 0.6140390731485689
Test accuracy: 0.6115005192107996
Number of nodes: 17
Student reward: 0.7
Iteration 71/80
Training student with 38863 points
Train accuracy: 0.6169829527179157
Test accuracy: 0.6143059307860543
Number of nodes: 17
Student reward: 0.5
Iteration 72/80
Training student with 39392 points
Train accuracy: 0.6143496334845937
Test accuracy: 0.6219063332910267
Number of nodes: 17
Student reward: 0.2
Iteration 73/80
Training student with 40197 points
Train accuracy: 0.6176260223279535
Test accuracy: 0.6166666666666667
Number of nodes: 17
Student reward: 0.5
Iteration 74/80
Training student with 40714 points
Train accuracy: 0.6181572564551288
Test accuracy: 0.6115682181014368
Number of nodes: 17
Student reward: 0.6
Iteration 75/80
Training student with 41133 points
Train accuracy: 0.6162098097611378
Test accuracy: 0.6151695636319436
Number of nodes: 17
Student reward: 0.4
Iteration 76/80
Training student with 41766 points
Train accuracy: 0.6143002514066802
Test accuracy: 0.6082116351448408
Number of nodes: 17
Student reward: 0.7
Iteration 77/80
Training student with 42133 points
Train accuracy: 0.6195039458850057
Test accuracy: 0.6163522012578616
Number of nodes: 17
Student reward: 0.8
Iteration 78/80
Training student with 42367 points
Train accuracy: 0.6157318620364087
Test accuracy: 0.614467783809299
Number of nodes: 17
Student reward: 0.6
Iteration 79/80
Training student with 42808 points
Train accuracy: 0.613151900951936
Test accuracy: 0.6097874328427937
Number of nodes: 17
Student reward: 0.6
Initial policy count: 80
Current policy count: 40
Reward update: 0.9 -> 0.74
Reward update: 0.8 -> 0.64
Reward update: 0.8 -> 0.6
Reward update: 0.8 -> 0.56
Reward update: 0.8 -> 0.48
Reward update: 0.8 -> 0.56
Reward update: 0.7 -> 0.36
Reward update: 0.7 -> 0.64
Reward update: 0.7 -> 0.58
Reward update: 0.7 -> 0.42
Reward update: 0.7 -> 0.62
Reward update: 0.7 -> 0.44
Reward update: 0.7 -> 0.44
Reward update: 0.7 -> 0.58
Reward update: 0.7 -> 0.64
Reward update: 0.7 -> 0.64
Reward update: 0.7 -> 0.68
Reward update: 0.7 -> 0.64
Reward update: 0.7 -> 0.7
Reward update: 0.6 -> 0.58
Reward update: 0.6 -> 0.74
Reward update: 0.6 -> 0.7
Reward update: 0.6 -> 0.6
Reward update: 0.6 -> 0.4
Reward update: 0.6 -> 0.38
Reward update: 0.6 -> 0.7
Reward update: 0.6 -> 0.7
Reward update: 0.6 -> 0.66
Reward update: 0.6 -> 0.74
Reward update: 0.6 -> 0.38
Reward update: 0.6 -> 0.38
Reward update: 0.6 -> 0.66
Reward update: 0.5 -> 0.4
Reward update: 0.5 -> 0.68
Reward update: 0.5 -> 0.3
Reward update: 0.5 -> 0.44
Reward update: 0.5 -> 0.3
Reward update: 0.5 -> 0.4
Reward update: 0.5 -> 0.24
Reward update: 0.5 -> 0.48
Current policy count: 20
Reward update: 0.74 -> 0.58
Reward update: 0.74 -> 0.7
Reward update: 0.74 -> 0.6
Reward update: 0.7 -> 0.72
Reward update: 0.7 -> 0.58
Reward update: 0.7 -> 0.52
Reward update: 0.7 -> 0.5
Reward update: 0.68 -> 0.56
Reward update: 0.68 -> 0.74
Reward update: 0.66 -> 0.74
Reward update: 0.66 -> 0.68
Reward update: 0.64 -> 0.54
Reward update: 0.64 -> 0.62
Reward update: 0.64 -> 0.5
Reward update: 0.64 -> 0.64
Reward update: 0.64 -> 0.6
Reward update: 0.62 -> 0.66
Reward update: 0.6 -> 0.54
Reward update: 0.6 -> 0.68
Reward update: 0.58 -> 0.5
Current policy count: 10
Reward update: 0.74 -> 0.66
Reward update: 0.74 -> 0.7
Reward update: 0.72 -> 0.64
Reward update: 0.7 -> 0.62
Reward update: 0.68 -> 0.64
Reward update: 0.68 -> 0.7
Reward update: 0.66 -> 0.8
Reward update: 0.64 -> 0.58
Reward update: 0.62 -> 0.6
Reward update: 0.6 -> 0.68
Current policy count: 5
Reward update: 0.8 -> 0.76
Reward update: 0.7 -> 0.72
Reward update: 0.7 -> 0.72
Reward update: 0.68 -> 0.68
Reward update: 0.66 -> 0.6
Current policy count: 3
Reward update: 0.76 -> 0.72
Reward update: 0.72 -> 0.68
Reward update: 0.72 -> 0.66
Current policy count: 2
Reward update: 0.72 -> 0.6
Reward update: 0.68 -> 0.62
Current policy count: 1
Reward update: 0.62 -> 0.64
Final reward: 0.54
Number of nodes: 17
