Iteration 0/80
Training student with 3000 points
Train accuracy: 0.2791666666666667
Test accuracy: 0.25666666666666665
Number of nodes: 31
Student reward: 0.0
Iteration 1/80
Training student with 6000 points
Train accuracy: 0.2758333333333333
Test accuracy: 0.2683333333333333
Number of nodes: 31
Student reward: 0.0
Iteration 2/80
Training student with 9000 points
Train accuracy: 0.2751388888888889
Test accuracy: 0.25833333333333336
Number of nodes: 31
Student reward: 0.0
Iteration 3/80
Training student with 12000 points
Train accuracy: 0.26958333333333334
Test accuracy: 0.2775
Number of nodes: 31
Student reward: 0.0
Iteration 4/80
Training student with 15000 points
Train accuracy: 0.27508333333333335
Test accuracy: 0.272
Number of nodes: 31
Student reward: 0.0
Iteration 5/80
Training student with 18000 points
Train accuracy: 0.27319444444444446
Test accuracy: 0.26916666666666667
Number of nodes: 31
Student reward: 0.0
Iteration 6/80
Training student with 21000 points
Train accuracy: 0.2741071428571429
Test accuracy: 0.2669047619047619
Number of nodes: 31
Student reward: 0.0
Iteration 7/80
Training student with 24000 points
Train accuracy: 0.27802083333333333
Test accuracy: 0.2627083333333333
Number of nodes: 31
Student reward: 0.0
Iteration 8/80
Training student with 27000 points
Train accuracy: 0.2735185185185185
Test accuracy: 0.2751851851851852
Number of nodes: 31
Student reward: 0.0
Iteration 9/80
Training student with 30000 points
Train accuracy: 0.2733333333333333
Test accuracy: 0.2773333333333333
Number of nodes: 31
Student reward: 0.0
Iteration 10/80
Training student with 33000 points
Train accuracy: 0.27310606060606063
Test accuracy: 0.2718181818181818
Number of nodes: 31
Student reward: 0.0
Iteration 11/80
Training student with 36000 points
Train accuracy: 0.2732291666666667
Test accuracy: 0.27291666666666664
Number of nodes: 31
Student reward: 0.0
Iteration 12/80
Training student with 39000 points
Train accuracy: 0.27381410256410255
Test accuracy: 0.2693589743589744
Number of nodes: 31
Student reward: 0.0
Iteration 13/80
Training student with 42000 points
Train accuracy: 0.27247023809523807
Test accuracy: 0.2739285714285714
Number of nodes: 31
Student reward: 0.0
Iteration 14/80
Training student with 45000 points
Train accuracy: 0.2747777777777778
Test accuracy: 0.2692222222222222
Number of nodes: 31
Student reward: 0.0
Iteration 15/80
Training student with 48000 points
Train accuracy: 0.273671875
Test accuracy: 0.2760416666666667
Number of nodes: 31
Student reward: 0.0
Iteration 16/80
Training student with 51000 points
Train accuracy: 0.27330882352941177
Test accuracy: 0.2781372549019608
Number of nodes: 31
Student reward: 0.0
Iteration 17/80
Training student with 54000 points
Train accuracy: 0.27608796296296295
Test accuracy: 0.27444444444444444
Number of nodes: 31
Student reward: 0.0
Iteration 18/80
Training student with 57000 points
Train accuracy: 0.2760964912280702
Test accuracy: 0.2736842105263158
Number of nodes: 31
Student reward: 0.0
Iteration 19/80
Training student with 60000 points
Train accuracy: 0.2755416666666667
Test accuracy: 0.27616666666666667
Number of nodes: 31
Student reward: 0.0
Iteration 20/80
Training student with 63000 points
Train accuracy: 0.2755357142857143
Test accuracy: 0.27634920634920634
Number of nodes: 31
Student reward: 0.0
Iteration 21/80
Training student with 66000 points
Train accuracy: 0.2751704545454545
Test accuracy: 0.2762878787878788
Number of nodes: 31
Student reward: 0.0
Iteration 22/80
Training student with 69000 points
Train accuracy: 0.27568840579710147
Test accuracy: 0.2741304347826087
Number of nodes: 31
Student reward: 0.0
Iteration 23/80
Training student with 72000 points
Train accuracy: 0.27479166666666666
Test accuracy: 0.2748611111111111
Number of nodes: 31
Student reward: 0.0
Iteration 24/80
Training student with 75000 points
Train accuracy: 0.27523333333333333
Test accuracy: 0.27193333333333336
Number of nodes: 31
Student reward: 0.0
Iteration 25/80
Training student with 78000 points
Train accuracy: 0.2748557692307692
Test accuracy: 0.27692307692307694
Number of nodes: 31
Student reward: 0.0
Iteration 26/80
Training student with 81000 points
Train accuracy: 0.2761111111111111
Test accuracy: 0.27271604938271604
Number of nodes: 31
Student reward: 0.0
Iteration 27/80
Training student with 84000 points
Train accuracy: 0.27613095238095237
Test accuracy: 0.2716071428571429
Number of nodes: 31
Student reward: 0.0
Iteration 28/80
Training student with 87000 points
Train accuracy: 0.2744109195402299
Test accuracy: 0.2753448275862069
Number of nodes: 31
Student reward: 0.0
Iteration 29/80
Training student with 90000 points
Train accuracy: 0.2751111111111111
Test accuracy: 0.2722222222222222
Number of nodes: 31
Student reward: 0.0
Iteration 30/80
Training student with 93000 points
Train accuracy: 0.275241935483871
Test accuracy: 0.27
Number of nodes: 31
Student reward: 0.0
Iteration 31/80
Training student with 96000 points
Train accuracy: 0.2734244791666667
Test accuracy: 0.276875
Number of nodes: 31
Student reward: 0.0
Iteration 32/80
Training student with 99000 points
Train accuracy: 0.27339646464646467
Test accuracy: 0.2763131313131313
Number of nodes: 31
Student reward: 0.0
Iteration 33/80
Training student with 102000 points
Train accuracy: 0.2743995098039216
Test accuracy: 0.27372549019607845
Number of nodes: 31
Student reward: 0.0
Iteration 34/80
Training student with 105000 points
Train accuracy: 0.27272619047619046
Test accuracy: 0.2809047619047619
Number of nodes: 31
Student reward: 0.0
Iteration 35/80
Training student with 108000 points
Train accuracy: 0.27243055555555556
Test accuracy: 0.28069444444444447
Number of nodes: 31
Student reward: 0.0
Iteration 36/80
Training student with 111000 points
Train accuracy: 0.274954954954955
Test accuracy: 0.27085585585585586
Number of nodes: 31
Student reward: 0.0
Iteration 37/80
Training student with 114000 points
Train accuracy: 0.27408991228070173
Test accuracy: 0.27399122807017545
Number of nodes: 31
Student reward: 0.0
Iteration 38/80
Training student with 117000 points
Train accuracy: 0.2747008547008547
Test accuracy: 0.2733333333333333
Number of nodes: 31
Student reward: 0.0
Iteration 39/80
Training student with 120000 points
Train accuracy: 0.27488541666666666
Test accuracy: 0.2738333333333333
Number of nodes: 31
Student reward: 0.0
Iteration 40/80
Training student with 123000 points
Train accuracy: 0.27483739837398374
Test accuracy: 0.2740650406504065
Number of nodes: 31
Student reward: 0.0
Iteration 41/80
Training student with 126000 points
Train accuracy: 0.27575396825396825
Test accuracy: 0.27146825396825397
Number of nodes: 31
Student reward: 0.0
Iteration 42/80
Training student with 129000 points
Train accuracy: 0.2749903100775194
Test accuracy: 0.2731782945736434
Number of nodes: 31
Student reward: 0.0
Iteration 43/80
Training student with 132000 points
Train accuracy: 0.27395833333333336
Test accuracy: 0.27761363636363634
Number of nodes: 31
Student reward: 0.0
Iteration 44/80
Training student with 135000 points
Train accuracy: 0.27473148148148147
Test accuracy: 0.274037037037037
Number of nodes: 31
Student reward: 0.0
Iteration 45/80
Training student with 138000 points
Train accuracy: 0.2759057971014493
Test accuracy: 0.2689855072463768
Number of nodes: 31
Student reward: 0.0
Iteration 46/80
Training student with 141000 points
Train accuracy: 0.27370567375886523
Test accuracy: 0.27890070921985816
Number of nodes: 31
Student reward: 0.0
Iteration 47/80
Training student with 144000 points
Train accuracy: 0.27545138888888887
Test accuracy: 0.27291666666666664
Number of nodes: 31
Student reward: 0.0
Iteration 48/80
Training student with 147000 points
Train accuracy: 0.2737329931972789
Test accuracy: 0.28091836734693876
Number of nodes: 31
Student reward: 0.0
Iteration 49/80
Training student with 150000 points
Train accuracy: 0.2754333333333333
Test accuracy: 0.27536666666666665
Number of nodes: 31
Student reward: 0.0
Iteration 50/80
Training student with 153000 points
Train accuracy: 0.2760457516339869
Test accuracy: 0.27215686274509804
Number of nodes: 31
Student reward: 0.0
Iteration 51/80
Training student with 156000 points
Train accuracy: 0.27510416666666665
Test accuracy: 0.2759294871794872
Number of nodes: 31
Student reward: 0.0
Iteration 52/80
Training student with 159000 points
Train accuracy: 0.2755424528301887
Test accuracy: 0.2743396226415094
Number of nodes: 31
Student reward: 0.0
Iteration 53/80
Training student with 162000 points
Train accuracy: 0.2758564814814815
Test accuracy: 0.27219135802469135
Number of nodes: 31
Student reward: 0.0
Iteration 54/80
Training student with 165000 points
Train accuracy: 0.27467424242424243
Test accuracy: 0.2768787878787879
Number of nodes: 31
Student reward: 0.0
Iteration 55/80
Training student with 168000 points
Train accuracy: 0.2751339285714286
Test accuracy: 0.2754761904761905
Number of nodes: 31
Student reward: 0.0
Iteration 56/80
Training student with 171000 points
Train accuracy: 0.2760453216374269
Test accuracy: 0.27210526315789474
Number of nodes: 31
Student reward: 0.0
Iteration 57/80
Training student with 174000 points
Train accuracy: 0.27541666666666664
Test accuracy: 0.2754885057471264
Number of nodes: 31
Student reward: 0.0
Iteration 58/80
Training student with 177000 points
Train accuracy: 0.2753672316384181
Test accuracy: 0.27559322033898304
Number of nodes: 31
Student reward: 0.0
Iteration 59/80
Training student with 180000 points
Train accuracy: 0.27439583333333334
Test accuracy: 0.2786388888888889
Number of nodes: 31
Student reward: 0.0
Iteration 60/80
Training student with 183000 points
Train accuracy: 0.2752595628415301
Test accuracy: 0.27674863387978144
Number of nodes: 31
Student reward: 0.0
Iteration 61/80
Training student with 186000 points
Train accuracy: 0.2749395161290323
Test accuracy: 0.2779569892473118
Number of nodes: 31
Student reward: 0.0
Iteration 62/80
Training student with 189000 points
Train accuracy: 0.27591931216931215
Test accuracy: 0.27375661375661375
Number of nodes: 31
Student reward: 0.0
Iteration 63/80
Training student with 192000 points
Train accuracy: 0.2760546875
Test accuracy: 0.273203125
Number of nodes: 31
Student reward: 0.0
Iteration 64/80
Training student with 195000 points
Train accuracy: 0.27560897435897436
Test accuracy: 0.2751282051282051
Number of nodes: 31
Student reward: 0.0
Iteration 65/80
Training student with 198000 points
Train accuracy: 0.275
Test accuracy: 0.27800505050505053
Number of nodes: 31
Student reward: 0.0
Iteration 66/80
Training student with 201000 points
Train accuracy: 0.27597636815920396
Test accuracy: 0.27559701492537314
Number of nodes: 31
Student reward: 0.0
Iteration 67/80
Training student with 204000 points
Train accuracy: 0.275906862745098
Test accuracy: 0.27566176470588233
Number of nodes: 31
Student reward: 0.0
Iteration 68/80
Training student with 207000 points
Train accuracy: 0.27567028985507247
Test accuracy: 0.2776328502415459
Number of nodes: 31
Student reward: 0.0
Iteration 69/80
Training student with 210000 points
Train accuracy: 0.2753630952380952
Test accuracy: 0.27945238095238095
Number of nodes: 31
Student reward: 0.0
Iteration 70/80
Training student with 213000 points
Train accuracy: 0.2762323943661972
Test accuracy: 0.2754694835680751
Number of nodes: 31
Student reward: 0.0
Iteration 71/80
Training student with 216000 points
Train accuracy: 0.2759027777777778
Test accuracy: 0.27770833333333333
Number of nodes: 31
Student reward: 0.0
Iteration 72/80
Training student with 219000 points
Train accuracy: 0.2764269406392694
Test accuracy: 0.2757534246575343
Number of nodes: 31
Student reward: 0.0
Iteration 73/80
Training student with 222000 points
Train accuracy: 0.2756869369369369
Test accuracy: 0.27837837837837837
Number of nodes: 31
Student reward: 0.0
Iteration 74/80
Training student with 225000 points
Train accuracy: 0.2759388888888889
Test accuracy: 0.27582222222222225
Number of nodes: 31
Student reward: 0.0
Iteration 75/80
Training student with 228000 points
Train accuracy: 0.27558662280701757
Test accuracy: 0.2775
Number of nodes: 31
Student reward: 0.0
Iteration 76/80
Training student with 231000 points
Train accuracy: 0.2766396103896104
Test accuracy: 0.27225108225108224
Number of nodes: 31
Student reward: 0.0
Iteration 77/80
Training student with 234000 points
Train accuracy: 0.2760630341880342
Test accuracy: 0.2741239316239316
Number of nodes: 31
Student reward: 0.0
Iteration 78/80
Training student with 237000 points
Train accuracy: 0.2741772151898734
Test accuracy: 0.28267932489451475
Number of nodes: 31
Student reward: 0.0
Iteration 79/80
Training student with 240000 points
Train accuracy: 0.2750208333333333
Test accuracy: 0.27939583333333334
Number of nodes: 31
Student reward: 0.0
Initial policy count: 80
Current policy count: 40
Reward update: 0.0 -> 0.0
Reward update: 0.0 -> 0.0
Reward update: 0.0 -> 0.0
Reward update: 0.0 -> 0.0
Reward update: 0.0 -> 0.0
Reward update: 0.0 -> 0.0
Reward update: 0.0 -> 0.0
Reward update: 0.0 -> 0.0
Reward update: 0.0 -> 0.0
Reward update: 0.0 -> 0.0
Reward update: 0.0 -> 0.0
Reward update: 0.0 -> 0.0
Reward update: 0.0 -> 0.0
Reward update: 0.0 -> 0.0
Reward update: 0.0 -> 0.0
Reward update: 0.0 -> 0.0
Reward update: 0.0 -> 0.0
Reward update: 0.0 -> 0.0
Reward update: 0.0 -> 0.0
Reward update: 0.0 -> 0.0
Reward update: 0.0 -> 0.0
Reward update: 0.0 -> 0.0
Reward update: 0.0 -> 0.0
Reward update: 0.0 -> 0.0
Reward update: 0.0 -> 0.0
Reward update: 0.0 -> 0.0
Reward update: 0.0 -> 0.0
Reward update: 0.0 -> 0.0
Reward update: 0.0 -> 0.0
Reward update: 0.0 -> 0.0
Reward update: 0.0 -> 0.0
Reward update: 0.0 -> 0.0
Reward update: 0.0 -> 0.0
Reward update: 0.0 -> 0.0
Reward update: 0.0 -> 0.0
Reward update: 0.0 -> 0.0
Reward update: 0.0 -> 0.0
Reward update: 0.0 -> 0.0
Reward update: 0.0 -> 0.0
Reward update: 0.0 -> 0.0
Current policy count: 20
Reward update: 0.0 -> 0.0
Reward update: 0.0 -> 0.0
Reward update: 0.0 -> 0.0
Reward update: 0.0 -> 0.0
Reward update: 0.0 -> 0.0
Reward update: 0.0 -> 0.0
Reward update: 0.0 -> 0.0
Reward update: 0.0 -> 0.0
Reward update: 0.0 -> 0.0
Reward update: 0.0 -> 0.0
Reward update: 0.0 -> 0.0
Reward update: 0.0 -> 0.0
Reward update: 0.0 -> 0.0
Reward update: 0.0 -> 0.0
Reward update: 0.0 -> 0.0
Reward update: 0.0 -> 0.0
Reward update: 0.0 -> 0.0
Reward update: 0.0 -> 0.0
Reward update: 0.0 -> 0.0
Reward update: 0.0 -> 0.0
Current policy count: 10
Reward update: 0.0 -> 0.0
Reward update: 0.0 -> 0.0
Reward update: 0.0 -> 0.0
Reward update: 0.0 -> 0.0
Reward update: 0.0 -> 0.0
Reward update: 0.0 -> 0.0
Reward update: 0.0 -> 0.0
Reward update: 0.0 -> 0.0
Reward update: 0.0 -> 0.0
Reward update: 0.0 -> 0.0
Current policy count: 5
Reward update: 0.0 -> 0.0
Reward update: 0.0 -> 0.0
Reward update: 0.0 -> 0.0
Reward update: 0.0 -> 0.0
Reward update: 0.0 -> 0.0
Current policy count: 3
Reward update: 0.0 -> 0.0
Reward update: 0.0 -> 0.0
Reward update: 0.0 -> 0.0
Current policy count: 2
Reward update: 0.0 -> 0.0
Reward update: 0.0 -> 0.0
Current policy count: 1
Reward update: 0.0 -> 0.0
Final reward: 0.0
Number of nodes: 31
