Iteration 0/80
Training student with 1000 points
Train accuracy: 0.56375
Test accuracy: 0.535
Number of nodes: 21
Student reward: 0.5555555555555555
Iteration 1/80
Training student with 2000 points
Train accuracy: 0.529375
Test accuracy: 0.4875
Number of nodes: 23
Student reward: 0.16666666666666669
Iteration 2/80
Training student with 3000 points
Train accuracy: 0.49125
Test accuracy: 0.47333333333333333
Number of nodes: 21
Student reward: 0.5555555555555555
Iteration 3/80
Training student with 4000 points
Train accuracy: 0.4778125
Test accuracy: 0.49125
Number of nodes: 21
Student reward: 0.5555555555555555
Iteration 4/80
Training student with 5000 points
Train accuracy: 0.4785
Test accuracy: 0.476
Number of nodes: 23
Student reward: 0.5555555555555555
Iteration 5/80
Training student with 6000 points
Train accuracy: 0.480625
Test accuracy: 0.465
Number of nodes: 23
Student reward: 0.5555555555555555
Iteration 6/80
Training student with 7000 points
Train accuracy: 0.47928571428571426
Test accuracy: 0.46714285714285714
Number of nodes: 23
Student reward: 0.5555555555555555
Iteration 7/80
Training student with 8000 points
Train accuracy: 0.471875
Test accuracy: 0.463125
Number of nodes: 23
Student reward: 0.5555555555555555
Iteration 8/80
Training student with 9000 points
Train accuracy: 0.4697222222222222
Test accuracy: 0.48777777777777775
Number of nodes: 23
Student reward: 0.5555555555555555
Iteration 9/80
Training student with 10000 points
Train accuracy: 0.461875
Test accuracy: 0.4695
Number of nodes: 23
Student reward: 0.5555555555555555
Iteration 10/80
Training student with 11000 points
Train accuracy: 0.46352272727272725
Test accuracy: 0.45590909090909093
Number of nodes: 23
Student reward: 0.5555555555555555
Iteration 11/80
Training student with 12000 points
Train accuracy: 0.45625
Test accuracy: 0.44875
Number of nodes: 23
Student reward: 0.5555555555555555
Iteration 12/80
Training student with 13000 points
Train accuracy: 0.45125
Test accuracy: 0.4684615384615385
Number of nodes: 21
Student reward: 0.5555555555555555
Iteration 13/80
Training student with 14000 points
Train accuracy: 0.44955357142857144
Test accuracy: 0.45285714285714285
Number of nodes: 23
Student reward: 0.5555555555555555
Iteration 14/80
Training student with 15000 points
Train accuracy: 0.44533333333333336
Test accuracy: 0.4563333333333333
Number of nodes: 23
Student reward: 0.5555555555555555
Iteration 15/80
Training student with 16000 points
Train accuracy: 0.44484375
Test accuracy: 0.4353125
Number of nodes: 23
Student reward: 0.5555555555555555
Iteration 16/80
Training student with 17000 points
Train accuracy: 0.4421323529411765
Test accuracy: 0.44382352941176473
Number of nodes: 23
Student reward: 0.5555555555555555
Iteration 17/80
Training student with 18000 points
Train accuracy: 0.44277777777777777
Test accuracy: 0.4305555555555556
Number of nodes: 21
Student reward: 0.5555555555555555
Iteration 18/80
Training student with 19000 points
Train accuracy: 0.4417763157894737
Test accuracy: 0.425
Number of nodes: 23
Student reward: 0.5555555555555555
Iteration 19/80
Training student with 20000 points
Train accuracy: 0.4350625
Test accuracy: 0.4445
Number of nodes: 23
Student reward: 0.5555555555555555
Iteration 20/80
Training student with 21000 points
Train accuracy: 0.4354166666666667
Test accuracy: 0.42738095238095236
Number of nodes: 21
Student reward: 0.5555555555555555
Iteration 21/80
Training student with 22000 points
Train accuracy: 0.4314772727272727
Test accuracy: 0.4434090909090909
Number of nodes: 23
Student reward: 0.5555555555555555
Iteration 22/80
Training student with 23000 points
Train accuracy: 0.4309782608695652
Test accuracy: 0.43
Number of nodes: 23
Student reward: 0.5555555555555555
Iteration 23/80
Training student with 24000 points
Train accuracy: 0.43244791666666665
Test accuracy: 0.43
Number of nodes: 23
Student reward: 0.5555555555555555
Iteration 24/80
Training student with 25000 points
Train accuracy: 0.4318
Test accuracy: 0.419
Number of nodes: 23
Student reward: 0.5555555555555555
Iteration 25/80
Training student with 26000 points
Train accuracy: 0.4286057692307692
Test accuracy: 0.4323076923076923
Number of nodes: 21
Student reward: 0.5555555555555555
Iteration 26/80
Training student with 27000 points
Train accuracy: 0.4288425925925926
Test accuracy: 0.4261111111111111
Number of nodes: 23
Student reward: 0.5555555555555555
Iteration 27/80
Training student with 28000 points
Train accuracy: 0.4313392857142857
Test accuracy: 0.4175
Number of nodes: 23
Student reward: 0.5555555555555555
Iteration 28/80
Training student with 29000 points
Train accuracy: 0.4327155172413793
Test accuracy: 0.42344827586206896
Number of nodes: 21
Student reward: 0.5555555555555555
Iteration 29/80
Training student with 30000 points
Train accuracy: 0.4310833333333333
Test accuracy: 0.4425
Number of nodes: 23
Student reward: 0.5555555555555555
Iteration 30/80
Training student with 31000 points
Train accuracy: 0.4374596774193548
Test accuracy: 0.4346774193548387
Number of nodes: 21
Student reward: 0.5555555555555555
Iteration 31/80
Training student with 32000 points
Train accuracy: 0.4407421875
Test accuracy: 0.4334375
Number of nodes: 21
Student reward: 0.5555555555555555
Iteration 32/80
Training student with 33000 points
Train accuracy: 0.4400378787878788
Test accuracy: 0.44712121212121214
Number of nodes: 23
Student reward: 0.5555555555555555
Iteration 33/80
Training student with 34000 points
Train accuracy: 0.44433823529411764
Test accuracy: 0.43176470588235294
Number of nodes: 23
Student reward: 0.5555555555555555
Iteration 34/80
Training student with 35000 points
Train accuracy: 0.44675
Test accuracy: 0.4421428571428571
Number of nodes: 21
Student reward: 0.5555555555555555
Iteration 35/80
Training student with 36000 points
Train accuracy: 0.44756944444444446
Test accuracy: 0.44125
Number of nodes: 23
Student reward: 0.5555555555555555
Iteration 36/80
Training student with 37000 points
Train accuracy: 0.4497635135135135
Test accuracy: 0.4508108108108108
Number of nodes: 23
Student reward: 0.5555555555555555
Iteration 37/80
Training student with 38000 points
Train accuracy: 0.450625
Test accuracy: 0.45421052631578945
Number of nodes: 23
Student reward: 0.5555555555555555
Iteration 38/80
Training student with 39000 points
Train accuracy: 0.45413461538461536
Test accuracy: 0.44794871794871793
Number of nodes: 23
Student reward: 0.5555555555555555
Iteration 39/80
Training student with 40000 points
Train accuracy: 0.4571875
Test accuracy: 0.447875
Number of nodes: 23
Student reward: 0.5555555555555555
Iteration 40/80
Training student with 41000 points
Train accuracy: 0.4554268292682927
Test accuracy: 0.46451219512195124
Number of nodes: 23
Student reward: 0.5555555555555555
Iteration 41/80
Training student with 42000 points
Train accuracy: 0.4583035714285714
Test accuracy: 0.4576190476190476
Number of nodes: 23
Student reward: 0.5555555555555555
Iteration 42/80
Training student with 43000 points
Train accuracy: 0.45973837209302326
Test accuracy: 0.4602325581395349
Number of nodes: 23
Student reward: 0.5555555555555555
Iteration 43/80
Training student with 44000 points
Train accuracy: 0.4622159090909091
Test accuracy: 0.45897727272727273
Number of nodes: 23
Student reward: 0.5555555555555555
Iteration 44/80
Training student with 45000 points
Train accuracy: 0.46347222222222223
Test accuracy: 0.4618888888888889
Number of nodes: 23
Student reward: 0.5555555555555555
Iteration 45/80
Training student with 46000 points
Train accuracy: 0.4653260869565217
Test accuracy: 0.45967391304347827
Number of nodes: 23
Student reward: 0.5555555555555555
Iteration 46/80
Training student with 47000 points
Train accuracy: 0.46523936170212765
Test accuracy: 0.4651063829787234
Number of nodes: 23
Student reward: 0.5555555555555555
Iteration 47/80
Training student with 48000 points
Train accuracy: 0.4653125
Test accuracy: 0.468125
Number of nodes: 21
Student reward: 0.5555555555555555
Iteration 48/80
Training student with 49000 points
Train accuracy: 0.4660714285714286
Test accuracy: 0.47489795918367345
Number of nodes: 23
Student reward: 0.5555555555555555
Iteration 49/80
Training student with 50000 points
Train accuracy: 0.47005
Test accuracy: 0.4644
Number of nodes: 23
Student reward: 0.5555555555555555
Iteration 50/80
Training student with 51000 points
Train accuracy: 0.4704901960784314
Test accuracy: 0.4668627450980392
Number of nodes: 23
Student reward: 0.5555555555555555
Iteration 51/80
Training student with 52000 points
Train accuracy: 0.47170673076923075
Test accuracy: 0.46692307692307694
Number of nodes: 23
Student reward: 0.5555555555555555
Iteration 52/80
Training student with 53000 points
Train accuracy: 0.47212264150943395
Test accuracy: 0.46943396226415096
Number of nodes: 23
Student reward: 0.5555555555555555
Iteration 53/80
Training student with 54000 points
Train accuracy: 0.4724074074074074
Test accuracy: 0.4740740740740741
Number of nodes: 23
Student reward: 0.5555555555555555
Iteration 54/80
Training student with 55000 points
Train accuracy: 0.47247727272727275
Test accuracy: 0.48018181818181815
Number of nodes: 23
Student reward: 0.5555555555555555
Iteration 55/80
Training student with 56000 points
Train accuracy: 0.4756919642857143
Test accuracy: 0.46660714285714283
Number of nodes: 21
Student reward: 0.5555555555555555
Iteration 56/80
Training student with 57000 points
Train accuracy: 0.47541666666666665
Test accuracy: 0.47368421052631576
Number of nodes: 23
Student reward: 0.5555555555555555
Iteration 57/80
Training student with 58000 points
Train accuracy: 0.4754956896551724
Test accuracy: 0.4773275862068965
Number of nodes: 23
Student reward: 0.5555555555555555
Iteration 58/80
Training student with 59000 points
Train accuracy: 0.4779237288135593
Test accuracy: 0.4723728813559322
Number of nodes: 23
Student reward: 0.5555555555555555
Iteration 59/80
Training student with 60000 points
Train accuracy: 0.47839583333333335
Test accuracy: 0.47475
Number of nodes: 23
Student reward: 0.5555555555555555
Iteration 60/80
Training student with 61000 points
Train accuracy: 0.4797950819672131
Test accuracy: 0.4733606557377049
Number of nodes: 23
Student reward: 0.5555555555555555
Iteration 61/80
Training student with 62000 points
Train accuracy: 0.4796774193548387
Test accuracy: 0.47766129032258065
Number of nodes: 23
Student reward: 0.5555555555555555
Iteration 62/80
Training student with 63000 points
Train accuracy: 0.47688492063492066
Test accuracy: 0.49182539682539683
Number of nodes: 21
Student reward: 0.5555555555555555
Iteration 63/80
Training student with 64000 points
Train accuracy: 0.4816796875
Test accuracy: 0.47390625
Number of nodes: 23
Student reward: 0.5555555555555555
Iteration 64/80
Training student with 65000 points
Train accuracy: 0.48294230769230767
Test accuracy: 0.47392307692307695
Number of nodes: 23
Student reward: 0.5555555555555555
Iteration 65/80
Training student with 66000 points
Train accuracy: 0.47954545454545455
Test accuracy: 0.49098484848484847
Number of nodes: 23
Student reward: 0.5555555555555555
Iteration 66/80
Training student with 67000 points
Train accuracy: 0.48201492537313434
Test accuracy: 0.4854477611940298
Number of nodes: 21
Student reward: 0.5555555555555555
Iteration 67/80
Training student with 68000 points
Train accuracy: 0.4819669117647059
Test accuracy: 0.48772058823529413
Number of nodes: 23
Student reward: 0.5555555555555555
Iteration 68/80
Training student with 69000 points
Train accuracy: 0.48556159420289857
Test accuracy: 0.47456521739130436
Number of nodes: 23
Student reward: 0.5555555555555555
Iteration 69/80
Training student with 70000 points
Train accuracy: 0.48476785714285714
Test accuracy: 0.48085714285714287
Number of nodes: 21
Student reward: 0.5555555555555555
Iteration 70/80
Training student with 71000 points
Train accuracy: 0.48455985915492955
Test accuracy: 0.4833098591549296
Number of nodes: 21
Student reward: 0.5555555555555555
Iteration 71/80
Training student with 72000 points
Train accuracy: 0.48453125
Test accuracy: 0.4847222222222222
Number of nodes: 23
Student reward: 0.5555555555555555
Iteration 72/80
Training student with 73000 points
Train accuracy: 0.4850856164383562
Test accuracy: 0.48561643835616436
Number of nodes: 21
Student reward: 0.5555555555555555
Iteration 73/80
Training student with 74000 points
Train accuracy: 0.48533783783783785
Test accuracy: 0.48743243243243245
Number of nodes: 23
Student reward: 0.5555555555555555
Iteration 74/80
Training student with 75000 points
Train accuracy: 0.48733333333333334
Test accuracy: 0.4826
Number of nodes: 23
Student reward: 0.5555555555555555
Iteration 75/80
Training student with 76000 points
Train accuracy: 0.48697368421052634
Test accuracy: 0.48539473684210527
Number of nodes: 21
Student reward: 0.5555555555555555
Iteration 76/80
Training student with 77000 points
Train accuracy: 0.48733766233766235
Test accuracy: 0.48603896103896105
Number of nodes: 21
Student reward: 0.5555555555555555
Iteration 77/80
Training student with 78000 points
Train accuracy: 0.48735576923076923
Test accuracy: 0.48717948717948717
Number of nodes: 23
Student reward: 0.5555555555555555
Iteration 78/80
Training student with 79000 points
Train accuracy: 0.48957278481012656
Test accuracy: 0.47955696202531645
Number of nodes: 21
Student reward: 0.5555555555555555
Iteration 79/80
Training student with 80000 points
Train accuracy: 0.4874375
Test accuracy: 0.49075
Number of nodes: 23
Student reward: 0.5555555555555555
Initial policy count: 80
Current policy count: 40
Reward update: 0.5555555555555555 -> 0.5555555555555561
Reward update: 0.5555555555555555 -> 0.5555555555555561
Reward update: 0.5555555555555555 -> 0.5555555555555561
Reward update: 0.5555555555555555 -> 0.5555555555555561
Reward update: 0.5555555555555555 -> 0.5555555555555561
Reward update: 0.5555555555555555 -> 0.5555555555555561
Reward update: 0.5555555555555555 -> 0.5555555555555561
Reward update: 0.5555555555555555 -> 0.5555555555555561
Reward update: 0.5555555555555555 -> 0.5555555555555561
Reward update: 0.5555555555555555 -> 0.5555555555555561
Reward update: 0.5555555555555555 -> 0.5555555555555561
Reward update: 0.5555555555555555 -> 0.5555555555555561
Reward update: 0.5555555555555555 -> 0.5555555555555561
Reward update: 0.5555555555555555 -> 0.5555555555555561
Reward update: 0.5555555555555555 -> 0.5555555555555561
Reward update: 0.5555555555555555 -> 0.5555555555555561
Reward update: 0.5555555555555555 -> 0.5555555555555561
Reward update: 0.5555555555555555 -> 0.5555555555555561
Reward update: 0.5555555555555555 -> 0.5555555555555561
Reward update: 0.5555555555555555 -> 0.5555555555555561
Reward update: 0.5555555555555555 -> 0.5555555555555561
Reward update: 0.5555555555555555 -> 0.5555555555555561
Reward update: 0.5555555555555555 -> 0.5555555555555561
Reward update: 0.5555555555555555 -> 0.5555555555555561
Reward update: 0.5555555555555555 -> 0.5555555555555561
Reward update: 0.5555555555555555 -> 0.5555555555555561
Reward update: 0.5555555555555555 -> 0.5555555555555561
Reward update: 0.5555555555555555 -> 0.5555555555555561
Reward update: 0.5555555555555555 -> 0.5555555555555561
Reward update: 0.5555555555555555 -> 0.5555555555555561
Reward update: 0.5555555555555555 -> 0.5555555555555561
Reward update: 0.5555555555555555 -> 0.5555555555555561
Reward update: 0.5555555555555555 -> 0.5555555555555561
Reward update: 0.5555555555555555 -> 0.5555555555555561
Reward update: 0.5555555555555555 -> 0.5555555555555561
Reward update: 0.5555555555555555 -> 0.5555555555555561
Reward update: 0.5555555555555555 -> 0.5555555555555561
Reward update: 0.5555555555555555 -> 0.5555555555555561
Reward update: 0.5555555555555555 -> 0.5555555555555561
Reward update: 0.5555555555555555 -> 0.5555555555555561
Current policy count: 20
Reward update: 0.5555555555555561 -> 0.5555555555555561
Reward update: 0.5555555555555561 -> 0.5555555555555561
Reward update: 0.5555555555555561 -> 0.5555555555555561
Reward update: 0.5555555555555561 -> 0.5555555555555561
Reward update: 0.5555555555555561 -> 0.5555555555555561
Reward update: 0.5555555555555561 -> 0.5555555555555561
Reward update: 0.5555555555555561 -> 0.5555555555555561
Reward update: 0.5555555555555561 -> 0.5555555555555561
Reward update: 0.5555555555555561 -> 0.5555555555555561
Reward update: 0.5555555555555561 -> 0.5555555555555561
Reward update: 0.5555555555555561 -> 0.5555555555555561
Reward update: 0.5555555555555561 -> 0.5555555555555561
Reward update: 0.5555555555555561 -> 0.5555555555555561
Reward update: 0.5555555555555561 -> 0.5555555555555561
Reward update: 0.5555555555555561 -> 0.5555555555555561
Reward update: 0.5555555555555561 -> 0.5555555555555561
Reward update: 0.5555555555555561 -> 0.5555555555555561
Reward update: 0.5555555555555561 -> 0.5555555555555561
Reward update: 0.5555555555555561 -> 0.5555555555555561
Reward update: 0.5555555555555561 -> 0.5555555555555561
Current policy count: 10
Reward update: 0.5555555555555561 -> 0.5555555555555561
Reward update: 0.5555555555555561 -> 0.5555555555555561
Reward update: 0.5555555555555561 -> 0.5555555555555561
Reward update: 0.5555555555555561 -> 0.5555555555555561
Reward update: 0.5555555555555561 -> 0.5555555555555561
Reward update: 0.5555555555555561 -> 0.5555555555555561
Reward update: 0.5555555555555561 -> 0.5555555555555561
Reward update: 0.5555555555555561 -> 0.5555555555555561
Reward update: 0.5555555555555561 -> 0.5555555555555561
Reward update: 0.5555555555555561 -> 0.5555555555555561
Current policy count: 5
Reward update: 0.5555555555555561 -> 0.5555555555555561
Reward update: 0.5555555555555561 -> 0.5555555555555561
Reward update: 0.5555555555555561 -> 0.5555555555555561
Reward update: 0.5555555555555561 -> 0.5555555555555561
Reward update: 0.5555555555555561 -> 0.5555555555555561
Current policy count: 3
Reward update: 0.5555555555555561 -> 0.5555555555555561
Reward update: 0.5555555555555561 -> 0.5555555555555561
Reward update: 0.5555555555555561 -> 0.5555555555555561
Current policy count: 2
Reward update: 0.5555555555555561 -> 0.5555555555555561
Reward update: 0.5555555555555561 -> 0.5555555555555561
Current policy count: 1
Reward update: 0.5555555555555561 -> 0.5555555555555561
Final reward: 0.5555555555555561
Number of nodes: 21
