Iteration 0/80
Training student with 1000 points
Train accuracy: 0.5775
Test accuracy: 0.515
Number of nodes: 23
Student reward: 0.41666666666666663
Iteration 1/80
Training student with 2000 points
Train accuracy: 0.4475
Test accuracy: 0.44
Number of nodes: 23
Student reward: 0.5555555555555555
Iteration 2/80
Training student with 3000 points
Train accuracy: 0.46375
Test accuracy: 0.4483333333333333
Number of nodes: 23
Student reward: 0.16666666666666669
Iteration 3/80
Training student with 4000 points
Train accuracy: 0.4415625
Test accuracy: 0.44125
Number of nodes: 23
Student reward: 0.5555555555555555
Iteration 4/80
Training student with 5000 points
Train accuracy: 0.44725
Test accuracy: 0.428
Number of nodes: 23
Student reward: 0.5555555555555555
Iteration 5/80
Training student with 6000 points
Train accuracy: 0.450625
Test accuracy: 0.4166666666666667
Number of nodes: 23
Student reward: 0.5555555555555555
Iteration 6/80
Training student with 7000 points
Train accuracy: 0.44392857142857145
Test accuracy: 0.4307142857142857
Number of nodes: 23
Student reward: 0.5555555555555555
Iteration 7/80
Training student with 8000 points
Train accuracy: 0.4471875
Test accuracy: 0.44625
Number of nodes: 23
Student reward: 0.5555555555555555
Iteration 8/80
Training student with 9000 points
Train accuracy: 0.4409722222222222
Test accuracy: 0.435
Number of nodes: 23
Student reward: 0.16666666666666669
Iteration 9/80
Training student with 10000 points
Train accuracy: 0.438625
Test accuracy: 0.4325
Number of nodes: 23
Student reward: 0.5555555555555555
Iteration 10/80
Training student with 11000 points
Train accuracy: 0.42522727272727273
Test accuracy: 0.44545454545454544
Number of nodes: 23
Student reward: 0.5555555555555555
Iteration 11/80
Training student with 12000 points
Train accuracy: 0.4395833333333333
Test accuracy: 0.44708333333333333
Number of nodes: 23
Student reward: 0.5555555555555555
Iteration 12/80
Training student with 13000 points
Train accuracy: 0.44240384615384615
Test accuracy: 0.44
Number of nodes: 23
Student reward: 0.5555555555555555
Iteration 13/80
Training student with 14000 points
Train accuracy: 0.44723214285714286
Test accuracy: 0.4325
Number of nodes: 23
Student reward: 0.5555555555555555
Iteration 14/80
Training student with 15000 points
Train accuracy: 0.44975
Test accuracy: 0.462
Number of nodes: 23
Student reward: 0.5555555555555555
Iteration 15/80
Training student with 16000 points
Train accuracy: 0.450390625
Test accuracy: 0.4409375
Number of nodes: 23
Student reward: 0.5555555555555555
Iteration 16/80
Training student with 17000 points
Train accuracy: 0.44580882352941176
Test accuracy: 0.4497058823529412
Number of nodes: 23
Student reward: 0.5555555555555555
Iteration 17/80
Training student with 18000 points
Train accuracy: 0.4440277777777778
Test accuracy: 0.4488888888888889
Number of nodes: 23
Student reward: 0.5555555555555555
Iteration 18/80
Training student with 19000 points
Train accuracy: 0.4475
Test accuracy: 0.44263157894736843
Number of nodes: 23
Student reward: 0.16666666666666669
Iteration 19/80
Training student with 20000 points
Train accuracy: 0.44125
Test accuracy: 0.46575
Number of nodes: 23
Student reward: 0.5555555555555555
Iteration 20/80
Training student with 21000 points
Train accuracy: 0.45148809523809524
Test accuracy: 0.45166666666666666
Number of nodes: 23
Student reward: 0.5555555555555555
Iteration 21/80
Training student with 22000 points
Train accuracy: 0.44732954545454545
Test accuracy: 0.4490909090909091
Number of nodes: 23
Student reward: 0.5555555555555555
Iteration 22/80
Training student with 23000 points
Train accuracy: 0.44717391304347825
Test accuracy: 0.44565217391304346
Number of nodes: 23
Student reward: 0.16666666666666669
Iteration 23/80
Training student with 24000 points
Train accuracy: 0.45479166666666665
Test accuracy: 0.4529166666666667
Number of nodes: 23
Student reward: 0.16666666666666669
Iteration 24/80
Training student with 25000 points
Train accuracy: 0.46285
Test accuracy: 0.453
Number of nodes: 23
Student reward: 0.5555555555555555
Iteration 25/80
Training student with 26000 points
Train accuracy: 0.456875
Test accuracy: 0.47307692307692306
Number of nodes: 23
Student reward: 0.16666666666666669
Iteration 26/80
Training student with 27000 points
Train accuracy: 0.4683333333333333
Test accuracy: 0.46425925925925926
Number of nodes: 23
Student reward: 0.5555555555555555
Iteration 27/80
Training student with 28000 points
Train accuracy: 0.4644642857142857
Test accuracy: 0.45321428571428574
Number of nodes: 23
Student reward: 0.5555555555555555
Iteration 28/80
Training student with 29000 points
Train accuracy: 0.46836206896551724
Test accuracy: 0.4746551724137931
Number of nodes: 23
Student reward: 0.16666666666666669
Iteration 29/80
Training student with 30000 points
Train accuracy: 0.4719583333333333
Test accuracy: 0.4786666666666667
Number of nodes: 23
Student reward: 0.5555555555555555
Iteration 30/80
Training student with 31000 points
Train accuracy: 0.46737903225806454
Test accuracy: 0.4706451612903226
Number of nodes: 23
Student reward: 0.5555555555555555
Iteration 31/80
Training student with 32000 points
Train accuracy: 0.4712890625
Test accuracy: 0.471875
Number of nodes: 23
Student reward: 0.5555555555555555
Iteration 32/80
Training student with 33000 points
Train accuracy: 0.46825757575757576
Test accuracy: 0.4662121212121212
Number of nodes: 23
Student reward: 0.16666666666666669
Iteration 33/80
Training student with 34000 points
Train accuracy: 0.47503676470588235
Test accuracy: 0.48205882352941176
Number of nodes: 23
Student reward: 0.5555555555555555
Iteration 34/80
Training student with 35000 points
Train accuracy: 0.4670714285714286
Test accuracy: 0.4727142857142857
Number of nodes: 23
Student reward: 0.5555555555555555
Iteration 35/80
Training student with 36000 points
Train accuracy: 0.4762152777777778
Test accuracy: 0.46569444444444447
Number of nodes: 23
Student reward: 0.5555555555555555
Iteration 36/80
Training student with 37000 points
Train accuracy: 0.47476351351351354
Test accuracy: 0.4737837837837838
Number of nodes: 23
Student reward: 0.5555555555555555
Iteration 37/80
Training student with 38000 points
Train accuracy: 0.4748684210526316
Test accuracy: 0.47210526315789475
Number of nodes: 23
Student reward: 0.5555555555555555
Iteration 38/80
Training student with 39000 points
Train accuracy: 0.47442307692307695
Test accuracy: 0.4748717948717949
Number of nodes: 23
Student reward: 0.16666666666666669
Iteration 39/80
Training student with 40000 points
Train accuracy: 0.48034375
Test accuracy: 0.478
Number of nodes: 23
Student reward: 0.5555555555555555
Iteration 40/80
Training student with 41000 points
Train accuracy: 0.4715243902439024
Test accuracy: 0.47792682926829266
Number of nodes: 23
Student reward: 0.5555555555555555
Iteration 41/80
Training student with 42000 points
Train accuracy: 0.47229166666666667
Test accuracy: 0.4763095238095238
Number of nodes: 23
Student reward: 0.5555555555555555
Iteration 42/80
Training student with 43000 points
Train accuracy: 0.4813081395348837
Test accuracy: 0.47732558139534886
Number of nodes: 23
Student reward: 0.5555555555555555
Iteration 43/80
Training student with 44000 points
Train accuracy: 0.47389204545454544
Test accuracy: 0.4713636363636364
Number of nodes: 23
Student reward: 0.16666666666666669
Iteration 44/80
Training student with 45000 points
Train accuracy: 0.47930555555555554
Test accuracy: 0.483
Number of nodes: 23
Student reward: 0.5555555555555555
Iteration 45/80
Training student with 46000 points
Train accuracy: 0.47554347826086957
Test accuracy: 0.4757608695652174
Number of nodes: 23
Student reward: 0.16666666666666669
Iteration 46/80
Training student with 47000 points
Train accuracy: 0.47688829787234044
Test accuracy: 0.490531914893617
Number of nodes: 23
Student reward: 0.5555555555555555
Iteration 47/80
Training student with 48000 points
Train accuracy: 0.480546875
Test accuracy: 0.48270833333333335
Number of nodes: 23
Student reward: 0.5555555555555555
Iteration 48/80
Training student with 49000 points
Train accuracy: 0.48104591836734695
Test accuracy: 0.49020408163265305
Number of nodes: 23
Student reward: 0.5555555555555555
Iteration 49/80
Training student with 50000 points
Train accuracy: 0.48235
Test accuracy: 0.4838
Number of nodes: 23
Student reward: 0.5555555555555555
Iteration 50/80
Training student with 51000 points
Train accuracy: 0.4795343137254902
Test accuracy: 0.47774509803921567
Number of nodes: 23
Student reward: 0.5555555555555555
Iteration 51/80
Training student with 52000 points
Train accuracy: 0.4831971153846154
Test accuracy: 0.475
Number of nodes: 23
Student reward: 0.5555555555555555
Iteration 52/80
Training student with 53000 points
Train accuracy: 0.47889150943396225
Test accuracy: 0.4788679245283019
Number of nodes: 23
Student reward: 0.5555555555555555
Iteration 53/80
Training student with 54000 points
Train accuracy: 0.4814583333333333
Test accuracy: 0.4855555555555556
Number of nodes: 23
Student reward: 0.5555555555555555
Iteration 54/80
Training student with 55000 points
Train accuracy: 0.4798181818181818
Test accuracy: 0.4808181818181818
Number of nodes: 23
Student reward: 0.5555555555555555
Iteration 55/80
Training student with 56000 points
Train accuracy: 0.4793080357142857
Test accuracy: 0.4828571428571429
Number of nodes: 23
Student reward: 0.16666666666666669
Iteration 56/80
Training student with 57000 points
Train accuracy: 0.48105263157894734
Test accuracy: 0.49280701754385964
Number of nodes: 23
Student reward: 0.5555555555555555
Iteration 57/80
Training student with 58000 points
Train accuracy: 0.48142241379310347
Test accuracy: 0.4875
Number of nodes: 23
Student reward: 0.16666666666666669
Iteration 58/80
Training student with 59000 points
Train accuracy: 0.4798728813559322
Test accuracy: 0.48542372881355933
Number of nodes: 23
Student reward: 0.5555555555555555
Iteration 59/80
Training student with 60000 points
Train accuracy: 0.4872916666666667
Test accuracy: 0.4880833333333333
Number of nodes: 23
Student reward: 0.5555555555555555
Iteration 60/80
Training student with 61000 points
Train accuracy: 0.482172131147541
Test accuracy: 0.48204918032786886
Number of nodes: 23
Student reward: 0.5555555555555555
Iteration 61/80
Training student with 62000 points
Train accuracy: 0.4813508064516129
Test accuracy: 0.48604838709677417
Number of nodes: 23
Student reward: 0.5555555555555555
Iteration 62/80
Training student with 63000 points
Train accuracy: 0.47982142857142857
Test accuracy: 0.47579365079365077
Number of nodes: 23
Student reward: 0.16666666666666669
Iteration 63/80
Training student with 64000 points
Train accuracy: 0.4873046875
Test accuracy: 0.484921875
Number of nodes: 23
Student reward: 0.5555555555555555
Iteration 64/80
Training student with 65000 points
Train accuracy: 0.4860576923076923
Test accuracy: 0.477
Number of nodes: 23
Student reward: 0.5555555555555555
Iteration 65/80
Training student with 66000 points
Train accuracy: 0.4874431818181818
Test accuracy: 0.48727272727272725
Number of nodes: 23
Student reward: 0.5555555555555555
Iteration 66/80
Training student with 67000 points
Train accuracy: 0.48401119402985077
Test accuracy: 0.48276119402985074
Number of nodes: 23
Student reward: 0.5555555555555555
Iteration 67/80
Training student with 68000 points
Train accuracy: 0.48474264705882353
Test accuracy: 0.48198529411764707
Number of nodes: 23
Student reward: 0.5555555555555555
Iteration 68/80
Training student with 69000 points
Train accuracy: 0.48139492753623186
Test accuracy: 0.4792753623188406
Number of nodes: 23
Student reward: 0.16666666666666669
Iteration 69/80
Training student with 70000 points
Train accuracy: 0.48632142857142857
Test accuracy: 0.47614285714285715
Number of nodes: 23
Student reward: 0.5555555555555555
Iteration 70/80
Training student with 71000 points
Train accuracy: 0.4837147887323944
Test accuracy: 0.48
Number of nodes: 23
Student reward: 0.5555555555555555
Iteration 71/80
Training student with 72000 points
Train accuracy: 0.48765625
Test accuracy: 0.49020833333333336
Number of nodes: 23
Student reward: 0.5555555555555555
Iteration 72/80
Training student with 73000 points
Train accuracy: 0.48342465753424657
Test accuracy: 0.48732876712328765
Number of nodes: 23
Student reward: 0.5555555555555555
Iteration 73/80
Training student with 74000 points
Train accuracy: 0.4872635135135135
Test accuracy: 0.4896621621621622
Number of nodes: 23
Student reward: 0.16666666666666669
Iteration 74/80
Training student with 75000 points
Train accuracy: 0.4857666666666667
Test accuracy: 0.4836
Number of nodes: 23
Student reward: 0.5555555555555555
Iteration 75/80
Training student with 76000 points
Train accuracy: 0.4838980263157895
Test accuracy: 0.4851315789473684
Number of nodes: 23
Student reward: 0.5555555555555555
Iteration 76/80
Training student with 77000 points
Train accuracy: 0.48676948051948055
Test accuracy: 0.48305194805194807
Number of nodes: 23
Student reward: 0.5555555555555555
Iteration 77/80
Training student with 78000 points
Train accuracy: 0.48653846153846153
Test accuracy: 0.4938461538461538
Number of nodes: 23
Student reward: 0.5555555555555555
Iteration 78/80
Training student with 79000 points
Train accuracy: 0.4854588607594937
Test accuracy: 0.4829113924050633
Number of nodes: 23
Student reward: 0.5555555555555555
Iteration 79/80
Training student with 80000 points
Train accuracy: 0.484703125
Test accuracy: 0.4881875
Number of nodes: 23
Student reward: 0.5555555555555555
Initial policy count: 80
Current policy count: 40
Reward update: 0.5555555555555555 -> 0.5555555555555561
Reward update: 0.5555555555555555 -> 0.5555555555555561
Reward update: 0.5555555555555555 -> 0.5555555555555561
Reward update: 0.5555555555555555 -> 0.5555555555555561
Reward update: 0.5555555555555555 -> 0.5555555555555561
Reward update: 0.5555555555555555 -> 0.5555555555555561
Reward update: 0.5555555555555555 -> 0.5555555555555561
Reward update: 0.5555555555555555 -> 0.5555555555555561
Reward update: 0.5555555555555555 -> 0.5555555555555561
Reward update: 0.5555555555555555 -> 0.5555555555555561
Reward update: 0.5555555555555555 -> 0.5555555555555561
Reward update: 0.5555555555555555 -> 0.5555555555555561
Reward update: 0.5555555555555555 -> 0.5555555555555561
Reward update: 0.5555555555555555 -> 0.5555555555555561
Reward update: 0.5555555555555555 -> 0.5555555555555561
Reward update: 0.5555555555555555 -> 0.5555555555555561
Reward update: 0.5555555555555555 -> 0.5555555555555561
Reward update: 0.5555555555555555 -> 0.5555555555555561
Reward update: 0.5555555555555555 -> 0.5555555555555561
Reward update: 0.5555555555555555 -> 0.5555555555555561
Reward update: 0.5555555555555555 -> 0.5555555555555561
Reward update: 0.5555555555555555 -> 0.5555555555555561
Reward update: 0.5555555555555555 -> 0.5555555555555561
Reward update: 0.5555555555555555 -> 0.5555555555555561
Reward update: 0.5555555555555555 -> 0.5555555555555561
Reward update: 0.5555555555555555 -> 0.5555555555555561
Reward update: 0.5555555555555555 -> 0.5555555555555561
Reward update: 0.5555555555555555 -> 0.5555555555555561
Reward update: 0.5555555555555555 -> 0.5555555555555561
Reward update: 0.5555555555555555 -> 0.5555555555555561
Reward update: 0.5555555555555555 -> 0.5555555555555561
Reward update: 0.5555555555555555 -> 0.5555555555555561
Reward update: 0.5555555555555555 -> 0.5555555555555561
Reward update: 0.5555555555555555 -> 0.5555555555555561
Reward update: 0.5555555555555555 -> 0.5555555555555561
Reward update: 0.5555555555555555 -> 0.5555555555555561
Reward update: 0.5555555555555555 -> 0.5555555555555561
Reward update: 0.5555555555555555 -> 0.5555555555555561
Reward update: 0.5555555555555555 -> 0.5555555555555561
Reward update: 0.5555555555555555 -> 0.5555555555555561
Current policy count: 20
Reward update: 0.5555555555555561 -> 0.5555555555555561
Reward update: 0.5555555555555561 -> 0.5555555555555561
Reward update: 0.5555555555555561 -> 0.5555555555555561
Reward update: 0.5555555555555561 -> 0.5555555555555561
Reward update: 0.5555555555555561 -> 0.5555555555555561
Reward update: 0.5555555555555561 -> 0.5555555555555561
Reward update: 0.5555555555555561 -> 0.5555555555555561
Reward update: 0.5555555555555561 -> 0.5555555555555561
Reward update: 0.5555555555555561 -> 0.5555555555555561
Reward update: 0.5555555555555561 -> 0.5555555555555561
Reward update: 0.5555555555555561 -> 0.5555555555555561
Reward update: 0.5555555555555561 -> 0.5555555555555561
Reward update: 0.5555555555555561 -> 0.5555555555555561
Reward update: 0.5555555555555561 -> 0.5555555555555561
Reward update: 0.5555555555555561 -> 0.5555555555555561
Reward update: 0.5555555555555561 -> 0.5555555555555561
Reward update: 0.5555555555555561 -> 0.5555555555555561
Reward update: 0.5555555555555561 -> 0.5555555555555561
Reward update: 0.5555555555555561 -> 0.5555555555555561
Reward update: 0.5555555555555561 -> 0.5555555555555561
Current policy count: 10
Reward update: 0.5555555555555561 -> 0.5555555555555561
Reward update: 0.5555555555555561 -> 0.5555555555555561
Reward update: 0.5555555555555561 -> 0.5555555555555561
Reward update: 0.5555555555555561 -> 0.5555555555555561
Reward update: 0.5555555555555561 -> 0.5555555555555561
Reward update: 0.5555555555555561 -> 0.5555555555555561
Reward update: 0.5555555555555561 -> 0.5555555555555561
Reward update: 0.5555555555555561 -> 0.5555555555555561
Reward update: 0.5555555555555561 -> 0.5555555555555561
Reward update: 0.5555555555555561 -> 0.5555555555555561
Current policy count: 5
Reward update: 0.5555555555555561 -> 0.5555555555555561
Reward update: 0.5555555555555561 -> 0.5555555555555561
Reward update: 0.5555555555555561 -> 0.5555555555555561
Reward update: 0.5555555555555561 -> 0.5555555555555561
Reward update: 0.5555555555555561 -> 0.5555555555555561
Current policy count: 3
Reward update: 0.5555555555555561 -> 0.5555555555555561
Reward update: 0.5555555555555561 -> 0.5555555555555561
Reward update: 0.5555555555555561 -> 0.5555555555555561
Current policy count: 2
Reward update: 0.5555555555555561 -> 0.5555555555555561
Reward update: 0.5555555555555561 -> 0.5555555555555561
Current policy count: 1
Reward update: 0.5555555555555561 -> 0.5555555555555561
Final reward: 0.5555555555555561
Number of nodes: 23
