Iteration 0/80
Training student with 1118 points
Train accuracy: 0.87248322147651
Test accuracy: 0.875
Number of nodes: 5
Student reward: 8.6
Iteration 1/80
Training student with 1926 points
Train accuracy: 0.8935064935064935
Test accuracy: 0.8730569948186528
Number of nodes: 5
Student reward: 8.9
Iteration 2/80
Training student with 2721 points
Train accuracy: 0.8740808823529411
Test accuracy: 0.8880733944954129
Number of nodes: 5
Student reward: 10.0
Iteration 3/80
Training student with 3640 points
Train accuracy: 0.8822115384615384
Test accuracy: 0.8804945054945055
Number of nodes: 5
Student reward: 10.3
Iteration 4/80
Training student with 4556 points
Train accuracy: 0.8858397365532382
Test accuracy: 0.8848684210526315
Number of nodes: 5
Student reward: 9.9
Iteration 5/80
Training student with 5444 points
Train accuracy: 0.8842709529276693
Test accuracy: 0.8806244260789715
Number of nodes: 5
Student reward: 8.8
Iteration 6/80
Training student with 6248 points
Train accuracy: 0.881952781112445
Test accuracy: 0.892
Number of nodes: 5
Student reward: 8.9
Iteration 7/80
Training student with 7017 points
Train accuracy: 0.8858008195261001
Test accuracy: 0.8746438746438746
Number of nodes: 5
Student reward: 9.1
Iteration 8/80
Training student with 7858 points
Train accuracy: 0.8762328985046134
Test accuracy: 0.8944020356234097
Number of nodes: 5
Student reward: 9.8
Iteration 9/80
Training student with 8738 points
Train accuracy: 0.8914163090128755
Test accuracy: 0.8752860411899314
Number of nodes: 5
Student reward: 9.9
Iteration 10/80
Training student with 9630 points
Train accuracy: 0.8798026998961579
Test accuracy: 0.8753894080996885
Number of nodes: 5
Student reward: 10.0
Iteration 11/80
Training student with 10500 points
Train accuracy: 0.8772619047619048
Test accuracy: 0.8795238095238095
Number of nodes: 5
Student reward: 8.7
Iteration 12/80
Training student with 11285 points
Train accuracy: 0.8808152414709792
Test accuracy: 0.8825875055383252
Number of nodes: 5
Student reward: 9.9
Iteration 13/80
Training student with 12210 points
Train accuracy: 0.8752047502047502
Test accuracy: 0.8751023751023751
Number of nodes: 5
Student reward: 9.5
Iteration 14/80
Training student with 13013 points
Train accuracy: 0.8815561959654179
Test accuracy: 0.8905109489051095
Number of nodes: 5
Student reward: 8.5
Iteration 15/80
Training student with 13779 points
Train accuracy: 0.8809761407965164
Test accuracy: 0.8925979680696662
Number of nodes: 5
Student reward: 9.8
Iteration 16/80
Training student with 14649 points
Train accuracy: 0.8830958272890178
Test accuracy: 0.8870307167235495
Number of nodes: 5
Student reward: 10.4
Iteration 17/80
Training student with 15605 points
Train accuracy: 0.8827298942646588
Test accuracy: 0.8846523550144184
Number of nodes: 5
Student reward: 11.3
Iteration 18/80
Training student with 16703 points
Train accuracy: 0.8792096991468343
Test accuracy: 0.87847949715654
Number of nodes: 5
Student reward: 8.4
Iteration 19/80
Training student with 17480 points
Train accuracy: 0.8835097254004577
Test accuracy: 0.8838672768878718
Number of nodes: 5
Student reward: 9.3
Iteration 20/80
Training student with 18340 points
Train accuracy: 0.8861095965103599
Test accuracy: 0.8754089422028354
Number of nodes: 5
Student reward: 9.5
Iteration 21/80
Training student with 19180 points
Train accuracy: 0.8815172054223149
Test accuracy: 0.8793013555787278
Number of nodes: 5
Student reward: 9.9
Iteration 22/80
Training student with 20074 points
Train accuracy: 0.8831185005292982
Test accuracy: 0.8826899128268991
Number of nodes: 5
Student reward: 10.1
Iteration 23/80
Training student with 21036 points
Train accuracy: 0.8844188257665795
Test accuracy: 0.8833174904942965
Number of nodes: 5
Student reward: 9.0
Iteration 24/80
Training student with 21900 points
Train accuracy: 0.8836187214611873
Test accuracy: 0.882420091324201
Number of nodes: 5
Student reward: 10.0
Iteration 25/80
Training student with 22789 points
Train accuracy: 0.8806428610608305
Test accuracy: 0.8940324703817464
Number of nodes: 5
Student reward: 9.6
Iteration 26/80
Training student with 23690 points
Train accuracy: 0.8810151962853525
Test accuracy: 0.8824398480371465
Number of nodes: 5
Student reward: 10.9
Iteration 27/80
Training student with 24683 points
Train accuracy: 0.8832674972146257
Test accuracy: 0.8808993315778813
Number of nodes: 5
Student reward: 10.4
Iteration 28/80
Training student with 25616 points
Train accuracy: 0.8816611360530939
Test accuracy: 0.8791959406713505
Number of nodes: 5
Student reward: 7.8
Iteration 29/80
Training student with 26364 points
Train accuracy: 0.8828884358257076
Test accuracy: 0.8807130665655225
Number of nodes: 5
Student reward: 9.6
Iteration 30/80
Training student with 27207 points
Train accuracy: 0.881736733287388
Test accuracy: 0.8857037853730246
Number of nodes: 5
Student reward: 9.4
Iteration 31/80
Training student with 28055 points
Train accuracy: 0.8807699162359651
Test accuracy: 0.8805916948850472
Number of nodes: 5
Student reward: 8.7
Iteration 32/80
Training student with 28878 points
Train accuracy: 0.8797506709375812
Test accuracy: 0.8822714681440443
Number of nodes: 5
Student reward: 10.2
Iteration 33/80
Training student with 29770 points
Train accuracy: 0.8870087336244541
Test accuracy: 0.8889821968424588
Number of nodes: 5
Student reward: 9.7
Iteration 34/80
Training student with 30694 points
Train accuracy: 0.885074322948483
Test accuracy: 0.8869522723570614
Number of nodes: 5
Student reward: 9.1
Iteration 35/80
Training student with 31523 points
Train accuracy: 0.8822269807280514
Test accuracy: 0.8799365582870737
Number of nodes: 5
Student reward: 8.7
Iteration 36/80
Training student with 32268 points
Train accuracy: 0.8872704733865344
Test accuracy: 0.8774403470715835
Number of nodes: 5
Student reward: 8.2
Iteration 37/80
Training student with 33004 points
Train accuracy: 0.8816422376245123
Test accuracy: 0.8863808513861536
Number of nodes: 5
Student reward: 9.4
Iteration 38/80
Training student with 33884 points
Train accuracy: 0.8821706570258605
Test accuracy: 0.8779696030692047
Number of nodes: 5
Student reward: 9.7
Iteration 39/80
Training student with 34728 points
Train accuracy: 0.8842415952775178
Test accuracy: 0.8826662827526635
Number of nodes: 5
Student reward: 9.2
Iteration 40/80
Training student with 35578 points
Train accuracy: 0.8839505305319373
Test accuracy: 0.8799887577290613
Number of nodes: 5
Student reward: 8.5
Iteration 41/80
Training student with 36336 points
Train accuracy: 0.8822760423833769
Test accuracy: 0.8841496973032471
Number of nodes: 5
Student reward: 9.5
Iteration 42/80
Training student with 37203 points
Train accuracy: 0.8835763725556078
Test accuracy: 0.8822738879182905
Number of nodes: 5
Student reward: 9.2
Iteration 43/80
Training student with 38029 points
Train accuracy: 0.8858429477697795
Test accuracy: 0.885222193005522
Number of nodes: 5
Student reward: 8.4
Iteration 44/80
Training student with 38796 points
Train accuracy: 0.8845534218327104
Test accuracy: 0.881701030927835
Number of nodes: 5
Student reward: 9.3
Iteration 45/80
Training student with 39633 points
Train accuracy: 0.8807165836119346
Test accuracy: 0.8877254951431816
Number of nodes: 5
Student reward: 9.0
Iteration 46/80
Training student with 40457 points
Train accuracy: 0.8806735671249807
Test accuracy: 0.8847009391992091
Number of nodes: 5
Student reward: 9.4
Iteration 47/80
Training student with 41308 points
Train accuracy: 0.8827089511589905
Test accuracy: 0.8807794722827402
Number of nodes: 5
Student reward: 9.4
Iteration 48/80
Training student with 42168 points
Train accuracy: 0.8831742455682694
Test accuracy: 0.8800094854161726
Number of nodes: 5
Student reward: 10.6
Iteration 49/80
Training student with 43133 points
Train accuracy: 0.8836724047991653
Test accuracy: 0.88350527413933
Number of nodes: 5
Student reward: 10.5
Iteration 50/80
Training student with 44070 points
Train accuracy: 0.8805593374177445
Test accuracy: 0.8832539142273655
Number of nodes: 5
Student reward: 9.4
Iteration 51/80
Training student with 44962 points
Train accuracy: 0.8818426978787289
Test accuracy: 0.8858000667185589
Number of nodes: 5
Student reward: 8.7
Iteration 52/80
Training student with 45756 points
Train accuracy: 0.8820074308818708
Test accuracy: 0.8814466783216783
Number of nodes: 5
Student reward: 9.4
Iteration 53/80
Training student with 46628 points
Train accuracy: 0.8835719264382607
Test accuracy: 0.8839802702123096
Number of nodes: 5
Student reward: 9.2
Iteration 54/80
Training student with 47466 points
Train accuracy: 0.8804382176340462
Test accuracy: 0.8841373499052033
Number of nodes: 5
Student reward: 9.3
Iteration 55/80
Training student with 48264 points
Train accuracy: 0.8824169278184973
Test accuracy: 0.8827307572775303
Number of nodes: 5
Student reward: 9.0
Iteration 56/80
Training student with 49074 points
Train accuracy: 0.883007717975496
Test accuracy: 0.8856851757514009
Number of nodes: 5
Student reward: 9.4
Iteration 57/80
Training student with 49927 points
Train accuracy: 0.8825768007811522
Test accuracy: 0.8835369517324254
Number of nodes: 5
Student reward: 10.6
Iteration 58/80
Training student with 50901 points
Train accuracy: 0.8834479371316306
Test accuracy: 0.8812493861113839
Number of nodes: 5
Student reward: 10.2
Iteration 59/80
Training student with 51842 points
Train accuracy: 0.8846719552479927
Test accuracy: 0.8842704214485485
Number of nodes: 5
Student reward: 8.5
Iteration 60/80
Training student with 52637 points
Train accuracy: 0.8836828231494455
Test accuracy: 0.8868731003039514
Number of nodes: 5
Student reward: 8.8
Iteration 61/80
Training student with 53454 points
Train accuracy: 0.8845029581647686
Test accuracy: 0.8875689832569451
Number of nodes: 5
Student reward: 10.6
Iteration 62/80
Training student with 54411 points
Train accuracy: 0.8810880352876309
Test accuracy: 0.8831204631075991
Number of nodes: 5
Student reward: 8.3
Iteration 63/80
Training student with 55133 points
Train accuracy: 0.8830091144062032
Test accuracy: 0.8813820622109368
Number of nodes: 5
Student reward: 8.9
Iteration 64/80
Training student with 55958 points
Train accuracy: 0.883214939909753
Test accuracy: 0.8838456040028592
Number of nodes: 5
Student reward: 10.1
Iteration 65/80
Training student with 56887 points
Train accuracy: 0.8835395196554527
Test accuracy: 0.8828440850764634
Number of nodes: 5
Student reward: 8.9
Iteration 66/80
Training student with 57736 points
Train accuracy: 0.8834978782367715
Test accuracy: 0.8781607204710773
Number of nodes: 5
Student reward: 10.4
Iteration 67/80
Training student with 58682 points
Train accuracy: 0.8821812759612312
Test accuracy: 0.880037488284911
Number of nodes: 5
Student reward: 10.4
Iteration 68/80
Training student with 59597 points
Train accuracy: 0.8808649873104432
Test accuracy: 0.8838087248322147
Number of nodes: 5
Student reward: 8.8
Iteration 69/80
Training student with 60415 points
Train accuracy: 0.8820657121575768
Test accuracy: 0.8796656459488538
Number of nodes: 5
Student reward: 9.6
Iteration 70/80
Training student with 61287 points
Train accuracy: 0.8814783087560424
Test accuracy: 0.8850546581824115
Number of nodes: 5
Student reward: 9.1
Iteration 71/80
Training student with 62135 points
Train accuracy: 0.8815482417317132
Test accuracy: 0.884364689788364
Number of nodes: 5
Student reward: 9.3
Iteration 72/80
Training student with 62970 points
Train accuracy: 0.8808559631570589
Test accuracy: 0.8778783547721137
Number of nodes: 5
Student reward: 9.5
Iteration 73/80
Training student with 63787 points
Train accuracy: 0.8804405338141057
Test accuracy: 0.8846997962063019
Number of nodes: 5
Student reward: 10.7
Iteration 74/80
Training student with 64738 points
Train accuracy: 0.8796485808071056
Test accuracy: 0.876274328081557
Number of nodes: 5
Student reward: 9.7
Iteration 75/80
Training student with 65654 points
Train accuracy: 0.8816518477619328
Test accuracy: 0.8814256339958876
Number of nodes: 5
Student reward: 10.7
Iteration 76/80
Training student with 66628 points
Train accuracy: 0.8824621965404675
Test accuracy: 0.8794086747711242
Number of nodes: 5
Student reward: 10.3
Iteration 77/80
Training student with 67523 points
Train accuracy: 0.8815579991854567
Test accuracy: 0.8857460199925954
Number of nodes: 5
Student reward: 8.8
Iteration 78/80
Training student with 68313 points
Train accuracy: 0.8845745654162854
Test accuracy: 0.8810656517602283
Number of nodes: 5
Student reward: 10.2
Iteration 79/80
Training student with 69247 points
Train accuracy: 0.8791811830965576
Test accuracy: 0.8817328519855596
Number of nodes: 5
Student reward: 7.6
Initial policy count: 80
Current policy count: 40
Reward update: 11.3 -> 9.12
Reward update: 10.9 -> 9.72
Reward update: 10.7 -> 9.78
Reward update: 10.7 -> 9.72
Reward update: 10.6 -> 9.72
Reward update: 10.6 -> 9.34
Reward update: 10.6 -> 9.34
Reward update: 10.5 -> 9.62
Reward update: 10.4 -> 10.12
Reward update: 10.4 -> 9.2
Reward update: 10.4 -> 9.62
Reward update: 10.4 -> 10.24
Reward update: 10.3 -> 9.78
Reward update: 10.3 -> 9.78
Reward update: 10.2 -> 8.88
Reward update: 10.2 -> 9.12
Reward update: 10.2 -> 9.2
Reward update: 10.1 -> 9.64
Reward update: 10.1 -> 9.96
Reward update: 10.0 -> 9.7
Reward update: 10.0 -> 9.72
Reward update: 10.0 -> 9.14
Reward update: 9.9 -> 11.12
Reward update: 9.9 -> 9.68
Reward update: 9.9 -> 9.54
Reward update: 9.9 -> 10.16
Reward update: 9.8 -> 9.42
Reward update: 9.8 -> 9.96
Reward update: 9.7 -> 9.44
Reward update: 9.7 -> 9.1
Reward update: 9.7 -> 9.6
Reward update: 9.6 -> 8.76
Reward update: 9.6 -> 9.78
Reward update: 9.6 -> 8.8
Reward update: 9.5 -> 10.16
Reward update: 9.5 -> 9.94
Reward update: 9.5 -> 9.4
Reward update: 9.5 -> 9.2
Reward update: 9.4 -> 9.76
Reward update: 9.4 -> 9.34
Current policy count: 20
Reward update: 11.12 -> 9.84
Reward update: 10.24 -> 9.42
Reward update: 10.16 -> 9.56
Reward update: 10.16 -> 9.32
Reward update: 10.12 -> 8.56
Reward update: 9.96 -> 9.74
Reward update: 9.96 -> 9.46
Reward update: 9.94 -> 8.88
Reward update: 9.78 -> 9.24
Reward update: 9.78 -> 9.26
Reward update: 9.78 -> 10.14
Reward update: 9.78 -> 8.96
Reward update: 9.76 -> 9.36
Reward update: 9.72 -> 9.2
Reward update: 9.72 -> 9.14
Reward update: 9.72 -> 9.78
Reward update: 9.72 -> 9.76
Reward update: 9.7 -> 9.64
Reward update: 9.68 -> 9.2
Reward update: 9.64 -> 9.28
Current policy count: 10
Reward update: 10.14 -> 9.1
Reward update: 9.84 -> 9.42
Reward update: 9.78 -> 9.34
Reward update: 9.76 -> 9.74
Reward update: 9.74 -> 9.94
Reward update: 9.64 -> 9.26
Reward update: 9.56 -> 9.06
Reward update: 9.46 -> 9.3
Reward update: 9.42 -> 9.42
Reward update: 9.36 -> 9.56
Current policy count: 5
Reward update: 9.94 -> 9.5
Reward update: 9.74 -> 9.66
Reward update: 9.56 -> 9.5
Reward update: 9.42 -> 9.28
Reward update: 9.42 -> 9.36
Current policy count: 3
Reward update: 9.66 -> 9.12
Reward update: 9.5 -> 9.64
Reward update: 9.5 -> 10.22
Current policy count: 2
Reward update: 10.22 -> 10.22
Reward update: 9.64 -> 9.68
Current policy count: 1
Reward update: 10.22 -> 9.2
Final reward: 9.92
Number of nodes: 5
