Iteration 0/80
Training student with 114 points
Train accuracy: 1.0
Test accuracy: 1.0
Number of nodes: 1
Student reward: 177.76959381103515
Iteration 1/80
Training student with 230 points
Train accuracy: 1.0
Test accuracy: 1.0
Number of nodes: 1
Student reward: 221.83502807617188
Iteration 2/80
Training student with 356 points
Train accuracy: 1.0
Test accuracy: 1.0
Number of nodes: 1
Student reward: 182.86627807617188
Iteration 3/80
Training student with 467 points
Train accuracy: 1.0
Test accuracy: 1.0
Number of nodes: 1
Student reward: 86.52447967529297
Iteration 4/80
Training student with 561 points
Train accuracy: 1.0
Test accuracy: 1.0
Number of nodes: 1
Student reward: 155.02476501464844
Iteration 5/80
Training student with 679 points
Train accuracy: 0.998158379373849
Test accuracy: 1.0
Number of nodes: 1
Student reward: 154.70940704345702
Iteration 6/80
Training student with 793 points
Train accuracy: 0.998422712933754
Test accuracy: 1.0
Number of nodes: 1
Student reward: 226.80752410888672
Iteration 7/80
Training student with 912 points
Train accuracy: 0.9986282578875172
Test accuracy: 1.0
Number of nodes: 1
Student reward: 153.4349349975586
Iteration 8/80
Training student with 1025 points
Train accuracy: 0.998780487804878
Test accuracy: 1.0
Number of nodes: 1
Student reward: 108.6153793334961
Iteration 9/80
Training student with 1130 points
Train accuracy: 0.9988938053097345
Test accuracy: 1.0
Number of nodes: 1
Student reward: 110.94592895507813
Iteration 10/80
Training student with 1231 points
Train accuracy: 0.9989837398373984
Test accuracy: 1.0
Number of nodes: 1
Student reward: 153.30620269775392
Iteration 11/80
Training student with 1344 points
Train accuracy: 0.9990697674418605
Test accuracy: 1.0
Number of nodes: 1
Student reward: 136.0240737915039
Iteration 12/80
Training student with 1454 points
Train accuracy: 0.999140154772141
Test accuracy: 1.0
Number of nodes: 1
Student reward: 85.94259490966797
Iteration 13/80
Training student with 1552 points
Train accuracy: 0.9991941982272361
Test accuracy: 1.0
Number of nodes: 1
Student reward: 110.22879486083984
Iteration 14/80
Training student with 1647 points
Train accuracy: 0.9992406985573272
Test accuracy: 1.0
Number of nodes: 1
Student reward: 188.07799072265624
Iteration 15/80
Training student with 1765 points
Train accuracy: 1.0
Test accuracy: 0.9971671388101983
Number of nodes: 1
Student reward: 135.8337142944336
Iteration 16/80
Training student with 1873 points
Train accuracy: 1.0
Test accuracy: 0.9973333333333333
Number of nodes: 1
Student reward: 134.96058502197266
Iteration 17/80
Training student with 1979 points
Train accuracy: 0.9993682880606444
Test accuracy: 1.0
Number of nodes: 1
Student reward: 129.27076873779296
Iteration 18/80
Training student with 2085 points
Train accuracy: 0.999400479616307
Test accuracy: 1.0
Number of nodes: 1
Student reward: 182.34048156738282
Iteration 19/80
Training student with 2195 points
Train accuracy: 1.0
Test accuracy: 0.9977220956719818
Number of nodes: 1
Student reward: 119.1501480102539
Iteration 20/80
Training student with 2291 points
Train accuracy: 0.9994541484716157
Test accuracy: 1.0
Number of nodes: 1
Student reward: 154.08694610595703
Iteration 21/80
Training student with 2403 points
Train accuracy: 0.9994797086368367
Test accuracy: 1.0
Number of nodes: 1
Student reward: 62.132363891601564
Iteration 22/80
Training student with 2488 points
Train accuracy: 0.9994974874371859
Test accuracy: 1.0
Number of nodes: 1
Student reward: 215.0427673339844
Iteration 23/80
Training student with 2614 points
Train accuracy: 0.9995217599234816
Test accuracy: 1.0
Number of nodes: 1
Student reward: 153.51128082275392
Iteration 24/80
Training student with 2720 points
Train accuracy: 0.9995404411764706
Test accuracy: 1.0
Number of nodes: 1
Student reward: 64.47468872070313
Iteration 25/80
Training student with 2807 points
Train accuracy: 0.999554565701559
Test accuracy: 1.0
Number of nodes: 1
Student reward: 162.25798492431642
Iteration 26/80
Training student with 2920 points
Train accuracy: 0.9995719178082192
Test accuracy: 1.0
Number of nodes: 1
Student reward: 147.90633392333984
Iteration 27/80
Training student with 3020 points
Train accuracy: 1.0
Test accuracy: 0.9983443708609272
Number of nodes: 1
Student reward: 137.9441940307617
Iteration 28/80
Training student with 3133 points
Train accuracy: 0.9996009577015164
Test accuracy: 1.0
Number of nodes: 1
Student reward: 133.8488510131836
Iteration 29/80
Training student with 3232 points
Train accuracy: 0.9996131528046421
Test accuracy: 1.0
Number of nodes: 1
Student reward: 90.0398162841797
Iteration 30/80
Training student with 3326 points
Train accuracy: 0.999624060150376
Test accuracy: 0.9984984984984985
Number of nodes: 1
Student reward: 111.82913513183594
Iteration 31/80
Training student with 3430 points
Train accuracy: 0.999271137026239
Test accuracy: 1.0
Number of nodes: 1
Student reward: 198.87479095458986
Iteration 32/80
Training student with 3555 points
Train accuracy: 0.9992967651195499
Test accuracy: 1.0
Number of nodes: 1
Student reward: 97.44173278808594
Iteration 33/80
Training student with 3655 points
Train accuracy: 0.9993160054719562
Test accuracy: 1.0
Number of nodes: 1
Student reward: 162.82230529785156
Iteration 34/80
Training student with 3776 points
Train accuracy: 0.9996688741721854
Test accuracy: 0.9986772486772487
Number of nodes: 1
Student reward: 176.3982391357422
Iteration 35/80
Training student with 3889 points
Train accuracy: 0.9993571198971392
Test accuracy: 1.0
Number of nodes: 1
Student reward: 171.5662063598633
Iteration 36/80
Training student with 4008 points
Train accuracy: 0.9993761696818465
Test accuracy: 1.0
Number of nodes: 1
Student reward: 72.64408721923829
Iteration 37/80
Training student with 4106 points
Train accuracy: 0.9996954933008526
Test accuracy: 0.9987834549878345
Number of nodes: 1
Student reward: 112.63741455078124
Iteration 38/80
Training student with 4206 points
Train accuracy: 0.9997027348394768
Test accuracy: 0.998812351543943
Number of nodes: 1
Student reward: 170.8706253051758
Iteration 39/80
Training student with 4321 points
Train accuracy: 0.9994212962962963
Test accuracy: 1.0
Number of nodes: 1
Student reward: 126.8561279296875
Iteration 40/80
Training student with 4423 points
Train accuracy: 1.0
Test accuracy: 0.9977401129943503
Number of nodes: 1
Student reward: 225.59247436523438
Iteration 41/80
Training student with 4549 points
Train accuracy: 0.9994503984611157
Test accuracy: 1.0
Number of nodes: 1
Student reward: 94.67111053466797
Iteration 42/80
Training student with 4647 points
Train accuracy: 0.9994619316653215
Test accuracy: 1.0
Number of nodes: 1
Student reward: 101.15103149414062
Iteration 43/80
Training student with 4749 points
Train accuracy: 0.9997367728349565
Test accuracy: 0.9989473684210526
Number of nodes: 1
Student reward: 165.3379684448242
Iteration 44/80
Training student with 4862 points
Train accuracy: 0.999742864489586
Test accuracy: 0.998972250770812
Number of nodes: 1
Student reward: 88.01313171386718
Iteration 45/80
Training student with 4951 points
Train accuracy: 0.9994949494949495
Test accuracy: 1.0
Number of nodes: 1
Student reward: 138.93779754638672
Iteration 46/80
Training student with 5059 points
Train accuracy: 0.9997529033852236
Test accuracy: 0.9990118577075099
Number of nodes: 1
Student reward: 202.6894317626953
Iteration 47/80
Training student with 5180 points
Train accuracy: 0.9995173745173745
Test accuracy: 1.0
Number of nodes: 1
Student reward: 74.51695861816407
Iteration 48/80
Training student with 5274 points
Train accuracy: 0.9997629770087698
Test accuracy: 0.9990521327014218
Number of nodes: 1
Student reward: 109.97219848632812
Iteration 49/80
Training student with 5370 points
Train accuracy: 0.999534450651769
Test accuracy: 0.9990689013035382
Number of nodes: 1
Student reward: 128.0406295776367
Iteration 50/80
Training student with 5478 points
Train accuracy: 0.9990871748060246
Test accuracy: 1.0
Number of nodes: 1
Student reward: 157.5566421508789
Iteration 51/80
Training student with 5585 points
Train accuracy: 0.9993285586392122
Test accuracy: 0.999104744852283
Number of nodes: 1
Student reward: 135.5575729370117
Iteration 52/80
Training student with 5696 points
Train accuracy: 0.9993415276558385
Test accuracy: 0.9982456140350877
Number of nodes: 1
Student reward: 176.6667251586914
Iteration 53/80
Training student with 5817 points
Train accuracy: 0.9991403395658714
Test accuracy: 0.9991408934707904
Number of nodes: 1
Student reward: 145.3062759399414
Iteration 54/80
Training student with 5931 points
Train accuracy: 0.9989460370994941
Test accuracy: 0.9991575400168492
Number of nodes: 1
Iteration 0/80
Training student with 106 points
Train accuracy: 0.9880952380952381
Test accuracy: 1.0
Number of nodes: 1
Student reward: 224.31136474609374
Iteration 1/80
Training student with 235 points
Train accuracy: 0.9840425531914894
Test accuracy: 0.9787234042553191
Number of nodes: 1
Student reward: 175.181591796875
Iteration 2/80
Training student with 351 points
Train accuracy: 0.9821428571428571
Test accuracy: 0.9859154929577465
Number of nodes: 1
Student reward: 121.34897155761719
Iteration 3/80
Training student with 451 points
Train accuracy: 0.9833333333333333
Test accuracy: 1.0
Number of nodes: 1
Student reward: 150.0298049926758
Iteration 4/80
Training student with 566 points
Train accuracy: 0.9867256637168141
Test accuracy: 1.0
Number of nodes: 1
Student reward: 180.04419860839843
Iteration 5/80
Training student with 679 points
Train accuracy: 0.988950276243094
Test accuracy: 1.0
Number of nodes: 1
Student reward: 95.54923248291016
Iteration 6/80
Training student with 783 points
Train accuracy: 0.9904153354632588
Test accuracy: 0.9936305732484076
Number of nodes: 1
Student reward: 122.38328399658204
Iteration 7/80
Training student with 885 points
Train accuracy: 0.9929378531073446
Test accuracy: 0.9887005649717514
Number of nodes: 1
Student reward: 122.68838348388672
Iteration 8/80
Training student with 979 points
Train accuracy: 0.9897828863346104
Test accuracy: 0.9948979591836735
Number of nodes: 1
Student reward: 145.17264251708986
Iteration 9/80
Training student with 1089 points
Train accuracy: 0.9896670493685419
Test accuracy: 1.0
Number of nodes: 1
Student reward: 164.43800659179686
Iteration 10/80
Training student with 1204 points
Train accuracy: 0.9906542056074766
Test accuracy: 1.0
Number of nodes: 1
Student reward: 126.68961334228516
Iteration 11/80
Training student with 1313 points
Train accuracy: 0.9914285714285714
Test accuracy: 1.0
Number of nodes: 1
Student reward: 199.04282989501954
Iteration 12/80
Training student with 1439 points
Train accuracy: 0.9921807124239791
Test accuracy: 0.9965277777777778
Number of nodes: 1
Student reward: 140.75907287597656
Iteration 13/80
Training student with 1537 points
Train accuracy: 0.9910496338486574
Test accuracy: 0.9967532467532467
Number of nodes: 1
Student reward: 111.45114135742188
Iteration 14/80
Training student with 1639 points
Train accuracy: 0.9916094584286804
Test accuracy: 0.9969512195121951
Number of nodes: 1
Student reward: 138.2303909301758
Iteration 15/80
Training student with 1745 points
Train accuracy: 0.994269340974212
Test accuracy: 0.9828080229226361
Number of nodes: 1
Student reward: 114.00941619873046
Iteration 16/80
Training student with 1844 points
Train accuracy: 0.9911864406779661
Test accuracy: 0.997289972899729
Number of nodes: 1
Student reward: 151.48271636962892
Iteration 17/80
Training student with 1951 points
Train accuracy: 0.9916666666666667
Test accuracy: 0.9948849104859335
Number of nodes: 1
Student reward: 125.13634643554687
Iteration 18/80
Training student with 2057 points
Train accuracy: 0.9914893617021276
Test accuracy: 0.9975728155339806
Number of nodes: 1
Student reward: 146.69574432373048
Iteration 19/80
Training student with 2168 points
Train accuracy: 0.9907727797001153
Test accuracy: 0.9976958525345622
Number of nodes: 1
Student reward: 146.69686431884764
Iteration 20/80
Training student with 2275 points
Train accuracy: 0.9923076923076923
Test accuracy: 0.9934065934065934
Number of nodes: 1
Student reward: 128.91002502441407
Iteration 21/80
Training student with 2373 points
Train accuracy: 0.9920969441517387
Test accuracy: 0.9957894736842106
Number of nodes: 1
Student reward: 162.00430603027343
Iteration 22/80
Training student with 2476 points
Train accuracy: 0.9914141414141414
Test accuracy: 0.9959677419354839
Number of nodes: 1
Student reward: 178.67308959960937
Iteration 23/80
Training student with 2588 points
Train accuracy: 0.9922705314009662
Test accuracy: 0.9903474903474904
Number of nodes: 1
Student reward: 108.82006225585937
Iteration 24/80
Training student with 2685 points
Train accuracy: 0.9920856610800745
Test accuracy: 0.9925512104283054
Number of nodes: 1
Student reward: 137.25321044921876
Iteration 25/80
Training student with 2789 points
Train accuracy: 0.9910354101299865
Test accuracy: 0.992831541218638
Number of nodes: 1
Student reward: 116.66515045166015
Iteration 26/80
Training student with 2893 points
Train accuracy: 0.9917891097666378
Test accuracy: 0.9896373056994818
Number of nodes: 1
Student reward: 182.083203125
Iteration 27/80
Training student with 3005 points
Train accuracy: 0.9912645590682196
Test accuracy: 0.9916805324459235
Number of nodes: 1
Student reward: 113.4812240600586
Iteration 28/80
Training student with 3104 points
Train accuracy: 0.9907370116794201
Test accuracy: 0.9935587761674718
Number of nodes: 1
Student reward: 155.75404357910156
Iteration 29/80
Training student with 3215 points
Train accuracy: 0.9906687402799378
Test accuracy: 0.9922239502332815
Number of nodes: 1
Student reward: 167.98660125732422
Iteration 30/80
Training student with 3328 points
Train accuracy: 0.9898572501878287
Test accuracy: 0.9954954954954955
Number of nodes: 1
Student reward: 142.67731170654298
Iteration 31/80
Training student with 3435 points
Train accuracy: 0.9905385735080058
Test accuracy: 0.992721979621543
Number of nodes: 1
Student reward: 183.4417938232422
Iteration 32/80
Training student with 3547 points
Train accuracy: 0.9915403595347198
Test accuracy: 0.9873239436619718
Number of nodes: 1
Student reward: 219.27276153564452
Iteration 33/80
Training student with 3674 points
Train accuracy: 0.9911534535556311
Test accuracy: 0.9863945578231292
Number of nodes: 1
Student reward: 87.57725067138672
Iteration 34/80
Training student with 3764 points
Train accuracy: 0.9890401859847227
Test accuracy: 0.9960159362549801
Number of nodes: 1
Student reward: 122.54058380126953
Iteration 35/80
Training student with 3864 points
Train accuracy: 0.9886768036234228
Test accuracy: 0.9974126778783958
Number of nodes: 1
Student reward: 165.0197265625
Iteration 36/80
Training student with 3979 points
Train accuracy: 0.9908890983349041
Test accuracy: 0.9861809045226131
Number of nodes: 1
Student reward: 149.6472900390625
Iteration 37/80
Training student with 4088 points
Train accuracy: 0.9896024464831804
Test accuracy: 0.9926650366748166
Number of nodes: 1
Student reward: 146.1961669921875
Iteration 38/80
Training student with 4199 points
Train accuracy: 0.9904733551652277
Test accuracy: 0.9892857142857143
Number of nodes: 1
Student reward: 86.50420227050782
Iteration 39/80
Training student with 4291 points
Train accuracy: 0.9892191142191142
Test accuracy: 0.9953434225844005
Number of nodes: 1
Student reward: 104.98720245361328
Iteration 40/80
Training student with 4389 points
Train accuracy: 0.9900313301053831
Test accuracy: 0.9920273348519362
Number of nodes: 1
Student reward: 168.43045501708986
Iteration 41/80
Training student with 4505 points
Train accuracy: 0.9925083240843507
Test accuracy: 0.9822419533851277
Number of nodes: 1
Student reward: 139.70389709472656
Iteration 42/80
Training student with 4602 points
Train accuracy: 0.991306710133116
Test accuracy: 0.9869706840390879
Number of nodes: 1
Student reward: 112.47628784179688
Iteration 43/80
Training student with 4703 points
Train accuracy: 0.9904306220095693
Test accuracy: 0.9904357066950054
Number of nodes: 1
Student reward: 156.5125762939453
Iteration 44/80
Training student with 4819 points
Train accuracy: 0.9896238651102465
Test accuracy: 0.9937759336099585
Number of nodes: 1
Student reward: 147.2736343383789
Iteration 45/80
Training student with 4929 points
Train accuracy: 0.9903626680192746
Test accuracy: 0.9888438133874239
Number of nodes: 1
Student reward: 103.82207794189453
Iteration 46/80
Training student with 5028 points
Train accuracy: 0.9903033316757832
Test accuracy: 0.9900596421471173
Number of nodes: 1
Student reward: 115.71774291992188
Iteration 47/80
Training student with 5129 points
Train accuracy: 0.9895198635145016
Test accuracy: 0.9922027290448343
Number of nodes: 1
Student reward: 224.1615203857422
Iteration 48/80
Training student with 5253 points
Train accuracy: 0.9890528319847691
Test accuracy: 0.9952426260704091
Number of nodes: 1
Student reward: 135.26485748291014
Iteration 49/80
Training student with 5357 points
Train accuracy: 0.9915985997666278
Test accuracy: 0.9850746268656716
Number of nodes: 1
Student reward: 140.6123046875
Iteration 50/80
Training student with 5459 points
Train accuracy: 0.990382413556217
Test accuracy: 0.9908424908424909
Number of nodes: 1
Student reward: 101.85850219726562
Iteration 51/80
Training student with 5550 points
Train accuracy: 0.9905405405405405
Test accuracy: 0.990990990990991
Number of nodes: 1
Student reward: 121.96486358642578
Iteration 52/80
Training student with 5648 points
Train accuracy: 0.9918105356352368
Test accuracy: 0.9867256637168141
Number of nodes: 1
Student reward: 124.75386657714844
Iteration 53/80
Training student with 5749 points
Train accuracy: 0.989780387040661
Test accuracy: 0.9956521739130435
Number of nodes: 1
Student reward: 149.73987579345703
Iteration 54/80
Training student with 5862 points
Train accuracy: 0.9897632757517595
Test accuracy: 0.9948849104859335
Number of nodes: 1
Student reward: 141.9476318359375
Iteration 55/80
Training student with 5968 points
Train accuracy: 0.9905739421868454
Test accuracy: 0.992462311557789
Number of nodes: 1
Student reward: 191.2428771972656
Iteration 56/80
Training student with 6089 points
Train accuracy: 0.9911722438924245
Test accuracy: 0.9885057471264368
Number of nodes: 1
Student reward: 149.18564147949218
Iteration 57/80
Training student with 6197 points
Train accuracy: 0.9907201936655236
Test accuracy: 0.9887096774193549
Number of nodes: 1
Student reward: 204.59060363769532
Iteration 58/80
Training student with 6325 points
Train accuracy: 0.9901185770750988
Test accuracy: 0.991304347826087
Number of nodes: 1
Student reward: 100.19273071289062
Iteration 59/80
Training student with 6423 points
Train accuracy: 0.9898793304787855
Test accuracy: 0.9898832684824903
Number of nodes: 1
Student reward: 247.64763488769532
Iteration 60/80
Training student with 6556 points
Train accuracy: 0.9898932112890922
Test accuracy: 0.9908536585365854
Number of nodes: 1
Student reward: 159.5288543701172
Iteration 61/80
Training student with 6675 points
Train accuracy: 0.9908239700374532
Test accuracy: 0.9872659176029962
Number of nodes: 1
Student reward: 145.03386535644532
Iteration 62/80
Training student with 6785 points
Train accuracy: 0.9904200442151806
Test accuracy: 0.9889462048636699
Number of nodes: 1
Student reward: 56.41801452636719
Iteration 63/80
Training student with 6868 points
Train accuracy: 0.991991263196214
Test accuracy: 0.982532751091703
Number of nodes: 1
Student reward: 50.19505157470703
Iteration 64/80
Training student with 6952 points
Train accuracy: 0.9895702211832405
Test accuracy: 0.9906542056074766
Number of nodes: 1
Student reward: 138.40960540771485
Iteration 65/80
Training student with 7057 points
Train accuracy: 0.9900797165633304
Test accuracy: 0.9886685552407932
Number of nodes: 1
Student reward: 148.32381439208984
Iteration 66/80
Training student with 7161 points
Train accuracy: 0.9900488826815642
Test accuracy: 0.9895324494068388
Number of nodes: 1
Student reward: 179.6212951660156
Iteration 67/80
Training student with 7279 points
Train accuracy: 0.9891808346213292
Test accuracy: 0.9917582417582418
Number of nodes: 1
Student reward: 101.47145538330078
Iteration 68/80
Training student with 7374 points
Train accuracy: 0.9899983047974233
Test accuracy: 0.9891525423728813
Number of nodes: 1
Student reward: 178.3219741821289
Iteration 69/80
Training student with 7492 points
Train accuracy: 0.9894877356916403
Test accuracy: 0.9906604402935291
Number of nodes: 1
Student reward: 38.67584228515625
Iteration 70/80
Training student with 7573 points
Train accuracy: 0.9894354572466161
Test accuracy: 0.9900990099009901
Number of nodes: 1
Student reward: 165.09577484130858
Iteration 71/80
Training student with 7685 points
Train accuracy: 0.9904033832140533
Test accuracy: 0.9856864020819779
Number of nodes: 1
Student reward: 181.7438522338867
Iteration 72/80
Training student with 7808 points
Train accuracy: 0.98975344220301
Test accuracy: 0.9865556978233034
Number of nodes: 1
Student reward: 127.30184936523438
Iteration 73/80
Training student with 7912 points
Train accuracy: 0.9889398009164165
Test accuracy: 0.9898926089703095
Number of nodes: 1
Student reward: 122.01596527099609
Iteration 74/80
Training student with 8013 points
Train accuracy: 0.9897035881435258
Test accuracy: 0.9868995633187773
Number of nodes: 1
Student reward: 189.80575714111328
Iteration 75/80
Training student with 8125 points
Train accuracy: 0.9898461538461538
Test accuracy: 0.9852307692307692
Number of nodes: 1
Student reward: 80.82180480957031
Iteration 76/80
Training student with 8223 points
Train accuracy: 0.9887503800547279
Test accuracy: 0.990273556231003
Number of nodes: 1
Student reward: 162.63752288818358
Iteration 77/80
Training student with 8331 points
Train accuracy: 0.9884453781512605
Test accuracy: 0.9916016796640672
Number of nodes: 1
Student reward: 216.5988327026367
Iteration 78/80
Training student with 8458 points
Train accuracy: 0.9883239728052025
Test accuracy: 0.991725768321513
Number of nodes: 1
Student reward: 148.04143829345702
Iteration 79/80
Training student with 8569 points
Train accuracy: 0.9900802334062728
Test accuracy: 0.9836639439906651
Number of nodes: 1
Student reward: 125.01828002929688
Initial policy count: 80
Current policy count: 40
Reward update: 247.64763488769532 -> 163.4681884765625
Reward update: 224.31136474609374 -> 119.54631591796876
Reward update: 224.1615203857422 -> 139.26848388671874
Reward update: 219.27276153564452 -> 136.3559127807617
Reward update: 216.5988327026367 -> 138.14005767822266
Reward update: 204.59060363769532 -> 160.7356869506836
Reward update: 199.04282989501954 -> 133.55577453613282
Reward update: 191.2428771972656 -> 156.04308380126952
Reward update: 189.80575714111328 -> 132.3334811401367
Reward update: 183.4417938232422 -> 136.8323715209961
Reward update: 182.083203125 -> 155.26164123535156
Reward update: 181.7438522338867 -> 144.7906430053711
Reward update: 180.04419860839843 -> 143.1957537841797
Reward update: 179.6212951660156 -> 115.58351776123047
Reward update: 178.67308959960937 -> 161.00885681152343
Reward update: 178.3219741821289 -> 149.8538168334961
Reward update: 175.181591796875 -> 149.24841918945313
Reward update: 168.43045501708986 -> 139.0652456665039
Reward update: 167.98660125732422 -> 137.28405181884764
Reward update: 165.09577484130858 -> 152.31808868408203
Reward update: 165.0197265625 -> 142.43375915527344
Reward update: 164.43800659179686 -> 152.43910064697266
Reward update: 162.63752288818358 -> 131.31906005859375
Reward update: 162.00430603027343 -> 111.75241149902344
Reward update: 159.5288543701172 -> 133.13305572509765
Reward update: 156.5125762939453 -> 125.6745443725586
Reward update: 155.75404357910156 -> 173.83176818847656
Reward update: 151.48271636962892 -> 149.06828125
Reward update: 150.0298049926758 -> 117.74068084716797
Reward update: 149.73987579345703 -> 138.46875854492188
Reward update: 149.6472900390625 -> 125.03082702636719
Reward update: 149.18564147949218 -> 132.3989178466797
Reward update: 148.32381439208984 -> 126.11874389648438
Reward update: 148.04143829345702 -> 134.2091207885742
Reward update: 147.2736343383789 -> 141.0111752319336
Reward update: 146.69686431884764 -> 151.70230438232423
Reward update: 146.69574432373048 -> 136.16674926757813
Reward update: 146.1961669921875 -> 155.75094940185548
Reward update: 145.17264251708986 -> 142.10165161132812
Reward update: 145.03386535644532 -> 183.32936126708984
Current policy count: 20
Reward update: 183.32936126708984 -> 154.95370574951173
Reward update: 173.83176818847656 -> 156.9021710205078
Reward update: 163.4681884765625 -> 119.28809295654297
Reward update: 161.00885681152343 -> 136.51878631591796
Reward update: 160.7356869506836 -> 153.76397918701173
Reward update: 156.04308380126952 -> 128.87116333007813
Reward update: 155.75094940185548 -> 180.0366259765625
Reward update: 155.26164123535156 -> 159.71471008300782
Reward update: 152.43910064697266 -> 146.60988983154297
Reward update: 152.31808868408203 -> 141.3195166015625
Reward update: 151.70230438232423 -> 165.20546203613281
Reward update: 149.8538168334961 -> 131.5182342529297
Reward update: 149.24841918945313 -> 150.77304138183592
Reward update: 149.06828125 -> 131.69824432373048
Reward update: 144.7906430053711 -> 129.6422314453125
Reward update: 143.1957537841797 -> 123.62978240966797
Reward update: 142.43375915527344 -> 147.18794311523436
Reward update: 142.10165161132812 -> 144.42262481689454
Reward update: 141.0111752319336 -> 145.21690795898436
Reward update: 139.26848388671874 -> 142.44344757080077
Current policy count: 10
Reward update: 180.0366259765625 -> 142.76796813964845
Reward update: 165.20546203613281 -> 145.3861962890625
Reward update: 159.71471008300782 -> 126.20175323486328
Reward update: 156.9021710205078 -> 124.74772277832031
Reward update: 154.95370574951173 -> 145.52957275390625
Reward update: 153.76397918701173 -> 129.73784088134767
Reward update: 150.77304138183592 -> 136.4106072998047
Reward update: 147.18794311523436 -> 129.40438781738283
Reward update: 146.60988983154297 -> 159.99051544189453
Reward update: 145.21690795898436 -> 132.09690277099608
Current policy count: 5
Reward update: 159.99051544189453 -> 147.92470123291017
Reward update: 145.52957275390625 -> 153.38169525146483
Reward update: 145.3861962890625 -> 162.2157440185547
Reward update: 142.76796813964845 -> 120.83410980224609
Reward update: 136.4106072998047 -> 151.82031677246093
Current policy count: 3
Reward update: 162.2157440185547 -> 144.41781646728515
Reward update: 153.38169525146483 -> 143.6182177734375
Reward update: 151.82031677246093 -> 151.39156311035157
Current policy count: 2
Reward update: 151.39156311035157 -> 143.70503356933594
Reward update: 144.41781646728515 -> 182.06213195800783
Current policy count: 1
Reward update: 182.06213195800783 -> 139.94873809814453
Final reward: 118.13397491455078
Number of nodes: 1
