Iteration 0/80
Training student with 1000 points
Train accuracy: 0.2625
Test accuracy: 0.24
Number of nodes: 23
Student reward: 0.0
Iteration 1/80
Training student with 2000 points
Train accuracy: 0.27375
Test accuracy: 0.2575
Number of nodes: 23
Student reward: 0.0
Iteration 2/80
Training student with 3000 points
Train accuracy: 0.2525
Test accuracy: 0.21666666666666667
Number of nodes: 23
Student reward: 0.0
Iteration 3/80
Training student with 4000 points
Train accuracy: 0.2525
Test accuracy: 0.22
Number of nodes: 23
Student reward: 0.0
Iteration 4/80
Training student with 5000 points
Train accuracy: 0.23175
Test accuracy: 0.218
Number of nodes: 23
Student reward: 0.0
Iteration 5/80
Training student with 6000 points
Train accuracy: 0.23604166666666668
Test accuracy: 0.24833333333333332
Number of nodes: 23
Student reward: 0.0
Iteration 6/80
Training student with 7000 points
Train accuracy: 0.23607142857142857
Test accuracy: 0.21714285714285714
Number of nodes: 23
Student reward: 0.0
Iteration 7/80
Training student with 8000 points
Train accuracy: 0.24296875
Test accuracy: 0.23375
Number of nodes: 23
Student reward: 0.0
Iteration 8/80
Training student with 9000 points
Train accuracy: 0.2298611111111111
Test accuracy: 0.21055555555555555
Number of nodes: 23
Student reward: 0.0
Iteration 9/80
Training student with 10000 points
Train accuracy: 0.232375
Test accuracy: 0.2335
Number of nodes: 23
Student reward: 0.0
Iteration 10/80
Training student with 11000 points
Train accuracy: 0.2334090909090909
Test accuracy: 0.22045454545454546
Number of nodes: 23
Student reward: 0.0
Iteration 11/80
Training student with 12000 points
Train accuracy: 0.2334375
Test accuracy: 0.21
Number of nodes: 23
Student reward: 0.0
Iteration 12/80
Training student with 13000 points
Train accuracy: 0.22605769230769232
Test accuracy: 0.2153846153846154
Number of nodes: 23
Student reward: 0.0
Iteration 13/80
Training student with 14000 points
Train accuracy: 0.22357142857142856
Test accuracy: 0.2092857142857143
Number of nodes: 23
Student reward: 0.0
Iteration 14/80
Training student with 15000 points
Train accuracy: 0.22233333333333333
Test accuracy: 0.20733333333333334
Number of nodes: 23
Student reward: 0.0
Iteration 15/80
Training student with 16000 points
Train accuracy: 0.224375
Test accuracy: 0.22625
Number of nodes: 23
Student reward: 0.0
Iteration 16/80
Training student with 17000 points
Train accuracy: 0.2211764705882353
Test accuracy: 0.20176470588235293
Number of nodes: 23
Student reward: 0.0
Iteration 17/80
Training student with 18000 points
Train accuracy: 0.22013888888888888
Test accuracy: 0.2152777777777778
Number of nodes: 23
Student reward: 0.0
Iteration 18/80
Training student with 19000 points
Train accuracy: 0.21578947368421053
Test accuracy: 0.21289473684210528
Number of nodes: 23
Student reward: 0.0
Iteration 19/80
Training student with 20000 points
Train accuracy: 0.219125
Test accuracy: 0.211
Number of nodes: 23
Student reward: 0.0
Iteration 20/80
Training student with 21000 points
Train accuracy: 0.21869047619047619
Test accuracy: 0.20547619047619048
Number of nodes: 23
Student reward: 0.0
Iteration 21/80
Training student with 22000 points
Train accuracy: 0.2225
Test accuracy: 0.22545454545454546
Number of nodes: 23
Student reward: 0.0
Iteration 22/80
Training student with 23000 points
Train accuracy: 0.22146739130434784
Test accuracy: 0.22086956521739132
Number of nodes: 23
Student reward: 0.0
Iteration 23/80
Training student with 24000 points
Train accuracy: 0.21802083333333333
Test accuracy: 0.209375
Number of nodes: 23
Student reward: 0.0
Iteration 24/80
Training student with 25000 points
Train accuracy: 0.22525
Test accuracy: 0.2168
Number of nodes: 23
Student reward: 0.0
Iteration 25/80
Training student with 26000 points
Train accuracy: 0.22288461538461538
Test accuracy: 0.21711538461538463
Number of nodes: 23
Student reward: 0.0
Iteration 26/80
Training student with 27000 points
Train accuracy: 0.2247222222222222
Test accuracy: 0.21055555555555555
Number of nodes: 23
Student reward: 0.0
Iteration 27/80
Training student with 28000 points
Train accuracy: 0.22
Test accuracy: 0.22303571428571428
Number of nodes: 23
Student reward: 0.0
Iteration 28/80
Training student with 29000 points
Train accuracy: 0.21905172413793103
Test accuracy: 0.21172413793103448
Number of nodes: 23
Student reward: 0.0
Iteration 29/80
Training student with 30000 points
Train accuracy: 0.21875
Test accuracy: 0.22333333333333333
Number of nodes: 23
Student reward: 0.0
Iteration 30/80
Training student with 31000 points
Train accuracy: 0.21911290322580645
Test accuracy: 0.21403225806451612
Number of nodes: 23
Student reward: 0.0
Iteration 31/80
Training student with 32000 points
Train accuracy: 0.217421875
Test accuracy: 0.21984375
Number of nodes: 23
Student reward: 0.0
Iteration 32/80
Training student with 33000 points
Train accuracy: 0.22132575757575756
Test accuracy: 0.21409090909090908
Number of nodes: 23
Student reward: 0.0
Iteration 33/80
Training student with 34000 points
Train accuracy: 0.21566176470588236
Test accuracy: 0.22029411764705883
Number of nodes: 23
Student reward: 0.0
Iteration 34/80
Training student with 35000 points
Train accuracy: 0.2155
Test accuracy: 0.21557142857142858
Number of nodes: 23
Student reward: 0.0
Iteration 35/80
Training student with 36000 points
Train accuracy: 0.21861111111111112
Test accuracy: 0.21763888888888888
Number of nodes: 23
Student reward: 0.0
Iteration 36/80
Training student with 37000 points
Train accuracy: 0.21570945945945946
Test accuracy: 0.20945945945945946
Number of nodes: 23
Student reward: 0.0
Iteration 37/80
Training student with 38000 points
Train accuracy: 0.21467105263157896
Test accuracy: 0.20289473684210527
Number of nodes: 23
Student reward: 0.0
Iteration 38/80
Training student with 39000 points
Train accuracy: 0.21743589743589745
Test accuracy: 0.2076923076923077
Number of nodes: 23
Student reward: 0.0
Iteration 39/80
Training student with 40000 points
Train accuracy: 0.21621875
Test accuracy: 0.207625
Number of nodes: 23
Student reward: 0.0
Iteration 40/80
Training student with 41000 points
Train accuracy: 0.2146951219512195
Test accuracy: 0.21109756097560975
Number of nodes: 23
Student reward: 0.0
Iteration 41/80
Training student with 42000 points
Train accuracy: 0.21413690476190475
Test accuracy: 0.20452380952380952
Number of nodes: 23
Student reward: 0.0
Iteration 42/80
Training student with 43000 points
Train accuracy: 0.21424418604651163
Test accuracy: 0.22011627906976744
Number of nodes: 23
Student reward: 0.0
Iteration 43/80
Training student with 44000 points
Train accuracy: 0.21411931818181817
Test accuracy: 0.21181818181818182
Number of nodes: 23
Student reward: 0.25
Iteration 44/80
Training student with 45000 points
Train accuracy: 0.21355555555555555
Test accuracy: 0.202
Number of nodes: 23
Student reward: 0.0
Iteration 45/80
Training student with 46000 points
Train accuracy: 0.2139945652173913
Test accuracy: 0.2141304347826087
Number of nodes: 23
Student reward: 0.0
Iteration 46/80
Training student with 47000 points
Train accuracy: 0.21279255319148938
Test accuracy: 0.21212765957446808
Number of nodes: 23
Student reward: 0.0
Iteration 47/80
Training student with 48000 points
Train accuracy: 0.21216145833333333
Test accuracy: 0.210625
Number of nodes: 23
Student reward: 0.0
Iteration 48/80
Training student with 49000 points
Train accuracy: 0.21339285714285713
Test accuracy: 0.21112244897959184
Number of nodes: 23
Student reward: 0.0
Iteration 49/80
Training student with 50000 points
Train accuracy: 0.212975
Test accuracy: 0.2091
Number of nodes: 23
Student reward: 0.0
Iteration 50/80
Training student with 51000 points
Train accuracy: 0.21352941176470588
Test accuracy: 0.21098039215686273
Number of nodes: 23
Student reward: 0.0
Iteration 51/80
Training student with 52000 points
Train accuracy: 0.21420673076923077
Test accuracy: 0.20961538461538462
Number of nodes: 23
Student reward: 0.0
Iteration 52/80
Training student with 53000 points
Train accuracy: 0.20945754716981133
Test accuracy: 0.20849056603773586
Number of nodes: 23
Student reward: 0.0
Iteration 53/80
Training student with 54000 points
Train accuracy: 0.21178240740740742
Test accuracy: 0.2075925925925926
Number of nodes: 23
Student reward: 0.0
Iteration 54/80
Training student with 55000 points
Train accuracy: 0.21054545454545454
Test accuracy: 0.2039090909090909
Number of nodes: 23
Student reward: 0.0
Iteration 55/80
Training student with 56000 points
Train accuracy: 0.21078125
Test accuracy: 0.21169642857142856
Number of nodes: 23
Student reward: 0.0
Iteration 56/80
Training student with 57000 points
Train accuracy: 0.21166666666666667
Test accuracy: 0.20728070175438595
Number of nodes: 23
Student reward: 0.0
Iteration 57/80
Training student with 58000 points
Train accuracy: 0.21170258620689655
Test accuracy: 0.2043103448275862
Number of nodes: 23
Student reward: 0.0
Iteration 58/80
Training student with 59000 points
Train accuracy: 0.2133050847457627
Test accuracy: 0.2097457627118644
Number of nodes: 23
Student reward: 0.0
Iteration 59/80
Training student with 60000 points
Train accuracy: 0.21
Test accuracy: 0.20766666666666667
Number of nodes: 23
Student reward: 0.0
Iteration 60/80
Training student with 61000 points
Train accuracy: 0.21288934426229508
Test accuracy: 0.2090983606557377
Number of nodes: 23
Student reward: 0.0
Iteration 61/80
Training student with 62000 points
Train accuracy: 0.21308467741935483
Test accuracy: 0.2125
Number of nodes: 23
Student reward: 0.0
Iteration 62/80
Training student with 63000 points
Train accuracy: 0.21192460317460318
Test accuracy: 0.21388888888888888
Number of nodes: 23
Student reward: 0.0
Iteration 63/80
Training student with 64000 points
Train accuracy: 0.21119140625
Test accuracy: 0.206640625
Number of nodes: 23
Student reward: 0.0
Iteration 64/80
Training student with 65000 points
Train accuracy: 0.21348076923076922
Test accuracy: 0.2066923076923077
Number of nodes: 23
Student reward: 0.0
Iteration 65/80
Training student with 66000 points
Train accuracy: 0.21662878787878787
Test accuracy: 0.20901515151515151
Number of nodes: 23
Student reward: 0.0
Iteration 66/80
Training student with 67000 points
Train accuracy: 0.21201492537313432
Test accuracy: 0.2126865671641791
Number of nodes: 23
Student reward: 0.0
Iteration 67/80
Training student with 68000 points
Train accuracy: 0.21229779411764707
Test accuracy: 0.2088235294117647
Number of nodes: 23
Student reward: 0.0
Iteration 68/80
Training student with 69000 points
Train accuracy: 0.21208333333333335
Test accuracy: 0.20384057971014494
Number of nodes: 23
Student reward: 0.0
Iteration 69/80
Training student with 70000 points
Train accuracy: 0.2105357142857143
Test accuracy: 0.21042857142857144
Number of nodes: 23
Student reward: 0.0
Iteration 70/80
Training student with 71000 points
Train accuracy: 0.21348591549295776
Test accuracy: 0.20380281690140845
Number of nodes: 23
Student reward: 0.0
Iteration 71/80
Training student with 72000 points
Train accuracy: 0.2107638888888889
Test accuracy: 0.2063888888888889
Number of nodes: 23
Student reward: 0.0
Iteration 72/80
Training student with 73000 points
Train accuracy: 0.2152568493150685
Test accuracy: 0.21602739726027398
Number of nodes: 23
Student reward: 0.0
Iteration 73/80
Training student with 74000 points
Train accuracy: 0.2127027027027027
Test accuracy: 0.21344594594594596
Number of nodes: 23
Student reward: 0.0
Iteration 74/80
Training student with 75000 points
Train accuracy: 0.21313333333333334
Test accuracy: 0.20893333333333333
Number of nodes: 23
Student reward: 0.0
Iteration 75/80
Training student with 76000 points
Train accuracy: 0.2164309210526316
Test accuracy: 0.2138157894736842
Number of nodes: 23
Student reward: 0.0
Iteration 76/80
Training student with 77000 points
Train accuracy: 0.2173538961038961
Test accuracy: 0.21266233766233766
Number of nodes: 23
Student reward: 0.0
Iteration 77/80
Training student with 78000 points
Train accuracy: 0.21572115384615384
Test accuracy: 0.21147435897435898
Number of nodes: 23
Student reward: 0.0
Iteration 78/80
Training student with 79000 points
Train accuracy: 0.21501582278481013
Test accuracy: 0.2148101265822785
Number of nodes: 23
Student reward: 0.0
Iteration 79/80
Training student with 80000 points
Train accuracy: 0.215921875
Test accuracy: 0.214875
Number of nodes: 23
Student reward: 0.0
Initial policy count: 80
Current policy count: 40
Reward update: 0.25 -> 0.25
Reward update: 0.0 -> 0.0
Reward update: 0.0 -> 0.0
Reward update: 0.0 -> 0.0
Reward update: 0.0 -> 0.0
Reward update: 0.0 -> 0.0
Reward update: 0.0 -> 0.0
Reward update: 0.0 -> 0.0
Reward update: 0.0 -> 0.0
Reward update: 0.0 -> 0.0
Reward update: 0.0 -> 0.0
Reward update: 0.0 -> 0.0
Reward update: 0.0 -> 0.0
Reward update: 0.0 -> 0.0
Reward update: 0.0 -> 0.0
Reward update: 0.0 -> 0.0
Reward update: 0.0 -> 0.0
Reward update: 0.0 -> 0.0
Reward update: 0.0 -> 0.0
Reward update: 0.0 -> 0.0
Reward update: 0.0 -> 0.0
Reward update: 0.0 -> 0.0
Reward update: 0.0 -> 0.0
Reward update: 0.0 -> 0.0
Reward update: 0.0 -> 0.0
Reward update: 0.0 -> 0.0
Reward update: 0.0 -> 0.0
Reward update: 0.0 -> 0.0
Reward update: 0.0 -> 0.0
Reward update: 0.0 -> 0.0
Reward update: 0.0 -> 0.0
Reward update: 0.0 -> 0.0
Reward update: 0.0 -> 0.0
Reward update: 0.0 -> 0.0
Reward update: 0.0 -> 0.0
Reward update: 0.0 -> 0.0
Reward update: 0.0 -> 0.0
Reward update: 0.0 -> 0.0
Reward update: 0.0 -> 0.0
Reward update: 0.0 -> 0.0
Current policy count: 20
Reward update: 0.25 -> 0.25
Reward update: 0.0 -> 0.0
Reward update: 0.0 -> 0.0
Reward update: 0.0 -> 0.0
Reward update: 0.0 -> 0.0
Reward update: 0.0 -> 0.0
Reward update: 0.0 -> 0.0
Reward update: 0.0 -> 0.0
Reward update: 0.0 -> 0.0
Reward update: 0.0 -> 0.0
Reward update: 0.0 -> 0.0
Reward update: 0.0 -> 0.0
Reward update: 0.0 -> 0.0
Reward update: 0.0 -> 0.0
Reward update: 0.0 -> 0.0
Reward update: 0.0 -> 0.0
Reward update: 0.0 -> 0.0
Reward update: 0.0 -> 0.0
Reward update: 0.0 -> 0.0
Reward update: 0.0 -> 0.0
Current policy count: 10
Reward update: 0.25 -> 0.25
Reward update: 0.0 -> 0.0
Reward update: 0.0 -> 0.0
Reward update: 0.0 -> 0.0
Reward update: 0.0 -> 0.0
Reward update: 0.0 -> 0.0
Reward update: 0.0 -> 0.0
Reward update: 0.0 -> 0.0
Reward update: 0.0 -> 0.0
Reward update: 0.0 -> 0.0
Current policy count: 5
Reward update: 0.25 -> 0.25
Reward update: 0.0 -> 0.0
Reward update: 0.0 -> 0.0
Reward update: 0.0 -> 0.0
Reward update: 0.0 -> 0.0
Current policy count: 3
Reward update: 0.25 -> 0.25
Reward update: 0.0 -> 0.0
Reward update: 0.0 -> 0.0
Current policy count: 2
Reward update: 0.25 -> 0.25
Reward update: 0.0 -> 0.0
Current policy count: 1
Reward update: 0.25 -> 0.25
Final reward: 0.25
Number of nodes: 23
