Iteration 0/80
Training student with 1152 points
Train accuracy: 0.8925081433224755
Test accuracy: 0.8701298701298701
Number of nodes: 5
Student reward: 9.3
Iteration 1/80
Training student with 2001 points
Train accuracy: 0.886875
Test accuracy: 0.8952618453865336
Number of nodes: 5
Student reward: 10.2
Iteration 2/80
Training student with 2942 points
Train accuracy: 0.8784530386740331
Test accuracy: 0.8862478777589134
Number of nodes: 5
Student reward: 10.0
Iteration 3/80
Training student with 3821 points
Train accuracy: 0.868782722513089
Test accuracy: 0.9058823529411765
Number of nodes: 5
Student reward: 10.1
Iteration 4/80
Training student with 4737 points
Train accuracy: 0.885193982581156
Test accuracy: 0.869198312236287
Number of nodes: 5
Student reward: 11.6
Iteration 5/80
Training student with 5817 points
Train accuracy: 0.8796475392220073
Test accuracy: 0.8625429553264605
Number of nodes: 5
Student reward: 11.2
Iteration 6/80
Training student with 6811 points
Train accuracy: 0.8784875183553598
Test accuracy: 0.8950843727072634
Number of nodes: 5
Student reward: 9.3
Iteration 7/80
Training student with 7610 points
Train accuracy: 0.8810775295663601
Test accuracy: 0.8823915900131406
Number of nodes: 5
Student reward: 9.5
Iteration 8/80
Training student with 8500 points
Train accuracy: 0.8866176470588235
Test accuracy: 0.8947058823529411
Number of nodes: 5
Student reward: 10.8
Iteration 9/80
Training student with 9421 points
Train accuracy: 0.8866772823779193
Test accuracy: 0.8864721485411141
Number of nodes: 5
Student reward: 9.8
Iteration 10/80
Training student with 10285 points
Train accuracy: 0.8815021876519202
Test accuracy: 0.881866796305299
Number of nodes: 5
Student reward: 9.1
Iteration 11/80
Training student with 11084 points
Train accuracy: 0.8833878425623097
Test accuracy: 0.8967072620658547
Number of nodes: 5
Student reward: 8.4
Iteration 12/80
Training student with 11853 points
Train accuracy: 0.8834634043450749
Test accuracy: 0.8878110501897933
Number of nodes: 5
Student reward: 9.0
Iteration 13/80
Training student with 12650 points
Train accuracy: 0.8826086956521739
Test accuracy: 0.8873517786561265
Number of nodes: 5
Student reward: 9.9
Iteration 14/80
Training student with 13555 points
Train accuracy: 0.8814090741423829
Test accuracy: 0.8849133161195131
Number of nodes: 5
Student reward: 8.7
Iteration 15/80
Training student with 14339 points
Train accuracy: 0.8782146281928341
Test accuracy: 0.8734309623430963
Number of nodes: 5
Student reward: 9.6
Iteration 16/80
Training student with 15208 points
Train accuracy: 0.8824593128390597
Test accuracy: 0.8856015779092702
Number of nodes: 5
Student reward: 11.0
Iteration 17/80
Training student with 16230 points
Train accuracy: 0.8863986444855206
Test accuracy: 0.8773875539125077
Number of nodes: 5
Student reward: 9.4
Iteration 18/80
Training student with 17107 points
Train accuracy: 0.8762879064669346
Test accuracy: 0.8848626534190532
Number of nodes: 5
Student reward: 8.3
Iteration 19/80
Training student with 17895 points
Train accuracy: 0.8778290025146689
Test accuracy: 0.8809723386420788
Number of nodes: 5
Student reward: 8.7
Iteration 20/80
Training student with 18752 points
Train accuracy: 0.8834744350376642
Test accuracy: 0.8821647560650493
Number of nodes: 5
Student reward: 10.2
Iteration 21/80
Training student with 19706 points
Train accuracy: 0.8769347881248414
Test accuracy: 0.8815322171486555
Number of nodes: 5
Student reward: 9.2
Iteration 22/80
Training student with 20531 points
Train accuracy: 0.8825499269361909
Test accuracy: 0.8833698563428293
Number of nodes: 5
Student reward: 10.1
Iteration 23/80
Training student with 21404 points
Train accuracy: 0.8831980377270339
Test accuracy: 0.8787666433076384
Number of nodes: 5
Student reward: 9.8
Iteration 24/80
Training student with 22279 points
Train accuracy: 0.8779666722773943
Test accuracy: 0.8850987432675045
Number of nodes: 5
Student reward: 9.0
Iteration 25/80
Training student with 23097 points
Train accuracy: 0.8820154787032527
Test accuracy: 0.8876623376623377
Number of nodes: 5
Student reward: 8.1
Iteration 26/80
Training student with 23801 points
Train accuracy: 0.8808823529411764
Test accuracy: 0.8777567737870196
Number of nodes: 5
Student reward: 11.3
Iteration 27/80
Training student with 24807 points
Train accuracy: 0.8795666414714034
Test accuracy: 0.8889560661023781
Number of nodes: 5
Student reward: 9.6
Iteration 28/80
Training student with 25665 points
Train accuracy: 0.8850574712643678
Test accuracy: 0.8833041106565361
Number of nodes: 5
Student reward: 8.2
Iteration 29/80
Training student with 26409 points
Train accuracy: 0.8809580158091541
Test accuracy: 0.8856493752366528
Number of nodes: 5
Student reward: 8.5
Iteration 30/80
Training student with 27200 points
Train accuracy: 0.8844669117647059
Test accuracy: 0.8814338235294118
Number of nodes: 5
Student reward: 9.2
Iteration 31/80
Training student with 28055 points
Train accuracy: 0.8826857957583318
Test accuracy: 0.8870076635180895
Number of nodes: 5
Student reward: 9.6
Iteration 32/80
Training student with 28964 points
Train accuracy: 0.8853308014328255
Test accuracy: 0.8784740203694114
Number of nodes: 5
Student reward: 9.7
Iteration 33/80
Training student with 29838 points
Train accuracy: 0.8847926267281107
Test accuracy: 0.8837131367292225
Number of nodes: 5
Student reward: 8.3
Iteration 34/80
Training student with 30611 points
Train accuracy: 0.8892927147990852
Test accuracy: 0.8817573085089009
Number of nodes: 5
Student reward: 9.4
Iteration 35/80
Training student with 31480 points
Train accuracy: 0.8838548284625158
Test accuracy: 0.8815120711562897
Number of nodes: 5
Student reward: 9.5
Iteration 36/80
Training student with 32363 points
Train accuracy: 0.8805330243337196
Test accuracy: 0.8816622895102735
Number of nodes: 5
Student reward: 8.7
Iteration 37/80
Training student with 33173 points
Train accuracy: 0.8811515562589495
Test accuracy: 0.879276563677468
Number of nodes: 5
Student reward: 9.1
Iteration 38/80
Training student with 34000 points
Train accuracy: 0.8830514705882353
Test accuracy: 0.8838235294117647
Number of nodes: 5
Student reward: 9.4
Iteration 39/80
Training student with 34879 points
Train accuracy: 0.8849586066014407
Test accuracy: 0.8830275229357798
Number of nodes: 5
Student reward: 8.2
Iteration 40/80
Training student with 35600 points
Train accuracy: 0.8828300561797753
Test accuracy: 0.875
Number of nodes: 5
Student reward: 9.9
Iteration 41/80
Training student with 36488 points
Train accuracy: 0.8860911270983214
Test accuracy: 0.8818854480679639
Number of nodes: 5
Student reward: 10.1
Iteration 42/80
Training student with 37372 points
Train accuracy: 0.8820951934976754
Test accuracy: 0.8864214046822743
Number of nodes: 5
Student reward: 9.7
Iteration 43/80
Training student with 38207 points
Train accuracy: 0.8830688696221168
Test accuracy: 0.8827532059670243
Number of nodes: 5
Student reward: 10.1
Iteration 44/80
Training student with 39126 points
Train accuracy: 0.8807667731629393
Test accuracy: 0.8852542806031178
Number of nodes: 5
Student reward: 11.2
Iteration 45/80
Training student with 40143 points
Train accuracy: 0.8829793859375973
Test accuracy: 0.8825507535184954
Number of nodes: 5
Student reward: 8.8
Iteration 46/80
Training student with 40929 points
Train accuracy: 0.8826619430107199
Test accuracy: 0.8785731737112142
Number of nodes: 5
Student reward: 10.0
Iteration 47/80
Training student with 41769 points
Train accuracy: 0.8808918150531199
Test accuracy: 0.8709600191525018
Number of nodes: 5
Student reward: 9.9
Iteration 48/80
Training student with 42661 points
Train accuracy: 0.8819151429910923
Test accuracy: 0.8817531934841205
Number of nodes: 5
Student reward: 10.3
Iteration 49/80
Training student with 43679 points
Train accuracy: 0.8842400480782989
Test accuracy: 0.876717032967033
Number of nodes: 5
Student reward: 10.6
Iteration 50/80
Training student with 44642 points
Train accuracy: 0.8812197239100608
Test accuracy: 0.8884533542389965
Number of nodes: 5
Student reward: 8.7
Iteration 51/80
Training student with 45399 points
Train accuracy: 0.8810539937773617
Test accuracy: 0.8844713656387665
Number of nodes: 5
Student reward: 10.8
Iteration 52/80
Training student with 46389 points
Train accuracy: 0.8804936541726173
Test accuracy: 0.8855356757921966
Number of nodes: 5
Student reward: 7.5
Iteration 53/80
Training student with 47103 points
Train accuracy: 0.8815880261132636
Test accuracy: 0.8768708205073772
Number of nodes: 5
Student reward: 10.0
Iteration 54/80
Training student with 47968 points
Train accuracy: 0.8812477198102883
Test accuracy: 0.8758599124452783
Number of nodes: 5
Student reward: 9.7
Iteration 55/80
Training student with 48860 points
Train accuracy: 0.8815493246009005
Test accuracy: 0.887331150225133
Number of nodes: 5
Student reward: 9.1
Iteration 56/80
Training student with 49696 points
Train accuracy: 0.8827346815575008
Test accuracy: 0.8770623742454728
Number of nodes: 5
Student reward: 8.7
Iteration 57/80
Training student with 50512 points
Train accuracy: 0.8835160484050583
Test accuracy: 0.8802335939819855
Number of nodes: 5
Student reward: 9.4
Iteration 58/80
Training student with 51350 points
Train accuracy: 0.8817185978578383
Test accuracy: 0.882570593962999
Number of nodes: 5
Student reward: 9.8
Iteration 59/80
Training student with 52229 points
Train accuracy: 0.8783715865304071
Test accuracy: 0.8805284319356692
Number of nodes: 5
Student reward: 9.1
Iteration 60/80
Training student with 53067 points
Train accuracy: 0.8780533766753822
Test accuracy: 0.8806293574524213
Number of nodes: 5
Student reward: 7.8
Iteration 61/80
Training student with 53807 points
Train accuracy: 0.8802880706237658
Test accuracy: 0.8826426314811373
Number of nodes: 5
Student reward: 9.5
Iteration 62/80
Training student with 54711 points
Train accuracy: 0.8803235240358253
Test accuracy: 0.8814767431234579
Number of nodes: 5
Student reward: 8.9
Iteration 63/80
Training student with 55545 points
Train accuracy: 0.882122603294626
Test accuracy: 0.8805473039877577
Number of nodes: 5
Student reward: 9.9
Iteration 64/80
Training student with 56438 points
Train accuracy: 0.8809745293466223
Test accuracy: 0.8833274273564847
Number of nodes: 5
Student reward: 9.6
Iteration 65/80
Training student with 57281 points
Train accuracy: 0.8826160963687151
Test accuracy: 0.8840010473946059
Number of nodes: 5
Student reward: 8.2
Iteration 66/80
Training student with 58002 points
Train accuracy: 0.8806060214219521
Test accuracy: 0.8845789156107232
Number of nodes: 5
Student reward: 8.5
Iteration 67/80
Training student with 58752 points
Train accuracy: 0.8833429075977107
Test accuracy: 0.8814568972853374
Number of nodes: 5
Student reward: 10.2
Iteration 68/80
Training student with 59695 points
Train accuracy: 0.8810620654996231
Test accuracy: 0.8810620654996231
Number of nodes: 5
Student reward: 9.8
Iteration 69/80
Training student with 60532 points
Train accuracy: 0.8808466701084151
Test accuracy: 0.8806475592632361
Number of nodes: 5
Student reward: 8.5
Iteration 70/80
Training student with 61284 points
Train accuracy: 0.8817386338140208
Test accuracy: 0.8843925919882516
Number of nodes: 5
Student reward: 9.4
Iteration 71/80
Training student with 62128 points
Train accuracy: 0.8812522634904028
Test accuracy: 0.8818606148398519
Number of nodes: 5
Student reward: 9.2
Iteration 72/80
Training student with 62975 points
Train accuracy: 0.8786621675267964
Test accuracy: 0.8831282254863041
Number of nodes: 5
Student reward: 9.9
Iteration 73/80
Training student with 63854 points
Train accuracy: 0.8781590744474679
Test accuracy: 0.8849737686946989
Number of nodes: 5
Student reward: 8.1
Iteration 74/80
Training student with 64591 points
Train accuracy: 0.8830894875367704
Test accuracy: 0.8818019970585959
Number of nodes: 5
Student reward: 9.5
Iteration 75/80
Training student with 65448 points
Train accuracy: 0.880648611482486
Test accuracy: 0.881588999236058
Number of nodes: 5
Student reward: 8.5
Iteration 76/80
Training student with 66185 points
Train accuracy: 0.8797688297952708
Test accuracy: 0.8792022361562287
Number of nodes: 5
Student reward: 10.7
Iteration 77/80
Training student with 67174 points
Train accuracy: 0.880477865237537
Test accuracy: 0.8845552660960179
Number of nodes: 5
Student reward: 9.5
Iteration 78/80
Training student with 68006 points
Train accuracy: 0.8818653040217631
Test accuracy: 0.8738420820467578
Number of nodes: 5
Student reward: 9.2
Iteration 79/80
Training student with 68850 points
Train accuracy: 0.8832244008714597
Test accuracy: 0.8791575889615105
Number of nodes: 5
Student reward: 10.4
Initial policy count: 80
Current policy count: 40
Reward update: 11.6 -> 9.82
Reward update: 11.3 -> 9.0
Reward update: 11.2 -> 8.44
Reward update: 11.2 -> 9.9
Reward update: 11.0 -> 10.02
Reward update: 10.8 -> 8.52
Reward update: 10.8 -> 10.08
Reward update: 10.7 -> 10.0
Reward update: 10.6 -> 8.98
Reward update: 10.4 -> 9.0
Reward update: 10.3 -> 9.44
Reward update: 10.2 -> 9.74
Reward update: 10.2 -> 9.62
Reward update: 10.2 -> 9.52
Reward update: 10.1 -> 10.06
Reward update: 10.1 -> 9.28
Reward update: 10.1 -> 9.96
Reward update: 10.1 -> 10.04
Reward update: 10.0 -> 9.44
Reward update: 10.0 -> 9.68
Reward update: 10.0 -> 9.28
Reward update: 9.9 -> 9.28
Reward update: 9.9 -> 9.34
Reward update: 9.9 -> 9.2
Reward update: 9.9 -> 9.4
Reward update: 9.9 -> 9.34
Reward update: 9.8 -> 9.46
Reward update: 9.8 -> 9.16
Reward update: 9.8 -> 9.3
Reward update: 9.8 -> 9.92
Reward update: 9.7 -> 8.96
Reward update: 9.7 -> 9.4
Reward update: 9.7 -> 9.22
Reward update: 9.6 -> 9.42
Reward update: 9.6 -> 10.06
Reward update: 9.6 -> 9.44
Reward update: 9.6 -> 10.0
Reward update: 9.5 -> 10.38
Reward update: 9.5 -> 9.04
Reward update: 9.5 -> 10.16
Current policy count: 20
Reward update: 10.38 -> 9.94
Reward update: 10.16 -> 9.66
Reward update: 10.08 -> 10.02
Reward update: 10.06 -> 9.46
Reward update: 10.06 -> 9.46
Reward update: 10.04 -> 9.76
Reward update: 10.02 -> 9.16
Reward update: 10.0 -> 9.24
Reward update: 10.0 -> 9.42
Reward update: 9.96 -> 9.34
Reward update: 9.92 -> 9.56
Reward update: 9.9 -> 9.46
Reward update: 9.82 -> 9.46
Reward update: 9.74 -> 9.92
Reward update: 9.68 -> 9.46
Reward update: 9.62 -> 9.34
Reward update: 9.52 -> 9.28
Reward update: 9.46 -> 9.42
Reward update: 9.44 -> 9.46
Reward update: 9.44 -> 10.44
Current policy count: 10
Reward update: 10.44 -> 9.7
Reward update: 10.02 -> 9.32
Reward update: 9.94 -> 9.18
Reward update: 9.92 -> 9.26
Reward update: 9.76 -> 9.2
Reward update: 9.66 -> 10.4
Reward update: 9.56 -> 9.5
Reward update: 9.46 -> 8.2
Reward update: 9.46 -> 9.64
Reward update: 9.46 -> 9.38
Current policy count: 5
Reward update: 10.4 -> 9.74
Reward update: 9.7 -> 9.2
Reward update: 9.64 -> 9.66
Reward update: 9.5 -> 9.34
Reward update: 9.38 -> 10.18
Current policy count: 3
Reward update: 10.18 -> 10.1
Reward update: 9.74 -> 9.48
Reward update: 9.66 -> 10.1
Current policy count: 2
Reward update: 10.1 -> 9.86
Reward update: 10.1 -> 8.52
Current policy count: 1
Reward update: 9.86 -> 9.32
Final reward: 9.52
Number of nodes: 5
