Iteration 0/80
Training student with 170 points
Train accuracy: 0.7205882352941176
Test accuracy: 0.38235294117647056
Number of nodes: 17
Student reward: 0.3545454545454545
Iteration 1/80
Training student with 897 points
Train accuracy: 0.45188284518828453
Test accuracy: 0.4722222222222222
Number of nodes: 15
Student reward: 0.18181818181818182
Iteration 2/80
Training student with 1897 points
Train accuracy: 0.4146341463414634
Test accuracy: 0.4263157894736842
Number of nodes: 21
Student reward: 0.4727272727272728
Iteration 3/80
Training student with 2624 points
Train accuracy: 0.42448785135778944
Test accuracy: 0.38857142857142857
Number of nodes: 21
Student reward: 0.3181818181818181
Iteration 4/80
Training student with 3624 points
Train accuracy: 0.4170403587443946
Test accuracy: 0.4027586206896552
Number of nodes: 21
Student reward: 0.3363636363636363
Iteration 5/80
Training student with 4533 points
Train accuracy: 0.40126861555432985
Test accuracy: 0.3980154355016538
Number of nodes: 21
Student reward: 0.12727272727272726
Iteration 6/80
Training student with 5533 points
Train accuracy: 0.3913239945774966
Test accuracy: 0.3830171635049684
Number of nodes: 21
Student reward: 0.21818181818181817
Iteration 7/80
Training student with 6533 points
Train accuracy: 0.3714121699196326
Test accuracy: 0.3657230298393267
Number of nodes: 23
Student reward: 0.32727272727272727
Iteration 8/80
Training student with 7442 points
Train accuracy: 0.37090542583571307
Test accuracy: 0.3854936198791135
Number of nodes: 23
Student reward: 0.3090909090909091
Iteration 9/80
Training student with 8351 points
Train accuracy: 0.36946107784431137
Test accuracy: 0.37223219628964693
Number of nodes: 23
Student reward: 0.21818181818181817
Iteration 10/80
Training student with 9260 points
Train accuracy: 0.3539416846652268
Test accuracy: 0.3693304535637149
Number of nodes: 23
Student reward: 0.2909090909090909
Iteration 11/80
Training student with 10169 points
Train accuracy: 0.36767055931161646
Test accuracy: 0.3638151425762045
Number of nodes: 23
Student reward: 0.42727272727272725
Iteration 12/80
Training student with 11169 points
Train accuracy: 0.36530498041410187
Test accuracy: 0.3710832587287377
Number of nodes: 23
Student reward: 0.2909090909090909
Iteration 13/80
Training student with 12078 points
Train accuracy: 0.3625543365762782
Test accuracy: 0.3675496688741722
Number of nodes: 21
Student reward: 0.2545454545454545
Iteration 14/80
Training student with 12987 points
Train accuracy: 0.3668303012802002
Test accuracy: 0.35488837567359505
Number of nodes: 21
Student reward: 0.21818181818181817
Iteration 15/80
Training student with 13987 points
Train accuracy: 0.36089015997855034
Test accuracy: 0.35239456754824877
Number of nodes: 23
Student reward: 0.2909090909090909
Iteration 16/80
Training student with 14987 points
Train accuracy: 0.3656685294853616
Test accuracy: 0.36124082721814543
Number of nodes: 23
Student reward: 0.21818181818181817
Iteration 17/80
Training student with 15987 points
Train accuracy: 0.3556963015091094
Test accuracy: 0.35834896810506567
Number of nodes: 23
Student reward: 0.2636363636363636
Iteration 18/80
Training student with 16987 points
Train accuracy: 0.35639119876370595
Test accuracy: 0.3546203649205415
Number of nodes: 23
Student reward: 0.19999999999999998
Iteration 19/80
Training student with 17896 points
Train accuracy: 0.3528918692372171
Test accuracy: 0.361731843575419
Number of nodes: 23
Student reward: 0.2909090909090909
Iteration 20/80
Training student with 18805 points
Train accuracy: 0.3547593725073119
Test accuracy: 0.3671895772400957
Number of nodes: 23
Student reward: 0.13636363636363638
Iteration 21/80
Training student with 19805 points
Train accuracy: 0.35344609946983085
Test accuracy: 0.33653117899520324
Number of nodes: 21
Student reward: 0.29999999999999993
Iteration 22/80
Training student with 20805 points
Train accuracy: 0.35400144196106703
Test accuracy: 0.349915885604422
Number of nodes: 23
Student reward: 0.26363636363636356
Iteration 23/80
Training student with 21714 points
Train accuracy: 0.3551321167463013
Test accuracy: 0.3545935988947732
Number of nodes: 19
Student reward: 0.3727272727272727
Iteration 24/80
Training student with 22532 points
Train accuracy: 0.35905686546463245
Test accuracy: 0.357665853117373
Number of nodes: 23
Student reward: 0.3818181818181817
Iteration 25/80
Training student with 23350 points
Train accuracy: 0.3555674518201285
Test accuracy: 0.3556745182012848
Number of nodes: 23
Student reward: 0.2545454545454545
Iteration 26/80
Training student with 24259 points
Train accuracy: 0.3544597310248879
Test accuracy: 0.3602638087386645
Number of nodes: 23
Student reward: 0.09090909090909091
Iteration 27/80
Training student with 25259 points
Train accuracy: 0.35368931558370864
Test accuracy: 0.35688836104513066
Number of nodes: 21
Student reward: 0.2181818181818182
Iteration 28/80
Training student with 26259 points
Train accuracy: 0.3551197219974294
Test accuracy: 0.3695734958111196
Number of nodes: 23
Student reward: 0.2363636363636364
Iteration 29/80
Training student with 27259 points
Train accuracy: 0.35195120832760124
Test accuracy: 0.35638297872340424
Number of nodes: 23
Student reward: 0.49090909090909085
Iteration 30/80
Training student with 27986 points
Train accuracy: 0.3578702876541004
Test accuracy: 0.3515541264737406
Number of nodes: 23
Student reward: 0.39090909090909093
Iteration 31/80
Training student with 28713 points
Train accuracy: 0.35999129299085764
Test accuracy: 0.33954379244297406
Number of nodes: 23
Student reward: 0.1
Iteration 32/80
Training student with 29713 points
Train accuracy: 0.35229280605805635
Test accuracy: 0.36395759717314485
Number of nodes: 21
Student reward: 0.26363636363636356
Iteration 33/80
Training student with 30622 points
Train accuracy: 0.35661509572600725
Test accuracy: 0.35183673469387755
Number of nodes: 19
Student reward: 0.35454545454545455
Iteration 34/80
Training student with 31531 points
Train accuracy: 0.3551776086267047
Test accuracy: 0.36007610591406375
Number of nodes: 23
Student reward: 0.14545454545454545
Iteration 35/80
Training student with 32531 points
Train accuracy: 0.35659391331079004
Test accuracy: 0.3579222375902874
Number of nodes: 23
Student reward: 0.42727272727272725
Iteration 36/80
Training student with 33258 points
Train accuracy: 0.3586033225588213
Test accuracy: 0.35598316295850874
Number of nodes: 23
Student reward: 0.28181818181818175
Iteration 37/80
Training student with 34258 points
Train accuracy: 0.3599576735021528
Test accuracy: 0.35434909515469937
Number of nodes: 23
Student reward: 0.16363636363636364
Iteration 38/80
Training student with 35258 points
Train accuracy: 0.3548181238034461
Test accuracy: 0.3511060692002269
Number of nodes: 23
Student reward: 0.26363636363636356
Iteration 39/80
Training student with 36167 points
Train accuracy: 0.3503266166660906
Test accuracy: 0.36051976776333977
Number of nodes: 23
Student reward: 0.2909090909090909
Iteration 40/80
Training student with 37076 points
Train accuracy: 0.3491571139581929
Test accuracy: 0.3496494066882416
Number of nodes: 23
Student reward: 0.2818181818181818
Iteration 41/80
Training student with 38076 points
Train accuracy: 0.35305318450426787
Test accuracy: 0.35005252100840334
Number of nodes: 23
Student reward: 0.3454545454545454
Iteration 42/80
Training student with 38894 points
Train accuracy: 0.35233810059456855
Test accuracy: 0.3420748168145006
Number of nodes: 23
Student reward: 0.18181818181818182
Iteration 43/80
Training student with 39894 points
Train accuracy: 0.3475481748394172
Test accuracy: 0.3522997869407194
Number of nodes: 23
Student reward: 0.24545454545454545
Iteration 44/80
Training student with 40894 points
Train accuracy: 0.34944215191808037
Test accuracy: 0.3507763785303827
Number of nodes: 23
Student reward: 0.35454545454545455
Iteration 45/80
Training student with 41803 points
Train accuracy: 0.34923150529274566
Test accuracy: 0.3480444922856118
Number of nodes: 23
Student reward: 0.26363636363636356
Iteration 46/80
Training student with 42803 points
Train accuracy: 0.3493662753343847
Test accuracy: 0.3480901763812639
Number of nodes: 23
Student reward: 0.29999999999999993
Iteration 47/80
Training student with 43712 points
Train accuracy: 0.34919500128685405
Test accuracy: 0.3450760608486789
Number of nodes: 23
Student reward: 0.44545454545454544
Iteration 48/80
Training student with 44621 points
Train accuracy: 0.3501512774540565
Test accuracy: 0.34442577030812327
Number of nodes: 23
Student reward: 0.3454545454545454
Iteration 49/80
Training student with 45530 points
Train accuracy: 0.34998901822973866
Test accuracy: 0.3506479244454206
Number of nodes: 19
Student reward: 0.28181818181818186
Iteration 50/80
Training student with 46439 points
Train accuracy: 0.34989636887297787
Test accuracy: 0.3493755383290267
Number of nodes: 23
Student reward: 0.2
Iteration 51/80
Training student with 47348 points
Train accuracy: 0.347325624372987
Test accuracy: 0.35670538542766633
Number of nodes: 21
Student reward: 0.21818181818181817
Iteration 52/80
Training student with 48348 points
Train accuracy: 0.3486219556336936
Test accuracy: 0.3472595656670114
Number of nodes: 23
Student reward: 0.3363636363636363
Iteration 53/80
Training student with 49257 points
Train accuracy: 0.34762086029691663
Test accuracy: 0.353836784409257
Number of nodes: 23
Student reward: 0.16363636363636364
Iteration 54/80
Training student with 50166 points
Train accuracy: 0.34605800857171337
Test accuracy: 0.3536974287422763
Number of nodes: 23
Student reward: 0.42727272727272725
Iteration 55/80
Training student with 50984 points
Train accuracy: 0.34815014587981463
Test accuracy: 0.34755320192213396
Number of nodes: 23
Student reward: 0.3727272727272727
Iteration 56/80
Training student with 51711 points
Train accuracy: 0.34768420034809516
Test accuracy: 0.3495117470753166
Number of nodes: 23
Student reward: 0.14545454545454545
Iteration 57/80
Training student with 52711 points
Train accuracy: 0.3474435590969456
Test accuracy: 0.3480034145878782
Number of nodes: 23
Student reward: 0.3545454545454545
Iteration 58/80
Training student with 53529 points
Train accuracy: 0.3472433038320529
Test accuracy: 0.3459742200635158
Number of nodes: 23
Student reward: 0.309090909090909
Iteration 59/80
Training student with 54347 points
Train accuracy: 0.34887411734940316
Test accuracy: 0.34130634774609014
Number of nodes: 23
Student reward: 0.2727272727272727
Iteration 60/80
Training student with 55256 points
Train accuracy: 0.3478418242692969
Test accuracy: 0.3438291711907347
Number of nodes: 23
Student reward: 0.2545454545454545
Iteration 61/80
Training student with 56165 points
Train accuracy: 0.34632333303658863
Test accuracy: 0.3461230303569839
Number of nodes: 23
Student reward: 0.22727272727272724
Iteration 62/80
Training student with 57074 points
Train accuracy: 0.3476861078867255
Test accuracy: 0.34419623302671926
Number of nodes: 21
Student reward: 0.3363636363636363
Iteration 63/80
Training student with 57892 points
Train accuracy: 0.3471379526266923
Test accuracy: 0.34009845409793593
Number of nodes: 23
Student reward: 0.36363636363636365
Iteration 64/80
Training student with 58710 points
Train accuracy: 0.3481093510475217
Test accuracy: 0.34125361948560723
Number of nodes: 23
Student reward: 0.3727272727272727
Iteration 65/80
Training student with 59528 points
Train accuracy: 0.34549157952206966
Test accuracy: 0.3507475222576852
Number of nodes: 21
Student reward: 0.17272727272727273
Iteration 66/80
Training student with 60528 points
Train accuracy: 0.34571062740076824
Test accuracy: 0.3531306790021477
Number of nodes: 23
Student reward: 0.13636363636363638
Iteration 67/80
Training student with 61528 points
Train accuracy: 0.3470196253707692
Test accuracy: 0.34609133755891436
Number of nodes: 23
Student reward: 0.22727272727272724
Iteration 68/80
Training student with 62528 points
Train accuracy: 0.34758706169285514
Test accuracy: 0.3401567247721094
Number of nodes: 23
Student reward: 0.21818181818181817
Iteration 69/80
Training student with 63528 points
Train accuracy: 0.3442013301326197
Test accuracy: 0.3473949315284118
Number of nodes: 21
Student reward: 0.21818181818181817
Iteration 70/80
Training student with 64528 points
Train accuracy: 0.34667389872534965
Test accuracy: 0.34356113435611346
Number of nodes: 23
Student reward: 0.06363636363636363
Iteration 71/80
Training student with 65528 points
Train accuracy: 0.34588531532562666
Test accuracy: 0.3435830917137189
Number of nodes: 23
Student reward: 0.3090909090909091
Iteration 72/80
Training student with 66346 points
Train accuracy: 0.34701183208983344
Test accuracy: 0.34016578749058024
Number of nodes: 23
Student reward: 0.27272727272727276
Iteration 73/80
Training student with 67346 points
Train accuracy: 0.3433996584750167
Test accuracy: 0.348181143281366
Number of nodes: 21
Student reward: 0.47272727272727266
Iteration 74/80
Training student with 68164 points
Train accuracy: 0.34429957272010414
Test accuracy: 0.3415975940732047
Number of nodes: 21
Student reward: 0.24545454545454545
Iteration 75/80
Training student with 69164 points
Train accuracy: 0.34396631183242665
Test accuracy: 0.3446830044097448
Number of nodes: 23
Student reward: 0.2727272727272727
Iteration 76/80
Training student with 70164 points
Train accuracy: 0.34604763855979764
Test accuracy: 0.34247844366849567
Number of nodes: 23
Student reward: 0.30000000000000004
Iteration 77/80
Training student with 71073 points
Train accuracy: 0.34295965387456473
Test accuracy: 0.3478719662328526
Number of nodes: 23
Student reward: 0.3
Iteration 78/80
Training student with 71982 points
Train accuracy: 0.3419119562386038
Test accuracy: 0.34639160936306174
Number of nodes: 23
Student reward: 0.43636363636363634
Iteration 79/80
Training student with 72800 points
Train accuracy: 0.3424793956043956
Test accuracy: 0.3459478021978022
Number of nodes: 23
Student reward: 0.2363636363636364
Initial policy count: 80
Current policy count: 40
Reward update: 0.49090909090909085 -> 0.2963636363636364
Reward update: 0.4727272727272728 -> 0.2472727272727273
Reward update: 0.47272727272727266 -> 0.24363636363636368
Reward update: 0.44545454545454544 -> 0.29818181818181816
Reward update: 0.43636363636363634 -> 0.33454545454545453
Reward update: 0.42727272727272725 -> 0.26000000000000006
Reward update: 0.42727272727272725 -> 0.26363636363636367
Reward update: 0.42727272727272725 -> 0.2454545454545455
Reward update: 0.39090909090909093 -> 0.28181818181818186
Reward update: 0.3818181818181817 -> 0.24909090909090914
Reward update: 0.3727272727272727 -> 0.2636363636363636
Reward update: 0.3727272727272727 -> 0.2
Reward update: 0.3727272727272727 -> 0.29090909090909084
Reward update: 0.36363636363636365 -> 0.2618181818181819
Reward update: 0.35454545454545455 -> 0.270909090909091
Reward update: 0.35454545454545455 -> 0.23272727272727273
Reward update: 0.3545454545454545 -> 0.24545454545454548
Reward update: 0.3545454545454545 -> 0.2854545454545456
Reward update: 0.3454545454545454 -> 0.1963636363636364
Reward update: 0.3454545454545454 -> 0.22909090909090907
Reward update: 0.3363636363636363 -> 0.26909090909090905
Reward update: 0.3363636363636363 -> 0.3054545454545455
Reward update: 0.3363636363636363 -> 0.2763636363636364
Reward update: 0.32727272727272727 -> 0.2327272727272727
Reward update: 0.3181818181818181 -> 0.2981818181818182
Reward update: 0.3090909090909091 -> 0.3236363636363637
Reward update: 0.3090909090909091 -> 0.2745454545454546
Reward update: 0.309090909090909 -> 0.24
Reward update: 0.30000000000000004 -> 0.250909090909091
Reward update: 0.3 -> 0.2690909090909092
Reward update: 0.29999999999999993 -> 0.2763636363636364
Reward update: 0.29999999999999993 -> 0.25636363636363635
Reward update: 0.2909090909090909 -> 0.2800000000000001
Reward update: 0.2909090909090909 -> 0.26363636363636367
Reward update: 0.2909090909090909 -> 0.25272727272727274
Reward update: 0.2909090909090909 -> 0.37454545454545446
Reward update: 0.2909090909090909 -> 0.25090909090909086
Reward update: 0.28181818181818186 -> 0.2890909090909091
Reward update: 0.2818181818181818 -> 0.1654545454545454
Reward update: 0.28181818181818175 -> 0.2636363636363636
Current policy count: 20
Reward update: 0.37454545454545446 -> 0.24545454545454543
Reward update: 0.33454545454545453 -> 0.270909090909091
Reward update: 0.3236363636363637 -> 0.2745454545454546
Reward update: 0.3054545454545455 -> 0.24545454545454554
Reward update: 0.2981818181818182 -> 0.2690909090909091
Reward update: 0.29818181818181816 -> 0.29090909090909095
Reward update: 0.2963636363636364 -> 0.2327272727272728
Reward update: 0.29090909090909084 -> 0.22909090909090912
Reward update: 0.2890909090909091 -> 0.3090909090909091
Reward update: 0.2854545454545456 -> 0.25636363636363635
Reward update: 0.28181818181818186 -> 0.29454545454545455
Reward update: 0.2800000000000001 -> 0.26
Reward update: 0.2763636363636364 -> 0.26727272727272733
Reward update: 0.2763636363636364 -> 0.270909090909091
Reward update: 0.2745454545454546 -> 0.2490909090909091
Reward update: 0.270909090909091 -> 0.21272727272727274
Reward update: 0.2690909090909092 -> 0.24181818181818177
Reward update: 0.26909090909090905 -> 0.2981818181818183
Reward update: 0.26363636363636367 -> 0.2545454545454546
Reward update: 0.26363636363636367 -> 0.2309090909090909
Current policy count: 10
Reward update: 0.3090909090909091 -> 0.2763636363636364
Reward update: 0.2981818181818183 -> 0.2054545454545454
Reward update: 0.29454545454545455 -> 0.28545454545454557
Reward update: 0.29090909090909095 -> 0.2981818181818182
Reward update: 0.2745454545454546 -> 0.2672727272727273
Reward update: 0.270909090909091 -> 0.19454545454545452
Reward update: 0.270909090909091 -> 0.3763636363636364
Reward update: 0.2690909090909091 -> 0.3818181818181818
Reward update: 0.26727272727272733 -> 0.30363636363636376
Reward update: 0.26 -> 0.21454545454545448
Current policy count: 5
Reward update: 0.3818181818181818 -> 0.250909090909091
Reward update: 0.3763636363636364 -> 0.1654545454545454
Reward update: 0.30363636363636376 -> 0.25272727272727274
Reward update: 0.2981818181818182 -> 0.2836363636363637
Reward update: 0.28545454545454557 -> 0.24545454545454548
Current policy count: 3
Reward update: 0.2836363636363637 -> 0.27454545454545454
Reward update: 0.25272727272727274 -> 0.24000000000000005
Reward update: 0.250909090909091 -> 0.23454545454545456
Current policy count: 2
Reward update: 0.27454545454545454 -> 0.2872727272727273
Reward update: 0.24000000000000005 -> 0.2545454545454545
Current policy count: 1
Reward update: 0.2872727272727273 -> 0.2672727272727273
Final reward: 0.41454545454545455
Number of nodes: 23
