Iteration 0/80
Training student with 113 points
Train accuracy: 0.9888888888888889
Test accuracy: 1.0
Number of nodes: 1
Student reward: 137.29413909912108
Iteration 1/80
Training student with 207 points
Train accuracy: 0.9818181818181818
Test accuracy: 0.9761904761904762
Number of nodes: 1
Student reward: 198.7300064086914
Iteration 2/80
Training student with 322 points
Train accuracy: 0.980544747081712
Test accuracy: 0.9846153846153847
Number of nodes: 1
Student reward: 166.95937805175782
Iteration 3/80
Training student with 434 points
Train accuracy: 0.9827089337175793
Test accuracy: 1.0
Number of nodes: 1
Student reward: 134.11859588623048
Iteration 4/80
Training student with 534 points
Train accuracy: 0.9882903981264637
Test accuracy: 0.9719626168224299
Number of nodes: 1
Student reward: 94.78143310546875
Iteration 5/80
Training student with 628 points
Train accuracy: 0.9820717131474104
Test accuracy: 1.0
Number of nodes: 1
Student reward: 120.37542419433593
Iteration 6/80
Training student with 736 points
Train accuracy: 0.9812925170068028
Test accuracy: 1.0
Number of nodes: 1
Student reward: 143.90101165771483
Iteration 7/80
Training student with 844 points
Train accuracy: 0.9851851851851852
Test accuracy: 0.9881656804733728
Number of nodes: 1
Student reward: 131.14930419921876
Iteration 8/80
Training student with 948 points
Train accuracy: 0.9854881266490765
Test accuracy: 0.9894736842105263
Number of nodes: 1
Student reward: 235.07763671875
Iteration 9/80
Training student with 1073 points
Train accuracy: 0.986013986013986
Test accuracy: 0.9906976744186047
Number of nodes: 1
Student reward: 101.20863189697266
Iteration 10/80
Training student with 1166 points
Train accuracy: 0.9881974248927039
Test accuracy: 0.9871794871794872
Number of nodes: 1
Student reward: 205.12076110839843
Iteration 11/80
Training student with 1291 points
Train accuracy: 0.9883720930232558
Test accuracy: 0.9884169884169884
Number of nodes: 1
Student reward: 107.49011993408203
Iteration 12/80
Training student with 1393 points
Train accuracy: 0.9892280071813285
Test accuracy: 0.982078853046595
Number of nodes: 1
Student reward: 164.0283447265625
Iteration 13/80
Training student with 1508 points
Train accuracy: 0.9892205638474295
Test accuracy: 0.9801324503311258
Number of nodes: 1
Student reward: 138.16875762939452
Iteration 14/80
Training student with 1615 points
Train accuracy: 0.9883900928792569
Test accuracy: 0.9845201238390093
Number of nodes: 1
Student reward: 97.78592529296876
Iteration 15/80
Training student with 1712 points
Train accuracy: 0.9897735573411249
Test accuracy: 0.9795918367346939
Number of nodes: 1
Student reward: 118.88339233398438
Iteration 16/80
Training student with 1813 points
Train accuracy: 0.9868965517241379
Test accuracy: 0.9917355371900827
Number of nodes: 1
Student reward: 129.17924957275392
Iteration 17/80
Training student with 1918 points
Train accuracy: 0.9889178617992177
Test accuracy: 0.984375
Number of nodes: 1
Student reward: 259.49537353515626
Iteration 18/80
Training student with 2051 points
Train accuracy: 0.9884146341463415
Test accuracy: 0.9902676399026764
Number of nodes: 1
Student reward: 71.95175476074219
Iteration 19/80
Training student with 2131 points
Train accuracy: 0.9906103286384976
Test accuracy: 0.9836065573770492
Number of nodes: 1
Student reward: 149.89783477783203
Iteration 20/80
Training student with 2234 points
Train accuracy: 0.9865696698377169
Test accuracy: 0.9977628635346756
Number of nodes: 1
Student reward: 180.36758728027343
Iteration 21/80
Training student with 2349 points
Train accuracy: 0.9893560404470463
Test accuracy: 0.9851063829787234
Number of nodes: 1
Student reward: 130.61650390625
Iteration 22/80
Training student with 2452 points
Train accuracy: 0.9872514023457419
Test accuracy: 0.9959266802443992
Number of nodes: 1
Student reward: 116.06033172607422
Iteration 23/80
Training student with 2545 points
Train accuracy: 0.9882121807465619
Test accuracy: 0.9882121807465619
Number of nodes: 1
Student reward: 185.1208297729492
Iteration 24/80
Training student with 2664 points
Train accuracy: 0.987329892069451
Test accuracy: 0.9924953095684803
Number of nodes: 1
Student reward: 134.9193145751953
Iteration 25/80
Training student with 2768 points
Train accuracy: 0.9859981933152665
Test accuracy: 0.9945848375451264
Number of nodes: 1
Student reward: 76.959326171875
Iteration 26/80
Training student with 2862 points
Train accuracy: 0.9895150720838795
Test accuracy: 0.9808027923211169
Number of nodes: 1
Student reward: 116.02005157470703
Iteration 27/80
Training student with 2971 points
Train accuracy: 0.9882154882154882
Test accuracy: 0.9831932773109243
Number of nodes: 1
Student reward: 82.28487548828124
Iteration 28/80
Training student with 3054 points
Train accuracy: 0.9860826852230864
Test accuracy: 0.9901800327332242
Number of nodes: 1
Student reward: 203.34306793212892
Iteration 29/80
Training student with 3178 points
Train accuracy: 0.9862313139260425
Test accuracy: 0.9905660377358491
Number of nodes: 1
Student reward: 164.83652954101564
Iteration 30/80
Training student with 3281 points
Train accuracy: 0.9870426829268293
Test accuracy: 0.989345509893455
Number of nodes: 1
Student reward: 109.39634857177734
Iteration 31/80
Training student with 3381 points
Train accuracy: 0.9885355029585798
Test accuracy: 0.9852289512555391
Number of nodes: 1
Student reward: 201.6414596557617
Iteration 32/80
Training student with 3499 points
Train accuracy: 0.9867809932118614
Test accuracy: 0.9914285714285714
Number of nodes: 1
Student reward: 84.91566467285156
Iteration 33/80
Training student with 3587 points
Train accuracy: 0.9874520738933427
Test accuracy: 0.9874651810584958
Number of nodes: 1
Student reward: 84.92630920410156
Iteration 34/80
Training student with 3673 points
Train accuracy: 0.9870660313138189
Test accuracy: 0.9877551020408163
Number of nodes: 1
Student reward: 134.0986785888672
Iteration 35/80
Training student with 3773 points
Train accuracy: 0.9874088800530152
Test accuracy: 0.9867549668874173
Number of nodes: 1
Student reward: 225.51573638916017
Iteration 36/80
Training student with 3902 points
Train accuracy: 0.9881448253764819
Test accuracy: 0.9846350832266325
Number of nodes: 1
Student reward: 118.03446350097656
Iteration 37/80
Training student with 4002 points
Train accuracy: 0.9868791002811621
Test accuracy: 0.9900124843945068
Number of nodes: 1
Student reward: 89.39593505859375
Iteration 38/80
Training student with 4096 points
Train accuracy: 0.9884004884004884
Test accuracy: 0.9829268292682927
Number of nodes: 1
Student reward: 78.80090637207032
Iteration 39/80
Training student with 4183 points
Train accuracy: 0.9877465630603706
Test accuracy: 0.985663082437276
Number of nodes: 1
Student reward: 196.36798858642578
Iteration 40/80
Training student with 4296 points
Train accuracy: 0.9866123399301513
Test accuracy: 0.9918604651162791
Number of nodes: 1
Student reward: 135.8236114501953
Iteration 41/80
Training student with 4402 points
Train accuracy: 0.9875035501278046
Test accuracy: 0.9875141884222475
Number of nodes: 1
Student reward: 156.09150085449218
Iteration 42/80
Training student with 4501 points
Train accuracy: 0.9875
Test accuracy: 0.9889012208657048
Number of nodes: 1
Student reward: 234.60194549560546
Iteration 43/80
Training student with 4641 points
Train accuracy: 0.9892241379310345
Test accuracy: 0.9827771797631862
Number of nodes: 1
Student reward: 154.46156616210936
Iteration 44/80
Training student with 4740 points
Train accuracy: 0.9878691983122363
Test accuracy: 0.9883966244725738
Number of nodes: 1
Student reward: 138.143408203125
Iteration 45/80
Training student with 4845 points
Train accuracy: 0.9876160990712074
Test accuracy: 0.9896800825593395
Number of nodes: 1
Student reward: 84.31822204589844
Iteration 46/80
Training student with 4935 points
Train accuracy: 0.9870820668693009
Test accuracy: 0.9908814589665653
Number of nodes: 1
Student reward: 97.41710968017578
Iteration 47/80
Training student with 5030 points
Train accuracy: 0.9883200795228628
Test accuracy: 0.9860834990059643
Number of nodes: 1
Student reward: 118.03110046386719
Iteration 48/80
Training student with 5134 points
Train accuracy: 0.9878256635013392
Test accuracy: 0.9883154819863681
Number of nodes: 1
Student reward: 179.031201171875
Iteration 49/80
Training student with 5249 points
Train accuracy: 0.9892831626577756
Test accuracy: 0.9838095238095238
Number of nodes: 1
Student reward: 101.62965087890625
Iteration 50/80
Training student with 5345 points
Train accuracy: 0.9878391019644528
Test accuracy: 0.9897100093545369
Number of nodes: 1
Student reward: 123.36904449462891
Iteration 51/80
Training student with 5450 points
Train accuracy: 0.9873853211009175
Test accuracy: 0.9917431192660551
Number of nodes: 1
Student reward: 122.64628448486329
Iteration 52/80
Training student with 5545 points
Train accuracy: 0.9885031559963932
Test accuracy: 0.9873760144274121
Number of nodes: 1
Student reward: 157.9221984863281
Iteration 53/80
Training student with 5660 points
Train accuracy: 0.9882950530035336
Test accuracy: 0.9867491166077739
Number of nodes: 1
Student reward: 183.12157440185547
Iteration 54/80
Training student with 5778 points
Train accuracy: 0.9861531804413673
Test accuracy: 0.9939446366782007
Number of nodes: 1
Student reward: 218.82718200683593
Iteration 55/80
Training student with 5904 points
Train accuracy: 0.9872962100359941
Test accuracy: 0.9889923793395428
Number of nodes: 1
Student reward: 99.85859375
Iteration 56/80
Training student with 6004 points
Train accuracy: 0.987299604413908
Test accuracy: 0.9883430474604497
Number of nodes: 1
Student reward: 117.02714233398437
Iteration 57/80
Training student with 6111 points
Train accuracy: 0.9875204582651391
Test accuracy: 0.9877350776778414
Number of nodes: 1
Student reward: 119.84539184570312
Iteration 58/80
Training student with 6205 points
Train accuracy: 0.9875100725221595
Test accuracy: 0.9879129734085415
Number of nodes: 1
Student reward: 173.14141540527345
Iteration 59/80
Training student with 6320 points
Train accuracy: 0.986748417721519
Test accuracy: 0.9912974683544303
Number of nodes: 1
Student reward: 169.0453628540039
Iteration 60/80
Training student with 6432 points
Train accuracy: 0.9873663751214772
Test accuracy: 0.9883449883449883
Number of nodes: 1
Student reward: 93.39933929443359
Iteration 61/80
Training student with 6529 points
Train accuracy: 0.9879379666858128
Test accuracy: 0.9862174578866769
Number of nodes: 1
Student reward: 234.66144866943358
Iteration 62/80
Training student with 6668 points
Train accuracy: 0.9870641169853769
Test accuracy: 0.9895052473763118
Number of nodes: 1
Student reward: 160.22040405273438
Iteration 63/80
Training student with 6779 points
Train accuracy: 0.9872764152683017
Test accuracy: 0.9882005899705014
Number of nodes: 1
Student reward: 135.23247833251952
Iteration 64/80
Training student with 6892 points
Train accuracy: 0.9874841284237258
Test accuracy: 0.9876722262509064
Number of nodes: 1
Student reward: 114.16441802978515
Iteration 65/80
Training student with 6994 points
Train accuracy: 0.987846291331546
Test accuracy: 0.9857040743388135
Number of nodes: 1
Student reward: 143.87940521240233
Iteration 66/80
Training student with 7094 points
Train accuracy: 0.9869603524229075
Test accuracy: 0.9901338971106413
Number of nodes: 1
Student reward: 120.41130676269532
Iteration 67/80
Training student with 7193 points
Train accuracy: 0.9876607577337504
Test accuracy: 0.9874913134120917
Number of nodes: 1
Student reward: 164.4480239868164
Iteration 68/80
Training student with 7302 points
Train accuracy: 0.9880157507276152
Test accuracy: 0.9863107460643394
Number of nodes: 1
Student reward: 219.56989440917968
Iteration 69/80
Training student with 7428 points
Train accuracy: 0.9868731066980815
Test accuracy: 0.9919246298788694
Number of nodes: 1
Student reward: 186.10993347167968
Iteration 70/80
Training student with 7542 points
Train accuracy: 0.9880656389855793
Test accuracy: 0.9880715705765407
Number of nodes: 1
Student reward: 186.3393524169922
Iteration 71/80
Training student with 7656 points
Train accuracy: 0.9887328543435663
Test accuracy: 0.9843342036553525
Number of nodes: 1
Student reward: 136.28475036621094
Iteration 72/80
Training student with 7756 points
Train accuracy: 0.9880722114764668
Test accuracy: 0.9845360824742269
Number of nodes: 1
Student reward: 130.6777084350586
Iteration 73/80
Training student with 7857 points
Train accuracy: 0.9880668257756563
Test accuracy: 0.9853689567430025
Number of nodes: 1
Student reward: 151.4750732421875
Iteration 74/80
Training student with 7972 points
Train accuracy: 0.986827661909989
Test accuracy: 0.9905956112852664
Number of nodes: 1
Student reward: 128.28484497070312
Iteration 75/80
Training student with 8076 points
Train accuracy: 0.9871517027863778
Test accuracy: 0.989480198019802
Number of nodes: 1
Student reward: 137.54850311279296
Iteration 76/80
Training student with 8176 points
Train accuracy: 0.9873088685015291
Test accuracy: 0.988997555012225
Number of nodes: 1
Student reward: 170.11349029541014
Iteration 77/80
Training student with 8295 points
Train accuracy: 0.9874924653405666
Test accuracy: 0.9867389993972272
Number of nodes: 1
Student reward: 104.09920349121094
Iteration 78/80
Training student with 8397 points
Train accuracy: 0.9870477891916034
Test accuracy: 0.9880952380952381
Number of nodes: 1
Student reward: 107.41322174072266
Iteration 79/80
Training student with 8494 points
Train accuracy: 0.986607799852833
Test accuracy: 0.9899941141848146
Number of nodes: 1
Student reward: 138.83287048339844
Initial policy count: 80
Current policy count: 40
Reward update: 259.49537353515626 -> 132.42654754638673
Reward update: 235.07763671875 -> 155.1193115234375
Reward update: 234.66144866943358 -> 151.96309692382812
Reward update: 234.60194549560546 -> 126.92852722167969
Reward update: 225.51573638916017 -> 102.89170379638672
Reward update: 219.56989440917968 -> 140.1217645263672
Reward update: 218.82718200683593 -> 121.34239227294921
Reward update: 205.12076110839843 -> 155.44921966552735
Reward update: 203.34306793212892 -> 97.57543548583985
Reward update: 201.6414596557617 -> 124.7850262451172
Reward update: 198.7300064086914 -> 155.02804107666014
Reward update: 196.36798858642578 -> 142.52564483642578
Reward update: 186.3393524169922 -> 133.89658233642578
Reward update: 186.10993347167968 -> 170.1549887084961
Reward update: 185.1208297729492 -> 168.14988067626953
Reward update: 183.12157440185547 -> 170.83736602783202
Reward update: 180.36758728027343 -> 139.52778045654296
Reward update: 179.031201171875 -> 146.5567886352539
Reward update: 173.14141540527345 -> 141.48635498046875
Reward update: 170.11349029541014 -> 152.40248107910156
Reward update: 169.0453628540039 -> 138.70578491210938
Reward update: 166.95937805175782 -> 160.8958544921875
Reward update: 164.83652954101564 -> 144.73715393066405
Reward update: 164.4480239868164 -> 157.4801351928711
Reward update: 164.0283447265625 -> 145.15612823486327
Reward update: 160.22040405273438 -> 135.18230895996095
Reward update: 157.9221984863281 -> 175.7233920288086
Reward update: 156.09150085449218 -> 123.22227996826172
Reward update: 154.46156616210936 -> 111.73360168457032
Reward update: 151.4750732421875 -> 149.70013610839842
Reward update: 149.89783477783203 -> 160.1141552734375
Reward update: 143.90101165771483 -> 140.2014602661133
Reward update: 143.87940521240233 -> 181.02502197265625
Reward update: 138.83287048339844 -> 132.04460357666017
Reward update: 138.16875762939452 -> 143.16544555664063
Reward update: 138.143408203125 -> 152.72824157714842
Reward update: 137.54850311279296 -> 111.93815612792969
Reward update: 137.29413909912108 -> 145.76136993408204
Reward update: 136.28475036621094 -> 146.33745330810547
Reward update: 135.8236114501953 -> 129.7620065307617
Current policy count: 20
Reward update: 181.02502197265625 -> 168.47004638671876
Reward update: 175.7233920288086 -> 160.5434341430664
Reward update: 170.83736602783202 -> 165.51513732910155
Reward update: 170.1549887084961 -> 152.07302459716797
Reward update: 168.14988067626953 -> 142.10192443847657
Reward update: 160.8958544921875 -> 164.57700622558593
Reward update: 160.1141552734375 -> 138.4675134277344
Reward update: 157.4801351928711 -> 158.57911163330078
Reward update: 155.44921966552735 -> 138.23873657226562
Reward update: 155.1193115234375 -> 123.65318969726563
Reward update: 155.02804107666014 -> 148.9901821899414
Reward update: 152.72824157714842 -> 128.11119384765624
Reward update: 152.40248107910156 -> 139.48398956298828
Reward update: 151.96309692382812 -> 133.1427493286133
Reward update: 149.70013610839842 -> 138.08416564941408
Reward update: 146.5567886352539 -> 155.4814303588867
Reward update: 146.33745330810547 -> 126.36716430664063
Reward update: 145.76136993408204 -> 167.90176239013672
Reward update: 145.15612823486327 -> 150.41068481445313
Reward update: 144.73715393066405 -> 128.89961730957032
Current policy count: 10
Reward update: 168.47004638671876 -> 147.86116912841797
Reward update: 167.90176239013672 -> 149.96996063232422
Reward update: 165.51513732910155 -> 139.23927459716796
Reward update: 164.57700622558593 -> 162.34407470703124
Reward update: 160.5434341430664 -> 142.07634399414061
Reward update: 158.57911163330078 -> 181.89851623535156
Reward update: 155.4814303588867 -> 153.61442779541017
Reward update: 152.07302459716797 -> 152.2175341796875
Reward update: 150.41068481445313 -> 116.23002868652344
Reward update: 148.9901821899414 -> 114.23122863769531
Current policy count: 5
Reward update: 181.89851623535156 -> 123.98008850097656
Reward update: 162.34407470703124 -> 116.2276611328125
Reward update: 153.61442779541017 -> 130.16441497802734
Reward update: 152.2175341796875 -> 121.07623596191407
Reward update: 149.96996063232422 -> 120.39212341308594
Current policy count: 3
Reward update: 130.16441497802734 -> 162.05225982666016
Reward update: 123.98008850097656 -> 177.29831634521486
Reward update: 121.07623596191407 -> 138.6518392944336
Current policy count: 2
Reward update: 177.29831634521486 -> 160.4754330444336
Reward update: 162.05225982666016 -> 122.51248352050781
Current policy count: 1
Reward update: 160.4754330444336 -> 151.3556756591797
Final reward: 131.98214904785155
Number of nodes: 1
