Iteration 0/80
Training student with 177 points
Train accuracy: 0.6595744680851063
Test accuracy: 0.5833333333333334
Number of nodes: 19
Student reward: -0.6
Iteration 1/80
Training student with 209 points
Train accuracy: 0.6646706586826348
Test accuracy: 0.7142857142857143
Number of nodes: 19
Student reward: -0.3
Iteration 2/80
Training student with 918 points
Train accuracy: 0.4114441416893733
Test accuracy: 0.42391304347826086
Number of nodes: 17
Student reward: 0.0
Iteration 3/80
Training student with 1918 points
Train accuracy: 0.41460234680573665
Test accuracy: 0.4140625
Number of nodes: 17
Student reward: 0.0
Iteration 4/80
Training student with 2918 points
Train accuracy: 0.38303341902313626
Test accuracy: 0.3938356164383562
Number of nodes: 17
Student reward: 0.0
Iteration 5/80
Training student with 3918 points
Train accuracy: 0.37492022973835354
Test accuracy: 0.4094387755102041
Number of nodes: 19
Student reward: 0.0
Iteration 6/80
Training student with 4918 points
Train accuracy: 0.36426029486527706
Test accuracy: 0.3821138211382114
Number of nodes: 19
Student reward: 0.0
Iteration 7/80
Training student with 5918 points
Train accuracy: 0.3612167300380228
Test accuracy: 0.38175675675675674
Number of nodes: 17
Student reward: 0.0
Iteration 8/80
Training student with 6918 points
Train accuracy: 0.37188290567401516
Test accuracy: 0.3627167630057804
Number of nodes: 19
Student reward: 0.0
Iteration 9/80
Training student with 7918 points
Train accuracy: 0.3725923586990843
Test accuracy: 0.38257575757575757
Number of nodes: 19
Student reward: 0.0
Iteration 10/80
Training student with 8918 points
Train accuracy: 0.37510513036164844
Test accuracy: 0.37612107623318386
Number of nodes: 21
Student reward: 0.0
Iteration 11/80
Training student with 9918 points
Train accuracy: 0.3800100831862869
Test accuracy: 0.3714717741935484
Number of nodes: 19
Student reward: 0.0
Iteration 12/80
Training student with 10918 points
Train accuracy: 0.3768032974582093
Test accuracy: 0.3791208791208791
Number of nodes: 19
Student reward: 0.0
Iteration 13/80
Training student with 11918 points
Train accuracy: 0.38063771764212295
Test accuracy: 0.37206375838926176
Number of nodes: 21
Student reward: 0.0
Iteration 14/80
Training student with 12918 points
Train accuracy: 0.3813624927424037
Test accuracy: 0.3715170278637771
Number of nodes: 21
Student reward: 0.0
Iteration 15/80
Training student with 13918 points
Train accuracy: 0.3770432908209089
Test accuracy: 0.3879310344827586
Number of nodes: 21
Student reward: 0.0
Iteration 16/80
Training student with 14918 points
Train accuracy: 0.38109602815485166
Test accuracy: 0.3773458445040214
Number of nodes: 21
Student reward: 0.0
Iteration 17/80
Training student with 15918 points
Train accuracy: 0.38000628239359197
Test accuracy: 0.3746859296482412
Number of nodes: 19
Student reward: 0.0
Iteration 18/80
Training student with 16918 points
Train accuracy: 0.3810403428402542
Test accuracy: 0.36199763593380613
Number of nodes: 19
Student reward: 0.0
Iteration 19/80
Training student with 17918 points
Train accuracy: 0.3734477466164364
Test accuracy: 0.3842075892857143
Number of nodes: 21
Student reward: 0.0
Iteration 20/80
Training student with 18918 points
Train accuracy: 0.37723007797013347
Test accuracy: 0.37922832980972515
Number of nodes: 21
Student reward: 0.0
Iteration 21/80
Training student with 19918 points
Train accuracy: 0.37536086356219406
Test accuracy: 0.37876506024096385
Number of nodes: 21
Student reward: 0.0
Iteration 22/80
Training student with 20918 points
Train accuracy: 0.3735508545476276
Test accuracy: 0.37978011472275336
Number of nodes: 19
Student reward: 0.0
Iteration 23/80
Training student with 21918 points
Train accuracy: 0.3768107676514201
Test accuracy: 0.3699817518248175
Number of nodes: 21
Student reward: 0.0
Iteration 24/80
Training student with 22918 points
Train accuracy: 0.37509545107450637
Test accuracy: 0.3784904013961606
Number of nodes: 19
Student reward: 0.0
Iteration 25/80
Training student with 23918 points
Train accuracy: 0.37550956412668546
Test accuracy: 0.38001672240802675
Number of nodes: 17
Student reward: 0.0
Iteration 26/80
Training student with 24918 points
Train accuracy: 0.3754389485301495
Test accuracy: 0.3802166934189406
Number of nodes: 21
Student reward: 0.0
Iteration 27/80
Training student with 25918 points
Train accuracy: 0.37802643001832736
Test accuracy: 0.3809799382716049
Number of nodes: 19
Student reward: 0.0
Iteration 28/80
Training student with 26918 points
Train accuracy: 0.38005015324602953
Test accuracy: 0.38688707280832096
Number of nodes: 21
Student reward: 0.0
Iteration 29/80
Training student with 27918 points
Train accuracy: 0.37955583415420435
Test accuracy: 0.3844914040114613
Number of nodes: 17
Student reward: 0.0
Iteration 30/80
Training student with 28918 points
Train accuracy: 0.3784473069940347
Test accuracy: 0.38900414937759337
Number of nodes: 17
Student reward: 0.0
Iteration 31/80
Training student with 29918 points
Train accuracy: 0.37812317205648865
Test accuracy: 0.39254679144385024
Number of nodes: 19
Student reward: 0.0
Iteration 32/80
Training student with 30918 points
Train accuracy: 0.37870946874747313
Test accuracy: 0.3868046571798189
Number of nodes: 21
Student reward: 0.0
Iteration 33/80
Training student with 31918 points
Train accuracy: 0.38047309469726637
Test accuracy: 0.3781328320802005
Number of nodes: 19
Student reward: 0.0
Iteration 34/80
Training student with 32918 points
Train accuracy: 0.3771550087339561
Test accuracy: 0.38775820170109354
Number of nodes: 21
Student reward: 0.0
Iteration 35/80
Training student with 33918 points
Train accuracy: 0.3807031768261222
Test accuracy: 0.3800117924528302
Number of nodes: 21
Student reward: 0.0
Iteration 36/80
Training student with 34918 points
Train accuracy: 0.38082623326412257
Test accuracy: 0.3785796105383734
Number of nodes: 19
Student reward: 0.0
Iteration 37/80
Training student with 35918 points
Train accuracy: 0.37753184380872834
Test accuracy: 0.3846046770601336
Number of nodes: 19
Student reward: 0.0
Iteration 38/80
Training student with 36918 points
Train accuracy: 0.37807272973522044
Test accuracy: 0.37513542795232935
Number of nodes: 17
Student reward: 0.0
Iteration 39/80
Training student with 37918 points
Train accuracy: 0.37631041076020305
Test accuracy: 0.3806698312236287
Number of nodes: 21
Student reward: 0.0
Iteration 40/80
Training student with 38918 points
Train accuracy: 0.37579495085758335
Test accuracy: 0.37872559095580677
Number of nodes: 17
Student reward: 0.0
Iteration 41/80
Training student with 39918 points
Train accuracy: 0.376244754806789
Test accuracy: 0.3811372745490982
Number of nodes: 19
Student reward: 0.0
Iteration 42/80
Training student with 40918 points
Train accuracy: 0.37838333231502413
Test accuracy: 0.3775659824046921
Number of nodes: 21
Student reward: 0.0
Iteration 43/80
Training student with 41918 points
Train accuracy: 0.37636428699230634
Test accuracy: 0.38633110687022904
Number of nodes: 21
Student reward: 0.0
Iteration 44/80
Training student with 42918 points
Train accuracy: 0.3770315139511854
Test accuracy: 0.3847856477166822
Number of nodes: 21
Student reward: 0.0
Iteration 45/80
Training student with 43918 points
Train accuracy: 0.3775829680651221
Test accuracy: 0.3836520947176685
Number of nodes: 19
Student reward: 0.0
Iteration 46/80
Training student with 44918 points
Train accuracy: 0.37936216396727335
Test accuracy: 0.3780053428317008
Number of nodes: 21
Student reward: 0.0
Iteration 47/80
Training student with 45918 points
Train accuracy: 0.3789132683617357
Test accuracy: 0.3752177700348432
Number of nodes: 21
Student reward: 0.0
Iteration 48/80
Training student with 46918 points
Train accuracy: 0.37837693824266
Test accuracy: 0.3735080988917306
Number of nodes: 21
Student reward: 0.0
Iteration 49/80
Training student with 47918 points
Train accuracy: 0.3775760421557886
Test accuracy: 0.37458263772954925
Number of nodes: 21
Student reward: 0.0
Iteration 50/80
Training student with 48918 points
Train accuracy: 0.3748913987836664
Test accuracy: 0.3828699918233851
Number of nodes: 21
Student reward: 0.0
Iteration 51/80
Training student with 49918 points
Train accuracy: 0.3751189462613312
Test accuracy: 0.383213141025641
Number of nodes: 21
Student reward: 0.0
Iteration 52/80
Training student with 50918 points
Train accuracy: 0.3770069229636176
Test accuracy: 0.37185781618224667
Number of nodes: 21
Student reward: 0.0
Iteration 53/80
Training student with 51918 points
Train accuracy: 0.377810950065007
Test accuracy: 0.3709553158705701
Number of nodes: 21
Student reward: 0.0
Iteration 54/80
Training student with 52918 points
Train accuracy: 0.3761043133179005
Test accuracy: 0.37660619803476947
Number of nodes: 21
Student reward: 0.0
Iteration 55/80
Training student with 53918 points
Train accuracy: 0.3758519961051607
Test accuracy: 0.37778189910979226
Number of nodes: 21
Student reward: 0.0
Iteration 56/80
Training student with 54918 points
Train accuracy: 0.37492602540173897
Test accuracy: 0.3791879096868172
Number of nodes: 21
Student reward: 0.0
Iteration 57/80
Training student with 55918 points
Train accuracy: 0.3747708677963071
Test accuracy: 0.37777181688125894
Number of nodes: 19
Student reward: 0.0
Iteration 58/80
Training student with 56918 points
Train accuracy: 0.3749945095972241
Test accuracy: 0.3737702037947997
Number of nodes: 19
Student reward: 0.0
Iteration 59/80
Training student with 57918 points
Train accuracy: 0.3761816376742781
Test accuracy: 0.37059737569060774
Number of nodes: 21
Student reward: 0.0
Iteration 60/80
Training student with 58918 points
Train accuracy: 0.3744430771841982
Test accuracy: 0.3790733197556008
Number of nodes: 19
Student reward: 0.0
Iteration 61/80
Training student with 59918 points
Train accuracy: 0.37509909458839236
Test accuracy: 0.3771695594125501
Number of nodes: 21
Student reward: 0.0
Iteration 62/80
Training student with 60918 points
Train accuracy: 0.3760208478680182
Test accuracy: 0.37565659881812213
Number of nodes: 21
Student reward: 0.0
Iteration 63/80
Training student with 61918 points
Train accuracy: 0.3758226672588525
Test accuracy: 0.3782299741602067
Number of nodes: 19
Student reward: 0.0
Iteration 64/80
Training student with 62918 points
Train accuracy: 0.37602813207772084
Test accuracy: 0.37817863954227593
Number of nodes: 21
Student reward: 0.0
Iteration 65/80
Training student with 63918 points
Train accuracy: 0.3744084171001682
Test accuracy: 0.38266583229036294
Number of nodes: 21
Student reward: 0.0
Iteration 66/80
Training student with 64918 points
Train accuracy: 0.37545731120268033
Test accuracy: 0.38177757239679605
Number of nodes: 21
Student reward: 0.0
Iteration 67/80
Training student with 65918 points
Train accuracy: 0.37732772025638106
Test accuracy: 0.3771996359223301
Number of nodes: 21
Student reward: 0.0
Iteration 68/80
Training student with 66918 points
Train accuracy: 0.3757985579258042
Test accuracy: 0.37910938433950986
Number of nodes: 19
Student reward: 0.0
Iteration 69/80
Training student with 67918 points
Train accuracy: 0.3765782014944602
Test accuracy: 0.3762514723203769
Number of nodes: 19
Student reward: 0.0
Iteration 70/80
Training student with 68918 points
Train accuracy: 0.3758660717524577
Test accuracy: 0.378554846198491
Number of nodes: 21
Student reward: 0.0
Iteration 71/80
Training student with 69918 points
Train accuracy: 0.3736725426395395
Test accuracy: 0.38215102974828374
Number of nodes: 17
Student reward: 0.0
Iteration 72/80
Training student with 70918 points
Train accuracy: 0.37510135016039764
Test accuracy: 0.37810208685843205
Number of nodes: 19
Student reward: 0.0
Iteration 73/80
Training student with 71918 points
Train accuracy: 0.3751694650119929
Test accuracy: 0.3756952169076752
Number of nodes: 21
Student reward: 0.0
Iteration 74/80
Training student with 72918 points
Train accuracy: 0.3748757157061062
Test accuracy: 0.3752057048820625
Number of nodes: 19
Student reward: 0.0
Iteration 75/80
Training student with 73918 points
Train accuracy: 0.375503094666351
Test accuracy: 0.3741883116883117
Number of nodes: 21
Student reward: 0.0
Iteration 76/80
Training student with 74918 points
Train accuracy: 0.37561317449194115
Test accuracy: 0.3760010678056594
Number of nodes: 21
Student reward: 0.0
Iteration 77/80
Training student with 75918 points
Train accuracy: 0.3770705041657062
Test accuracy: 0.37091675447839834
Number of nodes: 19
Student reward: 0.0
Iteration 78/80
Training student with 76918 points
Train accuracy: 0.3763772873533331
Test accuracy: 0.375260010400416
Number of nodes: 19
Student reward: 0.0
Iteration 79/80
Training student with 77918 points
Train accuracy: 0.3775146789873905
Test accuracy: 0.3714707392197125
Number of nodes: 19
Student reward: 0.0
Initial policy count: 80
Current policy count: 40
Reward update: 0.0 -> 0.0
Reward update: 0.0 -> 0.0
Reward update: 0.0 -> 0.0
Reward update: 0.0 -> 0.0
Reward update: 0.0 -> 0.0
Reward update: 0.0 -> 0.0
Reward update: 0.0 -> 0.0
Reward update: 0.0 -> 0.0
Reward update: 0.0 -> 0.0
Reward update: 0.0 -> 0.0
Reward update: 0.0 -> 0.0
Reward update: 0.0 -> 0.0
Reward update: 0.0 -> 0.0
Reward update: 0.0 -> 0.0
Reward update: 0.0 -> 0.0
Reward update: 0.0 -> 0.0
Reward update: 0.0 -> 0.0
Reward update: 0.0 -> 0.0
Reward update: 0.0 -> 0.0
Reward update: 0.0 -> 0.0
Reward update: 0.0 -> 0.0
Reward update: 0.0 -> 0.0
Reward update: 0.0 -> 0.0
Reward update: 0.0 -> 0.0
Reward update: 0.0 -> 0.0
Reward update: 0.0 -> 0.0
Reward update: 0.0 -> 0.0
Reward update: 0.0 -> 0.0
Reward update: 0.0 -> 0.0
Reward update: 0.0 -> 0.0
Reward update: 0.0 -> 0.0
Reward update: 0.0 -> 0.0
Reward update: 0.0 -> 0.0
Reward update: 0.0 -> 0.0
Reward update: 0.0 -> 0.0
Reward update: 0.0 -> 0.0
Reward update: 0.0 -> 0.0
Reward update: 0.0 -> 0.0
Reward update: 0.0 -> 0.0
Reward update: 0.0 -> 0.0
Current policy count: 20
Reward update: 0.0 -> 0.0
Reward update: 0.0 -> 0.0
Reward update: 0.0 -> 0.0
Reward update: 0.0 -> 0.0
Reward update: 0.0 -> 0.0
Reward update: 0.0 -> 0.0
Reward update: 0.0 -> 0.0
Reward update: 0.0 -> 0.0
Reward update: 0.0 -> 0.0
Reward update: 0.0 -> 0.0
Reward update: 0.0 -> 0.0
Reward update: 0.0 -> 0.0
Reward update: 0.0 -> 0.0
Reward update: 0.0 -> 0.0
Reward update: 0.0 -> 0.0
Reward update: 0.0 -> 0.0
Reward update: 0.0 -> 0.0
Reward update: 0.0 -> 0.0
Reward update: 0.0 -> 0.0
Reward update: 0.0 -> 0.0
Current policy count: 10
Reward update: 0.0 -> 0.0
Reward update: 0.0 -> 0.0
Reward update: 0.0 -> 0.0
Reward update: 0.0 -> 0.0
Reward update: 0.0 -> 0.0
Reward update: 0.0 -> 0.0
Reward update: 0.0 -> 0.0
Reward update: 0.0 -> 0.0
Reward update: 0.0 -> 0.0
Reward update: 0.0 -> 0.0
Current policy count: 5
Reward update: 0.0 -> 0.0
Reward update: 0.0 -> 0.0
Reward update: 0.0 -> 0.0
Reward update: 0.0 -> 0.0
Reward update: 0.0 -> 0.0
Current policy count: 3
Reward update: 0.0 -> 0.0
Reward update: 0.0 -> 0.0
Reward update: 0.0 -> 0.0
Current policy count: 2
Reward update: 0.0 -> 0.0
Reward update: 0.0 -> 0.0
Current policy count: 1
Reward update: 0.0 -> 0.0
Final reward: 0.0
Number of nodes: 17
