Iteration 0/80
Training student with 334 points
Train accuracy: 0.6292134831460674
Test accuracy: 0.5671641791044776
Number of nodes: 17
Student reward: 0.16363636363636364
Iteration 1/80
Training student with 1334 points
Train accuracy: 0.4751640112464855
Test accuracy: 0.5093632958801498
Number of nodes: 17
Student reward: 0.21818181818181817
Iteration 2/80
Training student with 2243 points
Train accuracy: 0.3957636566332218
Test accuracy: 0.42538975501113585
Number of nodes: 17
Student reward: 0.16363636363636364
Iteration 3/80
Training student with 3243 points
Train accuracy: 0.3781804163454125
Test accuracy: 0.3543913713405239
Number of nodes: 17
Student reward: 0.3
Iteration 4/80
Training student with 4061 points
Train accuracy: 0.3552955665024631
Test accuracy: 0.35670356703567035
Number of nodes: 17
Student reward: 0.38181818181818183
Iteration 5/80
Training student with 4879 points
Train accuracy: 0.36382270048680504
Test accuracy: 0.34938524590163933
Number of nodes: 17
Student reward: 0.24545454545454543
Iteration 6/80
Training student with 5788 points
Train accuracy: 0.37451403887688983
Test accuracy: 0.3860103626943005
Number of nodes: 17
Student reward: 0.2818181818181818
Iteration 7/80
Training student with 6697 points
Train accuracy: 0.35672951278700765
Test accuracy: 0.38731343283582087
Number of nodes: 17
Student reward: 0.23636363636363633
Iteration 8/80
Training student with 7606 points
Train accuracy: 0.3512491781722551
Test accuracy: 0.3528252299605782
Number of nodes: 17
Student reward: 0.23636363636363633
Iteration 9/80
Training student with 8515 points
Train accuracy: 0.3508514386376982
Test accuracy: 0.362889019377569
Number of nodes: 17
Student reward: 0.16363636363636366
Iteration 10/80
Training student with 9515 points
Train accuracy: 0.3401208617971624
Test accuracy: 0.3394640042038886
Number of nodes: 17
Student reward: 0.18181818181818182
Iteration 11/80
Training student with 10424 points
Train accuracy: 0.33061518167646003
Test accuracy: 0.3304556354916067
Number of nodes: 17
Student reward: 0.2909090909090909
Iteration 12/80
Training student with 11333 points
Train accuracy: 0.3510919920582396
Test accuracy: 0.3356859285399206
Number of nodes: 17
Student reward: 0.3
Iteration 13/80
Training student with 12151 points
Train accuracy: 0.38261316872427986
Test accuracy: 0.3776223776223776
Number of nodes: 17
Student reward: 0.26363636363636367
Iteration 14/80
Training student with 13151 points
Train accuracy: 0.3714828897338403
Test accuracy: 0.36069935385784874
Number of nodes: 17
Student reward: 0.1636363636363636
Iteration 15/80
Training student with 14151 points
Train accuracy: 0.3551236749116608
Test accuracy: 0.34969975273754855
Number of nodes: 17
Student reward: 0.35454545454545455
Iteration 16/80
Training student with 15060 points
Train accuracy: 0.3440405046480744
Test accuracy: 0.3612217795484728
Number of nodes: 17
Student reward: 0.22727272727272724
Iteration 17/80
Training student with 16060 points
Train accuracy: 0.3386519302615193
Test accuracy: 0.33623910336239105
Number of nodes: 17
Student reward: 0.44545454545454544
Iteration 18/80
Training student with 16878 points
Train accuracy: 0.342764034957784
Test accuracy: 0.35456161137440756
Number of nodes: 17
Student reward: 0.2818181818181818
Iteration 19/80
Training student with 17787 points
Train accuracy: 0.34345351043643263
Test accuracy: 0.33839235525576167
Number of nodes: 17
Student reward: 0.23636363636363633
Iteration 20/80
Training student with 18787 points
Train accuracy: 0.3420054561181715
Test accuracy: 0.32863225119744544
Number of nodes: 17
Student reward: 0.2636363636363636
Iteration 21/80
Training student with 19787 points
Train accuracy: 0.34083012192810663
Test accuracy: 0.33653360282971195
Number of nodes: 17
Student reward: 0.23636363636363633
Iteration 22/80
Training student with 20696 points
Train accuracy: 0.3443464604977048
Test accuracy: 0.3531400966183575
Number of nodes: 17
Student reward: 0.17272727272727273
Iteration 23/80
Training student with 21696 points
Train accuracy: 0.34495275409080434
Test accuracy: 0.34101382488479265
Number of nodes: 17
Student reward: 0.24545454545454543
Iteration 24/80
Training student with 22696 points
Train accuracy: 0.34495483586693104
Test accuracy: 0.34515418502202644
Number of nodes: 17
Student reward: 0.3454545454545454
Iteration 25/80
Training student with 23514 points
Train accuracy: 0.34384136941151455
Test accuracy: 0.34531150329576865
Number of nodes: 17
Student reward: 0.20909090909090908
Iteration 26/80
Training student with 24514 points
Train accuracy: 0.3411860690428841
Test accuracy: 0.33000203956761165
Number of nodes: 17
Student reward: 0.2909090909090909
Iteration 27/80
Training student with 25514 points
Train accuracy: 0.3435402479055411
Test accuracy: 0.33627278071722516
Number of nodes: 17
Student reward: 0.29999999999999993
Iteration 28/80
Training student with 26423 points
Train accuracy: 0.3404768663071246
Test accuracy: 0.3479659413434248
Number of nodes: 17
Student reward: 0.2818181818181818
Iteration 29/80
Training student with 27423 points
Train accuracy: 0.34365028717294194
Test accuracy: 0.35095715587967186
Number of nodes: 17
Student reward: 0.1909090909090909
Iteration 30/80
Training student with 28423 points
Train accuracy: 0.3464684668836309
Test accuracy: 0.33579595426561126
Number of nodes: 17
Student reward: 0.3181818181818182
Iteration 31/80
Training student with 29332 points
Train accuracy: 0.34660132111655656
Test accuracy: 0.34106016703596387
Number of nodes: 17
Student reward: 0.15454545454545454
Iteration 32/80
Training student with 30332 points
Train accuracy: 0.3495981866886462
Test accuracy: 0.3393769573100379
Number of nodes: 17
Student reward: 0.41818181818181815
Iteration 33/80
Training student with 31241 points
Train accuracy: 0.3527128681177977
Test accuracy: 0.3518963034085454
Number of nodes: 17
Student reward: 0.18181818181818182
Iteration 34/80
Training student with 32241 points
Train accuracy: 0.3530164392059553
Test accuracy: 0.3505969917816716
Number of nodes: 17
Student reward: 0.2
Iteration 35/80
Training student with 33241 points
Train accuracy: 0.35010529482551145
Test accuracy: 0.35644457813204994
Number of nodes: 17
Student reward: 0.3363636363636363
Iteration 36/80
Training student with 34150 points
Train accuracy: 0.3510614934114202
Test accuracy: 0.35241581259150806
Number of nodes: 17
Student reward: 0.23636363636363633
Iteration 37/80
Training student with 35059 points
Train accuracy: 0.3514101329910507
Test accuracy: 0.35039931545921277
Number of nodes: 17
Student reward: 0.22727272727272724
Iteration 38/80
Training student with 35968 points
Train accuracy: 0.3501077361506916
Test accuracy: 0.3493188768418126
Number of nodes: 17
Student reward: 0.2727272727272727
Iteration 39/80
Training student with 36877 points
Train accuracy: 0.34992034168333275
Test accuracy: 0.34720715835141
Number of nodes: 17
Student reward: 0.3181818181818182
Iteration 40/80
Training student with 37695 points
Train accuracy: 0.3459344740681788
Test accuracy: 0.3468629791749569
Number of nodes: 17
Student reward: 0.1818181818181818
Iteration 41/80
Training student with 38695 points
Train accuracy: 0.3475255200930353
Test accuracy: 0.344747383382866
Number of nodes: 17
Student reward: 0.309090909090909
Iteration 42/80
Training student with 39695 points
Train accuracy: 0.3502960070537851
Test accuracy: 0.3407230129739262
Number of nodes: 17
Student reward: 0.4545454545454545
Iteration 43/80
Training student with 40422 points
Train accuracy: 0.3472183566812011
Test accuracy: 0.3484230055658627
Number of nodes: 15
Student reward: 0.13636363636363638
Iteration 44/80
Training student with 41422 points
Train accuracy: 0.34532395811328725
Test accuracy: 0.34701267350633674
Number of nodes: 17
Student reward: 0.20909090909090908
Iteration 45/80
Training student with 42331 points
Train accuracy: 0.3454996456413891
Test accuracy: 0.3464036848942955
Number of nodes: 17
Student reward: 0.3181818181818182
Iteration 46/80
Training student with 43240 points
Train accuracy: 0.346640841813136
Test accuracy: 0.35048566142460685
Number of nodes: 17
Student reward: 0.2
Iteration 47/80
Training student with 44240 points
Train accuracy: 0.346123417721519
Test accuracy: 0.35510849909584086
Number of nodes: 17
Student reward: 0.2636363636363636
Iteration 48/80
Training student with 45149 points
Train accuracy: 0.3488191810404496
Test accuracy: 0.3477297895902547
Number of nodes: 17
Student reward: 0.32727272727272727
Iteration 49/80
Training student with 46058 points
Train accuracy: 0.3508386256310047
Test accuracy: 0.34661311333043854
Number of nodes: 17
Student reward: 0.14545454545454545
Iteration 50/80
Training student with 47058 points
Train accuracy: 0.35010359666365615
Test accuracy: 0.34891627709307266
Number of nodes: 17
Student reward: 0.3363636363636363
Iteration 51/80
Training student with 47967 points
Train accuracy: 0.3468324082036849
Test accuracy: 0.34657077340004167
Number of nodes: 17
Student reward: 0.20909090909090908
Iteration 52/80
Training student with 48876 points
Train accuracy: 0.3470843989769821
Test accuracy: 0.3475859247135843
Number of nodes: 17
Student reward: 0.2545454545454545
Iteration 53/80
Training student with 49785 points
Train accuracy: 0.34782062870342473
Test accuracy: 0.3386562217535402
Number of nodes: 17
Student reward: 0.2545454545454545
Iteration 54/80
Training student with 50785 points
Train accuracy: 0.34380230382987104
Test accuracy: 0.3508910111253323
Number of nodes: 17
Student reward: 0.3818181818181817
Iteration 55/80
Training student with 51603 points
Train accuracy: 0.3464221694685335
Test accuracy: 0.34153667280302297
Number of nodes: 17
Student reward: 0.39090909090909093
Iteration 56/80
Training student with 52512 points
Train accuracy: 0.343616844009617
Test accuracy: 0.34218794630105687
Number of nodes: 17
Student reward: 0.21818181818181817
Iteration 57/80
Training student with 53512 points
Train accuracy: 0.34114321754771193
Test accuracy: 0.3433616742969261
Number of nodes: 17
Student reward: 0.4363636363636364
Iteration 58/80
Training student with 54330 points
Train accuracy: 0.34152401987852016
Test accuracy: 0.3412479293208172
Number of nodes: 17
Student reward: 0.2636363636363636
Iteration 59/80
Training student with 55330 points
Train accuracy: 0.3411124164106272
Test accuracy: 0.33815290077715526
Number of nodes: 17
Student reward: 0.15454545454545454
Iteration 60/80
Training student with 56330 points
Train accuracy: 0.3416474347594532
Test accuracy: 0.3367654890821942
Number of nodes: 15
Student reward: 0.24545454545454545
Iteration 61/80
Training student with 57239 points
Train accuracy: 0.33869100915026973
Test accuracy: 0.3453004891684137
Number of nodes: 17
Student reward: 0.29999999999999993
Iteration 62/80
Training student with 58148 points
Train accuracy: 0.33915903521217594
Test accuracy: 0.3467755803955288
Number of nodes: 17
Student reward: 0.3363636363636363
Iteration 63/80
Training student with 59057 points
Train accuracy: 0.3419409461318658
Test accuracy: 0.34067050457162207
Number of nodes: 17
Student reward: 0.20909090909090908
Iteration 64/80
Training student with 60057 points
Train accuracy: 0.3413882818191279
Test accuracy: 0.33882783882783885
Number of nodes: 17
Student reward: 0.24545454545454543
Iteration 65/80
Training student with 60966 points
Train accuracy: 0.34029771180185353
Test accuracy: 0.3396752501230113
Number of nodes: 17
Student reward: 0.19090909090909092
Iteration 66/80
Training student with 61966 points
Train accuracy: 0.3385782296457678
Test accuracy: 0.3401645957721478
Number of nodes: 17
Student reward: 0.28181818181818175
Iteration 67/80
Training student with 62875 points
Train accuracy: 0.3378330019880716
Test accuracy: 0.34536779324055666
Number of nodes: 17
Student reward: 0.24545454545454545
Iteration 68/80
Training student with 63875 points
Train accuracy: 0.3378082191780822
Test accuracy: 0.34090019569471625
Number of nodes: 17
Student reward: 0.3636363636363636
Iteration 69/80
Training student with 64693 points
Train accuracy: 0.33626386366271205
Test accuracy: 0.33843419120488444
Number of nodes: 17
Student reward: 0.3
Iteration 70/80
Training student with 65602 points
Train accuracy: 0.3366742249576037
Test accuracy: 0.3371694230622666
Number of nodes: 17
Student reward: 0.3636363636363636
Iteration 71/80
Training student with 66511 points
Train accuracy: 0.3371109607577808
Test accuracy: 0.32346087348718333
Number of nodes: 17
Student reward: 0.2636363636363636
Iteration 72/80
Training student with 67420 points
Train accuracy: 0.33430361910412343
Test accuracy: 0.34084841293384754
Number of nodes: 17
Student reward: 0.10909090909090909
Iteration 73/80
Training student with 68420 points
Train accuracy: 0.3360311312481731
Test accuracy: 0.3346974568839521
Number of nodes: 17
Student reward: 0.23636363636363633
Iteration 74/80
Training student with 69420 points
Train accuracy: 0.33565615096513973
Test accuracy: 0.34024776721405936
Number of nodes: 17
Student reward: 0.1727272727272727
Iteration 75/80
Training student with 70420 points
Train accuracy: 0.33656986651519455
Test accuracy: 0.33953422323203636
Number of nodes: 17
Student reward: 0.2727272727272727
Iteration 76/80
Training student with 71420 points
Train accuracy: 0.3372129655558667
Test accuracy: 0.33821058527023246
Number of nodes: 17
Student reward: 0.19999999999999998
Iteration 77/80
Training student with 72420 points
Train accuracy: 0.3386495443247722
Test accuracy: 0.3353355426677713
Number of nodes: 17
Student reward: 0.2545454545454545
Iteration 78/80
Training student with 73329 points
Train accuracy: 0.33760632766820653
Test accuracy: 0.33724260193645167
Number of nodes: 17
Student reward: 0.41818181818181815
Iteration 79/80
Training student with 74238 points
Train accuracy: 0.3394510860414211
Test accuracy: 0.33600484913793105
Number of nodes: 17
Student reward: 0.36363636363636365
Initial policy count: 80
Current policy count: 40
Reward update: 0.4545454545454545 -> 0.25636363636363635
Reward update: 0.44545454545454544 -> 0.2345454545454546
Reward update: 0.4363636363636364 -> 0.2636363636363636
Reward update: 0.41818181818181815 -> 0.1909090909090909
Reward update: 0.41818181818181815 -> 0.2509090909090909
Reward update: 0.39090909090909093 -> 0.30181818181818193
Reward update: 0.38181818181818183 -> 0.24545454545454556
Reward update: 0.3818181818181817 -> 0.3
Reward update: 0.36363636363636365 -> 0.2745454545454546
Reward update: 0.3636363636363636 -> 0.3109090909090909
Reward update: 0.3636363636363636 -> 0.28363636363636363
Reward update: 0.35454545454545455 -> 0.270909090909091
Reward update: 0.3454545454545454 -> 0.35272727272727267
Reward update: 0.3363636363636363 -> 0.24181818181818182
Reward update: 0.3363636363636363 -> 0.26363636363636367
Reward update: 0.3363636363636363 -> 0.270909090909091
Reward update: 0.32727272727272727 -> 0.28545454545454546
Reward update: 0.3181818181818182 -> 0.26
Reward update: 0.3181818181818182 -> 0.2472727272727273
Reward update: 0.3181818181818182 -> 0.3218181818181818
Reward update: 0.309090909090909 -> 0.2309090909090909
Reward update: 0.3 -> 0.26545454545454544
Reward update: 0.3 -> 0.2890909090909091
Reward update: 0.3 -> 0.28363636363636374
Reward update: 0.29999999999999993 -> 0.18909090909090906
Reward update: 0.29999999999999993 -> 0.28
Reward update: 0.2909090909090909 -> 0.3109090909090909
Reward update: 0.2909090909090909 -> 0.26
Reward update: 0.2818181818181818 -> 0.27636363636363637
Reward update: 0.2818181818181818 -> 0.31272727272727285
Reward update: 0.2818181818181818 -> 0.20909090909090908
Reward update: 0.28181818181818175 -> 0.21818181818181823
Reward update: 0.2727272727272727 -> 0.26909090909090905
Reward update: 0.2727272727272727 -> 0.29454545454545455
Reward update: 0.26363636363636367 -> 0.29454545454545455
Reward update: 0.2636363636363636 -> 0.25818181818181823
Reward update: 0.2636363636363636 -> 0.21818181818181823
Reward update: 0.2636363636363636 -> 0.310909090909091
Reward update: 0.2636363636363636 -> 0.2927272727272728
Reward update: 0.2545454545454545 -> 0.23999999999999996
Current policy count: 20
Reward update: 0.35272727272727267 -> 0.24363636363636368
Reward update: 0.3218181818181818 -> 0.2654545454545455
Reward update: 0.31272727272727285 -> 0.4054545454545454
Reward update: 0.310909090909091 -> 0.29090909090909095
Reward update: 0.3109090909090909 -> 0.2654545454545455
Reward update: 0.3109090909090909 -> 0.2836363636363637
Reward update: 0.30181818181818193 -> 0.29454545454545455
Reward update: 0.3 -> 0.2236363636363636
Reward update: 0.29454545454545455 -> 0.26909090909090916
Reward update: 0.29454545454545455 -> 0.22909090909090912
Reward update: 0.2927272727272728 -> 0.21454545454545465
Reward update: 0.2890909090909091 -> 0.24000000000000007
Reward update: 0.28545454545454546 -> 0.2509090909090909
Reward update: 0.28363636363636374 -> 0.27454545454545454
Reward update: 0.28363636363636363 -> 0.25454545454545463
Reward update: 0.28 -> 0.20545454545454545
Reward update: 0.27636363636363637 -> 0.21636363636363648
Reward update: 0.2745454545454546 -> 0.29090909090909095
Reward update: 0.270909090909091 -> 0.2781818181818182
Reward update: 0.270909090909091 -> 0.30727272727272725
Current policy count: 10
Reward update: 0.4054545454545454 -> 0.3272727272727273
Reward update: 0.30727272727272725 -> 0.21272727272727274
Reward update: 0.29454545454545455 -> 0.30363636363636365
Reward update: 0.29090909090909095 -> 0.24909090909090917
Reward update: 0.29090909090909095 -> 0.2872727272727273
Reward update: 0.2836363636363637 -> 0.20363636363636356
Reward update: 0.2781818181818182 -> 0.2836363636363638
Reward update: 0.27454545454545454 -> 0.21090909090909082
Reward update: 0.26909090909090916 -> 0.35818181818181805
Reward update: 0.2654545454545455 -> 0.2836363636363637
Current policy count: 5
Reward update: 0.35818181818181805 -> 0.21454545454545454
Reward update: 0.3272727272727273 -> 0.2745454545454546
Reward update: 0.30363636363636365 -> 0.28727272727272735
Reward update: 0.2872727272727273 -> 0.25636363636363646
Reward update: 0.2836363636363638 -> 0.25636363636363635
Current policy count: 3
Reward update: 0.28727272727272735 -> 0.17818181818181816
Reward update: 0.2745454545454546 -> 0.2054545454545455
Reward update: 0.25636363636363646 -> 0.25272727272727274
Current policy count: 2
Reward update: 0.25272727272727274 -> 0.29272727272727284
Reward update: 0.2054545454545455 -> 0.24909090909090914
Current policy count: 1
Reward update: 0.29272727272727284 -> 0.2618181818181819
Final reward: 0.3090909090909091
Number of nodes: 17
