Iteration 0/80
Training student with 642 points
Train accuracy: 0.5477582846003899
Test accuracy: 0.4573643410852713
Number of nodes: 5
Student reward: 2.3
Iteration 1/80
Training student with 1180 points
Train accuracy: 0.5752118644067796
Test accuracy: 0.4872881355932203
Number of nodes: 5
Student reward: 2.5
Iteration 2/80
Training student with 1686 points
Train accuracy: 0.5096439169139466
Test accuracy: 0.46449704142011833
Number of nodes: 5
Student reward: 0.9
Iteration 3/80
Training student with 2113 points
Train accuracy: 0.5313609467455621
Test accuracy: 0.5106382978723404
Number of nodes: 5
Student reward: 2.0
Iteration 4/80
Training student with 2606 points
Train accuracy: 0.4961612284069098
Test accuracy: 0.48084291187739464
Number of nodes: 5
Student reward: 2.0
Iteration 5/80
Training student with 3125 points
Train accuracy: 0.4688
Test accuracy: 0.4752
Number of nodes: 5
Student reward: 3.0
Iteration 6/80
Training student with 3693 points
Train accuracy: 0.5098171970209885
Test accuracy: 0.4925575101488498
Number of nodes: 5
Student reward: 2.3
Iteration 7/80
Training student with 4163 points
Train accuracy: 0.4924924924924925
Test accuracy: 0.5018007202881153
Number of nodes: 5
Student reward: 3.3
Iteration 8/80
Training student with 4783 points
Train accuracy: 0.47987454260324097
Test accuracy: 0.49738766980146293
Number of nodes: 5
Student reward: 2.4
Iteration 9/80
Training student with 5246 points
Train accuracy: 0.4778360343183985
Test accuracy: 0.45714285714285713
Number of nodes: 5
Student reward: 2.3
Iteration 10/80
Training student with 5757 points
Train accuracy: 0.46427795874049943
Test accuracy: 0.4565972222222222
Number of nodes: 5
Student reward: 2.2
Iteration 11/80
Training student with 6252 points
Train accuracy: 0.45650869826034796
Test accuracy: 0.442845723421263
Number of nodes: 5
Student reward: 2.3
Iteration 12/80
Training student with 6754 points
Train accuracy: 0.45733851563945954
Test accuracy: 0.45225758697261287
Number of nodes: 5
Student reward: 3.6
Iteration 13/80
Training student with 7366 points
Train accuracy: 0.46741344195519346
Test accuracy: 0.4525101763907734
Number of nodes: 5
Student reward: 0.6
Iteration 14/80
Training student with 7752 points
Train accuracy: 0.47395581357845507
Test accuracy: 0.4616376531270148
Number of nodes: 5
Student reward: 2.5
Iteration 15/80
Training student with 8273 points
Train accuracy: 0.46071320640676944
Test accuracy: 0.4809667673716012
Number of nodes: 5
Student reward: 2.3
Iteration 16/80
Training student with 8783 points
Train accuracy: 0.45744378024480503
Test accuracy: 0.46613545816733065
Number of nodes: 5
Student reward: 2.5
Iteration 17/80
Training student with 9297 points
Train accuracy: 0.4582492940701896
Test accuracy: 0.4553763440860215
Number of nodes: 5
Student reward: 3.1
Iteration 18/80
Training student with 9892 points
Train accuracy: 0.4768103121445722
Test accuracy: 0.4406265790803436
Number of nodes: 5
Student reward: 3.0
Iteration 19/80
Training student with 10419 points
Train accuracy: 0.4633473305338932
Test accuracy: 0.46833013435700577
Number of nodes: 5
Student reward: 2.1
Iteration 20/80
Training student with 10899 points
Train accuracy: 0.45601559811905035
Test accuracy: 0.46743119266055044
Number of nodes: 5
Student reward: 2.8
Iteration 21/80
Training student with 11429 points
Train accuracy: 0.452586678333151
Test accuracy: 0.4553805774278215
Number of nodes: 5
Student reward: 2.4
Iteration 22/80
Training student with 11963 points
Train accuracy: 0.4568443051201672
Test accuracy: 0.4513163393230255
Number of nodes: 5
Student reward: 3.3
Iteration 23/80
Training student with 12574 points
Train accuracy: 0.4615766974848394
Test accuracy: 0.47077534791252484
Number of nodes: 5
Student reward: 2.3
Iteration 24/80
Training student with 13108 points
Train accuracy: 0.45851611672706466
Test accuracy: 0.4603356216628528
Number of nodes: 5
Student reward: 3.0
Iteration 25/80
Training student with 13647 points
Train accuracy: 0.45241366675826694
Test accuracy: 0.426007326007326
Number of nodes: 5
Student reward: 2.8
Iteration 26/80
Training student with 14177 points
Train accuracy: 0.4673309231990124
Test accuracy: 0.4590973201692525
Number of nodes: 5
Student reward: 2.6
Iteration 27/80
Training student with 14685 points
Train accuracy: 0.4616104868913858
Test accuracy: 0.4606741573033708
Number of nodes: 5
Student reward: 3.4
Iteration 28/80
Training student with 15283 points
Train accuracy: 0.4564861769998364
Test accuracy: 0.4556754988550867
Number of nodes: 5
Student reward: 0.3
Iteration 29/80
Training student with 15663 points
Train accuracy: 0.4584197924980048
Test accuracy: 0.46919885094158953
Number of nodes: 5
Student reward: 1.9
Iteration 30/80
Training student with 16168 points
Train accuracy: 0.4563940003092624
Test accuracy: 0.46382189239332094
Number of nodes: 5
Student reward: 2.0
Iteration 31/80
Training student with 16687 points
Train accuracy: 0.45389167727919694
Test accuracy: 0.4550629119233074
Number of nodes: 5
Student reward: 2.7
Iteration 32/80
Training student with 17202 points
Train accuracy: 0.451856696461013
Test accuracy: 0.4423132810229584
Number of nodes: 5
Student reward: 4.0
Iteration 33/80
Training student with 17896 points
Train accuracy: 0.4569712210114557
Test accuracy: 0.46675977653631284
Number of nodes: 5
Student reward: 2.0
Iteration 34/80
Training student with 18376 points
Train accuracy: 0.45666666666666667
Test accuracy: 0.45266594124047876
Number of nodes: 5
Student reward: 2.5
Iteration 35/80
Training student with 18893 points
Train accuracy: 0.45434696308058753
Test accuracy: 0.449854458851548
Number of nodes: 5
Student reward: 2.5
Iteration 36/80
Training student with 19395 points
Train accuracy: 0.45237174529517915
Test accuracy: 0.4459912348543439
Number of nodes: 5
Student reward: 2.7
Iteration 37/80
Training student with 19925 points
Train accuracy: 0.44799247176913426
Test accuracy: 0.44692597239648685
Number of nodes: 5
Student reward: 4.0
Iteration 38/80
Training student with 20592 points
Train accuracy: 0.45729375341467854
Test accuracy: 0.45277980092255404
Number of nodes: 5
Student reward: 0.8
Iteration 39/80
Training student with 21000 points
Train accuracy: 0.4592857142857143
Test accuracy: 0.45666666666666667
Number of nodes: 5
Student reward: 2.7
Iteration 40/80
Training student with 21511 points
Train accuracy: 0.4570548582054858
Test accuracy: 0.45410178944922147
Number of nodes: 5
Student reward: 2.6
Iteration 41/80
Training student with 22057 points
Train accuracy: 0.45463304052139414
Test accuracy: 0.4476427923844062
Number of nodes: 5
Student reward: 2.6
Iteration 42/80
Training student with 22553 points
Train accuracy: 0.450116395078151
Test accuracy: 0.4548880514298382
Number of nodes: 5
Student reward: 2.9
Iteration 43/80
Training student with 23095 points
Train accuracy: 0.4487984412210435
Test accuracy: 0.44663347044814894
Number of nodes: 5
Student reward: 2.9
Iteration 44/80
Training student with 23631 points
Train accuracy: 0.4497989843419382
Test accuracy: 0.4491220647345039
Number of nodes: 5
Student reward: 2.8
Iteration 45/80
Training student with 24216 points
Train accuracy: 0.45307660540986994
Test accuracy: 0.44549958711808424
Number of nodes: 5
Student reward: 2.7
Iteration 46/80
Training student with 24747 points
Train accuracy: 0.452694852755468
Test accuracy: 0.44161616161616163
Number of nodes: 5
Student reward: 2.1
Iteration 47/80
Training student with 25244 points
Train accuracy: 0.4478336221837088
Test accuracy: 0.4345414933650228
Number of nodes: 5
Student reward: 1.1
Iteration 48/80
Training student with 25706 points
Train accuracy: 0.455115736238086
Test accuracy: 0.45196421625826527
Number of nodes: 5
Student reward: 3.1
Iteration 49/80
Training student with 26235 points
Train accuracy: 0.4521631408423861
Test accuracy: 0.4537831141604727
Number of nodes: 5
Student reward: 2.0
Iteration 50/80
Training student with 26727 points
Train accuracy: 0.45114821570553293
Test accuracy: 0.4511784511784512
Number of nodes: 5
Student reward: 2.8
Iteration 51/80
Training student with 27283 points
Train accuracy: 0.448959956015761
Test accuracy: 0.4502473886750962
Number of nodes: 5
Student reward: 2.1
Iteration 52/80
Training student with 27786 points
Train accuracy: 0.4490282526543099
Test accuracy: 0.4400863620007197
Number of nodes: 5
Student reward: 2.6
Iteration 53/80
Training student with 28301 points
Train accuracy: 0.4497791519434629
Test accuracy: 0.45062709768592124
Number of nodes: 5
Student reward: 3.3
Iteration 54/80
Training student with 28897 points
Train accuracy: 0.4524376000346066
Test accuracy: 0.4401384083044983
Number of nodes: 5
Student reward: 2.5
Iteration 55/80
Training student with 29419 points
Train accuracy: 0.4506054811982154
Test accuracy: 0.43898708361658734
Number of nodes: 5
Student reward: 1.5
Iteration 56/80
Training student with 29905 points
Train accuracy: 0.4517639190770774
Test accuracy: 0.44490887811402774
Number of nodes: 5
Student reward: 2.2
Iteration 57/80
Training student with 30396 points
Train accuracy: 0.449087020891594
Test accuracy: 0.4506578947368421
Number of nodes: 5
Student reward: 2.9
Iteration 58/80
Training student with 30994 points
Train accuracy: 0.452349263964509
Test accuracy: 0.4563639296660752
Number of nodes: 5
Student reward: 3.1
Iteration 59/80
Training student with 31560 points
Train accuracy: 0.4528279467680608
Test accuracy: 0.44740177439797213
Number of nodes: 5
Student reward: 2.2
Iteration 60/80
Training student with 32061 points
Train accuracy: 0.4486119775421085
Test accuracy: 0.45548105410884143
Number of nodes: 5
Student reward: 2.6
Iteration 61/80
Training student with 32597 points
Train accuracy: 0.4500517697587913
Test accuracy: 0.43803680981595094
Number of nodes: 5
Student reward: 3.0
Iteration 62/80
Training student with 33143 points
Train accuracy: 0.4550049030700762
Test accuracy: 0.43641574898174684
Number of nodes: 5
Student reward: 0.6
Iteration 63/80
Training student with 33543 points
Train accuracy: 0.45177759558768726
Test accuracy: 0.46415263079445523
Number of nodes: 5
Student reward: 1.8
Iteration 64/80
Training student with 34072 points
Train accuracy: 0.45206735884359983
Test accuracy: 0.4570799706529714
Number of nodes: 5
Student reward: 3.0
Iteration 65/80
Training student with 34627 points
Train accuracy: 0.4498754557597199
Test accuracy: 0.457551256136298
Number of nodes: 5
Student reward: 2.8
Iteration 66/80
Training student with 35184 points
Train accuracy: 0.4503144207197925
Test accuracy: 0.4437970726161717
Number of nodes: 5
Student reward: 2.7
Iteration 67/80
Training student with 35754 points
Train accuracy: 0.45481243226235013
Test accuracy: 0.448328905048245
Number of nodes: 5
Student reward: 2.3
Iteration 68/80
Training student with 36287 points
Train accuracy: 0.4527196940990044
Test accuracy: 0.449986222099752
Number of nodes: 5
Student reward: 2.1
Iteration 69/80
Training student with 36770 points
Train accuracy: 0.45050312754963284
Test accuracy: 0.45512646178950233
Number of nodes: 5
Student reward: 2.3
Iteration 70/80
Training student with 37262 points
Train accuracy: 0.45174276225301085
Test accuracy: 0.44344559237890785
Number of nodes: 5
Student reward: 2.7
Iteration 71/80
Training student with 37771 points
Train accuracy: 0.4476767275615568
Test accuracy: 0.45334215751158174
Number of nodes: 5
Student reward: 3.9
Iteration 72/80
Training student with 38344 points
Train accuracy: 0.45294213528932353
Test accuracy: 0.45077585082800886
Number of nodes: 5
Student reward: 2.3
Iteration 73/80
Training student with 38823 points
Train accuracy: 0.4514134844484513
Test accuracy: 0.4504829362524147
Number of nodes: 5
Student reward: 2.8
Iteration 74/80
Training student with 39326 points
Train accuracy: 0.4504767959313414
Test accuracy: 0.45092804474955506
Number of nodes: 5
Student reward: 2.3
Iteration 75/80
Training student with 39852 points
Train accuracy: 0.4475392867224993
Test accuracy: 0.4463680843056078
Number of nodes: 5
Student reward: 2.7
Iteration 76/80
Training student with 40402 points
Train accuracy: 0.45317285975062654
Test accuracy: 0.45340923153075113
Number of nodes: 5
Student reward: 1.0
Iteration 77/80
Training student with 40831 points
Train accuracy: 0.4532819005633113
Test accuracy: 0.4578180482429289
Number of nodes: 5
Student reward: 2.2
Iteration 78/80
Training student with 41316 points
Train accuracy: 0.4533462422848844
Test accuracy: 0.45135527589545016
Number of nodes: 5
Student reward: 2.6
Iteration 79/80
Training student with 41828 points
Train accuracy: 0.45113860498475883
Test accuracy: 0.4563710255797275
Number of nodes: 5
Student reward: 1.7
Initial policy count: 80
Current policy count: 40
Reward update: 4.0 -> 3.16
Reward update: 4.0 -> 3.02
Reward update: 3.9 -> 3.46
Reward update: 3.6 -> 3.24
Reward update: 3.4 -> 2.6
Reward update: 3.3 -> 2.44
Reward update: 3.3 -> 3.0
Reward update: 3.3 -> 3.74
Reward update: 3.1 -> 3.06
Reward update: 3.1 -> 2.84
Reward update: 3.1 -> 2.54
Reward update: 3.0 -> 3.16
Reward update: 3.0 -> 2.54
Reward update: 3.0 -> 2.24
Reward update: 3.0 -> 3.02
Reward update: 3.0 -> 2.36
Reward update: 2.9 -> 2.3
Reward update: 2.9 -> 2.46
Reward update: 2.9 -> 2.94
Reward update: 2.8 -> 2.7
Reward update: 2.8 -> 3.84
Reward update: 2.8 -> 3.06
Reward update: 2.8 -> 2.46
Reward update: 2.8 -> 2.46
Reward update: 2.8 -> 2.66
Reward update: 2.7 -> 2.64
Reward update: 2.7 -> 2.82
Reward update: 2.7 -> 2.42
Reward update: 2.7 -> 2.46
Reward update: 2.7 -> 2.88
Reward update: 2.7 -> 2.34
Reward update: 2.7 -> 3.9
Reward update: 2.6 -> 2.34
Reward update: 2.6 -> 2.32
Reward update: 2.6 -> 2.36
Reward update: 2.6 -> 2.62
Reward update: 2.6 -> 2.94
Reward update: 2.6 -> 2.46
Reward update: 2.5 -> 2.48
Reward update: 2.5 -> 2.44
Current policy count: 20
Reward update: 3.9 -> 3.12
Reward update: 3.84 -> 2.84
Reward update: 3.74 -> 3.02
Reward update: 3.46 -> 3.26
Reward update: 3.24 -> 4.12
Reward update: 3.16 -> 3.4
Reward update: 3.16 -> 3.56
Reward update: 3.06 -> 2.88
Reward update: 3.06 -> 3.26
Reward update: 3.02 -> 3.18
Reward update: 3.02 -> 3.18
Reward update: 3.0 -> 2.82
Reward update: 2.94 -> 2.9
Reward update: 2.94 -> 2.28
Reward update: 2.88 -> 3.66
Reward update: 2.84 -> 2.2
Reward update: 2.82 -> 2.26
Reward update: 2.7 -> 2.54
Reward update: 2.66 -> 2.5
Reward update: 2.64 -> 2.48
Current policy count: 10
Reward update: 4.12 -> 3.6
Reward update: 3.66 -> 3.28
Reward update: 3.56 -> 3.0
Reward update: 3.4 -> 3.22
Reward update: 3.26 -> 3.06
Reward update: 3.26 -> 3.04
Reward update: 3.18 -> 3.62
Reward update: 3.18 -> 3.16
Reward update: 3.12 -> 3.04
Reward update: 3.02 -> 3.0
Current policy count: 5
Reward update: 3.62 -> 3.06
Reward update: 3.6 -> 3.22
Reward update: 3.28 -> 3.16
Reward update: 3.22 -> 3.34
Reward update: 3.16 -> 3.56
Current policy count: 3
Reward update: 3.56 -> 3.22
Reward update: 3.34 -> 3.14
Reward update: 3.22 -> 2.8
Current policy count: 2
Reward update: 3.22 -> 2.9
Reward update: 3.14 -> 3.4
Current policy count: 1
Reward update: 3.4 -> 3.1
Final reward: 3.4
Number of nodes: 5
