Iteration 0/80
Training student with 318 points
Train accuracy: 0.6653543307086615
Test accuracy: 0.609375
Number of nodes: 23
Student reward: 0.2636363636363636
Iteration 1/80
Training student with 1227 points
Train accuracy: 0.49949031600407745
Test accuracy: 0.43902439024390244
Number of nodes: 23
Student reward: 0.2545454545454545
Iteration 2/80
Training student with 2136 points
Train accuracy: 0.4537470725995316
Test accuracy: 0.4602803738317757
Number of nodes: 23
Student reward: 0.15454545454545457
Iteration 3/80
Training student with 3136 points
Train accuracy: 0.47129186602870815
Test accuracy: 0.4697452229299363
Number of nodes: 23
Student reward: 0.21818181818181817
Iteration 4/80
Training student with 4136 points
Train accuracy: 0.4501209189842805
Test accuracy: 0.46497584541062803
Number of nodes: 21
Student reward: 0.26363636363636367
Iteration 5/80
Training student with 5045 points
Train accuracy: 0.43855302279484637
Test accuracy: 0.4222001982160555
Number of nodes: 21
Student reward: 0.3363636363636363
Iteration 6/80
Training student with 6045 points
Train accuracy: 0.4172870140612076
Test accuracy: 0.43093465674110837
Number of nodes: 23
Student reward: 0.34545454545454546
Iteration 7/80
Training student with 7045 points
Train accuracy: 0.4297374024130589
Test accuracy: 0.4088005677785664
Number of nodes: 23
Student reward: 0.2636363636363636
Iteration 8/80
Training student with 7954 points
Train accuracy: 0.44051548011944053
Test accuracy: 0.43871778755499685
Number of nodes: 23
Student reward: 0.20909090909090908
Iteration 9/80
Training student with 8954 points
Train accuracy: 0.427753734468798
Test accuracy: 0.43830262423227245
Number of nodes: 23
Student reward: 0.22727272727272724
Iteration 10/80
Training student with 9954 points
Train accuracy: 0.444430491020972
Test accuracy: 0.4630838774485183
Number of nodes: 21
Student reward: 0.3181818181818181
Iteration 11/80
Training student with 10863 points
Train accuracy: 0.4239355581127733
Test accuracy: 0.44546709618039576
Number of nodes: 23
Student reward: 0.2545454545454545
Iteration 12/80
Training student with 11772 points
Train accuracy: 0.42263990655198047
Test accuracy: 0.43014861995753717
Number of nodes: 23
Student reward: 0.41818181818181815
Iteration 13/80
Training student with 12499 points
Train accuracy: 0.41064106410641066
Test accuracy: 0.4128
Number of nodes: 21
Student reward: 0.49090909090909085
Iteration 14/80
Training student with 13226 points
Train accuracy: 0.426937618147448
Test accuracy: 0.4293272864701436
Number of nodes: 21
Student reward: 0.2636363636363636
Iteration 15/80
Training student with 14135 points
Train accuracy: 0.41961443226034667
Test accuracy: 0.41209762999646266
Number of nodes: 23
Student reward: 0.16363636363636364
Iteration 16/80
Training student with 15135 points
Train accuracy: 0.4232738685166832
Test accuracy: 0.40733399405351833
Number of nodes: 23
Student reward: 0.16363636363636364
Iteration 17/80
Training student with 16135 points
Train accuracy: 0.42020452432599936
Test accuracy: 0.42733188720173537
Number of nodes: 23
Student reward: 0.2
Iteration 18/80
Training student with 17135 points
Train accuracy: 0.4095418733586227
Test accuracy: 0.4064779690691567
Number of nodes: 23
Student reward: 0.21818181818181817
Iteration 19/80
Training student with 18135 points
Train accuracy: 0.4148056244830438
Test accuracy: 0.42735042735042733
Number of nodes: 23
Student reward: 0.34545454545454546
Iteration 20/80
Training student with 18953 points
Train accuracy: 0.406410763751484
Test accuracy: 0.4080717488789238
Number of nodes: 23
Student reward: 0.21818181818181817
Iteration 21/80
Training student with 19862 points
Train accuracy: 0.3988923154383536
Test accuracy: 0.4135414044802416
Number of nodes: 23
Student reward: 0.21818181818181817
Iteration 22/80
Training student with 20862 points
Train accuracy: 0.3999640481754449
Test accuracy: 0.3819793913251857
Number of nodes: 21
Student reward: 0.31818181818181823
Iteration 23/80
Training student with 21771 points
Train accuracy: 0.4045705098759761
Test accuracy: 0.4050516647531573
Number of nodes: 21
Student reward: 0.23636363636363633
Iteration 24/80
Training student with 22771 points
Train accuracy: 0.4049187527448397
Test accuracy: 0.40461031833150385
Number of nodes: 21
Student reward: 0.15454545454545454
Iteration 25/80
Training student with 23771 points
Train accuracy: 0.4041859486748002
Test accuracy: 0.40336487907465823
Number of nodes: 21
Student reward: 0.2545454545454545
Iteration 26/80
Training student with 24680 points
Train accuracy: 0.3990072933549433
Test accuracy: 0.4181523500810373
Number of nodes: 21
Student reward: 0.26363636363636367
Iteration 27/80
Training student with 25589 points
Train accuracy: 0.40242293976845295
Test accuracy: 0.40640875341930444
Number of nodes: 23
Student reward: 0.1
Iteration 28/80
Training student with 26589 points
Train accuracy: 0.3950448968078605
Test accuracy: 0.393757051523129
Number of nodes: 21
Student reward: 0.21818181818181817
Iteration 29/80
Training student with 27498 points
Train accuracy: 0.4004454950450041
Test accuracy: 0.392
Number of nodes: 23
Student reward: 0.40909090909090906
Iteration 30/80
Training student with 28316 points
Train accuracy: 0.4068956383542292
Test accuracy: 0.4002471751412429
Number of nodes: 23
Student reward: 0.09090909090909091
Iteration 31/80
Training student with 29316 points
Train accuracy: 0.396981067712775
Test accuracy: 0.38898362892223737
Number of nodes: 23
Student reward: 0.13636363636363638
Iteration 32/80
Training student with 30316 points
Train accuracy: 0.3979465611083622
Test accuracy: 0.3900065963060686
Number of nodes: 21
Student reward: 0.3090909090909091
Iteration 33/80
Training student with 31316 points
Train accuracy: 0.392264090691362
Test accuracy: 0.3975095785440613
Number of nodes: 23
Student reward: 0.21818181818181817
Iteration 34/80
Training student with 32316 points
Train accuracy: 0.39219402754138943
Test accuracy: 0.3912438118811881
Number of nodes: 23
Student reward: 0.21818181818181817
Iteration 35/80
Training student with 33225 points
Train accuracy: 0.3932656132430399
Test accuracy: 0.3875094055680963
Number of nodes: 21
Student reward: 0.2545454545454545
Iteration 36/80
Training student with 34134 points
Train accuracy: 0.3900098875746146
Test accuracy: 0.39578145598359454
Number of nodes: 21
Student reward: 0.20909090909090908
Iteration 37/80
Training student with 35134 points
Train accuracy: 0.3930693421567581
Test accuracy: 0.3907784260708695
Number of nodes: 23
Student reward: 0.2727272727272727
Iteration 38/80
Training student with 36134 points
Train accuracy: 0.38959421593385685
Test accuracy: 0.38923481389234815
Number of nodes: 21
Student reward: 0.3181818181818182
Iteration 39/80
Training student with 37134 points
Train accuracy: 0.39664052243578957
Test accuracy: 0.39464117409452
Number of nodes: 23
Student reward: 0.15454545454545454
Iteration 40/80
Training student with 38043 points
Train accuracy: 0.39498587106525596
Test accuracy: 0.4108292811144697
Number of nodes: 23
Student reward: 0.22727272727272724
Iteration 41/80
Training student with 39043 points
Train accuracy: 0.40158160978420954
Test accuracy: 0.4086310667178896
Number of nodes: 19
Student reward: 0.16363636363636364
Iteration 42/80
Training student with 40043 points
Train accuracy: 0.4006368233751639
Test accuracy: 0.4019228368085903
Number of nodes: 19
Student reward: 0.27272727272727265
Iteration 43/80
Training student with 40952 points
Train accuracy: 0.3994383565825219
Test accuracy: 0.3910389451837383
Number of nodes: 23
Student reward: 0.19999999999999998
Iteration 44/80
Training student with 41952 points
Train accuracy: 0.3988260182950448
Test accuracy: 0.38922655225837205
Number of nodes: 21
Student reward: 0.40909090909090917
Iteration 45/80
Training student with 42679 points
Train accuracy: 0.3914711653926134
Test accuracy: 0.3939784442361762
Number of nodes: 21
Student reward: 0.35454545454545455
Iteration 46/80
Training student with 43497 points
Train accuracy: 0.39307986320659827
Test accuracy: 0.3896551724137931
Number of nodes: 21
Student reward: 0.3181818181818182
Iteration 47/80
Training student with 44406 points
Train accuracy: 0.39713996171602295
Test accuracy: 0.4018239135329881
Number of nodes: 21
Student reward: 0.2545454545454545
Iteration 48/80
Training student with 45406 points
Train accuracy: 0.3980563814557868
Test accuracy: 0.40508698524554065
Number of nodes: 21
Student reward: 0.18181818181818182
Iteration 49/80
Training student with 46406 points
Train accuracy: 0.3960510720827497
Test accuracy: 0.39592760180995473
Number of nodes: 23
Student reward: 0.2909090909090909
Iteration 50/80
Training student with 47315 points
Train accuracy: 0.398578674838846
Test accuracy: 0.39110218746697667
Number of nodes: 23
Student reward: 0.38181818181818183
Iteration 51/80
Training student with 48042 points
Train accuracy: 0.39721073036192855
Test accuracy: 0.4089915704027474
Number of nodes: 21
Student reward: 0.21818181818181817
Iteration 52/80
Training student with 49042 points
Train accuracy: 0.3957127928019779
Test accuracy: 0.39055969008053826
Number of nodes: 23
Student reward: 0.16363636363636364
Iteration 53/80
Training student with 50042 points
Train accuracy: 0.39987010716159166
Test accuracy: 0.39814167249475474
Number of nodes: 19
Student reward: 0.20909090909090908
Iteration 54/80
Training student with 50951 points
Train accuracy: 0.39722767419038274
Test accuracy: 0.3941713276420371
Number of nodes: 23
Student reward: 0.32727272727272727
Iteration 55/80
Training student with 51860 points
Train accuracy: 0.3930052063247204
Test accuracy: 0.38816043193212496
Number of nodes: 21
Student reward: 0.13636363636363638
Iteration 56/80
Training student with 52860 points
Train accuracy: 0.3962353386303443
Test accuracy: 0.3957623912220961
Number of nodes: 21
Student reward: 0.1181818181818182
Iteration 57/80
Training student with 53860 points
Train accuracy: 0.3908512810991459
Test accuracy: 0.38785740809506125
Number of nodes: 21
Student reward: 0.19999999999999998
Iteration 58/80
Training student with 54860 points
Train accuracy: 0.3910636164783084
Test accuracy: 0.3803317535545024
Number of nodes: 21
Student reward: 0.20909090909090908
Iteration 59/80
Training student with 55860 points
Train accuracy: 0.3923872180451128
Test accuracy: 0.3793412101682778
Number of nodes: 23
Student reward: 0.20909090909090908
Iteration 60/80
Training student with 56860 points
Train accuracy: 0.38465089693985227
Test accuracy: 0.37697854379176926
Number of nodes: 23
Student reward: 0.21818181818181817
Iteration 61/80
Training student with 57769 points
Train accuracy: 0.38777453207832957
Test accuracy: 0.38653280249264327
Number of nodes: 23
Student reward: 0.2272727272727273
Iteration 62/80
Training student with 58678 points
Train accuracy: 0.38698819820203656
Test accuracy: 0.38726993865030673
Number of nodes: 23
Student reward: 0.1545454545454545
Iteration 63/80
Training student with 59678 points
Train accuracy: 0.3827028612123497
Test accuracy: 0.3848022788203753
Number of nodes: 23
Student reward: 0.19090909090909092
Iteration 64/80
Training student with 60678 points
Train accuracy: 0.38616043838325576
Test accuracy: 0.3784607778510218
Number of nodes: 23
Student reward: 0.12727272727272726
Iteration 65/80
Training student with 61678 points
Train accuracy: 0.3841960196181752
Test accuracy: 0.37962062256809337
Number of nodes: 23
Student reward: 0.309090909090909
Iteration 66/80
Training student with 62496 points
Train accuracy: 0.3850508040643251
Test accuracy: 0.38064
Number of nodes: 19
Student reward: 0.2727272727272727
Iteration 67/80
Training student with 63496 points
Train accuracy: 0.38298291204031815
Test accuracy: 0.38023622047244093
Number of nodes: 23
Student reward: 0.18181818181818182
Iteration 68/80
Training student with 64405 points
Train accuracy: 0.3874505085008928
Test accuracy: 0.379628910798851
Number of nodes: 23
Student reward: 0.10909090909090909
Iteration 69/80
Training student with 65405 points
Train accuracy: 0.3823484443085391
Test accuracy: 0.38292179496980355
Number of nodes: 23
Student reward: 0.19090909090909092
Iteration 70/80
Training student with 66405 points
Train accuracy: 0.38692493035163017
Test accuracy: 0.38069422483246745
Number of nodes: 21
Student reward: 0.309090909090909
Iteration 71/80
Training student with 67314 points
Train accuracy: 0.3849696384468255
Test accuracy: 0.3805244002079774
Number of nodes: 23
Student reward: 0.3727272727272727
Iteration 72/80
Training student with 68223 points
Train accuracy: 0.39061526622448606
Test accuracy: 0.38790765848296077
Number of nodes: 21
Student reward: 0.16363636363636364
Iteration 73/80
Training student with 69132 points
Train accuracy: 0.3889883374016816
Test accuracy: 0.38967238012584077
Number of nodes: 21
Student reward: 0.2
Iteration 74/80
Training student with 70132 points
Train accuracy: 0.38953747437839764
Test accuracy: 0.39103158194909815
Number of nodes: 21
Student reward: 0.24545454545454543
Iteration 75/80
Training student with 71132 points
Train accuracy: 0.38499253141200246
Test accuracy: 0.3830744359316792
Number of nodes: 23
Student reward: 0.3090909090909091
Iteration 76/80
Training student with 72132 points
Train accuracy: 0.3877306992461658
Test accuracy: 0.38088306647258613
Number of nodes: 21
Student reward: 0.2636363636363636
Iteration 77/80
Training student with 73041 points
Train accuracy: 0.3854052573932092
Test accuracy: 0.3879115613662811
Number of nodes: 21
Student reward: 0.32727272727272727
Iteration 78/80
Training student with 73950 points
Train accuracy: 0.3862576064908722
Test accuracy: 0.3864773495605139
Number of nodes: 23
Student reward: 0.3181818181818182
Iteration 79/80
Training student with 74859 points
Train accuracy: 0.3858934326314559
Test accuracy: 0.3871226289072936
Number of nodes: 19
Student reward: 0.13636363636363638
Initial policy count: 80
Current policy count: 40
Reward update: 0.49090909090909085 -> 0.25272727272727274
Reward update: 0.41818181818181815 -> 0.3163636363636364
Reward update: 0.40909090909090917 -> 0.3218181818181819
Reward update: 0.40909090909090906 -> 0.1818181818181818
Reward update: 0.38181818181818183 -> 0.24363636363636382
Reward update: 0.3727272727272727 -> 0.2672727272727272
Reward update: 0.35454545454545455 -> 0.26727272727272733
Reward update: 0.34545454545454546 -> 0.3436363636363639
Reward update: 0.34545454545454546 -> 0.2927272727272728
Reward update: 0.3363636363636363 -> 0.2963636363636363
Reward update: 0.32727272727272727 -> 0.22545454545454555
Reward update: 0.32727272727272727 -> 0.2945454545454546
Reward update: 0.31818181818181823 -> 0.2618181818181819
Reward update: 0.3181818181818182 -> 0.26181818181818184
Reward update: 0.3181818181818182 -> 0.23636363636363644
Reward update: 0.3181818181818182 -> 0.23636363636363641
Reward update: 0.3181818181818181 -> 0.23454545454545453
Reward update: 0.3090909090909091 -> 0.2381818181818182
Reward update: 0.3090909090909091 -> 0.2890909090909092
Reward update: 0.309090909090909 -> 0.22363636363636372
Reward update: 0.309090909090909 -> 0.3036363636363637
Reward update: 0.2909090909090909 -> 0.2345454545454545
Reward update: 0.2727272727272727 -> 0.32545454545454544
Reward update: 0.2727272727272727 -> 0.23454545454545453
Reward update: 0.27272727272727265 -> 0.21636363636363637
Reward update: 0.26363636363636367 -> 0.22
Reward update: 0.26363636363636367 -> 0.29454545454545455
Reward update: 0.2636363636363636 -> 0.21636363636363637
Reward update: 0.2636363636363636 -> 0.3272727272727273
Reward update: 0.2636363636363636 -> 0.18909090909090903
Reward update: 0.2636363636363636 -> 0.2309090909090909
Reward update: 0.2545454545454545 -> 0.1745454545454545
Reward update: 0.2545454545454545 -> 0.2727272727272727
Reward update: 0.2545454545454545 -> 0.23272727272727278
Reward update: 0.2545454545454545 -> 0.2145454545454546
Reward update: 0.2545454545454545 -> 0.290909090909091
Reward update: 0.24545454545454543 -> 0.23090909090909098
Reward update: 0.23636363636363633 -> 0.32909090909090905
Reward update: 0.2272727272727273 -> 0.2945454545454546
Reward update: 0.22727272727272724 -> 0.34
Current policy count: 20
Reward update: 0.3436363636363639 -> 0.1963636363636364
Reward update: 0.34 -> 0.2436363636363636
Reward update: 0.32909090909090905 -> 0.3072727272727273
Reward update: 0.3272727272727273 -> 0.29454545454545455
Reward update: 0.32545454545454544 -> 0.36545454545454553
Reward update: 0.3218181818181819 -> 0.23272727272727273
Reward update: 0.3163636363636364 -> 0.2527272727272728
Reward update: 0.3036363636363637 -> 0.2181818181818182
Reward update: 0.2963636363636363 -> 0.2327272727272727
Reward update: 0.2945454545454546 -> 0.2890909090909091
Reward update: 0.2945454545454546 -> 0.2636363636363636
Reward update: 0.29454545454545455 -> 0.17999999999999997
Reward update: 0.2927272727272728 -> 0.1909090909090909
Reward update: 0.290909090909091 -> 0.30000000000000004
Reward update: 0.2890909090909092 -> 0.26545454545454544
Reward update: 0.2727272727272727 -> 0.24363636363636376
Reward update: 0.26727272727272733 -> 0.25090909090909097
Reward update: 0.2672727272727272 -> 0.23818181818181816
Reward update: 0.2618181818181819 -> 0.2709090909090909
Reward update: 0.26181818181818184 -> 0.34181818181818185
Current policy count: 10
Reward update: 0.36545454545454553 -> 0.22363636363636366
Reward update: 0.34181818181818185 -> 0.2854545454545455
Reward update: 0.3072727272727273 -> 0.22545454545454544
Reward update: 0.30000000000000004 -> 0.27090909090909093
Reward update: 0.29454545454545455 -> 0.26727272727272733
Reward update: 0.2890909090909091 -> 0.2509090909090909
Reward update: 0.2709090909090909 -> 0.24000000000000005
Reward update: 0.26545454545454544 -> 0.24000000000000005
Reward update: 0.2636363636363636 -> 0.24363636363636368
Reward update: 0.2527272727272728 -> 0.25818181818181823
Current policy count: 5
Reward update: 0.2854545454545455 -> 0.26000000000000006
Reward update: 0.27090909090909093 -> 0.2036363636363637
Reward update: 0.26727272727272733 -> 0.3527272727272728
Reward update: 0.25818181818181823 -> 0.28181818181818197
Reward update: 0.2509090909090909 -> 0.22181818181818178
Current policy count: 3
Reward update: 0.3527272727272728 -> 0.2618181818181819
Reward update: 0.28181818181818197 -> 0.2327272727272727
Reward update: 0.26000000000000006 -> 0.33454545454545453
Current policy count: 2
Reward update: 0.33454545454545453 -> 0.24545454545454548
Reward update: 0.2618181818181819 -> 0.3090909090909091
Current policy count: 1
Reward update: 0.3090909090909091 -> 0.26
Final reward: 0.2854545454545455
Number of nodes: 23
