Iteration 0/80
Training student with 247 points
Train accuracy: 0.6751269035532995
Test accuracy: 0.6
Number of nodes: 19
Student reward: -1.0
Iteration 1/80
Training student with 293 points
Train accuracy: 0.7222222222222222
Test accuracy: 0.6440677966101694
Number of nodes: 23
Student reward: 0.0
Iteration 2/80
Training student with 1293 points
Train accuracy: 0.4410058027079304
Test accuracy: 0.444015444015444
Number of nodes: 21
Student reward: 0.0
Iteration 3/80
Training student with 2293 points
Train accuracy: 0.42202835332606325
Test accuracy: 0.46187363834422657
Number of nodes: 27
Student reward: 0.0
Iteration 4/80
Training student with 3293 points
Train accuracy: 0.43773728170083526
Test accuracy: 0.4218512898330804
Number of nodes: 29
Student reward: 0.0
Iteration 5/80
Training student with 4293 points
Train accuracy: 0.45661036691904483
Test accuracy: 0.4342258440046566
Number of nodes: 25
Student reward: 0.0
Iteration 6/80
Training student with 5293 points
Train accuracy: 0.4463863958431743
Test accuracy: 0.4466477809254013
Number of nodes: 27
Student reward: 0.0
Iteration 7/80
Training student with 6293 points
Train accuracy: 0.4423917361938816
Test accuracy: 0.4749801429706116
Number of nodes: 29
Student reward: 0.0
Iteration 8/80
Training student with 7293 points
Train accuracy: 0.4434350359958862
Test accuracy: 0.409184372858122
Number of nodes: 25
Student reward: 0.0
Iteration 9/80
Training student with 8293 points
Train accuracy: 0.44060898402170634
Test accuracy: 0.4394213381555154
Number of nodes: 27
Student reward: 0.0
Iteration 10/80
Training student with 9293 points
Train accuracy: 0.4283023944040893
Test accuracy: 0.42926304464766
Number of nodes: 27
Student reward: 0.0
Iteration 11/80
Training student with 10293 points
Train accuracy: 0.4396405149380617
Test accuracy: 0.434191355026712
Number of nodes: 27
Student reward: 0.0
Iteration 12/80
Training student with 11293 points
Train accuracy: 0.4897055567854771
Test accuracy: 0.4997786631252767
Number of nodes: 27
Student reward: 0.0
Iteration 13/80
Training student with 12293 points
Train accuracy: 0.4852552369330893
Test accuracy: 0.4847498983326555
Number of nodes: 25
Student reward: 0.0
Iteration 14/80
Training student with 13293 points
Train accuracy: 0.47573819823208574
Test accuracy: 0.49793155321549454
Number of nodes: 25
Student reward: 0.0
Iteration 15/80
Training student with 14293 points
Train accuracy: 0.4865313975861466
Test accuracy: 0.4858342077649528
Number of nodes: 27
Student reward: 0.0
Iteration 16/80
Training student with 15293 points
Train accuracy: 0.48169037109694296
Test accuracy: 0.4658385093167702
Number of nodes: 29
Student reward: 0.0
Iteration 17/80
Training student with 16293 points
Train accuracy: 0.48051250575418136
Test accuracy: 0.47775391224301933
Number of nodes: 27
Student reward: 0.0
Iteration 18/80
Training student with 17293 points
Train accuracy: 0.4775191557033396
Test accuracy: 0.4822202948829141
Number of nodes: 25
Student reward: 0.0
Iteration 19/80
Training student with 18293 points
Train accuracy: 0.473759737597376
Test accuracy: 0.4801858431265373
Number of nodes: 27
Student reward: 0.0
Iteration 20/80
Training student with 19293 points
Train accuracy: 0.47058442399896333
Test accuracy: 0.46877429385851255
Number of nodes: 29
Student reward: -0.1
Iteration 21/80
Training student with 20199 points
Train accuracy: 0.4630855869793923
Test accuracy: 0.47747524752475246
Number of nodes: 29
Student reward: -0.1
Iteration 22/80
Training student with 21105 points
Train accuracy: 0.46949774934849564
Test accuracy: 0.4731106372897418
Number of nodes: 27
Student reward: 0.0
Iteration 23/80
Training student with 22105 points
Train accuracy: 0.4677109251300611
Test accuracy: 0.46844605292920155
Number of nodes: 27
Student reward: 0.0
Iteration 24/80
Training student with 23105 points
Train accuracy: 0.46456394719757627
Test accuracy: 0.46353603116208614
Number of nodes: 27
Student reward: 0.0
Iteration 25/80
Training student with 24105 points
Train accuracy: 0.46297448662103297
Test accuracy: 0.46359676415681395
Number of nodes: 25
Student reward: 0.0
Iteration 26/80
Training student with 25105 points
Train accuracy: 0.46564429396534557
Test accuracy: 0.46345349531965746
Number of nodes: 29
Student reward: 0.0
Iteration 27/80
Training student with 26105 points
Train accuracy: 0.46044819000191534
Test accuracy: 0.46217199770158973
Number of nodes: 29
Student reward: -0.1
Iteration 28/80
Training student with 27011 points
Train accuracy: 0.4616808589411329
Test accuracy: 0.46326115121228945
Number of nodes: 27
Student reward: -0.1
Iteration 29/80
Training student with 27917 points
Train accuracy: 0.4585143061836744
Test accuracy: 0.4656160458452722
Number of nodes: 27
Student reward: 0.0
Iteration 30/80
Training student with 28917 points
Train accuracy: 0.45130333290105046
Test accuracy: 0.4707814661134163
Number of nodes: 27
Student reward: -0.1
Iteration 31/80
Training student with 29823 points
Train accuracy: 0.45343281079721687
Test accuracy: 0.45532271584241407
Number of nodes: 27
Student reward: 0.0
Iteration 32/80
Training student with 30823 points
Train accuracy: 0.4530781085246168
Test accuracy: 0.4546634225466342
Number of nodes: 25
Student reward: 0.0
Iteration 33/80
Training student with 31823 points
Train accuracy: 0.46005185010605704
Test accuracy: 0.4590730557737628
Number of nodes: 29
Student reward: 0.0
Iteration 34/80
Training student with 32823 points
Train accuracy: 0.4536522202757255
Test accuracy: 0.4722010662604722
Number of nodes: 27
Student reward: 0.0
Iteration 35/80
Training student with 33823 points
Train accuracy: 0.4627466922906349
Test accuracy: 0.45868440502586844
Number of nodes: 27
Student reward: 0.0
Iteration 36/80
Training student with 34823 points
Train accuracy: 0.45344245818077394
Test accuracy: 0.4554199569274946
Number of nodes: 29
Student reward: 0.0
Iteration 37/80
Training student with 35823 points
Train accuracy: 0.4601507432479587
Test accuracy: 0.4441032798325192
Number of nodes: 29
Student reward: 0.0
Iteration 38/80
Training student with 36823 points
Train accuracy: 0.4556656935297712
Test accuracy: 0.4570264765784114
Number of nodes: 29
Student reward: 0.0
Iteration 39/80
Training student with 37823 points
Train accuracy: 0.4481459448740829
Test accuracy: 0.45023132848645075
Number of nodes: 27
Student reward: 0.0
Iteration 40/80
Training student with 38823 points
Train accuracy: 0.44800051516517486
Test accuracy: 0.45524790727623954
Number of nodes: 25
Student reward: -0.2
Iteration 41/80
Training student with 39635 points
Train accuracy: 0.4535448467263782
Test accuracy: 0.442664311845591
Number of nodes: 29
Student reward: 0.0
Iteration 42/80
Training student with 40635 points
Train accuracy: 0.450812107788852
Test accuracy: 0.4508428694475206
Number of nodes: 25
Student reward: 0.0
Iteration 43/80
Training student with 41635 points
Train accuracy: 0.45472559144950164
Test accuracy: 0.4478203434610304
Number of nodes: 29
Student reward: 0.0
Iteration 44/80
Training student with 42635 points
Train accuracy: 0.452327899612994
Test accuracy: 0.44353230913568664
Number of nodes: 27
Student reward: 0.0
Iteration 45/80
Training student with 43635 points
Train accuracy: 0.45316259883121346
Test accuracy: 0.4475764867652114
Number of nodes: 27
Student reward: 0.0
Iteration 46/80
Training student with 44635 points
Train accuracy: 0.44978716254060713
Test accuracy: 0.4440461521227736
Number of nodes: 27
Student reward: -0.2
Iteration 47/80
Training student with 45447 points
Train accuracy: 0.4549605302967792
Test accuracy: 0.4486248624862486
Number of nodes: 29
Student reward: -0.1
Iteration 48/80
Training student with 46353 points
Train accuracy: 0.4540477859878108
Test accuracy: 0.44806385503181967
Number of nodes: 25
Student reward: 0.0
Iteration 49/80
Training student with 47353 points
Train accuracy: 0.45179768755609523
Test accuracy: 0.45317284341674585
Number of nodes: 27
Student reward: -0.1
Iteration 50/80
Training student with 48259 points
Train accuracy: 0.4500479187712073
Test accuracy: 0.45430998756734353
Number of nodes: 29
Student reward: 0.0
Iteration 51/80
Training student with 49259 points
Train accuracy: 0.4530667140355774
Test accuracy: 0.4517864393016646
Number of nodes: 29
Student reward: 0.0
Iteration 52/80
Training student with 50259 points
Train accuracy: 0.45273211132389884
Test accuracy: 0.4514524472741743
Number of nodes: 27
Student reward: 0.0
Iteration 53/80
Training student with 51259 points
Train accuracy: 0.44763089228668274
Test accuracy: 0.4548380803745611
Number of nodes: 29
Student reward: -0.1
Iteration 54/80
Training student with 52165 points
Train accuracy: 0.45610083389245665
Test accuracy: 0.44905588037956484
Number of nodes: 27
Student reward: 0.0
Iteration 55/80
Training student with 53165 points
Train accuracy: 0.4533057462616383
Test accuracy: 0.4575378538512179
Number of nodes: 25
Student reward: 0.0
Iteration 56/80
Training student with 54165 points
Train accuracy: 0.4571909904920151
Test accuracy: 0.4480753253946275
Number of nodes: 25
Student reward: 0.0
Iteration 57/80
Training student with 55165 points
Train accuracy: 0.4551345962113659
Test accuracy: 0.45164506480558325
Number of nodes: 27
Student reward: 0.0
Iteration 58/80
Training student with 56165 points
Train accuracy: 0.4514377281224962
Test accuracy: 0.4528621027330188
Number of nodes: 27
Student reward: 0.0
Iteration 59/80
Training student with 57165 points
Train accuracy: 0.456201346978046
Test accuracy: 0.45456135747397886
Number of nodes: 27
Student reward: 0.0
Iteration 60/80
Training student with 58165 points
Train accuracy: 0.4560087681595461
Test accuracy: 0.4621335854895556
Number of nodes: 27
Student reward: 0.0
Iteration 61/80
Training student with 59165 points
Train accuracy: 0.45326628919124484
Test accuracy: 0.44933660103101497
Number of nodes: 27
Student reward: 0.0
Iteration 62/80
Training student with 60165 points
Train accuracy: 0.45400149588631267
Test accuracy: 0.46339233773788746
Number of nodes: 27
Student reward: -0.1
Iteration 63/80
Training student with 61071 points
Train accuracy: 0.45558375634517767
Test accuracy: 0.4604993860008187
Number of nodes: 29
Student reward: 0.0
Iteration 64/80
Training student with 62071 points
Train accuracy: 0.4562389237957145
Test accuracy: 0.45155054369714054
Number of nodes: 27
Student reward: -0.1
Iteration 65/80
Training student with 62977 points
Train accuracy: 0.4541990035926242
Test accuracy: 0.45014290250873296
Number of nodes: 29
Student reward: 0.0
Iteration 66/80
Training student with 63977 points
Train accuracy: 0.459447841972607
Test accuracy: 0.451625507971241
Number of nodes: 29
Student reward: 0.0
Iteration 67/80
Training student with 64977 points
Train accuracy: 0.45703237721475154
Test accuracy: 0.4603724222837796
Number of nodes: 29
Student reward: 0.0
Iteration 68/80
Training student with 65977 points
Train accuracy: 0.45163979462306514
Test accuracy: 0.45453167626553503
Number of nodes: 27
Student reward: -0.1
Iteration 69/80
Training student with 66883 points
Train accuracy: 0.45628527641759803
Test accuracy: 0.45802496822904987
Number of nodes: 27
Student reward: 0.0
Iteration 70/80
Training student with 67883 points
Train accuracy: 0.454590652966523
Test accuracy: 0.4598954113574427
Number of nodes: 25
Student reward: 0.0
Iteration 71/80
Training student with 68883 points
Train accuracy: 0.4560483431931187
Test accuracy: 0.45924366698120056
Number of nodes: 25
Student reward: 0.0
Iteration 72/80
Training student with 69883 points
Train accuracy: 0.4558008084999821
Test accuracy: 0.45396007726980037
Number of nodes: 27
Student reward: 0.0
Iteration 73/80
Training student with 70883 points
Train accuracy: 0.4533911755369802
Test accuracy: 0.4618043309585949
Number of nodes: 29
Student reward: 0.0
Iteration 74/80
Training student with 71883 points
Train accuracy: 0.450300838173408
Test accuracy: 0.45656256520831884
Number of nodes: 27
Student reward: 0.0
Iteration 75/80
Training student with 72883 points
Train accuracy: 0.4553219222721504
Test accuracy: 0.45379707758798105
Number of nodes: 27
Student reward: 0.0
Iteration 76/80
Training student with 73883 points
Train accuracy: 0.45651879673806384
Test accuracy: 0.4583474318197198
Number of nodes: 29
Student reward: -0.2
Iteration 77/80
Training student with 74695 points
Train accuracy: 0.4554187027244126
Test accuracy: 0.45237298346609545
Number of nodes: 27
Student reward: 0.0
Iteration 78/80
Training student with 75695 points
Train accuracy: 0.4615727590990158
Test accuracy: 0.45412510733866174
Number of nodes: 27
Student reward: -0.1
Iteration 79/80
Training student with 76601 points
Train accuracy: 0.4602643603133159
Test accuracy: 0.4587820638339534
Number of nodes: 27
Student reward: -0.1
Initial policy count: 80
Current policy count: 40
Reward update: 0.0 -> 0.0
Reward update: 0.0 -> 0.0
Reward update: 0.0 -> -0.04
Reward update: 0.0 -> 0.04
Reward update: 0.0 -> -0.04
Reward update: 0.0 -> -0.06
Reward update: 0.0 -> 0.0
Reward update: 0.0 -> 0.0
Reward update: 0.0 -> -0.04
Reward update: 0.0 -> -0.02
Reward update: 0.0 -> 0.0
Reward update: 0.0 -> -0.06
Reward update: 0.0 -> 0.0
Reward update: 0.0 -> -0.02
Reward update: 0.0 -> 0.0
Reward update: 0.0 -> 0.0
Reward update: 0.0 -> 0.04
Reward update: 0.0 -> 0.0
Reward update: 0.0 -> 0.0
Reward update: 0.0 -> -0.06
Reward update: 0.0 -> 0.0
Reward update: 0.0 -> -0.02
Reward update: 0.0 -> 0.0
Reward update: 0.0 -> 0.0
Reward update: 0.0 -> -0.04
Reward update: 0.0 -> -0.02
Reward update: 0.0 -> -0.02
Reward update: 0.0 -> 0.0
Reward update: 0.0 -> -0.02
Reward update: 0.0 -> -0.02
Reward update: 0.0 -> -0.08
Reward update: 0.0 -> -0.02
Reward update: 0.0 -> -0.06
Reward update: 0.0 -> -0.02
Reward update: 0.0 -> 0.02
Reward update: 0.0 -> -0.06
Reward update: 0.0 -> 0.0
Reward update: 0.0 -> -0.04
Reward update: 0.0 -> 0.0
Reward update: 0.0 -> 0.0
Current policy count: 20
Reward update: 0.04 -> 0.0
Reward update: 0.04 -> 0.0
Reward update: 0.02 -> 0.1
Reward update: 0.0 -> 0.0
Reward update: 0.0 -> -0.06
Reward update: 0.0 -> 0.0
Reward update: 0.0 -> 0.0
Reward update: 0.0 -> 0.0
Reward update: 0.0 -> 0.0
Reward update: 0.0 -> -0.02
Reward update: 0.0 -> 0.0
Reward update: 0.0 -> 0.0
Reward update: 0.0 -> -0.06
Reward update: 0.0 -> 0.0
Reward update: 0.0 -> 0.0
Reward update: 0.0 -> -0.02
Reward update: 0.0 -> 0.0
Reward update: 0.0 -> 0.0
Reward update: 0.0 -> -0.04
Reward update: 0.0 -> 0.0
Current policy count: 10
Reward update: 0.1 -> 0.0
Reward update: 0.0 -> 0.0
Reward update: 0.0 -> 0.0
Reward update: 0.0 -> 0.0
Reward update: 0.0 -> -0.06
Reward update: 0.0 -> 0.0
Reward update: 0.0 -> 0.0
Reward update: 0.0 -> 0.0
Reward update: 0.0 -> 0.0
Reward update: 0.0 -> 0.0
Current policy count: 5
Reward update: 0.0 -> 0.02
Reward update: 0.0 -> 0.04
Reward update: 0.0 -> 0.02
Reward update: 0.0 -> 0.0
Reward update: 0.0 -> 0.0
Current policy count: 3
Reward update: 0.04 -> 0.02
Reward update: 0.02 -> 0.02
Reward update: 0.02 -> 0.02
Current policy count: 2
Reward update: 0.02 -> 0.0
Reward update: 0.02 -> 0.04
Current policy count: 1
Reward update: 0.04 -> 0.08
Final reward: 0.0
Number of nodes: 29
