Iteration 0/80
Training student with 127 points
Train accuracy: 0.7326732673267327
Test accuracy: 0.6923076923076923
Number of nodes: 15
Student reward: -1.0
Iteration 1/80
Training student with 157 points
Train accuracy: 0.712
Test accuracy: 0.8125
Number of nodes: 15
Student reward: 0.0
Iteration 2/80
Training student with 1157 points
Train accuracy: 0.42486486486486486
Test accuracy: 0.4224137931034483
Number of nodes: 17
Student reward: 0.0
Iteration 3/80
Training student with 2157 points
Train accuracy: 0.37971014492753624
Test accuracy: 0.3541666666666667
Number of nodes: 15
Student reward: 0.0
Iteration 4/80
Training student with 3157 points
Train accuracy: 0.5247524752475248
Test accuracy: 0.4920886075949367
Number of nodes: 17
Student reward: 0.0
Iteration 5/80
Training student with 4157 points
Train accuracy: 0.4830075187969925
Test accuracy: 0.4807692307692308
Number of nodes: 15
Student reward: 0.0
Iteration 6/80
Training student with 5157 points
Train accuracy: 0.4780606060606061
Test accuracy: 0.436046511627907
Number of nodes: 17
Student reward: 0.0
Iteration 7/80
Training student with 6157 points
Train accuracy: 0.4639593908629442
Test accuracy: 0.4383116883116883
Number of nodes: 17
Student reward: 0.0
Iteration 8/80
Training student with 7157 points
Train accuracy: 0.44943231441048037
Test accuracy: 0.42946927374301674
Number of nodes: 17
Student reward: 0.0
Iteration 9/80
Training student with 8157 points
Train accuracy: 0.4439846743295019
Test accuracy: 0.4417892156862745
Number of nodes: 17
Student reward: 0.0
Iteration 10/80
Training student with 9157 points
Train accuracy: 0.4274402730375427
Test accuracy: 0.44486899563318777
Number of nodes: 17
Student reward: 0.0
Iteration 11/80
Training student with 10157 points
Train accuracy: 0.4296615384615385
Test accuracy: 0.42913385826771655
Number of nodes: 17
Student reward: 0.0
Iteration 12/80
Training student with 11157 points
Train accuracy: 0.42521008403361343
Test accuracy: 0.44713261648745517
Number of nodes: 17
Student reward: 0.0
Iteration 13/80
Training student with 12157 points
Train accuracy: 0.42920308483290487
Test accuracy: 0.4120065789473684
Number of nodes: 17
Student reward: 0.0
Iteration 14/80
Training student with 13157 points
Train accuracy: 0.4195724465558195
Test accuracy: 0.42819148936170215
Number of nodes: 17
Student reward: 0.0
Iteration 15/80
Training student with 14157 points
Train accuracy: 0.4139514348785872
Test accuracy: 0.4099576271186441
Number of nodes: 17
Student reward: 0.0
Iteration 16/80
Training student with 15157 points
Train accuracy: 0.41410309278350516
Test accuracy: 0.391820580474934
Number of nodes: 17
Student reward: -1.0
Iteration 17/80
Training student with 15191 points
Train accuracy: 0.4084101382488479
Test accuracy: 0.4165844027640671
Number of nodes: 17
Student reward: -1.0
Iteration 18/80
Training student with 15237 points
Train accuracy: 0.4102879645582082
Test accuracy: 0.41305774278215224
Number of nodes: 17
Student reward: -1.0
Iteration 19/80
Training student with 15267 points
Train accuracy: 0.4100548595758618
Test accuracy: 0.4158480681074001
Number of nodes: 17
Student reward: -1.0
Iteration 20/80
Training student with 15305 points
Train accuracy: 0.4121202221496243
Test accuracy: 0.4135903299575302
Number of nodes: 17
Student reward: 0.0
Iteration 21/80
Training student with 16305 points
Train accuracy: 0.4103802514566084
Test accuracy: 0.42471634467954616
Number of nodes: 17
Student reward: 0.0
Iteration 22/80
Training student with 17305 points
Train accuracy: 0.4113695463738804
Test accuracy: 0.41577578734469806
Number of nodes: 17
Student reward: 0.0
Iteration 23/80
Training student with 18305 points
Train accuracy: 0.413684785577711
Test accuracy: 0.3916962578530456
Number of nodes: 17
Student reward: -1.0
Iteration 24/80
Training student with 18343 points
Train accuracy: 0.4105901594657217
Test accuracy: 0.4099209593894794
Number of nodes: 17
Student reward: 0.0
Iteration 25/80
Training student with 19343 points
Train accuracy: 0.4128861315755461
Test accuracy: 0.39622641509433965
Number of nodes: 15
Student reward: 0.0
Iteration 26/80
Training student with 20343 points
Train accuracy: 0.4078284379992626
Test accuracy: 0.40697960186778076
Number of nodes: 15
Student reward: 0.0
Iteration 27/80
Training student with 21343 points
Train accuracy: 0.409335832259576
Test accuracy: 0.39985945186226285
Number of nodes: 17
Student reward: 0.0
Iteration 28/80
Training student with 22343 points
Train accuracy: 0.406959829920555
Test accuracy: 0.40702618035354665
Number of nodes: 15
Student reward: 0.0
Iteration 29/80
Training student with 23343 points
Train accuracy: 0.40553711042090607
Test accuracy: 0.3964446348254444
Number of nodes: 17
Student reward: 0.0
Iteration 30/80
Training student with 24343 points
Train accuracy: 0.40156105576666323
Test accuracy: 0.4037790100636681
Number of nodes: 17
Student reward: 0.0
Iteration 31/80
Training student with 25343 points
Train accuracy: 0.40016770247607775
Test accuracy: 0.4022489642927599
Number of nodes: 17
Student reward: 0.0
Iteration 32/80
Training student with 26343 points
Train accuracy: 0.4005409509348012
Test accuracy: 0.39058644904156387
Number of nodes: 17
Student reward: 0.0
Iteration 33/80
Training student with 27343 points
Train accuracy: 0.3965438420042059
Test accuracy: 0.39970744194551105
Number of nodes: 17
Student reward: 0.0
Iteration 34/80
Training student with 28343 points
Train accuracy: 0.39798888594866366
Test accuracy: 0.39742458987475743
Number of nodes: 15
Student reward: 0.0
Iteration 35/80
Training student with 29343 points
Train accuracy: 0.3986112294453438
Test accuracy: 0.3927415232577952
Number of nodes: 15
Student reward: 0.0
Iteration 36/80
Training student with 30343 points
Train accuracy: 0.39758589437257974
Test accuracy: 0.39199209095402865
Number of nodes: 15
Student reward: -1.0
Iteration 37/80
Training student with 30373 points
Train accuracy: 0.3968227837682114
Test accuracy: 0.39654320987654323
Number of nodes: 17
Student reward: 0.0
Iteration 38/80
Training student with 31373 points
Train accuracy: 0.39616702526097697
Test accuracy: 0.3963346613545817
Number of nodes: 17
Student reward: -1.0
Iteration 39/80
Training student with 31419 points
Train accuracy: 0.3986870897155361
Test accuracy: 0.387332908975175
Number of nodes: 15
Student reward: -0.9
Iteration 40/80
Training student with 31550 points
Train accuracy: 0.3991283676703645
Test accuracy: 0.3908082408874802
Number of nodes: 17
Student reward: -0.7
Iteration 41/80
Training student with 31678 points
Train accuracy: 0.39917922815878776
Test accuracy: 0.40514520202020204
Number of nodes: 17
Student reward: 0.0
Iteration 42/80
Training student with 32678 points
Train accuracy: 0.39935735597888455
Test accuracy: 0.40238678090575275
Number of nodes: 17
Student reward: 0.0
Iteration 43/80
Training student with 33678 points
Train accuracy: 0.3988196867344666
Test accuracy: 0.4024643705463183
Number of nodes: 17
Student reward: 0.0
Iteration 44/80
Training student with 34678 points
Train accuracy: 0.3978444236176195
Test accuracy: 0.41032295271049596
Number of nodes: 17
Student reward: 0.0
Iteration 45/80
Training student with 35678 points
Train accuracy: 0.40512227594422257
Test accuracy: 0.39952354260089684
Number of nodes: 17
Student reward: -1.0
Iteration 46/80
Training student with 35712 points
Train accuracy: 0.40526444747803564
Test accuracy: 0.3999720005599888
Number of nodes: 17
Student reward: -0.8
Iteration 47/80
Training student with 35751 points
Train accuracy: 0.40367132867132866
Test accuracy: 0.40749545518109354
Number of nodes: 17
Student reward: -1.0
Iteration 48/80
Training student with 35789 points
Train accuracy: 0.4040375816422759
Test accuracy: 0.40667784297289744
Number of nodes: 17
Student reward: -0.7
Iteration 49/80
Training student with 35917 points
Train accuracy: 0.4072321024605854
Test accuracy: 0.3861358574610245
Number of nodes: 17
Student reward: 0.0
Iteration 50/80
Training student with 36917 points
Train accuracy: 0.4046998273118207
Test accuracy: 0.4035752979414951
Number of nodes: 17
Student reward: -1.0
Iteration 51/80
Training student with 36951 points
Train accuracy: 0.40399188092016236
Test accuracy: 0.4073873630090651
Number of nodes: 17
Student reward: -0.6
Iteration 52/80
Training student with 37176 points
Train accuracy: 0.4053463349024882
Test accuracy: 0.40734265734265734
Number of nodes: 17
Student reward: -0.9
Iteration 53/80
Training student with 37311 points
Train accuracy: 0.40622487268828733
Test accuracy: 0.40372504354817096
Number of nodes: 17
Student reward: 0.0
Iteration 54/80
Training student with 38311 points
Train accuracy: 0.40586661446097627
Test accuracy: 0.40127887250424116
Number of nodes: 17
Student reward: 0.0
Iteration 55/80
Training student with 39311 points
Train accuracy: 0.40613075553294326
Test accuracy: 0.3951418033829327
Number of nodes: 17
Student reward: 0.0
Iteration 56/80
Training student with 40311 points
Train accuracy: 0.402846688166708
Test accuracy: 0.39960312538757287
Number of nodes: 17
Student reward: 0.0
Iteration 57/80
Training student with 41311 points
Train accuracy: 0.4017187121762285
Test accuracy: 0.40288030981483725
Number of nodes: 17
Student reward: 0.0
Iteration 58/80
Training student with 42311 points
Train accuracy: 0.3995509335854408
Test accuracy: 0.4043483398322108
Number of nodes: 17
Student reward: 0.0
Iteration 59/80
Training student with 43311 points
Train accuracy: 0.3993592703763565
Test accuracy: 0.4014775481934665
Number of nodes: 17
Student reward: 0.0
Iteration 60/80
Training student with 44311 points
Train accuracy: 0.4000225682690138
Test accuracy: 0.3968182331039152
Number of nodes: 17
Student reward: 0.0
Iteration 61/80
Training student with 45311 points
Train accuracy: 0.3994703156036195
Test accuracy: 0.3972194637537239
Number of nodes: 17
Student reward: 0.0
Iteration 62/80
Training student with 46311 points
Train accuracy: 0.39697149643705465
Test accuracy: 0.4064557918600885
Number of nodes: 17
Student reward: 0.0
Iteration 63/80
Training student with 47311 points
Train accuracy: 0.3954766434157683
Test accuracy: 0.4039945049138751
Number of nodes: 17
Student reward: 0.0
Iteration 64/80
Training student with 48311 points
Train accuracy: 0.3958031463465121
Test accuracy: 0.3998758149642968
Number of nodes: 17
Student reward: 0.0
Iteration 65/80
Training student with 49311 points
Train accuracy: 0.39636990468464817
Test accuracy: 0.3982561086890398
Number of nodes: 17
Student reward: 0.0
Iteration 66/80
Training student with 50311 points
Train accuracy: 0.39572152653548004
Test accuracy: 0.3968995329424625
Number of nodes: 17
Student reward: 0.0
Iteration 67/80
Training student with 51311 points
Train accuracy: 0.39448937828883257
Test accuracy: 0.39734970281594073
Number of nodes: 17
Student reward: 0.0
Iteration 68/80
Training student with 52311 points
Train accuracy: 0.39330433951443317
Test accuracy: 0.3971136385357928
Number of nodes: 17
Student reward: 0.0
Iteration 69/80
Training student with 53311 points
Train accuracy: 0.3944381917088726
Test accuracy: 0.39557347838319423
Number of nodes: 17
Student reward: 0.0
Iteration 70/80
Training student with 54311 points
Train accuracy: 0.39615172159823236
Test accuracy: 0.38736997146276353
Number of nodes: 17
Student reward: 0.0
Iteration 71/80
Training student with 55311 points
Train accuracy: 0.39294431386729345
Test accuracy: 0.39564313477356955
Number of nodes: 17
Student reward: 0.0
Iteration 72/80
Training student with 56311 points
Train accuracy: 0.3936023796838927
Test accuracy: 0.3941223475095445
Number of nodes: 17
Student reward: 0.0
Iteration 73/80
Training student with 57311 points
Train accuracy: 0.39260164020240795
Test accuracy: 0.39640582744482245
Number of nodes: 17
Student reward: 0.0
Iteration 74/80
Training student with 58311 points
Train accuracy: 0.39324301149031043
Test accuracy: 0.3936380005144474
Number of nodes: 17
Student reward: 0.0
Iteration 75/80
Training student with 59311 points
Train accuracy: 0.3941788905749452
Test accuracy: 0.39037342999241337
Number of nodes: 17
Student reward: 0.0
Iteration 76/80
Training student with 60311 points
Train accuracy: 0.3945241253523462
Test accuracy: 0.38887507253585346
Number of nodes: 17
Student reward: 0.0
Iteration 77/80
Training student with 61311 points
Train accuracy: 0.393430924808351
Test accuracy: 0.39076897985810977
Number of nodes: 15
Student reward: 0.0
Iteration 78/80
Training student with 62311 points
Train accuracy: 0.3937770823302841
Test accuracy: 0.38505977693974164
Number of nodes: 17
Student reward: 0.0
Iteration 79/80
Training student with 63311 points
Train accuracy: 0.3919207076291265
Test accuracy: 0.39216615336018323
Number of nodes: 17
Student reward: 0.0
Initial policy count: 80
Current policy count: 40
Reward update: 0.0 -> 0.0
Reward update: 0.0 -> -0.04
Reward update: 0.0 -> 0.0
Reward update: 0.0 -> 0.0
Reward update: 0.0 -> 0.0
Reward update: 0.0 -> 0.0
Reward update: 0.0 -> 0.0
Reward update: 0.0 -> 0.0
Reward update: 0.0 -> 0.0
Reward update: 0.0 -> 0.0
Reward update: 0.0 -> 0.0
Reward update: 0.0 -> 0.0
Reward update: 0.0 -> 0.0
Reward update: 0.0 -> 0.0
Reward update: 0.0 -> 0.0
Reward update: 0.0 -> 0.0
Reward update: 0.0 -> 0.0
Reward update: 0.0 -> 0.0
Reward update: 0.0 -> 0.0
Reward update: 0.0 -> 0.0
Reward update: 0.0 -> 0.0
Reward update: 0.0 -> 0.0
Reward update: 0.0 -> 0.0
Reward update: 0.0 -> 0.0
Reward update: 0.0 -> 0.0
Reward update: 0.0 -> 0.0
Reward update: 0.0 -> 0.0
Reward update: 0.0 -> 0.0
Reward update: 0.0 -> 0.0
Reward update: 0.0 -> 0.0
Reward update: 0.0 -> 0.0
Reward update: 0.0 -> 0.0
Reward update: 0.0 -> 0.0
Reward update: 0.0 -> 0.0
Reward update: 0.0 -> 0.0
Reward update: 0.0 -> 0.0
Reward update: 0.0 -> 0.0
Reward update: 0.0 -> 0.0
Reward update: 0.0 -> 0.0
Reward update: 0.0 -> 0.0
Current policy count: 20
Reward update: 0.0 -> -0.06
Reward update: 0.0 -> 0.0
Reward update: 0.0 -> 0.0
Reward update: 0.0 -> 0.0
Reward update: 0.0 -> 0.0
Reward update: 0.0 -> 0.0
Reward update: 0.0 -> 0.0
Reward update: 0.0 -> 0.0
Reward update: 0.0 -> 0.0
Reward update: 0.0 -> 0.0
Reward update: 0.0 -> 0.0
Reward update: 0.0 -> 0.0
Reward update: 0.0 -> 0.0
Reward update: 0.0 -> 0.0
Reward update: 0.0 -> 0.0
Reward update: 0.0 -> 0.0
Reward update: 0.0 -> 0.0
Reward update: 0.0 -> 0.0
Reward update: 0.0 -> 0.0
Reward update: 0.0 -> 0.0
Current policy count: 10
Reward update: 0.0 -> 0.0
Reward update: 0.0 -> -0.04
Reward update: 0.0 -> 0.0
Reward update: 0.0 -> 0.0
Reward update: 0.0 -> 0.0
Reward update: 0.0 -> 0.0
Reward update: 0.0 -> 0.0
Reward update: 0.0 -> 0.0
Reward update: 0.0 -> 0.0
Reward update: 0.0 -> 0.0
Current policy count: 5
Reward update: 0.0 -> 0.0
Reward update: 0.0 -> 0.0
Reward update: 0.0 -> 0.0
Reward update: 0.0 -> 0.0
Reward update: 0.0 -> 0.0
Current policy count: 3
Reward update: 0.0 -> 0.0
Reward update: 0.0 -> 0.0
Reward update: 0.0 -> 0.0
Current policy count: 2
Reward update: 0.0 -> 0.0
Reward update: 0.0 -> 0.0
Current policy count: 1
Reward update: 0.0 -> 0.0
Final reward: 0.0
Number of nodes: 15
