Iteration 0/80
Training student with 314 points
Train accuracy: 0.601593625498008
Test accuracy: 0.6349206349206349
Number of nodes: 19
Student reward: 0.3727272727272727
Iteration 1/80
Training student with 1223 points
Train accuracy: 0.5940695296523517
Test accuracy: 0.5387755102040817
Number of nodes: 21
Student reward: 0.21818181818181817
Iteration 2/80
Training student with 2223 points
Train accuracy: 0.6023622047244095
Test accuracy: 0.6179775280898876
Number of nodes: 23
Student reward: 0.36363636363636365
Iteration 3/80
Training student with 3041 points
Train accuracy: 0.4888980263157895
Test accuracy: 0.5090311986863711
Number of nodes: 23
Student reward: 0.49090909090909085
Iteration 4/80
Training student with 3859 points
Train accuracy: 0.5011337868480725
Test accuracy: 0.5090673575129534
Number of nodes: 23
Student reward: 0.309090909090909
Iteration 5/80
Training student with 4768 points
Train accuracy: 0.4979024646040902
Test accuracy: 0.48951781970649894
Number of nodes: 23
Student reward: 0.2636363636363636
Iteration 6/80
Training student with 5768 points
Train accuracy: 0.49154746423927176
Test accuracy: 0.4982668977469671
Number of nodes: 23
Student reward: 0.4
Iteration 7/80
Training student with 6404 points
Train accuracy: 0.4881905133710716
Test accuracy: 0.45433255269320844
Number of nodes: 23
Student reward: 0.29999999999999993
Iteration 8/80
Training student with 7313 points
Train accuracy: 0.4847863247863248
Test accuracy: 0.46684894053315107
Number of nodes: 23
Student reward: 0.21818181818181817
Iteration 9/80
Training student with 8313 points
Train accuracy: 0.45714285714285713
Test accuracy: 0.4660252555622369
Number of nodes: 23
Student reward: 0.23636363636363633
Iteration 10/80
Training student with 9222 points
Train accuracy: 0.458723058153721
Test accuracy: 0.44932249322493223
Number of nodes: 23
Student reward: 0.19090909090909092
Iteration 11/80
Training student with 10222 points
Train accuracy: 0.46349516937752233
Test accuracy: 0.46797066014669925
Number of nodes: 23
Student reward: 0.31818181818181807
Iteration 12/80
Training student with 11131 points
Train accuracy: 0.4697888589398023
Test accuracy: 0.4746295464750786
Number of nodes: 23
Student reward: 0.2
Iteration 13/80
Training student with 12131 points
Train accuracy: 0.45898598516075845
Test accuracy: 0.46971569839307786
Number of nodes: 23
Student reward: 0.36363636363636365
Iteration 14/80
Training student with 13040 points
Train accuracy: 0.4626150306748466
Test accuracy: 0.4543711656441718
Number of nodes: 23
Student reward: 0.4
Iteration 15/80
Training student with 13858 points
Train accuracy: 0.45760418545913767
Test accuracy: 0.4595959595959596
Number of nodes: 23
Student reward: 0.24545454545454543
Iteration 16/80
Training student with 14767 points
Train accuracy: 0.44798103783966814
Test accuracy: 0.46039268788083954
Number of nodes: 23
Student reward: 0.2363636363636364
Iteration 17/80
Training student with 15767 points
Train accuracy: 0.47688892412590184
Test accuracy: 0.4771718452758402
Number of nodes: 23
Student reward: 0.3181818181818182
Iteration 18/80
Training student with 16585 points
Train accuracy: 0.5066324992463069
Test accuracy: 0.5061802833886042
Number of nodes: 23
Student reward: 0.24545454545454543
Iteration 19/80
Training student with 17585 points
Train accuracy: 0.5010662496445835
Test accuracy: 0.4975831674722775
Number of nodes: 23
Student reward: 0.35454545454545455
Iteration 20/80
Training student with 18494 points
Train accuracy: 0.49151740452855697
Test accuracy: 0.48986212489862124
Number of nodes: 23
Student reward: 0.08181818181818182
Iteration 21/80
Training student with 19494 points
Train accuracy: 0.5079192048733568
Test accuracy: 0.5026929982046678
Number of nodes: 23
Student reward: 0.2272727272727273
Iteration 22/80
Training student with 20494 points
Train accuracy: 0.5072888075632815
Test accuracy: 0.5115881922420102
Number of nodes: 23
Student reward: 0.06363636363636364
Iteration 23/80
Training student with 21494 points
Train accuracy: 0.5113114277406223
Test accuracy: 0.5231449174226565
Number of nodes: 23
Student reward: 0.2909090909090909
Iteration 24/80
Training student with 22403 points
Train accuracy: 0.5198638544805267
Test accuracy: 0.510600312430261
Number of nodes: 23
Student reward: 0.11818181818181817
Iteration 25/80
Training student with 23403 points
Train accuracy: 0.5019228714880889
Test accuracy: 0.5197607348857082
Number of nodes: 23
Student reward: 0.3454545454545454
Iteration 26/80
Training student with 24221 points
Train accuracy: 0.5070706028075971
Test accuracy: 0.4930856553147575
Number of nodes: 23
Student reward: 0.1636363636363636
Iteration 27/80
Training student with 25221 points
Train accuracy: 0.504708564631245
Test accuracy: 0.5129831516352824
Number of nodes: 23
Student reward: 0.20909090909090908
Iteration 28/80
Training student with 26221 points
Train accuracy: 0.5009057971014492
Test accuracy: 0.5124880838894185
Number of nodes: 23
Student reward: 0.32727272727272727
Iteration 29/80
Training student with 27130 points
Train accuracy: 0.5000460744563214
Test accuracy: 0.5044231478068559
Number of nodes: 23
Student reward: 0.20909090909090908
Iteration 30/80
Training student with 28039 points
Train accuracy: 0.5033658775801346
Test accuracy: 0.5057061340941512
Number of nodes: 23
Student reward: 0.08181818181818182
Iteration 31/80
Training student with 29039 points
Train accuracy: 0.4919288881236279
Test accuracy: 0.49535123966942146
Number of nodes: 23
Student reward: 0.36363636363636365
Iteration 32/80
Training student with 29857 points
Train accuracy: 0.4880050240736864
Test accuracy: 0.4936369725385131
Number of nodes: 23
Student reward: 0.16363636363636364
Iteration 33/80
Training student with 30857 points
Train accuracy: 0.49382215920599554
Test accuracy: 0.4799092676604018
Number of nodes: 23
Student reward: 0.20909090909090908
Iteration 34/80
Training student with 31857 points
Train accuracy: 0.48934667451442027
Test accuracy: 0.4929378531073446
Number of nodes: 23
Student reward: 0.4818181818181818
Iteration 35/80
Training student with 32675 points
Train accuracy: 0.49020657995409334
Test accuracy: 0.5074215761285387
Number of nodes: 23
Student reward: 0.28181818181818186
Iteration 36/80
Training student with 33493 points
Train accuracy: 0.49966410390385907
Test accuracy: 0.49902970592625767
Number of nodes: 23
Student reward: 0.2
Iteration 37/80
Training student with 34493 points
Train accuracy: 0.49180981372762195
Test accuracy: 0.48876648789679666
Number of nodes: 23
Student reward: 0.41818181818181815
Iteration 38/80
Training student with 35311 points
Train accuracy: 0.4925658453695837
Test accuracy: 0.48591250176978623
Number of nodes: 23
Student reward: 0.15454545454545454
Iteration 39/80
Training student with 36311 points
Train accuracy: 0.4938722115119802
Test accuracy: 0.4829960071595759
Number of nodes: 23
Student reward: 0.1
Iteration 40/80
Training student with 37311 points
Train accuracy: 0.4915907263468239
Test accuracy: 0.49430523917995445
Number of nodes: 23
Student reward: 0.35454545454545455
Iteration 41/80
Training student with 38129 points
Train accuracy: 0.5060813690456676
Test accuracy: 0.4993443482821925
Number of nodes: 23
Student reward: 0.21818181818181817
Iteration 42/80
Training student with 39038 points
Train accuracy: 0.5016650656420109
Test accuracy: 0.5011526639344263
Number of nodes: 23
Student reward: 0.20909090909090908
Iteration 43/80
Training student with 40038 points
Train accuracy: 0.5023415547923822
Test accuracy: 0.5026223776223776
Number of nodes: 23
Student reward: 0.09090909090909091
Iteration 44/80
Training student with 41038 points
Train accuracy: 0.49939080109655803
Test accuracy: 0.49378654970760233
Number of nodes: 23
Student reward: 0.21818181818181817
Iteration 45/80
Training student with 42038 points
Train accuracy: 0.4950936663693131
Test accuracy: 0.5032112274024738
Number of nodes: 23
Student reward: 0.3363636363636363
Iteration 46/80
Training student with 42856 points
Train accuracy: 0.49305798623264496
Test accuracy: 0.4914839010732618
Number of nodes: 23
Student reward: 0.19090909090909092
Iteration 47/80
Training student with 43856 points
Train accuracy: 0.4958100558659218
Test accuracy: 0.5066119471044231
Number of nodes: 23
Student reward: 0.2636363636363636
Iteration 48/80
Training student with 44856 points
Train accuracy: 0.4948723665143239
Test accuracy: 0.49364690147124385
Number of nodes: 23
Student reward: 0.2363636363636364
Iteration 49/80
Training student with 45765 points
Train accuracy: 0.49453731017152847
Test accuracy: 0.4990713427291598
Number of nodes: 23
Student reward: 0.21818181818181817
Iteration 50/80
Training student with 46765 points
Train accuracy: 0.4882123382871806
Test accuracy: 0.4927830642574575
Number of nodes: 23
Student reward: 0.13636363636363635
Iteration 51/80
Training student with 47765 points
Train accuracy: 0.4896891028996127
Test accuracy: 0.4906312153250288
Number of nodes: 23
Student reward: 0.3
Iteration 52/80
Training student with 48674 points
Train accuracy: 0.49307891830812295
Test accuracy: 0.4967642526964561
Number of nodes: 23
Student reward: 0.4545454545454545
Iteration 53/80
Training student with 49583 points
Train accuracy: 0.49526042454495034
Test accuracy: 0.49974790763335686
Number of nodes: 23
Student reward: 0.1727272727272727
Iteration 54/80
Training student with 50583 points
Train accuracy: 0.501433302031335
Test accuracy: 0.4878916674903628
Number of nodes: 23
Student reward: 0.14545454545454545
Iteration 55/80
Training student with 51583 points
Train accuracy: 0.4985702515387971
Test accuracy: 0.49084036056993313
Number of nodes: 23
Student reward: 0.2909090909090909
Iteration 56/80
Training student with 52492 points
Train accuracy: 0.5057271450003572
Test accuracy: 0.4995713877512144
Number of nodes: 23
Student reward: 0.16363636363636364
Iteration 57/80
Training student with 53492 points
Train accuracy: 0.4928843502441988
Test accuracy: 0.49873819983176
Number of nodes: 23
Student reward: 0.3454545454545454
Iteration 58/80
Training student with 54492 points
Train accuracy: 0.4953776982543069
Test accuracy: 0.5027984218735664
Number of nodes: 23
Student reward: 0.3090909090909091
Iteration 59/80
Training student with 55401 points
Train accuracy: 0.494043321299639
Test accuracy: 0.4938182474505911
Number of nodes: 23
Student reward: 0.3363636363636363
Iteration 60/80
Training student with 56219 points
Train accuracy: 0.4905614230127849
Test accuracy: 0.4889718961223764
Number of nodes: 23
Student reward: 0.3363636363636363
Iteration 61/80
Training student with 57128 points
Train accuracy: 0.4950111592490482
Test accuracy: 0.49614913355504986
Number of nodes: 23
Student reward: 0.22727272727272724
Iteration 62/80
Training student with 58128 points
Train accuracy: 0.49569910971571113
Test accuracy: 0.49062446241183555
Number of nodes: 23
Student reward: 0.4818181818181818
Iteration 63/80
Training student with 58946 points
Train accuracy: 0.49857918398507084
Test accuracy: 0.4955046649703138
Number of nodes: 23
Student reward: 0.3363636363636363
Iteration 64/80
Training student with 59855 points
Train accuracy: 0.49828752819313343
Test accuracy: 0.5032161055885056
Number of nodes: 23
Student reward: 0.39090909090909093
Iteration 65/80
Training student with 60764 points
Train accuracy: 0.49367427125547714
Test accuracy: 0.4946926684769193
Number of nodes: 23
Student reward: 0.3363636363636363
Iteration 66/80
Training student with 61673 points
Train accuracy: 0.4985204102314646
Test accuracy: 0.49558167815160115
Number of nodes: 23
Student reward: 0.15454545454545454
Iteration 67/80
Training student with 62673 points
Train accuracy: 0.49511348677649686
Test accuracy: 0.4867171918627842
Number of nodes: 23
Student reward: 0.3363636363636363
Iteration 68/80
Training student with 63673 points
Train accuracy: 0.49874357061525776
Test accuracy: 0.5012956419316843
Number of nodes: 23
Student reward: 0.14545454545454545
Iteration 69/80
Training student with 64673 points
Train accuracy: 0.4927326143260273
Test accuracy: 0.4844994201778121
Number of nodes: 23
Student reward: 0.22727272727272724
Iteration 70/80
Training student with 65673 points
Train accuracy: 0.4947276257185275
Test accuracy: 0.4966121050628093
Number of nodes: 23
Student reward: 0.26363636363636356
Iteration 71/80
Training student with 66582 points
Train accuracy: 0.49332582371163053
Test accuracy: 0.4895246677179545
Number of nodes: 23
Student reward: 0.3363636363636363
Iteration 72/80
Training student with 67582 points
Train accuracy: 0.4961250346804772
Test accuracy: 0.487608197085152
Number of nodes: 23
Student reward: 0.27272727272727265
Iteration 73/80
Training student with 68491 points
Train accuracy: 0.4929004234194773
Test accuracy: 0.48806482224979925
Number of nodes: 23
Student reward: 0.26363636363636367
Iteration 74/80
Training student with 69491 points
Train accuracy: 0.48537559361059146
Test accuracy: 0.48794877329304265
Number of nodes: 23
Student reward: 0.3727272727272727
Iteration 75/80
Training student with 70309 points
Train accuracy: 0.4920084626735648
Test accuracy: 0.4979377044517138
Number of nodes: 23
Student reward: 0.35454545454545455
Iteration 76/80
Training student with 71127 points
Train accuracy: 0.4896399008804766
Test accuracy: 0.48980739491072683
Number of nodes: 23
Student reward: 0.2909090909090909
Iteration 77/80
Training student with 72127 points
Train accuracy: 0.48863971161678305
Test accuracy: 0.4844031609593789
Number of nodes: 23
Student reward: 0.3
Iteration 78/80
Training student with 73127 points
Train accuracy: 0.48669253517033895
Test accuracy: 0.4884452345138794
Number of nodes: 23
Student reward: 0.34545454545454546
Iteration 79/80
Training student with 73945 points
Train accuracy: 0.4835350598417743
Test accuracy: 0.4871188045168707
Number of nodes: 23
Student reward: 0.1818181818181818
Initial policy count: 80
Current policy count: 40
Reward update: 0.49090909090909085 -> 0.23999999999999994
Reward update: 0.4818181818181818 -> 0.19818181818181815
Reward update: 0.4818181818181818 -> 0.26909090909090916
Reward update: 0.4545454545454545 -> 0.24363636363636368
Reward update: 0.41818181818181815 -> 0.32909090909090905
Reward update: 0.4 -> 0.06
Reward update: 0.4 -> 0.30909090909090914
Reward update: 0.39090909090909093 -> 0.2272727272727273
Reward update: 0.3727272727272727 -> 0.2745454545454546
Reward update: 0.3727272727272727 -> 0.22181818181818183
Reward update: 0.36363636363636365 -> 0.2654545454545455
Reward update: 0.36363636363636365 -> 0.24363636363636362
Reward update: 0.36363636363636365 -> 0.2163636363636364
Reward update: 0.35454545454545455 -> 0.28909090909090907
Reward update: 0.35454545454545455 -> 0.25636363636363635
Reward update: 0.35454545454545455 -> 0.2854545454545455
Reward update: 0.34545454545454546 -> 0.19818181818181824
Reward update: 0.3454545454545454 -> 0.25636363636363646
Reward update: 0.3454545454545454 -> 0.28181818181818186
Reward update: 0.3363636363636363 -> 0.2836363636363637
Reward update: 0.3363636363636363 -> 0.31454545454545463
Reward update: 0.3363636363636363 -> 0.26000000000000006
Reward update: 0.3363636363636363 -> 0.2436363636363637
Reward update: 0.3363636363636363 -> 0.24727272727272726
Reward update: 0.3363636363636363 -> 0.3472727272727274
Reward update: 0.3363636363636363 -> 0.23454545454545456
Reward update: 0.32727272727272727 -> 0.2581818181818182
Reward update: 0.3181818181818182 -> 0.24000000000000005
Reward update: 0.31818181818181807 -> 0.2472727272727273
Reward update: 0.3090909090909091 -> 0.29272727272727267
Reward update: 0.309090909090909 -> 0.24000000000000013
Reward update: 0.3 -> 0.28727272727272735
Reward update: 0.3 -> 0.16181818181818175
Reward update: 0.29999999999999993 -> 0.19454545454545452
Reward update: 0.2909090909090909 -> 0.2963636363636364
Reward update: 0.2909090909090909 -> 0.25272727272727286
Reward update: 0.2909090909090909 -> 0.1981818181818182
Reward update: 0.28181818181818186 -> 0.1890909090909091
Reward update: 0.27272727272727265 -> 0.19818181818181824
Reward update: 0.26363636363636367 -> 0.35818181818181827
Current policy count: 20
Reward update: 0.35818181818181827 -> 0.2345454545454546
Reward update: 0.3472727272727274 -> 0.270909090909091
Reward update: 0.32909090909090905 -> 0.20181818181818187
Reward update: 0.31454545454545463 -> 0.25272727272727274
Reward update: 0.30909090909090914 -> 0.28727272727272735
Reward update: 0.2963636363636364 -> 0.2490909090909091
Reward update: 0.29272727272727267 -> 0.26545454545454544
Reward update: 0.28909090909090907 -> 0.22545454545454546
Reward update: 0.28727272727272735 -> 0.2381818181818182
Reward update: 0.2854545454545455 -> 0.2309090909090909
Reward update: 0.2836363636363637 -> 0.32727272727272727
Reward update: 0.28181818181818186 -> 0.26727272727272733
Reward update: 0.2745454545454546 -> 0.2672727272727274
Reward update: 0.26909090909090916 -> 0.2781818181818182
Reward update: 0.2654545454545455 -> 0.30909090909090914
Reward update: 0.26000000000000006 -> 0.270909090909091
Reward update: 0.2581818181818182 -> 0.27090909090909093
Reward update: 0.25636363636363646 -> 0.21999999999999992
Reward update: 0.25636363636363635 -> 0.2636363636363636
Reward update: 0.25272727272727286 -> 0.32000000000000006
Current policy count: 10
Reward update: 0.32727272727272727 -> 0.20000000000000004
Reward update: 0.32000000000000006 -> 0.3036363636363636
Reward update: 0.30909090909090914 -> 0.26909090909090916
Reward update: 0.28727272727272735 -> 0.24727272727272737
Reward update: 0.2781818181818182 -> 0.2545454545454546
Reward update: 0.270909090909091 -> 0.29454545454545467
Reward update: 0.270909090909091 -> 0.2981818181818182
Reward update: 0.27090909090909093 -> 0.26545454545454555
Reward update: 0.2672727272727274 -> 0.31272727272727274
Reward update: 0.26727272727272733 -> 0.3163636363636364
Current policy count: 5
Reward update: 0.3163636363636364 -> 0.2254545454545455
Reward update: 0.31272727272727274 -> 0.29818181818181816
Reward update: 0.3036363636363636 -> 0.3436363636363638
Reward update: 0.2981818181818182 -> 0.26545454545454544
Reward update: 0.29454545454545467 -> 0.23818181818181838
Current policy count: 3
Reward update: 0.3436363636363638 -> 0.2672727272727274
Reward update: 0.29818181818181816 -> 0.20363636363636367
Reward update: 0.26545454545454544 -> 0.2763636363636364
Current policy count: 2
Reward update: 0.2763636363636364 -> 0.2654545454545456
Reward update: 0.2672727272727274 -> 0.26363636363636367
Current policy count: 1
Reward update: 0.2654545454545456 -> 0.30181818181818193
Final reward: 0.2909090909090909
Number of nodes: 23
