Iteration 0/80
Training student with 574 points
Train accuracy: 0.47058823529411764
Test accuracy: 0.48695652173913045
Number of nodes: 5
Student reward: 2.8
Iteration 1/80
Training student with 1137 points
Train accuracy: 0.5863586358635864
Test accuracy: 0.5350877192982456
Number of nodes: 5
Student reward: 2.1
Iteration 2/80
Training student with 1689 points
Train accuracy: 0.5151739452257587
Test accuracy: 0.5
Number of nodes: 5
Student reward: 0.7
Iteration 3/80
Training student with 2083 points
Train accuracy: 0.5354141656662665
Test accuracy: 0.5347721822541966
Number of nodes: 5
Student reward: 2.5
Iteration 4/80
Training student with 2599 points
Train accuracy: 0.5007215007215007
Test accuracy: 0.47884615384615387
Number of nodes: 5
Student reward: 2.0
Iteration 5/80
Training student with 3040 points
Train accuracy: 0.47491776315789475
Test accuracy: 0.4901315789473684
Number of nodes: 5
Student reward: 2.5
Iteration 6/80
Training student with 3591 points
Train accuracy: 0.46274373259052926
Test accuracy: 0.4478442280945758
Number of nodes: 5
Student reward: 3.8
Iteration 7/80
Training student with 4237 points
Train accuracy: 0.4910002950722927
Test accuracy: 0.4858490566037736
Number of nodes: 5
Student reward: 3.0
Iteration 8/80
Training student with 4771 points
Train accuracy: 0.4808700209643606
Test accuracy: 0.45759162303664924
Number of nodes: 5
Student reward: 2.2
Iteration 9/80
Training student with 5271 points
Train accuracy: 0.465607210626186
Test accuracy: 0.4606635071090047
Number of nodes: 5
Student reward: 2.5
Iteration 10/80
Training student with 5789 points
Train accuracy: 0.45324983804793784
Test accuracy: 0.46027633851468047
Number of nodes: 5
Student reward: 2.5
Iteration 11/80
Training student with 6295 points
Train accuracy: 0.4491660047656871
Test accuracy: 0.43367752184273234
Number of nodes: 5
Student reward: 3.2
Iteration 12/80
Training student with 6911 points
Train accuracy: 0.47793053545586106
Test accuracy: 0.46203904555314534
Number of nodes: 5
Student reward: 1.0
Iteration 13/80
Training student with 7344 points
Train accuracy: 0.46706382978723404
Test accuracy: 0.49081007488087136
Number of nodes: 5
Student reward: 2.4
Iteration 14/80
Training student with 7818 points
Train accuracy: 0.4664214902462424
Test accuracy: 0.460997442455243
Number of nodes: 5
Student reward: 2.0
Iteration 15/80
Training student with 8302 points
Train accuracy: 0.46589369070923053
Test accuracy: 0.4419024683925346
Number of nodes: 5
Student reward: 2.6
Iteration 16/80
Training student with 8839 points
Train accuracy: 0.4566539386225428
Test accuracy: 0.45305429864253394
Number of nodes: 5
Student reward: 2.8
Iteration 17/80
Training student with 9354 points
Train accuracy: 0.45556594948550044
Test accuracy: 0.45269909139497594
Number of nodes: 5
Student reward: 3.8
Iteration 18/80
Training student with 10005 points
Train accuracy: 0.46839080459770116
Test accuracy: 0.46326836581709147
Number of nodes: 5
Student reward: 2.5
Iteration 19/80
Training student with 10508 points
Train accuracy: 0.46216987865810133
Test accuracy: 0.46574690770694577
Number of nodes: 5
Student reward: 2.5
Iteration 20/80
Training student with 11013 points
Train accuracy: 0.46038592508513054
Test accuracy: 0.44802541988197914
Number of nodes: 5
Student reward: 2.6
Iteration 21/80
Training student with 11520 points
Train accuracy: 0.4508463541666667
Test accuracy: 0.4270833333333333
Number of nodes: 5
Student reward: 1.1
Iteration 22/80
Training student with 11987 points
Train accuracy: 0.4681405777453332
Test accuracy: 0.4599666388657214
Number of nodes: 5
Student reward: 1.7
Iteration 23/80
Training student with 12491 points
Train accuracy: 0.4614691753402722
Test accuracy: 0.4669867947178872
Number of nodes: 5
Student reward: 2.7
Iteration 24/80
Training student with 13034 points
Train accuracy: 0.4630286755538506
Test accuracy: 0.44342155734560795
Number of nodes: 5
Student reward: 2.6
Iteration 25/80
Training student with 13519 points
Train accuracy: 0.4524271844660194
Test accuracy: 0.47374260355029585
Number of nodes: 5
Student reward: 3.4
Iteration 26/80
Training student with 14082 points
Train accuracy: 0.4577896138482024
Test accuracy: 0.44195953141640043
Number of nodes: 5
Student reward: 3.7
Iteration 27/80
Training student with 14722 points
Train accuracy: 0.462426764031587
Test accuracy: 0.46519524617996605
Number of nodes: 5
Student reward: 2.6
Iteration 28/80
Training student with 15243 points
Train accuracy: 0.4591602427423323
Test accuracy: 0.465726467694326
Number of nodes: 5
Student reward: 2.8
Iteration 29/80
Training student with 15780 points
Train accuracy: 0.4597591888466413
Test accuracy: 0.4543726235741445
Number of nodes: 5
Student reward: 2.7
Iteration 30/80
Training student with 16285 points
Train accuracy: 0.4543291372428615
Test accuracy: 0.46392385630948724
Number of nodes: 5
Student reward: 2.1
Iteration 31/80
Training student with 16788 points
Train accuracy: 0.45480268056589723
Test accuracy: 0.44907683144729005
Number of nodes: 5
Student reward: 2.9
Iteration 32/80
Training student with 17305 points
Train accuracy: 0.45232591736492345
Test accuracy: 0.4455359722623519
Number of nodes: 5
Student reward: 3.5
Iteration 33/80
Training student with 17913 points
Train accuracy: 0.457013258897418
Test accuracy: 0.46078704995813563
Number of nodes: 5
Student reward: 0.8
Iteration 34/80
Training student with 18323 points
Train accuracy: 0.4624096056760813
Test accuracy: 0.4616643929058663
Number of nodes: 5
Student reward: 2.4
Iteration 35/80
Training student with 18832 points
Train accuracy: 0.4592100896116827
Test accuracy: 0.45898593044863284
Number of nodes: 5
Student reward: 2.7
Iteration 36/80
Training student with 19363 points
Train accuracy: 0.4546804389928986
Test accuracy: 0.4678543764523625
Number of nodes: 5
Student reward: 2.6
Iteration 37/80
Training student with 19889 points
Train accuracy: 0.45811074099679466
Test accuracy: 0.44293614881850174
Number of nodes: 5
Student reward: 2.3
Iteration 38/80
Training student with 20400 points
Train accuracy: 0.4547794117647059
Test accuracy: 0.4428921568627451
Number of nodes: 5
Student reward: 2.6
Iteration 39/80
Training student with 20954 points
Train accuracy: 0.4532005011036211
Test accuracy: 0.4547840610832737
Number of nodes: 5
Student reward: 3.0
Iteration 40/80
Training student with 21470 points
Train accuracy: 0.45837214718211455
Test accuracy: 0.45388914764788074
Number of nodes: 5
Student reward: 3.4
Iteration 41/80
Training student with 22043 points
Train accuracy: 0.45321537938074175
Test accuracy: 0.4595146291676117
Number of nodes: 5
Student reward: 2.7
Iteration 42/80
Training student with 22544 points
Train accuracy: 0.45383975602994175
Test accuracy: 0.447771124417831
Number of nodes: 5
Student reward: 2.0
Iteration 43/80
Training student with 23045 points
Train accuracy: 0.452972445215882
Test accuracy: 0.45649815578216535
Number of nodes: 5
Student reward: 3.4
Iteration 44/80
Training student with 23699 points
Train accuracy: 0.4564586739806952
Test accuracy: 0.45949367088607596
Number of nodes: 5
Student reward: 2.5
Iteration 45/80
Training student with 24199 points
Train accuracy: 0.454878867710109
Test accuracy: 0.4559917355371901
Number of nodes: 5
Student reward: 2.1
Iteration 46/80
Training student with 24672 points
Train accuracy: 0.45092972589552616
Test accuracy: 0.4630192502532928
Number of nodes: 5
Student reward: 2.6
Iteration 47/80
Training student with 25209 points
Train accuracy: 0.45187682848217386
Test accuracy: 0.4490281634272114
Number of nodes: 5
Student reward: 1.9
Iteration 48/80
Training student with 25688 points
Train accuracy: 0.45172749391727496
Test accuracy: 0.44297391981315687
Number of nodes: 5
Student reward: 2.0
Iteration 49/80
Training student with 26164 points
Train accuracy: 0.45301227843867947
Test accuracy: 0.45060194916873686
Number of nodes: 5
Student reward: 3.3
Iteration 50/80
Training student with 26818 points
Train accuracy: 0.45627854945464713
Test accuracy: 0.4500372856077554
Number of nodes: 5
Student reward: 2.8
Iteration 51/80
Training student with 27373 points
Train accuracy: 0.45383140012786555
Test accuracy: 0.4494977168949772
Number of nodes: 5
Student reward: 1.0
Iteration 52/80
Training student with 27798 points
Train accuracy: 0.45647090565698356
Test accuracy: 0.4508992805755396
Number of nodes: 5
Student reward: 2.0
Iteration 53/80
Training student with 28266 points
Train accuracy: 0.45484698390235273
Test accuracy: 0.44853201273434734
Number of nodes: 5
Student reward: 2.5
Iteration 54/80
Training student with 28775 points
Train accuracy: 0.4510860121633362
Test accuracy: 0.4573414422241529
Number of nodes: 5
Student reward: 2.6
Iteration 55/80
Training student with 29262 points
Train accuracy: 0.4529454483318382
Test accuracy: 0.4469502819067145
Number of nodes: 5
Student reward: 4.3
Iteration 56/80
Training student with 29923 points
Train accuracy: 0.45667975603642746
Test accuracy: 0.4568086883876358
Number of nodes: 5
Student reward: 2.2
Iteration 57/80
Training student with 30447 points
Train accuracy: 0.4553927002504414
Test accuracy: 0.4517241379310345
Number of nodes: 5
Student reward: 2.3
Iteration 58/80
Training student with 30967 points
Train accuracy: 0.4518629152706576
Test accuracy: 0.4573781078463029
Number of nodes: 5
Student reward: 2.2
Iteration 59/80
Training student with 31450 points
Train accuracy: 0.45266295707472176
Test accuracy: 0.443879173290938
Number of nodes: 5
Student reward: 3.3
Iteration 60/80
Training student with 32005 points
Train accuracy: 0.4552023121387283
Test accuracy: 0.45742852679268864
Number of nodes: 5
Student reward: 2.5
Iteration 61/80
Training student with 32520 points
Train accuracy: 0.45387453874538747
Test accuracy: 0.4523370233702337
Number of nodes: 5
Student reward: 2.3
Iteration 62/80
Training student with 33018 points
Train accuracy: 0.45165442568334974
Test accuracy: 0.4556329497274379
Number of nodes: 5
Student reward: 2.2
Iteration 63/80
Training student with 33546 points
Train accuracy: 0.4512967655388284
Test accuracy: 0.4482861400894188
Number of nodes: 5
Student reward: 3.3
Iteration 64/80
Training student with 34104 points
Train accuracy: 0.4507202287138511
Test accuracy: 0.4428969359331476
Number of nodes: 5
Student reward: 1.2
Iteration 65/80
Training student with 34575 points
Train accuracy: 0.45408532176428057
Test accuracy: 0.44960231381055676
Number of nodes: 5
Student reward: 3.2
Iteration 66/80
Training student with 35136 points
Train accuracy: 0.45179308381955313
Test accuracy: 0.4499146272054639
Number of nodes: 5
Student reward: 3.2
Iteration 67/80
Training student with 35716 points
Train accuracy: 0.4504409911801764
Test accuracy: 0.44806830907054873
Number of nodes: 5
Student reward: 2.7
Iteration 68/80
Training student with 36240 points
Train accuracy: 0.45274558498896245
Test accuracy: 0.4463300220750552
Number of nodes: 5
Student reward: 4.5
Iteration 69/80
Training student with 36933 points
Train accuracy: 0.4546469911324714
Test accuracy: 0.4478137268173819
Number of nodes: 5
Student reward: 1.6
Iteration 70/80
Training student with 37392 points
Train accuracy: 0.4509410624143349
Test accuracy: 0.43535231982885414
Number of nodes: 5
Student reward: 3.4
Iteration 71/80
Training student with 37984 points
Train accuracy: 0.4564122815677757
Test accuracy: 0.4583388179544557
Number of nodes: 5
Student reward: 0.8
Iteration 72/80
Training student with 38404 points
Train accuracy: 0.45584741073462876
Test accuracy: 0.4619190209608124
Number of nodes: 5
Student reward: 2.7
Iteration 73/80
Training student with 38934 points
Train accuracy: 0.45831059171027705
Test accuracy: 0.44677025812251187
Number of nodes: 5
Student reward: 2.9
Iteration 74/80
Training student with 39487 points
Train accuracy: 0.4541454303713318
Test accuracy: 0.45479868321093947
Number of nodes: 5
Student reward: 2.3
Iteration 75/80
Training student with 39993 points
Train accuracy: 0.451709695567919
Test accuracy: 0.459182397799725
Number of nodes: 5
Student reward: 2.0
Iteration 76/80
Training student with 40466 points
Train accuracy: 0.45289138761892994
Test accuracy: 0.44848035581912526
Number of nodes: 5
Student reward: 2.1
Iteration 77/80
Training student with 40968 points
Train accuracy: 0.451821565875389
Test accuracy: 0.4476446180131804
Number of nodes: 5
Student reward: 2.4
Iteration 78/80
Training student with 41479 points
Train accuracy: 0.45053189886387607
Test accuracy: 0.4496142719382835
Number of nodes: 5
Student reward: 4.2
Iteration 79/80
Training student with 42194 points
Train accuracy: 0.45371056139831134
Test accuracy: 0.4536082474226804
Number of nodes: 5
Student reward: 1.1
Initial policy count: 80
Current policy count: 40
Reward update: 4.5 -> 3.38
Reward update: 4.3 -> 2.7
Reward update: 4.2 -> 2.94
Reward update: 3.8 -> 3.1
Reward update: 3.8 -> 3.26
Reward update: 3.7 -> 3.38
Reward update: 3.5 -> 3.5
Reward update: 3.4 -> 2.46
Reward update: 3.4 -> 2.78
Reward update: 3.4 -> 3.28
Reward update: 3.4 -> 3.2
Reward update: 3.3 -> 2.84
Reward update: 3.3 -> 3.08
Reward update: 3.3 -> 2.52
Reward update: 3.2 -> 3.54
Reward update: 3.2 -> 2.8
Reward update: 3.2 -> 2.52
Reward update: 3.0 -> 2.32
Reward update: 3.0 -> 3.5
Reward update: 2.9 -> 2.3
Reward update: 2.9 -> 2.34
Reward update: 2.8 -> 3.44
Reward update: 2.8 -> 2.42
Reward update: 2.8 -> 2.22
Reward update: 2.8 -> 2.44
Reward update: 2.7 -> 2.34
Reward update: 2.7 -> 2.58
Reward update: 2.7 -> 2.22
Reward update: 2.7 -> 2.52
Reward update: 2.7 -> 2.68
Reward update: 2.7 -> 2.4
Reward update: 2.6 -> 2.3
Reward update: 2.6 -> 2.38
Reward update: 2.6 -> 2.56
Reward update: 2.6 -> 2.34
Reward update: 2.6 -> 2.22
Reward update: 2.6 -> 2.56
Reward update: 2.6 -> 2.42
Reward update: 2.6 -> 2.54
Reward update: 2.5 -> 2.64
Current policy count: 20
Reward update: 3.54 -> 2.68
Reward update: 3.5 -> 3.38
Reward update: 3.5 -> 3.4
Reward update: 3.44 -> 3.0
Reward update: 3.38 -> 2.58
Reward update: 3.38 -> 3.1
Reward update: 3.28 -> 3.6
Reward update: 3.26 -> 3.16
Reward update: 3.2 -> 3.82
Reward update: 3.1 -> 3.32
Reward update: 3.08 -> 3.14
Reward update: 2.94 -> 3.16
Reward update: 2.84 -> 3.3
Reward update: 2.8 -> 2.46
Reward update: 2.78 -> 2.64
Reward update: 2.7 -> 3.36
Reward update: 2.68 -> 2.44
Reward update: 2.64 -> 2.6
Reward update: 2.58 -> 2.1
Reward update: 2.56 -> 2.5
Current policy count: 10
Reward update: 3.82 -> 2.72
Reward update: 3.6 -> 3.22
Reward update: 3.4 -> 2.96
Reward update: 3.38 -> 3.32
Reward update: 3.36 -> 3.14
Reward update: 3.32 -> 3.78
Reward update: 3.3 -> 3.58
Reward update: 3.16 -> 3.26
Reward update: 3.16 -> 3.5
Reward update: 3.14 -> 3.28
Current policy count: 5
Reward update: 3.78 -> 3.48
Reward update: 3.58 -> 3.36
Reward update: 3.5 -> 3.32
Reward update: 3.32 -> 3.14
Reward update: 3.28 -> 3.02
Current policy count: 3
Reward update: 3.48 -> 3.66
Reward update: 3.36 -> 2.86
Reward update: 3.32 -> 3.4
Current policy count: 2
Reward update: 3.66 -> 3.48
Reward update: 3.4 -> 3.12
Current policy count: 1
Reward update: 3.48 -> 3.32
Final reward: 3.44
Number of nodes: 5
