Iteration 0/80
Training student with 1179 points
Train accuracy: 0.8918345705196182
Test accuracy: 0.847457627118644
Number of nodes: 5
Student reward: 9.7
Iteration 1/80
Training student with 2067 points
Train accuracy: 0.8874773139745916
Test accuracy: 0.8888888888888888
Number of nodes: 5
Student reward: 11.0
Iteration 2/80
Training student with 3077 points
Train accuracy: 0.8976026005688744
Test accuracy: 0.8928571428571429
Number of nodes: 5
Student reward: 9.7
Iteration 3/80
Training student with 3981 points
Train accuracy: 0.8891331658291457
Test accuracy: 0.8870765370138017
Number of nodes: 5
Student reward: 9.2
Iteration 4/80
Training student with 4802 points
Train accuracy: 0.8820619630304608
Test accuracy: 0.886576482830385
Number of nodes: 5
Student reward: 8.6
Iteration 5/80
Training student with 5582 points
Train accuracy: 0.8830907054871221
Test accuracy: 0.88272157564906
Number of nodes: 5
Student reward: 11.4
Iteration 6/80
Training student with 6663 points
Train accuracy: 0.8838649155722327
Test accuracy: 0.8829707426856714
Number of nodes: 5
Student reward: 9.4
Iteration 7/80
Training student with 7480 points
Train accuracy: 0.8811831550802139
Test accuracy: 0.8963903743315508
Number of nodes: 5
Student reward: 9.9
Iteration 8/80
Training student with 8368 points
Train accuracy: 0.8855691664176875
Test accuracy: 0.8781362007168458
Number of nodes: 5
Student reward: 11.7
Iteration 9/80
Training student with 9394 points
Train accuracy: 0.8836992681304059
Test accuracy: 0.8866418307610431
Number of nodes: 5
Student reward: 8.2
Iteration 10/80
Training student with 10130 points
Train accuracy: 0.8846248766041461
Test accuracy: 0.8820335636722606
Number of nodes: 5
Student reward: 11.2
Iteration 11/80
Training student with 11104 points
Train accuracy: 0.8835978835978836
Test accuracy: 0.879783881134624
Number of nodes: 5
Student reward: 8.8
Iteration 12/80
Training student with 11869 points
Train accuracy: 0.8789889415481833
Test accuracy: 0.8820556023588879
Number of nodes: 5
Student reward: 9.6
Iteration 13/80
Training student with 12713 points
Train accuracy: 0.8805309734513275
Test accuracy: 0.8859614628391663
Number of nodes: 5
Student reward: 10.1
Iteration 14/80
Training student with 13685 points
Train accuracy: 0.8748629886737304
Test accuracy: 0.8900255754475703
Number of nodes: 5
Student reward: 8.3
Iteration 15/80
Training student with 14441 points
Train accuracy: 0.8794148199445984
Test accuracy: 0.8847352024922118
Number of nodes: 5
Student reward: 9.6
Iteration 16/80
Training student with 15263 points
Train accuracy: 0.8823914823914824
Test accuracy: 0.8771699967245332
Number of nodes: 5
Student reward: 10.3
Iteration 17/80
Training student with 16206 points
Train accuracy: 0.886686207960506
Test accuracy: 0.8775447254780999
Number of nodes: 5
Student reward: 10.2
Iteration 18/80
Training student with 17123 points
Train accuracy: 0.8808585194918966
Test accuracy: 0.8835036496350365
Number of nodes: 5
Student reward: 10.1
Iteration 19/80
Training student with 18011 points
Train accuracy: 0.8801360355358134
Test accuracy: 0.8717735220649458
Number of nodes: 5
Student reward: 9.3
Iteration 20/80
Training student with 18839 points
Train accuracy: 0.8888593988454648
Test accuracy: 0.8930467091295117
Number of nodes: 5
Student reward: 10.1
Iteration 21/80
Training student with 19771 points
Train accuracy: 0.8829666160849773
Test accuracy: 0.8821744627054362
Number of nodes: 5
Student reward: 10.0
Iteration 22/80
Training student with 20675 points
Train accuracy: 0.8835550181378476
Test accuracy: 0.8918984280532044
Number of nodes: 5
Student reward: 9.3
Iteration 23/80
Training student with 21563 points
Train accuracy: 0.8809855072463768
Test accuracy: 0.8796661256665894
Number of nodes: 5
Student reward: 8.8
Iteration 24/80
Training student with 22365 points
Train accuracy: 0.8822378716744914
Test accuracy: 0.8810641627543035
Number of nodes: 5
Student reward: 10.0
Iteration 25/80
Training student with 23252 points
Train accuracy: 0.88441481640772
Test accuracy: 0.8869060417114599
Number of nodes: 5
Student reward: 8.6
Iteration 26/80
Training student with 24011 points
Train accuracy: 0.8853082049146189
Test accuracy: 0.8779929210909848
Number of nodes: 5
Student reward: 8.7
Iteration 27/80
Training student with 24788 points
Train accuracy: 0.8873928391326273
Test accuracy: 0.8703106091165793
Number of nodes: 5
Student reward: 10.3
Iteration 28/80
Training student with 25719 points
Train accuracy: 0.8825759416767922
Test accuracy: 0.8880248833592534
Number of nodes: 5
Student reward: 9.4
Iteration 29/80
Training student with 26615 points
Train accuracy: 0.883900056359196
Test accuracy: 0.8795791846702987
Number of nodes: 5
Student reward: 9.2
Iteration 30/80
Training student with 27451 points
Train accuracy: 0.8811020036429873
Test accuracy: 0.8828992897468585
Number of nodes: 5
Student reward: 9.3
Iteration 31/80
Training student with 28314 points
Train accuracy: 0.8823010021632599
Test accuracy: 0.8857496026840898
Number of nodes: 5
Student reward: 9.4
Iteration 32/80
Training student with 29180 points
Train accuracy: 0.8805260452364634
Test accuracy: 0.8809115832762165
Number of nodes: 5
Student reward: 9.0
Iteration 33/80
Training student with 29977 points
Train accuracy: 0.883824694549852
Test accuracy: 0.88025350233489
Number of nodes: 5
Student reward: 8.7
Iteration 34/80
Training student with 30766 points
Train accuracy: 0.8817649926864944
Test accuracy: 0.8860903477413065
Number of nodes: 5
Student reward: 10.1
Iteration 35/80
Training student with 31640 points
Train accuracy: 0.8843236409608091
Test accuracy: 0.881953223767383
Number of nodes: 5
Student reward: 11.2
Iteration 36/80
Training student with 32658 points
Train accuracy: 0.8836408175763607
Test accuracy: 0.8848744641763625
Number of nodes: 5
Student reward: 11.0
Iteration 37/80
Training student with 33654 points
Train accuracy: 0.8832225234929243
Test accuracy: 0.8812954984400535
Number of nodes: 5
Student reward: 9.0
Iteration 38/80
Training student with 34509 points
Train accuracy: 0.880899771797008
Test accuracy: 0.876702405099971
Number of nodes: 5
Student reward: 8.7
Iteration 39/80
Training student with 35292 points
Train accuracy: 0.8839655722027415
Test accuracy: 0.877886386173679
Number of nodes: 5
Student reward: 7.8
Iteration 40/80
Training student with 36019 points
Train accuracy: 0.8805830296720458
Test accuracy: 0.8815935591338145
Number of nodes: 5
Student reward: 7.4
Iteration 41/80
Training student with 36705 points
Train accuracy: 0.8847227898106526
Test accuracy: 0.8858466149026019
Number of nodes: 5
Student reward: 10.0
Iteration 42/80
Training student with 37633 points
Train accuracy: 0.8814854181890653
Test accuracy: 0.891723130065099
Number of nodes: 5
Student reward: 10.1
Iteration 43/80
Training student with 38552 points
Train accuracy: 0.8826237800330728
Test accuracy: 0.8767993775126443
Number of nodes: 5
Student reward: 9.9
Iteration 44/80
Training student with 39480 points
Train accuracy: 0.8840552178318136
Test accuracy: 0.8789260385005065
Number of nodes: 5
Student reward: 10.1
Iteration 45/80
Training student with 40416 points
Train accuracy: 0.8816652233081776
Test accuracy: 0.8870608609599209
Number of nodes: 5
Student reward: 8.8
Iteration 46/80
Training student with 41232 points
Train accuracy: 0.8845232681521904
Test accuracy: 0.8858979022674912
Number of nodes: 5
Student reward: 9.6
Iteration 47/80
Training student with 42137 points
Train accuracy: 0.8828502773739951
Test accuracy: 0.8836022781205506
Number of nodes: 5
Student reward: 9.6
Iteration 48/80
Training student with 43022 points
Train accuracy: 0.8812796001975768
Test accuracy: 0.8769320162696107
Number of nodes: 5
Student reward: 8.4
Iteration 49/80
Training student with 43781 points
Train accuracy: 0.8817382366377341
Test accuracy: 0.8834075596665525
Number of nodes: 5
Student reward: 10.1
Iteration 50/80
Training student with 44721 points
Train accuracy: 0.887382602862254
Test accuracy: 0.885187255449972
Number of nodes: 5
Student reward: 7.9
Iteration 51/80
Training student with 45435 points
Train accuracy: 0.881341476835039
Test accuracy: 0.8825795091889512
Number of nodes: 5
Student reward: 10.2
Iteration 52/80
Training student with 46356 points
Train accuracy: 0.8831571567252724
Test accuracy: 0.8799611734253667
Number of nodes: 5
Student reward: 8.5
Iteration 53/80
Training student with 47110 points
Train accuracy: 0.882084483124602
Test accuracy: 0.8794311186584589
Number of nodes: 5
Student reward: 9.3
Iteration 54/80
Training student with 47948 points
Train accuracy: 0.8805464309922311
Test accuracy: 0.8793534932221063
Number of nodes: 5
Student reward: 9.1
Iteration 55/80
Training student with 48848 points
Train accuracy: 0.8829520446286914
Test accuracy: 0.8824974411463664
Number of nodes: 5
Student reward: 10.2
Iteration 56/80
Training student with 49791 points
Train accuracy: 0.8829835308294839
Test accuracy: 0.8861331458981826
Number of nodes: 5
Student reward: 10.0
Iteration 57/80
Training student with 50713 points
Train accuracy: 0.878259797880207
Test accuracy: 0.8873114463176575
Number of nodes: 5
Student reward: 9.4
Iteration 58/80
Training student with 51548 points
Train accuracy: 0.8818807895630244
Test accuracy: 0.8866149369544132
Number of nodes: 5
Student reward: 9.5
Iteration 59/80
Training student with 52394 points
Train accuracy: 0.8806155314326614
Test accuracy: 0.883194961351274
Number of nodes: 5
Student reward: 8.6
Iteration 60/80
Training student with 53154 points
Train accuracy: 0.8810055734543659
Test accuracy: 0.8832659204214091
Number of nodes: 5
Student reward: 10.6
Iteration 61/80
Training student with 54097 points
Train accuracy: 0.8846500450585761
Test accuracy: 0.8822550831792976
Number of nodes: 5
Student reward: 9.7
Iteration 62/80
Training student with 54977 points
Train accuracy: 0.8802664787067143
Test accuracy: 0.8812295380138232
Number of nodes: 5
Student reward: 10.2
Iteration 63/80
Training student with 55913 points
Train accuracy: 0.8845293986139057
Test accuracy: 0.8849146025216847
Number of nodes: 5
Student reward: 10.0
Iteration 64/80
Training student with 56805 points
Train accuracy: 0.8823827127893671
Test accuracy: 0.8758031863392307
Number of nodes: 5
Student reward: 11.0
Iteration 65/80
Training student with 57830 points
Train accuracy: 0.8803173093550061
Test accuracy: 0.8787826387688051
Number of nodes: 5
Student reward: 10.5
Iteration 66/80
Training student with 58764 points
Train accuracy: 0.8826870306949437
Test accuracy: 0.8809665617289203
Number of nodes: 5
Student reward: 8.8
Iteration 67/80
Training student with 59566 points
Train accuracy: 0.8844539578611601
Test accuracy: 0.8867718650327346
Number of nodes: 5
Student reward: 9.0
Iteration 68/80
Training student with 60381 points
Train accuracy: 0.8817696257038754
Test accuracy: 0.8825867351163368
Number of nodes: 5
Student reward: 10.5
Iteration 69/80
Training student with 61308 points
Train accuracy: 0.8823757289075562
Test accuracy: 0.8839504159190996
Number of nodes: 5
Student reward: 9.2
Iteration 70/80
Training student with 62120 points
Train accuracy: 0.8802318094011591
Test accuracy: 0.8847392144236961
Number of nodes: 5
Student reward: 10.0
Iteration 71/80
Training student with 63044 points
Train accuracy: 0.883374640626549
Test accuracy: 0.8835752240463162
Number of nodes: 5
Student reward: 10.2
Iteration 72/80
Training student with 63972 points
Train accuracy: 0.8818414522148621
Test accuracy: 0.8797186400937866
Number of nodes: 5
Student reward: 9.8
Iteration 73/80
Training student with 64863 points
Train accuracy: 0.8802274041241087
Test accuracy: 0.8857627379942958
Number of nodes: 5
Student reward: 10.7
Iteration 74/80
Training student with 65795 points
Train accuracy: 0.8812219773539023
Test accuracy: 0.88327380500038
Number of nodes: 5
Student reward: 9.7
Iteration 75/80
Training student with 66651 points
Train accuracy: 0.8799512378094524
Test accuracy: 0.8831295476708424
Number of nodes: 5
Student reward: 8.9
Iteration 76/80
Training student with 67473 points
Train accuracy: 0.8828782096409649
Test accuracy: 0.8853649499814746
Number of nodes: 5
Student reward: 9.2
Iteration 77/80
Training student with 68299 points
Train accuracy: 0.8795915005765113
Test accuracy: 0.8814055636896047
Number of nodes: 5
Student reward: 8.9
Iteration 78/80
Training student with 69109 points
Train accuracy: 0.8833722213178505
Test accuracy: 0.8833019823469831
Number of nodes: 5
Student reward: 8.2
Iteration 79/80
Training student with 69882 points
Train accuracy: 0.8827654055987837
Test accuracy: 0.8855977677613222
Number of nodes: 5
Student reward: 9.0
Initial policy count: 80
Current policy count: 40
Reward update: 11.7 -> 9.5
Reward update: 11.4 -> 9.4
Reward update: 11.2 -> 9.4
Reward update: 11.2 -> 9.3
Reward update: 11.0 -> 10.62
Reward update: 11.0 -> 9.32
Reward update: 11.0 -> 9.6
Reward update: 10.7 -> 9.02
Reward update: 10.6 -> 8.94
Reward update: 10.5 -> 9.38
Reward update: 10.5 -> 9.0
Reward update: 10.3 -> 9.36
Reward update: 10.3 -> 10.02
Reward update: 10.2 -> 9.32
Reward update: 10.2 -> 9.86
Reward update: 10.2 -> 9.9
Reward update: 10.2 -> 9.6
Reward update: 10.2 -> 9.36
Reward update: 10.1 -> 9.18
Reward update: 10.1 -> 9.22
Reward update: 10.1 -> 9.28
Reward update: 10.1 -> 9.36
Reward update: 10.1 -> 9.5
Reward update: 10.1 -> 9.52
Reward update: 10.1 -> 10.0
Reward update: 10.0 -> 9.48
Reward update: 10.0 -> 10.28
Reward update: 10.0 -> 10.22
Reward update: 10.0 -> 10.2
Reward update: 10.0 -> 9.98
Reward update: 10.0 -> 10.14
Reward update: 9.9 -> 9.94
Reward update: 9.9 -> 9.48
Reward update: 9.8 -> 9.18
Reward update: 9.7 -> 9.4
Reward update: 9.7 -> 9.56
Reward update: 9.7 -> 10.1
Reward update: 9.7 -> 9.6
Reward update: 9.6 -> 9.16
Reward update: 9.6 -> 9.28
Current policy count: 20
Reward update: 10.62 -> 9.82
Reward update: 10.28 -> 9.02
Reward update: 10.22 -> 10.12
Reward update: 10.2 -> 9.92
Reward update: 10.14 -> 9.76
Reward update: 10.1 -> 9.06
Reward update: 10.02 -> 10.04
Reward update: 10.0 -> 9.72
Reward update: 9.98 -> 9.1
Reward update: 9.94 -> 9.54
Reward update: 9.9 -> 9.56
Reward update: 9.86 -> 9.8
Reward update: 9.6 -> 9.2
Reward update: 9.6 -> 9.22
Reward update: 9.6 -> 9.92
Reward update: 9.56 -> 9.14
Reward update: 9.52 -> 9.14
Reward update: 9.5 -> 9.58
Reward update: 9.5 -> 9.64
Reward update: 9.48 -> 10.1
Current policy count: 10
Reward update: 10.12 -> 9.22
Reward update: 10.1 -> 9.86
Reward update: 10.04 -> 9.52
Reward update: 9.92 -> 9.78
Reward update: 9.92 -> 9.32
Reward update: 9.82 -> 10.52
Reward update: 9.8 -> 9.28
Reward update: 9.76 -> 10.24
Reward update: 9.72 -> 9.36
Reward update: 9.64 -> 9.36
Current policy count: 5
Reward update: 10.52 -> 9.38
Reward update: 10.24 -> 9.52
Reward update: 9.86 -> 9.52
Reward update: 9.78 -> 9.14
Reward update: 9.52 -> 9.38
Current policy count: 3
Reward update: 9.52 -> 9.26
Reward update: 9.52 -> 10.02
Reward update: 9.38 -> 9.22
Current policy count: 2
Reward update: 10.02 -> 9.06
Reward update: 9.26 -> 9.34
Current policy count: 1
Reward update: 9.34 -> 9.98
Final reward: 9.08
Number of nodes: 5
