Iteration 0/80
Training student with 1186 points
Train accuracy: 0.879746835443038
Test accuracy: 0.8865546218487395
Number of nodes: 5
Student reward: 10.3
Iteration 1/80
Training student with 2080 points
Train accuracy: 0.8810096153846154
Test accuracy: 0.8701923076923077
Number of nodes: 5
Student reward: 10.0
Iteration 2/80
Training student with 2993 points
Train accuracy: 0.8847117794486216
Test accuracy: 0.8781302170283807
Number of nodes: 5
Student reward: 8.7
Iteration 3/80
Training student with 3816 points
Train accuracy: 0.8823722149410222
Test accuracy: 0.893979057591623
Number of nodes: 5
Student reward: 8.4
Iteration 4/80
Training student with 4565 points
Train accuracy: 0.8849945235487404
Test accuracy: 0.8893756845564075
Number of nodes: 5
Student reward: 9.7
Iteration 5/80
Training student with 5444 points
Train accuracy: 0.8884041331802526
Test accuracy: 0.8686868686868687
Number of nodes: 5
Student reward: 9.0
Iteration 6/80
Training student with 6293 points
Train accuracy: 0.8875645609853
Test accuracy: 0.8681493248610008
Number of nodes: 5
Student reward: 7.8
Iteration 7/80
Training student with 7008 points
Train accuracy: 0.8797716732072779
Test accuracy: 0.8894436519258203
Number of nodes: 5
Student reward: 9.9
Iteration 8/80
Training student with 7894 points
Train accuracy: 0.8840855106888361
Test accuracy: 0.8714376187460418
Number of nodes: 5
Student reward: 9.8
Iteration 9/80
Training student with 8803 points
Train accuracy: 0.8800056802044873
Test accuracy: 0.8830210107893243
Number of nodes: 5
Student reward: 10.1
Iteration 10/80
Training student with 9735 points
Train accuracy: 0.8785310734463276
Test accuracy: 0.8941961992809451
Number of nodes: 5
Student reward: 9.0
Iteration 11/80
Training student with 10479 points
Train accuracy: 0.880114517475844
Test accuracy: 0.8826335877862596
Number of nodes: 5
Student reward: 8.8
Iteration 12/80
Training student with 11272 points
Train accuracy: 0.877342796939115
Test accuracy: 0.8900221729490022
Number of nodes: 5
Student reward: 8.9
Iteration 13/80
Training student with 12109 points
Train accuracy: 0.8810777330442862
Test accuracy: 0.8744838976052849
Number of nodes: 5
Student reward: 9.1
Iteration 14/80
Training student with 12910 points
Train accuracy: 0.8823586367157242
Test accuracy: 0.8659953524399691
Number of nodes: 5
Student reward: 9.6
Iteration 15/80
Training student with 13761 points
Train accuracy: 0.8809047965116279
Test accuracy: 0.8714130039956411
Number of nodes: 5
Student reward: 9.0
Iteration 16/80
Training student with 14555 points
Train accuracy: 0.8813122638268637
Test accuracy: 0.8728959120577121
Number of nodes: 5
Student reward: 9.5
Iteration 17/80
Training student with 15433 points
Train accuracy: 0.8794751336465252
Test accuracy: 0.880466472303207
Number of nodes: 5
Student reward: 10.4
Iteration 18/80
Training student with 16374 points
Train accuracy: 0.8812123062829224
Test accuracy: 0.8781679389312977
Number of nodes: 5
Student reward: 9.5
Iteration 19/80
Training student with 17251 points
Train accuracy: 0.8827536231884058
Test accuracy: 0.8751086641553173
Number of nodes: 5
Student reward: 9.4
Iteration 20/80
Training student with 18061 points
Train accuracy: 0.8814368770764119
Test accuracy: 0.8790478826460005
Number of nodes: 5
Student reward: 9.4
Iteration 21/80
Training student with 18963 points
Train accuracy: 0.8798945286750165
Test accuracy: 0.8871605589243343
Number of nodes: 5
Student reward: 9.4
Iteration 22/80
Training student with 19819 points
Train accuracy: 0.8838221381267739
Test accuracy: 0.875882946518668
Number of nodes: 5
Student reward: 9.3
Iteration 23/80
Training student with 20654 points
Train accuracy: 0.8830720813411608
Test accuracy: 0.8767852820140402
Number of nodes: 5
Student reward: 10.1
Iteration 24/80
Training student with 21570 points
Train accuracy: 0.8810268891979601
Test accuracy: 0.8815484469170144
Number of nodes: 5
Student reward: 8.7
Iteration 25/80
Training student with 22388 points
Train accuracy: 0.8809603573422669
Test accuracy: 0.8827601607860652
Number of nodes: 5
Student reward: 9.0
Iteration 26/80
Training student with 23165 points
Train accuracy: 0.8808547377509174
Test accuracy: 0.8845240664796028
Number of nodes: 5
Student reward: 9.2
Iteration 27/80
Training student with 23994 points
Train accuracy: 0.8813753581661891
Test accuracy: 0.8833090227130652
Number of nodes: 5
Student reward: 8.6
Iteration 28/80
Training student with 24802 points
Train accuracy: 0.8825664029030795
Test accuracy: 0.8760330578512396
Number of nodes: 5
Student reward: 8.9
Iteration 29/80
Training student with 25569 points
Train accuracy: 0.8799315570765094
Test accuracy: 0.8840438013296832
Number of nodes: 5
Student reward: 9.4
Iteration 30/80
Training student with 26394 points
Train accuracy: 0.8811745204830689
Test accuracy: 0.8770600492517522
Number of nodes: 5
Student reward: 9.0
Iteration 31/80
Training student with 27196 points
Train accuracy: 0.879021879021879
Test accuracy: 0.8862132352941177
Number of nodes: 5
Student reward: 9.4
Iteration 32/80
Training student with 28063 points
Train accuracy: 0.8800890868596882
Test accuracy: 0.8813468733297701
Number of nodes: 5
Student reward: 7.7
Iteration 33/80
Training student with 28769 points
Train accuracy: 0.880990658266348
Test accuracy: 0.8760862009037191
Number of nodes: 5
Student reward: 8.2
Iteration 34/80
Training student with 29514 points
Train accuracy: 0.8808182626741773
Test accuracy: 0.8749788243266136
Number of nodes: 5
Student reward: 9.7
Iteration 35/80
Training student with 30384 points
Train accuracy: 0.8786769243427819
Test accuracy: 0.8831660358729636
Number of nodes: 5
Student reward: 9.7
Iteration 36/80
Training student with 31300 points
Train accuracy: 0.8803115015974441
Test accuracy: 0.879073482428115
Number of nodes: 5
Student reward: 10.8
Iteration 37/80
Training student with 32307 points
Train accuracy: 0.8807506287483072
Test accuracy: 0.8768183225007737
Number of nodes: 5
Student reward: 8.1
Iteration 38/80
Training student with 33041 points
Train accuracy: 0.8779509685230025
Test accuracy: 0.8869723104857014
Number of nodes: 5
Student reward: 11.0
Iteration 39/80
Training student with 34036 points
Train accuracy: 0.8803070368738064
Test accuracy: 0.8801410105757932
Number of nodes: 5
Student reward: 9.0
Iteration 40/80
Training student with 34796 points
Train accuracy: 0.8804785170283087
Test accuracy: 0.8795977011494253
Number of nodes: 5
Student reward: 9.4
Iteration 41/80
Training student with 35588 points
Train accuracy: 0.8826132771338251
Test accuracy: 0.8738409665636415
Number of nodes: 5
Student reward: 9.3
Iteration 42/80
Training student with 36387 points
Train accuracy: 0.8811020646535436
Test accuracy: 0.8804616652926628
Number of nodes: 5
Student reward: 10.9
Iteration 43/80
Training student with 37407 points
Train accuracy: 0.8808354218880534
Test accuracy: 0.8833199679230153
Number of nodes: 5
Student reward: 9.7
Iteration 44/80
Training student with 38277 points
Train accuracy: 0.88083341497665
Test accuracy: 0.8844043887147336
Number of nodes: 5
Student reward: 9.8
Iteration 45/80
Training student with 39167 points
Train accuracy: 0.88063702805349
Test accuracy: 0.8874138371202451
Number of nodes: 5
Student reward: 8.5
Iteration 46/80
Training student with 39953 points
Train accuracy: 0.8832676303109943
Test accuracy: 0.8761106244525091
Number of nodes: 5
Student reward: 10.4
Iteration 47/80
Training student with 40904 points
Train accuracy: 0.8808177734315313
Test accuracy: 0.8832661043882166
Number of nodes: 5
Student reward: 9.2
Iteration 48/80
Training student with 41740 points
Train accuracy: 0.8806899856252994
Test accuracy: 0.8851221849544801
Number of nodes: 5
Student reward: 9.8
Iteration 49/80
Training student with 42611 points
Train accuracy: 0.8824219666744896
Test accuracy: 0.8783292267980758
Number of nodes: 5
Student reward: 10.1
Iteration 50/80
Training student with 43524 points
Train accuracy: 0.881673798788018
Test accuracy: 0.8825962090752442
Number of nodes: 5
Student reward: 8.2
Iteration 51/80
Training student with 44248 points
Train accuracy: 0.881349228769987
Test accuracy: 0.8838418079096045
Number of nodes: 5
Student reward: 9.1
Iteration 52/80
Training student with 45045 points
Train accuracy: 0.8827561327561327
Test accuracy: 0.8787878787878788
Number of nodes: 5
Student reward: 10.7
Iteration 53/80
Training student with 46037 points
Train accuracy: 0.8826196747128622
Test accuracy: 0.8796698523023457
Number of nodes: 5
Student reward: 9.6
Iteration 54/80
Training student with 46908 points
Train accuracy: 0.8819751638863721
Test accuracy: 0.8825410360264336
Number of nodes: 5
Student reward: 10.7
Iteration 55/80
Training student with 47873 points
Train accuracy: 0.8817953940153532
Test accuracy: 0.8819843342036554
Number of nodes: 5
Student reward: 9.2
Iteration 56/80
Training student with 48669 points
Train accuracy: 0.8842172852189547
Test accuracy: 0.873638791863571
Number of nodes: 5
Student reward: 9.2
Iteration 57/80
Training student with 49565 points
Train accuracy: 0.8818218500958338
Test accuracy: 0.8834863310803994
Number of nodes: 5
Student reward: 8.8
Iteration 58/80
Training student with 50368 points
Train accuracy: 0.882339802451978
Test accuracy: 0.881874131427437
Number of nodes: 5
Student reward: 11.0
Iteration 59/80
Training student with 51356 points
Train accuracy: 0.8831175153344367
Test accuracy: 0.8784073208722741
Number of nodes: 5
Student reward: 8.3
Iteration 60/80
Training student with 52156 points
Train accuracy: 0.8819144856677212
Test accuracy: 0.8813266871165644
Number of nodes: 5
Student reward: 9.8
Iteration 61/80
Training student with 53058 points
Train accuracy: 0.8818263205013429
Test accuracy: 0.8823972860912175
Number of nodes: 5
Student reward: 9.2
Iteration 62/80
Training student with 53922 points
Train accuracy: 0.8821429399355541
Test accuracy: 0.8814093648585999
Number of nodes: 5
Student reward: 9.6
Iteration 63/80
Training student with 54816 points
Train accuracy: 0.880803612149959
Test accuracy: 0.8861729295877417
Number of nodes: 5
Student reward: 9.8
Iteration 64/80
Training student with 55709 points
Train accuracy: 0.8830749209056028
Test accuracy: 0.8765930712618919
Number of nodes: 5
Student reward: 9.8
Iteration 65/80
Training student with 56585 points
Train accuracy: 0.8816603340107803
Test accuracy: 0.8807987982680923
Number of nodes: 5
Student reward: 10.7
Iteration 66/80
Training student with 57609 points
Train accuracy: 0.8819406774144553
Test accuracy: 0.8785801076202048
Number of nodes: 5
Student reward: 9.7
Iteration 67/80
Training student with 58487 points
Train accuracy: 0.8808480625788112
Test accuracy: 0.8828859634125491
Number of nodes: 5
Student reward: 8.7
Iteration 68/80
Training student with 59280 points
Train accuracy: 0.881578947368421
Test accuracy: 0.8804824561403509
Number of nodes: 5
Student reward: 10.1
Iteration 69/80
Training student with 60221 points
Train accuracy: 0.8816007970773829
Test accuracy: 0.8801162308011623
Number of nodes: 5
Student reward: 10.5
Iteration 70/80
Training student with 61182 points
Train accuracy: 0.8817039534171008
Test accuracy: 0.8808531502819319
Number of nodes: 5
Student reward: 8.4
Iteration 71/80
Training student with 61962 points
Train accuracy: 0.8825879077649337
Test accuracy: 0.8775921891390301
Number of nodes: 5
Student reward: 9.2
Iteration 72/80
Training student with 62747 points
Train accuracy: 0.8812279618303883
Test accuracy: 0.8828685258964143
Number of nodes: 5
Student reward: 10.2
Iteration 73/80
Training student with 63718 points
Train accuracy: 0.8819790481421901
Test accuracy: 0.8804143126177024
Number of nodes: 5
Student reward: 10.0
Iteration 74/80
Training student with 64612 points
Train accuracy: 0.8829925129137728
Test accuracy: 0.8768861719414996
Number of nodes: 5
Student reward: 9.1
Iteration 75/80
Training student with 65411 points
Train accuracy: 0.8809241706161137
Test accuracy: 0.8837422609493235
Number of nodes: 5
Student reward: 9.2
Iteration 76/80
Training student with 66214 points
Train accuracy: 0.8820864246474486
Test accuracy: 0.8797100354904478
Number of nodes: 5
Student reward: 10.7
Iteration 77/80
Training student with 67161 points
Train accuracy: 0.8817748659916617
Test accuracy: 0.8801459093277749
Number of nodes: 5
Student reward: 8.9
Iteration 78/80
Training student with 67941 points
Train accuracy: 0.8823778333823963
Test accuracy: 0.8785046728971962
Number of nodes: 5
Student reward: 10.0
Iteration 79/80
Training student with 68855 points
Train accuracy: 0.8805279209933919
Test accuracy: 0.8851209062522692
Number of nodes: 5
Student reward: 10.2
Initial policy count: 80
Current policy count: 40
Reward update: 11.0 -> 9.62
Reward update: 11.0 -> 9.94
Reward update: 10.9 -> 9.22
Reward update: 10.8 -> 9.46
Reward update: 10.7 -> 8.58
Reward update: 10.7 -> 10.0
Reward update: 10.7 -> 9.52
Reward update: 10.7 -> 9.86
Reward update: 10.5 -> 9.02
Reward update: 10.4 -> 9.56
Reward update: 10.4 -> 9.58
Reward update: 10.3 -> 9.3
Reward update: 10.2 -> 9.78
Reward update: 10.2 -> 9.44
Reward update: 10.1 -> 9.44
Reward update: 10.1 -> 9.78
Reward update: 10.1 -> 10.14
Reward update: 10.1 -> 9.44
Reward update: 10.0 -> 10.0
Reward update: 10.0 -> 9.66
Reward update: 10.0 -> 9.02
Reward update: 9.9 -> 9.12
Reward update: 9.8 -> 8.38
Reward update: 9.8 -> 9.34
Reward update: 9.8 -> 9.36
Reward update: 9.8 -> 9.94
Reward update: 9.8 -> 9.2
Reward update: 9.8 -> 9.7
Reward update: 9.7 -> 9.24
Reward update: 9.7 -> 9.96
Reward update: 9.7 -> 9.8
Reward update: 9.7 -> 9.9
Reward update: 9.7 -> 9.72
Reward update: 9.6 -> 10.8
Reward update: 9.6 -> 9.56
Reward update: 9.6 -> 9.62
Reward update: 9.5 -> 9.76
Reward update: 9.5 -> 9.8
Reward update: 9.4 -> 9.4
Reward update: 9.4 -> 9.02
Current policy count: 20
Reward update: 10.8 -> 9.84
Reward update: 10.14 -> 9.02
Reward update: 10.0 -> 9.04
Reward update: 10.0 -> 9.72
Reward update: 9.96 -> 9.32
Reward update: 9.94 -> 9.1
Reward update: 9.94 -> 9.44
Reward update: 9.9 -> 9.42
Reward update: 9.86 -> 9.9
Reward update: 9.8 -> 9.3
Reward update: 9.8 -> 9.72
Reward update: 9.78 -> 9.24
Reward update: 9.78 -> 9.66
Reward update: 9.76 -> 9.64
Reward update: 9.72 -> 9.82
Reward update: 9.7 -> 9.52
Reward update: 9.66 -> 9.16
Reward update: 9.62 -> 10.04
Reward update: 9.62 -> 8.88
Reward update: 9.58 -> 8.9
Current policy count: 10
Reward update: 10.04 -> 9.36
Reward update: 9.9 -> 9.88
Reward update: 9.84 -> 9.18
Reward update: 9.82 -> 9.74
Reward update: 9.72 -> 9.04
Reward update: 9.72 -> 9.98
Reward update: 9.66 -> 9.84
Reward update: 9.64 -> 9.3
Reward update: 9.52 -> 9.72
Reward update: 9.44 -> 9.84
Current policy count: 5
Reward update: 9.98 -> 9.78
Reward update: 9.88 -> 9.26
Reward update: 9.84 -> 9.86
Reward update: 9.84 -> 9.86
Reward update: 9.74 -> 10.0
Current policy count: 3
Reward update: 10.0 -> 9.26
Reward update: 9.86 -> 9.06
Reward update: 9.86 -> 9.3
Current policy count: 2
Reward update: 9.3 -> 9.14
Reward update: 9.26 -> 10.2
Current policy count: 1
Reward update: 10.2 -> 9.36
Final reward: 9.46
Number of nodes: 5
