Iteration 0/80
Training student with 261 points
Train accuracy: 0.4951923076923077
Test accuracy: 0.4528301886792453
Number of nodes: 21
Student reward: 0.14545454545454548
Iteration 1/80
Training student with 1261 points
Train accuracy: 0.5446428571428571
Test accuracy: 0.5454545454545454
Number of nodes: 23
Student reward: 0.09090909090909091
Iteration 2/80
Training student with 2261 points
Train accuracy: 0.577433628318584
Test accuracy: 0.5121412803532008
Number of nodes: 23
Student reward: 0.10909090909090909
Iteration 3/80
Training student with 3261 points
Train accuracy: 0.5306748466257669
Test accuracy: 0.5405819295558959
Number of nodes: 23
Student reward: 0.09090909090909093
Iteration 4/80
Training student with 4261 points
Train accuracy: 0.5246478873239436
Test accuracy: 0.5334114888628371
Number of nodes: 23
Student reward: 0.09090909090909091
Iteration 5/80
Training student with 5261 points
Train accuracy: 0.5045152091254753
Test accuracy: 0.5327635327635327
Number of nodes: 23
Student reward: 0.09090909090909091
Iteration 6/80
Training student with 6261 points
Train accuracy: 0.4748402555910543
Test accuracy: 0.4581005586592179
Number of nodes: 23
Student reward: 0.08181818181818183
Iteration 7/80
Training student with 7261 points
Train accuracy: 0.47073002754820936
Test accuracy: 0.4556090846524432
Number of nodes: 23
Student reward: 0.08181818181818182
Iteration 8/80
Training student with 8261 points
Train accuracy: 0.4571731234866828
Test accuracy: 0.4615849969751966
Number of nodes: 23
Student reward: 0.07272727272727274
Iteration 9/80
Training student with 9261 points
Train accuracy: 0.46179805615550756
Test accuracy: 0.45979492714517
Number of nodes: 23
Student reward: 0.08181818181818183
Iteration 10/80
Training student with 10261 points
Train accuracy: 0.46259746588693956
Test accuracy: 0.44471505114466636
Number of nodes: 23
Student reward: 0.09090909090909091
Iteration 11/80
Training student with 11261 points
Train accuracy: 0.465253108348135
Test accuracy: 0.4256546826453617
Number of nodes: 23
Student reward: 0.07272727272727274
Iteration 12/80
Training student with 12261 points
Train accuracy: 0.45840130505709625
Test accuracy: 0.45821443130860173
Number of nodes: 23
Student reward: 0.1
Iteration 13/80
Training student with 13261 points
Train accuracy: 0.46804298642533937
Test accuracy: 0.4730493780625707
Number of nodes: 23
Student reward: 0.1272727272727273
Iteration 14/80
Training student with 14261 points
Train accuracy: 0.4722124824684432
Test accuracy: 0.4612688398177357
Number of nodes: 23
Student reward: 0.07272727272727274
Iteration 15/80
Training student with 15261 points
Train accuracy: 0.47100262123197906
Test accuracy: 0.4729773992793973
Number of nodes: 23
Student reward: 0.09090909090909093
Iteration 16/80
Training student with 16261 points
Train accuracy: 0.47240159901599016
Test accuracy: 0.45281278819551185
Number of nodes: 23
Student reward: 0.09090909090909091
Iteration 17/80
Training student with 17261 points
Train accuracy: 0.47168308227114714
Test accuracy: 0.4604691572545613
Number of nodes: 23
Student reward: 0.05454545454545455
Iteration 18/80
Training student with 18261 points
Train accuracy: 0.46714129244249725
Test accuracy: 0.4670134136326307
Number of nodes: 23
Student reward: 0.11818181818181821
Iteration 19/80
Training student with 19261 points
Train accuracy: 0.46417445482866043
Test accuracy: 0.4609395276407994
Number of nodes: 23
Student reward: 0.08181818181818183
Iteration 20/80
Training student with 20261 points
Train accuracy: 0.46279615004935837
Test accuracy: 0.45595854922279794
Number of nodes: 23
Student reward: 0.1090909090909091
Iteration 21/80
Training student with 21261 points
Train accuracy: 0.45866650987770463
Test accuracy: 0.4622619327533506
Number of nodes: 23
Student reward: 0.09090909090909091
Iteration 22/80
Training student with 22261 points
Train accuracy: 0.4583333333333333
Test accuracy: 0.46350774758589713
Number of nodes: 23
Student reward: 0.13636363636363638
Iteration 23/80
Training student with 23261 points
Train accuracy: 0.46044711951848666
Test accuracy: 0.45024715237481194
Number of nodes: 23
Student reward: 0.13636363636363638
Iteration 24/80
Training student with 24261 points
Train accuracy: 0.4583161582852432
Test accuracy: 0.4545641871007624
Number of nodes: 23
Student reward: 0.10000000000000002
Iteration 25/80
Training student with 25261 points
Train accuracy: 0.4595209817893903
Test accuracy: 0.4565604591331882
Number of nodes: 23
Student reward: 0.07272727272727274
Iteration 26/80
Training student with 26261 points
Train accuracy: 0.45882520944402133
Test accuracy: 0.44622120692937367
Number of nodes: 23
Student reward: 0.10000000000000002
Iteration 27/80
Training student with 27261 points
Train accuracy: 0.45763022743947174
Test accuracy: 0.46378140473134055
Number of nodes: 23
Student reward: 0.1090909090909091
Iteration 28/80
Training student with 28261 points
Train accuracy: 0.45660828025477707
Test accuracy: 0.46134795683707763
Number of nodes: 23
Student reward: 0.05454545454545455
Iteration 29/80
Training student with 29261 points
Train accuracy: 0.4547163362952837
Test accuracy: 0.4573722877157014
Number of nodes: 23
Student reward: 0.09090909090909093
Iteration 30/80
Training student with 30261 points
Train accuracy: 0.4543126239259749
Test accuracy: 0.4505204031058979
Number of nodes: 23
Student reward: 0.07272727272727274
Iteration 31/80
Training student with 31261 points
Train accuracy: 0.4535348688419706
Test accuracy: 0.4529026067487606
Number of nodes: 23
Student reward: 0.13636363636363638
Iteration 32/80
Training student with 32261 points
Train accuracy: 0.4552076875387477
Test accuracy: 0.4486285448628545
Number of nodes: 23
Student reward: 0.1181818181818182
Iteration 33/80
Training student with 33261 points
Train accuracy: 0.45813289236319904
Test accuracy: 0.45618517961821736
Number of nodes: 23
Student reward: 0.08181818181818183
Iteration 34/80
Training student with 34261 points
Train accuracy: 0.4563995913601868
Test accuracy: 0.45512914052239895
Number of nodes: 23
Student reward: 0.1181818181818182
Iteration 35/80
Training student with 35261 points
Train accuracy: 0.45426829268292684
Test accuracy: 0.46108039132284134
Number of nodes: 23
Student reward: 0.1363636363636364
Iteration 36/80
Training student with 36261 points
Train accuracy: 0.45677054605626033
Test accuracy: 0.44767682338342757
Number of nodes: 23
Student reward: 0.07272727272727274
Iteration 37/80
Training student with 37261 points
Train accuracy: 0.4555488459473967
Test accuracy: 0.45243526096873743
Number of nodes: 23
Student reward: 0.10909090909090909
Iteration 38/80
Training student with 38261 points
Train accuracy: 0.4535088865656038
Test accuracy: 0.4544623023650856
Number of nodes: 23
Student reward: 0.06363636363636364
Iteration 39/80
Training student with 39261 points
Train accuracy: 0.45418364747834944
Test accuracy: 0.45332993760346363
Number of nodes: 23
Student reward: 0.12727272727272726
Iteration 40/80
Training student with 40261 points
Train accuracy: 0.4522168405365127
Test accuracy: 0.46082205389295916
Number of nodes: 23
Student reward: 0.08181818181818182
Iteration 41/80
Training student with 41261 points
Train accuracy: 0.4516480853126515
Test accuracy: 0.45098751968980977
Number of nodes: 23
Student reward: 0.10000000000000002
Iteration 42/80
Training student with 42261 points
Train accuracy: 0.457169900615239
Test accuracy: 0.4525020702709097
Number of nodes: 23
Student reward: 0.07272727272727274
Iteration 43/80
Training student with 43261 points
Train accuracy: 0.45657073509015256
Test accuracy: 0.452444238992257
Number of nodes: 23
Student reward: 0.07272727272727274
Iteration 44/80
Training student with 44261 points
Train accuracy: 0.4531744238590149
Test accuracy: 0.4599570766971648
Number of nodes: 23
Student reward: 0.07272727272727272
Iteration 45/80
Training student with 45261 points
Train accuracy: 0.45525850640742377
Test accuracy: 0.4473655141941898
Number of nodes: 23
Student reward: 0.09090909090909091
Iteration 46/80
Training student with 46261 points
Train accuracy: 0.45549610894941633
Test accuracy: 0.4504485031881552
Number of nodes: 23
Student reward: 0.07272727272727274
Iteration 47/80
Training student with 47261 points
Train accuracy: 0.4544540837917901
Test accuracy: 0.4511795197291865
Number of nodes: 23
Student reward: 0.09090909090909091
Iteration 48/80
Training student with 48261 points
Train accuracy: 0.4573145462080398
Test accuracy: 0.45208743395835493
Number of nodes: 23
Student reward: 0.09090909090909093
Iteration 49/80
Training student with 49261 points
Train accuracy: 0.4577750710515631
Test accuracy: 0.45123312696640616
Number of nodes: 23
Student reward: 0.10000000000000002
Iteration 50/80
Training student with 50261 points
Train accuracy: 0.45610326303223236
Test accuracy: 0.4556848701880036
Number of nodes: 23
Student reward: 0.1
Iteration 51/80
Training student with 51261 points
Train accuracy: 0.4569840031213422
Test accuracy: 0.4565493026431288
Number of nodes: 23
Student reward: 0.10000000000000002
Iteration 52/80
Training student with 52261 points
Train accuracy: 0.4585725220053578
Test accuracy: 0.45776332153448773
Number of nodes: 23
Student reward: 0.1
Iteration 53/80
Training student with 53261 points
Train accuracy: 0.4593503567405182
Test accuracy: 0.4563033887167934
Number of nodes: 23
Student reward: 0.1
Iteration 54/80
Training student with 54261 points
Train accuracy: 0.46129745669001104
Test accuracy: 0.46567769280383303
Number of nodes: 23
Student reward: 0.08181818181818183
Iteration 55/80
Training student with 55261 points
Train accuracy: 0.46068584871516466
Test accuracy: 0.461051298290057
Number of nodes: 23
Student reward: 0.10909090909090909
Iteration 56/80
Training student with 56261 points
Train accuracy: 0.46171791681478846
Test accuracy: 0.46076601795076866
Number of nodes: 23
Student reward: 0.13636363636363635
Iteration 57/80
Training student with 57261 points
Train accuracy: 0.46345616486203284
Test accuracy: 0.46529293634855495
Number of nodes: 23
Student reward: 0.07272727272727274
Iteration 58/80
Training student with 58261 points
Train accuracy: 0.46363285272914523
Test accuracy: 0.46031064961812407
Number of nodes: 23
Student reward: 0.1181818181818182
Iteration 59/80
Training student with 59261 points
Train accuracy: 0.4617153223084711
Test accuracy: 0.4661267189740994
Number of nodes: 23
Student reward: 0.08181818181818183
Iteration 60/80
Training student with 60261 points
Train accuracy: 0.4622676734152008
Test accuracy: 0.4617107773998175
Number of nodes: 23
Student reward: 0.05454545454545455
Iteration 61/80
Training student with 61261 points
Train accuracy: 0.4618837740777016
Test accuracy: 0.4619276911776708
Number of nodes: 23
Student reward: 0.09090909090909093
Iteration 62/80
Training student with 62261 points
Train accuracy: 0.4612512046257629
Test accuracy: 0.4618164297759576
Number of nodes: 23
Student reward: 0.08181818181818183
Iteration 63/80
Training student with 63261 points
Train accuracy: 0.45858362314258616
Test accuracy: 0.4677151663637082
Number of nodes: 23
Student reward: 0.06363636363636364
Iteration 64/80
Training student with 64261 points
Train accuracy: 0.4607648615001556
Test accuracy: 0.45623589823387534
Number of nodes: 23
Student reward: 0.08181818181818183
Iteration 65/80
Training student with 65261 points
Train accuracy: 0.45780340177750534
Test accuracy: 0.464567532368038
Number of nodes: 23
Student reward: 0.07272727272727274
Iteration 66/80
Training student with 66261 points
Train accuracy: 0.45828931482040447
Test accuracy: 0.4622349656681506
Number of nodes: 23
Student reward: 0.08181818181818183
Iteration 67/80
Training student with 67261 points
Train accuracy: 0.4593183169788879
Test accuracy: 0.45484278599568867
Number of nodes: 23
Student reward: 0.07272727272727272
Iteration 68/80
Training student with 68261 points
Train accuracy: 0.4618187811309698
Test accuracy: 0.45330696550208743
Number of nodes: 23
Student reward: 0.06363636363636364
Iteration 69/80
Training student with 69261 points
Train accuracy: 0.458453652902108
Test accuracy: 0.4679852739478813
Number of nodes: 23
Student reward: 0.07272727272727274
Iteration 70/80
Training student with 70261 points
Train accuracy: 0.46004127526330774
Test accuracy: 0.45819397993311034
Number of nodes: 23
Student reward: 0.12727272727272726
Iteration 71/80
Training student with 71261 points
Train accuracy: 0.45983019927027785
Test accuracy: 0.457237072896934
Number of nodes: 23
Student reward: 0.1272727272727273
Iteration 72/80
Training student with 72261 points
Train accuracy: 0.45950387489620814
Test accuracy: 0.45616826956341244
Number of nodes: 23
Student reward: 0.07272727272727274
Iteration 73/80
Training student with 73261 points
Train accuracy: 0.45894758394758395
Test accuracy: 0.4541732068518392
Number of nodes: 23
Student reward: 0.08181818181818183
Iteration 74/80
Training student with 74261 points
Train accuracy: 0.4575478050094263
Test accuracy: 0.45620413384501446
Number of nodes: 23
Student reward: 0.15454545454545457
Iteration 75/80
Training student with 75261 points
Train accuracy: 0.456450969970768
Test accuracy: 0.4602404836245267
Number of nodes: 23
Student reward: 0.08181818181818183
Iteration 76/80
Training student with 76261 points
Train accuracy: 0.45767768161552586
Test accuracy: 0.45433685176686556
Number of nodes: 23
Student reward: 0.08181818181818183
Iteration 77/80
Training student with 77261 points
Train accuracy: 0.45707675381827595
Test accuracy: 0.45732220280851615
Number of nodes: 23
Student reward: 0.08181818181818183
Iteration 78/80
Training student with 78261 points
Train accuracy: 0.4608516483516483
Test accuracy: 0.45371494282246216
Number of nodes: 23
Student reward: 0.06363636363636364
Iteration 79/80
Training student with 79261 points
Train accuracy: 0.4584752712591471
Test accuracy: 0.45846212073424586
Number of nodes: 23
Student reward: 0.10000000000000002
Initial policy count: 80
Current policy count: 40
Reward update: 0.15454545454545457 -> 0.10909090909090903
Reward update: 0.14545454545454548 -> 0.09999999999999995
Reward update: 0.1363636363636364 -> 0.10545454545454541
Reward update: 0.13636363636363638 -> 0.0945454545454545
Reward update: 0.13636363636363638 -> 0.09818181818181813
Reward update: 0.13636363636363638 -> 0.1163636363636363
Reward update: 0.13636363636363635 -> 0.10363636363636358
Reward update: 0.1272727272727273 -> 0.08545454545454541
Reward update: 0.1272727272727273 -> 0.10181818181818177
Reward update: 0.12727272727272726 -> 0.10727272727272721
Reward update: 0.12727272727272726 -> 0.07818181818181814
Reward update: 0.11818181818181821 -> 0.09999999999999995
Reward update: 0.1181818181818182 -> 0.10727272727272721
Reward update: 0.1181818181818182 -> 0.1054545454545454
Reward update: 0.1181818181818182 -> 0.09636363636363632
Reward update: 0.1090909090909091 -> 0.12181818181818174
Reward update: 0.1090909090909091 -> 0.09636363636363632
Reward update: 0.10909090909090909 -> 0.10727272727272721
Reward update: 0.10909090909090909 -> 0.10727272727272721
Reward update: 0.10909090909090909 -> 0.1163636363636363
Reward update: 0.10000000000000002 -> 0.11090909090909085
Reward update: 0.10000000000000002 -> 0.1054545454545454
Reward update: 0.10000000000000002 -> 0.1163636363636363
Reward update: 0.10000000000000002 -> 0.11454545454545449
Reward update: 0.10000000000000002 -> 0.09090909090909087
Reward update: 0.10000000000000002 -> 0.09090909090909087
Reward update: 0.1 -> 0.09818181818181813
Reward update: 0.1 -> 0.10727272727272721
Reward update: 0.1 -> 0.09999999999999995
Reward update: 0.1 -> 0.10727272727272721
Reward update: 0.09090909090909093 -> 0.08545454545454541
Reward update: 0.09090909090909093 -> 0.07636363636363633
Reward update: 0.09090909090909093 -> 0.07999999999999996
Reward update: 0.09090909090909093 -> 0.07454545454545451
Reward update: 0.09090909090909093 -> 0.07636363636363633
Reward update: 0.09090909090909091 -> 0.11818181818181811
Reward update: 0.09090909090909091 -> 0.09999999999999995
Reward update: 0.09090909090909091 -> 0.09636363636363632
Reward update: 0.09090909090909091 -> 0.09818181818181813
Reward update: 0.09090909090909091 -> 0.10909090909090903
Current policy count: 20
Reward update: 0.12181818181818174 -> 0.10363636363636358
Reward update: 0.11818181818181811 -> 0.10181818181818177
Reward update: 0.1163636363636363 -> 0.10181818181818177
Reward update: 0.1163636363636363 -> 0.10363636363636358
Reward update: 0.1163636363636363 -> 0.10363636363636358
Reward update: 0.11454545454545449 -> 0.09999999999999995
Reward update: 0.11090909090909085 -> 0.09999999999999995
Reward update: 0.10909090909090903 -> 0.09999999999999995
Reward update: 0.10909090909090903 -> 0.09999999999999995
Reward update: 0.10727272727272721 -> 0.07818181818181814
Reward update: 0.10727272727272721 -> 0.07999999999999996
Reward update: 0.10727272727272721 -> 0.1054545454545454
Reward update: 0.10727272727272721 -> 0.11090909090909085
Reward update: 0.10727272727272721 -> 0.08363636363636359
Reward update: 0.10727272727272721 -> 0.12181818181818174
Reward update: 0.10545454545454541 -> 0.11090909090909086
Reward update: 0.1054545454545454 -> 0.10909090909090903
Reward update: 0.1054545454545454 -> 0.09636363636363632
Reward update: 0.10363636363636358 -> 0.09636363636363632
Reward update: 0.10181818181818177 -> 0.11999999999999993
Current policy count: 10
Reward update: 0.12181818181818174 -> 0.09272727272727269
Reward update: 0.11999999999999993 -> 0.11454545454545448
Reward update: 0.11090909090909086 -> 0.11999999999999993
Reward update: 0.11090909090909085 -> 0.09090909090909087
Reward update: 0.10909090909090903 -> 0.10909090909090903
Reward update: 0.1054545454545454 -> 0.1054545454545454
Reward update: 0.10363636363636358 -> 0.1036363636363636
Reward update: 0.10363636363636358 -> 0.09818181818181815
Reward update: 0.10363636363636358 -> 0.1054545454545454
Reward update: 0.10181818181818177 -> 0.09999999999999995
Current policy count: 5
Reward update: 0.11999999999999993 -> 0.12181818181818174
Reward update: 0.11454545454545448 -> 0.1054545454545454
Reward update: 0.10909090909090903 -> 0.11454545454545448
Reward update: 0.1054545454545454 -> 0.12181818181818174
Reward update: 0.1054545454545454 -> 0.09818181818181815
Current policy count: 3
Reward update: 0.12181818181818174 -> 0.11999999999999994
Reward update: 0.12181818181818174 -> 0.10909090909090903
Reward update: 0.11454545454545448 -> 0.1272727272727272
Current policy count: 2
Reward update: 0.1272727272727272 -> 0.11999999999999993
Reward update: 0.11999999999999994 -> 0.12181818181818174
Current policy count: 1
Reward update: 0.12181818181818174 -> 0.09090909090909087
Final reward: 0.11818181818181811
Number of nodes: 23
