Iteration 0/80
Training student with 1000 points
Train accuracy: 0.30125
Test accuracy: 0.21
Number of nodes: 23
Student reward: 0.0
Iteration 1/80
Training student with 2000 points
Train accuracy: 0.274375
Test accuracy: 0.2575
Number of nodes: 21
Student reward: 0.0
Iteration 2/80
Training student with 3000 points
Train accuracy: 0.25416666666666665
Test accuracy: 0.23666666666666666
Number of nodes: 23
Student reward: 0.0
Iteration 3/80
Training student with 4000 points
Train accuracy: 0.243125
Test accuracy: 0.2175
Number of nodes: 23
Student reward: 0.0
Iteration 4/80
Training student with 5000 points
Train accuracy: 0.23975
Test accuracy: 0.24
Number of nodes: 23
Student reward: 0.0
Iteration 5/80
Training student with 6000 points
Train accuracy: 0.23395833333333332
Test accuracy: 0.24833333333333332
Number of nodes: 23
Student reward: 0.0
Iteration 6/80
Training student with 7000 points
Train accuracy: 0.23982142857142857
Test accuracy: 0.24
Number of nodes: 23
Student reward: 0.0
Iteration 7/80
Training student with 8000 points
Train accuracy: 0.266875
Test accuracy: 0.25625
Number of nodes: 21
Student reward: 0.0
Iteration 8/80
Training student with 9000 points
Train accuracy: 0.27111111111111114
Test accuracy: 0.25722222222222224
Number of nodes: 21
Student reward: 0.0
Iteration 9/80
Training student with 10000 points
Train accuracy: 0.25625
Test accuracy: 0.2695
Number of nodes: 21
Student reward: 0.0
Iteration 10/80
Training student with 11000 points
Train accuracy: 0.2614772727272727
Test accuracy: 0.2731818181818182
Number of nodes: 23
Student reward: 0.0
Iteration 11/80
Training student with 12000 points
Train accuracy: 0.2627083333333333
Test accuracy: 0.27958333333333335
Number of nodes: 21
Student reward: 0.0
Iteration 12/80
Training student with 13000 points
Train accuracy: 0.26548076923076924
Test accuracy: 0.2746153846153846
Number of nodes: 21
Student reward: 0.0
Iteration 13/80
Training student with 14000 points
Train accuracy: 0.25955357142857144
Test accuracy: 0.2567857142857143
Number of nodes: 21
Student reward: 0.0
Iteration 14/80
Training student with 15000 points
Train accuracy: 0.2629166666666667
Test accuracy: 0.256
Number of nodes: 21
Student reward: 0.0
Iteration 15/80
Training student with 16000 points
Train accuracy: 0.26078125
Test accuracy: 0.2471875
Number of nodes: 23
Student reward: 0.0
Iteration 16/80
Training student with 17000 points
Train accuracy: 0.25977941176470587
Test accuracy: 0.26735294117647057
Number of nodes: 21
Student reward: 0.0
Iteration 17/80
Training student with 18000 points
Train accuracy: 0.25972222222222224
Test accuracy: 0.25194444444444447
Number of nodes: 21
Student reward: 0.0
Iteration 18/80
Training student with 19000 points
Train accuracy: 0.25453947368421054
Test accuracy: 0.2544736842105263
Number of nodes: 21
Student reward: 0.0
Iteration 19/80
Training student with 20000 points
Train accuracy: 0.253625
Test accuracy: 0.252
Number of nodes: 23
Student reward: 0.0
Iteration 20/80
Training student with 21000 points
Train accuracy: 0.25708333333333333
Test accuracy: 0.25476190476190474
Number of nodes: 21
Student reward: 0.0
Iteration 21/80
Training student with 22000 points
Train accuracy: 0.25522727272727275
Test accuracy: 0.25931818181818184
Number of nodes: 23
Student reward: 0.0
Iteration 22/80
Training student with 23000 points
Train accuracy: 0.25717391304347825
Test accuracy: 0.2465217391304348
Number of nodes: 21
Student reward: 0.0
Iteration 23/80
Training student with 24000 points
Train accuracy: 0.25796875
Test accuracy: 0.24229166666666666
Number of nodes: 23
Student reward: 0.0
Iteration 24/80
Training student with 25000 points
Train accuracy: 0.24615
Test accuracy: 0.238
Number of nodes: 23
Student reward: 0.0
Iteration 25/80
Training student with 26000 points
Train accuracy: 0.2549519230769231
Test accuracy: 0.24653846153846154
Number of nodes: 23
Student reward: 0.0
Iteration 26/80
Training student with 27000 points
Train accuracy: 0.24712962962962962
Test accuracy: 0.23462962962962963
Number of nodes: 21
Student reward: 0.0
Iteration 27/80
Training student with 28000 points
Train accuracy: 0.24290178571428572
Test accuracy: 0.2405357142857143
Number of nodes: 21
Student reward: 0.0
Iteration 28/80
Training student with 29000 points
Train accuracy: 0.24797413793103448
Test accuracy: 0.24189655172413793
Number of nodes: 21
Student reward: 0.0
Iteration 29/80
Training student with 30000 points
Train accuracy: 0.24566666666666667
Test accuracy: 0.23983333333333334
Number of nodes: 23
Student reward: 0.0
Iteration 30/80
Training student with 31000 points
Train accuracy: 0.24935483870967742
Test accuracy: 0.2411290322580645
Number of nodes: 21
Student reward: 0.0
Iteration 31/80
Training student with 32000 points
Train accuracy: 0.2475
Test accuracy: 0.23609375
Number of nodes: 23
Student reward: 0.0
Iteration 32/80
Training student with 33000 points
Train accuracy: 0.24696969696969698
Test accuracy: 0.2387878787878788
Number of nodes: 23
Student reward: 0.0
Iteration 33/80
Training student with 34000 points
Train accuracy: 0.24316176470588236
Test accuracy: 0.24088235294117646
Number of nodes: 21
Student reward: 0.0
Iteration 34/80
Training student with 35000 points
Train accuracy: 0.24317857142857144
Test accuracy: 0.241
Number of nodes: 21
Student reward: 0.0
Iteration 35/80
Training student with 36000 points
Train accuracy: 0.24475694444444446
Test accuracy: 0.23569444444444446
Number of nodes: 23
Student reward: 0.0
Iteration 36/80
Training student with 37000 points
Train accuracy: 0.24172297297297296
Test accuracy: 0.2395945945945946
Number of nodes: 21
Student reward: 0.0
Iteration 37/80
Training student with 38000 points
Train accuracy: 0.24486842105263157
Test accuracy: 0.2443421052631579
Number of nodes: 21
Student reward: 0.0
Iteration 38/80
Training student with 39000 points
Train accuracy: 0.2428205128205128
Test accuracy: 0.2441025641025641
Number of nodes: 23
Student reward: 0.0
Iteration 39/80
Training student with 40000 points
Train accuracy: 0.24265625
Test accuracy: 0.231625
Number of nodes: 23
Student reward: 0.0
Iteration 40/80
Training student with 41000 points
Train accuracy: 0.24515243902439024
Test accuracy: 0.23573170731707316
Number of nodes: 21
Student reward: 0.0
Iteration 41/80
Training student with 42000 points
Train accuracy: 0.2368452380952381
Test accuracy: 0.23642857142857143
Number of nodes: 23
Student reward: 0.0
Iteration 42/80
Training student with 43000 points
Train accuracy: 0.2408139534883721
Test accuracy: 0.2336046511627907
Number of nodes: 23
Student reward: 0.0
Iteration 43/80
Training student with 44000 points
Train accuracy: 0.24201704545454544
Test accuracy: 0.245
Number of nodes: 23
Student reward: 0.0
Iteration 44/80
Training student with 45000 points
Train accuracy: 0.23791666666666667
Test accuracy: 0.23866666666666667
Number of nodes: 21
Student reward: 0.0
Iteration 45/80
Training student with 46000 points
Train accuracy: 0.24157608695652175
Test accuracy: 0.23402173913043478
Number of nodes: 21
Student reward: 0.0
Iteration 46/80
Training student with 47000 points
Train accuracy: 0.2398404255319149
Test accuracy: 0.2325531914893617
Number of nodes: 21
Student reward: 0.0
Iteration 47/80
Training student with 48000 points
Train accuracy: 0.23932291666666666
Test accuracy: 0.2409375
Number of nodes: 23
Student reward: 0.0
Iteration 48/80
Training student with 49000 points
Train accuracy: 0.24
Test accuracy: 0.23520408163265305
Number of nodes: 21
Student reward: 0.0
Iteration 49/80
Training student with 50000 points
Train accuracy: 0.238575
Test accuracy: 0.2451
Number of nodes: 23
Student reward: 0.0
Iteration 50/80
Training student with 51000 points
Train accuracy: 0.23887254901960783
Test accuracy: 0.24176470588235294
Number of nodes: 23
Student reward: 0.0
Iteration 51/80
Training student with 52000 points
Train accuracy: 0.2401923076923077
Test accuracy: 0.235
Number of nodes: 23
Student reward: 0.0
Iteration 52/80
Training student with 53000 points
Train accuracy: 0.24087264150943397
Test accuracy: 0.2360377358490566
Number of nodes: 21
Student reward: 0.0
Iteration 53/80
Training student with 54000 points
Train accuracy: 0.2407175925925926
Test accuracy: 0.2412037037037037
Number of nodes: 21
Student reward: 0.0
Iteration 54/80
Training student with 55000 points
Train accuracy: 0.23788636363636365
Test accuracy: 0.236
Number of nodes: 23
Student reward: 0.0
Iteration 55/80
Training student with 56000 points
Train accuracy: 0.23886160714285715
Test accuracy: 0.2367857142857143
Number of nodes: 23
Student reward: 0.0
Iteration 56/80
Training student with 57000 points
Train accuracy: 0.23846491228070174
Test accuracy: 0.22929824561403508
Number of nodes: 21
Student reward: 0.0
Iteration 57/80
Training student with 58000 points
Train accuracy: 0.24019396551724137
Test accuracy: 0.24568965517241378
Number of nodes: 21
Student reward: 0.0
Iteration 58/80
Training student with 59000 points
Train accuracy: 0.23491525423728812
Test accuracy: 0.22940677966101694
Number of nodes: 21
Student reward: 0.0
Iteration 59/80
Training student with 60000 points
Train accuracy: 0.23864583333333333
Test accuracy: 0.23733333333333334
Number of nodes: 21
Student reward: 0.0
Iteration 60/80
Training student with 61000 points
Train accuracy: 0.23721311475409837
Test accuracy: 0.23762295081967214
Number of nodes: 23
Student reward: 0.0
Iteration 61/80
Training student with 62000 points
Train accuracy: 0.23893145161290322
Test accuracy: 0.2292741935483871
Number of nodes: 21
Student reward: 0.0
Iteration 62/80
Training student with 63000 points
Train accuracy: 0.23728174603174604
Test accuracy: 0.23
Number of nodes: 23
Student reward: 0.0
Iteration 63/80
Training student with 64000 points
Train accuracy: 0.2350390625
Test accuracy: 0.23703125
Number of nodes: 23
Student reward: 0.0
Iteration 64/80
Training student with 65000 points
Train accuracy: 0.2373076923076923
Test accuracy: 0.2316923076923077
Number of nodes: 21
Student reward: 0.0
Iteration 65/80
Training student with 66000 points
Train accuracy: 0.23464015151515152
Test accuracy: 0.23234848484848486
Number of nodes: 23
Student reward: 0.0
Iteration 66/80
Training student with 67000 points
Train accuracy: 0.2363992537313433
Test accuracy: 0.23365671641791044
Number of nodes: 21
Student reward: 0.0
Iteration 67/80
Training student with 68000 points
Train accuracy: 0.23768382352941175
Test accuracy: 0.22830882352941176
Number of nodes: 23
Student reward: 0.0
Iteration 68/80
Training student with 69000 points
Train accuracy: 0.23643115942028986
Test accuracy: 0.23666666666666666
Number of nodes: 21
Student reward: 0.0
Iteration 69/80
Training student with 70000 points
Train accuracy: 0.23607142857142857
Test accuracy: 0.23492857142857143
Number of nodes: 23
Student reward: 0.0
Iteration 70/80
Training student with 71000 points
Train accuracy: 0.2347007042253521
Test accuracy: 0.22971830985915492
Number of nodes: 23
Student reward: 0.0
Iteration 71/80
Training student with 72000 points
Train accuracy: 0.23190972222222223
Test accuracy: 0.22944444444444445
Number of nodes: 21
Student reward: 0.0
Iteration 72/80
Training student with 73000 points
Train accuracy: 0.2353082191780822
Test accuracy: 0.23143835616438357
Number of nodes: 21
Student reward: 0.0
Iteration 73/80
Training student with 74000 points
Train accuracy: 0.23447635135135136
Test accuracy: 0.2312162162162162
Number of nodes: 21
Student reward: 0.0
Iteration 74/80
Training student with 75000 points
Train accuracy: 0.23511666666666667
Test accuracy: 0.2276
Number of nodes: 21
Student reward: 0.0
Iteration 75/80
Training student with 76000 points
Train accuracy: 0.23363486842105263
Test accuracy: 0.22756578947368422
Number of nodes: 21
Student reward: 0.0
Iteration 76/80
Training student with 77000 points
Train accuracy: 0.23125
Test accuracy: 0.23344155844155845
Number of nodes: 23
Student reward: 0.0
Iteration 77/80
Training student with 78000 points
Train accuracy: 0.2333974358974359
Test accuracy: 0.22403846153846155
Number of nodes: 21
Student reward: 0.0
Iteration 78/80
Training student with 79000 points
Train accuracy: 0.23496835443037975
Test accuracy: 0.23677215189873418
Number of nodes: 23
Student reward: 0.0
Iteration 79/80
Training student with 80000 points
Train accuracy: 0.234265625
Test accuracy: 0.2258125
Number of nodes: 21
Student reward: 0.0
Initial policy count: 80
Current policy count: 40
Reward update: 0.0 -> 0.0
Reward update: 0.0 -> 0.0
Reward update: 0.0 -> 0.0
Reward update: 0.0 -> 0.0
Reward update: 0.0 -> 0.0
Reward update: 0.0 -> 0.0
Reward update: 0.0 -> 0.0
Reward update: 0.0 -> 0.0
Reward update: 0.0 -> 0.0
Reward update: 0.0 -> 0.0
Reward update: 0.0 -> 0.0
Reward update: 0.0 -> 0.0
Reward update: 0.0 -> 0.0
Reward update: 0.0 -> 0.0
Reward update: 0.0 -> 0.0
Reward update: 0.0 -> 0.0
Reward update: 0.0 -> 0.0
Reward update: 0.0 -> 0.0
Reward update: 0.0 -> 0.0
Reward update: 0.0 -> 0.0
Reward update: 0.0 -> 0.0
Reward update: 0.0 -> 0.0
Reward update: 0.0 -> 0.0
Reward update: 0.0 -> 0.0
Reward update: 0.0 -> 0.0
Reward update: 0.0 -> 0.0
Reward update: 0.0 -> 0.0
Reward update: 0.0 -> 0.0
Reward update: 0.0 -> 0.0
Reward update: 0.0 -> 0.0
Reward update: 0.0 -> 0.0
Reward update: 0.0 -> 0.0
Reward update: 0.0 -> 0.0
Reward update: 0.0 -> 0.0
Reward update: 0.0 -> 0.0
Reward update: 0.0 -> 0.0
Reward update: 0.0 -> 0.0
Reward update: 0.0 -> 0.0
Reward update: 0.0 -> 0.0
Reward update: 0.0 -> 0.0
Current policy count: 20
Reward update: 0.0 -> 0.0
Reward update: 0.0 -> 0.0
Reward update: 0.0 -> 0.0
Reward update: 0.0 -> 0.0
Reward update: 0.0 -> 0.0
Reward update: 0.0 -> 0.0
Reward update: 0.0 -> 0.0
Reward update: 0.0 -> 0.0
Reward update: 0.0 -> 0.0
Reward update: 0.0 -> 0.0
Reward update: 0.0 -> 0.0
Reward update: 0.0 -> 0.0
Reward update: 0.0 -> 0.0
Reward update: 0.0 -> 0.0
Reward update: 0.0 -> 0.0
Reward update: 0.0 -> 0.0
Reward update: 0.0 -> 0.0
Reward update: 0.0 -> 0.0
Reward update: 0.0 -> 0.0
Reward update: 0.0 -> 0.0
Current policy count: 10
Reward update: 0.0 -> 0.0
Reward update: 0.0 -> 0.0
Reward update: 0.0 -> 0.0
Reward update: 0.0 -> 0.0
Reward update: 0.0 -> 0.0
Reward update: 0.0 -> 0.0
Reward update: 0.0 -> 0.0
Reward update: 0.0 -> 0.0
Reward update: 0.0 -> 0.0
Reward update: 0.0 -> 0.0
Current policy count: 5
Reward update: 0.0 -> 0.0
Reward update: 0.0 -> 0.0
Reward update: 0.0 -> 0.0
Reward update: 0.0 -> 0.0
Reward update: 0.0 -> 0.0
Current policy count: 3
Reward update: 0.0 -> 0.0
Reward update: 0.0 -> 0.0
Reward update: 0.0 -> 0.0
Current policy count: 2
Reward update: 0.0 -> 0.0
Reward update: 0.0 -> 0.0
Current policy count: 1
Reward update: 0.0 -> 0.0
Final reward: 0.0
Number of nodes: 23
