Iteration 0/80
Training student with 3000 points
Train accuracy: 0.27958333333333335
Test accuracy: 0.2683333333333333
Number of nodes: 31
Student reward: 0.0
Iteration 1/80
Training student with 6000 points
Train accuracy: 0.29541666666666666
Test accuracy: 0.2725
Number of nodes: 31
Student reward: 0.0
Iteration 2/80
Training student with 9000 points
Train accuracy: 0.2791666666666667
Test accuracy: 0.2777777777777778
Number of nodes: 31
Student reward: 0.0
Iteration 3/80
Training student with 12000 points
Train accuracy: 0.28072916666666664
Test accuracy: 0.27166666666666667
Number of nodes: 31
Student reward: 0.0
Iteration 4/80
Training student with 15000 points
Train accuracy: 0.2773333333333333
Test accuracy: 0.278
Number of nodes: 31
Student reward: 0.0
Iteration 5/80
Training student with 18000 points
Train accuracy: 0.2860416666666667
Test accuracy: 0.2763888888888889
Number of nodes: 31
Student reward: 0.0
Iteration 6/80
Training student with 21000 points
Train accuracy: 0.27440476190476193
Test accuracy: 0.2761904761904762
Number of nodes: 31
Student reward: 0.0
Iteration 7/80
Training student with 24000 points
Train accuracy: 0.27348958333333334
Test accuracy: 0.26916666666666667
Number of nodes: 31
Student reward: 0.0
Iteration 8/80
Training student with 27000 points
Train accuracy: 0.28208333333333335
Test accuracy: 0.2748148148148148
Number of nodes: 31
Student reward: 0.0
Iteration 9/80
Training student with 30000 points
Train accuracy: 0.2770416666666667
Test accuracy: 0.2818333333333333
Number of nodes: 31
Student reward: 0.0
Iteration 10/80
Training student with 33000 points
Train accuracy: 0.2771590909090909
Test accuracy: 0.26621212121212123
Number of nodes: 31
Student reward: 0.0
Iteration 11/80
Training student with 36000 points
Train accuracy: 0.27555555555555555
Test accuracy: 0.2791666666666667
Number of nodes: 31
Student reward: 0.0
Iteration 12/80
Training student with 39000 points
Train accuracy: 0.27573717948717946
Test accuracy: 0.27525641025641023
Number of nodes: 31
Student reward: 0.0
Iteration 13/80
Training student with 42000 points
Train accuracy: 0.27556547619047617
Test accuracy: 0.27964285714285714
Number of nodes: 31
Student reward: 0.0
Iteration 14/80
Training student with 45000 points
Train accuracy: 0.2781666666666667
Test accuracy: 0.2758888888888889
Number of nodes: 31
Student reward: 0.0
Iteration 15/80
Training student with 48000 points
Train accuracy: 0.2752864583333333
Test accuracy: 0.27395833333333336
Number of nodes: 31
Student reward: 0.0
Iteration 16/80
Training student with 51000 points
Train accuracy: 0.27568627450980393
Test accuracy: 0.27450980392156865
Number of nodes: 31
Student reward: 0.0
Iteration 17/80
Training student with 54000 points
Train accuracy: 0.2776388888888889
Test accuracy: 0.27944444444444444
Number of nodes: 31
Student reward: 0.0
Iteration 18/80
Training student with 57000 points
Train accuracy: 0.2754605263157895
Test accuracy: 0.2744736842105263
Number of nodes: 31
Student reward: 0.0
Iteration 19/80
Training student with 60000 points
Train accuracy: 0.27477083333333335
Test accuracy: 0.27358333333333335
Number of nodes: 31
Student reward: 0.0
Iteration 20/80
Training student with 63000 points
Train accuracy: 0.27325396825396825
Test accuracy: 0.2756349206349206
Number of nodes: 31
Student reward: 0.0
Iteration 21/80
Training student with 66000 points
Train accuracy: 0.273125
Test accuracy: 0.2790151515151515
Number of nodes: 31
Student reward: 0.0
Iteration 22/80
Training student with 69000 points
Train accuracy: 0.27304347826086955
Test accuracy: 0.2703623188405797
Number of nodes: 31
Student reward: 0.0
Iteration 23/80
Training student with 72000 points
Train accuracy: 0.27510416666666665
Test accuracy: 0.28069444444444447
Number of nodes: 31
Student reward: 0.0
Iteration 24/80
Training student with 75000 points
Train accuracy: 0.2748
Test accuracy: 0.273
Number of nodes: 31
Student reward: 0.0
Iteration 25/80
Training student with 78000 points
Train accuracy: 0.2735416666666667
Test accuracy: 0.27352564102564103
Number of nodes: 31
Student reward: 0.0
Iteration 26/80
Training student with 81000 points
Train accuracy: 0.2770061728395062
Test accuracy: 0.2733333333333333
Number of nodes: 31
Student reward: 0.0
Iteration 27/80
Training student with 84000 points
Train accuracy: 0.2765922619047619
Test accuracy: 0.2738690476190476
Number of nodes: 31
Student reward: 0.0
Iteration 28/80
Training student with 87000 points
Train accuracy: 0.27660919540229884
Test accuracy: 0.26873563218390806
Number of nodes: 31
Student reward: 0.0
Iteration 29/80
Training student with 90000 points
Train accuracy: 0.27475
Test accuracy: 0.2792222222222222
Number of nodes: 31
Student reward: 0.0
Iteration 30/80
Training student with 93000 points
Train accuracy: 0.27377688172043013
Test accuracy: 0.27376344086021503
Number of nodes: 31
Student reward: 0.0
Iteration 31/80
Training student with 96000 points
Train accuracy: 0.27424479166666665
Test accuracy: 0.27479166666666666
Number of nodes: 31
Student reward: 0.0
Iteration 32/80
Training student with 99000 points
Train accuracy: 0.2735479797979798
Test accuracy: 0.27085858585858585
Number of nodes: 31
Student reward: 0.0
Iteration 33/80
Training student with 100000 points
Train accuracy: 0.2743875
Test accuracy: 0.27715
Number of nodes: 31
Student reward: 0.0
Iteration 34/80
Training student with 100000 points
Train accuracy: 0.277925
Test accuracy: 0.2753
Number of nodes: 31
Student reward: 0.0
Iteration 35/80
Training student with 100000 points
Train accuracy: 0.2781875
Test accuracy: 0.2705
Number of nodes: 31
Student reward: 0.0
Iteration 36/80
Training student with 100000 points
Train accuracy: 0.2725125
Test accuracy: 0.269
Number of nodes: 31
Student reward: 0.0
Iteration 37/80
Training student with 100000 points
Train accuracy: 0.27555
Test accuracy: 0.2715
Number of nodes: 31
Student reward: 0.0
Iteration 38/80
Training student with 100000 points
Train accuracy: 0.2736375
Test accuracy: 0.2747
Number of nodes: 31
Student reward: 0.0
Iteration 39/80
Training student with 100000 points
Train accuracy: 0.275025
Test accuracy: 0.27115
Number of nodes: 31
Student reward: 0.0
Iteration 40/80
Training student with 100000 points
Train accuracy: 0.2740125
Test accuracy: 0.2738
Number of nodes: 31
Student reward: 0.0
Iteration 41/80
Training student with 100000 points
Train accuracy: 0.273575
Test accuracy: 0.2749
Number of nodes: 31
Student reward: 0.0
Iteration 42/80
Training student with 100000 points
Train accuracy: 0.2749625
Test accuracy: 0.2754
Number of nodes: 31
Student reward: 0.0
Iteration 43/80
Training student with 100000 points
Train accuracy: 0.2733875
Test accuracy: 0.27745
Number of nodes: 31
Student reward: 0.0
Iteration 44/80
Training student with 100000 points
Train accuracy: 0.2755
Test accuracy: 0.2721
Number of nodes: 31
Student reward: 0.0
Iteration 45/80
Training student with 100000 points
Train accuracy: 0.273625
Test accuracy: 0.2677
Number of nodes: 31
Student reward: 0.0
Iteration 46/80
Training student with 100000 points
Train accuracy: 0.2753625
Test accuracy: 0.275
Number of nodes: 31
Student reward: 0.0
Iteration 47/80
Training student with 100000 points
Train accuracy: 0.276125
Test accuracy: 0.2737
Number of nodes: 31
Student reward: 0.0
Iteration 48/80
Training student with 100000 points
Train accuracy: 0.27485
Test accuracy: 0.2767
Number of nodes: 31
Student reward: 0.0
Iteration 49/80
Training student with 100000 points
Train accuracy: 0.2743625
Test accuracy: 0.2783
Number of nodes: 31
Student reward: 0.0
Iteration 50/80
Training student with 100000 points
Train accuracy: 0.2720125
Test accuracy: 0.27335
Number of nodes: 31
Student reward: 0.0
Iteration 51/80
Training student with 100000 points
Train accuracy: 0.274325
Test accuracy: 0.27535
Number of nodes: 31
Student reward: 0.0
Iteration 52/80
Training student with 100000 points
Train accuracy: 0.2737375
Test accuracy: 0.2688
Number of nodes: 31
Student reward: 0.0
Iteration 53/80
Training student with 100000 points
Train accuracy: 0.27565
Test accuracy: 0.27545
Number of nodes: 31
Student reward: 0.0
Iteration 54/80
Training student with 100000 points
Train accuracy: 0.2710375
Test accuracy: 0.27735
Number of nodes: 31
Student reward: 0.0
Iteration 55/80
Training student with 100000 points
Train accuracy: 0.274475
Test accuracy: 0.27565
Number of nodes: 31
Student reward: 0.0
Iteration 56/80
Training student with 100000 points
Train accuracy: 0.2764125
Test accuracy: 0.2747
Number of nodes: 31
Student reward: 0.0
Iteration 57/80
Training student with 100000 points
Train accuracy: 0.2739375
Test accuracy: 0.27485
Number of nodes: 31
Student reward: 0.0
Iteration 58/80
Training student with 100000 points
Train accuracy: 0.2752375
Test accuracy: 0.27535
Number of nodes: 31
Student reward: 0.0
Iteration 59/80
Training student with 100000 points
Train accuracy: 0.274625
Test accuracy: 0.2744
Number of nodes: 31
Student reward: 0.0
Iteration 60/80
Training student with 100000 points
Train accuracy: 0.273825
Test accuracy: 0.27585
Number of nodes: 31
Student reward: 0.0
Iteration 61/80
Training student with 100000 points
Train accuracy: 0.2714875
Test accuracy: 0.2772
Number of nodes: 31
Student reward: 0.0
Iteration 62/80
Training student with 100000 points
Train accuracy: 0.2752125
Test accuracy: 0.27805
Number of nodes: 31
Student reward: 0.0
Iteration 63/80
Training student with 100000 points
Train accuracy: 0.2729
Test accuracy: 0.27885
Number of nodes: 31
Student reward: 0.0
Iteration 64/80
Training student with 100000 points
Train accuracy: 0.2732125
Test accuracy: 0.2777
Number of nodes: 31
Student reward: 0.0
Iteration 65/80
Training student with 100000 points
Train accuracy: 0.274325
Test accuracy: 0.26685
Number of nodes: 31
Student reward: 0.0
Iteration 66/80
Training student with 100000 points
Train accuracy: 0.2741625
Test accuracy: 0.27015
Number of nodes: 31
Student reward: 0.0
Iteration 67/80
Training student with 100000 points
Train accuracy: 0.2738
Test accuracy: 0.2738
Number of nodes: 31
Student reward: 0.0
Iteration 68/80
Training student with 100000 points
Train accuracy: 0.2744375
Test accuracy: 0.2736
Number of nodes: 31
Student reward: 0.0
Iteration 69/80
Training student with 100000 points
Train accuracy: 0.274325
Test accuracy: 0.27185
Number of nodes: 31
Student reward: 0.0
Iteration 70/80
Training student with 100000 points
Train accuracy: 0.2777125
Test accuracy: 0.271
Number of nodes: 31
Student reward: 0.0
Iteration 71/80
Training student with 100000 points
Train accuracy: 0.2740625
Test accuracy: 0.2695
Number of nodes: 31
Student reward: 0.0
Iteration 72/80
Training student with 100000 points
Train accuracy: 0.275075
Test accuracy: 0.2717
Number of nodes: 31
Student reward: 0.0
Iteration 73/80
Training student with 100000 points
Train accuracy: 0.2737625
Test accuracy: 0.27685
Number of nodes: 31
Student reward: 0.0
Iteration 74/80
Training student with 100000 points
Train accuracy: 0.2757375
Test accuracy: 0.27315
Number of nodes: 31
Student reward: 0.0
Iteration 75/80
Training student with 100000 points
Train accuracy: 0.2748625
Test accuracy: 0.2776
Number of nodes: 31
Student reward: 0.0
Iteration 76/80
Training student with 100000 points
Train accuracy: 0.2756
Test accuracy: 0.27225
Number of nodes: 31
Student reward: 0.0
Iteration 77/80
Training student with 100000 points
Train accuracy: 0.2764875
Test accuracy: 0.2713
Number of nodes: 31
Student reward: 0.0
Iteration 78/80
Training student with 100000 points
Train accuracy: 0.2753875
Test accuracy: 0.27105
Number of nodes: 31
Student reward: 0.0
Iteration 79/80
Training student with 100000 points
Train accuracy: 0.274425
Test accuracy: 0.27685
Number of nodes: 31
Student reward: 0.0
Initial policy count: 80
Current policy count: 40
Reward update: 0.0 -> 0.0
Reward update: 0.0 -> 0.0
Reward update: 0.0 -> 0.0
Reward update: 0.0 -> 0.0
Reward update: 0.0 -> 0.0
Reward update: 0.0 -> 0.0
Reward update: 0.0 -> 0.0
Reward update: 0.0 -> 0.0
Reward update: 0.0 -> 0.0
Reward update: 0.0 -> 0.0
Reward update: 0.0 -> 0.0
Reward update: 0.0 -> 0.0
Reward update: 0.0 -> 0.0
Reward update: 0.0 -> 0.0
Reward update: 0.0 -> 0.0
Reward update: 0.0 -> 0.0
Reward update: 0.0 -> 0.0
Reward update: 0.0 -> 0.0
Reward update: 0.0 -> 0.0
Reward update: 0.0 -> 0.0
Reward update: 0.0 -> 0.0
Reward update: 0.0 -> 0.0
Reward update: 0.0 -> 0.0
Reward update: 0.0 -> 0.0
Reward update: 0.0 -> 0.0
Reward update: 0.0 -> 0.0
Reward update: 0.0 -> 0.0
Reward update: 0.0 -> 0.0
Reward update: 0.0 -> 0.0
Reward update: 0.0 -> 0.0
Reward update: 0.0 -> 0.0
Reward update: 0.0 -> 0.0
Reward update: 0.0 -> 0.0
Reward update: 0.0 -> 0.0
Reward update: 0.0 -> 0.0
Reward update: 0.0 -> 0.0
Reward update: 0.0 -> 0.0
Reward update: 0.0 -> 0.0
Reward update: 0.0 -> 0.0
Reward update: 0.0 -> 0.0
Current policy count: 20
Reward update: 0.0 -> 0.0
Reward update: 0.0 -> 0.0
Reward update: 0.0 -> 0.0
Reward update: 0.0 -> 0.0
Reward update: 0.0 -> 0.0
Reward update: 0.0 -> 0.0
Reward update: 0.0 -> 0.0
Reward update: 0.0 -> 0.0
Reward update: 0.0 -> 0.0
Reward update: 0.0 -> 0.0
Reward update: 0.0 -> 0.0
Reward update: 0.0 -> 0.0
Reward update: 0.0 -> 0.0
Reward update: 0.0 -> 0.0
Reward update: 0.0 -> 0.0
Reward update: 0.0 -> 0.0
Reward update: 0.0 -> 0.0
Reward update: 0.0 -> 0.0
Reward update: 0.0 -> 0.0
Reward update: 0.0 -> 0.0
Current policy count: 10
Reward update: 0.0 -> 0.0
Reward update: 0.0 -> 0.0
Reward update: 0.0 -> 0.0
Reward update: 0.0 -> 0.0
Reward update: 0.0 -> 0.0
Reward update: 0.0 -> 0.0
Reward update: 0.0 -> 0.0
Reward update: 0.0 -> 0.0
Reward update: 0.0 -> 0.0
Reward update: 0.0 -> 0.0
Current policy count: 5
Reward update: 0.0 -> 0.0
Reward update: 0.0 -> 0.0
Reward update: 0.0 -> 0.0
Reward update: 0.0 -> 0.0
Reward update: 0.0 -> 0.0
Current policy count: 3
Reward update: 0.0 -> 0.0
Reward update: 0.0 -> 0.0
Reward update: 0.0 -> 0.0
Current policy count: 2
Reward update: 0.0 -> 0.0
Reward update: 0.0 -> 0.0
Current policy count: 1
Reward update: 0.0 -> 0.0
Final reward: 0.0
Number of nodes: 31
