Iteration 0/80
Training student with 599 points
Train accuracy: 0.48643006263048016
Test accuracy: 0.55
Number of nodes: 5
Student reward: 2.4
Iteration 1/80
Training student with 1081 points
Train accuracy: 0.5057870370370371
Test accuracy: 0.511520737327189
Number of nodes: 5
Student reward: 3.0
Iteration 2/80
Training student with 1618 points
Train accuracy: 0.51854714064915
Test accuracy: 0.5154320987654321
Number of nodes: 5
Student reward: 2.7
Iteration 3/80
Training student with 2120 points
Train accuracy: 0.4722877358490566
Test accuracy: 0.49764150943396224
Number of nodes: 5
Student reward: 2.1
Iteration 4/80
Training student with 2597 points
Train accuracy: 0.45402022147327875
Test accuracy: 0.4634615384615385
Number of nodes: 5
Student reward: 2.7
Iteration 5/80
Training student with 3123 points
Train accuracy: 0.45316253002401924
Test accuracy: 0.4352
Number of nodes: 5
Student reward: 1.0
Iteration 6/80
Training student with 3590 points
Train accuracy: 0.47701949860724235
Test accuracy: 0.4610027855153203
Number of nodes: 5
Student reward: 2.7
Iteration 7/80
Training student with 4105 points
Train accuracy: 0.457673568818514
Test accuracy: 0.47381242387332523
Number of nodes: 5
Student reward: 2.2
Iteration 8/80
Training student with 4605 points
Train accuracy: 0.4533116178067318
Test accuracy: 0.44625407166123776
Number of nodes: 5
Student reward: 2.8
Iteration 9/80
Training student with 5122 points
Train accuracy: 0.4818159628996827
Test accuracy: 0.45365853658536587
Number of nodes: 5
Student reward: 2.7
Iteration 10/80
Training student with 5679 points
Train accuracy: 0.46731234866828086
Test accuracy: 0.460387323943662
Number of nodes: 5
Student reward: 2.4
Iteration 11/80
Training student with 6186 points
Train accuracy: 0.45291026677445434
Test accuracy: 0.45638126009693053
Number of nodes: 5
Student reward: 1.7
Iteration 12/80
Training student with 6669 points
Train accuracy: 0.44948453608247424
Test accuracy: 0.4362818590704648
Number of nodes: 5
Student reward: 2.7
Iteration 13/80
Training student with 7204 points
Train accuracy: 0.4551448898143328
Test accuracy: 0.4337265787647467
Number of nodes: 5
Student reward: 4.3
Iteration 14/80
Training student with 7876 points
Train accuracy: 0.46634920634920635
Test accuracy: 0.4460659898477157
Number of nodes: 5
Student reward: 2.6
Iteration 15/80
Training student with 8408 points
Train accuracy: 0.45985727029438
Test accuracy: 0.43876337693222356
Number of nodes: 5
Student reward: 2.8
Iteration 16/80
Training student with 8943 points
Train accuracy: 0.45387195974280126
Test accuracy: 0.46003353828954724
Number of nodes: 5
Student reward: 0.4
Iteration 17/80
Training student with 9336 points
Train accuracy: 0.4610337439742903
Test accuracy: 0.4486081370449679
Number of nodes: 5
Student reward: 2.7
Iteration 18/80
Training student with 9863 points
Train accuracy: 0.4572877059569075
Test accuracy: 0.4424733907754688
Number of nodes: 5
Student reward: 2.6
Iteration 19/80
Training student with 10345 points
Train accuracy: 0.4516674722087965
Test accuracy: 0.4572257129047849
Number of nodes: 5
Student reward: 3.0
Iteration 20/80
Training student with 10926 points
Train accuracy: 0.461441647597254
Test accuracy: 0.4707227813357731
Number of nodes: 5
Student reward: 2.0
Iteration 21/80
Training student with 11425 points
Train accuracy: 0.4599562363238512
Test accuracy: 0.45295404814004375
Number of nodes: 5
Student reward: 2.4
Iteration 22/80
Training student with 11966 points
Train accuracy: 0.4515252820727121
Test accuracy: 0.46365914786967416
Number of nodes: 5
Student reward: 3.0
Iteration 23/80
Training student with 12524 points
Train accuracy: 0.4513424493462421
Test accuracy: 0.44471057884231535
Number of nodes: 5
Student reward: 2.7
Iteration 24/80
Training student with 13034 points
Train accuracy: 0.449889709408267
Test accuracy: 0.44802454929037205
Number of nodes: 5
Student reward: 3.0
Iteration 25/80
Training student with 13602 points
Train accuracy: 0.4564837790644242
Test accuracy: 0.45608232267548693
Number of nodes: 5
Student reward: 3.1
Iteration 26/80
Training student with 14141 points
Train accuracy: 0.4512906647807638
Test accuracy: 0.45775892541534113
Number of nodes: 5
Student reward: 2.5
Iteration 27/80
Training student with 14667 points
Train accuracy: 0.448563879655672
Test accuracy: 0.4553510565780504
Number of nodes: 5
Student reward: 1.2
Iteration 28/80
Training student with 15105 points
Train accuracy: 0.45332671300893745
Test accuracy: 0.45647136709698777
Number of nodes: 5
Student reward: 2.7
Iteration 29/80
Training student with 15627 points
Train accuracy: 0.4535637149028078
Test accuracy: 0.44305822136916184
Number of nodes: 5
Student reward: 3.6
Iteration 30/80
Training student with 16219 points
Train accuracy: 0.4574181117533719
Test accuracy: 0.4716399506781751
Number of nodes: 5
Student reward: 3.1
Iteration 31/80
Training student with 16766 points
Train accuracy: 0.45578586340590516
Test accuracy: 0.46332737030411447
Number of nodes: 5
Student reward: 1.9
Iteration 32/80
Training student with 17253 points
Train accuracy: 0.4557310534705115
Test accuracy: 0.4529121993625036
Number of nodes: 5
Student reward: 2.2
Iteration 33/80
Training student with 17751 points
Train accuracy: 0.45471830985915496
Test accuracy: 0.44776119402985076
Number of nodes: 5
Student reward: 1.7
Iteration 34/80
Training student with 18200 points
Train accuracy: 0.4529532967032967
Test accuracy: 0.4431318681318681
Number of nodes: 5
Student reward: 3.2
Iteration 35/80
Training student with 18740 points
Train accuracy: 0.45631003201707576
Test accuracy: 0.445837780149413
Number of nodes: 5
Student reward: 0.8
Iteration 36/80
Training student with 19133 points
Train accuracy: 0.458578335293349
Test accuracy: 0.47034230467729293
Number of nodes: 5
Student reward: 3.2
Iteration 37/80
Training student with 19703 points
Train accuracy: 0.4576195914224083
Test accuracy: 0.4597817812737884
Number of nodes: 5
Student reward: 2.0
Iteration 38/80
Training student with 20184 points
Train accuracy: 0.4558741561900043
Test accuracy: 0.45330691107257864
Number of nodes: 5
Student reward: 2.6
Iteration 39/80
Training student with 20672 points
Train accuracy: 0.45358892181169497
Test accuracy: 0.4457073760580411
Number of nodes: 5
Student reward: 2.4
Iteration 40/80
Training student with 21154 points
Train accuracy: 0.4557111623234651
Test accuracy: 0.47411959347671945
Number of nodes: 5
Student reward: 2.2
Iteration 41/80
Training student with 21655 points
Train accuracy: 0.45393673516508887
Test accuracy: 0.47009928422997
Number of nodes: 5
Student reward: 3.2
Iteration 42/80
Training student with 22237 points
Train accuracy: 0.45612457136432627
Test accuracy: 0.45143884892086333
Number of nodes: 5
Student reward: 2.5
Iteration 43/80
Training student with 22753 points
Train accuracy: 0.4563234809361609
Test accuracy: 0.4416611733684904
Number of nodes: 5
Student reward: 2.1
Iteration 44/80
Training student with 23244 points
Train accuracy: 0.4499058886797526
Test accuracy: 0.45472144547214455
Number of nodes: 5
Student reward: 3.0
Iteration 45/80
Training student with 23775 points
Train accuracy: 0.45720294426919034
Test accuracy: 0.4580441640378549
Number of nodes: 5
Student reward: 2.4
Iteration 46/80
Training student with 24270 points
Train accuracy: 0.4531314379892872
Test accuracy: 0.4606510094767202
Number of nodes: 5
Student reward: 2.1
Iteration 47/80
Training student with 24780 points
Train accuracy: 0.4554580306698951
Test accuracy: 0.44229217110573044
Number of nodes: 5
Student reward: 2.6
Iteration 48/80
Training student with 25324 points
Train accuracy: 0.4500715731279925
Test accuracy: 0.45409674234945707
Number of nodes: 5
Student reward: 2.2
Iteration 49/80
Training student with 25793 points
Train accuracy: 0.4488223320732771
Test accuracy: 0.4512502422950184
Number of nodes: 5
Student reward: 2.6
Iteration 50/80
Training student with 26323 points
Train accuracy: 0.45232215784974833
Test accuracy: 0.44805318138651473
Number of nodes: 5
Student reward: 3.2
Iteration 51/80
Training student with 26891 points
Train accuracy: 0.4558386017106731
Test accuracy: 0.4472950362520915
Number of nodes: 5
Student reward: 2.4
Iteration 52/80
Training student with 27390 points
Train accuracy: 0.4534501642935378
Test accuracy: 0.45180722891566266
Number of nodes: 5
Student reward: 1.9
Iteration 53/80
Training student with 27869 points
Train accuracy: 0.45041489123121775
Test accuracy: 0.45712235378543237
Number of nodes: 5
Student reward: 2.6
Iteration 54/80
Training student with 28366 points
Train accuracy: 0.4506874669487044
Test accuracy: 0.44959464222770534
Number of nodes: 5
Student reward: 2.1
Iteration 55/80
Training student with 28891 points
Train accuracy: 0.4511509172724126
Test accuracy: 0.44454057795466345
Number of nodes: 5
Student reward: 3.2
Iteration 56/80
Training student with 29439 points
Train accuracy: 0.45195533098382235
Test accuracy: 0.45805027173913043
Number of nodes: 5
Student reward: 2.5
Iteration 57/80
Training student with 29969 points
Train accuracy: 0.45255474452554745
Test accuracy: 0.44728061394728064
Number of nodes: 5
Student reward: 2.9
Iteration 58/80
Training student with 30530 points
Train accuracy: 0.4500491320013102
Test accuracy: 0.4508679986898133
Number of nodes: 5
Student reward: 2.1
Iteration 59/80
Training student with 31042 points
Train accuracy: 0.44875770144565696
Test accuracy: 0.44854243839587693
Number of nodes: 5
Student reward: 2.1
Iteration 60/80
Training student with 31514 points
Train accuracy: 0.448732696045377
Test accuracy: 0.45184832619387594
Number of nodes: 5
Student reward: 3.4
Iteration 61/80
Training student with 32104 points
Train accuracy: 0.45197212163688044
Test accuracy: 0.4507086123656751
Number of nodes: 5
Student reward: 3.0
Iteration 62/80
Training student with 32655 points
Train accuracy: 0.45115602511100905
Test accuracy: 0.44342367171949165
Number of nodes: 5
Student reward: 1.2
Iteration 63/80
Training student with 33091 points
Train accuracy: 0.4528558476881233
Test accuracy: 0.45248526967819913
Number of nodes: 5
Student reward: 2.2
Iteration 64/80
Training student with 33617 points
Train accuracy: 0.45108392518499235
Test accuracy: 0.4458655562165378
Number of nodes: 5
Student reward: 3.8
Iteration 65/80
Training student with 34269 points
Train accuracy: 0.45489695422214116
Test accuracy: 0.45783484096877736
Number of nodes: 5
Student reward: 1.8
Iteration 66/80
Training student with 34712 points
Train accuracy: 0.4563362022399078
Test accuracy: 0.445772720725911
Number of nodes: 5
Student reward: 2.8
Iteration 67/80
Training student with 35230 points
Train accuracy: 0.4518875957990349
Test accuracy: 0.45571955719557194
Number of nodes: 5
Student reward: 2.0
Iteration 68/80
Training student with 35744 points
Train accuracy: 0.44927434866235355
Test accuracy: 0.45964470555322423
Number of nodes: 5
Student reward: 2.4
Iteration 69/80
Training student with 36282 points
Train accuracy: 0.4489233419465978
Test accuracy: 0.45376877497588536
Number of nodes: 5
Student reward: 2.2
Iteration 70/80
Training student with 36779 points
Train accuracy: 0.4479828705434524
Test accuracy: 0.45554649265905384
Number of nodes: 5
Student reward: 3.0
Iteration 71/80
Training student with 37380 points
Train accuracy: 0.4558921883360086
Test accuracy: 0.4435527019796683
Number of nodes: 5
Student reward: 2.3
Iteration 72/80
Training student with 37926 points
Train accuracy: 0.4507910349373764
Test accuracy: 0.4553124176113894
Number of nodes: 5
Student reward: 2.1
Iteration 73/80
Training student with 38430 points
Train accuracy: 0.45026671870934165
Test accuracy: 0.4509497788186313
Number of nodes: 5
Student reward: 2.5
Iteration 74/80
Training student with 38951 points
Train accuracy: 0.44964698331193836
Test accuracy: 0.4424335772044667
Number of nodes: 5
Student reward: 2.8
Iteration 75/80
Training student with 39522 points
Train accuracy: 0.45121295505582437
Test accuracy: 0.4564199873497786
Number of nodes: 5
Student reward: 0.9
Iteration 76/80
Training student with 39920 points
Train accuracy: 0.45685120240480964
Test accuracy: 0.4433867735470942
Number of nodes: 5
Student reward: 2.8
Iteration 77/80
Training student with 40470 points
Train accuracy: 0.4522794662713121
Test accuracy: 0.45626389918458116
Number of nodes: 5
Student reward: 3.0
Iteration 78/80
Training student with 41000 points
Train accuracy: 0.45170731707317074
Test accuracy: 0.45414634146341465
Number of nodes: 5
Student reward: 3.1
Iteration 79/80
Training student with 41587 points
Train accuracy: 0.450389251254922
Test accuracy: 0.4520317383986535
Number of nodes: 5
Student reward: 2.4
Initial policy count: 80
Current policy count: 40
Reward update: 4.3 -> 3.52
Reward update: 3.8 -> 3.32
Reward update: 3.6 -> 3.22
Reward update: 3.4 -> 3.18
Reward update: 3.2 -> 3.56
Reward update: 3.2 -> 2.56
Reward update: 3.2 -> 2.5
Reward update: 3.2 -> 3.26
Reward update: 3.2 -> 3.2
Reward update: 3.1 -> 2.1
Reward update: 3.1 -> 2.48
Reward update: 3.1 -> 2.38
Reward update: 3.0 -> 2.94
Reward update: 3.0 -> 3.48
Reward update: 3.0 -> 2.54
Reward update: 3.0 -> 2.94
Reward update: 3.0 -> 3.28
Reward update: 3.0 -> 2.3
Reward update: 3.0 -> 3.14
Reward update: 3.0 -> 2.32
Reward update: 2.9 -> 2.48
Reward update: 2.8 -> 3.06
Reward update: 2.8 -> 2.56
Reward update: 2.8 -> 2.34
Reward update: 2.8 -> 2.88
Reward update: 2.8 -> 2.58
Reward update: 2.7 -> 2.2
Reward update: 2.7 -> 2.24
Reward update: 2.7 -> 2.4
Reward update: 2.7 -> 2.48
Reward update: 2.7 -> 2.48
Reward update: 2.7 -> 2.68
Reward update: 2.7 -> 2.36
Reward update: 2.7 -> 2.46
Reward update: 2.6 -> 2.26
Reward update: 2.6 -> 2.5
Reward update: 2.6 -> 2.52
Reward update: 2.6 -> 2.82
Reward update: 2.6 -> 2.38
Reward update: 2.6 -> 2.32
Current policy count: 20
Reward update: 3.56 -> 3.14
Reward update: 3.52 -> 3.12
Reward update: 3.48 -> 3.42
Reward update: 3.32 -> 3.02
Reward update: 3.28 -> 3.4
Reward update: 3.26 -> 3.28
Reward update: 3.22 -> 3.3
Reward update: 3.2 -> 3.68
Reward update: 3.18 -> 3.02
Reward update: 3.14 -> 3.1
Reward update: 3.06 -> 3.32
Reward update: 2.94 -> 3.3
Reward update: 2.94 -> 3.6
Reward update: 2.88 -> 3.02
Reward update: 2.82 -> 2.46
Reward update: 2.68 -> 2.6
Reward update: 2.58 -> 2.2
Reward update: 2.56 -> 2.58
Reward update: 2.56 -> 2.6
Reward update: 2.54 -> 2.54
Current policy count: 10
Reward update: 3.68 -> 3.52
Reward update: 3.6 -> 3.34
Reward update: 3.42 -> 3.38
Reward update: 3.4 -> 3.2
Reward update: 3.32 -> 3.22
Reward update: 3.3 -> 3.82
Reward update: 3.3 -> 3.18
Reward update: 3.28 -> 3.32
Reward update: 3.14 -> 3.5
Reward update: 3.12 -> 3.6
Current policy count: 5
Reward update: 3.82 -> 2.88
Reward update: 3.6 -> 3.26
Reward update: 3.52 -> 3.64
Reward update: 3.5 -> 3.3
Reward update: 3.38 -> 3.2
Current policy count: 3
Reward update: 3.64 -> 3.1
Reward update: 3.3 -> 3.56
Reward update: 3.26 -> 3.26
Current policy count: 2
Reward update: 3.56 -> 2.72
Reward update: 3.26 -> 3.22
Current policy count: 1
Reward update: 3.22 -> 3.16
Final reward: 3.18
Number of nodes: 5
