Iteration 0/80
Training student with 106 points
Train accuracy: 0.6309523809523809
Test accuracy: 0.6363636363636364
Number of nodes: 15
Student reward: 0.6
Iteration 1/80
Training student with 541 points
Train accuracy: 0.5185185185185185
Test accuracy: 0.3211009174311927
Number of nodes: 17
Student reward: 0.4
Iteration 2/80
Training student with 1149 points
Train accuracy: 0.514689880304679
Test accuracy: 0.4608695652173913
Number of nodes: 17
Student reward: 0.3
Iteration 3/80
Training student with 1874 points
Train accuracy: 0.5036691127418279
Test accuracy: 0.496
Number of nodes: 19
Student reward: 0.4
Iteration 4/80
Training student with 2486 points
Train accuracy: 0.5447686116700201
Test accuracy: 0.5441767068273092
Number of nodes: 17
Student reward: 0.0
Iteration 5/80
Training student with 3486 points
Train accuracy: 0.5003586800573888
Test accuracy: 0.4584527220630373
Number of nodes: 17
Student reward: 0.4
Iteration 6/80
Training student with 4091 points
Train accuracy: 0.5006112469437652
Test accuracy: 0.5067155067155067
Number of nodes: 17
Student reward: 0.6
Iteration 7/80
Training student with 4545 points
Train accuracy: 0.5013751375137514
Test accuracy: 0.47964796479647964
Number of nodes: 19
Student reward: 0.5
Iteration 8/80
Training student with 5065 points
Train accuracy: 0.5012339585389931
Test accuracy: 0.4846989141164857
Number of nodes: 19
Student reward: 0.2
Iteration 9/80
Training student with 5867 points
Train accuracy: 0.4911570424035798
Test accuracy: 0.5085178875638842
Number of nodes: 19
Student reward: 0.6
Iteration 10/80
Training student with 6318 points
Train accuracy: 0.501582904629996
Test accuracy: 0.48417721518987344
Number of nodes: 17
Student reward: 0.6
Iteration 11/80
Training student with 6769 points
Train accuracy: 0.4917820867959372
Test accuracy: 0.5096011816838996
Number of nodes: 19
Student reward: 0.4
Iteration 12/80
Training student with 7389 points
Train accuracy: 0.4929791913381831
Test accuracy: 0.4878213802435724
Number of nodes: 17
Student reward: 0.5
Iteration 13/80
Training student with 7918 points
Train accuracy: 0.4917903378591727
Test accuracy: 0.4917929292929293
Number of nodes: 19
Student reward: 0.5
Iteration 14/80
Training student with 8471 points
Train accuracy: 0.4858323494687131
Test accuracy: 0.5061946902654867
Number of nodes: 19
Student reward: 0.3
Iteration 15/80
Training student with 9185 points
Train accuracy: 0.4934676102340773
Test accuracy: 0.45454545454545453
Number of nodes: 19
Student reward: 0.2
Iteration 16/80
Training student with 10013 points
Train accuracy: 0.49138576779026216
Test accuracy: 0.491263105341987
Number of nodes: 19
Student reward: 0.2
Iteration 17/80
Training student with 10819 points
Train accuracy: 0.4879260543038706
Test accuracy: 0.48706099815157117
Number of nodes: 19
Student reward: 0.5
Iteration 18/80
Training student with 11344 points
Train accuracy: 0.4920110192837466
Test accuracy: 0.49140590568532394
Number of nodes: 19
Student reward: 0.7
Iteration 19/80
Training student with 11692 points
Train accuracy: 0.4998396236501657
Test accuracy: 0.5113296280461735
Number of nodes: 19
Student reward: 0.4
Iteration 20/80
Training student with 12316 points
Train accuracy: 0.4998984977669509
Test accuracy: 0.5020292207792207
Number of nodes: 19
Student reward: 0.2
Iteration 21/80
Training student with 13135 points
Train accuracy: 0.50199847735059
Test accuracy: 0.5009516558812334
Number of nodes: 17
Student reward: 0.3
Iteration 22/80
Training student with 13839 points
Train accuracy: 0.5101616836780779
Test accuracy: 0.48916184971098264
Number of nodes: 19
Student reward: 0.6
Iteration 23/80
Training student with 14279 points
Train accuracy: 0.5081852403046485
Test accuracy: 0.511204481792717
Number of nodes: 17
Student reward: 0.5
Iteration 24/80
Training student with 14821 points
Train accuracy: 0.5063259109311741
Test accuracy: 0.5086003372681281
Number of nodes: 19
Student reward: 0.3
Iteration 25/80
Training student with 15551 points
Train accuracy: 0.5096463022508039
Test accuracy: 0.48601735776277727
Number of nodes: 19
Student reward: 0.4
Iteration 26/80
Training student with 16168 points
Train accuracy: 0.5085820318540282
Test accuracy: 0.5213358070500927
Number of nodes: 19
Student reward: 0.7
Iteration 27/80
Training student with 16527 points
Train accuracy: 0.5104001210195901
Test accuracy: 0.514821536600121
Number of nodes: 19
Student reward: 0.6
Iteration 28/80
Training student with 16971 points
Train accuracy: 0.5087654684737772
Test accuracy: 0.5104565537555228
Number of nodes: 19
Student reward: 0.4
Iteration 29/80
Training student with 17608 points
Train accuracy: 0.5114297884424251
Test accuracy: 0.5147643384440659
Number of nodes: 19
Student reward: 0.3
Iteration 30/80
Training student with 18321 points
Train accuracy: 0.509825327510917
Test accuracy: 0.5175989085948158
Number of nodes: 19
Student reward: 0.2
Iteration 31/80
Training student with 19145 points
Train accuracy: 0.514690519717942
Test accuracy: 0.5105771741969183
Number of nodes: 19
Student reward: 0.6
Iteration 32/80
Training student with 19591 points
Train accuracy: 0.5126978050025524
Test accuracy: 0.5118652717529982
Number of nodes: 17
Student reward: 0.5
Iteration 33/80
Training student with 20140 points
Train accuracy: 0.50775819265144
Test accuracy: 0.5166335650446872
Number of nodes: 19
Student reward: 0.9
Iteration 34/80
Training student with 20312 points
Train accuracy: 0.5124623053726384
Test accuracy: 0.5062761506276151
Number of nodes: 19
Student reward: 0.2
Iteration 35/80
Training student with 21132 points
Train accuracy: 0.5100266193433896
Test accuracy: 0.5024840312278211
Number of nodes: 19
Student reward: 0.3
Iteration 36/80
Training student with 21846 points
Train accuracy: 0.5053215838864729
Test accuracy: 0.5107551487414188
Number of nodes: 19
Student reward: 0.9
Iteration 37/80
Training student with 22030 points
Train accuracy: 0.5062982296867907
Test accuracy: 0.5127099409895597
Number of nodes: 19
Student reward: 0.5
Iteration 38/80
Training student with 22572 points
Train accuracy: 0.5086116187628067
Test accuracy: 0.5102990033222591
Number of nodes: 19
Student reward: 0.5
Iteration 39/80
Training student with 23118 points
Train accuracy: 0.5087055261165784
Test accuracy: 0.5077854671280276
Number of nodes: 19
Student reward: 0.4
Iteration 40/80
Training student with 23756 points
Train accuracy: 0.5085771416543885
Test accuracy: 0.5073653198653199
Number of nodes: 19
Student reward: 0.4
Iteration 41/80
Training student with 24372 points
Train accuracy: 0.51192491152485
Test accuracy: 0.4957948717948718
Number of nodes: 19
Student reward: 0.6
Iteration 42/80
Training student with 24823 points
Train accuracy: 0.5109779433981267
Test accuracy: 0.5154078549848943
Number of nodes: 19
Student reward: 0.5
Iteration 43/80
Training student with 25354 points
Train accuracy: 0.5123009416752946
Test accuracy: 0.5040425951488858
Number of nodes: 19
Student reward: 0.3
Iteration 44/80
Training student with 26072 points
Train accuracy: 0.5084623867286763
Test accuracy: 0.5048897411313519
Number of nodes: 19
Student reward: 0.2
Iteration 45/80
Training student with 26890 points
Train accuracy: 0.5030215693566381
Test accuracy: 0.5115284492376349
Number of nodes: 19
Student reward: 0.5
Iteration 46/80
Training student with 27418 points
Train accuracy: 0.5058356888848363
Test accuracy: 0.5007293946024799
Number of nodes: 19
Student reward: 0.7
Iteration 47/80
Training student with 27782 points
Train accuracy: 0.5033970753655793
Test accuracy: 0.512686701457621
Number of nodes: 17
Student reward: 0.5
Iteration 48/80
Training student with 28315 points
Train accuracy: 0.507725587144623
Test accuracy: 0.4946141621048914
Number of nodes: 19
Student reward: 0.5
Iteration 49/80
Training student with 28831 points
Train accuracy: 0.5043357613596947
Test accuracy: 0.5094503207907057
Number of nodes: 19
Student reward: 0.6
Iteration 50/80
Training student with 29271 points
Train accuracy: 0.503715408267851
Test accuracy: 0.5101622544833476
Number of nodes: 17
Student reward: 0.5
Iteration 51/80
Training student with 29812 points
Train accuracy: 0.5024529330370247
Test accuracy: 0.506624182458494
Number of nodes: 19
Student reward: 0.4
Iteration 52/80
Training student with 30429 points
Train accuracy: 0.5043338947541388
Test accuracy: 0.5036148537627342
Number of nodes: 17
Student reward: 0.2
Iteration 53/80
Training student with 31242 points
Train accuracy: 0.5047413275717201
Test accuracy: 0.4986397823651784
Number of nodes: 19
Student reward: 0.2
Iteration 54/80
Training student with 32049 points
Train accuracy: 0.5045438589648582
Test accuracy: 0.4965678627145086
Number of nodes: 17
Student reward: 0.5
Iteration 55/80
Training student with 32567 points
Train accuracy: 0.5050474033700534
Test accuracy: 0.5016886705557261
Number of nodes: 19
Student reward: 0.1
Iteration 56/80
Training student with 33478 points
Train accuracy: 0.5038832051377791
Test accuracy: 0.5017921146953405
Number of nodes: 17
Student reward: 0.4
Iteration 57/80
Training student with 34110 points
Train accuracy: 0.508245382585752
Test accuracy: 0.4998534154206977
Number of nodes: 19
Student reward: 0.2
Iteration 58/80
Training student with 34923 points
Train accuracy: 0.5073018827403536
Test accuracy: 0.5037938439513243
Number of nodes: 19
Student reward: 0.4
Iteration 59/80
Training student with 35542 points
Train accuracy: 0.509091548552738
Test accuracy: 0.5024616683077788
Number of nodes: 19
Student reward: 0.1
Iteration 60/80
Training student with 36444 points
Train accuracy: 0.507665923512262
Test accuracy: 0.5025380710659898
Number of nodes: 19
Student reward: 0.6
Iteration 61/80
Training student with 36893 points
Train accuracy: 0.5087416141492174
Test accuracy: 0.49844152324163166
Number of nodes: 19
Student reward: 0.5
Iteration 62/80
Training student with 37420 points
Train accuracy: 0.5069147514698022
Test accuracy: 0.5133618385889899
Number of nodes: 17
Student reward: 0.7
Iteration 63/80
Training student with 37800 points
Train accuracy: 0.509457671957672
Test accuracy: 0.503968253968254
Number of nodes: 17
Student reward: 0.6
Iteration 64/80
Training student with 38280 points
Train accuracy: 0.5094043887147336
Test accuracy: 0.5128004179728317
Number of nodes: 19
Student reward: 0.5
Iteration 65/80
Training student with 38786 points
Train accuracy: 0.5107322418460745
Test accuracy: 0.5099252384635216
Number of nodes: 17
Student reward: 0.5
Iteration 66/80
Training student with 39330 points
Train accuracy: 0.5111873887617595
Test accuracy: 0.5108060005085177
Number of nodes: 19
Student reward: 0.4
Iteration 67/80
Training student with 39965 points
Train accuracy: 0.5145439759789816
Test accuracy: 0.5036907293882147
Number of nodes: 19
Student reward: 0.5
Iteration 68/80
Training student with 40519 points
Train accuracy: 0.5108437451797008
Test accuracy: 0.5122161895360315
Number of nodes: 19
Student reward: 0.5
Iteration 69/80
Training student with 41073 points
Train accuracy: 0.5134213890072433
Test accuracy: 0.4996956786366403
Number of nodes: 19
Student reward: 0.5
Iteration 70/80
Training student with 41597 points
Train accuracy: 0.5100820386453105
Test accuracy: 0.5145432692307692
Number of nodes: 17
Student reward: 0.3
Iteration 71/80
Training student with 42307 points
Train accuracy: 0.5106514994829369
Test accuracy: 0.5064996454738833
Number of nodes: 19
Student reward: 0.4
Iteration 72/80
Training student with 42957 points
Train accuracy: 0.511188709442747
Test accuracy: 0.5097765363128491
Number of nodes: 19
Student reward: 0.5
Iteration 73/80
Training student with 43481 points
Train accuracy: 0.5123045078196872
Test accuracy: 0.5098309761986892
Number of nodes: 19
Student reward: 0.6
Iteration 74/80
Training student with 43911 points
Train accuracy: 0.5089102710088818
Test accuracy: 0.5197540703632016
Number of nodes: 19
Student reward: 0.4
Iteration 75/80
Training student with 44539 points
Train accuracy: 0.5099492015379866
Test accuracy: 0.5097665020206555
Number of nodes: 19
Student reward: 0.6
Iteration 76/80
Training student with 44968 points
Train accuracy: 0.5102574081280925
Test accuracy: 0.5138981543251057
Number of nodes: 17
Student reward: 0.8
Iteration 77/80
Training student with 45219 points
Train accuracy: 0.5115687629578438
Test accuracy: 0.5096196373286157
Number of nodes: 19
Student reward: 0.6
Iteration 78/80
Training student with 45641 points
Train accuracy: 0.5111744084136722
Test accuracy: 0.5080512651988169
Number of nodes: 19
Student reward: 0.6
Iteration 79/80
Training student with 46096 points
Train accuracy: 0.5121759409914307
Test accuracy: 0.5099783080260304
Number of nodes: 19
Student reward: 0.9
Initial policy count: 80
Current policy count: 40
Reward update: 0.9 -> 0.44
Reward update: 0.9 -> 0.6
Reward update: 0.9 -> 0.56
Reward update: 0.8 -> 0.5
Reward update: 0.7 -> 0.46
Reward update: 0.7 -> 0.66
Reward update: 0.7 -> 0.62
Reward update: 0.7 -> 0.6
Reward update: 0.6 -> 0.56
Reward update: 0.6 -> 0.68
Reward update: 0.6 -> 0.5
Reward update: 0.6 -> 0.4
Reward update: 0.6 -> 0.38
Reward update: 0.6 -> 0.6
Reward update: 0.6 -> 0.5
Reward update: 0.6 -> 0.52
Reward update: 0.6 -> 0.42
Reward update: 0.6 -> 0.56
Reward update: 0.6 -> 0.66
Reward update: 0.6 -> 0.5
Reward update: 0.6 -> 0.4
Reward update: 0.6 -> 0.54
Reward update: 0.6 -> 0.6
Reward update: 0.5 -> 0.72
Reward update: 0.5 -> 0.7
Reward update: 0.5 -> 0.44
Reward update: 0.5 -> 0.62
Reward update: 0.5 -> 0.62
Reward update: 0.5 -> 0.44
Reward update: 0.5 -> 0.36
Reward update: 0.5 -> 0.42
Reward update: 0.5 -> 0.54
Reward update: 0.5 -> 0.4
Reward update: 0.5 -> 0.36
Reward update: 0.5 -> 0.48
Reward update: 0.5 -> 0.62
Reward update: 0.5 -> 0.42
Reward update: 0.5 -> 0.36
Reward update: 0.5 -> 0.48
Reward update: 0.5 -> 0.64
Current policy count: 20
Reward update: 0.72 -> 0.64
Reward update: 0.7 -> 0.64
Reward update: 0.68 -> 0.58
Reward update: 0.66 -> 0.5
Reward update: 0.66 -> 0.78
Reward update: 0.64 -> 0.52
Reward update: 0.62 -> 0.52
Reward update: 0.62 -> 0.66
Reward update: 0.62 -> 0.58
Reward update: 0.62 -> 0.54
Reward update: 0.6 -> 0.6
Reward update: 0.6 -> 0.8
Reward update: 0.6 -> 0.52
Reward update: 0.6 -> 0.46
Reward update: 0.56 -> 0.54
Reward update: 0.56 -> 0.62
Reward update: 0.56 -> 0.6
Reward update: 0.54 -> 0.46
Reward update: 0.54 -> 0.4
Reward update: 0.52 -> 0.44
Current policy count: 10
Reward update: 0.8 -> 0.62
Reward update: 0.78 -> 0.5
Reward update: 0.66 -> 0.44
Reward update: 0.64 -> 0.74
Reward update: 0.64 -> 0.54
Reward update: 0.62 -> 0.74
Reward update: 0.6 -> 0.62
Reward update: 0.6 -> 0.68
Reward update: 0.58 -> 0.66
Reward update: 0.58 -> 0.36
Current policy count: 5
Reward update: 0.74 -> 0.56
Reward update: 0.74 -> 0.64
Reward update: 0.68 -> 0.66
Reward update: 0.66 -> 0.62
Reward update: 0.62 -> 0.7
Current policy count: 3
Reward update: 0.7 -> 0.62
Reward update: 0.66 -> 0.62
Reward update: 0.64 -> 0.64
Current policy count: 2
Reward update: 0.64 -> 0.66
Reward update: 0.62 -> 0.64
Current policy count: 1
Reward update: 0.66 -> 0.7
Final reward: 0.74
Number of nodes: 15
