Iteration 0/80
Training student with 234 points
Train accuracy: 0.6149732620320856
Test accuracy: 0.6170212765957447
Number of nodes: 17
Student reward: 0.15454545454545454
Iteration 1/80
Training student with 1143 points
Train accuracy: 0.33916849015317285
Test accuracy: 0.31877729257641924
Number of nodes: 19
Student reward: 0.1727272727272727
Iteration 2/80
Training student with 2143 points
Train accuracy: 0.37222870478413067
Test accuracy: 0.34498834498834496
Number of nodes: 17
Student reward: 0.2909090909090909
Iteration 3/80
Training student with 2961 points
Train accuracy: 0.35261824324324326
Test accuracy: 0.3456998313659359
Number of nodes: 19
Student reward: 0.28181818181818186
Iteration 4/80
Training student with 3870 points
Train accuracy: 0.3323643410852713
Test accuracy: 0.33204134366925064
Number of nodes: 19
Student reward: 0.2
Iteration 5/80
Training student with 4870 points
Train accuracy: 0.33572895277207393
Test accuracy: 0.33880903490759756
Number of nodes: 19
Student reward: 0.4545454545454545
Iteration 6/80
Training student with 5688 points
Train accuracy: 0.34307692307692306
Test accuracy: 0.3304042179261863
Number of nodes: 17
Student reward: 0.0
Iteration 7/80
Training student with 6688 points
Train accuracy: 0.33738317757009345
Test accuracy: 0.3415545590433483
Number of nodes: 19
Student reward: 0.29999999999999993
Iteration 8/80
Training student with 7688 points
Train accuracy: 0.33902439024390246
Test accuracy: 0.3387516254876463
Number of nodes: 19
Student reward: 0.21818181818181817
Iteration 9/80
Training student with 8688 points
Train accuracy: 0.3375539568345324
Test accuracy: 0.34637514384349827
Number of nodes: 19
Student reward: 0.2909090909090909
Iteration 10/80
Training student with 9688 points
Train accuracy: 0.3409032258064516
Test accuracy: 0.3379772961816305
Number of nodes: 19
Student reward: 0.2545454545454545
Iteration 11/80
Training student with 10597 points
Train accuracy: 0.3439896189689749
Test accuracy: 0.3424528301886792
Number of nodes: 17
Student reward: 0.24545454545454545
Iteration 12/80
Training student with 11506 points
Train accuracy: 0.33974358974358976
Test accuracy: 0.3462206776715899
Number of nodes: 19
Student reward: 0.36363636363636365
Iteration 13/80
Training student with 12415 points
Train accuracy: 0.34262988320579946
Test accuracy: 0.3399113975030205
Number of nodes: 19
Student reward: 0.20909090909090908
Iteration 14/80
Training student with 13415 points
Train accuracy: 0.34336563548266863
Test accuracy: 0.3235184494968319
Number of nodes: 19
Student reward: 0.1727272727272727
Iteration 15/80
Training student with 14324 points
Train accuracy: 0.3399074962911249
Test accuracy: 0.33298429319371725
Number of nodes: 17
Student reward: 0.2636363636363636
Iteration 16/80
Training student with 15233 points
Train accuracy: 0.3352207451173478
Test accuracy: 0.33147358057105347
Number of nodes: 19
Student reward: 0.3363636363636364
Iteration 17/80
Training student with 16233 points
Train accuracy: 0.32966271369166794
Test accuracy: 0.33230674468740373
Number of nodes: 19
Student reward: 0.1727272727272727
Iteration 18/80
Training student with 17233 points
Train accuracy: 0.32917452488031335
Test accuracy: 0.32201914708442125
Number of nodes: 19
Student reward: 0.3363636363636363
Iteration 19/80
Training student with 18051 points
Train accuracy: 0.3270083102493075
Test accuracy: 0.3303793962891166
Number of nodes: 19
Student reward: 0.15454545454545454
Iteration 20/80
Training student with 19051 points
Train accuracy: 0.3256561679790026
Test accuracy: 0.3274731041721333
Number of nodes: 17
Student reward: 0.12727272727272726
Iteration 21/80
Training student with 20051 points
Train accuracy: 0.32986284289276807
Test accuracy: 0.32485664422837196
Number of nodes: 17
Student reward: 0.29999999999999993
Iteration 22/80
Training student with 20869 points
Train accuracy: 0.3300389338125187
Test accuracy: 0.32750359367513177
Number of nodes: 17
Student reward: 0.20909090909090908
Iteration 23/80
Training student with 21869 points
Train accuracy: 0.33020863103743925
Test accuracy: 0.3269318701417467
Number of nodes: 17
Student reward: 0.3727272727272727
Iteration 24/80
Training student with 22778 points
Train accuracy: 0.33196136538250465
Test accuracy: 0.32748024582967517
Number of nodes: 17
Student reward: 0.3
Iteration 25/80
Training student with 23687 points
Train accuracy: 0.3329463296216159
Test accuracy: 0.33094132545377797
Number of nodes: 17
Student reward: 0.29999999999999993
Iteration 26/80
Training student with 24505 points
Train accuracy: 0.3332993266680269
Test accuracy: 0.33095286676188534
Number of nodes: 19
Student reward: 0.3636363636363636
Iteration 27/80
Training student with 25414 points
Train accuracy: 0.33436623874870885
Test accuracy: 0.3257918552036199
Number of nodes: 17
Student reward: 0.17272727272727273
Iteration 28/80
Training student with 26414 points
Train accuracy: 0.33415361317495623
Test accuracy: 0.339201211432898
Number of nodes: 19
Student reward: 0.2545454545454545
Iteration 29/80
Training student with 27323 points
Train accuracy: 0.3357123250068625
Test accuracy: 0.32991765782250687
Number of nodes: 19
Student reward: 0.13636363636363635
Iteration 30/80
Training student with 28323 points
Train accuracy: 0.33634919233824695
Test accuracy: 0.3339805825242718
Number of nodes: 19
Student reward: 0.42727272727272725
Iteration 31/80
Training student with 29050 points
Train accuracy: 0.3391135972461274
Test accuracy: 0.33459552495697076
Number of nodes: 17
Student reward: 0.1909090909090909
Iteration 32/80
Training student with 29959 points
Train accuracy: 0.33533608711978974
Test accuracy: 0.3347797062750334
Number of nodes: 19
Student reward: 0.23636363636363633
Iteration 33/80
Training student with 30868 points
Train accuracy: 0.3361140357981696
Test accuracy: 0.3347910592808552
Number of nodes: 17
Student reward: 0.21818181818181817
Iteration 34/80
Training student with 31777 points
Train accuracy: 0.33790960229731326
Test accuracy: 0.32835116425424793
Number of nodes: 19
Student reward: 0.3454545454545454
Iteration 35/80
Training student with 32595 points
Train accuracy: 0.3351357570179475
Test accuracy: 0.328424605000767
Number of nodes: 19
Student reward: 0.2818181818181818
Iteration 36/80
Training student with 33595 points
Train accuracy: 0.33353177556183955
Test accuracy: 0.3338294389045989
Number of nodes: 19
Student reward: 0.27272727272727276
Iteration 37/80
Training student with 34504 points
Train accuracy: 0.33384052458066155
Test accuracy: 0.34197942327198955
Number of nodes: 17
Student reward: 0.3272727272727272
Iteration 38/80
Training student with 35322 points
Train accuracy: 0.3353151431503698
Test accuracy: 0.3177636234961076
Number of nodes: 19
Student reward: 0.3090909090909091
Iteration 39/80
Training student with 36231 points
Train accuracy: 0.3349779188517803
Test accuracy: 0.3340692700427763
Number of nodes: 19
Student reward: 0.2909090909090909
Iteration 40/80
Training student with 37231 points
Train accuracy: 0.33521353746978244
Test accuracy: 0.3362427823284544
Number of nodes: 19
Student reward: 0.4
Iteration 41/80
Training student with 38049 points
Train accuracy: 0.3340122868688196
Test accuracy: 0.3454664914586071
Number of nodes: 19
Student reward: 0.2
Iteration 42/80
Training student with 39049 points
Train accuracy: 0.33547808828707704
Test accuracy: 0.3345710627400768
Number of nodes: 19
Student reward: 0.24545454545454545
Iteration 43/80
Training student with 40049 points
Train accuracy: 0.3356534223914604
Test accuracy: 0.34019975031210986
Number of nodes: 19
Student reward: 0.26363636363636367
Iteration 44/80
Training student with 40958 points
Train accuracy: 0.34038332417750106
Test accuracy: 0.33642578125
Number of nodes: 19
Student reward: 0.22727272727272724
Iteration 45/80
Training student with 41958 points
Train accuracy: 0.3387356253351606
Test accuracy: 0.34151572926596757
Number of nodes: 19
Student reward: 0.19090909090909094
Iteration 46/80
Training student with 42958 points
Train accuracy: 0.3391724378746435
Test accuracy: 0.34124767225325886
Number of nodes: 19
Student reward: 0.21818181818181817
Iteration 47/80
Training student with 43958 points
Train accuracy: 0.3395325029858386
Test accuracy: 0.346565059144677
Number of nodes: 19
Student reward: 0.2818181818181818
Iteration 48/80
Training student with 44958 points
Train accuracy: 0.34093310348662625
Test accuracy: 0.34208185053380785
Number of nodes: 17
Student reward: 0.3090909090909091
Iteration 49/80
Training student with 45958 points
Train accuracy: 0.3425175433824729
Test accuracy: 0.34029590948651
Number of nodes: 17
Student reward: 0.22727272727272724
Iteration 50/80
Training student with 46958 points
Train accuracy: 0.3403343448863334
Test accuracy: 0.3484880749574106
Number of nodes: 17
Student reward: 0.2363636363636364
Iteration 51/80
Training student with 47958 points
Train accuracy: 0.34256894125006515
Test accuracy: 0.34612176814011675
Number of nodes: 17
Student reward: 0.24545454545454545
Iteration 52/80
Training student with 48867 points
Train accuracy: 0.34366766428772416
Test accuracy: 0.3470431757724575
Number of nodes: 19
Student reward: 0.13636363636363638
Iteration 53/80
Training student with 49867 points
Train accuracy: 0.3441205223974131
Test accuracy: 0.34369360336875876
Number of nodes: 19
Student reward: 0.21818181818181817
Iteration 54/80
Training student with 50776 points
Train accuracy: 0.343205317577548
Test accuracy: 0.34521465143757385
Number of nodes: 19
Student reward: 0.3
Iteration 55/80
Training student with 51685 points
Train accuracy: 0.34175776337428654
Test accuracy: 0.3422656476734062
Number of nodes: 17
Student reward: 0.3
Iteration 56/80
Training student with 52594 points
Train accuracy: 0.3384907902554961
Test accuracy: 0.3392908071109421
Number of nodes: 19
Student reward: 0.2545454545454545
Iteration 57/80
Training student with 53503 points
Train accuracy: 0.33923648427643566
Test accuracy: 0.3393140827960004
Number of nodes: 19
Student reward: 0.34545454545454546
Iteration 58/80
Training student with 54412 points
Train accuracy: 0.34184107146959497
Test accuracy: 0.335017917853533
Number of nodes: 17
Student reward: 0.1181818181818182
Iteration 59/80
Training student with 55412 points
Train accuracy: 0.34031897854677523
Test accuracy: 0.33925832355860325
Number of nodes: 15
Student reward: 0.22727272727272724
Iteration 60/80
Training student with 56412 points
Train accuracy: 0.3411996720512309
Test accuracy: 0.3363467162988567
Number of nodes: 19
Student reward: 0.27272727272727265
Iteration 61/80
Training student with 57412 points
Train accuracy: 0.3398506390298069
Test accuracy: 0.34146129060350083
Number of nodes: 17
Student reward: 0.3363636363636363
Iteration 62/80
Training student with 58230 points
Train accuracy: 0.34088957582002405
Test accuracy: 0.33625279065773656
Number of nodes: 19
Student reward: 0.309090909090909
Iteration 63/80
Training student with 59139 points
Train accuracy: 0.3419923485024624
Test accuracy: 0.3358978694622929
Number of nodes: 19
Student reward: 0.19999999999999998
Iteration 64/80
Training student with 60139 points
Train accuracy: 0.34166822556172183
Test accuracy: 0.33920851346857334
Number of nodes: 17
Student reward: 0.21818181818181817
Iteration 65/80
Training student with 61139 points
Train accuracy: 0.33794034061867473
Test accuracy: 0.348135426889107
Number of nodes: 19
Student reward: 0.22727272727272724
Iteration 66/80
Training student with 62048 points
Train accuracy: 0.33931665256456744
Test accuracy: 0.33497179693795326
Number of nodes: 19
Student reward: 0.41818181818181815
Iteration 67/80
Training student with 62866 points
Train accuracy: 0.3404915294679074
Test accuracy: 0.3350564657229203
Number of nodes: 19
Student reward: 0.4545454545454545
Iteration 68/80
Training student with 63684 points
Train accuracy: 0.34123697175496104
Test accuracy: 0.33838423490617886
Number of nodes: 17
Student reward: 0.2545454545454545
Iteration 69/80
Training student with 64593 points
Train accuracy: 0.3387003135038898
Test accuracy: 0.34267358154655936
Number of nodes: 19
Student reward: 0.12727272727272726
Iteration 70/80
Training student with 65593 points
Train accuracy: 0.34243625414490986
Test accuracy: 0.3372970500800366
Number of nodes: 17
Student reward: 0.2
Iteration 71/80
Training student with 66593 points
Train accuracy: 0.3402034763674588
Test accuracy: 0.3411667542608304
Number of nodes: 19
Student reward: 0.38181818181818183
Iteration 72/80
Training student with 67411 points
Train accuracy: 0.3413811007268951
Test accuracy: 0.33953867833568196
Number of nodes: 19
Student reward: 0.44545454545454544
Iteration 73/80
Training student with 68138 points
Train accuracy: 0.34083654375343975
Test accuracy: 0.3400352216025829
Number of nodes: 17
Student reward: 0.2545454545454545
Iteration 74/80
Training student with 69138 points
Train accuracy: 0.34118604230699695
Test accuracy: 0.3384437373445184
Number of nodes: 17
Student reward: 0.2363636363636364
Iteration 75/80
Training student with 70138 points
Train accuracy: 0.3384423453929781
Test accuracy: 0.3462360992301112
Number of nodes: 19
Student reward: 0.16363636363636364
Iteration 76/80
Training student with 71138 points
Train accuracy: 0.3399402565454226
Test accuracy: 0.3375737981445038
Number of nodes: 19
Student reward: 0.23636363636363633
Iteration 77/80
Training student with 72138 points
Train accuracy: 0.33938658811297867
Test accuracy: 0.3371222622678126
Number of nodes: 17
Student reward: 0.3818181818181819
Iteration 78/80
Training student with 73047 points
Train accuracy: 0.34038366103667195
Test accuracy: 0.337782340862423
Number of nodes: 17
Student reward: 0.24545454545454543
Iteration 79/80
Training student with 73956 points
Train accuracy: 0.3386349807315259
Test accuracy: 0.34538939967550025
Number of nodes: 19
Student reward: 0.19090909090909092
Initial policy count: 80
Current policy count: 40
Reward update: 0.4545454545454545 -> 0.2618181818181818
Reward update: 0.4545454545454545 -> 0.24000000000000005
Reward update: 0.44545454545454544 -> 0.25818181818181823
Reward update: 0.42727272727272725 -> 0.24909090909090914
Reward update: 0.41818181818181815 -> 0.23636363636363641
Reward update: 0.4 -> 0.2636363636363637
Reward update: 0.3818181818181819 -> 0.3363636363636363
Reward update: 0.38181818181818183 -> 0.2
Reward update: 0.3727272727272727 -> 0.26
Reward update: 0.36363636363636365 -> 0.2454545454545455
Reward update: 0.3636363636363636 -> 0.2945454545454546
Reward update: 0.34545454545454546 -> 0.2927272727272728
Reward update: 0.3454545454545454 -> 0.23454545454545453
Reward update: 0.3363636363636364 -> 0.22727272727272727
Reward update: 0.3363636363636363 -> 0.21090909090909085
Reward update: 0.3363636363636363 -> 0.25636363636363635
Reward update: 0.3272727272727272 -> 0.2927272727272728
Reward update: 0.3090909090909091 -> 0.3418181818181818
Reward update: 0.3090909090909091 -> 0.26727272727272733
Reward update: 0.309090909090909 -> 0.3363636363636365
Reward update: 0.3 -> 0.2727272727272727
Reward update: 0.3 -> 0.28363636363636363
Reward update: 0.3 -> 0.27636363636363637
Reward update: 0.29999999999999993 -> 0.2618181818181819
Reward update: 0.29999999999999993 -> 0.26909090909090916
Reward update: 0.29999999999999993 -> 0.2618181818181819
Reward update: 0.2909090909090909 -> 0.2836363636363637
Reward update: 0.2909090909090909 -> 0.28909090909090923
Reward update: 0.2909090909090909 -> 0.22181818181818186
Reward update: 0.28181818181818186 -> 0.3072727272727274
Reward update: 0.2818181818181818 -> 0.2636363636363636
Reward update: 0.2818181818181818 -> 0.27272727272727276
Reward update: 0.27272727272727276 -> 0.3181818181818182
Reward update: 0.27272727272727265 -> 0.23999999999999996
Reward update: 0.26363636363636367 -> 0.2418181818181819
Reward update: 0.2636363636363636 -> 0.29636363636363644
Reward update: 0.2545454545454545 -> 0.2490909090909091
Reward update: 0.2545454545454545 -> 0.2636363636363636
Reward update: 0.2545454545454545 -> 0.28727272727272735
Reward update: 0.2545454545454545 -> 0.26727272727272733
Current policy count: 20
Reward update: 0.3418181818181818 -> 0.3090909090909091
Reward update: 0.3363636363636365 -> 0.19090909090909094
Reward update: 0.3363636363636363 -> 0.22909090909090907
Reward update: 0.3181818181818182 -> 0.29454545454545455
Reward update: 0.3072727272727274 -> 0.2563636363636364
Reward update: 0.29636363636363644 -> 0.2890909090909092
Reward update: 0.2945454545454546 -> 0.3090909090909092
Reward update: 0.2927272727272728 -> 0.3690909090909092
Reward update: 0.2927272727272728 -> 0.23636363636363641
Reward update: 0.28909090909090923 -> 0.289090909090909
Reward update: 0.28727272727272735 -> 0.24909090909090917
Reward update: 0.2836363636363637 -> 0.2654545454545454
Reward update: 0.28363636363636363 -> 0.2563636363636364
Reward update: 0.27636363636363637 -> 0.2818181818181818
Reward update: 0.27272727272727276 -> 0.2981818181818181
Reward update: 0.2727272727272727 -> 0.30000000000000004
Reward update: 0.26909090909090916 -> 0.26363636363636367
Reward update: 0.26727272727272733 -> 0.21636363636363634
Reward update: 0.26727272727272733 -> 0.26909090909090916
Reward update: 0.2636363636363637 -> 0.24909090909090917
Current policy count: 10
Reward update: 0.3690909090909092 -> 0.23272727272727278
Reward update: 0.3090909090909092 -> 0.2690909090909091
Reward update: 0.3090909090909091 -> 0.2509090909090909
Reward update: 0.30000000000000004 -> 0.29090909090909095
Reward update: 0.2981818181818181 -> 0.40363636363636357
Reward update: 0.29454545454545455 -> 0.23454545454545464
Reward update: 0.2890909090909092 -> 0.25272727272727274
Reward update: 0.289090909090909 -> 0.17999999999999997
Reward update: 0.2818181818181818 -> 0.27090909090909093
Reward update: 0.26909090909090916 -> 0.29818181818181827
Current policy count: 5
Reward update: 0.40363636363636357 -> 0.2872727272727274
Reward update: 0.29818181818181827 -> 0.2799999999999999
Reward update: 0.29090909090909095 -> 0.28363636363636374
Reward update: 0.27090909090909093 -> 0.3
Reward update: 0.2690909090909091 -> 0.24727272727272734
Current policy count: 3
Reward update: 0.3 -> 0.29090909090909106
Reward update: 0.2872727272727274 -> 0.26545454545454544
Reward update: 0.28363636363636374 -> 0.2618181818181818
Current policy count: 2
Reward update: 0.29090909090909106 -> 0.24000000000000005
Reward update: 0.26545454545454544 -> 0.26
Current policy count: 1
Reward update: 0.26 -> 0.25636363636363646
Final reward: 0.3200000000000001
Number of nodes: 19
