Iteration 0/80
Training student with 110 points
Train accuracy: 1.0
Test accuracy: 1.0
Number of nodes: 1
Student reward: 135.72350006103517
Iteration 1/80
Training student with 213 points
Train accuracy: 0.9941176470588236
Test accuracy: 1.0
Number of nodes: 1
Student reward: 140.56031188964843
Iteration 2/80
Training student with 319 points
Train accuracy: 0.9882352941176471
Test accuracy: 0.96875
Number of nodes: 1
Student reward: 162.46501770019532
Iteration 3/80
Training student with 441 points
Train accuracy: 0.9801136363636364
Test accuracy: 1.0
Number of nodes: 1
Student reward: 183.1345413208008
Iteration 4/80
Training student with 561 points
Train accuracy: 0.9910714285714286
Test accuracy: 0.9646017699115044
Number of nodes: 1
Student reward: 112.53033142089843
Iteration 5/80
Training student with 654 points
Train accuracy: 0.9866156787762906
Test accuracy: 0.9923664122137404
Number of nodes: 1
Student reward: 188.51775207519532
Iteration 6/80
Training student with 768 points
Train accuracy: 0.9853420195439739
Test accuracy: 0.9935064935064936
Number of nodes: 1
Student reward: 108.94759368896484
Iteration 7/80
Training student with 864 points
Train accuracy: 0.9855282199710564
Test accuracy: 0.9826589595375722
Number of nodes: 1
Student reward: 160.20559997558593
Iteration 8/80
Training student with 975 points
Train accuracy: 0.9833333333333333
Test accuracy: 0.9948717948717949
Number of nodes: 1
Student reward: 66.57335662841797
Iteration 9/80
Training student with 1067 points
Train accuracy: 0.9882766705744431
Test accuracy: 0.9766355140186916
Number of nodes: 1
Student reward: 147.93042907714843
Iteration 10/80
Training student with 1178 points
Train accuracy: 0.9872611464968153
Test accuracy: 0.9745762711864406
Number of nodes: 1
Student reward: 88.67515106201172
Iteration 11/80
Training student with 1276 points
Train accuracy: 0.9862745098039216
Test accuracy: 0.98046875
Number of nodes: 1
Student reward: 143.3548126220703
Iteration 12/80
Training student with 1378 points
Train accuracy: 0.985480943738657
Test accuracy: 0.9782608695652174
Number of nodes: 1
Student reward: 187.03093872070312
Iteration 13/80
Training student with 1491 points
Train accuracy: 0.9823825503355704
Test accuracy: 0.9933110367892977
Number of nodes: 1
Student reward: 193.74224700927735
Iteration 14/80
Training student with 1614 points
Train accuracy: 0.9821843532145623
Test accuracy: 0.9938080495356038
Number of nodes: 1
Student reward: 104.46697387695312
Iteration 15/80
Training student with 1714 points
Train accuracy: 0.9854121079504011
Test accuracy: 0.9854227405247813
Number of nodes: 1
Student reward: 117.04677276611328
Iteration 16/80
Training student with 1820 points
Train accuracy: 0.9862637362637363
Test accuracy: 0.9807692307692307
Number of nodes: 1
Student reward: 127.59666290283204
Iteration 17/80
Training student with 1927 points
Train accuracy: 0.9863724853990915
Test accuracy: 0.9818652849740933
Number of nodes: 1
Student reward: 69.72444763183594
Iteration 18/80
Training student with 2018 points
Train accuracy: 0.9869888475836431
Test accuracy: 0.9777227722772277
Number of nodes: 1
Student reward: 160.25889739990234
Iteration 19/80
Training student with 2127 points
Train accuracy: 0.9847148736037625
Test accuracy: 0.9812206572769953
Number of nodes: 1
Student reward: 113.83397369384765
Iteration 20/80
Training student with 2228 points
Train accuracy: 0.9848484848484849
Test accuracy: 0.9820627802690582
Number of nodes: 1
Student reward: 175.40743255615234
Iteration 21/80
Training student with 2345 points
Train accuracy: 0.9866737739872068
Test accuracy: 0.9786780383795309
Number of nodes: 1
Student reward: 201.00454711914062
Iteration 22/80
Training student with 2469 points
Train accuracy: 0.9868354430379747
Test accuracy: 0.979757085020243
Number of nodes: 1
Student reward: 135.51153717041015
Iteration 23/80
Training student with 2572 points
Train accuracy: 0.986387943607195
Test accuracy: 0.9844660194174757
Number of nodes: 1
Student reward: 132.35554046630858
Iteration 24/80
Training student with 2683 points
Train accuracy: 0.9864864864864865
Test accuracy: 0.9869646182495344
Number of nodes: 1
Student reward: 175.22476196289062
Iteration 25/80
Training student with 2799 points
Train accuracy: 0.9870477891916034
Test accuracy: 0.9875
Number of nodes: 1
Student reward: 226.87189025878905
Iteration 26/80
Training student with 2934 points
Train accuracy: 0.9893481039625053
Test accuracy: 0.979557069846678
Number of nodes: 1
Student reward: 80.29796447753907
Iteration 27/80
Training student with 3024 points
Train accuracy: 0.9867713931376602
Test accuracy: 0.9900826446280991
Number of nodes: 1
Student reward: 127.79694366455078
Iteration 28/80
Training student with 3118 points
Train accuracy: 0.9871692060946271
Test accuracy: 0.9887820512820513
Number of nodes: 1
Student reward: 138.36922760009764
Iteration 29/80
Training student with 3229 points
Train accuracy: 0.986449864498645
Test accuracy: 0.9907120743034056
Number of nodes: 1
Student reward: 153.36844787597656
Iteration 30/80
Training student with 3337 points
Train accuracy: 0.9872611464968153
Test accuracy: 0.9895209580838323
Number of nodes: 1
Student reward: 165.79637451171874
Iteration 31/80
Training student with 3441 points
Train accuracy: 0.987281976744186
Test accuracy: 0.9869375907111756
Number of nodes: 1
Student reward: 111.54957733154296
Iteration 32/80
Training student with 3544 points
Train accuracy: 0.9887125220458554
Test accuracy: 0.9816643159379408
Number of nodes: 1
Student reward: 96.35079345703124
Iteration 33/80
Training student with 3633 points
Train accuracy: 0.9865794907088782
Test accuracy: 0.9917469050894085
Number of nodes: 1
Student reward: 122.82994995117187
Iteration 34/80
Training student with 3737 points
Train accuracy: 0.9879558380729341
Test accuracy: 0.9852941176470589
Number of nodes: 1
Student reward: 153.17907104492187
Iteration 35/80
Training student with 3844 points
Train accuracy: 0.9886178861788618
Test accuracy: 0.9817945383615084
Number of nodes: 1
Student reward: 139.56385498046876
Iteration 36/80
Training student with 3949 points
Train accuracy: 0.9867046533713201
Test accuracy: 0.9911392405063291
Number of nodes: 1
Student reward: 98.16169128417968
Iteration 37/80
Training student with 4048 points
Train accuracy: 0.9867201976528721
Test accuracy: 0.9901234567901235
Number of nodes: 1
Student reward: 120.07687225341797
Iteration 38/80
Training student with 4149 points
Train accuracy: 0.9870442904489304
Test accuracy: 0.9891566265060241
Number of nodes: 1
Student reward: 139.7253158569336
Iteration 39/80
Training student with 4257 points
Train accuracy: 0.9873715124816447
Test accuracy: 0.9870892018779343
Number of nodes: 1
Student reward: 163.31558990478516
Iteration 40/80
Training student with 4370 points
Train accuracy: 0.9877002288329519
Test accuracy: 0.9862700228832952
Number of nodes: 1
Student reward: 97.82577819824219
Iteration 41/80
Training student with 4473 points
Train accuracy: 0.9865846841811068
Test accuracy: 0.9910614525139665
Number of nodes: 1
Student reward: 157.6705078125
Iteration 42/80
Training student with 4587 points
Train accuracy: 0.9874625238484601
Test accuracy: 0.9891067538126361
Number of nodes: 1
Student reward: 156.51726226806642
Iteration 43/80
Training student with 4692 points
Train accuracy: 0.9885424993338663
Test accuracy: 0.9850905218317358
Number of nodes: 1
Student reward: 240.60511016845703
Iteration 44/80
Training student with 4823 points
Train accuracy: 0.9860031104199067
Test accuracy: 0.9937823834196892
Number of nodes: 1
Student reward: 199.2382781982422
Iteration 45/80
Training student with 4945 points
Train accuracy: 0.987360970677452
Test accuracy: 0.9898887765419616
Number of nodes: 1
Student reward: 214.0347915649414
Iteration 46/80
Training student with 5062 points
Train accuracy: 0.9874042973573722
Test accuracy: 0.9911154985192497
Number of nodes: 1
Student reward: 181.3336639404297
Iteration 47/80
Training student with 5175 points
Train accuracy: 0.9884057971014493
Test accuracy: 0.9884057971014493
Number of nodes: 1
Student reward: 81.2318099975586
Iteration 48/80
Training student with 5264 points
Train accuracy: 0.9871764426502019
Test accuracy: 0.9943019943019943
Number of nodes: 1
Student reward: 151.13291625976564
Iteration 49/80
Training student with 5369 points
Train accuracy: 0.989522700814901
Test accuracy: 0.984171322160149
Number of nodes: 1
Student reward: 120.71333160400391
Iteration 50/80
Training student with 5474 points
Train accuracy: 0.98812514272665
Test accuracy: 0.9881278538812786
Number of nodes: 1
Student reward: 185.8184600830078
Iteration 51/80
Training student with 5590 points
Train accuracy: 0.9892665474060823
Test accuracy: 0.9838998211091234
Number of nodes: 1
Student reward: 212.14590148925782
Iteration 52/80
Training student with 5716 points
Train accuracy: 0.9881889763779528
Test accuracy: 0.9895104895104895
Number of nodes: 1
Student reward: 135.3243621826172
Iteration 53/80
Training student with 5821 points
Train accuracy: 0.9881872852233677
Test accuracy: 0.9888412017167382
Number of nodes: 1
Student reward: 126.90424041748047
Iteration 54/80
Training student with 5917 points
Train accuracy: 0.9883794633424889
Test accuracy: 0.9881756756756757
Number of nodes: 1
Student reward: 117.57553253173828
Iteration 55/80
Training student with 6019 points
Train accuracy: 0.9885773624091381
Test accuracy: 0.9850498338870431
Number of nodes: 1
Student reward: 141.16240234375
Iteration 56/80
Training student with 6125 points
Train accuracy: 0.9877551020408163
Test accuracy: 0.9877551020408163
Number of nodes: 1
Student reward: 124.80538940429688
Iteration 57/80
Training student with 6226 points
Train accuracy: 0.9863453815261044
Test accuracy: 0.9935794542536116
Number of nodes: 1
Student reward: 175.2564712524414
Iteration 58/80
Training student with 6343 points
Train accuracy: 0.9887662593614506
Test accuracy: 0.9802994483845547
Number of nodes: 1
Student reward: 114.48260345458985
Iteration 59/80
Training student with 6442 points
Train accuracy: 0.9869978653211722
Test accuracy: 0.9868114817688131
Number of nodes: 1
Student reward: 225.8662551879883
Iteration 60/80
Training student with 6571 points
Train accuracy: 0.9859208523592086
Test accuracy: 0.990874524714829
Number of nodes: 1
Student reward: 135.83696594238282
Iteration 61/80
Training student with 6673 points
Train accuracy: 0.9878231547396028
Test accuracy: 0.9842696629213483
Number of nodes: 1
Student reward: 48.267155456542966
Iteration 62/80
Training student with 6758 points
Train accuracy: 0.9870514243433223
Test accuracy: 0.9881656804733728
Number of nodes: 1
Student reward: 208.672705078125
Iteration 63/80
Training student with 6877 points
Train accuracy: 0.9872750409016543
Test accuracy: 0.9869186046511628
Number of nodes: 1
Student reward: 136.91342010498047
Iteration 64/80
Training student with 6986 points
Train accuracy: 0.9865783822476736
Test accuracy: 0.9892703862660944
Number of nodes: 1
Student reward: 113.10693817138672
Iteration 65/80
Training student with 7080 points
Train accuracy: 0.9874646892655368
Test accuracy: 0.9844632768361582
Number of nodes: 1
Student reward: 214.5601348876953
Iteration 66/80
Training student with 7205 points
Train accuracy: 0.9864677307425399
Test accuracy: 0.9895905621096461
Number of nodes: 1
Student reward: 216.76212158203126
Iteration 67/80
Training student with 7333 points
Train accuracy: 0.986873508353222
Test accuracy: 0.989093387866394
Number of nodes: 1
Student reward: 158.06912841796876
Iteration 68/80
Training student with 7453 points
Train accuracy: 0.9885944313988595
Test accuracy: 0.9825620389000671
Number of nodes: 1
Student reward: 135.29465026855468
Iteration 69/80
Training student with 7556 points
Train accuracy: 0.9856055592322965
Test accuracy: 0.9933862433862434
Number of nodes: 1
Student reward: 148.6888397216797
Iteration 70/80
Training student with 7664 points
Train accuracy: 0.9861360300114174
Test accuracy: 0.9915198956294846
Number of nodes: 1
Student reward: 156.29558258056642
Iteration 71/80
Training student with 7776 points
Train accuracy: 0.987620578778135
Test accuracy: 0.9852185089974294
Number of nodes: 1
Student reward: 176.54367218017578
Iteration 72/80
Training student with 7893 points
Train accuracy: 0.9874881216344631
Test accuracy: 0.9860671310956302
Number of nodes: 1
Student reward: 149.73126373291015
Iteration 73/80
Training student with 7999 points
Train accuracy: 0.987185497734021
Test accuracy: 0.988125
Number of nodes: 1
Student reward: 98.17164611816406
Iteration 74/80
Training student with 8102 points
Train accuracy: 0.9875019287147045
Test accuracy: 0.9876619370758791
Number of nodes: 1
Student reward: 108.0699691772461
Iteration 75/80
Training student with 8201 points
Train accuracy: 0.9873475609756097
Test accuracy: 0.9884216940889702
Number of nodes: 1
Student reward: 156.73223724365235
Iteration 76/80
Training student with 8319 points
Train accuracy: 0.986175807663411
Test accuracy: 0.9921875
Number of nodes: 1
Student reward: 97.05580596923828
Iteration 77/80
Training student with 8416 points
Train accuracy: 0.9872251931075461
Test accuracy: 0.9881235154394299
Number of nodes: 1
Student reward: 169.30989990234374
Iteration 78/80
Training student with 8533 points
Train accuracy: 0.9881336067975388
Test accuracy: 0.984182776801406
Number of nodes: 1
Student reward: 191.7473571777344
Iteration 79/80
Training student with 8655 points
Train accuracy: 0.9871461582900057
Test accuracy: 0.9878682842287695
Number of nodes: 1
Student reward: 174.35516052246095
Initial policy count: 80
Current policy count: 40
Reward update: 240.60511016845703 -> 154.4507064819336
Reward update: 226.87189025878905 -> 141.08153717041014
Reward update: 225.8662551879883 -> 171.8810220336914
Reward update: 216.76212158203126 -> 134.8172869873047
Reward update: 214.5601348876953 -> 131.0497103881836
Reward update: 214.0347915649414 -> 131.0350146484375
Reward update: 212.14590148925782 -> 141.1324154663086
Reward update: 208.672705078125 -> 170.02539672851563
Reward update: 201.00454711914062 -> 115.86912078857422
Reward update: 199.2382781982422 -> 158.0280453491211
Reward update: 193.74224700927735 -> 162.43827880859374
Reward update: 191.7473571777344 -> 129.96145782470703
Reward update: 188.51775207519532 -> 131.9184832763672
Reward update: 187.03093872070312 -> 165.18608154296874
Reward update: 185.8184600830078 -> 169.12566162109374
Reward update: 183.1345413208008 -> 192.01209594726564
Reward update: 181.3336639404297 -> 118.32809967041015
Reward update: 176.54367218017578 -> 171.53864135742188
Reward update: 175.40743255615234 -> 136.97816253662108
Reward update: 175.2564712524414 -> 120.078857421875
Reward update: 175.22476196289062 -> 137.71495819091797
Reward update: 174.35516052246095 -> 135.84464385986328
Reward update: 169.30989990234374 -> 166.47157806396484
Reward update: 165.79637451171874 -> 138.06113616943358
Reward update: 163.31558990478516 -> 138.50560516357422
Reward update: 162.46501770019532 -> 157.1021435546875
Reward update: 160.25889739990234 -> 169.6002310180664
Reward update: 160.20559997558593 -> 149.21333923339844
Reward update: 158.06912841796876 -> 186.52196838378907
Reward update: 157.6705078125 -> 129.9822817993164
Reward update: 156.73223724365235 -> 152.29821838378905
Reward update: 156.51726226806642 -> 112.47475036621094
Reward update: 156.29558258056642 -> 128.1714306640625
Reward update: 153.36844787597656 -> 145.66028442382813
Reward update: 153.17907104492187 -> 141.58224700927735
Reward update: 151.13291625976564 -> 155.09722412109375
Reward update: 149.73126373291015 -> 142.51244903564452
Reward update: 148.6888397216797 -> 157.03907135009766
Reward update: 147.93042907714843 -> 203.84799713134765
Reward update: 143.3548126220703 -> 125.23329376220703
Current policy count: 20
Reward update: 203.84799713134765 -> 130.99544860839845
Reward update: 192.01209594726564 -> 156.98391021728514
Reward update: 186.52196838378907 -> 160.512138671875
Reward update: 171.8810220336914 -> 147.37285430908204
Reward update: 171.53864135742188 -> 128.74030151367188
Reward update: 170.02539672851563 -> 123.8534994506836
Reward update: 169.6002310180664 -> 166.06677001953125
Reward update: 169.12566162109374 -> 135.90579498291015
Reward update: 166.47157806396484 -> 155.13446228027342
Reward update: 165.18608154296874 -> 137.2386947631836
Reward update: 162.43827880859374 -> 150.5385577392578
Reward update: 158.0280453491211 -> 159.05852935791015
Reward update: 157.1021435546875 -> 148.71323974609376
Reward update: 157.03907135009766 -> 135.74699005126953
Reward update: 155.09722412109375 -> 126.1916015625
Reward update: 154.4507064819336 -> 141.95234161376953
Reward update: 152.29821838378905 -> 160.32908111572266
Reward update: 149.21333923339844 -> 139.70519836425783
Reward update: 145.66028442382813 -> 130.6645022583008
Reward update: 142.51244903564452 -> 179.4537957763672
Current policy count: 10
Reward update: 179.4537957763672 -> 134.50907440185546
Reward update: 166.06677001953125 -> 122.44200469970703
Reward update: 160.512138671875 -> 167.20984130859375
Reward update: 160.32908111572266 -> 154.26620574951173
Reward update: 159.05852935791015 -> 101.29521057128906
Reward update: 156.98391021728514 -> 139.21026916503905
Reward update: 155.13446228027342 -> 169.39066741943358
Reward update: 150.5385577392578 -> 131.54494354248047
Reward update: 148.71323974609376 -> 128.78793731689453
Reward update: 147.37285430908204 -> 136.84191375732422
Current policy count: 5
Reward update: 169.39066741943358 -> 157.80382598876952
Reward update: 167.20984130859375 -> 121.03529052734375
Reward update: 154.26620574951173 -> 116.85984741210937
Reward update: 139.21026916503905 -> 136.1127523803711
Reward update: 136.84191375732422 -> 122.86019958496094
Current policy count: 3
Reward update: 157.80382598876952 -> 128.4989566040039
Reward update: 136.1127523803711 -> 148.2172430419922
Reward update: 122.86019958496094 -> 137.74345855712892
Current policy count: 2
Reward update: 148.2172430419922 -> 168.97450775146484
Reward update: 137.74345855712892 -> 151.38671142578124
Current policy count: 1
Reward update: 168.97450775146484 -> 144.87345794677734
Final reward: 125.23707214355468
Number of nodes: 1
