Iteration 0/80
Training student with 691 points
Train accuracy: 0.5090579710144928
Test accuracy: 0.45323741007194246
Number of nodes: 5
Student reward: 2.8
Iteration 1/80
Training student with 1257 points
Train accuracy: 0.6398009950248756
Test accuracy: 0.6309523809523809
Number of nodes: 5
Student reward: 1.0
Iteration 2/80
Training student with 1703 points
Train accuracy: 0.6336270190895742
Test accuracy: 0.6099706744868035
Number of nodes: 5
Student reward: 2.8
Iteration 3/80
Training student with 2243 points
Train accuracy: 0.5919732441471572
Test accuracy: 0.5278396436525612
Number of nodes: 5
Student reward: 2.9
Iteration 4/80
Training student with 2776 points
Train accuracy: 0.5333333333333333
Test accuracy: 0.5305755395683454
Number of nodes: 5
Student reward: 2.5
Iteration 5/80
Training student with 3276 points
Train accuracy: 0.5213740458015267
Test accuracy: 0.5137195121951219
Number of nodes: 5
Student reward: 2.6
Iteration 6/80
Training student with 3807 points
Train accuracy: 0.48440065681444994
Test accuracy: 0.4553805774278215
Number of nodes: 5
Student reward: 0.7
Iteration 7/80
Training student with 4222 points
Train accuracy: 0.5001480604086467
Test accuracy: 0.4887573964497041
Number of nodes: 5
Student reward: 2.8
Iteration 8/80
Training student with 4782 points
Train accuracy: 0.4993464052287582
Test accuracy: 0.49634273772204807
Number of nodes: 5
Student reward: 2.9
Iteration 9/80
Training student with 5350 points
Train accuracy: 0.4663551401869159
Test accuracy: 0.4803738317757009
Number of nodes: 5
Student reward: 2.9
Iteration 10/80
Training student with 5887 points
Train accuracy: 0.4659163304310894
Test accuracy: 0.46434634974533107
Number of nodes: 5
Student reward: 3.3
Iteration 11/80
Training student with 6502 points
Train accuracy: 0.4939434724091521
Test accuracy: 0.4980784012298232
Number of nodes: 5
Student reward: 2.6
Iteration 12/80
Training student with 7034 points
Train accuracy: 0.4944019904034121
Test accuracy: 0.5024875621890548
Number of nodes: 5
Student reward: 1.3
Iteration 13/80
Training student with 7460 points
Train accuracy: 0.49932975871313673
Test accuracy: 0.510053619302949
Number of nodes: 5
Student reward: 2.6
Iteration 14/80
Training student with 7987 points
Train accuracy: 0.48880889028016905
Test accuracy: 0.5087609511889862
Number of nodes: 5
Student reward: 2.6
Iteration 15/80
Training student with 8551 points
Train accuracy: 0.4760233918128655
Test accuracy: 0.46113383985973116
Number of nodes: 5
Student reward: 2.4
Iteration 16/80
Training student with 9051 points
Train accuracy: 0.48287292817679556
Test accuracy: 0.48315847598012146
Number of nodes: 5
Student reward: 2.2
Iteration 17/80
Training student with 9563 points
Train accuracy: 0.46967320261437906
Test accuracy: 0.47203345530580243
Number of nodes: 5
Student reward: 2.5
Iteration 18/80
Training student with 10122 points
Train accuracy: 0.476102260096332
Test accuracy: 0.44296296296296295
Number of nodes: 5
Student reward: 0.7
Iteration 19/80
Training student with 10521 points
Train accuracy: 0.4663735741444867
Test accuracy: 0.46270783847980995
Number of nodes: 5
Student reward: 2.5
Iteration 20/80
Training student with 11027 points
Train accuracy: 0.47454937081963494
Test accuracy: 0.4456029011786038
Number of nodes: 5
Student reward: 2.1
Iteration 21/80
Training student with 11546 points
Train accuracy: 0.47607189259419663
Test accuracy: 0.474025974025974
Number of nodes: 5
Student reward: 2.4
Iteration 22/80
Training student with 12046 points
Train accuracy: 0.4794520547945205
Test accuracy: 0.46182572614107886
Number of nodes: 5
Student reward: 3.3
Iteration 23/80
Training student with 12612 points
Train accuracy: 0.47368421052631576
Test accuracy: 0.463337296868807
Number of nodes: 5
Student reward: 2.7
Iteration 24/80
Training student with 13111 points
Train accuracy: 0.46348207475209763
Test accuracy: 0.47731605032405644
Number of nodes: 5
Student reward: 2.8
Iteration 25/80
Training student with 13629 points
Train accuracy: 0.4689534990369623
Test accuracy: 0.45634629493763756
Number of nodes: 5
Student reward: 0.8
Iteration 26/80
Training student with 14045 points
Train accuracy: 0.4722321110715557
Test accuracy: 0.4510501957992168
Number of nodes: 5
Student reward: 2.6
Iteration 27/80
Training student with 14551 points
Train accuracy: 0.47216494845360824
Test accuracy: 0.46959807626245276
Number of nodes: 5
Student reward: 3.1
Iteration 28/80
Training student with 15087 points
Train accuracy: 0.4642472450078714
Test accuracy: 0.4572564612326044
Number of nodes: 5
Student reward: 3.9
Iteration 29/80
Training student with 15686 points
Train accuracy: 0.47386037615556265
Test accuracy: 0.47450605481198216
Number of nodes: 5
Student reward: 2.7
Iteration 30/80
Training student with 16238 points
Train accuracy: 0.4745958429561201
Test accuracy: 0.4602832512315271
Number of nodes: 5
Student reward: 2.4
Iteration 31/80
Training student with 16761 points
Train accuracy: 0.46800417661097854
Test accuracy: 0.4589919475096928
Number of nodes: 5
Student reward: 0.7
Iteration 32/80
Training student with 17206 points
Train accuracy: 0.47929380993897125
Test accuracy: 0.47908192911098196
Number of nodes: 5
Student reward: 2.7
Iteration 33/80
Training student with 17733 points
Train accuracy: 0.46877202876075
Test accuracy: 0.4773047645897942
Number of nodes: 5
Student reward: 2.6
Iteration 34/80
Training student with 18241 points
Train accuracy: 0.4711485745614035
Test accuracy: 0.4680734447793916
Number of nodes: 5
Student reward: 2.4
Iteration 35/80
Training student with 18771 points
Train accuracy: 0.46616941928609484
Test accuracy: 0.4732356857523302
Number of nodes: 5
Student reward: 2.4
Iteration 36/80
Training student with 19237 points
Train accuracy: 0.4618883618168822
Test accuracy: 0.4656964656964657
Number of nodes: 5
Student reward: 2.5
Iteration 37/80
Training student with 19739 points
Train accuracy: 0.46197200937242733
Test accuracy: 0.4630192502532928
Number of nodes: 5
Student reward: 2.4
Iteration 38/80
Training student with 20246 points
Train accuracy: 0.4659175104964189
Test accuracy: 0.46098765432098765
Number of nodes: 5
Student reward: 2.3
Iteration 39/80
Training student with 20756 points
Train accuracy: 0.460732353649723
Test accuracy: 0.45447976878612717
Number of nodes: 5
Student reward: 3.6
Iteration 40/80
Training student with 21403 points
Train accuracy: 0.46647587898609977
Test accuracy: 0.473954683485167
Number of nodes: 5
Student reward: 2.7
Iteration 41/80
Training student with 21908 points
Train accuracy: 0.47124272509414583
Test accuracy: 0.471702418986764
Number of nodes: 5
Student reward: 0.4
Iteration 42/80
Training student with 22302 points
Train accuracy: 0.4594473403957177
Test accuracy: 0.44676081596054695
Number of nodes: 5
Student reward: 0.7
Iteration 43/80
Training student with 22716 points
Train accuracy: 0.47540171692714067
Test accuracy: 0.4786531690140845
Number of nodes: 5
Student reward: 2.7
Iteration 44/80
Training student with 23258 points
Train accuracy: 0.4699559281952059
Test accuracy: 0.4724849527085125
Number of nodes: 5
Student reward: 2.1
Iteration 45/80
Training student with 23768 points
Train accuracy: 0.46586725570632165
Test accuracy: 0.4688683214135465
Number of nodes: 5
Student reward: 2.2
Iteration 46/80
Training student with 24249 points
Train accuracy: 0.464147636476107
Test accuracy: 0.474020618556701
Number of nodes: 5
Student reward: 3.0
Iteration 47/80
Training student with 24807 points
Train accuracy: 0.46455026455026455
Test accuracy: 0.4735993550987505
Number of nodes: 5
Student reward: 1.7
Iteration 48/80
Training student with 25264 points
Train accuracy: 0.4610360694671219
Test accuracy: 0.4601226993865031
Number of nodes: 5
Student reward: 2.7
Iteration 49/80
Training student with 25778 points
Train accuracy: 0.4601881485791873
Test accuracy: 0.46722265321955003
Number of nodes: 5
Student reward: 1.9
Iteration 50/80
Training student with 26261 points
Train accuracy: 0.4599676313785225
Test accuracy: 0.4488863506567676
Number of nodes: 5
Student reward: 1.4
Iteration 51/80
Training student with 26789 points
Train accuracy: 0.4631141803928888
Test accuracy: 0.4469951474430758
Number of nodes: 5
Student reward: 2.2
Iteration 52/80
Training student with 27256 points
Train accuracy: 0.4679416620803522
Test accuracy: 0.46313279530447543
Number of nodes: 5
Student reward: 1.4
Iteration 53/80
Training student with 27688 points
Train accuracy: 0.4602257336343115
Test accuracy: 0.46298302636330807
Number of nodes: 5
Student reward: 0.6
Iteration 54/80
Training student with 28116 points
Train accuracy: 0.4642094967099413
Test accuracy: 0.47119487908961594
Number of nodes: 5
Student reward: 2.8
Iteration 55/80
Training student with 28651 points
Train accuracy: 0.4637870855148342
Test accuracy: 0.4693770720642122
Number of nodes: 5
Student reward: 1.8
Iteration 56/80
Training student with 29130 points
Train accuracy: 0.4691040164778579
Test accuracy: 0.46309646412633027
Number of nodes: 5
Student reward: 2.7
Iteration 57/80
Training student with 29672 points
Train accuracy: 0.46025192737077136
Test accuracy: 0.450547598989048
Number of nodes: 5
Student reward: 2.5
Iteration 58/80
Training student with 30224 points
Train accuracy: 0.45857975929525624
Test accuracy: 0.45558312655086847
Number of nodes: 5
Student reward: 2.2
Iteration 59/80
Training student with 30771 points
Train accuracy: 0.47180695482612933
Test accuracy: 0.45816409423233145
Number of nodes: 5
Student reward: 2.5
Iteration 60/80
Training student with 31277 points
Train accuracy: 0.46285120498781024
Test accuracy: 0.47138746803069054
Number of nodes: 5
Student reward: 3.1
Iteration 61/80
Training student with 31820 points
Train accuracy: 0.46213073538654936
Test accuracy: 0.4583595223130107
Number of nodes: 5
Student reward: 2.6
Iteration 62/80
Training student with 32313 points
Train accuracy: 0.4602321083172147
Test accuracy: 0.4632523595853319
Number of nodes: 5
Student reward: 2.7
Iteration 63/80
Training student with 32851 points
Train accuracy: 0.4621765601217656
Test accuracy: 0.467356566732613
Number of nodes: 5
Student reward: 3.2
Iteration 64/80
Training student with 33450 points
Train accuracy: 0.4587070254110613
Test accuracy: 0.46203288490284006
Number of nodes: 5
Student reward: 1.5
Iteration 65/80
Training student with 33903 points
Train accuracy: 0.46593171595015115
Test accuracy: 0.4636484294351865
Number of nodes: 5
Student reward: 2.1
Iteration 66/80
Training student with 34390 points
Train accuracy: 0.46038092468740915
Test accuracy: 0.45914510031986044
Number of nodes: 5
Student reward: 2.8
Iteration 67/80
Training student with 34904 points
Train accuracy: 0.4639544461554991
Test accuracy: 0.4540896719667669
Number of nodes: 5
Student reward: 1.2
Iteration 68/80
Training student with 35318 points
Train accuracy: 0.460996673037446
Test accuracy: 0.4531426953567384
Number of nodes: 5
Student reward: 2.4
Iteration 69/80
Training student with 35816 points
Train accuracy: 0.4619223788915259
Test accuracy: 0.4610552763819096
Number of nodes: 5
Student reward: 2.3
Iteration 70/80
Training student with 36284 points
Train accuracy: 0.46267268405277845
Test accuracy: 0.46203665426484775
Number of nodes: 5
Student reward: 2.3
Iteration 71/80
Training student with 36785 points
Train accuracy: 0.4610235150197091
Test accuracy: 0.4516786733722985
Number of nodes: 5
Student reward: 2.3
Iteration 72/80
Training student with 37299 points
Train accuracy: 0.45869499648111534
Test accuracy: 0.453485254691689
Number of nodes: 5
Student reward: 2.1
Iteration 73/80
Training student with 37753 points
Train accuracy: 0.45937355142043573
Test accuracy: 0.44815256257449343
Number of nodes: 5
Student reward: 2.3
Iteration 74/80
Training student with 38299 points
Train accuracy: 0.46512614641470024
Test accuracy: 0.45744125326370755
Number of nodes: 5
Student reward: 2.4
Iteration 75/80
Training student with 38816 points
Train accuracy: 0.4636738374339817
Test accuracy: 0.4545337454920144
Number of nodes: 5
Student reward: 2.7
Iteration 76/80
Training student with 39366 points
Train accuracy: 0.4604026419408104
Test accuracy: 0.4654559309118618
Number of nodes: 5
Student reward: 2.2
Iteration 77/80
Training student with 39877 points
Train accuracy: 0.46061251998369956
Test accuracy: 0.4561183550651956
Number of nodes: 5
Student reward: 0.7
Iteration 78/80
Training student with 40282 points
Train accuracy: 0.4607913110938712
Test accuracy: 0.46679905672086386
Number of nodes: 5
Student reward: 3.6
Iteration 79/80
Training student with 40858 points
Train accuracy: 0.4649697118032185
Test accuracy: 0.4543563387175722
Number of nodes: 5
Student reward: 2.6
Initial policy count: 80
Current policy count: 40
Reward update: 3.9 -> 3.38
Reward update: 3.6 -> 3.64
Reward update: 3.6 -> 2.36
Reward update: 3.3 -> 3.42
Reward update: 3.3 -> 2.58
Reward update: 3.2 -> 2.46
Reward update: 3.1 -> 2.58
Reward update: 3.1 -> 2.48
Reward update: 3.0 -> 2.74
Reward update: 2.9 -> 2.7
Reward update: 2.9 -> 2.64
Reward update: 2.9 -> 2.72
Reward update: 2.8 -> 3.58
Reward update: 2.8 -> 2.3
Reward update: 2.8 -> 2.88
Reward update: 2.8 -> 2.56
Reward update: 2.8 -> 2.46
Reward update: 2.8 -> 2.3
Reward update: 2.7 -> 2.56
Reward update: 2.7 -> 2.54
Reward update: 2.7 -> 2.74
Reward update: 2.7 -> 2.42
Reward update: 2.7 -> 2.42
Reward update: 2.7 -> 2.84
Reward update: 2.7 -> 2.3
Reward update: 2.7 -> 2.36
Reward update: 2.7 -> 2.44
Reward update: 2.6 -> 2.38
Reward update: 2.6 -> 2.3
Reward update: 2.6 -> 2.36
Reward update: 2.6 -> 2.32
Reward update: 2.6 -> 2.48
Reward update: 2.6 -> 2.56
Reward update: 2.6 -> 2.54
Reward update: 2.6 -> 2.5
Reward update: 2.5 -> 2.56
Reward update: 2.5 -> 2.48
Reward update: 2.5 -> 2.9
Reward update: 2.5 -> 2.88
Reward update: 2.5 -> 2.28
Current policy count: 20
Reward update: 3.64 -> 3.2
Reward update: 3.58 -> 3.64
Reward update: 3.42 -> 3.4
Reward update: 3.38 -> 3.36
Reward update: 2.9 -> 2.28
Reward update: 2.88 -> 2.42
Reward update: 2.88 -> 2.6
Reward update: 2.84 -> 2.5
Reward update: 2.74 -> 2.94
Reward update: 2.74 -> 2.56
Reward update: 2.72 -> 2.54
Reward update: 2.7 -> 2.46
Reward update: 2.64 -> 2.66
Reward update: 2.58 -> 2.34
Reward update: 2.58 -> 2.64
Reward update: 2.56 -> 2.42
Reward update: 2.56 -> 2.5
Reward update: 2.56 -> 2.4
Reward update: 2.56 -> 2.52
Reward update: 2.54 -> 2.74
Current policy count: 10
Reward update: 3.64 -> 2.96
Reward update: 3.4 -> 3.14
Reward update: 3.36 -> 3.3
Reward update: 3.2 -> 3.4
Reward update: 2.94 -> 3.14
Reward update: 2.74 -> 2.46
Reward update: 2.66 -> 2.56
Reward update: 2.64 -> 2.74
Reward update: 2.6 -> 2.46
Reward update: 2.56 -> 2.72
Current policy count: 5
Reward update: 3.4 -> 3.12
Reward update: 3.3 -> 3.38
Reward update: 3.14 -> 2.94
Reward update: 3.14 -> 2.48
Reward update: 2.96 -> 2.7
Current policy count: 3
Reward update: 3.38 -> 2.84
Reward update: 3.12 -> 2.9
Reward update: 2.94 -> 3.06
Current policy count: 2
Reward update: 3.06 -> 2.78
Reward update: 2.9 -> 2.86
Current policy count: 1
Reward update: 2.86 -> 2.78
Final reward: 3.04
Number of nodes: 5
