Iteration 0/80
Training student with 1000 points
Train accuracy: 0.52875
Test accuracy: 0.54
Number of nodes: 23
Student reward: 0.5555555555555555
Iteration 1/80
Training student with 2000 points
Train accuracy: 0.49625
Test accuracy: 0.515
Number of nodes: 23
Student reward: 0.5555555555555555
Iteration 2/80
Training student with 3000 points
Train accuracy: 0.4975
Test accuracy: 0.5116666666666667
Number of nodes: 23
Student reward: 0.16666666666666669
Iteration 3/80
Training student with 4000 points
Train accuracy: 0.4803125
Test accuracy: 0.465
Number of nodes: 23
Student reward: 0.16666666666666669
Iteration 4/80
Training student with 5000 points
Train accuracy: 0.52375
Test accuracy: 0.511
Number of nodes: 23
Student reward: 0.5555555555555555
Iteration 5/80
Training student with 6000 points
Train accuracy: 0.493125
Test accuracy: 0.48833333333333334
Number of nodes: 23
Student reward: 0.5555555555555555
Iteration 6/80
Training student with 7000 points
Train accuracy: 0.5007142857142857
Test accuracy: 0.4957142857142857
Number of nodes: 23
Student reward: 0.5555555555555555
Iteration 7/80
Training student with 8000 points
Train accuracy: 0.4934375
Test accuracy: 0.495625
Number of nodes: 23
Student reward: 0.5555555555555555
Iteration 8/80
Training student with 9000 points
Train accuracy: 0.4772222222222222
Test accuracy: 0.5055555555555555
Number of nodes: 23
Student reward: 0.5555555555555555
Iteration 9/80
Training student with 10000 points
Train accuracy: 0.491375
Test accuracy: 0.4865
Number of nodes: 23
Student reward: 0.5555555555555555
Iteration 10/80
Training student with 11000 points
Train accuracy: 0.4777272727272727
Test accuracy: 0.48545454545454547
Number of nodes: 23
Student reward: 0.5555555555555555
Iteration 11/80
Training student with 12000 points
Train accuracy: 0.4735416666666667
Test accuracy: 0.4658333333333333
Number of nodes: 23
Student reward: 0.5555555555555555
Iteration 12/80
Training student with 13000 points
Train accuracy: 0.48509615384615384
Test accuracy: 0.465
Number of nodes: 23
Student reward: 0.5555555555555555
Iteration 13/80
Training student with 14000 points
Train accuracy: 0.46919642857142857
Test accuracy: 0.4807142857142857
Number of nodes: 23
Student reward: 0.16666666666666669
Iteration 14/80
Training student with 15000 points
Train accuracy: 0.4681666666666667
Test accuracy: 0.47533333333333333
Number of nodes: 23
Student reward: 0.5555555555555555
Iteration 15/80
Training student with 16000 points
Train accuracy: 0.465703125
Test accuracy: 0.46125
Number of nodes: 23
Student reward: 0.5555555555555555
Iteration 16/80
Training student with 17000 points
Train accuracy: 0.46345588235294116
Test accuracy: 0.4773529411764706
Number of nodes: 23
Student reward: 0.5555555555555555
Iteration 17/80
Training student with 18000 points
Train accuracy: 0.4741666666666667
Test accuracy: 0.47944444444444445
Number of nodes: 23
Student reward: 0.5555555555555555
Iteration 18/80
Training student with 19000 points
Train accuracy: 0.46092105263157895
Test accuracy: 0.4663157894736842
Number of nodes: 23
Student reward: 0.5555555555555555
Iteration 19/80
Training student with 20000 points
Train accuracy: 0.4690625
Test accuracy: 0.46675
Number of nodes: 23
Student reward: 0.5555555555555555
Iteration 20/80
Training student with 21000 points
Train accuracy: 0.4650595238095238
Test accuracy: 0.4614285714285714
Number of nodes: 23
Student reward: 0.5555555555555555
Iteration 21/80
Training student with 22000 points
Train accuracy: 0.4647159090909091
Test accuracy: 0.4697727272727273
Number of nodes: 23
Student reward: 0.5555555555555555
Iteration 22/80
Training student with 23000 points
Train accuracy: 0.46646739130434783
Test accuracy: 0.4771739130434783
Number of nodes: 23
Student reward: 0.5555555555555555
Iteration 23/80
Training student with 24000 points
Train accuracy: 0.46588541666666666
Test accuracy: 0.465625
Number of nodes: 23
Student reward: 0.5555555555555555
Iteration 24/80
Training student with 25000 points
Train accuracy: 0.47015
Test accuracy: 0.4628
Number of nodes: 23
Student reward: 0.5555555555555555
Iteration 25/80
Training student with 26000 points
Train accuracy: 0.47110576923076924
Test accuracy: 0.47384615384615386
Number of nodes: 23
Student reward: 0.16666666666666669
Iteration 26/80
Training student with 27000 points
Train accuracy: 0.46935185185185185
Test accuracy: 0.4740740740740741
Number of nodes: 23
Student reward: 0.5555555555555555
Iteration 27/80
Training student with 28000 points
Train accuracy: 0.4630357142857143
Test accuracy: 0.4655357142857143
Number of nodes: 23
Student reward: 0.5555555555555555
Iteration 28/80
Training student with 29000 points
Train accuracy: 0.4559051724137931
Test accuracy: 0.45327586206896553
Number of nodes: 23
Student reward: 0.5555555555555555
Iteration 29/80
Training student with 30000 points
Train accuracy: 0.45895833333333336
Test accuracy: 0.4695
Number of nodes: 23
Student reward: 0.5555555555555555
Iteration 30/80
Training student with 31000 points
Train accuracy: 0.46487903225806454
Test accuracy: 0.4696774193548387
Number of nodes: 23
Student reward: 0.16666666666666669
Iteration 31/80
Training student with 32000 points
Train accuracy: 0.460703125
Test accuracy: 0.45203125
Number of nodes: 23
Student reward: 0.5555555555555555
Iteration 32/80
Training student with 33000 points
Train accuracy: 0.4617045454545455
Test accuracy: 0.44742424242424245
Number of nodes: 23
Student reward: 0.5555555555555555
Iteration 33/80
Training student with 34000 points
Train accuracy: 0.4611029411764706
Test accuracy: 0.45029411764705884
Number of nodes: 23
Student reward: 0.5555555555555555
Iteration 34/80
Training student with 35000 points
Train accuracy: 0.4579285714285714
Test accuracy: 0.4562857142857143
Number of nodes: 23
Student reward: 0.5555555555555555
Iteration 35/80
Training student with 36000 points
Train accuracy: 0.4637847222222222
Test accuracy: 0.4534722222222222
Number of nodes: 23
Student reward: 0.5555555555555555
Iteration 36/80
Training student with 37000 points
Train accuracy: 0.4609121621621622
Test accuracy: 0.4589189189189189
Number of nodes: 23
Student reward: 0.5555555555555555
Iteration 37/80
Training student with 38000 points
Train accuracy: 0.4618421052631579
Test accuracy: 0.45921052631578946
Number of nodes: 23
Student reward: 0.5555555555555555
Iteration 38/80
Training student with 39000 points
Train accuracy: 0.4678846153846154
Test accuracy: 0.46782051282051285
Number of nodes: 23
Student reward: 0.5555555555555555
Iteration 39/80
Training student with 40000 points
Train accuracy: 0.46328125
Test accuracy: 0.474375
Number of nodes: 23
Student reward: 0.5555555555555555
Iteration 40/80
Training student with 41000 points
Train accuracy: 0.47030487804878046
Test accuracy: 0.4651219512195122
Number of nodes: 23
Student reward: 0.16666666666666669
Iteration 41/80
Training student with 42000 points
Train accuracy: 0.4624702380952381
Test accuracy: 0.4558333333333333
Number of nodes: 23
Student reward: 0.16666666666666669
Iteration 42/80
Training student with 43000 points
Train accuracy: 0.45813953488372094
Test accuracy: 0.45244186046511625
Number of nodes: 23
Student reward: 0.5555555555555555
Iteration 43/80
Training student with 44000 points
Train accuracy: 0.4586363636363636
Test accuracy: 0.455
Number of nodes: 23
Student reward: 0.5555555555555555
Iteration 44/80
Training student with 45000 points
Train accuracy: 0.4567222222222222
Test accuracy: 0.45644444444444443
Number of nodes: 23
Student reward: 0.5555555555555555
Iteration 45/80
Training student with 46000 points
Train accuracy: 0.4549728260869565
Test accuracy: 0.4498913043478261
Number of nodes: 23
Student reward: 0.5555555555555555
Iteration 46/80
Training student with 47000 points
Train accuracy: 0.4590159574468085
Test accuracy: 0.45382978723404255
Number of nodes: 23
Student reward: 0.16666666666666669
Iteration 47/80
Training student with 48000 points
Train accuracy: 0.4551822916666667
Test accuracy: 0.44854166666666667
Number of nodes: 23
Student reward: 0.16666666666666669
Iteration 48/80
Training student with 49000 points
Train accuracy: 0.4539285714285714
Test accuracy: 0.453265306122449
Number of nodes: 23
Student reward: 0.5555555555555555
Iteration 49/80
Training student with 50000 points
Train accuracy: 0.455275
Test accuracy: 0.4551
Number of nodes: 23
Student reward: 0.5555555555555555
Iteration 50/80
Training student with 51000 points
Train accuracy: 0.4532843137254902
Test accuracy: 0.4615686274509804
Number of nodes: 23
Student reward: 0.5555555555555555
Iteration 51/80
Training student with 52000 points
Train accuracy: 0.4567548076923077
Test accuracy: 0.45365384615384613
Number of nodes: 23
Student reward: 0.5555555555555555
Iteration 52/80
Training student with 53000 points
Train accuracy: 0.45254716981132076
Test accuracy: 0.45047169811320753
Number of nodes: 23
Student reward: 0.5555555555555555
Iteration 53/80
Training student with 54000 points
Train accuracy: 0.45273148148148146
Test accuracy: 0.4519444444444444
Number of nodes: 23
Student reward: 0.5555555555555555
Iteration 54/80
Training student with 55000 points
Train accuracy: 0.45525
Test accuracy: 0.4651818181818182
Number of nodes: 23
Student reward: 0.5555555555555555
Iteration 55/80
Training student with 56000 points
Train accuracy: 0.45511160714285714
Test accuracy: 0.4561607142857143
Number of nodes: 23
Student reward: 0.5555555555555555
Iteration 56/80
Training student with 57000 points
Train accuracy: 0.4569298245614035
Test accuracy: 0.4529824561403509
Number of nodes: 23
Student reward: 0.5555555555555555
Iteration 57/80
Training student with 58000 points
Train accuracy: 0.4545258620689655
Test accuracy: 0.4525862068965517
Number of nodes: 23
Student reward: 0.5555555555555555
Iteration 58/80
Training student with 59000 points
Train accuracy: 0.4530084745762712
Test accuracy: 0.45296610169491525
Number of nodes: 23
Student reward: 0.5555555555555555
Iteration 59/80
Training student with 60000 points
Train accuracy: 0.454125
Test accuracy: 0.45366666666666666
Number of nodes: 23
Student reward: 0.5555555555555555
Iteration 60/80
Training student with 61000 points
Train accuracy: 0.4547745901639344
Test accuracy: 0.4536065573770492
Number of nodes: 23
Student reward: 0.5555555555555555
Iteration 61/80
Training student with 62000 points
Train accuracy: 0.45326612903225805
Test accuracy: 0.45306451612903226
Number of nodes: 23
Student reward: 0.5555555555555555
Iteration 62/80
Training student with 63000 points
Train accuracy: 0.4482738095238095
Test accuracy: 0.4521428571428571
Number of nodes: 23
Student reward: 0.16666666666666669
Iteration 63/80
Training student with 64000 points
Train accuracy: 0.44900390625
Test accuracy: 0.456796875
Number of nodes: 23
Student reward: 0.5555555555555555
Iteration 64/80
Training student with 65000 points
Train accuracy: 0.44840384615384615
Test accuracy: 0.44646153846153847
Number of nodes: 23
Student reward: 0.5555555555555555
Iteration 65/80
Training student with 66000 points
Train accuracy: 0.4573106060606061
Test accuracy: 0.4443939393939394
Number of nodes: 23
Student reward: 0.5555555555555555
Iteration 66/80
Training student with 67000 points
Train accuracy: 0.45369402985074625
Test accuracy: 0.45291044776119405
Number of nodes: 23
Student reward: 0.5555555555555555
Iteration 67/80
Training student with 68000 points
Train accuracy: 0.4502205882352941
Test accuracy: 0.44683823529411765
Number of nodes: 23
Student reward: 0.5555555555555555
Iteration 68/80
Training student with 69000 points
Train accuracy: 0.45371376811594205
Test accuracy: 0.44753623188405794
Number of nodes: 23
Student reward: 0.5555555555555555
Iteration 69/80
Training student with 70000 points
Train accuracy: 0.45026785714285716
Test accuracy: 0.44457142857142856
Number of nodes: 23
Student reward: 0.5555555555555555
Iteration 70/80
Training student with 71000 points
Train accuracy: 0.4509330985915493
Test accuracy: 0.45725352112676054
Number of nodes: 23
Student reward: 0.5555555555555555
Iteration 71/80
Training student with 72000 points
Train accuracy: 0.4532291666666667
Test accuracy: 0.45416666666666666
Number of nodes: 23
Student reward: 0.5555555555555555
Iteration 72/80
Training student with 73000 points
Train accuracy: 0.4510445205479452
Test accuracy: 0.4482191780821918
Number of nodes: 23
Student reward: 0.5555555555555555
Iteration 73/80
Training student with 74000 points
Train accuracy: 0.45326013513513513
Test accuracy: 0.45047297297297295
Number of nodes: 23
Student reward: 0.5555555555555555
Iteration 74/80
Training student with 75000 points
Train accuracy: 0.4502333333333333
Test accuracy: 0.4437333333333333
Number of nodes: 23
Student reward: 0.16666666666666669
Iteration 75/80
Training student with 76000 points
Train accuracy: 0.4542763157894737
Test accuracy: 0.44980263157894734
Number of nodes: 23
Student reward: 0.5555555555555555
Iteration 76/80
Training student with 77000 points
Train accuracy: 0.4524512987012987
Test accuracy: 0.46214285714285713
Number of nodes: 23
Student reward: 0.5555555555555555
Iteration 77/80
Training student with 78000 points
Train accuracy: 0.4517948717948718
Test accuracy: 0.4483333333333333
Number of nodes: 23
Student reward: 0.5555555555555555
Iteration 78/80
Training student with 79000 points
Train accuracy: 0.4534651898734177
Test accuracy: 0.4462025316455696
Number of nodes: 23
Student reward: 0.5555555555555555
Iteration 79/80
Training student with 80000 points
Train accuracy: 0.45159375
Test accuracy: 0.4515
Number of nodes: 23
Student reward: 0.5555555555555555
Initial policy count: 80
Current policy count: 40
Reward update: 0.5555555555555555 -> 0.5555555555555561
Reward update: 0.5555555555555555 -> 0.5555555555555561
Reward update: 0.5555555555555555 -> 0.5555555555555561
Reward update: 0.5555555555555555 -> 0.5555555555555561
Reward update: 0.5555555555555555 -> 0.5555555555555561
Reward update: 0.5555555555555555 -> 0.5555555555555561
Reward update: 0.5555555555555555 -> 0.5555555555555561
Reward update: 0.5555555555555555 -> 0.5555555555555561
Reward update: 0.5555555555555555 -> 0.5555555555555561
Reward update: 0.5555555555555555 -> 0.5555555555555561
Reward update: 0.5555555555555555 -> 0.5555555555555561
Reward update: 0.5555555555555555 -> 0.5555555555555561
Reward update: 0.5555555555555555 -> 0.5555555555555561
Reward update: 0.5555555555555555 -> 0.5555555555555561
Reward update: 0.5555555555555555 -> 0.5555555555555561
Reward update: 0.5555555555555555 -> 0.5555555555555561
Reward update: 0.5555555555555555 -> 0.5555555555555561
Reward update: 0.5555555555555555 -> 0.5555555555555561
Reward update: 0.5555555555555555 -> 0.5555555555555561
Reward update: 0.5555555555555555 -> 0.5555555555555561
Reward update: 0.5555555555555555 -> 0.5555555555555561
Reward update: 0.5555555555555555 -> 0.5555555555555561
Reward update: 0.5555555555555555 -> 0.5555555555555561
Reward update: 0.5555555555555555 -> 0.5555555555555561
Reward update: 0.5555555555555555 -> 0.5555555555555561
Reward update: 0.5555555555555555 -> 0.5555555555555561
Reward update: 0.5555555555555555 -> 0.5555555555555561
Reward update: 0.5555555555555555 -> 0.5555555555555561
Reward update: 0.5555555555555555 -> 0.5555555555555561
Reward update: 0.5555555555555555 -> 0.5555555555555561
Reward update: 0.5555555555555555 -> 0.5555555555555561
Reward update: 0.5555555555555555 -> 0.5555555555555561
Reward update: 0.5555555555555555 -> 0.5555555555555561
Reward update: 0.5555555555555555 -> 0.5555555555555561
Reward update: 0.5555555555555555 -> 0.5555555555555561
Reward update: 0.5555555555555555 -> 0.5555555555555561
Reward update: 0.5555555555555555 -> 0.5555555555555561
Reward update: 0.5555555555555555 -> 0.5555555555555561
Reward update: 0.5555555555555555 -> 0.5555555555555561
Reward update: 0.5555555555555555 -> 0.5555555555555561
Current policy count: 20
Reward update: 0.5555555555555561 -> 0.5555555555555561
Reward update: 0.5555555555555561 -> 0.5555555555555561
Reward update: 0.5555555555555561 -> 0.5555555555555561
Reward update: 0.5555555555555561 -> 0.5555555555555561
Reward update: 0.5555555555555561 -> 0.5555555555555561
Reward update: 0.5555555555555561 -> 0.5555555555555561
Reward update: 0.5555555555555561 -> 0.5555555555555561
Reward update: 0.5555555555555561 -> 0.5555555555555561
Reward update: 0.5555555555555561 -> 0.5555555555555561
Reward update: 0.5555555555555561 -> 0.5555555555555561
Reward update: 0.5555555555555561 -> 0.5555555555555561
Reward update: 0.5555555555555561 -> 0.5555555555555561
Reward update: 0.5555555555555561 -> 0.5555555555555561
Reward update: 0.5555555555555561 -> 0.5555555555555561
Reward update: 0.5555555555555561 -> 0.5555555555555561
Reward update: 0.5555555555555561 -> 0.5555555555555561
Reward update: 0.5555555555555561 -> 0.5555555555555561
Reward update: 0.5555555555555561 -> 0.5555555555555561
Reward update: 0.5555555555555561 -> 0.5555555555555561
Reward update: 0.5555555555555561 -> 0.5555555555555561
Current policy count: 10
Reward update: 0.5555555555555561 -> 0.5555555555555561
Reward update: 0.5555555555555561 -> 0.5555555555555561
Reward update: 0.5555555555555561 -> 0.5555555555555561
Reward update: 0.5555555555555561 -> 0.5555555555555561
Reward update: 0.5555555555555561 -> 0.5555555555555561
Reward update: 0.5555555555555561 -> 0.5555555555555561
Reward update: 0.5555555555555561 -> 0.5555555555555561
Reward update: 0.5555555555555561 -> 0.5555555555555561
Reward update: 0.5555555555555561 -> 0.5555555555555561
Reward update: 0.5555555555555561 -> 0.5555555555555561
Current policy count: 5
Reward update: 0.5555555555555561 -> 0.5555555555555561
Reward update: 0.5555555555555561 -> 0.5555555555555561
Reward update: 0.5555555555555561 -> 0.5555555555555561
Reward update: 0.5555555555555561 -> 0.5555555555555561
Reward update: 0.5555555555555561 -> 0.5555555555555561
Current policy count: 3
Reward update: 0.5555555555555561 -> 0.5555555555555561
Reward update: 0.5555555555555561 -> 0.5555555555555561
Reward update: 0.5555555555555561 -> 0.5555555555555561
Current policy count: 2
Reward update: 0.5555555555555561 -> 0.5555555555555561
Reward update: 0.5555555555555561 -> 0.5555555555555561
Current policy count: 1
Reward update: 0.5555555555555561 -> 0.5555555555555561
Final reward: 0.5555555555555561
Number of nodes: 23
