Iteration 0/80
Training student with 1000 points
Train accuracy: 0.30375
Test accuracy: 0.275
Number of nodes: 19
Student reward: 0.0
Iteration 1/80
Training student with 2000 points
Train accuracy: 0.2725
Test accuracy: 0.23
Number of nodes: 19
Student reward: 0.0
Iteration 2/80
Training student with 3000 points
Train accuracy: 0.24583333333333332
Test accuracy: 0.23333333333333334
Number of nodes: 23
Student reward: 0.0
Iteration 3/80
Training student with 4000 points
Train accuracy: 0.2396875
Test accuracy: 0.205
Number of nodes: 23
Student reward: 0.0
Iteration 4/80
Training student with 5000 points
Train accuracy: 0.27
Test accuracy: 0.262
Number of nodes: 21
Student reward: 0.0
Iteration 5/80
Training student with 6000 points
Train accuracy: 0.27479166666666666
Test accuracy: 0.25333333333333335
Number of nodes: 23
Student reward: 0.0
Iteration 6/80
Training student with 7000 points
Train accuracy: 0.2625
Test accuracy: 0.22428571428571428
Number of nodes: 23
Student reward: 0.0
Iteration 7/80
Training student with 8000 points
Train accuracy: 0.2540625
Test accuracy: 0.239375
Number of nodes: 23
Student reward: 0.0
Iteration 8/80
Training student with 9000 points
Train accuracy: 0.2540277777777778
Test accuracy: 0.24444444444444444
Number of nodes: 23
Student reward: 0.0
Iteration 9/80
Training student with 10000 points
Train accuracy: 0.253625
Test accuracy: 0.2435
Number of nodes: 23
Student reward: 0.0
Iteration 10/80
Training student with 11000 points
Train accuracy: 0.24522727272727274
Test accuracy: 0.2318181818181818
Number of nodes: 23
Student reward: 0.0
Iteration 11/80
Training student with 12000 points
Train accuracy: 0.23854166666666668
Test accuracy: 0.22791666666666666
Number of nodes: 23
Student reward: 0.0
Iteration 12/80
Training student with 13000 points
Train accuracy: 0.23413461538461539
Test accuracy: 0.23307692307692307
Number of nodes: 23
Student reward: 0.0
Iteration 13/80
Training student with 14000 points
Train accuracy: 0.23401785714285714
Test accuracy: 0.22785714285714287
Number of nodes: 23
Student reward: 0.0
Iteration 14/80
Training student with 15000 points
Train accuracy: 0.23033333333333333
Test accuracy: 0.22733333333333333
Number of nodes: 23
Student reward: 0.0
Iteration 15/80
Training student with 16000 points
Train accuracy: 0.228359375
Test accuracy: 0.2259375
Number of nodes: 21
Student reward: 0.0
Iteration 16/80
Training student with 17000 points
Train accuracy: 0.23308823529411765
Test accuracy: 0.22794117647058823
Number of nodes: 23
Student reward: 0.0
Iteration 17/80
Training student with 18000 points
Train accuracy: 0.22868055555555555
Test accuracy: 0.23555555555555555
Number of nodes: 23
Student reward: 0.0
Iteration 18/80
Training student with 19000 points
Train accuracy: 0.2280263157894737
Test accuracy: 0.21552631578947368
Number of nodes: 21
Student reward: 0.0
Iteration 19/80
Training student with 20000 points
Train accuracy: 0.231875
Test accuracy: 0.21375
Number of nodes: 23
Student reward: 0.0
Iteration 20/80
Training student with 21000 points
Train accuracy: 0.22464285714285714
Test accuracy: 0.21976190476190477
Number of nodes: 23
Student reward: 0.0
Iteration 21/80
Training student with 22000 points
Train accuracy: 0.23073863636363637
Test accuracy: 0.21477272727272728
Number of nodes: 23
Student reward: 0.0
Iteration 22/80
Training student with 23000 points
Train accuracy: 0.23097826086956522
Test accuracy: 0.21195652173913043
Number of nodes: 23
Student reward: 0.0
Iteration 23/80
Training student with 24000 points
Train accuracy: 0.22567708333333333
Test accuracy: 0.22375
Number of nodes: 23
Student reward: 0.0
Iteration 24/80
Training student with 25000 points
Train accuracy: 0.2254
Test accuracy: 0.2094
Number of nodes: 23
Student reward: 0.0
Iteration 25/80
Training student with 26000 points
Train accuracy: 0.22298076923076923
Test accuracy: 0.21423076923076922
Number of nodes: 23
Student reward: 0.0
Iteration 26/80
Training student with 27000 points
Train accuracy: 0.22217592592592592
Test accuracy: 0.21351851851851852
Number of nodes: 23
Student reward: 0.0
Iteration 27/80
Training student with 28000 points
Train accuracy: 0.22375
Test accuracy: 0.22017857142857142
Number of nodes: 23
Student reward: 0.0
Iteration 28/80
Training student with 29000 points
Train accuracy: 0.2210344827586207
Test accuracy: 0.20793103448275863
Number of nodes: 23
Student reward: 0.0
Iteration 29/80
Training student with 30000 points
Train accuracy: 0.22375
Test accuracy: 0.20916666666666667
Number of nodes: 23
Student reward: 0.0
Iteration 30/80
Training student with 31000 points
Train accuracy: 0.22
Test accuracy: 0.21564516129032257
Number of nodes: 23
Student reward: 0.0
Iteration 31/80
Training student with 32000 points
Train accuracy: 0.22296875
Test accuracy: 0.21
Number of nodes: 23
Student reward: 0.0
Iteration 32/80
Training student with 33000 points
Train accuracy: 0.2224242424242424
Test accuracy: 0.21666666666666667
Number of nodes: 23
Student reward: 0.0
Iteration 33/80
Training student with 34000 points
Train accuracy: 0.22294117647058823
Test accuracy: 0.21764705882352942
Number of nodes: 23
Student reward: 0.0
Iteration 34/80
Training student with 35000 points
Train accuracy: 0.221
Test accuracy: 0.2087142857142857
Number of nodes: 23
Student reward: 0.0
Iteration 35/80
Training student with 36000 points
Train accuracy: 0.22083333333333333
Test accuracy: 0.215
Number of nodes: 23
Student reward: 0.0
Iteration 36/80
Training student with 37000 points
Train accuracy: 0.2214864864864865
Test accuracy: 0.2160810810810811
Number of nodes: 23
Student reward: 0.0
Iteration 37/80
Training student with 38000 points
Train accuracy: 0.2194407894736842
Test accuracy: 0.21302631578947367
Number of nodes: 23
Student reward: 0.0
Iteration 38/80
Training student with 39000 points
Train accuracy: 0.21974358974358973
Test accuracy: 0.2205128205128205
Number of nodes: 23
Student reward: 0.0
Iteration 39/80
Training student with 40000 points
Train accuracy: 0.2205625
Test accuracy: 0.21725
Number of nodes: 23
Student reward: 0.0
Iteration 40/80
Training student with 41000 points
Train accuracy: 0.21926829268292683
Test accuracy: 0.21914634146341463
Number of nodes: 23
Student reward: 0.0
Iteration 41/80
Training student with 42000 points
Train accuracy: 0.2194345238095238
Test accuracy: 0.21202380952380953
Number of nodes: 23
Student reward: 0.0
Iteration 42/80
Training student with 43000 points
Train accuracy: 0.21694767441860466
Test accuracy: 0.2222093023255814
Number of nodes: 23
Student reward: 0.0
Iteration 43/80
Training student with 44000 points
Train accuracy: 0.2184375
Test accuracy: 0.21852272727272729
Number of nodes: 23
Student reward: 0.25
Iteration 44/80
Training student with 45000 points
Train accuracy: 0.21544444444444444
Test accuracy: 0.21066666666666667
Number of nodes: 23
Student reward: 0.0
Iteration 45/80
Training student with 46000 points
Train accuracy: 0.22130434782608696
Test accuracy: 0.21108695652173914
Number of nodes: 23
Student reward: 0.0
Iteration 46/80
Training student with 47000 points
Train accuracy: 0.21646276595744682
Test accuracy: 0.215
Number of nodes: 23
Student reward: 0.0
Iteration 47/80
Training student with 48000 points
Train accuracy: 0.21973958333333332
Test accuracy: 0.21114583333333334
Number of nodes: 23
Student reward: 0.0
Iteration 48/80
Training student with 49000 points
Train accuracy: 0.21788265306122448
Test accuracy: 0.21918367346938775
Number of nodes: 23
Student reward: 0.0
Iteration 49/80
Training student with 50000 points
Train accuracy: 0.217175
Test accuracy: 0.2094
Number of nodes: 23
Student reward: 0.0
Iteration 50/80
Training student with 51000 points
Train accuracy: 0.21889705882352942
Test accuracy: 0.2097058823529412
Number of nodes: 23
Student reward: 0.0
Iteration 51/80
Training student with 52000 points
Train accuracy: 0.21617788461538462
Test accuracy: 0.21615384615384614
Number of nodes: 23
Student reward: 0.0
Iteration 52/80
Training student with 53000 points
Train accuracy: 0.2133254716981132
Test accuracy: 0.20745283018867924
Number of nodes: 23
Student reward: 0.0
Iteration 53/80
Training student with 54000 points
Train accuracy: 0.2162962962962963
Test accuracy: 0.21638888888888888
Number of nodes: 23
Student reward: 0.0
Iteration 54/80
Training student with 55000 points
Train accuracy: 0.21370454545454545
Test accuracy: 0.211
Number of nodes: 23
Student reward: 0.0
Iteration 55/80
Training student with 56000 points
Train accuracy: 0.21662946428571428
Test accuracy: 0.21223214285714287
Number of nodes: 23
Student reward: 0.0
Iteration 56/80
Training student with 57000 points
Train accuracy: 0.2142982456140351
Test accuracy: 0.21105263157894738
Number of nodes: 23
Student reward: 0.0
Iteration 57/80
Training student with 58000 points
Train accuracy: 0.21564655172413794
Test accuracy: 0.21189655172413793
Number of nodes: 23
Student reward: 0.25
Iteration 58/80
Training student with 59000 points
Train accuracy: 0.21489406779661016
Test accuracy: 0.20254237288135593
Number of nodes: 23
Student reward: 0.0
Iteration 59/80
Training student with 60000 points
Train accuracy: 0.21735416666666665
Test accuracy: 0.2085
Number of nodes: 23
Student reward: 0.0
Iteration 60/80
Training student with 61000 points
Train accuracy: 0.2132377049180328
Test accuracy: 0.2137704918032787
Number of nodes: 23
Student reward: 0.0
Iteration 61/80
Training student with 62000 points
Train accuracy: 0.21338709677419354
Test accuracy: 0.20693548387096775
Number of nodes: 23
Student reward: 0.0
Iteration 62/80
Training student with 63000 points
Train accuracy: 0.21466269841269842
Test accuracy: 0.20293650793650794
Number of nodes: 23
Student reward: 0.0
Iteration 63/80
Training student with 64000 points
Train accuracy: 0.21404296875
Test accuracy: 0.214140625
Number of nodes: 23
Student reward: 0.0
Iteration 64/80
Training student with 65000 points
Train accuracy: 0.2130576923076923
Test accuracy: 0.20446153846153847
Number of nodes: 23
Student reward: 0.0
Iteration 65/80
Training student with 66000 points
Train accuracy: 0.2134659090909091
Test accuracy: 0.2109090909090909
Number of nodes: 23
Student reward: 0.0
Iteration 66/80
Training student with 67000 points
Train accuracy: 0.2128358208955224
Test accuracy: 0.20753731343283582
Number of nodes: 23
Student reward: 0.0
Iteration 67/80
Training student with 68000 points
Train accuracy: 0.21299632352941175
Test accuracy: 0.20654411764705882
Number of nodes: 23
Student reward: 0.0
Iteration 68/80
Training student with 69000 points
Train accuracy: 0.2111050724637681
Test accuracy: 0.20594202898550726
Number of nodes: 23
Student reward: 0.25
Iteration 69/80
Training student with 70000 points
Train accuracy: 0.21330357142857143
Test accuracy: 0.21321428571428572
Number of nodes: 23
Student reward: 0.0
Iteration 70/80
Training student with 71000 points
Train accuracy: 0.21475352112676058
Test accuracy: 0.20746478873239438
Number of nodes: 23
Student reward: 0.0
Iteration 71/80
Training student with 72000 points
Train accuracy: 0.2107638888888889
Test accuracy: 0.2088888888888889
Number of nodes: 23
Student reward: 0.0
Iteration 72/80
Training student with 73000 points
Train accuracy: 0.2121404109589041
Test accuracy: 0.20589041095890412
Number of nodes: 23
Student reward: 0.0
Iteration 73/80
Training student with 74000 points
Train accuracy: 0.21243243243243243
Test accuracy: 0.20472972972972972
Number of nodes: 23
Student reward: 0.0
Iteration 74/80
Training student with 75000 points
Train accuracy: 0.21296666666666667
Test accuracy: 0.20593333333333333
Number of nodes: 23
Student reward: 1.0
Iteration 75/80
Training student with 75420 points
Train accuracy: 0.214880005303633
Test accuracy: 0.21632193052240786
Number of nodes: 23
Student reward: 0.0
Iteration 76/80
Training student with 76420 points
Train accuracy: 0.2153559277676001
Test accuracy: 0.2176131902643287
Number of nodes: 23
Student reward: 0.0
Iteration 77/80
Training student with 77420 points
Train accuracy: 0.21483466804443296
Test accuracy: 0.20866701110824076
Number of nodes: 23
Student reward: 0.0
Iteration 78/80
Training student with 78420 points
Train accuracy: 0.2127008416220352
Test accuracy: 0.21933180311145117
Number of nodes: 23
Student reward: 0.0
Iteration 79/80
Training student with 79420 points
Train accuracy: 0.21283996474439687
Test accuracy: 0.21115588013094938
Number of nodes: 23
Student reward: 0.0
Initial policy count: 80
Current policy count: 40
Reward update: 1.0 -> 1.0
Reward update: 0.25 -> 0.25
Reward update: 0.25 -> 0.25
Reward update: 0.25 -> 0.25
Reward update: 0.0 -> 0.0
Reward update: 0.0 -> 0.0
Reward update: 0.0 -> 0.0
Reward update: 0.0 -> 0.0
Reward update: 0.0 -> 0.0
Reward update: 0.0 -> 0.0
Reward update: 0.0 -> 0.0
Reward update: 0.0 -> 0.0
Reward update: 0.0 -> 0.0
Reward update: 0.0 -> 0.0
Reward update: 0.0 -> 0.0
Reward update: 0.0 -> 0.0
Reward update: 0.0 -> 0.0
Reward update: 0.0 -> 0.0
Reward update: 0.0 -> 0.0
Reward update: 0.0 -> 0.0
Reward update: 0.0 -> 0.0
Reward update: 0.0 -> 0.0
Reward update: 0.0 -> 0.0
Reward update: 0.0 -> 0.0
Reward update: 0.0 -> 0.0
Reward update: 0.0 -> 0.0
Reward update: 0.0 -> 0.0
Reward update: 0.0 -> 0.0
Reward update: 0.0 -> 0.0
Reward update: 0.0 -> 0.0
Reward update: 0.0 -> 0.0
Reward update: 0.0 -> 0.0
Reward update: 0.0 -> 0.0
Reward update: 0.0 -> 0.0
Reward update: 0.0 -> 0.0
Reward update: 0.0 -> 0.0
Reward update: 0.0 -> 0.0
Reward update: 0.0 -> 0.0
Reward update: 0.0 -> 0.0
Reward update: 0.0 -> 0.0
Current policy count: 20
Reward update: 1.0 -> 1.0
Reward update: 0.25 -> 0.25
Reward update: 0.25 -> 0.25
Reward update: 0.25 -> 0.25
Reward update: 0.0 -> 0.0
Reward update: 0.0 -> 0.0
Reward update: 0.0 -> 0.0
Reward update: 0.0 -> 0.0
Reward update: 0.0 -> 0.0
Reward update: 0.0 -> 0.0
Reward update: 0.0 -> 0.0
Reward update: 0.0 -> 0.0
Reward update: 0.0 -> 0.0
Reward update: 0.0 -> 0.0
Reward update: 0.0 -> 0.0
Reward update: 0.0 -> 0.0
Reward update: 0.0 -> 0.0
Reward update: 0.0 -> 0.0
Reward update: 0.0 -> 0.0
Reward update: 0.0 -> 0.0
Current policy count: 10
Reward update: 1.0 -> 1.0
Reward update: 0.25 -> 0.25
Reward update: 0.25 -> 0.25
Reward update: 0.25 -> 0.25
Reward update: 0.0 -> 0.0
Reward update: 0.0 -> 0.0
Reward update: 0.0 -> 0.0
Reward update: 0.0 -> 0.0
Reward update: 0.0 -> 0.0
Reward update: 0.0 -> 0.0
Current policy count: 5
Reward update: 1.0 -> 1.0
Reward update: 0.25 -> 0.25
Reward update: 0.25 -> 0.25
Reward update: 0.25 -> 0.25
Reward update: 0.0 -> 0.0
Current policy count: 3
Reward update: 1.0 -> 1.0
Reward update: 0.25 -> 0.25
Reward update: 0.25 -> 0.25
Current policy count: 2
Reward update: 1.0 -> 1.0
Reward update: 0.25 -> 0.25
Current policy count: 1
Reward update: 1.0 -> 1.0
Final reward: 1.0
Number of nodes: 23
