Iteration 0/80
Training student with 1000 points
Train accuracy: 0.39125
Test accuracy: 0.335
Number of nodes: 23
Student reward: 0.6222222222222222
Iteration 1/80
Training student with 2000 points
Train accuracy: 0.34875
Test accuracy: 0.3
Number of nodes: 23
Student reward: 0.18888888888888888
Iteration 2/80
Training student with 3000 points
Train accuracy: 0.37166666666666665
Test accuracy: 0.365
Number of nodes: 23
Student reward: 0.5888888888888889
Iteration 3/80
Training student with 4000 points
Train accuracy: 0.3525
Test accuracy: 0.3625
Number of nodes: 23
Student reward: 0.6222222222222222
Iteration 4/80
Training student with 5000 points
Train accuracy: 0.3355
Test accuracy: 0.349
Number of nodes: 23
Student reward: 0.5333333333333333
Iteration 5/80
Training student with 6000 points
Train accuracy: 0.336875
Test accuracy: 0.3408333333333333
Number of nodes: 23
Student reward: 0.01111111111111111
Iteration 6/80
Training student with 7000 points
Train accuracy: 0.3460714285714286
Test accuracy: 0.3292857142857143
Number of nodes: 23
Student reward: 0.5888888888888888
Iteration 7/80
Training student with 8000 points
Train accuracy: 0.333125
Test accuracy: 0.338125
Number of nodes: 23
Student reward: 0.5555555555555556
Iteration 8/80
Training student with 9000 points
Train accuracy: 0.3309722222222222
Test accuracy: 0.33555555555555555
Number of nodes: 23
Student reward: 0.5888888888888888
Iteration 9/80
Training student with 10000 points
Train accuracy: 0.326625
Test accuracy: 0.336
Number of nodes: 23
Student reward: 0.5555555555555556
Iteration 10/80
Training student with 10933 points
Train accuracy: 0.3217470843814315
Test accuracy: 0.3324188385916781
Number of nodes: 23
Student reward: 0.5666666666666667
Iteration 11/80
Training student with 11933 points
Train accuracy: 0.3239053006494867
Test accuracy: 0.32048596564725595
Number of nodes: 23
Student reward: 0.5444444444444444
Iteration 12/80
Training student with 12933 points
Train accuracy: 0.32398994780591533
Test accuracy: 0.3177425589485891
Number of nodes: 23
Student reward: 0.5666666666666667
Iteration 13/80
Training student with 13933 points
Train accuracy: 0.32020455768885697
Test accuracy: 0.32005740940078936
Number of nodes: 23
Student reward: 0.5888888888888888
Iteration 14/80
Training student with 14933 points
Train accuracy: 0.31885149840950944
Test accuracy: 0.32340140609306994
Number of nodes: 23
Student reward: 0.5666666666666667
Iteration 15/80
Training student with 15933 points
Train accuracy: 0.3204142476070924
Test accuracy: 0.3278945716975212
Number of nodes: 23
Student reward: 0.5333333333333334
Iteration 16/80
Training student with 16933 points
Train accuracy: 0.32245681381957775
Test accuracy: 0.32624741659285506
Number of nodes: 23
Student reward: 0.5222222222222223
Iteration 17/80
Training student with 17933 points
Train accuracy: 0.32252892792416005
Test accuracy: 0.33482018399776975
Number of nodes: 23
Student reward: 0.14444444444444446
Iteration 18/80
Training student with 18933 points
Train accuracy: 0.32345173643206127
Test accuracy: 0.3118563506733562
Number of nodes: 23
Student reward: 0.21111111111111117
Iteration 19/80
Training student with 19933 points
Train accuracy: 0.3173836698858648
Test accuracy: 0.31376975169300225
Number of nodes: 23
Student reward: 0.4888888888888888
Iteration 20/80
Training student with 20933 points
Train accuracy: 0.3177475217962499
Test accuracy: 0.32720324814903273
Number of nodes: 23
Student reward: 0.15555555555555559
Iteration 21/80
Training student with 21933 points
Train accuracy: 0.31653938219537214
Test accuracy: 0.32391155687257805
Number of nodes: 23
Student reward: 0.1777777777777778
Iteration 22/80
Training student with 22933 points
Train accuracy: 0.3156001308187071
Test accuracy: 0.30303030303030304
Number of nodes: 23
Student reward: 0.5444444444444444
Iteration 23/80
Training student with 23933 points
Train accuracy: 0.31155332706570565
Test accuracy: 0.32212241487361604
Number of nodes: 23
Student reward: 0.23333333333333334
Iteration 24/80
Training student with 24933 points
Train accuracy: 0.31379725258197133
Test accuracy: 0.314016442751153
Number of nodes: 23
Student reward: 0.18888888888888894
Iteration 25/80
Training student with 25933 points
Train accuracy: 0.3079147787525306
Test accuracy: 0.3217659533449007
Number of nodes: 23
Student reward: 0.18888888888888888
Iteration 26/80
Training student with 26933 points
Train accuracy: 0.3137473312911909
Test accuracy: 0.3020233896417301
Number of nodes: 23
Student reward: 0.13333333333333336
Iteration 27/80
Training student with 27933 points
Train accuracy: 0.31209164951221696
Test accuracy: 0.31036334347592626
Number of nodes: 23
Student reward: 0.11111111111111112
Iteration 28/80
Training student with 28933 points
Train accuracy: 0.31029119502289815
Test accuracy: 0.31294280283393816
Number of nodes: 21
Student reward: 0.16666666666666669
Iteration 29/80
Training student with 29933 points
Train accuracy: 0.3091539296751023
Test accuracy: 0.3121763821613496
Number of nodes: 23
Student reward: 0.25555555555555565
Iteration 30/80
Training student with 30933 points
Train accuracy: 0.3078477329669442
Test accuracy: 0.30531760142233716
Number of nodes: 23
Student reward: 0.16666666666666669
Iteration 31/80
Training student with 31933 points
Train accuracy: 0.30631018554763956
Test accuracy: 0.30734304055111944
Number of nodes: 23
Student reward: 0.14444444444444443
Iteration 32/80
Training student with 32933 points
Train accuracy: 0.3051696652243225
Test accuracy: 0.3101563686048277
Number of nodes: 23
Student reward: 0.16666666666666669
Iteration 33/80
Training student with 33933 points
Train accuracy: 0.30218080011788107
Test accuracy: 0.3069102696331221
Number of nodes: 23
Student reward: 0.11111111111111109
Iteration 34/80
Training student with 34933 points
Train accuracy: 0.30354970299864026
Test accuracy: 0.30084442536138545
Number of nodes: 23
Student reward: 0.03333333333333333
Iteration 35/80
Training student with 35933 points
Train accuracy: 0.3066165727405552
Test accuracy: 0.30388200918324754
Number of nodes: 23
Student reward: 0.16666666666666666
Iteration 36/80
Training student with 36933 points
Train accuracy: 0.304542069992554
Test accuracy: 0.3036415324218221
Number of nodes: 23
Student reward: 0.14444444444444446
Iteration 37/80
Training student with 37933 points
Train accuracy: 0.3047518618598827
Test accuracy: 0.2972189271121655
Number of nodes: 23
Student reward: 0.14444444444444443
Iteration 38/80
Training student with 38933 points
Train accuracy: 0.3071020355743916
Test accuracy: 0.2916399126749711
Number of nodes: 23
Student reward: 0.1777777777777778
Iteration 39/80
Training student with 39933 points
Train accuracy: 0.3122769673824579
Test accuracy: 0.3160135219732065
Number of nodes: 23
Student reward: 0.15555555555555559
Iteration 40/80
Training student with 40933 points
Train accuracy: 0.3140841629512002
Test accuracy: 0.3151337486258703
Number of nodes: 23
Student reward: 0.25555555555555554
Iteration 41/80
Training student with 41933 points
Train accuracy: 0.31816013831753415
Test accuracy: 0.32156909502801956
Number of nodes: 23
Student reward: 0.2777777777777778
Iteration 42/80
Training student with 42933 points
Train accuracy: 0.316688988528504
Test accuracy: 0.3187376266449284
Number of nodes: 23
Student reward: 0.26666666666666666
Iteration 43/80
Training student with 43933 points
Train accuracy: 0.31795936948728165
Test accuracy: 0.31649026971662686
Number of nodes: 23
Student reward: 0.32222222222222224
Iteration 44/80
Training student with 44933 points
Train accuracy: 0.31644689256106384
Test accuracy: 0.3183487259374652
Number of nodes: 23
Student reward: 0.2555555555555556
Iteration 45/80
Training student with 45933 points
Train accuracy: 0.31682359984760244
Test accuracy: 0.31130945901817786
Number of nodes: 23
Student reward: 0.22222222222222224
Iteration 46/80
Training student with 46933 points
Train accuracy: 0.31526660629627656
Test accuracy: 0.30925748375412804
Number of nodes: 23
Student reward: 0.27777777777777785
Iteration 47/80
Training student with 47933 points
Train accuracy: 0.31254889688624626
Test accuracy: 0.3122979034108689
Number of nodes: 23
Student reward: 0.5111111111111111
Iteration 48/80
Training student with 48933 points
Train accuracy: 0.3121136259132478
Test accuracy: 0.3119444160621232
Number of nodes: 23
Student reward: 0.16666666666666666
Iteration 49/80
Training student with 49933 points
Train accuracy: 0.3134982226005107
Test accuracy: 0.31250625813557625
Number of nodes: 23
Student reward: 0.5333333333333334
Iteration 50/80
Training student with 50933 points
Train accuracy: 0.31306140480047123
Test accuracy: 0.3150093256110729
Number of nodes: 23
Student reward: 0.5555555555555556
Iteration 51/80
Training student with 51933 points
Train accuracy: 0.3123044336398209
Test accuracy: 0.316356984692404
Number of nodes: 23
Student reward: 0.17777777777777776
Iteration 52/80
Training student with 52933 points
Train accuracy: 0.31611014027298917
Test accuracy: 0.3051856049872485
Number of nodes: 23
Student reward: 0.5555555555555556
Iteration 53/80
Training student with 53933 points
Train accuracy: 0.31639085894405045
Test accuracy: 0.3031426717344952
Number of nodes: 23
Student reward: 0.5444444444444445
Iteration 54/80
Training student with 54933 points
Train accuracy: 0.3123378692031129
Test accuracy: 0.315645763174661
Number of nodes: 23
Student reward: 0.5333333333333333
Iteration 55/80
Training student with 55933 points
Train accuracy: 0.3123854646225361
Test accuracy: 0.31384642889067665
Number of nodes: 23
Student reward: 0.5444444444444444
Iteration 56/80
Training student with 56933 points
Train accuracy: 0.31238747639748826
Test accuracy: 0.31544744006323
Number of nodes: 23
Student reward: 0.13333333333333336
Iteration 57/80
Training student with 57933 points
Train accuracy: 0.31329564579467484
Test accuracy: 0.3148355916112885
Number of nodes: 23
Student reward: 0.5888888888888888
Iteration 58/80
Training student with 58933 points
Train accuracy: 0.3129215628049039
Test accuracy: 0.3128870789853228
Number of nodes: 23
Student reward: 0.6333333333333334
Iteration 59/80
Training student with 59933 points
Train accuracy: 0.31470821340674926
Test accuracy: 0.30649870693251025
Number of nodes: 23
Student reward: 0.18888888888888888
Iteration 60/80
Training student with 60933 points
Train accuracy: 0.3135436753784926
Test accuracy: 0.3090998605070977
Number of nodes: 23
Student reward: 0.6
Iteration 61/80
Training student with 61933 points
Train accuracy: 0.3122956444516207
Test accuracy: 0.3105675304754985
Number of nodes: 23
Student reward: 0.13333333333333333
Iteration 62/80
Training student with 62933 points
Train accuracy: 0.3126564175902753
Test accuracy: 0.3127035830618892
Number of nodes: 23
Student reward: 0.5111111111111112
Iteration 63/80
Training student with 63933 points
Train accuracy: 0.31398349822077976
Test accuracy: 0.30648314694611717
Number of nodes: 23
Student reward: 0.16666666666666669
Iteration 64/80
Training student with 64933 points
Train accuracy: 0.3127863550610249
Test accuracy: 0.3147763147763148
Number of nodes: 23
Student reward: 0.5111111111111112
Iteration 65/80
Training student with 65933 points
Train accuracy: 0.312649300420885
Test accuracy: 0.3152347008417381
Number of nodes: 23
Student reward: 0.5222222222222223
Iteration 66/80
Training student with 66933 points
Train accuracy: 0.31244163896462857
Test accuracy: 0.3159781877941286
Number of nodes: 23
Student reward: 0.5444444444444444
Iteration 67/80
Training student with 67933 points
Train accuracy: 0.31273690796010745
Test accuracy: 0.31331419739456834
Number of nodes: 23
Student reward: 0.4666666666666667
Iteration 68/80
Training student with 68933 points
Train accuracy: 0.3122982627933123
Test accuracy: 0.3161674040763038
Number of nodes: 23
Student reward: 0.1777777777777778
Iteration 69/80
Training student with 69933 points
Train accuracy: 0.31430307796804063
Test accuracy: 0.30957317509115606
Number of nodes: 23
Student reward: 0.48888888888888893
Iteration 70/80
Training student with 70933 points
Train accuracy: 0.31535262397349595
Test accuracy: 0.3078170155776415
Number of nodes: 23
Student reward: 0.15555555555555556
Iteration 71/80
Training student with 71933 points
Train accuracy: 0.3144788517012477
Test accuracy: 0.3139639952735108
Number of nodes: 23
Student reward: 0.5777777777777777
Iteration 72/80
Training student with 72933 points
Train accuracy: 0.3136975970932026
Test accuracy: 0.3143895249194488
Number of nodes: 23
Student reward: 0.5111111111111111
Iteration 73/80
Training student with 73933 points
Train accuracy: 0.31352923274608596
Test accuracy: 0.3155474403191993
Number of nodes: 23
Student reward: 0.4666666666666666
Iteration 74/80
Training student with 74933 points
Train accuracy: 0.31333199879891904
Test accuracy: 0.31707479815840395
Number of nodes: 23
Student reward: 0.18888888888888894
Iteration 75/80
Training student with 75933 points
Train accuracy: 0.3141276791887532
Test accuracy: 0.311779811681043
Number of nodes: 23
Student reward: 0.18888888888888886
Iteration 76/80
Training student with 76933 points
Train accuracy: 0.3132941214701199
Test accuracy: 0.3116266978618314
Number of nodes: 23
Student reward: 0.1888888888888889
Iteration 77/80
Training student with 77933 points
Train accuracy: 0.3142623424117024
Test accuracy: 0.31102842112016427
Number of nodes: 23
Student reward: 0.02222222222222222
Iteration 78/80
Training student with 78933 points
Train accuracy: 0.3146359230988503
Test accuracy: 0.317603091150947
Number of nodes: 23
Student reward: 0.5888888888888888
Iteration 79/80
Training student with 79933 points
Train accuracy: 0.31440590498232884
Test accuracy: 0.31825858510039406
Number of nodes: 23
Student reward: 0.5999999999999999
Initial policy count: 80
Current policy count: 40
Reward update: 0.6333333333333334 -> 0.5733333333333337
Reward update: 0.6222222222222222 -> 0.5511111111111113
Reward update: 0.6222222222222222 -> 0.5733333333333335
Reward update: 0.6 -> 0.542222222222222
Reward update: 0.5999999999999999 -> 0.5666666666666669
Reward update: 0.5888888888888889 -> 0.5711111111111113
Reward update: 0.5888888888888888 -> 0.5377777777777779
Reward update: 0.5888888888888888 -> 0.5711111111111112
Reward update: 0.5888888888888888 -> 0.5511111111111113
Reward update: 0.5888888888888888 -> 0.5866666666666669
Reward update: 0.5888888888888888 -> 0.5533333333333335
Reward update: 0.5777777777777777 -> 0.5444444444444447
Reward update: 0.5666666666666667 -> 0.5533333333333337
Reward update: 0.5666666666666667 -> 0.588888888888889
Reward update: 0.5666666666666667 -> 0.5422222222222223
Reward update: 0.5555555555555556 -> 0.5622222222222223
Reward update: 0.5555555555555556 -> 0.5600000000000002
Reward update: 0.5555555555555556 -> 0.5155555555555555
Reward update: 0.5555555555555556 -> 0.5511111111111112
Reward update: 0.5444444444444445 -> 0.5511111111111113
Reward update: 0.5444444444444444 -> 0.5222222222222223
Reward update: 0.5444444444444444 -> 0.5422222222222225
Reward update: 0.5444444444444444 -> 0.5466666666666666
Reward update: 0.5444444444444444 -> 0.5755555555555556
Reward update: 0.5333333333333334 -> 0.5733333333333336
Reward update: 0.5333333333333334 -> 0.537777777777778
Reward update: 0.5333333333333333 -> 0.5511111111111113
Reward update: 0.5333333333333333 -> 0.548888888888889
Reward update: 0.5222222222222223 -> 0.5577777777777781
Reward update: 0.5222222222222223 -> 0.5555555555555557
Reward update: 0.5111111111111112 -> 0.5644444444444446
Reward update: 0.5111111111111112 -> 0.5577777777777779
Reward update: 0.5111111111111111 -> 0.5511111111111113
Reward update: 0.5111111111111111 -> 0.5422222222222223
Reward update: 0.48888888888888893 -> 0.5511111111111111
Reward update: 0.4888888888888888 -> 0.5800000000000002
Reward update: 0.4666666666666667 -> 0.5511111111111113
Reward update: 0.4666666666666666 -> 0.5644444444444446
Reward update: 0.32222222222222224 -> 0.3177777777777777
Reward update: 0.27777777777777785 -> 0.26222222222222213
Current policy count: 20
Reward update: 0.588888888888889 -> 0.5333333333333332
Reward update: 0.5866666666666669 -> 0.5822222222222223
Reward update: 0.5800000000000002 -> 0.5666666666666669
Reward update: 0.5755555555555556 -> 0.5177777777777777
Reward update: 0.5733333333333337 -> 0.5644444444444444
Reward update: 0.5733333333333336 -> 0.5622222222222224
Reward update: 0.5733333333333335 -> 0.5777777777777778
Reward update: 0.5711111111111113 -> 0.5422222222222224
Reward update: 0.5711111111111112 -> 0.5266666666666668
Reward update: 0.5666666666666669 -> 0.586666666666667
Reward update: 0.5644444444444446 -> 0.5755555555555556
Reward update: 0.5644444444444446 -> 0.5933333333333336
Reward update: 0.5622222222222223 -> 0.5177777777777777
Reward update: 0.5600000000000002 -> 0.5422222222222224
Reward update: 0.5577777777777781 -> 0.5377777777777776
Reward update: 0.5577777777777779 -> 0.5622222222222225
Reward update: 0.5555555555555557 -> 0.526666666666667
Reward update: 0.5533333333333337 -> 0.5400000000000003
Reward update: 0.5533333333333335 -> 0.5622222222222223
Reward update: 0.5511111111111113 -> 0.537777777777778
Current policy count: 10
Reward update: 0.5933333333333336 -> 0.5599999999999999
Reward update: 0.586666666666667 -> 0.5577777777777778
Reward update: 0.5822222222222223 -> 0.54
Reward update: 0.5777777777777778 -> 0.5533333333333335
Reward update: 0.5755555555555556 -> 0.5644444444444446
Reward update: 0.5666666666666669 -> 0.5955555555555558
Reward update: 0.5644444444444444 -> 0.5755555555555558
Reward update: 0.5622222222222225 -> 0.5888888888888891
Reward update: 0.5622222222222224 -> 0.5733333333333336
Reward update: 0.5622222222222223 -> 0.5422222222222224
Current policy count: 5
Reward update: 0.5955555555555558 -> 0.5155555555555553
Reward update: 0.5888888888888891 -> 0.5866666666666671
Reward update: 0.5755555555555558 -> 0.5622222222222224
Reward update: 0.5733333333333336 -> 0.5644444444444445
Reward update: 0.5644444444444446 -> 0.5622222222222224
Current policy count: 3
Reward update: 0.5866666666666671 -> 0.5733333333333334
Reward update: 0.5644444444444445 -> 0.5533333333333338
Reward update: 0.5622222222222224 -> 0.5555555555555557
Current policy count: 2
Reward update: 0.5733333333333334 -> 0.577777777777778
Reward update: 0.5555555555555557 -> 0.588888888888889
Current policy count: 1
Reward update: 0.588888888888889 -> 0.5666666666666668
Final reward: 0.5422222222222224
Number of nodes: 23
