Iteration 0/80
Training student with 91 points
Train accuracy: 0.9583333333333334
Test accuracy: 1.0
Number of nodes: 1
Student reward: 105.7049545288086
Iteration 1/80
Training student with 190 points
Train accuracy: 0.9802631578947368
Test accuracy: 0.9736842105263158
Number of nodes: 1
Student reward: 104.65144805908203
Iteration 2/80
Training student with 292 points
Train accuracy: 0.9828326180257511
Test accuracy: 1.0
Number of nodes: 1
Student reward: 149.00768585205077
Iteration 3/80
Training student with 400 points
Train accuracy: 0.990625
Test accuracy: 0.9875
Number of nodes: 1
Student reward: 133.1002975463867
Iteration 4/80
Training student with 497 points
Train accuracy: 0.9899244332493703
Test accuracy: 0.97
Number of nodes: 1
Student reward: 241.30314178466796
Iteration 5/80
Training student with 627 points
Train accuracy: 0.9860279441117764
Test accuracy: 0.9761904761904762
Number of nodes: 1
Student reward: 187.1326446533203
Iteration 6/80
Training student with 742 points
Train accuracy: 0.9831365935919055
Test accuracy: 0.9932885906040269
Number of nodes: 1
Student reward: 145.7331558227539
Iteration 7/80
Training student with 849 points
Train accuracy: 0.9837997054491899
Test accuracy: 0.9882352941176471
Number of nodes: 1
Student reward: 127.14051208496093
Iteration 8/80
Training student with 957 points
Train accuracy: 0.9856209150326798
Test accuracy: 0.984375
Number of nodes: 1
Student reward: 160.47269592285156
Iteration 9/80
Training student with 1067 points
Train accuracy: 0.9824150058616647
Test accuracy: 0.9906542056074766
Number of nodes: 1
Student reward: 155.35614471435548
Iteration 10/80
Training student with 1176 points
Train accuracy: 0.9819148936170212
Test accuracy: 0.9830508474576272
Number of nodes: 1
Student reward: 162.1552276611328
Iteration 11/80
Training student with 1289 points
Train accuracy: 0.9806013579049466
Test accuracy: 0.9922480620155039
Number of nodes: 1
Student reward: 158.90879669189454
Iteration 12/80
Training student with 1401 points
Train accuracy: 0.98125
Test accuracy: 0.9928825622775801
Number of nodes: 1
Student reward: 98.19347381591797
Iteration 13/80
Training student with 1498 points
Train accuracy: 0.9824707846410684
Test accuracy: 0.99
Number of nodes: 1
Student reward: 72.41841125488281
Iteration 14/80
Training student with 1583 points
Train accuracy: 0.9834123222748815
Test accuracy: 0.9905362776025236
Number of nodes: 1
Student reward: 175.47252655029297
Iteration 15/80
Training student with 1699 points
Train accuracy: 0.986019131714496
Test accuracy: 0.9794117647058823
Number of nodes: 1
Student reward: 91.48679046630859
Iteration 16/80
Training student with 1794 points
Train accuracy: 0.9832752613240419
Test accuracy: 0.9944289693593314
Number of nodes: 1
Student reward: 145.7255386352539
Iteration 17/80
Training student with 1900 points
Train accuracy: 0.9842105263157894
Test accuracy: 0.9921052631578947
Number of nodes: 1
Student reward: 118.08104400634765
Iteration 18/80
Training student with 2007 points
Train accuracy: 0.9850467289719627
Test accuracy: 0.9925373134328358
Number of nodes: 1
Student reward: 141.85547637939453
Iteration 19/80
Training student with 2115 points
Train accuracy: 0.9869976359338062
Test accuracy: 0.9858156028368794
Number of nodes: 1
Student reward: 142.33458099365234
Iteration 20/80
Training student with 2217 points
Train accuracy: 0.9870276367738297
Test accuracy: 0.9887387387387387
Number of nodes: 1
Student reward: 105.63620452880859
Iteration 21/80
Training student with 2313 points
Train accuracy: 0.9881081081081081
Test accuracy: 0.9870410367170627
Number of nodes: 1
Student reward: 124.5232925415039
Iteration 22/80
Training student with 2410 points
Train accuracy: 0.9885892116182573
Test accuracy: 0.9854771784232366
Number of nodes: 1
Student reward: 130.6900146484375
Iteration 23/80
Training student with 2517 points
Train accuracy: 0.9885742672627919
Test accuracy: 0.9880952380952381
Number of nodes: 1
Student reward: 71.59934539794922
Iteration 24/80
Training student with 2597 points
Train accuracy: 0.9894077997111218
Test accuracy: 0.9865384615384616
Number of nodes: 1
Student reward: 132.79908142089843
Iteration 25/80
Training student with 2701 points
Train accuracy: 0.9879629629629629
Test accuracy: 0.9926062846580407
Number of nodes: 1
Student reward: 125.98435974121094
Iteration 26/80
Training student with 2803 points
Train accuracy: 0.9884032114183765
Test accuracy: 0.9893048128342246
Number of nodes: 1
Student reward: 156.0964096069336
Iteration 27/80
Training student with 2913 points
Train accuracy: 0.9896995708154507
Test accuracy: 0.9828473413379074
Number of nodes: 1
Student reward: 147.49326782226564
Iteration 28/80
Training student with 3020 points
Train accuracy: 0.9875827814569537
Test accuracy: 0.9900662251655629
Number of nodes: 1
Student reward: 90.54349822998047
Iteration 29/80
Training student with 3110 points
Train accuracy: 0.9883440514469454
Test accuracy: 0.9887459807073955
Number of nodes: 1
Student reward: 156.03065490722656
Iteration 30/80
Training student with 3216 points
Train accuracy: 0.9887247278382582
Test accuracy: 0.9860248447204969
Number of nodes: 1
Student reward: 139.6638931274414
Iteration 31/80
Training student with 3315 points
Train accuracy: 0.9860482654600302
Test accuracy: 0.9969834087481146
Number of nodes: 1
Student reward: 75.87304229736328
Iteration 32/80
Training student with 3413 points
Train accuracy: 0.9864468864468865
Test accuracy: 0.9941434846266471
Number of nodes: 1
Student reward: 175.30400543212892
Iteration 33/80
Training student with 3522 points
Train accuracy: 0.9889953851615193
Test accuracy: 0.9829787234042553
Number of nodes: 1
Student reward: 208.35633392333983
Iteration 34/80
Training student with 3644 points
Train accuracy: 0.9869639794168096
Test accuracy: 0.9917695473251029
Number of nodes: 1
Student reward: 129.14283294677733
Iteration 35/80
Training student with 3745 points
Train accuracy: 0.986648865153538
Test accuracy: 0.9906542056074766
Number of nodes: 1
Student reward: 69.2814956665039
Iteration 36/80
Training student with 3837 points
Train accuracy: 0.9872922776148583
Test accuracy: 0.9895833333333334
Number of nodes: 1
Student reward: 150.05382690429687
Iteration 37/80
Training student with 3944 points
Train accuracy: 0.9863708399366086
Test accuracy: 0.9936628643852978
Number of nodes: 1
Student reward: 164.0038070678711
Iteration 38/80
Training student with 4059 points
Train accuracy: 0.9889128426239606
Test accuracy: 0.9852216748768473
Number of nodes: 1
Student reward: 182.84874877929687
Iteration 39/80
Training student with 4167 points
Train accuracy: 0.9894989498949895
Test accuracy: 0.9832134292565947
Number of nodes: 1
Student reward: 121.00462341308594
Iteration 40/80
Training student with 4266 points
Train accuracy: 0.9879835873388042
Test accuracy: 0.9894613583138173
Number of nodes: 1
Student reward: 71.47939758300781
Iteration 41/80
Training student with 4354 points
Train accuracy: 0.9882285386161355
Test accuracy: 0.9873708381171068
Number of nodes: 1
Student reward: 190.6168685913086
Iteration 42/80
Training student with 4478 points
Train accuracy: 0.9879955332216639
Test accuracy: 0.9899553571428571
Number of nodes: 1
Student reward: 145.6147674560547
Iteration 43/80
Training student with 4580 points
Train accuracy: 0.9885371179039302
Test accuracy: 0.9879912663755459
Number of nodes: 1
Student reward: 112.96490631103515
Iteration 44/80
Training student with 4679 points
Train accuracy: 0.9890462196099385
Test accuracy: 0.9861111111111112
Number of nodes: 1
Student reward: 209.2600540161133
Iteration 45/80
Training student with 4799 points
Train accuracy: 0.9882781974472519
Test accuracy: 0.990625
Number of nodes: 1
Student reward: 199.35895080566405
Iteration 46/80
Training student with 4919 points
Train accuracy: 0.9878017789072427
Test accuracy: 0.9928861788617886
Number of nodes: 1
Student reward: 127.47987823486328
Iteration 47/80
Training student with 5030 points
Train accuracy: 0.9895626242544732
Test accuracy: 0.9860834990059643
Number of nodes: 1
Student reward: 75.68295288085938
Iteration 48/80
Training student with 5116 points
Train accuracy: 0.989247311827957
Test accuracy: 0.98828125
Number of nodes: 1
Student reward: 154.57723388671874
Iteration 49/80
Training student with 5220 points
Train accuracy: 0.9899425287356322
Test accuracy: 0.985632183908046
Number of nodes: 1
Student reward: 132.2297348022461
Iteration 50/80
Training student with 5325 points
Train accuracy: 0.9887323943661972
Test accuracy: 0.9906103286384976
Number of nodes: 1
Student reward: 166.20185241699218
Iteration 51/80
Training student with 5441 points
Train accuracy: 0.9903492647058824
Test accuracy: 0.9843893480257117
Number of nodes: 1
Student reward: 184.76815643310547
Iteration 52/80
Training student with 5559 points
Train accuracy: 0.989206206431302
Test accuracy: 0.9883093525179856
Number of nodes: 1
Student reward: 113.06739044189453
Iteration 53/80
Training student with 5657 points
Train accuracy: 0.9898342541436465
Test accuracy: 0.9858657243816255
Number of nodes: 1
Student reward: 131.88495483398438
Iteration 54/80
Training student with 5758 points
Train accuracy: 0.9887103777681285
Test accuracy: 0.9887152777777778
Number of nodes: 1
Student reward: 137.73912811279297
Iteration 55/80
Training student with 5855 points
Train accuracy: 0.9882578992314262
Test accuracy: 0.9914602903501281
Number of nodes: 1
Student reward: 123.29804382324218
Iteration 56/80
Training student with 5956 points
Train accuracy: 0.9888748950461796
Test accuracy: 0.988255033557047
Number of nodes: 1
Student reward: 126.68518981933593
Iteration 57/80
Training student with 6062 points
Train accuracy: 0.9884512270571252
Test accuracy: 0.9901071723000825
Number of nodes: 1
Student reward: 102.72238006591797
Iteration 58/80
Training student with 6165 points
Train accuracy: 0.9900648824006488
Test accuracy: 0.9837793998377939
Number of nodes: 1
Student reward: 105.91989440917969
Iteration 59/80
Training student with 6267 points
Train accuracy: 0.988230600438859
Test accuracy: 0.9896331738437002
Number of nodes: 1
Student reward: 209.56175994873047
Iteration 60/80
Training student with 6387 points
Train accuracy: 0.9880602857702094
Test accuracy: 0.9874804381846636
Number of nodes: 1
Student reward: 188.544970703125
Iteration 61/80
Training student with 6502 points
Train accuracy: 0.9890405691213229
Test accuracy: 0.9846272098385856
Number of nodes: 1
Student reward: 142.2734405517578
Iteration 62/80
Training student with 6610 points
Train accuracy: 0.9877080181543116
Test accuracy: 0.9886535552193646
Number of nodes: 1
Student reward: 163.05405883789064
Iteration 63/80
Training student with 6728 points
Train accuracy: 0.9879227053140096
Test accuracy: 0.9881129271916791
Number of nodes: 1
Student reward: 100.78282012939454
Iteration 64/80
Training student with 6828 points
Train accuracy: 0.9877334309776639
Test accuracy: 0.9890190336749634
Number of nodes: 1
Student reward: 217.7991180419922
Iteration 65/80
Training student with 6952 points
Train accuracy: 0.9881316310016184
Test accuracy: 0.9863407620416966
Number of nodes: 1
Student reward: 122.909228515625
Iteration 66/80
Training student with 7049 points
Train accuracy: 0.9879411243128214
Test accuracy: 0.9879432624113476
Number of nodes: 1
Student reward: 138.38060913085937
Iteration 67/80
Training student with 7155 points
Train accuracy: 0.9884696016771488
Test accuracy: 0.9860237596086653
Number of nodes: 1
Student reward: 147.6013168334961
Iteration 68/80
Training student with 7267 points
Train accuracy: 0.9886461379666265
Test accuracy: 0.984869325997249
Number of nodes: 1
Student reward: 195.89215087890625
Iteration 69/80
Training student with 7385 points
Train accuracy: 0.9886594448205822
Test accuracy: 0.984427894380501
Number of nodes: 1
Student reward: 229.8571746826172
Iteration 70/80
Training student with 7515 points
Train accuracy: 0.9868596141051231
Test accuracy: 0.9906852960745176
Number of nodes: 1
Student reward: 154.8550247192383
Iteration 71/80
Training student with 7632 points
Train accuracy: 0.9883701883701884
Test accuracy: 0.9842829076620825
Number of nodes: 1
Student reward: 97.14069366455078
Iteration 72/80
Training student with 7725 points
Train accuracy: 0.9872168284789644
Test accuracy: 0.9883495145631068
Number of nodes: 1
Student reward: 216.71667938232423
Iteration 73/80
Training student with 7849 points
Train accuracy: 0.9878961618092053
Test accuracy: 0.9853503184713376
Number of nodes: 1
Student reward: 136.89168853759764
Iteration 74/80
Training student with 7953 points
Train accuracy: 0.9871109713926438
Test accuracy: 0.9893148962916405
Number of nodes: 1
Student reward: 183.03266296386718
Iteration 75/80
Training student with 8069 points
Train accuracy: 0.988845855925639
Test accuracy: 0.9820322180916976
Number of nodes: 1
Student reward: 108.2462646484375
Iteration 76/80
Training student with 8164 points
Train accuracy: 0.9877507273005666
Test accuracy: 0.9865278628291488
Number of nodes: 1
Student reward: 93.76443786621094
Iteration 77/80
Training student with 8255 points
Train accuracy: 0.9866747425802543
Test accuracy: 0.9909145972138098
Number of nodes: 1
Student reward: 159.67957916259766
Iteration 78/80
Training student with 8376 points
Train accuracy: 0.9897014925373134
Test accuracy: 0.9791169451073986
Number of nodes: 1
Student reward: 99.46256256103516
Iteration 79/80
Training student with 8466 points
Train accuracy: 0.9871529828706438
Test accuracy: 0.9893742621015348
Number of nodes: 1
Student reward: 204.000732421875
Initial policy count: 80
Current policy count: 40
Reward update: 241.30314178466796 -> 154.06836639404298
Reward update: 229.8571746826172 -> 151.9711264038086
Reward update: 217.7991180419922 -> 160.8290301513672
Reward update: 216.71667938232423 -> 165.0288473510742
Reward update: 209.56175994873047 -> 112.66891296386719
Reward update: 209.2600540161133 -> 131.5929248046875
Reward update: 208.35633392333983 -> 133.4002520751953
Reward update: 204.000732421875 -> 124.017177734375
Reward update: 199.35895080566405 -> 139.0937042236328
Reward update: 195.89215087890625 -> 138.32297302246093
Reward update: 190.6168685913086 -> 164.90884338378908
Reward update: 188.544970703125 -> 163.51441162109376
Reward update: 187.1326446533203 -> 126.80848876953125
Reward update: 184.76815643310547 -> 180.2984420776367
Reward update: 183.03266296386718 -> 119.39640625
Reward update: 182.84874877929687 -> 165.32910522460938
Reward update: 175.47252655029297 -> 110.20637664794921
Reward update: 175.30400543212892 -> 110.37058471679687
Reward update: 166.20185241699218 -> 154.26286773681642
Reward update: 164.0038070678711 -> 139.66830535888673
Reward update: 163.05405883789064 -> 118.9149609375
Reward update: 162.1552276611328 -> 168.6048599243164
Reward update: 160.47269592285156 -> 127.02987121582031
Reward update: 159.67957916259766 -> 160.31633178710936
Reward update: 158.90879669189454 -> 148.25671478271485
Reward update: 156.0964096069336 -> 140.71023223876952
Reward update: 156.03065490722656 -> 128.11964202880858
Reward update: 155.35614471435548 -> 149.17986236572267
Reward update: 154.8550247192383 -> 136.5960250854492
Reward update: 154.57723388671874 -> 141.20583984375
Reward update: 150.05382690429687 -> 137.83270782470703
Reward update: 149.00768585205077 -> 148.0911929321289
Reward update: 147.6013168334961 -> 159.41365814208984
Reward update: 147.49326782226564 -> 115.87774993896484
Reward update: 145.7331558227539 -> 157.9821157836914
Reward update: 145.7255386352539 -> 150.664609375
Reward update: 145.6147674560547 -> 139.9479718017578
Reward update: 142.33458099365234 -> 151.93740142822264
Reward update: 142.2734405517578 -> 135.54230804443358
Reward update: 141.85547637939453 -> 152.68239501953124
Current policy count: 20
Reward update: 180.2984420776367 -> 156.65730041503906
Reward update: 168.6048599243164 -> 145.04570861816407
Reward update: 165.32910522460938 -> 166.60136840820311
Reward update: 165.0288473510742 -> 103.83900939941407
Reward update: 164.90884338378908 -> 161.7269613647461
Reward update: 163.51441162109376 -> 128.0170635986328
Reward update: 160.8290301513672 -> 147.99173400878905
Reward update: 160.31633178710936 -> 110.46667663574219
Reward update: 159.41365814208984 -> 132.07554840087892
Reward update: 157.9821157836914 -> 135.02638946533204
Reward update: 154.26286773681642 -> 165.4154800415039
Reward update: 154.06836639404298 -> 122.68502044677734
Reward update: 152.68239501953124 -> 138.41474151611328
Reward update: 151.9711264038086 -> 127.82539367675781
Reward update: 151.93740142822264 -> 137.44341278076172
Reward update: 150.664609375 -> 158.12427734375
Reward update: 149.17986236572267 -> 155.2313018798828
Reward update: 148.25671478271485 -> 129.6459390258789
Reward update: 148.0911929321289 -> 131.8126889038086
Reward update: 141.20583984375 -> 114.22123596191406
Current policy count: 10
Reward update: 166.60136840820311 -> 158.25924194335937
Reward update: 165.4154800415039 -> 138.37411651611328
Reward update: 161.7269613647461 -> 138.78262603759765
Reward update: 158.12427734375 -> 148.07531555175783
Reward update: 156.65730041503906 -> 115.55269592285157
Reward update: 155.2313018798828 -> 155.3943017578125
Reward update: 147.99173400878905 -> 142.85859069824218
Reward update: 145.04570861816407 -> 139.66867309570313
Reward update: 138.41474151611328 -> 167.44359832763672
Reward update: 137.44341278076172 -> 132.11249145507813
Current policy count: 5
Reward update: 167.44359832763672 -> 171.39997497558593
Reward update: 158.25924194335937 -> 144.12958740234376
Reward update: 155.3943017578125 -> 146.3489562988281
Reward update: 148.07531555175783 -> 144.04923461914063
Reward update: 142.85859069824218 -> 152.4667611694336
Current policy count: 3
Reward update: 171.39997497558593 -> 155.13266143798828
Reward update: 152.4667611694336 -> 149.6655029296875
Reward update: 146.3489562988281 -> 132.4221676635742
Current policy count: 2
Reward update: 155.13266143798828 -> 136.49249755859375
Reward update: 149.6655029296875 -> 124.93768920898438
Current policy count: 1
Reward update: 136.49249755859375 -> 133.54417175292969
Final reward: 126.13746826171875
Number of nodes: 1
