Iteration 0/80
Training student with 1286 points
Train accuracy: 0.8657587548638133
Test accuracy: 0.8837209302325582
Number of nodes: 5
Student reward: 10.7
Iteration 1/80
Training student with 2218 points
Train accuracy: 0.8771138669673055
Test accuracy: 0.8716216216216216
Number of nodes: 5
Student reward: 9.5
Iteration 2/80
Training student with 3057 points
Train accuracy: 0.8777096114519427
Test accuracy: 0.8823529411764706
Number of nodes: 5
Student reward: 10.7
Iteration 3/80
Training student with 4078 points
Train accuracy: 0.8764561618638872
Test accuracy: 0.8774509803921569
Number of nodes: 5
Student reward: 8.4
Iteration 4/80
Training student with 4820 points
Train accuracy: 0.8755186721991701
Test accuracy: 0.8838174273858921
Number of nodes: 5
Student reward: 8.5
Iteration 5/80
Training student with 5601 points
Train accuracy: 0.8763392857142858
Test accuracy: 0.8822479928635147
Number of nodes: 5
Student reward: 10.0
Iteration 6/80
Training student with 6525 points
Train accuracy: 0.8758620689655172
Test accuracy: 0.8804597701149425
Number of nodes: 5
Student reward: 11.1
Iteration 7/80
Training student with 7504 points
Train accuracy: 0.8780609695152424
Test accuracy: 0.8754163890739507
Number of nodes: 5
Student reward: 9.2
Iteration 8/80
Training student with 8320 points
Train accuracy: 0.8768028846153846
Test accuracy: 0.8719951923076923
Number of nodes: 5
Student reward: 10.0
Iteration 9/80
Training student with 9220 points
Train accuracy: 0.8755422993492408
Test accuracy: 0.8774403470715835
Number of nodes: 5
Student reward: 10.0
Iteration 10/80
Training student with 10138 points
Train accuracy: 0.8773119605425401
Test accuracy: 0.8703155818540433
Number of nodes: 5
Student reward: 9.5
Iteration 11/80
Training student with 11046 points
Train accuracy: 0.87324581258488
Test accuracy: 0.8855203619909502
Number of nodes: 5
Student reward: 10.4
Iteration 12/80
Training student with 12002 points
Train accuracy: 0.8782418498073118
Test accuracy: 0.8713036234902124
Number of nodes: 5
Student reward: 8.3
Iteration 13/80
Training student with 12762 points
Train accuracy: 0.8760897247526692
Test accuracy: 0.8777908343125734
Number of nodes: 5
Student reward: 10.0
Iteration 14/80
Training student with 13659 points
Train accuracy: 0.8768188889905738
Test accuracy: 0.8766471449487555
Number of nodes: 5
Student reward: 10.8
Iteration 15/80
Training student with 14678 points
Train accuracy: 0.8775336399250554
Test accuracy: 0.8712534059945504
Number of nodes: 5
Student reward: 9.4
Iteration 16/80
Training student with 15505 points
Train accuracy: 0.8747984521122218
Test accuracy: 0.8803611738148984
Number of nodes: 5
Student reward: 11.1
Iteration 17/80
Training student with 16518 points
Train accuracy: 0.8764189495989102
Test accuracy: 0.8743946731234867
Number of nodes: 5
Student reward: 10.1
Iteration 18/80
Training student with 17460 points
Train accuracy: 0.8755011454753723
Test accuracy: 0.8805841924398625
Number of nodes: 5
Student reward: 9.0
Iteration 19/80
Training student with 18226 points
Train accuracy: 0.8783950617283951
Test accuracy: 0.8716401535929786
Number of nodes: 5
Student reward: 8.8
Iteration 20/80
Training student with 19005 points
Train accuracy: 0.8778610891870561
Test accuracy: 0.8726650881347013
Number of nodes: 5
Student reward: 8.5
Iteration 21/80
Training student with 19778 points
Train accuracy: 0.8778915434205536
Test accuracy: 0.8733569261880687
Number of nodes: 5
Student reward: 10.0
Iteration 22/80
Training student with 20698 points
Train accuracy: 0.8755284454644281
Test accuracy: 0.8775362318840579
Number of nodes: 5
Student reward: 8.7
Iteration 23/80
Training student with 21507 points
Train accuracy: 0.8759081662307469
Test accuracy: 0.8784286378428637
Number of nodes: 5
Student reward: 10.0
Iteration 24/80
Training student with 22437 points
Train accuracy: 0.8776533511616246
Test accuracy: 0.8723262032085561
Number of nodes: 5
Student reward: 11.0
Iteration 25/80
Training student with 23460 points
Train accuracy: 0.8748401534526854
Test accuracy: 0.8846973572037511
Number of nodes: 5
Student reward: 10.4
Iteration 26/80
Training student with 24347 points
Train accuracy: 0.8773938491554141
Test accuracy: 0.8743326488706366
Number of nodes: 5
Student reward: 8.8
Iteration 27/80
Training student with 25135 points
Train accuracy: 0.8755221802267754
Test accuracy: 0.8812412969962204
Number of nodes: 5
Student reward: 9.1
Iteration 28/80
Training student with 25997 points
Train accuracy: 0.8772899937490984
Test accuracy: 0.8773076923076923
Number of nodes: 5
Student reward: 11.1
Iteration 29/80
Training student with 27019 points
Train accuracy: 0.8768910478834143
Test accuracy: 0.8769430051813472
Number of nodes: 5
Student reward: 10.4
Iteration 30/80
Training student with 27962 points
Train accuracy: 0.8784031472126603
Test accuracy: 0.871625245843018
Number of nodes: 5
Student reward: 10.1
Iteration 31/80
Training student with 28897 points
Train accuracy: 0.8773629796253839
Test accuracy: 0.873356401384083
Number of nodes: 5
Student reward: 8.3
Iteration 32/80
Training student with 29654 points
Train accuracy: 0.8772920794165999
Test accuracy: 0.8752318327432136
Number of nodes: 5
Student reward: 9.5
Iteration 33/80
Training student with 30510 points
Train accuracy: 0.8774172402490986
Test accuracy: 0.8785644051130777
Number of nodes: 5
Student reward: 10.1
Iteration 34/80
Training student with 31397 points
Train accuracy: 0.8786877413703866
Test accuracy: 0.8745222929936306
Number of nodes: 5
Student reward: 9.4
Iteration 35/80
Training student with 32305 points
Train accuracy: 0.87772790589692
Test accuracy: 0.8811329515554868
Number of nodes: 5
Student reward: 9.3
Iteration 36/80
Training student with 33131 points
Train accuracy: 0.8777920313914881
Test accuracy: 0.8822996831145314
Number of nodes: 5
Student reward: 9.9
Iteration 37/80
Training student with 34041 points
Train accuracy: 0.8797370740305523
Test accuracy: 0.8763401380525775
Number of nodes: 5
Student reward: 9.5
Iteration 38/80
Training student with 34897 points
Train accuracy: 0.8796790486083749
Test accuracy: 0.8760744985673352
Number of nodes: 5
Student reward: 8.2
Iteration 39/80
Training student with 35655 points
Train accuracy: 0.8795049782639182
Test accuracy: 0.8781377085962698
Number of nodes: 5
Student reward: 9.1
Iteration 40/80
Training student with 36553 points
Train accuracy: 0.8798645783462143
Test accuracy: 0.8771713855833675
Number of nodes: 5
Student reward: 10.1
Iteration 41/80
Training student with 37443 points
Train accuracy: 0.8783134139013153
Test accuracy: 0.8815596207771398
Number of nodes: 5
Student reward: 9.5
Iteration 42/80
Training student with 38286 points
Train accuracy: 0.8794567062818336
Test accuracy: 0.8762078871768085
Number of nodes: 5
Student reward: 9.0
Iteration 43/80
Training student with 39155 points
Train accuracy: 0.8783680245179415
Test accuracy: 0.8800919422806793
Number of nodes: 5
Student reward: 8.5
Iteration 44/80
Training student with 39951 points
Train accuracy: 0.8778473091364205
Test accuracy: 0.8826179451883369
Number of nodes: 5
Student reward: 7.6
Iteration 45/80
Training student with 40691 points
Train accuracy: 0.8789321700663554
Test accuracy: 0.8783634353114633
Number of nodes: 5
Student reward: 9.3
Iteration 46/80
Training student with 41540 points
Train accuracy: 0.8795739046701974
Test accuracy: 0.8761434761675494
Number of nodes: 5
Student reward: 10.6
Iteration 47/80
Training student with 42530 points
Train accuracy: 0.8783505760639548
Test accuracy: 0.8810251587114978
Number of nodes: 5
Student reward: 8.3
Iteration 48/80
Training student with 43282 points
Train accuracy: 0.8791046931407942
Test accuracy: 0.8767471410419314
Number of nodes: 5
Student reward: 9.8
Iteration 49/80
Training student with 44184 points
Train accuracy: 0.8784055223922822
Test accuracy: 0.8791445060540908
Number of nodes: 5
Student reward: 10.0
Iteration 50/80
Training student with 45076 points
Train accuracy: 0.8779256794231836
Test accuracy: 0.8805456965394853
Number of nodes: 5
Student reward: 11.6
Iteration 51/80
Training student with 46124 points
Train accuracy: 0.8785603945906393
Test accuracy: 0.8770731707317073
Number of nodes: 5
Student reward: 8.5
Iteration 52/80
Training student with 46910 points
Train accuracy: 0.878250905990194
Test accuracy: 0.8773182690257941
Number of nodes: 5
Student reward: 8.8
Iteration 53/80
Training student with 47689 points
Train accuracy: 0.8783518125344028
Test accuracy: 0.877647305514783
Number of nodes: 5
Student reward: 9.3
Iteration 54/80
Training student with 48616 points
Train accuracy: 0.8793325105420138
Test accuracy: 0.8771081859317154
Number of nodes: 5
Student reward: 8.6
Iteration 55/80
Training student with 49402 points
Train accuracy: 0.8784949773538119
Test accuracy: 0.8804776844448943
Number of nodes: 5
Student reward: 9.2
Iteration 56/80
Training student with 50255 points
Train accuracy: 0.878420057705701
Test accuracy: 0.8816038205153716
Number of nodes: 5
Student reward: 8.4
Iteration 57/80
Training student with 51020 points
Train accuracy: 0.8792875343002744
Test accuracy: 0.8760290082320659
Number of nodes: 5
Student reward: 9.0
Iteration 58/80
Training student with 51873 points
Train accuracy: 0.8795122656513567
Test accuracy: 0.8769156626506024
Number of nodes: 5
Student reward: 8.0
Iteration 59/80
Training student with 52599 points
Train accuracy: 0.8779913971339623
Test accuracy: 0.8821292775665399
Number of nodes: 5
Student reward: 8.4
Iteration 60/80
Training student with 53349 points
Train accuracy: 0.880034677476042
Test accuracy: 0.8742268041237113
Number of nodes: 5
Student reward: 7.9
Iteration 61/80
Training student with 54095 points
Train accuracy: 0.8785238931509382
Test accuracy: 0.8807653202698955
Number of nodes: 5
Student reward: 9.5
Iteration 62/80
Training student with 54952 points
Train accuracy: 0.8798935420031392
Test accuracy: 0.8753525611864252
Number of nodes: 5
Student reward: 9.0
Iteration 63/80
Training student with 55783 points
Train accuracy: 0.8799578720925021
Test accuracy: 0.8757730572734606
Number of nodes: 5
Student reward: 9.4
Iteration 64/80
Training student with 56642 points
Train accuracy: 0.8799240835963189
Test accuracy: 0.8760702621590608
Number of nodes: 5
Student reward: 9.6
Iteration 65/80
Training student with 57515 points
Train accuracy: 0.8799008954185864
Test accuracy: 0.8768147439798314
Number of nodes: 5
Student reward: 9.1
Iteration 66/80
Training student with 58339 points
Train accuracy: 0.8796468899316492
Test accuracy: 0.8770140555365101
Number of nodes: 5
Student reward: 9.1
Iteration 67/80
Training student with 59192 points
Train accuracy: 0.8786771693451313
Test accuracy: 0.880564236844328
Number of nodes: 5
Student reward: 9.8
Iteration 68/80
Training student with 60108 points
Train accuracy: 0.8800482468909869
Test accuracy: 0.8761437364831143
Number of nodes: 5
Student reward: 10.0
Iteration 69/80
Training student with 61044 points
Train accuracy: 0.8783044947271424
Test accuracy: 0.8825456630354657
Number of nodes: 5
Student reward: 9.8
Iteration 70/80
Training student with 61959 points
Train accuracy: 0.8781043839651381
Test accuracy: 0.8825048418334409
Number of nodes: 5
Student reward: 9.6
Iteration 71/80
Training student with 62814 points
Train accuracy: 0.8785894808063521
Test accuracy: 0.881318156491284
Number of nodes: 5
Student reward: 9.8
Iteration 72/80
Training student with 63670 points
Train accuracy: 0.8793780430343962
Test accuracy: 0.8789068635149992
Number of nodes: 5
Student reward: 10.4
Iteration 73/80
Training student with 64635 points
Train accuracy: 0.8793030092055388
Test accuracy: 0.8791676336350275
Number of nodes: 5
Student reward: 8.7
Iteration 74/80
Training student with 65424 points
Train accuracy: 0.8798219301094786
Test accuracy: 0.8784103935804356
Number of nodes: 5
Student reward: 9.7
Iteration 75/80
Training student with 66321 points
Train accuracy: 0.8791842581423401
Test accuracy: 0.8810403316999623
Number of nodes: 5
Student reward: 7.6
Iteration 76/80
Training student with 67050 points
Train accuracy: 0.8794929157345265
Test accuracy: 0.8798657718120806
Number of nodes: 5
Student reward: 10.5
Iteration 77/80
Training student with 68028 points
Train accuracy: 0.8787438903384661
Test accuracy: 0.8817433485227105
Number of nodes: 5
Student reward: 9.6
Iteration 78/80
Training student with 68939 points
Train accuracy: 0.879784591394535
Test accuracy: 0.87735712213519
Number of nodes: 5
Student reward: 8.4
Iteration 79/80
Training student with 69721 points
Train accuracy: 0.8797690763052208
Test accuracy: 0.8771602724991037
Number of nodes: 5
Student reward: 8.1
Initial policy count: 80
Current policy count: 40
Reward update: 11.6 -> 9.34
Reward update: 11.1 -> 9.46
Reward update: 11.1 -> 9.6
Reward update: 11.1 -> 9.76
Reward update: 11.0 -> 9.94
Reward update: 10.8 -> 9.38
Reward update: 10.7 -> 9.24
Reward update: 10.7 -> 9.92
Reward update: 10.6 -> 10.0
Reward update: 10.5 -> 9.32
Reward update: 10.4 -> 9.44
Reward update: 10.4 -> 9.8
Reward update: 10.4 -> 10.46
Reward update: 10.4 -> 9.1
Reward update: 10.1 -> 9.56
Reward update: 10.1 -> 9.78
Reward update: 10.1 -> 9.2
Reward update: 10.1 -> 9.32
Reward update: 10.0 -> 9.6
Reward update: 10.0 -> 9.76
Reward update: 10.0 -> 9.72
Reward update: 10.0 -> 9.56
Reward update: 10.0 -> 9.8
Reward update: 10.0 -> 9.54
Reward update: 10.0 -> 9.68
Reward update: 10.0 -> 9.28
Reward update: 9.9 -> 9.9
Reward update: 9.8 -> 9.44
Reward update: 9.8 -> 9.8
Reward update: 9.8 -> 9.44
Reward update: 9.8 -> 9.34
Reward update: 9.7 -> 9.82
Reward update: 9.6 -> 9.28
Reward update: 9.6 -> 9.48
Reward update: 9.6 -> 9.48
Reward update: 9.5 -> 9.58
Reward update: 9.5 -> 8.8
Reward update: 9.5 -> 9.12
Reward update: 9.5 -> 10.06
Reward update: 9.5 -> 9.76
Current policy count: 20
Reward update: 10.46 -> 10.16
Reward update: 10.06 -> 9.62
Reward update: 10.0 -> 9.64
Reward update: 9.94 -> 9.46
Reward update: 9.92 -> 9.96
Reward update: 9.9 -> 9.8
Reward update: 9.82 -> 10.04
Reward update: 9.8 -> 9.66
Reward update: 9.8 -> 9.6
Reward update: 9.8 -> 9.24
Reward update: 9.78 -> 9.96
Reward update: 9.76 -> 10.18
Reward update: 9.76 -> 9.52
Reward update: 9.76 -> 9.4
Reward update: 9.72 -> 9.8
Reward update: 9.68 -> 9.48
Reward update: 9.6 -> 9.92
Reward update: 9.6 -> 8.98
Reward update: 9.58 -> 9.74
Reward update: 9.56 -> 9.76
Current policy count: 10
Reward update: 10.18 -> 9.28
Reward update: 10.16 -> 9.84
Reward update: 10.04 -> 10.24
Reward update: 9.96 -> 9.2
Reward update: 9.96 -> 9.06
Reward update: 9.92 -> 9.12
Reward update: 9.8 -> 9.38
Reward update: 9.8 -> 9.56
Reward update: 9.76 -> 9.32
Reward update: 9.74 -> 9.64
Current policy count: 5
Reward update: 10.24 -> 9.28
Reward update: 9.84 -> 9.0
Reward update: 9.64 -> 9.48
Reward update: 9.56 -> 9.34
Reward update: 9.38 -> 9.1
Current policy count: 3
Reward update: 9.48 -> 9.74
Reward update: 9.34 -> 9.68
Reward update: 9.28 -> 9.74
Current policy count: 2
Reward update: 9.74 -> 9.32
Reward update: 9.74 -> 9.96
Current policy count: 1
Reward update: 9.96 -> 9.18
Final reward: 10.1
Number of nodes: 5
