Iteration 0/80
Training student with 106 points
Train accuracy: 1.0
Test accuracy: 1.0
Number of nodes: 1
Student reward: 127.11177520751953
Iteration 1/80
Training student with 203 points
Train accuracy: 1.0
Test accuracy: 1.0
Number of nodes: 1
Student reward: 98.92630920410156
Iteration 2/80
Training student with 303 points
Train accuracy: 0.9917355371900827
Test accuracy: 1.0
Number of nodes: 1
Student reward: 119.10415802001953
Iteration 3/80
Training student with 405 points
Train accuracy: 1.0
Test accuracy: 1.0
Number of nodes: 1
Student reward: 116.41201171875
Iteration 4/80
Training student with 511 points
Train accuracy: 0.9926470588235294
Test accuracy: 1.0
Number of nodes: 1
Student reward: 123.40697479248047
Iteration 5/80
Training student with 601 points
Train accuracy: 0.9895833333333334
Test accuracy: 0.9752066115702479
Number of nodes: 1
Student reward: 130.6179626464844
Iteration 6/80
Training student with 701 points
Train accuracy: 0.9910714285714286
Test accuracy: 0.9929078014184397
Number of nodes: 1
Student reward: 163.44056396484376
Iteration 7/80
Training student with 815 points
Train accuracy: 0.9923312883435583
Test accuracy: 0.9877300613496932
Number of nodes: 1
Student reward: 128.25051879882812
Iteration 8/80
Training student with 922 points
Train accuracy: 0.9905020352781547
Test accuracy: 0.9891891891891892
Number of nodes: 1
Student reward: 71.18804779052735
Iteration 9/80
Training student with 1008 points
Train accuracy: 0.9838709677419355
Test accuracy: 0.9851485148514851
Number of nodes: 1
Student reward: 90.28807373046875
Iteration 10/80
Training student with 1107 points
Train accuracy: 0.992090395480226
Test accuracy: 0.9954954954954955
Number of nodes: 1
Student reward: 142.9775390625
Iteration 11/80
Training student with 1207 points
Train accuracy: 0.9896373056994818
Test accuracy: 0.9958677685950413
Number of nodes: 1
Student reward: 72.28420562744141
Iteration 12/80
Training student with 1299 points
Train accuracy: 0.9865255052935515
Test accuracy: 0.9923076923076923
Number of nodes: 1
Student reward: 174.31151580810547
Iteration 13/80
Training student with 1423 points
Train accuracy: 0.9859402460456942
Test accuracy: 0.9754385964912281
Number of nodes: 1
Student reward: 157.5958053588867
Iteration 14/80
Training student with 1524 points
Train accuracy: 0.9893355209187858
Test accuracy: 0.9868852459016394
Number of nodes: 1
Student reward: 111.47408447265624
Iteration 15/80
Training student with 1619 points
Train accuracy: 0.993050193050193
Test accuracy: 0.9907407407407407
Number of nodes: 1
Student reward: 104.007861328125
Iteration 16/80
Training student with 1718 points
Train accuracy: 0.9898107714701602
Test accuracy: 0.9883720930232558
Number of nodes: 1
Student reward: 119.07925872802734
Iteration 17/80
Training student with 1820 points
Train accuracy: 0.9931318681318682
Test accuracy: 0.989010989010989
Number of nodes: 1
Student reward: 160.79022674560548
Iteration 18/80
Training student with 1933 points
Train accuracy: 0.9857697283311773
Test accuracy: 1.0
Number of nodes: 1
Student reward: 114.28150177001953
Iteration 19/80
Training student with 2024 points
Train accuracy: 0.9827053736874614
Test accuracy: 0.9901234567901235
Number of nodes: 1
Student reward: 168.4743453979492
Iteration 20/80
Training student with 2137 points
Train accuracy: 0.9882972498537156
Test accuracy: 0.9976635514018691
Number of nodes: 1
Student reward: 132.7342514038086
Iteration 21/80
Training student with 2235 points
Train accuracy: 0.9888143176733781
Test accuracy: 0.9888143176733781
Number of nodes: 1
Student reward: 168.4205810546875
Iteration 22/80
Training student with 2348 points
Train accuracy: 0.9893503727369543
Test accuracy: 0.9808510638297873
Number of nodes: 1
Student reward: 180.39879608154297
Iteration 23/80
Training student with 2463 points
Train accuracy: 0.9893401015228427
Test accuracy: 0.9898580121703854
Number of nodes: 1
Student reward: 122.30806732177734
Iteration 24/80
Training student with 2563 points
Train accuracy: 0.9931707317073171
Test accuracy: 0.98635477582846
Number of nodes: 1
Student reward: 138.7830047607422
Iteration 25/80
Training student with 2665 points
Train accuracy: 0.9878048780487805
Test accuracy: 0.9962476547842402
Number of nodes: 1
Student reward: 82.46012268066406
Iteration 26/80
Training student with 2757 points
Train accuracy: 0.9913832199546485
Test accuracy: 0.9909420289855072
Number of nodes: 1
Student reward: 162.63881225585936
Iteration 27/80
Training student with 2877 points
Train accuracy: 0.9887005649717514
Test accuracy: 0.9878472222222222
Number of nodes: 1
Student reward: 118.81160736083984
Iteration 28/80
Training student with 2975 points
Train accuracy: 0.9869747899159664
Test accuracy: 0.9865546218487395
Number of nodes: 1
Student reward: 124.84210662841797
Iteration 29/80
Training student with 3081 points
Train accuracy: 0.9886363636363636
Test accuracy: 0.9854132901134521
Number of nodes: 1
Student reward: 145.1306411743164
Iteration 30/80
Training student with 3191 points
Train accuracy: 0.9905956112852664
Test accuracy: 0.9906103286384976
Number of nodes: 1
Student reward: 67.35115203857421
Iteration 31/80
Training student with 3281 points
Train accuracy: 0.989329268292683
Test accuracy: 0.984779299847793
Number of nodes: 1
Student reward: 127.38268432617187
Iteration 32/80
Training student with 3377 points
Train accuracy: 0.9907441688263606
Test accuracy: 0.9837278106508875
Number of nodes: 1
Student reward: 192.06338195800782
Iteration 33/80
Training student with 3491 points
Train accuracy: 0.9888968481375359
Test accuracy: 0.9899856938483548
Number of nodes: 1
Student reward: 193.34061279296876
Iteration 34/80
Training student with 3613 points
Train accuracy: 0.9903114186851211
Test accuracy: 0.9930843706777317
Number of nodes: 1
Student reward: 97.29735107421875
Iteration 35/80
Training student with 3712 points
Train accuracy: 0.987537891545975
Test accuracy: 0.9878869448183042
Number of nodes: 1
Student reward: 157.3112319946289
Iteration 36/80
Training student with 3827 points
Train accuracy: 0.9872590656648155
Test accuracy: 0.9947780678851175
Number of nodes: 1
Student reward: 139.89827423095704
Iteration 37/80
Training student with 3934 points
Train accuracy: 0.9876072449952336
Test accuracy: 0.9911054637865311
Number of nodes: 1
Student reward: 176.6491912841797
Iteration 38/80
Training student with 4048 points
Train accuracy: 0.9925880172946263
Test accuracy: 0.9925925925925926
Number of nodes: 1
Student reward: 183.57513885498048
Iteration 39/80
Training student with 4154 points
Train accuracy: 0.9921757448089076
Test accuracy: 0.9927797833935018
Number of nodes: 1
Student reward: 52.628395080566406
Iteration 40/80
Training student with 4235 points
Train accuracy: 0.9899645808736718
Test accuracy: 0.9964580873671782
Number of nodes: 1
Student reward: 87.22193298339843
Iteration 41/80
Training student with 4323 points
Train accuracy: 0.9858299595141701
Test accuracy: 0.9872832369942196
Number of nodes: 1
Student reward: 136.39379119873047
Iteration 42/80
Training student with 4432 points
Train accuracy: 0.9839210155148096
Test accuracy: 0.9864712514092446
Number of nodes: 1
Student reward: 139.07906494140624
Iteration 43/80
Training student with 4539 points
Train accuracy: 0.9881575323602313
Test accuracy: 0.9845814977973568
Number of nodes: 1
Student reward: 114.28120422363281
Iteration 44/80
Training student with 4641 points
Train accuracy: 0.9876077586206896
Test accuracy: 0.9892357373519914
Number of nodes: 1
Student reward: 86.56710052490234
Iteration 45/80
Training student with 4728 points
Train accuracy: 0.9875727128503438
Test accuracy: 0.9873150105708245
Number of nodes: 1
Student reward: 130.83618774414063
Iteration 46/80
Training student with 4835 points
Train accuracy: 0.9875904860392968
Test accuracy: 0.9917269906928645
Number of nodes: 1
Student reward: 145.50650939941406
Iteration 47/80
Training student with 4942 points
Train accuracy: 0.9878573235517328
Test accuracy: 0.9868554095045501
Number of nodes: 1
Student reward: 170.38332977294922
Iteration 48/80
Training student with 5052 points
Train accuracy: 0.9883692155407078
Test accuracy: 0.9891196834817013
Number of nodes: 1
Student reward: 106.16813354492187
Iteration 49/80
Training student with 5154 points
Train accuracy: 0.9888430754305118
Test accuracy: 0.991270611057226
Number of nodes: 1
Student reward: 126.4542724609375
Iteration 50/80
Training student with 5251 points
Train accuracy: 0.9897619047619047
Test accuracy: 0.9923882017126546
Number of nodes: 1
Student reward: 119.92734222412109
Iteration 51/80
Training student with 5355 points
Train accuracy: 0.988795518207283
Test accuracy: 0.9859943977591037
Number of nodes: 1
Student reward: 88.75211029052734
Iteration 52/80
Training student with 5443 points
Train accuracy: 0.9871382636655949
Test accuracy: 0.9853076216712581
Number of nodes: 1
Student reward: 195.06996307373046
Iteration 53/80
Training student with 5562 points
Train accuracy: 0.987862440997977
Test accuracy: 0.9811320754716981
Number of nodes: 1
Student reward: 113.99616088867188
Iteration 54/80
Training student with 5658 points
Train accuracy: 0.9889527176314626
Test accuracy: 0.9832155477031802
Number of nodes: 1
Student reward: 217.3087646484375
Iteration 55/80
Training student with 5786 points
Train accuracy: 0.9878997407087294
Test accuracy: 0.9913644214162349
Number of nodes: 1
Student reward: 146.61942443847656
Iteration 56/80
Training student with 5897 points
Train accuracy: 0.989188043247827
Test accuracy: 0.9872881355932204
Number of nodes: 1
Student reward: 89.83326568603516
Iteration 57/80
Training student with 5995 points
Train accuracy: 0.987489574645538
Test accuracy: 0.9849874895746455
Number of nodes: 1
Student reward: 154.575341796875
Iteration 58/80
Training student with 6106 points
Train accuracy: 0.9866912366912367
Test accuracy: 0.983633387888707
Number of nodes: 1
Student reward: 182.97906646728515
Iteration 59/80
Training student with 6224 points
Train accuracy: 0.987547700341434
Test accuracy: 0.9879518072289156
Number of nodes: 1
Student reward: 100.9135955810547
Iteration 60/80
Training student with 6324 points
Train accuracy: 0.9853726032812808
Test accuracy: 0.9905138339920949
Number of nodes: 1
Student reward: 113.36019287109374
Iteration 61/80
Training student with 6422 points
Train accuracy: 0.9889040295892544
Test accuracy: 0.9883268482490273
Number of nodes: 1
Student reward: 166.3806900024414
Iteration 62/80
Training student with 6533 points
Train accuracy: 0.9864140834290088
Test accuracy: 0.9869931140015302
Number of nodes: 1
Student reward: 148.40081024169922
Iteration 63/80
Training student with 6642 points
Train accuracy: 0.987012987012987
Test accuracy: 0.9864559819413092
Number of nodes: 1
Student reward: 148.7897521972656
Iteration 64/80
Training student with 6760 points
Train accuracy: 0.9874260355029586
Test accuracy: 0.9859467455621301
Number of nodes: 1
Student reward: 188.70291442871093
Iteration 65/80
Training student with 6878 points
Train accuracy: 0.9867320974191203
Test accuracy: 0.9847383720930233
Number of nodes: 1
Student reward: 88.98532562255859
Iteration 66/80
Training student with 6974 points
Train accuracy: 0.9854812690446316
Test accuracy: 0.9899641577060931
Number of nodes: 1
Student reward: 102.85713500976563
Iteration 67/80
Training student with 7078 points
Train accuracy: 0.9878134934652066
Test accuracy: 0.9915254237288136
Number of nodes: 1
Student reward: 155.8505844116211
Iteration 68/80
Training student with 7188 points
Train accuracy: 0.9874782608695652
Test accuracy: 0.9874826147426982
Number of nodes: 1
Student reward: 190.37874755859374
Iteration 69/80
Training student with 7309 points
Train accuracy: 0.9863177697964768
Test accuracy: 0.9856361149110807
Number of nodes: 1
Student reward: 66.4469223022461
Iteration 70/80
Training student with 7392 points
Train accuracy: 0.9851175376289532
Test accuracy: 0.982420554428668
Number of nodes: 1
Student reward: 172.78334197998046
Iteration 71/80
Training student with 7508 points
Train accuracy: 0.9881784881784882
Test accuracy: 0.9900133155792277
Number of nodes: 1
Student reward: 101.16019897460937
Iteration 72/80
Training student with 7602 points
Train accuracy: 0.9875020555829633
Test accuracy: 0.9868507560815253
Number of nodes: 1
Student reward: 153.3141647338867
Iteration 73/80
Training student with 7720 points
Train accuracy: 0.9867227979274611
Test accuracy: 0.9825129533678757
Number of nodes: 1
Student reward: 95.29629821777344
Iteration 74/80
Training student with 7814 points
Train accuracy: 0.9888017917133258
Test accuracy: 0.9891234804862444
Number of nodes: 1
Student reward: 183.3061096191406
Iteration 75/80
Training student with 7926 points
Train accuracy: 0.9892744479495268
Test accuracy: 0.9905422446406053
Number of nodes: 1
Student reward: 101.46003875732421
Iteration 76/80
Training student with 8023 points
Train accuracy: 0.9889373636646931
Test accuracy: 0.9875389408099688
Number of nodes: 1
Student reward: 154.3249755859375
Iteration 77/80
Training student with 8132 points
Train accuracy: 0.9872405841660261
Test accuracy: 0.984019668100799
Number of nodes: 1
Student reward: 265.5951721191406
Iteration 78/80
Training student with 8271 points
Train accuracy: 0.9877569528415961
Test accuracy: 0.9909365558912386
Number of nodes: 1
Student reward: 116.14710998535156
Iteration 79/80
Training student with 8365 points
Train accuracy: 0.9871488344291691
Test accuracy: 0.9898386132695756
Number of nodes: 1
Student reward: 167.55925750732422
Initial policy count: 80
Current policy count: 40
Reward update: 265.5951721191406 -> 133.11531982421874
Reward update: 217.3087646484375 -> 117.35104919433594
Reward update: 195.06996307373046 -> 155.37981353759767
Reward update: 193.34061279296876 -> 141.98132049560547
Reward update: 192.06338195800782 -> 110.44101470947265
Reward update: 190.37874755859374 -> 157.78088897705078
Reward update: 188.70291442871093 -> 145.52071350097657
Reward update: 183.57513885498048 -> 142.68443115234376
Reward update: 183.3061096191406 -> 132.48524810791017
Reward update: 182.97906646728515 -> 167.2184930419922
Reward update: 180.39879608154297 -> 150.2727145385742
Reward update: 176.6491912841797 -> 170.45208892822265
Reward update: 174.31151580810547 -> 138.0247998046875
Reward update: 172.78334197998046 -> 127.3828192138672
Reward update: 170.38332977294922 -> 173.45635070800782
Reward update: 168.4743453979492 -> 161.90126831054687
Reward update: 168.4205810546875 -> 122.61185150146484
Reward update: 167.55925750732422 -> 179.0643145751953
Reward update: 166.3806900024414 -> 113.13192413330079
Reward update: 163.44056396484376 -> 115.49519287109375
Reward update: 162.63881225585936 -> 155.95829284667968
Reward update: 160.79022674560548 -> 162.46163665771485
Reward update: 157.5958053588867 -> 132.94607452392577
Reward update: 157.3112319946289 -> 158.337529296875
Reward update: 155.8505844116211 -> 112.4943490600586
Reward update: 154.575341796875 -> 132.99317718505858
Reward update: 154.3249755859375 -> 129.8297933959961
Reward update: 153.3141647338867 -> 131.72246520996094
Reward update: 148.7897521972656 -> 123.69365081787109
Reward update: 148.40081024169922 -> 154.44394165039063
Reward update: 146.61942443847656 -> 130.0302505493164
Reward update: 145.50650939941406 -> 134.27471008300782
Reward update: 145.1306411743164 -> 130.37714721679689
Reward update: 142.9775390625 -> 140.85020599365234
Reward update: 139.89827423095704 -> 174.47283721923827
Reward update: 139.07906494140624 -> 161.33359283447265
Reward update: 138.7830047607422 -> 163.39794006347657
Reward update: 136.39379119873047 -> 121.32478790283203
Reward update: 132.7342514038086 -> 146.65589691162108
Reward update: 130.83618774414063 -> 138.1869595336914
Current policy count: 20
Reward update: 179.0643145751953 -> 140.72374114990234
Reward update: 174.47283721923827 -> 147.05570373535156
Reward update: 173.45635070800782 -> 150.08155609130858
Reward update: 170.45208892822265 -> 137.6215914916992
Reward update: 167.2184930419922 -> 149.4488961791992
Reward update: 163.39794006347657 -> 141.1154327392578
Reward update: 162.46163665771485 -> 153.61301055908203
Reward update: 161.90126831054687 -> 130.13851654052735
Reward update: 161.33359283447265 -> 129.58480072021484
Reward update: 158.337529296875 -> 133.14566467285155
Reward update: 157.78088897705078 -> 195.38223052978515
Reward update: 155.95829284667968 -> 143.65094940185546
Reward update: 155.37981353759767 -> 143.32462799072266
Reward update: 154.44394165039063 -> 134.81333190917968
Reward update: 150.2727145385742 -> 161.00333251953126
Reward update: 146.65589691162108 -> 173.15073028564453
Reward update: 145.52071350097657 -> 135.71790130615236
Reward update: 142.68443115234376 -> 163.1790692138672
Reward update: 141.98132049560547 -> 141.59212188720704
Reward update: 140.85020599365234 -> 115.30964752197265
Current policy count: 10
Reward update: 195.38223052978515 -> 167.18143646240233
Reward update: 173.15073028564453 -> 136.69218627929686
Reward update: 163.1790692138672 -> 134.0167364501953
Reward update: 161.00333251953126 -> 164.11263549804687
Reward update: 153.61301055908203 -> 114.90553619384765
Reward update: 150.08155609130858 -> 136.51616516113282
Reward update: 149.4488961791992 -> 136.80107574462892
Reward update: 147.05570373535156 -> 151.23331146240236
Reward update: 143.65094940185546 -> 166.0937356567383
Reward update: 143.32462799072266 -> 168.19601776123048
Current policy count: 5
Reward update: 168.19601776123048 -> 152.33037414550782
Reward update: 167.18143646240233 -> 174.0273001098633
Reward update: 166.0937356567383 -> 143.4542608642578
Reward update: 164.11263549804687 -> 130.42949005126954
Reward update: 151.23331146240236 -> 123.52365966796874
Current policy count: 3
Reward update: 174.0273001098633 -> 137.02625213623048
Reward update: 152.33037414550782 -> 127.93620513916015
Reward update: 143.4542608642578 -> 113.85862701416016
Current policy count: 2
Reward update: 137.02625213623048 -> 113.96514099121094
Reward update: 127.93620513916015 -> 116.80607360839844
Current policy count: 1
Reward update: 116.80607360839844 -> 145.18861938476562
Final reward: 122.7152783203125
Number of nodes: 1
