Iteration 0/80
Training student with 401 points
Train accuracy: 0.5
Test accuracy: 0.41975308641975306
Number of nodes: 23
Student reward: 0.08181818181818183
Iteration 1/80
Training student with 1401 points
Train accuracy: 0.5098214285714285
Test accuracy: 0.5622775800711743
Number of nodes: 23
Student reward: 0.1090909090909091
Iteration 2/80
Training student with 2401 points
Train accuracy: 0.5734375
Test accuracy: 0.5654885654885655
Number of nodes: 21
Student reward: 0.08181818181818183
Iteration 3/80
Training student with 3401 points
Train accuracy: 0.5268382352941177
Test accuracy: 0.5359765051395007
Number of nodes: 23
Student reward: 0.07272727272727272
Iteration 4/80
Training student with 4401 points
Train accuracy: 0.5184659090909091
Test accuracy: 0.4948921679909194
Number of nodes: 23
Student reward: 0.13636363636363638
Iteration 5/80
Training student with 5401 points
Train accuracy: 0.5053240740740741
Test accuracy: 0.5069380203515264
Number of nodes: 23
Student reward: 0.07272727272727274
Iteration 6/80
Training student with 6401 points
Train accuracy: 0.4900390625
Test accuracy: 0.5120999219359875
Number of nodes: 23
Student reward: 0.13636363636363638
Iteration 7/80
Training student with 7401 points
Train accuracy: 0.48986486486486486
Test accuracy: 0.48210668467251855
Number of nodes: 23
Student reward: 0.1090909090909091
Iteration 8/80
Training student with 8401 points
Train accuracy: 0.4799107142857143
Test accuracy: 0.453896490184414
Number of nodes: 23
Student reward: 0.08181818181818182
Iteration 9/80
Training student with 9401 points
Train accuracy: 0.4664893617021277
Test accuracy: 0.49016480595427964
Number of nodes: 23
Student reward: 0.09090909090909093
Iteration 10/80
Training student with 10401 points
Train accuracy: 0.4675480769230769
Test accuracy: 0.478135511773186
Number of nodes: 23
Student reward: 0.09090909090909093
Iteration 11/80
Training student with 11401 points
Train accuracy: 0.46271929824561403
Test accuracy: 0.4458570802279702
Number of nodes: 23
Student reward: 0.10909090909090909
Iteration 12/80
Training student with 12401 points
Train accuracy: 0.4597782258064516
Test accuracy: 0.456670697299476
Number of nodes: 23
Student reward: 0.14545454545454548
Iteration 13/80
Training student with 13401 points
Train accuracy: 0.45988805970149255
Test accuracy: 0.45803804550540844
Number of nodes: 23
Student reward: 0.10909090909090909
Iteration 14/80
Training student with 14401 points
Train accuracy: 0.4666666666666667
Test accuracy: 0.45296771954182574
Number of nodes: 23
Student reward: 0.09090909090909091
Iteration 15/80
Training student with 15401 points
Train accuracy: 0.4702922077922078
Test accuracy: 0.4631613112625771
Number of nodes: 23
Student reward: 0.09090909090909093
Iteration 16/80
Training student with 16401 points
Train accuracy: 0.46989329268292684
Test accuracy: 0.4678451691557452
Number of nodes: 23
Student reward: 0.1
Iteration 17/80
Training student with 17401 points
Train accuracy: 0.46329022988505747
Test accuracy: 0.4671071531169204
Number of nodes: 23
Student reward: 0.09090909090909091
Iteration 18/80
Training student with 18401 points
Train accuracy: 0.46542119565217394
Test accuracy: 0.4591143710948112
Number of nodes: 23
Student reward: 0.12727272727272726
Iteration 19/80
Training student with 19401 points
Train accuracy: 0.4609536082474227
Test accuracy: 0.46199433135789747
Number of nodes: 23
Student reward: 0.09090909090909091
Iteration 20/80
Training student with 20401 points
Train accuracy: 0.4556372549019608
Test accuracy: 0.45479049252634157
Number of nodes: 23
Student reward: 0.08181818181818182
Iteration 21/80
Training student with 21401 points
Train accuracy: 0.4537967289719626
Test accuracy: 0.4606400373744452
Number of nodes: 23
Student reward: 0.1
Iteration 22/80
Training student with 22401 points
Train accuracy: 0.45167410714285716
Test accuracy: 0.4492300825708547
Number of nodes: 23
Student reward: 0.1181818181818182
Iteration 23/80
Training student with 23401 points
Train accuracy: 0.4516559829059829
Test accuracy: 0.4597308267464217
Number of nodes: 23
Student reward: 0.08181818181818182
Iteration 24/80
Training student with 24401 points
Train accuracy: 0.45886270491803277
Test accuracy: 0.44970292972751486
Number of nodes: 23
Student reward: 0.09090909090909093
Iteration 25/80
Training student with 25401 points
Train accuracy: 0.45900590551181103
Test accuracy: 0.4512891163156859
Number of nodes: 21
Student reward: 0.1
Iteration 26/80
Training student with 26401 points
Train accuracy: 0.4556344696969697
Test accuracy: 0.46657829956447644
Number of nodes: 23
Student reward: 0.14545454545454545
Iteration 27/80
Training student with 27401 points
Train accuracy: 0.4562043795620438
Test accuracy: 0.4561211457763182
Number of nodes: 23
Student reward: 0.07272727272727274
Iteration 28/80
Training student with 28401 points
Train accuracy: 0.45550176056338026
Test accuracy: 0.4597782080619609
Number of nodes: 23
Student reward: 0.10000000000000002
Iteration 29/80
Training student with 29401 points
Train accuracy: 0.4593962585034014
Test accuracy: 0.4414215269511988
Number of nodes: 23
Student reward: 0.09090909090909093
Iteration 30/80
Training student with 30401 points
Train accuracy: 0.45625
Test accuracy: 0.44778819273145865
Number of nodes: 23
Student reward: 0.09090909090909091
Iteration 31/80
Training student with 31401 points
Train accuracy: 0.45378184713375797
Test accuracy: 0.45757045056519663
Number of nodes: 23
Student reward: 0.11818181818181817
Iteration 32/80
Training student with 32401 points
Train accuracy: 0.4515046296296296
Test accuracy: 0.4607313686159543
Number of nodes: 23
Student reward: 0.07272727272727274
Iteration 33/80
Training student with 33401 points
Train accuracy: 0.4562125748502994
Test accuracy: 0.45277653045951205
Number of nodes: 23
Student reward: 0.08181818181818183
Iteration 34/80
Training student with 34401 points
Train accuracy: 0.45803052325581395
Test accuracy: 0.44906263624473186
Number of nodes: 23
Student reward: 0.045454545454545456
Iteration 35/80
Training student with 35401 points
Train accuracy: 0.45526129943502824
Test accuracy: 0.45459680836040106
Number of nodes: 23
Student reward: 0.1181818181818182
Iteration 36/80
Training student with 36401 points
Train accuracy: 0.45511675824175823
Test accuracy: 0.45598132124708146
Number of nodes: 23
Student reward: 0.08181818181818183
Iteration 37/80
Training student with 37401 points
Train accuracy: 0.45287433155080214
Test accuracy: 0.45542039834246756
Number of nodes: 23
Student reward: 0.07272727272727274
Iteration 38/80
Training student with 38401 points
Train accuracy: 0.45458984375
Test accuracy: 0.4498112224970707
Number of nodes: 23
Student reward: 0.07272727272727272
Iteration 39/80
Training student with 39401 points
Train accuracy: 0.4528236040609137
Test accuracy: 0.45032356299961934
Number of nodes: 23
Student reward: 0.07272727272727274
Iteration 40/80
Training student with 40401 points
Train accuracy: 0.453960396039604
Test accuracy: 0.4381883430268531
Number of nodes: 23
Student reward: 0.05454545454545455
Iteration 41/80
Training student with 41401 points
Train accuracy: 0.45081521739130437
Test accuracy: 0.45598357686269775
Number of nodes: 23
Student reward: 0.10000000000000002
Iteration 42/80
Training student with 42401 points
Train accuracy: 0.45386202830188677
Test accuracy: 0.45430963329796015
Number of nodes: 23
Student reward: 0.1090909090909091
Iteration 43/80
Training student with 43401 points
Train accuracy: 0.4517857142857143
Test accuracy: 0.46112199055408365
Number of nodes: 23
Student reward: 0.14545454545454545
Iteration 44/80
Training student with 44401 points
Train accuracy: 0.45230855855855856
Test accuracy: 0.45929512442292536
Number of nodes: 23
Student reward: 0.1
Iteration 45/80
Training student with 45401 points
Train accuracy: 0.4556718061674009
Test accuracy: 0.4448849245677789
Number of nodes: 23
Student reward: 0.10909090909090909
Iteration 46/80
Training student with 46401 points
Train accuracy: 0.45317887931034484
Test accuracy: 0.454800129296412
Number of nodes: 23
Student reward: 0.1181818181818182
Iteration 47/80
Training student with 47401 points
Train accuracy: 0.4504746835443038
Test accuracy: 0.4559645607003481
Number of nodes: 23
Student reward: 0.08181818181818183
Iteration 48/80
Training student with 48401 points
Train accuracy: 0.453099173553719
Test accuracy: 0.4506765829976242
Number of nodes: 23
Student reward: 0.09090909090909093
Iteration 49/80
Training student with 49401 points
Train accuracy: 0.45354251012145747
Test accuracy: 0.4455014674628074
Number of nodes: 23
Student reward: 0.1181818181818182
Iteration 50/80
Training student with 50401 points
Train accuracy: 0.4565972222222222
Test accuracy: 0.44975696855470687
Number of nodes: 23
Student reward: 0.07272727272727274
Iteration 51/80
Training student with 51401 points
Train accuracy: 0.4536964980544747
Test accuracy: 0.46386538274486916
Number of nodes: 23
Student reward: 0.09090909090909093
Iteration 52/80
Training student with 52401 points
Train accuracy: 0.45672709923664123
Test accuracy: 0.45072035111153513
Number of nodes: 23
Student reward: 0.05454545454545455
Iteration 53/80
Training student with 53401 points
Train accuracy: 0.45482209737827717
Test accuracy: 0.45829042224510813
Number of nodes: 23
Student reward: 0.08181818181818183
Iteration 54/80
Training student with 54401 points
Train accuracy: 0.45615808823529413
Test accuracy: 0.4510614833195478
Number of nodes: 23
Student reward: 0.07272727272727274
Iteration 55/80
Training student with 55401 points
Train accuracy: 0.4542193140794224
Test accuracy: 0.4497789008212255
Number of nodes: 23
Student reward: 0.09090909090909093
Iteration 56/80
Training student with 56401 points
Train accuracy: 0.4554521276595745
Test accuracy: 0.44880772981118694
Number of nodes: 23
Student reward: 0.08181818181818182
Iteration 57/80
Training student with 57401 points
Train accuracy: 0.45322299651567943
Test accuracy: 0.45370612316000347
Number of nodes: 23
Student reward: 0.1272727272727273
Iteration 58/80
Training student with 58401 points
Train accuracy: 0.45316780821917807
Test accuracy: 0.4529577947093571
Number of nodes: 23
Student reward: 0.12727272727272726
Iteration 59/80
Training student with 59401 points
Train accuracy: 0.45311447811447814
Test accuracy: 0.44903627640770977
Number of nodes: 23
Student reward: 0.1090909090909091
Iteration 60/80
Training student with 60401 points
Train accuracy: 0.4527938741721854
Test accuracy: 0.456915818226968
Number of nodes: 23
Student reward: 0.1181818181818182
Iteration 61/80
Training student with 61401 points
Train accuracy: 0.45260586319218243
Test accuracy: 0.45387183454116115
Number of nodes: 23
Student reward: 0.1090909090909091
Iteration 62/80
Training student with 62401 points
Train accuracy: 0.45040064102564104
Test accuracy: 0.45725502764201587
Number of nodes: 23
Student reward: 0.1090909090909091
Iteration 63/80
Training student with 63401 points
Train accuracy: 0.45197160883280757
Test accuracy: 0.45012223010803565
Number of nodes: 23
Student reward: 0.1272727272727273
Iteration 64/80
Training student with 64401 points
Train accuracy: 0.4514363354037267
Test accuracy: 0.45369148358046735
Number of nodes: 23
Student reward: 0.14545454545454545
Iteration 65/80
Training student with 65401 points
Train accuracy: 0.4534403669724771
Test accuracy: 0.4480544300894427
Number of nodes: 23
Student reward: 0.1090909090909091
Iteration 66/80
Training student with 66401 points
Train accuracy: 0.45297439759036146
Test accuracy: 0.4489119795196145
Number of nodes: 21
Student reward: 0.1
Iteration 67/80
Training student with 67401 points
Train accuracy: 0.45519287833827893
Test accuracy: 0.4533788294636896
Number of nodes: 23
Student reward: 0.1181818181818182
Iteration 68/80
Training student with 68401 points
Train accuracy: 0.45455043859649125
Test accuracy: 0.4539872816314597
Number of nodes: 23
Student reward: 0.05454545454545455
Iteration 69/80
Training student with 69401 points
Train accuracy: 0.4531159942363112
Test accuracy: 0.45882861465312297
Number of nodes: 23
Student reward: 0.11818181818181817
Iteration 70/80
Training student with 70401 points
Train accuracy: 0.4545987215909091
Test accuracy: 0.4506072011930971
Number of nodes: 23
Student reward: 0.13636363636363638
Iteration 71/80
Training student with 71401 points
Train accuracy: 0.4528886554621849
Test accuracy: 0.45451999159722706
Number of nodes: 23
Student reward: 0.12727272727272726
Iteration 72/80
Training student with 72401 points
Train accuracy: 0.4548860497237569
Test accuracy: 0.448173468683102
Number of nodes: 23
Student reward: 0.08181818181818183
Iteration 73/80
Training student with 73401 points
Train accuracy: 0.451175068119891
Test accuracy: 0.45814317825761186
Number of nodes: 23
Student reward: 0.06363636363636364
Iteration 74/80
Training student with 74401 points
Train accuracy: 0.4505208333333333
Test accuracy: 0.4572945366574827
Number of nodes: 23
Student reward: 0.06363636363636364
Iteration 75/80
Training student with 75401 points
Train accuracy: 0.45106100795755966
Test accuracy: 0.45580531794973805
Number of nodes: 23
Student reward: 0.08181818181818183
Iteration 76/80
Training student with 76401 points
Train accuracy: 0.4525196335078534
Test accuracy: 0.44270662914730713
Number of nodes: 23
Student reward: 0.08181818181818183
Iteration 77/80
Training student with 77401 points
Train accuracy: 0.453843669250646
Test accuracy: 0.4526193398359279
Number of nodes: 23
Student reward: 0.09090909090909091
Iteration 78/80
Training student with 78401 points
Train accuracy: 0.45347576530612244
Test accuracy: 0.45309610356482366
Number of nodes: 23
Student reward: 0.10909090909090909
Iteration 79/80
Training student with 79401 points
Train accuracy: 0.4519521410579345
Test accuracy: 0.4577797367923934
Number of nodes: 23
Student reward: 0.14545454545454545
Initial policy count: 80
Current policy count: 40
Reward update: 0.14545454545454548 -> 0.13090909090909084
Reward update: 0.14545454545454545 -> 0.09999999999999995
Reward update: 0.14545454545454545 -> 0.09636363636363632
Reward update: 0.14545454545454545 -> 0.09999999999999995
Reward update: 0.14545454545454545 -> 0.11999999999999993
Reward update: 0.13636363636363638 -> 0.11272727272727266
Reward update: 0.13636363636363638 -> 0.1163636363636363
Reward update: 0.13636363636363638 -> 0.12545454545454537
Reward update: 0.1272727272727273 -> 0.10727272727272721
Reward update: 0.1272727272727273 -> 0.11272727272727268
Reward update: 0.12727272727272726 -> 0.10363636363636358
Reward update: 0.12727272727272726 -> 0.12181818181818174
Reward update: 0.12727272727272726 -> 0.10363636363636358
Reward update: 0.1181818181818182 -> 0.09999999999999995
Reward update: 0.1181818181818182 -> 0.10727272727272721
Reward update: 0.1181818181818182 -> 0.11454545454545448
Reward update: 0.1181818181818182 -> 0.10727272727272723
Reward update: 0.1181818181818182 -> 0.10727272727272721
Reward update: 0.1181818181818182 -> 0.10727272727272721
Reward update: 0.11818181818181817 -> 0.11454545454545448
Reward update: 0.11818181818181817 -> 0.09818181818181813
Reward update: 0.1090909090909091 -> 0.0945454545454545
Reward update: 0.1090909090909091 -> 0.11090909090909086
Reward update: 0.1090909090909091 -> 0.11999999999999993
Reward update: 0.1090909090909091 -> 0.09999999999999995
Reward update: 0.1090909090909091 -> 0.09636363636363632
Reward update: 0.1090909090909091 -> 0.11272727272727266
Reward update: 0.1090909090909091 -> 0.11454545454545448
Reward update: 0.10909090909090909 -> 0.1054545454545454
Reward update: 0.10909090909090909 -> 0.10363636363636358
Reward update: 0.10909090909090909 -> 0.09272727272727269
Reward update: 0.10909090909090909 -> 0.12909090909090903
Reward update: 0.10000000000000002 -> 0.08909090909090905
Reward update: 0.10000000000000002 -> 0.0945454545454545
Reward update: 0.1 -> 0.09272727272727269
Reward update: 0.1 -> 0.10545454545454538
Reward update: 0.1 -> 0.09818181818181813
Reward update: 0.1 -> 0.10909090909090903
Reward update: 0.1 -> 0.13090909090909084
Reward update: 0.09090909090909093 -> 0.10727272727272721
Current policy count: 20
Reward update: 0.13090909090909084 -> 0.11090909090909085
Reward update: 0.13090909090909084 -> 0.10727272727272721
Reward update: 0.12909090909090903 -> 0.11090909090909085
Reward update: 0.12545454545454537 -> 0.10909090909090903
Reward update: 0.12181818181818174 -> 0.10909090909090903
Reward update: 0.11999999999999993 -> 0.10181818181818178
Reward update: 0.11999999999999993 -> 0.11090909090909085
Reward update: 0.1163636363636363 -> 0.09272727272727269
Reward update: 0.11454545454545448 -> 0.11454545454545448
Reward update: 0.11454545454545448 -> 0.10181818181818177
Reward update: 0.11454545454545448 -> 0.11818181818181811
Reward update: 0.11272727272727268 -> 0.11454545454545448
Reward update: 0.11272727272727266 -> 0.11636363636363631
Reward update: 0.11272727272727266 -> 0.10909090909090903
Reward update: 0.11090909090909086 -> 0.10363636363636358
Reward update: 0.10909090909090903 -> 0.12181818181818174
Reward update: 0.10727272727272723 -> 0.10727272727272721
Reward update: 0.10727272727272721 -> 0.11636363636363631
Reward update: 0.10727272727272721 -> 0.1054545454545454
Reward update: 0.10727272727272721 -> 0.10909090909090904
Current policy count: 10
Reward update: 0.12181818181818174 -> 0.09272727272727269
Reward update: 0.11818181818181811 -> 0.11999999999999993
Reward update: 0.11636363636363631 -> 0.10727272727272721
Reward update: 0.11636363636363631 -> 0.11454545454545448
Reward update: 0.11454545454545448 -> 0.11818181818181811
Reward update: 0.11454545454545448 -> 0.10181818181818177
Reward update: 0.11090909090909085 -> 0.11454545454545448
Reward update: 0.11090909090909085 -> 0.11272727272727266
Reward update: 0.11090909090909085 -> 0.09636363636363632
Reward update: 0.10909090909090904 -> 0.11999999999999993
Current policy count: 5
Reward update: 0.11999999999999993 -> 0.11454545454545449
Reward update: 0.11999999999999993 -> 0.08909090909090905
Reward update: 0.11818181818181811 -> 0.10181818181818177
Reward update: 0.11454545454545448 -> 0.10727272727272721
Reward update: 0.11454545454545448 -> 0.10909090909090903
Current policy count: 3
Reward update: 0.11454545454545449 -> 0.11090909090909085
Reward update: 0.10909090909090903 -> 0.11090909090909085
Reward update: 0.10727272727272721 -> 0.10727272727272721
Current policy count: 2
Reward update: 0.11090909090909085 -> 0.10727272727272721
Reward update: 0.11090909090909085 -> 0.10727272727272721
Current policy count: 1
Reward update: 0.10727272727272721 -> 0.09090909090909087
Final reward: 0.12363636363636356
Number of nodes: 23
