Iteration 0/80
Training student with 1252 points
Train accuracy: 0.8941058941058941
Test accuracy: 0.8804780876494024
Number of nodes: 5
Student reward: 10.4
Iteration 1/80
Training student with 2210 points
Train accuracy: 0.878393665158371
Test accuracy: 0.8981900452488688
Number of nodes: 5
Student reward: 9.8
Iteration 2/80
Training student with 3122 points
Train accuracy: 0.8846615939126953
Test accuracy: 0.872
Number of nodes: 5
Student reward: 9.5
Iteration 3/80
Training student with 3981 points
Train accuracy: 0.8592964824120602
Test accuracy: 0.8707653701380176
Number of nodes: 5
Student reward: 9.2
Iteration 4/80
Training student with 4813 points
Train accuracy: 0.8787012987012986
Test accuracy: 0.8764278296988577
Number of nodes: 5
Student reward: 9.3
Iteration 5/80
Training student with 5667 points
Train accuracy: 0.8727112287668211
Test accuracy: 0.8862433862433863
Number of nodes: 5
Student reward: 9.0
Iteration 6/80
Training student with 6488 points
Train accuracy: 0.8697495183044316
Test accuracy: 0.8767334360554699
Number of nodes: 5
Student reward: 10.0
Iteration 7/80
Training student with 7411 points
Train accuracy: 0.8763495276653172
Test accuracy: 0.8907619689817937
Number of nodes: 5
Student reward: 9.9
Iteration 8/80
Training student with 8282 points
Train accuracy: 0.8795471698113208
Test accuracy: 0.884127942063971
Number of nodes: 5
Student reward: 8.4
Iteration 9/80
Training student with 9032 points
Train accuracy: 0.878477508650519
Test accuracy: 0.8765910348644161
Number of nodes: 5
Student reward: 9.9
Iteration 10/80
Training student with 9947 points
Train accuracy: 0.8677893678522056
Test accuracy: 0.885929648241206
Number of nodes: 5
Student reward: 9.5
Iteration 11/80
Training student with 10790 points
Train accuracy: 0.8825301204819277
Test accuracy: 0.8776645041705282
Number of nodes: 5
Student reward: 10.9
Iteration 12/80
Training student with 11750 points
Train accuracy: 0.8797872340425532
Test accuracy: 0.8702127659574468
Number of nodes: 5
Student reward: 9.2
Iteration 13/80
Training student with 12615 points
Train accuracy: 0.8782203725723345
Test accuracy: 0.8767340467697186
Number of nodes: 5
Student reward: 9.8
Iteration 14/80
Training student with 13550 points
Train accuracy: 0.881549815498155
Test accuracy: 0.881549815498155
Number of nodes: 5
Student reward: 9.2
Iteration 15/80
Training student with 14367 points
Train accuracy: 0.8784477508048377
Test accuracy: 0.883437717466945
Number of nodes: 5
Student reward: 9.8
Iteration 16/80
Training student with 15230 points
Train accuracy: 0.8804990151017729
Test accuracy: 0.8821405121470781
Number of nodes: 5
Student reward: 9.7
Iteration 17/80
Training student with 16128 points
Train accuracy: 0.8762207409703922
Test accuracy: 0.8831370117792933
Number of nodes: 5
Student reward: 8.3
Iteration 18/80
Training student with 16941 points
Train accuracy: 0.8843713105076741
Test accuracy: 0.8834464443788729
Number of nodes: 5
Student reward: 9.2
Iteration 19/80
Training student with 17752 points
Train accuracy: 0.8871206253080769
Test accuracy: 0.8836947338777809
Number of nodes: 5
Student reward: 8.4
Iteration 20/80
Training student with 18476 points
Train accuracy: 0.8813261163734777
Test accuracy: 0.8809523809523809
Number of nodes: 5
Student reward: 10.4
Iteration 21/80
Training student with 19467 points
Train accuracy: 0.8846721890451422
Test accuracy: 0.8726245505906522
Number of nodes: 5
Student reward: 8.5
Iteration 22/80
Training student with 20233 points
Train accuracy: 0.8847769677499073
Test accuracy: 0.8831233012107734
Number of nodes: 5
Student reward: 9.9
Iteration 23/80
Training student with 21126 points
Train accuracy: 0.8828402366863906
Test accuracy: 0.8748225272124941
Number of nodes: 5
Student reward: 9.9
Iteration 24/80
Training student with 22043 points
Train accuracy: 0.8847680616989906
Test accuracy: 0.882286232705829
Number of nodes: 5
Student reward: 9.6
Iteration 25/80
Training student with 22932 points
Train accuracy: 0.8827473426001635
Test accuracy: 0.8752997601918465
Number of nodes: 5
Student reward: 9.9
Iteration 26/80
Training student with 23851 points
Train accuracy: 0.8827044025157232
Test accuracy: 0.8899601760637182
Number of nodes: 5
Student reward: 8.9
Iteration 27/80
Training student with 24664 points
Train accuracy: 0.8829760275708276
Test accuracy: 0.8893168457328198
Number of nodes: 5
Student reward: 9.8
Iteration 28/80
Training student with 25545 points
Train accuracy: 0.8807496574672147
Test accuracy: 0.8847132511254648
Number of nodes: 5
Student reward: 8.7
Iteration 29/80
Training student with 26356 points
Train accuracy: 0.8843198634035287
Test accuracy: 0.8903641881638846
Number of nodes: 5
Student reward: 10.1
Iteration 30/80
Training student with 27280 points
Train accuracy: 0.8773826979472141
Test accuracy: 0.8896627565982405
Number of nodes: 5
Student reward: 10.6
Iteration 31/80
Training student with 28256 points
Train accuracy: 0.8841355512298709
Test accuracy: 0.8809271054493985
Number of nodes: 5
Student reward: 9.3
Iteration 32/80
Training student with 29157 points
Train accuracy: 0.8866452304394427
Test accuracy: 0.8852880658436214
Number of nodes: 5
Student reward: 8.8
Iteration 33/80
Training student with 29985 points
Train accuracy: 0.8852759713189928
Test accuracy: 0.8782724695681174
Number of nodes: 5
Student reward: 9.3
Iteration 34/80
Training student with 30861 points
Train accuracy: 0.8850048606610499
Test accuracy: 0.8883849019925482
Number of nodes: 5
Student reward: 8.2
Iteration 35/80
Training student with 31555 points
Train accuracy: 0.8861115512597053
Test accuracy: 0.8811598795753446
Number of nodes: 5
Student reward: 9.5
Iteration 36/80
Training student with 32426 points
Train accuracy: 0.8800308404009252
Test accuracy: 0.883441258094357
Number of nodes: 5
Student reward: 9.7
Iteration 37/80
Training student with 33287 points
Train accuracy: 0.8810319576401667
Test accuracy: 0.8849504355662361
Number of nodes: 5
Student reward: 10.4
Iteration 38/80
Training student with 34268 points
Train accuracy: 0.8855329393740424
Test accuracy: 0.880653632915086
Number of nodes: 5
Student reward: 9.2
Iteration 39/80
Training student with 35132 points
Train accuracy: 0.8839352428393524
Test accuracy: 0.8791803045396328
Number of nodes: 5
Student reward: 10.0
Iteration 40/80
Training student with 35981 points
Train accuracy: 0.8858740967204002
Test accuracy: 0.8761984160066695
Number of nodes: 5
Student reward: 8.8
Iteration 41/80
Training student with 36776 points
Train accuracy: 0.8814751869476547
Test accuracy: 0.8818651441000543
Number of nodes: 5
Student reward: 9.2
Iteration 42/80
Training student with 37666 points
Train accuracy: 0.8790654453736891
Test accuracy: 0.8914255375630475
Number of nodes: 5
Student reward: 8.8
Iteration 43/80
Training student with 38522 points
Train accuracy: 0.8847064931693546
Test accuracy: 0.8811161583387411
Number of nodes: 5
Student reward: 10.2
Iteration 44/80
Training student with 39459 points
Train accuracy: 0.884562992999018
Test accuracy: 0.8858337557019766
Number of nodes: 5
Student reward: 9.3
Iteration 45/80
Training student with 40266 points
Train accuracy: 0.8872469886998634
Test accuracy: 0.8817978644151974
Number of nodes: 5
Student reward: 9.1
Iteration 46/80
Training student with 41080 points
Train accuracy: 0.8850109542356378
Test accuracy: 0.8777994157740994
Number of nodes: 5
Student reward: 9.2
Iteration 47/80
Training student with 41966 points
Train accuracy: 0.8840402716549506
Test accuracy: 0.8850369311412914
Number of nodes: 5
Student reward: 9.2
Iteration 48/80
Training student with 42717 points
Train accuracy: 0.8821291663008808
Test accuracy: 0.8840121722846442
Number of nodes: 5
Student reward: 9.6
Iteration 49/80
Training student with 43569 points
Train accuracy: 0.8830296944484292
Test accuracy: 0.8812256139545559
Number of nodes: 5
Student reward: 9.5
Iteration 50/80
Training student with 44455 points
Train accuracy: 0.8837307389494995
Test accuracy: 0.8902260713080643
Number of nodes: 5
Student reward: 10.5
Iteration 51/80
Training student with 45397 points
Train accuracy: 0.8861139411294986
Test accuracy: 0.8848017621145374
Number of nodes: 5
Student reward: 9.6
Iteration 52/80
Training student with 46255 points
Train accuracy: 0.8836882499189277
Test accuracy: 0.8928764457896443
Number of nodes: 5
Student reward: 9.3
Iteration 53/80
Training student with 47118 points
Train accuracy: 0.8815196052422136
Test accuracy: 0.8788200339558574
Number of nodes: 5
Student reward: 11.4
Iteration 54/80
Training student with 48171 points
Train accuracy: 0.882395681959726
Test accuracy: 0.8827192527244422
Number of nodes: 5
Student reward: 8.9
Iteration 55/80
Training student with 48981 points
Train accuracy: 0.8849785626786444
Test accuracy: 0.8821067673777687
Number of nodes: 5
Student reward: 8.7
Iteration 56/80
Training student with 49770 points
Train accuracy: 0.8840918223829616
Test accuracy: 0.8826602370906168
Number of nodes: 5
Student reward: 8.4
Iteration 57/80
Training student with 50570 points
Train accuracy: 0.8852827763496144
Test accuracy: 0.8896578999406763
Number of nodes: 5
Student reward: 9.7
Iteration 58/80
Training student with 51459 points
Train accuracy: 0.8834503364345228
Test accuracy: 0.8835989117761368
Number of nodes: 5
Student reward: 11.3
Iteration 59/80
Training student with 52493 points
Train accuracy: 0.8880554364909273
Test accuracy: 0.8861796361558244
Number of nodes: 5
Student reward: 9.5
Iteration 60/80
Training student with 53369 points
Train accuracy: 0.8836163485185619
Test accuracy: 0.8787708450440322
Number of nodes: 5
Student reward: 9.5
Iteration 61/80
Training student with 54235 points
Train accuracy: 0.8865584954365262
Test accuracy: 0.8873421222457822
Number of nodes: 5
Student reward: 10.0
Iteration 62/80
Training student with 55135 points
Train accuracy: 0.8841026571143557
Test accuracy: 0.8782080348236148
Number of nodes: 5
Student reward: 8.9
Iteration 63/80
Training student with 55925 points
Train accuracy: 0.883907018328118
Test accuracy: 0.8878855610192222
Number of nodes: 5
Student reward: 10.0
Iteration 64/80
Training student with 56854 points
Train accuracy: 0.8840226018512412
Test accuracy: 0.8861137982587284
Number of nodes: 5
Student reward: 9.7
Iteration 65/80
Training student with 57708 points
Train accuracy: 0.8810596542910367
Test accuracy: 0.8809565066712874
Number of nodes: 5
Student reward: 8.2
Iteration 66/80
Training student with 58487 points
Train accuracy: 0.8855072773515142
Test accuracy: 0.8863053513421097
Number of nodes: 5
Student reward: 8.8
Iteration 67/80
Training student with 59274 points
Train accuracy: 0.883928383137561
Test accuracy: 0.8879797553774779
Number of nodes: 5
Student reward: 9.5
Iteration 68/80
Training student with 60181 points
Train accuracy: 0.8860086407444334
Test accuracy: 0.8850211846805682
Number of nodes: 5
Student reward: 9.1
Iteration 69/80
Training student with 61004 points
Train accuracy: 0.8854783517406717
Test accuracy: 0.8840258995164331
Number of nodes: 5
Student reward: 10.4
Iteration 70/80
Training student with 61920 points
Train accuracy: 0.8828932493540051
Test accuracy: 0.8780684754521964
Number of nodes: 5
Student reward: 9.7
Iteration 71/80
Training student with 62815 points
Train accuracy: 0.8843031123139378
Test accuracy: 0.8821141447106583
Number of nodes: 5
Student reward: 8.6
Iteration 72/80
Training student with 63598 points
Train accuracy: 0.8838201187153583
Test accuracy: 0.885062893081761
Number of nodes: 5
Student reward: 9.0
Iteration 73/80
Training student with 64414 points
Train accuracy: 0.883642855756729
Test accuracy: 0.8871380889544361
Number of nodes: 5
Student reward: 10.0
Iteration 74/80
Training student with 65342 points
Train accuracy: 0.8809136647982706
Test accuracy: 0.8855306450378759
Number of nodes: 5
Student reward: 9.4
Iteration 75/80
Training student with 66172 points
Train accuracy: 0.8851087141318926
Test accuracy: 0.8827351718927088
Number of nodes: 5
Student reward: 9.6
Iteration 76/80
Training student with 67069 points
Train accuracy: 0.8826763582145187
Test accuracy: 0.8798270463694647
Number of nodes: 5
Student reward: 10.1
Iteration 77/80
Training student with 67985 points
Train accuracy: 0.8821247333970729
Test accuracy: 0.8818857100831066
Number of nodes: 5
Student reward: 9.2
Iteration 78/80
Training student with 68827 points
Train accuracy: 0.8843282904415103
Test accuracy: 0.8849338951038791
Number of nodes: 5
Student reward: 10.2
Iteration 79/80
Training student with 69790 points
Train accuracy: 0.8846718727611406
Test accuracy: 0.8845106748817883
Number of nodes: 5
Student reward: 10.2
Initial policy count: 80
Current policy count: 40
Reward update: 11.4 -> 9.6
Reward update: 11.3 -> 10.06
Reward update: 10.9 -> 9.66
Reward update: 10.6 -> 9.14
Reward update: 10.5 -> 9.18
Reward update: 10.4 -> 10.06
Reward update: 10.4 -> 9.62
Reward update: 10.4 -> 9.5
Reward update: 10.4 -> 8.86
Reward update: 10.2 -> 9.32
Reward update: 10.2 -> 10.02
Reward update: 10.2 -> 9.4
Reward update: 10.1 -> 9.8
Reward update: 10.1 -> 9.44
Reward update: 10.0 -> 9.22
Reward update: 10.0 -> 9.1
Reward update: 10.0 -> 9.38
Reward update: 10.0 -> 9.98
Reward update: 10.0 -> 9.02
Reward update: 9.9 -> 9.12
Reward update: 9.9 -> 9.1
Reward update: 9.9 -> 8.96
Reward update: 9.9 -> 9.06
Reward update: 9.9 -> 9.96
Reward update: 9.8 -> 9.18
Reward update: 9.8 -> 9.1
Reward update: 9.8 -> 8.98
Reward update: 9.8 -> 9.44
Reward update: 9.7 -> 9.28
Reward update: 9.7 -> 9.88
Reward update: 9.7 -> 9.84
Reward update: 9.7 -> 8.82
Reward update: 9.7 -> 9.52
Reward update: 9.6 -> 9.3
Reward update: 9.6 -> 10.42
Reward update: 9.6 -> 9.02
Reward update: 9.6 -> 10.26
Reward update: 9.5 -> 9.5
Reward update: 9.5 -> 9.98
Reward update: 9.5 -> 9.44
Current policy count: 20
Reward update: 10.42 -> 9.68
Reward update: 10.26 -> 9.38
Reward update: 10.06 -> 9.02
Reward update: 10.06 -> 9.06
Reward update: 10.02 -> 9.48
Reward update: 9.98 -> 10.06
Reward update: 9.98 -> 8.94
Reward update: 9.96 -> 9.68
Reward update: 9.88 -> 8.86
Reward update: 9.84 -> 9.4
Reward update: 9.8 -> 9.46
Reward update: 9.66 -> 9.14
Reward update: 9.62 -> 10.06
Reward update: 9.6 -> 9.94
Reward update: 9.52 -> 8.76
Reward update: 9.5 -> 9.74
Reward update: 9.5 -> 9.68
Reward update: 9.44 -> 9.12
Reward update: 9.44 -> 8.88
Reward update: 9.44 -> 9.84
Current policy count: 10
Reward update: 10.06 -> 9.1
Reward update: 10.06 -> 10.18
Reward update: 9.94 -> 9.74
Reward update: 9.84 -> 9.42
Reward update: 9.74 -> 9.32
Reward update: 9.68 -> 9.04
Reward update: 9.68 -> 9.44
Reward update: 9.68 -> 9.18
Reward update: 9.48 -> 9.98
Reward update: 9.46 -> 9.22
Current policy count: 5
Reward update: 10.18 -> 9.76
Reward update: 9.98 -> 9.5
Reward update: 9.74 -> 9.84
Reward update: 9.44 -> 9.64
Reward update: 9.42 -> 9.98
Current policy count: 3
Reward update: 9.98 -> 9.64
Reward update: 9.84 -> 9.8
Reward update: 9.76 -> 9.58
Current policy count: 2
Reward update: 9.8 -> 9.74
Reward update: 9.64 -> 9.32
Current policy count: 1
Reward update: 9.74 -> 9.16
Final reward: 9.24
Number of nodes: 5
