Iteration 0/80
Training student with 1000 points
Train accuracy: 0.50875
Test accuracy: 0.47
Number of nodes: 23
Student reward: 0.34444444444444444
Iteration 1/80
Training student with 2000 points
Train accuracy: 0.476875
Test accuracy: 0.4625
Number of nodes: 23
Student reward: 0.5518518518518519
Iteration 2/80
Training student with 3000 points
Train accuracy: 0.4483333333333333
Test accuracy: 0.44666666666666666
Number of nodes: 23
Student reward: 0.5740740740740741
Iteration 3/80
Training student with 4000 points
Train accuracy: 0.4346875
Test accuracy: 0.425
Number of nodes: 23
Student reward: 0.5518518518518518
Iteration 4/80
Training student with 5000 points
Train accuracy: 0.4335
Test accuracy: 0.448
Number of nodes: 23
Student reward: 0.5555555555555556
Iteration 5/80
Training student with 6000 points
Train accuracy: 0.43020833333333336
Test accuracy: 0.42583333333333334
Number of nodes: 23
Student reward: 0.5740740740740742
Iteration 6/80
Training student with 7000 points
Train accuracy: 0.42857142857142855
Test accuracy: 0.43214285714285716
Number of nodes: 23
Student reward: 0.5481481481481482
Iteration 7/80
Training student with 8000 points
Train accuracy: 0.43109375
Test accuracy: 0.43
Number of nodes: 23
Student reward: 0.5518518518518518
Iteration 8/80
Training student with 9000 points
Train accuracy: 0.42694444444444446
Test accuracy: 0.4166666666666667
Number of nodes: 23
Student reward: 0.5666666666666667
Iteration 9/80
Training student with 10000 points
Train accuracy: 0.422375
Test accuracy: 0.4335
Number of nodes: 23
Student reward: 0.5555555555555556
Iteration 10/80
Training student with 11000 points
Train accuracy: 0.4194318181818182
Test accuracy: 0.42454545454545456
Number of nodes: 23
Student reward: 0.5592592592592591
Iteration 11/80
Training student with 12000 points
Train accuracy: 0.4165625
Test accuracy: 0.41833333333333333
Number of nodes: 23
Student reward: 0.5481481481481483
Iteration 12/80
Training student with 13000 points
Train accuracy: 0.4175
Test accuracy: 0.41846153846153844
Number of nodes: 23
Student reward: 0.5592592592592592
Iteration 13/80
Training student with 14000 points
Train accuracy: 0.41848214285714286
Test accuracy: 0.4160714285714286
Number of nodes: 23
Student reward: 0.562962962962963
Iteration 14/80
Training student with 15000 points
Train accuracy: 0.41558333333333336
Test accuracy: 0.41833333333333333
Number of nodes: 23
Student reward: 0.5481481481481482
Iteration 15/80
Training student with 16000 points
Train accuracy: 0.417890625
Test accuracy: 0.4128125
Number of nodes: 23
Student reward: 0.5555555555555556
Iteration 16/80
Training student with 17000 points
Train accuracy: 0.4184558823529412
Test accuracy: 0.4052941176470588
Number of nodes: 23
Student reward: 0.5814814814814814
Iteration 17/80
Training student with 18000 points
Train accuracy: 0.41791666666666666
Test accuracy: 0.4211111111111111
Number of nodes: 21
Student reward: 0.537037037037037
Iteration 18/80
Training student with 19000 points
Train accuracy: 0.4153289473684211
Test accuracy: 0.43315789473684213
Number of nodes: 23
Student reward: 0.5444444444444445
Iteration 19/80
Training student with 20000 points
Train accuracy: 0.4226875
Test accuracy: 0.4105
Number of nodes: 23
Student reward: 0.5444444444444445
Iteration 20/80
Training student with 21000 points
Train accuracy: 0.4193452380952381
Test accuracy: 0.4230952380952381
Number of nodes: 23
Student reward: 0.537037037037037
Iteration 21/80
Training student with 22000 points
Train accuracy: 0.4178977272727273
Test accuracy: 0.4254545454545455
Number of nodes: 23
Student reward: 0.5333333333333334
Iteration 22/80
Training student with 23000 points
Train accuracy: 0.4182608695652174
Test accuracy: 0.41847826086956524
Number of nodes: 23
Student reward: 0.5185185185185186
Iteration 23/80
Training student with 24000 points
Train accuracy: 0.4209375
Test accuracy: 0.41291666666666665
Number of nodes: 23
Student reward: 0.548148148148148
Iteration 24/80
Training student with 25000 points
Train accuracy: 0.4178
Test accuracy: 0.4196
Number of nodes: 23
Student reward: 0.5296296296296296
Iteration 25/80
Training student with 26000 points
Train accuracy: 0.41923076923076924
Test accuracy: 0.4171153846153846
Number of nodes: 23
Student reward: 0.5555555555555555
Iteration 26/80
Training student with 27000 points
Train accuracy: 0.41814814814814816
Test accuracy: 0.41185185185185186
Number of nodes: 23
Student reward: 0.5740740740740741
Iteration 27/80
Training student with 28000 points
Train accuracy: 0.4200446428571429
Test accuracy: 0.41035714285714286
Number of nodes: 23
Student reward: 0.5666666666666667
Iteration 28/80
Training student with 29000 points
Train accuracy: 0.41594827586206895
Test accuracy: 0.43
Number of nodes: 23
Student reward: 0.5740740740740742
Iteration 29/80
Training student with 30000 points
Train accuracy: 0.41791666666666666
Test accuracy: 0.4205
Number of nodes: 23
Student reward: 0.5629629629629629
Iteration 30/80
Training student with 31000 points
Train accuracy: 0.41435483870967743
Test accuracy: 0.42435483870967744
Number of nodes: 23
Student reward: 0.5555555555555556
Iteration 31/80
Training student with 32000 points
Train accuracy: 0.417421875
Test accuracy: 0.4146875
Number of nodes: 23
Student reward: 0.5444444444444444
Iteration 32/80
Training student with 33000 points
Train accuracy: 0.4168181818181818
Test accuracy: 0.41803030303030303
Number of nodes: 23
Student reward: 0.5814814814814815
Iteration 33/80
Training student with 34000 points
Train accuracy: 0.419375
Test accuracy: 0.4042647058823529
Number of nodes: 21
Student reward: 0.5555555555555556
Iteration 34/80
Training student with 35000 points
Train accuracy: 0.41575
Test accuracy: 0.4157142857142857
Number of nodes: 23
Student reward: 0.5666666666666667
Iteration 35/80
Training student with 36000 points
Train accuracy: 0.41770833333333335
Test accuracy: 0.41125
Number of nodes: 23
Student reward: 0.5592592592592591
Iteration 36/80
Training student with 37000 points
Train accuracy: 0.41614864864864864
Test accuracy: 0.41594594594594597
Number of nodes: 23
Student reward: 0.5296296296296296
Iteration 37/80
Training student with 38000 points
Train accuracy: 0.41786184210526317
Test accuracy: 0.4081578947368421
Number of nodes: 23
Student reward: 0.5888888888888889
Iteration 38/80
Training student with 39000 points
Train accuracy: 0.41541666666666666
Test accuracy: 0.4206410256410256
Number of nodes: 21
Student reward: 0.5777777777777777
Iteration 39/80
Training student with 40000 points
Train accuracy: 0.41871875
Test accuracy: 0.40975
Number of nodes: 23
Student reward: 0.5370370370370371
Iteration 40/80
Training student with 41000 points
Train accuracy: 0.4166158536585366
Test accuracy: 0.4224390243902439
Number of nodes: 23
Student reward: 0.5555555555555556
Iteration 41/80
Training student with 42000 points
Train accuracy: 0.4193452380952381
Test accuracy: 0.4160714285714286
Number of nodes: 23
Student reward: 0.537037037037037
Iteration 42/80
Training student with 43000 points
Train accuracy: 0.4205813953488372
Test accuracy: 0.4146511627906977
Number of nodes: 23
Student reward: 0.5481481481481482
Iteration 43/80
Training student with 44000 points
Train accuracy: 0.4180397727272727
Test accuracy: 0.41602272727272727
Number of nodes: 21
Student reward: 0.5666666666666667
Iteration 44/80
Training student with 45000 points
Train accuracy: 0.4176944444444444
Test accuracy: 0.42244444444444446
Number of nodes: 23
Student reward: 0.5666666666666667
Iteration 45/80
Training student with 46000 points
Train accuracy: 0.4175
Test accuracy: 0.41934782608695653
Number of nodes: 23
Student reward: 0.5555555555555556
Iteration 46/80
Training student with 47000 points
Train accuracy: 0.4213563829787234
Test accuracy: 0.4025531914893617
Number of nodes: 23
Student reward: 0.5444444444444445
Iteration 47/80
Training student with 48000 points
Train accuracy: 0.4184375
Test accuracy: 0.4164583333333333
Number of nodes: 21
Student reward: 0.5444444444444445
Iteration 48/80
Training student with 49000 points
Train accuracy: 0.4172704081632653
Test accuracy: 0.4204081632653061
Number of nodes: 23
Student reward: 0.5518518518518519
Iteration 49/80
Training student with 50000 points
Train accuracy: 0.417375
Test accuracy: 0.418
Number of nodes: 23
Student reward: 0.5703703703703703
Iteration 50/80
Training student with 51000 points
Train accuracy: 0.4166666666666667
Test accuracy: 0.42254901960784313
Number of nodes: 23
Student reward: 0.5518518518518518
Iteration 51/80
Training student with 52000 points
Train accuracy: 0.4155048076923077
Test accuracy: 0.42480769230769233
Number of nodes: 23
Student reward: 0.5333333333333333
Iteration 52/80
Training student with 53000 points
Train accuracy: 0.4193160377358491
Test accuracy: 0.4107547169811321
Number of nodes: 23
Student reward: 0.5629629629629629
Iteration 53/80
Training student with 54000 points
Train accuracy: 0.41509259259259257
Test accuracy: 0.427962962962963
Number of nodes: 23
Student reward: 0.5555555555555556
Iteration 54/80
Training student with 55000 points
Train accuracy: 0.41670454545454544
Test accuracy: 0.42154545454545456
Number of nodes: 23
Student reward: 0.5407407407407407
Iteration 55/80
Training student with 56000 points
Train accuracy: 0.41823660714285715
Test accuracy: 0.41410714285714284
Number of nodes: 23
Student reward: 0.5666666666666667
Iteration 56/80
Training student with 57000 points
Train accuracy: 0.4166666666666667
Test accuracy: 0.4195614035087719
Number of nodes: 23
Student reward: 0.5444444444444445
Iteration 57/80
Training student with 58000 points
Train accuracy: 0.416551724137931
Test accuracy: 0.4193103448275862
Number of nodes: 23
Student reward: 0.5666666666666667
Iteration 58/80
Training student with 59000 points
Train accuracy: 0.4168220338983051
Test accuracy: 0.4164406779661017
Number of nodes: 23
Student reward: 0.5518518518518518
Iteration 59/80
Training student with 60000 points
Train accuracy: 0.4162708333333333
Test accuracy: 0.42133333333333334
Number of nodes: 23
Student reward: 0.5407407407407407
Iteration 60/80
Training student with 61000 points
Train accuracy: 0.4181762295081967
Test accuracy: 0.41622950819672133
Number of nodes: 23
Student reward: 0.548148148148148
Iteration 61/80
Training student with 62000 points
Train accuracy: 0.4171774193548387
Test accuracy: 0.41766129032258065
Number of nodes: 23
Student reward: 0.5518518518518518
Iteration 62/80
Training student with 63000 points
Train accuracy: 0.4188095238095238
Test accuracy: 0.41134920634920635
Number of nodes: 23
Student reward: 0.5777777777777777
Iteration 63/80
Training student with 64000 points
Train accuracy: 0.417734375
Test accuracy: 0.41734375
Number of nodes: 23
Student reward: 0.537037037037037
Iteration 64/80
Training student with 65000 points
Train accuracy: 0.41786538461538464
Test accuracy: 0.4213076923076923
Number of nodes: 23
Student reward: 0.5592592592592592
Iteration 65/80
Training student with 66000 points
Train accuracy: 0.417594696969697
Test accuracy: 0.41878787878787876
Number of nodes: 23
Student reward: 0.5851851851851851
Iteration 66/80
Training student with 67000 points
Train accuracy: 0.4160074626865672
Test accuracy: 0.42380597014925375
Number of nodes: 23
Student reward: 0.548148148148148
Iteration 67/80
Training student with 68000 points
Train accuracy: 0.41770220588235296
Test accuracy: 0.41808823529411765
Number of nodes: 23
Student reward: 0.562962962962963
Iteration 68/80
Training student with 69000 points
Train accuracy: 0.41793478260869565
Test accuracy: 0.41731884057971014
Number of nodes: 23
Student reward: 0.537037037037037
Iteration 69/80
Training student with 70000 points
Train accuracy: 0.418125
Test accuracy: 0.4185714285714286
Number of nodes: 23
Student reward: 0.562962962962963
Iteration 70/80
Training student with 71000 points
Train accuracy: 0.4179401408450704
Test accuracy: 0.42028169014084504
Number of nodes: 23
Student reward: 0.5814814814814815
Iteration 71/80
Training student with 72000 points
Train accuracy: 0.4176736111111111
Test accuracy: 0.41770833333333335
Number of nodes: 23
Student reward: 0.5703703703703703
Iteration 72/80
Training student with 73000 points
Train accuracy: 0.4165924657534247
Test accuracy: 0.41965753424657537
Number of nodes: 23
Student reward: 0.5444444444444445
Iteration 73/80
Training student with 74000 points
Train accuracy: 0.41516891891891894
Test accuracy: 0.42574324324324325
Number of nodes: 23
Student reward: 0.5407407407407406
Iteration 74/80
Training student with 75000 points
Train accuracy: 0.41788333333333333
Test accuracy: 0.41446666666666665
Number of nodes: 23
Student reward: 0.5444444444444445
Iteration 75/80
Training student with 76000 points
Train accuracy: 0.4185361842105263
Test accuracy: 0.41059210526315787
Number of nodes: 23
Student reward: 0.5407407407407406
Iteration 76/80
Training student with 77000 points
Train accuracy: 0.4182792207792208
Test accuracy: 0.4116233766233766
Number of nodes: 23
Student reward: 0.5407407407407406
Iteration 77/80
Training student with 78000 points
Train accuracy: 0.4165544871794872
Test accuracy: 0.4191666666666667
Number of nodes: 23
Student reward: 0.5259259259259259
Iteration 78/80
Training student with 79000 points
Train accuracy: 0.41609177215189874
Test accuracy: 0.41822784810126584
Number of nodes: 23
Student reward: 0.5592592592592592
Iteration 79/80
Training student with 80000 points
Train accuracy: 0.416015625
Test accuracy: 0.4205
Number of nodes: 23
Student reward: 0.5592592592592592
Initial policy count: 80
Current policy count: 40
Reward update: 0.5888888888888889 -> 0.5511111111111113
Reward update: 0.5851851851851851 -> 0.5711111111111111
Reward update: 0.5814814814814815 -> 0.5592592592592593
Reward update: 0.5814814814814815 -> 0.5474074074074075
Reward update: 0.5814814814814814 -> 0.5577777777777779
Reward update: 0.5777777777777777 -> 0.5674074074074075
Reward update: 0.5777777777777777 -> 0.5674074074074076
Reward update: 0.5740740740740742 -> 0.5481481481481483
Reward update: 0.5740740740740742 -> 0.5511111111111113
Reward update: 0.5740740740740741 -> 0.554814814814815
Reward update: 0.5740740740740741 -> 0.5555555555555557
Reward update: 0.5703703703703703 -> 0.56
Reward update: 0.5703703703703703 -> 0.5570370370370372
Reward update: 0.5666666666666667 -> 0.574814814814815
Reward update: 0.5666666666666667 -> 0.5533333333333336
Reward update: 0.5666666666666667 -> 0.5562962962962964
Reward update: 0.5666666666666667 -> 0.5696296296296297
Reward update: 0.5666666666666667 -> 0.5585185185185187
Reward update: 0.5666666666666667 -> 0.5451851851851852
Reward update: 0.5666666666666667 -> 0.5644444444444444
Reward update: 0.562962962962963 -> 0.5585185185185185
Reward update: 0.562962962962963 -> 0.5444444444444445
Reward update: 0.562962962962963 -> 0.5629629629629631
Reward update: 0.5629629629629629 -> 0.5651851851851852
Reward update: 0.5629629629629629 -> 0.542962962962963
Reward update: 0.5592592592592592 -> 0.5637037037037038
Reward update: 0.5592592592592592 -> 0.5614814814814817
Reward update: 0.5592592592592592 -> 0.5629629629629632
Reward update: 0.5592592592592592 -> 0.5570370370370372
Reward update: 0.5592592592592591 -> 0.5592592592592595
Reward update: 0.5592592592592591 -> 0.5451851851851854
Reward update: 0.5555555555555556 -> 0.554074074074074
Reward update: 0.5555555555555556 -> 0.554074074074074
Reward update: 0.5555555555555556 -> 0.5585185185185185
Reward update: 0.5555555555555556 -> 0.5577777777777778
Reward update: 0.5555555555555556 -> 0.5511111111111112
Reward update: 0.5555555555555556 -> 0.5481481481481484
Reward update: 0.5555555555555556 -> 0.5548148148148148
Reward update: 0.5555555555555556 -> 0.5533333333333335
Reward update: 0.5555555555555555 -> 0.5637037037037037
Current policy count: 20
Reward update: 0.574814814814815 -> 0.5481481481481483
Reward update: 0.5711111111111111 -> 0.54962962962963
Reward update: 0.5696296296296297 -> 0.5496296296296299
Reward update: 0.5674074074074076 -> 0.5459259259259261
Reward update: 0.5674074074074075 -> 0.5562962962962964
Reward update: 0.5651851851851852 -> 0.5562962962962962
Reward update: 0.5644444444444444 -> 0.5548148148148149
Reward update: 0.5637037037037038 -> 0.5644444444444443
Reward update: 0.5637037037037037 -> 0.5511111111111113
Reward update: 0.5629629629629632 -> 0.5607407407407409
Reward update: 0.5629629629629631 -> 0.557777777777778
Reward update: 0.5614814814814817 -> 0.5540740740740742
Reward update: 0.56 -> 0.5592592592592593
Reward update: 0.5592592592592595 -> 0.5659259259259262
Reward update: 0.5592592592592593 -> 0.5540740740740742
Reward update: 0.5585185185185187 -> 0.5533333333333336
Reward update: 0.5585185185185185 -> 0.5562962962962964
Reward update: 0.5585185185185185 -> 0.5474074074074077
Reward update: 0.5577777777777779 -> 0.5629629629629629
Reward update: 0.5577777777777778 -> 0.5518518518518518
Current policy count: 10
Reward update: 0.5659259259259262 -> 0.5466666666666667
Reward update: 0.5644444444444443 -> 0.5570370370370373
Reward update: 0.5629629629629629 -> 0.5555555555555558
Reward update: 0.5607407407407409 -> 0.5503703703703705
Reward update: 0.5592592592592593 -> 0.5488888888888889
Reward update: 0.557777777777778 -> 0.5548148148148146
Reward update: 0.5562962962962964 -> 0.5607407407407408
Reward update: 0.5562962962962964 -> 0.548888888888889
Reward update: 0.5562962962962962 -> 0.5496296296296298
Reward update: 0.5548148148148149 -> 0.5585185185185186
Current policy count: 5
Reward update: 0.5607407407407408 -> 0.5518518518518518
Reward update: 0.5585185185185186 -> 0.5644444444444446
Reward update: 0.5570370370370373 -> 0.5562962962962962
Reward update: 0.5555555555555558 -> 0.5496296296296297
Reward update: 0.5548148148148146 -> 0.548888888888889
Current policy count: 3
Reward update: 0.5644444444444446 -> 0.5592592592592593
Reward update: 0.5562962962962962 -> 0.5533333333333335
Reward update: 0.5518518518518518 -> 0.5622222222222223
Current policy count: 2
Reward update: 0.5622222222222223 -> 0.546666666666667
Reward update: 0.5592592592592593 -> 0.5600000000000002
Current policy count: 1
Reward update: 0.5600000000000002 -> 0.551851851851852
Final reward: 0.560740740740741
Number of nodes: 23
