Iteration 0/80
Training student with 3000 points
Train accuracy: 0.3
Test accuracy: 0.31666666666666665
Number of nodes: 31
Student reward: 0.0
Iteration 1/80
Training student with 6000 points
Train accuracy: 0.2785416666666667
Test accuracy: 0.26916666666666667
Number of nodes: 31
Student reward: 0.0
Iteration 2/80
Training student with 9000 points
Train accuracy: 0.28180555555555553
Test accuracy: 0.255
Number of nodes: 31
Student reward: 0.0
Iteration 3/80
Training student with 12000 points
Train accuracy: 0.27958333333333335
Test accuracy: 0.27708333333333335
Number of nodes: 31
Student reward: 0.0
Iteration 4/80
Training student with 15000 points
Train accuracy: 0.27341666666666664
Test accuracy: 0.26366666666666666
Number of nodes: 31
Student reward: 0.0
Iteration 5/80
Training student with 18000 points
Train accuracy: 0.2852777777777778
Test accuracy: 0.2752777777777778
Number of nodes: 31
Student reward: 0.0
Iteration 6/80
Training student with 21000 points
Train accuracy: 0.27666666666666667
Test accuracy: 0.2723809523809524
Number of nodes: 31
Student reward: 0.0
Iteration 7/80
Training student with 24000 points
Train accuracy: 0.27416666666666667
Test accuracy: 0.28229166666666666
Number of nodes: 31
Student reward: 0.0
Iteration 8/80
Training student with 27000 points
Train accuracy: 0.27953703703703703
Test accuracy: 0.27444444444444444
Number of nodes: 31
Student reward: 0.0
Iteration 9/80
Training student with 30000 points
Train accuracy: 0.27016666666666667
Test accuracy: 0.27016666666666667
Number of nodes: 31
Student reward: 0.0
Iteration 10/80
Training student with 33000 points
Train accuracy: 0.2793939393939394
Test accuracy: 0.27924242424242424
Number of nodes: 31
Student reward: 0.0
Iteration 11/80
Training student with 36000 points
Train accuracy: 0.2757986111111111
Test accuracy: 0.26305555555555554
Number of nodes: 31
Student reward: 0.0
Iteration 12/80
Training student with 39000 points
Train accuracy: 0.2792307692307692
Test accuracy: 0.26794871794871794
Number of nodes: 31
Student reward: 0.0
Iteration 13/80
Training student with 42000 points
Train accuracy: 0.2769940476190476
Test accuracy: 0.27690476190476193
Number of nodes: 31
Student reward: 0.0
Iteration 14/80
Training student with 45000 points
Train accuracy: 0.2773888888888889
Test accuracy: 0.2743333333333333
Number of nodes: 31
Student reward: 0.0
Iteration 15/80
Training student with 48000 points
Train accuracy: 0.27520833333333333
Test accuracy: 0.2725
Number of nodes: 31
Student reward: 0.0
Iteration 16/80
Training student with 51000 points
Train accuracy: 0.2759313725490196
Test accuracy: 0.26598039215686275
Number of nodes: 31
Student reward: 0.0
Iteration 17/80
Training student with 54000 points
Train accuracy: 0.2748611111111111
Test accuracy: 0.2740740740740741
Number of nodes: 31
Student reward: 0.0
Iteration 18/80
Training student with 57000 points
Train accuracy: 0.27267543859649124
Test accuracy: 0.28289473684210525
Number of nodes: 31
Student reward: 0.0
Iteration 19/80
Training student with 60000 points
Train accuracy: 0.27545833333333336
Test accuracy: 0.27675
Number of nodes: 31
Student reward: 0.0
Iteration 20/80
Training student with 63000 points
Train accuracy: 0.27942460317460316
Test accuracy: 0.276031746031746
Number of nodes: 31
Student reward: 0.0
Iteration 21/80
Training student with 66000 points
Train accuracy: 0.2759090909090909
Test accuracy: 0.2747727272727273
Number of nodes: 31
Student reward: 0.0
Iteration 22/80
Training student with 69000 points
Train accuracy: 0.27545289855072463
Test accuracy: 0.2752173913043478
Number of nodes: 31
Student reward: 0.0
Iteration 23/80
Training student with 72000 points
Train accuracy: 0.27447916666666666
Test accuracy: 0.27847222222222223
Number of nodes: 31
Student reward: 0.0
Iteration 24/80
Training student with 75000 points
Train accuracy: 0.27391666666666664
Test accuracy: 0.2778
Number of nodes: 31
Student reward: 0.0
Iteration 25/80
Training student with 78000 points
Train accuracy: 0.2713301282051282
Test accuracy: 0.27487179487179486
Number of nodes: 31
Student reward: 0.0
Iteration 26/80
Training student with 81000 points
Train accuracy: 0.2767901234567901
Test accuracy: 0.2756172839506173
Number of nodes: 31
Student reward: 0.0
Iteration 27/80
Training student with 84000 points
Train accuracy: 0.2767410714285714
Test accuracy: 0.27779761904761907
Number of nodes: 31
Student reward: 0.0
Iteration 28/80
Training student with 87000 points
Train accuracy: 0.27695402298850574
Test accuracy: 0.2732183908045977
Number of nodes: 31
Student reward: 0.0
Iteration 29/80
Training student with 90000 points
Train accuracy: 0.2755138888888889
Test accuracy: 0.27494444444444444
Number of nodes: 31
Student reward: 0.0
Iteration 30/80
Training student with 93000 points
Train accuracy: 0.2755779569892473
Test accuracy: 0.26865591397849464
Number of nodes: 31
Student reward: 0.0
Iteration 31/80
Training student with 96000 points
Train accuracy: 0.2776692708333333
Test accuracy: 0.2794270833333333
Number of nodes: 31
Student reward: 0.0
Iteration 32/80
Training student with 99000 points
Train accuracy: 0.2742550505050505
Test accuracy: 0.27424242424242423
Number of nodes: 31
Student reward: 0.0
Iteration 33/80
Training student with 102000 points
Train accuracy: 0.27776960784313726
Test accuracy: 0.2793627450980392
Number of nodes: 31
Student reward: 0.0
Iteration 34/80
Training student with 105000 points
Train accuracy: 0.2764404761904762
Test accuracy: 0.2789047619047619
Number of nodes: 31
Student reward: 0.0
Iteration 35/80
Training student with 108000 points
Train accuracy: 0.27686342592592594
Test accuracy: 0.28171296296296294
Number of nodes: 31
Student reward: 0.0
Iteration 36/80
Training student with 111000 points
Train accuracy: 0.2757882882882883
Test accuracy: 0.27427927927927925
Number of nodes: 31
Student reward: 0.0
Iteration 37/80
Training student with 114000 points
Train accuracy: 0.27862938596491227
Test accuracy: 0.27850877192982454
Number of nodes: 31
Student reward: 0.0
Iteration 38/80
Training student with 117000 points
Train accuracy: 0.27416666666666667
Test accuracy: 0.277991452991453
Number of nodes: 31
Student reward: 0.0
Iteration 39/80
Training student with 120000 points
Train accuracy: 0.27434375
Test accuracy: 0.27125
Number of nodes: 31
Student reward: 0.0
Iteration 40/80
Training student with 123000 points
Train accuracy: 0.2760670731707317
Test accuracy: 0.27776422764227643
Number of nodes: 31
Student reward: 0.0
Iteration 41/80
Training student with 126000 points
Train accuracy: 0.27438492063492065
Test accuracy: 0.28043650793650793
Number of nodes: 31
Student reward: 0.0
Iteration 42/80
Training student with 129000 points
Train accuracy: 0.2763468992248062
Test accuracy: 0.2732170542635659
Number of nodes: 31
Student reward: 0.0
Iteration 43/80
Training student with 132000 points
Train accuracy: 0.274469696969697
Test accuracy: 0.2746590909090909
Number of nodes: 31
Student reward: 0.0
Iteration 44/80
Training student with 135000 points
Train accuracy: 0.2751111111111111
Test accuracy: 0.2754814814814815
Number of nodes: 31
Student reward: 0.0
Iteration 45/80
Training student with 138000 points
Train accuracy: 0.2768659420289855
Test accuracy: 0.2807971014492754
Number of nodes: 31
Student reward: 0.0
Iteration 46/80
Training student with 141000 points
Train accuracy: 0.27571808510638296
Test accuracy: 0.2756382978723404
Number of nodes: 31
Student reward: 0.0
Iteration 47/80
Training student with 144000 points
Train accuracy: 0.27678819444444447
Test accuracy: 0.27826388888888887
Number of nodes: 31
Student reward: 0.0
Iteration 48/80
Training student with 147000 points
Train accuracy: 0.2792857142857143
Test accuracy: 0.2696938775510204
Number of nodes: 31
Student reward: 0.0
Iteration 49/80
Training student with 150000 points
Train accuracy: 0.2758833333333333
Test accuracy: 0.28163333333333335
Number of nodes: 31
Student reward: 0.0
Iteration 50/80
Training student with 153000 points
Train accuracy: 0.27530228758169933
Test accuracy: 0.27441176470588236
Number of nodes: 31
Student reward: 0.0
Iteration 51/80
Training student with 156000 points
Train accuracy: 0.2749358974358974
Test accuracy: 0.2771153846153846
Number of nodes: 31
Student reward: 0.0
Iteration 52/80
Training student with 159000 points
Train accuracy: 0.27605345911949686
Test accuracy: 0.2743396226415094
Number of nodes: 31
Student reward: 0.0
Iteration 53/80
Training student with 162000 points
Train accuracy: 0.27507716049382713
Test accuracy: 0.27521604938271604
Number of nodes: 31
Student reward: 0.0
Iteration 54/80
Training student with 165000 points
Train accuracy: 0.27806060606060606
Test accuracy: 0.27493939393939393
Number of nodes: 31
Student reward: 0.0
Iteration 55/80
Training student with 168000 points
Train accuracy: 0.2770684523809524
Test accuracy: 0.27967261904761903
Number of nodes: 31
Student reward: 0.0
Iteration 56/80
Training student with 171000 points
Train accuracy: 0.27548976608187137
Test accuracy: 0.2768421052631579
Number of nodes: 31
Student reward: 0.0
Iteration 57/80
Training student with 174000 points
Train accuracy: 0.2757399425287356
Test accuracy: 0.27336206896551724
Number of nodes: 31
Student reward: 0.0
Iteration 58/80
Training student with 177000 points
Train accuracy: 0.2753319209039548
Test accuracy: 0.27666666666666667
Number of nodes: 31
Student reward: 0.0
Iteration 59/80
Training student with 180000 points
Train accuracy: 0.27497222222222223
Test accuracy: 0.2743888888888889
Number of nodes: 31
Student reward: 0.0
Iteration 60/80
Training student with 183000 points
Train accuracy: 0.2764959016393443
Test accuracy: 0.2757377049180328
Number of nodes: 31
Student reward: 0.0
Iteration 61/80
Training student with 186000 points
Train accuracy: 0.2741465053763441
Test accuracy: 0.2745967741935484
Number of nodes: 31
Student reward: 0.0
Iteration 62/80
Training student with 189000 points
Train accuracy: 0.2761441798941799
Test accuracy: 0.2767724867724868
Number of nodes: 31
Student reward: 0.0
Iteration 63/80
Training student with 192000 points
Train accuracy: 0.27810546875
Test accuracy: 0.27625
Number of nodes: 31
Student reward: 0.0
Iteration 64/80
Training student with 195000 points
Train accuracy: 0.27523717948717946
Test accuracy: 0.27625641025641023
Number of nodes: 31
Student reward: 0.0
Iteration 65/80
Training student with 198000 points
Train accuracy: 0.27587752525252524
Test accuracy: 0.2791161616161616
Number of nodes: 31
Student reward: 0.0
Iteration 66/80
Training student with 201000 points
Train accuracy: 0.27430348258706466
Test accuracy: 0.2715422885572139
Number of nodes: 31
Student reward: 0.0
Iteration 67/80
Training student with 204000 points
Train accuracy: 0.27370098039215685
Test accuracy: 0.27397058823529413
Number of nodes: 31
Student reward: 0.0
Iteration 68/80
Training student with 207000 points
Train accuracy: 0.27807971014492755
Test accuracy: 0.28106280193236716
Number of nodes: 31
Student reward: 0.0
Iteration 69/80
Training student with 210000 points
Train accuracy: 0.27601785714285715
Test accuracy: 0.277
Number of nodes: 31
Student reward: 0.0
Iteration 70/80
Training student with 213000 points
Train accuracy: 0.2751995305164319
Test accuracy: 0.27680751173708923
Number of nodes: 31
Student reward: 0.0
Iteration 71/80
Training student with 216000 points
Train accuracy: 0.2778125
Test accuracy: 0.27520833333333333
Number of nodes: 31
Student reward: 0.0
Iteration 72/80
Training student with 219000 points
Train accuracy: 0.2775342465753425
Test accuracy: 0.2787442922374429
Number of nodes: 31
Student reward: 0.0
Iteration 73/80
Training student with 222000 points
Train accuracy: 0.27522522522522525
Test accuracy: 0.2765990990990991
Number of nodes: 31
Student reward: 0.0
Iteration 74/80
Training student with 225000 points
Train accuracy: 0.2752833333333333
Test accuracy: 0.27653333333333335
Number of nodes: 31
Student reward: 0.0
Iteration 75/80
Training student with 228000 points
Train accuracy: 0.27677083333333335
Test accuracy: 0.27633771929824563
Number of nodes: 31
Student reward: 0.0
Iteration 76/80
Training student with 231000 points
Train accuracy: 0.2739935064935065
Test accuracy: 0.2781818181818182
Number of nodes: 31
Student reward: 0.0
Iteration 77/80
Training student with 234000 points
Train accuracy: 0.2742254273504274
Test accuracy: 0.27681623931623933
Number of nodes: 31
Student reward: 0.0
Iteration 78/80
Training student with 237000 points
Train accuracy: 0.2750105485232068
Test accuracy: 0.27651898734177216
Number of nodes: 31
Student reward: 0.0
Iteration 79/80
Training student with 240000 points
Train accuracy: 0.27582291666666664
Test accuracy: 0.277625
Number of nodes: 31
Student reward: 0.0
Initial policy count: 80
Current policy count: 40
Reward update: 0.0 -> 0.0
Reward update: 0.0 -> 0.0
Reward update: 0.0 -> 0.0
Reward update: 0.0 -> 0.0
Reward update: 0.0 -> 0.0
Reward update: 0.0 -> 0.0
Reward update: 0.0 -> 0.0
Reward update: 0.0 -> 0.0
Reward update: 0.0 -> 0.0
Reward update: 0.0 -> 0.0
Reward update: 0.0 -> 0.0
Reward update: 0.0 -> 0.0
Reward update: 0.0 -> 0.0
Reward update: 0.0 -> 0.0
Reward update: 0.0 -> 0.0
Reward update: 0.0 -> 0.0
Reward update: 0.0 -> 0.0
Reward update: 0.0 -> 0.0
Reward update: 0.0 -> 0.0
Reward update: 0.0 -> 0.0
Reward update: 0.0 -> 0.0
Reward update: 0.0 -> 0.0
Reward update: 0.0 -> 0.0
Reward update: 0.0 -> 0.0
Reward update: 0.0 -> 0.0
Reward update: 0.0 -> 0.0
Reward update: 0.0 -> 0.0
Reward update: 0.0 -> 0.0
Reward update: 0.0 -> 0.0
Reward update: 0.0 -> 0.0
Reward update: 0.0 -> 0.0
Reward update: 0.0 -> 0.0
Reward update: 0.0 -> 0.0
Reward update: 0.0 -> 0.0
Reward update: 0.0 -> 0.0
Reward update: 0.0 -> 0.0
Reward update: 0.0 -> 0.0
Reward update: 0.0 -> 0.0
Reward update: 0.0 -> 0.0
Reward update: 0.0 -> 0.0
Current policy count: 20
Reward update: 0.0 -> 0.0
Reward update: 0.0 -> 0.0
Reward update: 0.0 -> 0.0
Reward update: 0.0 -> 0.0
Reward update: 0.0 -> 0.0
Reward update: 0.0 -> 0.0
Reward update: 0.0 -> 0.0
Reward update: 0.0 -> 0.0
Reward update: 0.0 -> 0.0
Reward update: 0.0 -> 0.0
Reward update: 0.0 -> 0.0
Reward update: 0.0 -> 0.0
Reward update: 0.0 -> 0.0
Reward update: 0.0 -> 0.0
Reward update: 0.0 -> 0.0
Reward update: 0.0 -> 0.0
Reward update: 0.0 -> 0.0
Reward update: 0.0 -> 0.0
Reward update: 0.0 -> 0.0
Reward update: 0.0 -> 0.0
Current policy count: 10
Reward update: 0.0 -> 0.0
Reward update: 0.0 -> 0.0
Reward update: 0.0 -> 0.0
Reward update: 0.0 -> 0.0
Reward update: 0.0 -> 0.0
Reward update: 0.0 -> 0.0
Reward update: 0.0 -> 0.0
Reward update: 0.0 -> 0.0
Reward update: 0.0 -> 0.0
Reward update: 0.0 -> 0.0
Current policy count: 5
Reward update: 0.0 -> 0.0
Reward update: 0.0 -> 0.0
Reward update: 0.0 -> 0.0
Reward update: 0.0 -> 0.0
Reward update: 0.0 -> 0.0
Current policy count: 3
Reward update: 0.0 -> 0.0
Reward update: 0.0 -> 0.0
Reward update: 0.0 -> 0.0
Current policy count: 2
Reward update: 0.0 -> 0.0
Reward update: 0.0 -> 0.0
Current policy count: 1
Reward update: 0.0 -> 0.0
Final reward: 0.0
Number of nodes: 31
