Iteration 0/80
Training student with 1202 points
Train accuracy: 0.8917793964620188
Test accuracy: 0.8755186721991701
Number of nodes: 5
Student reward: 9.6
Iteration 1/80
Training student with 2109 points
Train accuracy: 0.8861885002963841
Test accuracy: 0.8957345971563981
Number of nodes: 5
Student reward: 9.6
Iteration 2/80
Training student with 3014 points
Train accuracy: 0.8817917876399834
Test accuracy: 0.8938640132669984
Number of nodes: 5
Student reward: 9.2
Iteration 3/80
Training student with 3859 points
Train accuracy: 0.8843537414965986
Test accuracy: 0.8898963730569949
Number of nodes: 5
Student reward: 8.6
Iteration 4/80
Training student with 4657 points
Train accuracy: 0.8845637583892617
Test accuracy: 0.8948497854077253
Number of nodes: 5
Student reward: 11.0
Iteration 5/80
Training student with 5620 points
Train accuracy: 0.8852313167259787
Test accuracy: 0.8781138790035588
Number of nodes: 5
Student reward: 8.6
Iteration 6/80
Training student with 6435 points
Train accuracy: 0.8817016317016317
Test accuracy: 0.8834498834498834
Number of nodes: 5
Student reward: 10.4
Iteration 7/80
Training student with 7343 points
Train accuracy: 0.8806605379639088
Test accuracy: 0.8924438393464942
Number of nodes: 5
Student reward: 8.8
Iteration 8/80
Training student with 8131 points
Train accuracy: 0.8877613776137762
Test accuracy: 0.8733866011063307
Number of nodes: 5
Student reward: 8.4
Iteration 9/80
Training student with 8868 points
Train accuracy: 0.8831406822667043
Test accuracy: 0.8855693348365277
Number of nodes: 5
Student reward: 10.1
Iteration 10/80
Training student with 9757 points
Train accuracy: 0.8862267777065983
Test accuracy: 0.8780737704918032
Number of nodes: 5
Student reward: 9.7
Iteration 11/80
Training student with 10630 points
Train accuracy: 0.8854656632173095
Test accuracy: 0.8800564440263405
Number of nodes: 5
Student reward: 7.7
Iteration 12/80
Training student with 11295 points
Train accuracy: 0.8852368304559539
Test accuracy: 0.8756086764054891
Number of nodes: 5
Student reward: 9.1
Iteration 13/80
Training student with 12140 points
Train accuracy: 0.8809719934102141
Test accuracy: 0.8892092257001647
Number of nodes: 5
Student reward: 10.5
Iteration 14/80
Training student with 13080 points
Train accuracy: 0.8816896024464832
Test accuracy: 0.8891437308868502
Number of nodes: 5
Student reward: 10.3
Iteration 15/80
Training student with 14033 points
Train accuracy: 0.8835738464279351
Test accuracy: 0.8849305308158176
Number of nodes: 5
Student reward: 9.4
Iteration 16/80
Training student with 14918 points
Train accuracy: 0.8828557063851181
Test accuracy: 0.8857238605898123
Number of nodes: 5
Student reward: 8.0
Iteration 17/80
Training student with 15642 points
Train accuracy: 0.8829217613681771
Test accuracy: 0.883668903803132
Number of nodes: 5
Student reward: 10.2
Iteration 18/80
Training student with 16552 points
Train accuracy: 0.881655464088815
Test accuracy: 0.8903654485049833
Number of nodes: 5
Student reward: 8.2
Iteration 19/80
Training student with 17309 points
Train accuracy: 0.8819961002383188
Test accuracy: 0.8838821490467937
Number of nodes: 5
Student reward: 9.5
Iteration 20/80
Training student with 18177 points
Train accuracy: 0.8819200880269582
Test accuracy: 0.8839383938393839
Number of nodes: 5
Student reward: 8.6
Iteration 21/80
Training student with 18952 points
Train accuracy: 0.8835169184090759
Test accuracy: 0.8789237668161435
Number of nodes: 5
Student reward: 9.8
Iteration 22/80
Training student with 19816 points
Train accuracy: 0.8829800656068635
Test accuracy: 0.8819374369323916
Number of nodes: 5
Student reward: 9.2
Iteration 23/80
Training student with 20637 points
Train accuracy: 0.8822460476103944
Test accuracy: 0.8844476744186046
Number of nodes: 5
Student reward: 9.9
Iteration 24/80
Training student with 21516 points
Train accuracy: 0.8826981175923774
Test accuracy: 0.8805762081784386
Number of nodes: 5
Student reward: 11.4
Iteration 25/80
Training student with 22580 points
Train accuracy: 0.8813662533215235
Test accuracy: 0.8861824623560673
Number of nodes: 5
Student reward: 8.2
Iteration 26/80
Training student with 23379 points
Train accuracy: 0.8823183446505908
Test accuracy: 0.8843028229255774
Number of nodes: 5
Student reward: 9.8
Iteration 27/80
Training student with 24276 points
Train accuracy: 0.8839855818743564
Test accuracy: 0.8739703459637562
Number of nodes: 5
Student reward: 9.7
Iteration 28/80
Training student with 25132 points
Train accuracy: 0.8802287988062671
Test accuracy: 0.8846230356077183
Number of nodes: 5
Student reward: 10.2
Iteration 29/80
Training student with 26055 points
Train accuracy: 0.8803972366148531
Test accuracy: 0.885242755709077
Number of nodes: 5
Student reward: 10.6
Iteration 30/80
Training student with 27022 points
Train accuracy: 0.8804644492760327
Test accuracy: 0.8823311748381129
Number of nodes: 5
Student reward: 10.4
Iteration 31/80
Training student with 27970 points
Train accuracy: 0.8806757239899893
Test accuracy: 0.8818376832320344
Number of nodes: 5
Student reward: 10.5
Iteration 32/80
Training student with 28916 points
Train accuracy: 0.8812467577381982
Test accuracy: 0.8794951590594744
Number of nodes: 5
Student reward: 10.8
Iteration 33/80
Training student with 29932 points
Train accuracy: 0.881770724577156
Test accuracy: 0.8787372640721564
Number of nodes: 5
Student reward: 8.5
Iteration 34/80
Training student with 30709 points
Train accuracy: 0.8828509789555095
Test accuracy: 0.8744708563985673
Number of nodes: 5
Student reward: 9.1
Iteration 35/80
Training student with 31544 points
Train accuracy: 0.8812760055478502
Test accuracy: 0.8815977175463623
Number of nodes: 5
Student reward: 9.4
Iteration 36/80
Training student with 32398 points
Train accuracy: 0.8822440003086658
Test accuracy: 0.8787037037037037
Number of nodes: 5
Student reward: 8.9
Iteration 37/80
Training student with 33219 points
Train accuracy: 0.8813170272812794
Test accuracy: 0.8841059602649006
Number of nodes: 5
Student reward: 10.4
Iteration 38/80
Training student with 34174 points
Train accuracy: 0.8807198507626468
Test accuracy: 0.8854425749817117
Number of nodes: 5
Student reward: 8.7
Iteration 39/80
Training student with 34958 points
Train accuracy: 0.8814274476149611
Test accuracy: 0.8824370709382151
Number of nodes: 5
Student reward: 9.1
Iteration 40/80
Training student with 35803 points
Train accuracy: 0.8824104461978912
Test accuracy: 0.8786482334869432
Number of nodes: 5
Student reward: 8.7
Iteration 41/80
Training student with 36577 points
Train accuracy: 0.8806602645159085
Test accuracy: 0.884499726626572
Number of nodes: 5
Student reward: 8.4
Iteration 42/80
Training student with 37350 points
Train accuracy: 0.8837014725568942
Test accuracy: 0.8714859437751004
Number of nodes: 5
Student reward: 9.3
Iteration 43/80
Training student with 38182 points
Train accuracy: 0.8804386970044197
Test accuracy: 0.8838549168521671
Number of nodes: 5
Student reward: 7.6
Iteration 44/80
Training student with 38884 points
Train accuracy: 0.8806377985662391
Test accuracy: 0.8824739616818825
Number of nodes: 5
Student reward: 9.5
Iteration 45/80
Training student with 39760 points
Train accuracy: 0.8803445674044266
Test accuracy: 0.8836770623742455
Number of nodes: 5
Student reward: 11.3
Iteration 46/80
Training student with 40752 points
Train accuracy: 0.8809238980399374
Test accuracy: 0.882223040117777
Number of nodes: 5
Student reward: 9.8
Iteration 47/80
Training student with 41663 points
Train accuracy: 0.8801980198019802
Test accuracy: 0.8856354254170167
Number of nodes: 5
Student reward: 9.7
Iteration 48/80
Training student with 42584 points
Train accuracy: 0.8805588986409135
Test accuracy: 0.885288247035341
Number of nodes: 5
Student reward: 9.4
Iteration 49/80
Training student with 43448 points
Train accuracy: 0.8809482709016629
Test accuracy: 0.8841196777905639
Number of nodes: 5
Student reward: 9.1
Iteration 50/80
Training student with 44294 points
Train accuracy: 0.8813884577395231
Test accuracy: 0.8826052601873801
Number of nodes: 5
Student reward: 9.0
Iteration 51/80
Training student with 45128 points
Train accuracy: 0.8818625006924824
Test accuracy: 0.8830046532240196
Number of nodes: 5
Student reward: 9.5
Iteration 52/80
Training student with 46020 points
Train accuracy: 0.8814102564102564
Test accuracy: 0.8852672750977836
Number of nodes: 5
Student reward: 11.3
Iteration 53/80
Training student with 47015 points
Train accuracy: 0.8825640752951186
Test accuracy: 0.8817398702541742
Number of nodes: 5
Student reward: 11.0
Iteration 54/80
Training student with 47998 points
Train accuracy: 0.8830668263972082
Test accuracy: 0.8807291666666667
Number of nodes: 5
Student reward: 8.0
Iteration 55/80
Training student with 48747 points
Train accuracy: 0.8826063543349488
Test accuracy: 0.8827692307692308
Number of nodes: 5
Student reward: 9.9
Iteration 56/80
Training student with 49632 points
Train accuracy: 0.8828862863619191
Test accuracy: 0.8799234411201773
Number of nodes: 5
Student reward: 8.2
Iteration 57/80
Training student with 50353 points
Train accuracy: 0.8827516012114592
Test accuracy: 0.8800516334028399
Number of nodes: 5
Student reward: 9.1
Iteration 58/80
Training student with 51213 points
Train accuracy: 0.8826946546253356
Test accuracy: 0.8805037586644537
Number of nodes: 5
Student reward: 9.7
Iteration 59/80
Training student with 52093 points
Train accuracy: 0.8825646686183232
Test accuracy: 0.8803148094826759
Number of nodes: 5
Student reward: 8.7
Iteration 60/80
Training student with 52881 points
Train accuracy: 0.8824697428139183
Test accuracy: 0.8818190413160631
Number of nodes: 5
Student reward: 9.0
Iteration 61/80
Training student with 53727 points
Train accuracy: 0.881389451152835
Test accuracy: 0.8839568211427508
Number of nodes: 5
Student reward: 9.7
Iteration 62/80
Training student with 54636 points
Train accuracy: 0.8813718312437082
Test accuracy: 0.8839677891654466
Number of nodes: 5
Student reward: 9.8
Iteration 63/80
Training student with 55509 points
Train accuracy: 0.8816402819375324
Test accuracy: 0.8828139074040713
Number of nodes: 5
Student reward: 10.3
Iteration 64/80
Training student with 56471 points
Train accuracy: 0.8816406941738977
Test accuracy: 0.882514386896857
Number of nodes: 5
Student reward: 9.9
Iteration 65/80
Training student with 57390 points
Train accuracy: 0.8821223209618401
Test accuracy: 0.8808154730789336
Number of nodes: 5
Student reward: 9.9
Iteration 66/80
Training student with 58309 points
Train accuracy: 0.8813214140244817
Test accuracy: 0.8849253987309209
Number of nodes: 5
Student reward: 9.1
Iteration 67/80
Training student with 59156 points
Train accuracy: 0.8816456766122898
Test accuracy: 0.8831135902636917
Number of nodes: 5
Student reward: 9.2
Iteration 68/80
Training student with 59978 points
Train accuracy: 0.8824142386728356
Test accuracy: 0.8812104034678226
Number of nodes: 5
Student reward: 10.1
Iteration 69/80
Training student with 60906 points
Train accuracy: 0.8815162958706182
Test accuracy: 0.8846659005089477
Number of nodes: 5
Student reward: 9.4
Iteration 70/80
Training student with 61790 points
Train accuracy: 0.8809677941414469
Test accuracy: 0.8863084641527755
Number of nodes: 5
Student reward: 10.7
Iteration 71/80
Training student with 62729 points
Train accuracy: 0.881533587071319
Test accuracy: 0.8845847282002232
Number of nodes: 5
Student reward: 8.0
Iteration 72/80
Training student with 63500 points
Train accuracy: 0.8824606299212598
Test accuracy: 0.8807874015748032
Number of nodes: 5
Student reward: 8.7
Iteration 73/80
Training student with 64323 points
Train accuracy: 0.8819425550934743
Test accuracy: 0.8824718227749708
Number of nodes: 5
Student reward: 9.8
Iteration 74/80
Training student with 65234 points
Train accuracy: 0.8821545595646425
Test accuracy: 0.8811220970338008
Number of nodes: 5
Student reward: 9.5
Iteration 75/80
Training student with 66105 points
Train accuracy: 0.8824219045457984
Test accuracy: 0.8815520762423418
Number of nodes: 5
Student reward: 10.3
Iteration 76/80
Training student with 66984 points
Train accuracy: 0.8824528337096684
Test accuracy: 0.8824363663506756
Number of nodes: 5
Student reward: 9.2
Iteration 77/80
Training student with 67829 points
Train accuracy: 0.8810054733427934
Test accuracy: 0.8876603272888103
Number of nodes: 5
Student reward: 11.2
Iteration 78/80
Training student with 68858 points
Train accuracy: 0.8823294484987111
Test accuracy: 0.8824426372349695
Number of nodes: 5
Student reward: 9.6
Iteration 79/80
Training student with 69676 points
Train accuracy: 0.8811266594904915
Test accuracy: 0.8874138920780712
Number of nodes: 5
Student reward: 9.2
Initial policy count: 80
Current policy count: 40
Reward update: 11.4 -> 9.92
Reward update: 11.3 -> 8.94
Reward update: 11.3 -> 9.5
Reward update: 11.2 -> 9.38
Reward update: 11.0 -> 9.96
Reward update: 11.0 -> 9.24
Reward update: 10.8 -> 9.9
Reward update: 10.7 -> 9.4
Reward update: 10.6 -> 9.52
Reward update: 10.5 -> 9.6
Reward update: 10.5 -> 9.46
Reward update: 10.4 -> 9.44
Reward update: 10.4 -> 10.28
Reward update: 10.4 -> 9.36
Reward update: 10.3 -> 9.26
Reward update: 10.3 -> 10.0
Reward update: 10.3 -> 9.96
Reward update: 10.2 -> 10.12
Reward update: 10.2 -> 8.88
Reward update: 10.1 -> 9.42
Reward update: 10.1 -> 9.74
Reward update: 9.9 -> 8.84
Reward update: 9.9 -> 10.36
Reward update: 9.9 -> 9.52
Reward update: 9.9 -> 9.08
Reward update: 9.8 -> 9.6
Reward update: 9.8 -> 9.1
Reward update: 9.8 -> 9.26
Reward update: 9.8 -> 10.18
Reward update: 9.8 -> 9.64
Reward update: 9.7 -> 10.3
Reward update: 9.7 -> 9.0
Reward update: 9.7 -> 9.54
Reward update: 9.7 -> 9.3
Reward update: 9.7 -> 9.66
Reward update: 9.6 -> 9.48
Reward update: 9.6 -> 9.08
Reward update: 9.6 -> 9.18
Reward update: 9.5 -> 9.16
Reward update: 9.5 -> 9.98
Current policy count: 20
Reward update: 10.36 -> 9.6
Reward update: 10.3 -> 9.52
Reward update: 10.28 -> 9.44
Reward update: 10.18 -> 9.5
Reward update: 10.12 -> 9.54
Reward update: 10.0 -> 9.58
Reward update: 9.98 -> 8.86
Reward update: 9.96 -> 9.34
Reward update: 9.96 -> 9.0
Reward update: 9.92 -> 9.66
Reward update: 9.9 -> 9.52
Reward update: 9.74 -> 9.6
Reward update: 9.66 -> 9.48
Reward update: 9.64 -> 9.98
Reward update: 9.6 -> 9.42
Reward update: 9.6 -> 9.78
Reward update: 9.54 -> 9.16
Reward update: 9.52 -> 9.1
Reward update: 9.52 -> 9.3
Reward update: 9.5 -> 9.28
Current policy count: 10
Reward update: 9.98 -> 9.18
Reward update: 9.78 -> 9.36
Reward update: 9.66 -> 9.56
Reward update: 9.6 -> 8.9
Reward update: 9.6 -> 9.48
Reward update: 9.58 -> 9.68
Reward update: 9.54 -> 9.58
Reward update: 9.52 -> 9.7
Reward update: 9.52 -> 10.04
Reward update: 9.5 -> 9.72
Current policy count: 5
Reward update: 10.04 -> 9.44
Reward update: 9.72 -> 9.56
Reward update: 9.7 -> 9.46
Reward update: 9.68 -> 9.42
Reward update: 9.58 -> 9.42
Current policy count: 3
Reward update: 9.56 -> 10.04
Reward update: 9.46 -> 9.6
Reward update: 9.44 -> 10.02
Current policy count: 2
Reward update: 10.04 -> 9.74
Reward update: 10.02 -> 9.4
Current policy count: 1
Reward update: 9.74 -> 9.0
Final reward: 9.52
Number of nodes: 5
