Iteration 0/80
Training student with 129 points
Train accuracy: 0.8252427184466019
Test accuracy: 0.6153846153846154
Number of nodes: 7
Student reward: 0.26363636363636367
Iteration 1/80
Training student with 1038 points
Train accuracy: 0.42771084337349397
Test accuracy: 0.46153846153846156
Number of nodes: 9
Student reward: 0.17272727272727273
Iteration 2/80
Training student with 2038 points
Train accuracy: 0.4269938650306748
Test accuracy: 0.41421568627450983
Number of nodes: 13
Student reward: 0.15454545454545454
Iteration 3/80
Training student with 3038 points
Train accuracy: 0.38065843621399176
Test accuracy: 0.36348684210526316
Number of nodes: 11
Student reward: 0.32727272727272727
Iteration 4/80
Training student with 3947 points
Train accuracy: 0.42952169781438077
Test accuracy: 0.44936708860759494
Number of nodes: 13
Student reward: 0.23636363636363633
Iteration 5/80
Training student with 4947 points
Train accuracy: 0.4048521607278241
Test accuracy: 0.41414141414141414
Number of nodes: 13
Student reward: 0.3090909090909091
Iteration 6/80
Training student with 5765 points
Train accuracy: 0.4054640069384215
Test accuracy: 0.401561144839549
Number of nodes: 13
Student reward: 0.16363636363636364
Iteration 7/80
Training student with 6765 points
Train accuracy: 0.38784183296378416
Test accuracy: 0.3858093126385809
Number of nodes: 11
Student reward: 0.3363636363636363
Iteration 8/80
Training student with 7674 points
Train accuracy: 0.37840039094315037
Test accuracy: 0.3504885993485342
Number of nodes: 13
Student reward: 0.2
Iteration 9/80
Training student with 8583 points
Train accuracy: 0.35158753277017185
Test accuracy: 0.34129295282469424
Number of nodes: 13
Student reward: 0.32727272727272727
Iteration 10/80
Training student with 9583 points
Train accuracy: 0.357944169058179
Test accuracy: 0.34063641105894626
Number of nodes: 13
Student reward: 0.19999999999999998
Iteration 11/80
Training student with 10492 points
Train accuracy: 0.3530322888121053
Test accuracy: 0.3568365888518342
Number of nodes: 13
Student reward: 0.3545454545454545
Iteration 12/80
Training student with 11401 points
Train accuracy: 0.3801535087719298
Test accuracy: 0.3761508110477861
Number of nodes: 13
Student reward: 0.18181818181818182
Iteration 13/80
Training student with 12310 points
Train accuracy: 0.3859666937449228
Test accuracy: 0.36799350121852153
Number of nodes: 13
Student reward: 0.19999999999999998
Iteration 14/80
Training student with 13310 points
Train accuracy: 0.37659654395191583
Test accuracy: 0.3794139744552968
Number of nodes: 13
Student reward: 0.20909090909090908
Iteration 15/80
Training student with 14219 points
Train accuracy: 0.3621978021978022
Test accuracy: 0.3621659634317862
Number of nodes: 13
Student reward: 0.2909090909090909
Iteration 16/80
Training student with 15128 points
Train accuracy: 0.3654767806974054
Test accuracy: 0.3625247851949769
Number of nodes: 13
Student reward: 0.3363636363636363
Iteration 17/80
Training student with 15946 points
Train accuracy: 0.37307933521480086
Test accuracy: 0.374294670846395
Number of nodes: 13
Student reward: 0.20909090909090908
Iteration 18/80
Training student with 16946 points
Train accuracy: 0.36957804662142224
Test accuracy: 0.37610619469026546
Number of nodes: 13
Student reward: 0.3181818181818182
Iteration 19/80
Training student with 17855 points
Train accuracy: 0.3769952394287314
Test accuracy: 0.3772052646317558
Number of nodes: 13
Student reward: 0.3454545454545454
Iteration 20/80
Training student with 18673 points
Train accuracy: 0.3653099477841746
Test accuracy: 0.3692101740294511
Number of nodes: 13
Student reward: 0.2909090909090909
Iteration 21/80
Training student with 19673 points
Train accuracy: 0.3800991231414411
Test accuracy: 0.3880559085133418
Number of nodes: 13
Student reward: 0.24545454545454545
Iteration 22/80
Training student with 20673 points
Train accuracy: 0.39152255411778936
Test accuracy: 0.39492140266021764
Number of nodes: 13
Student reward: 0.23636363636363633
Iteration 23/80
Training student with 21673 points
Train accuracy: 0.3936440189179836
Test accuracy: 0.39469434832756634
Number of nodes: 13
Student reward: 0.27272727272727265
Iteration 24/80
Training student with 22673 points
Train accuracy: 0.38593009152056457
Test accuracy: 0.40088202866593164
Number of nodes: 13
Student reward: 0.17272727272727273
Iteration 25/80
Training student with 23673 points
Train accuracy: 0.3980356954271834
Test accuracy: 0.39091869060190076
Number of nodes: 11
Student reward: 0.23636363636363633
Iteration 26/80
Training student with 24582 points
Train accuracy: 0.39425375031782356
Test accuracy: 0.38316046369737644
Number of nodes: 13
Student reward: 0.2545454545454545
Iteration 27/80
Training student with 25582 points
Train accuracy: 0.384803322746152
Test accuracy: 0.3904631620089896
Number of nodes: 13
Student reward: 0.2545454545454545
Iteration 28/80
Training student with 26582 points
Train accuracy: 0.4063954855396191
Test accuracy: 0.40680835057363174
Number of nodes: 13
Student reward: 0.27272727272727265
Iteration 29/80
Training student with 27582 points
Train accuracy: 0.4017675050985724
Test accuracy: 0.3889795178539061
Number of nodes: 13
Student reward: 0.4818181818181818
Iteration 30/80
Training student with 28309 points
Train accuracy: 0.3987724643440632
Test accuracy: 0.39773931472977747
Number of nodes: 13
Student reward: 0.24545454545454543
Iteration 31/80
Training student with 29218 points
Train accuracy: 0.39449816034910584
Test accuracy: 0.4036618754277892
Number of nodes: 13
Student reward: 0.309090909090909
Iteration 32/80
Training student with 30127 points
Train accuracy: 0.3981992448446123
Test accuracy: 0.39960172585462994
Number of nodes: 13
Student reward: 0.33636363636363636
Iteration 33/80
Training student with 31036 points
Train accuracy: 0.38847269212179797
Test accuracy: 0.3946520618556701
Number of nodes: 13
Student reward: 0.42727272727272736
Iteration 34/80
Training student with 31854 points
Train accuracy: 0.39496919514970763
Test accuracy: 0.40464605242505103
Number of nodes: 13
Student reward: 0.2545454545454545
Iteration 35/80
Training student with 32763 points
Train accuracy: 0.394276993513926
Test accuracy: 0.3935602014344575
Number of nodes: 11
Student reward: 0.3545454545454545
Iteration 36/80
Training student with 33581 points
Train accuracy: 0.39543627159023226
Test accuracy: 0.3936281077862141
Number of nodes: 13
Student reward: 0.21818181818181817
Iteration 37/80
Training student with 34581 points
Train accuracy: 0.3899652978600347
Test accuracy: 0.3871620644788203
Number of nodes: 13
Student reward: 0.14545454545454545
Iteration 38/80
Training student with 35581 points
Train accuracy: 0.3916174817313097
Test accuracy: 0.3866797808065196
Number of nodes: 13
Student reward: 0.3818181818181818
Iteration 39/80
Training student with 36399 points
Train accuracy: 0.39809059377039047
Test accuracy: 0.3951923076923077
Number of nodes: 13
Student reward: 0.1818181818181818
Iteration 40/80
Training student with 37399 points
Train accuracy: 0.4008823824325679
Test accuracy: 0.3986631016042781
Number of nodes: 13
Student reward: 0.2545454545454545
Iteration 41/80
Training student with 38308 points
Train accuracy: 0.397735430398747
Test accuracy: 0.3976768467762986
Number of nodes: 13
Student reward: 0.22727272727272724
Iteration 42/80
Training student with 39217 points
Train accuracy: 0.3991011379211424
Test accuracy: 0.389724630290668
Number of nodes: 13
Student reward: 0.27272727272727276
Iteration 43/80
Training student with 40126 points
Train accuracy: 0.3978504672897196
Test accuracy: 0.3897333665586843
Number of nodes: 13
Student reward: 0.2545454545454545
Iteration 44/80
Training student with 41126 points
Train accuracy: 0.40112462006079025
Test accuracy: 0.41186481886700704
Number of nodes: 13
Student reward: 0.23636363636363633
Iteration 45/80
Training student with 42035 points
Train accuracy: 0.39925062447960036
Test accuracy: 0.3982395622695373
Number of nodes: 13
Student reward: 0.2909090909090909
Iteration 46/80
Training student with 42853 points
Train accuracy: 0.40123096668805786
Test accuracy: 0.4066036635165092
Number of nodes: 13
Student reward: 0.1181818181818182
Iteration 47/80
Training student with 43853 points
Train accuracy: 0.396442620147084
Test accuracy: 0.41010147075590014
Number of nodes: 13
Student reward: 0.3181818181818182
Iteration 48/80
Training student with 44762 points
Train accuracy: 0.39227568488368847
Test accuracy: 0.3934993856807774
Number of nodes: 13
Student reward: 0.22727272727272724
Iteration 49/80
Training student with 45762 points
Train accuracy: 0.3955038378540796
Test accuracy: 0.387523216431771
Number of nodes: 11
Student reward: 0.12727272727272726
Iteration 50/80
Training student with 46762 points
Train accuracy: 0.3833302146542276
Test accuracy: 0.39153212872875015
Number of nodes: 11
Student reward: 0.21818181818181817
Iteration 51/80
Training student with 47762 points
Train accuracy: 0.39320578921196575
Test accuracy: 0.3874175651627761
Number of nodes: 13
Student reward: 0.15454545454545457
Iteration 52/80
Training student with 48762 points
Train accuracy: 0.3893973185675101
Test accuracy: 0.38962370552650466
Number of nodes: 13
Student reward: 0.15454545454545454
Iteration 53/80
Training student with 49762 points
Train accuracy: 0.3901379085131503
Test accuracy: 0.3976690445091932
Number of nodes: 13
Student reward: 0.36363636363636365
Iteration 54/80
Training student with 50489 points
Train accuracy: 0.3933549553118269
Test accuracy: 0.3939393939393939
Number of nodes: 13
Student reward: 0.2363636363636364
Iteration 55/80
Training student with 51398 points
Train accuracy: 0.38518410428522787
Test accuracy: 0.3893968871595331
Number of nodes: 13
Student reward: 0.3545454545454545
Iteration 56/80
Training student with 52216 points
Train accuracy: 0.3839174566695394
Test accuracy: 0.39304864036767523
Number of nodes: 13
Student reward: 0.4
Iteration 57/80
Training student with 53034 points
Train accuracy: 0.3832700874443161
Test accuracy: 0.3848401998680117
Number of nodes: 13
Student reward: 0.3363636363636363
Iteration 58/80
Training student with 53943 points
Train accuracy: 0.38404319414191035
Test accuracy: 0.383724163499861
Number of nodes: 13
Student reward: 0.1909090909090909
Iteration 59/80
Training student with 54943 points
Train accuracy: 0.38171724985211813
Test accuracy: 0.3907543907543908
Number of nodes: 11
Student reward: 0.10909090909090909
Iteration 60/80
Training student with 55943 points
Train accuracy: 0.3912052553961657
Test accuracy: 0.39136652068996336
Number of nodes: 13
Student reward: 0.4545454545454545
Iteration 61/80
Training student with 56670 points
Train accuracy: 0.3907931886359626
Test accuracy: 0.393859184753838
Number of nodes: 13
Student reward: 0.3363636363636363
Iteration 62/80
Training student with 57579 points
Train accuracy: 0.3917243774830124
Test accuracy: 0.38667940257033695
Number of nodes: 13
Student reward: 0.18181818181818182
Iteration 63/80
Training student with 58488 points
Train accuracy: 0.3927976063261381
Test accuracy: 0.393400581295948
Number of nodes: 13
Student reward: 0.23636363636363633
Iteration 64/80
Training student with 59397 points
Train accuracy: 0.39093377107140603
Test accuracy: 0.3946969696969697
Number of nodes: 13
Student reward: 0.17272727272727273
Iteration 65/80
Training student with 60397 points
Train accuracy: 0.39035950079682097
Test accuracy: 0.39147350993377483
Number of nodes: 13
Student reward: 0.10909090909090909
Iteration 66/80
Training student with 61397 points
Train accuracy: 0.3900686116823096
Test accuracy: 0.38737785016286647
Number of nodes: 13
Student reward: 0.22727272727272724
Iteration 67/80
Training student with 62397 points
Train accuracy: 0.39142977342388363
Test accuracy: 0.3875801282051282
Number of nodes: 13
Student reward: 0.1090909090909091
Iteration 68/80
Training student with 63397 points
Train accuracy: 0.3881144389455212
Test accuracy: 0.38217665615141955
Number of nodes: 13
Student reward: 0.1818181818181818
Iteration 69/80
Training student with 64397 points
Train accuracy: 0.38909486189024983
Test accuracy: 0.38967391304347826
Number of nodes: 13
Student reward: 0.14545454545454545
Iteration 70/80
Training student with 65397 points
Train accuracy: 0.38582105243037634
Test accuracy: 0.38730886850152907
Number of nodes: 13
Student reward: 0.4
Iteration 71/80
Training student with 66306 points
Train accuracy: 0.3877347108061232
Test accuracy: 0.39707434776051875
Number of nodes: 13
Student reward: 0.3181818181818182
Iteration 72/80
Training student with 67306 points
Train accuracy: 0.38761979050590595
Test accuracy: 0.38939236369038777
Number of nodes: 13
Student reward: 0.22727272727272724
Iteration 73/80
Training student with 68306 points
Train accuracy: 0.38739843349681574
Test accuracy: 0.38354560093690526
Number of nodes: 13
Student reward: 0.12727272727272726
Iteration 74/80
Training student with 69306 points
Train accuracy: 0.38694899357910684
Test accuracy: 0.37952676381474537
Number of nodes: 13
Student reward: 0.2545454545454545
Iteration 75/80
Training student with 70306 points
Train accuracy: 0.38398762534670366
Test accuracy: 0.3815957900725359
Number of nodes: 11
Student reward: 0.47272727272727266
Iteration 76/80
Training student with 71124 points
Train accuracy: 0.38733545405015907
Test accuracy: 0.38530755711775044
Number of nodes: 13
Student reward: 0.2909090909090909
Iteration 77/80
Training student with 72033 points
Train accuracy: 0.39069170166244405
Test accuracy: 0.38502117026445476
Number of nodes: 13
Student reward: 0.3181818181818182
Iteration 78/80
Training student with 73033 points
Train accuracy: 0.39169205490706194
Test accuracy: 0.3872800711987403
Number of nodes: 13
Student reward: 0.29999999999999993
Iteration 79/80
Training student with 73942 points
Train accuracy: 0.39112132943384104
Test accuracy: 0.3954290350936507
Number of nodes: 13
Student reward: 0.3181818181818182
Initial policy count: 80
Current policy count: 40
Reward update: 0.4818181818181818 -> 0.29818181818181816
Reward update: 0.47272727272727266 -> 0.23454545454545472
Reward update: 0.4545454545454545 -> 0.3454545454545454
Reward update: 0.42727272727272736 -> 0.1727272727272727
Reward update: 0.4 -> 0.2090909090909091
Reward update: 0.4 -> 0.21818181818181823
Reward update: 0.3818181818181818 -> 0.27090909090909104
Reward update: 0.36363636363636365 -> 0.22727272727272727
Reward update: 0.3545454545454545 -> 0.26181818181818195
Reward update: 0.3545454545454545 -> 0.3036363636363637
Reward update: 0.3545454545454545 -> 0.21454545454545454
Reward update: 0.3454545454545454 -> 0.31454545454545463
Reward update: 0.33636363636363636 -> 0.23090909090909084
Reward update: 0.3363636363636363 -> 0.22909090909090912
Reward update: 0.3363636363636363 -> 0.26
Reward update: 0.3363636363636363 -> 0.3054545454545456
Reward update: 0.3363636363636363 -> 0.19090909090909083
Reward update: 0.32727272727272727 -> 0.31454545454545463
Reward update: 0.32727272727272727 -> 0.26
Reward update: 0.3181818181818182 -> 0.23090909090909092
Reward update: 0.3181818181818182 -> 0.29272727272727267
Reward update: 0.3181818181818182 -> 0.32909090909090905
Reward update: 0.3181818181818182 -> 0.24727272727272726
Reward update: 0.3181818181818182 -> 0.23636363636363644
Reward update: 0.3090909090909091 -> 0.1963636363636363
Reward update: 0.309090909090909 -> 0.33090909090909093
Reward update: 0.29999999999999993 -> 0.28727272727272735
Reward update: 0.2909090909090909 -> 0.3054545454545455
Reward update: 0.2909090909090909 -> 0.2672727272727272
Reward update: 0.2909090909090909 -> 0.3272727272727274
Reward update: 0.2909090909090909 -> 0.2890909090909091
Reward update: 0.27272727272727276 -> 0.18545454545454543
Reward update: 0.27272727272727265 -> 0.2618181818181819
Reward update: 0.27272727272727265 -> 0.24545454545454556
Reward update: 0.26363636363636367 -> 0.2800000000000001
Reward update: 0.2545454545454545 -> 0.2545454545454546
Reward update: 0.2545454545454545 -> 0.2400000000000001
Reward update: 0.2545454545454545 -> 0.1963636363636364
Reward update: 0.2545454545454545 -> 0.270909090909091
Reward update: 0.2545454545454545 -> 0.2800000000000001
Current policy count: 20
Reward update: 0.3454545454545454 -> 0.18909090909090906
Reward update: 0.33090909090909093 -> 0.26000000000000006
Reward update: 0.32909090909090905 -> 0.2890909090909091
Reward update: 0.3272727272727274 -> 0.2636363636363637
Reward update: 0.31454545454545463 -> 0.21636363636363637
Reward update: 0.31454545454545463 -> 0.32000000000000006
Reward update: 0.3054545454545456 -> 0.2763636363636363
Reward update: 0.3054545454545455 -> 0.2290909090909091
Reward update: 0.3036363636363637 -> 0.31999999999999995
Reward update: 0.29818181818181816 -> 0.2781818181818182
Reward update: 0.29272727272727267 -> 0.21090909090909085
Reward update: 0.2890909090909091 -> 0.25454545454545463
Reward update: 0.28727272727272735 -> 0.2836363636363637
Reward update: 0.2800000000000001 -> 0.32909090909090905
Reward update: 0.2800000000000001 -> 0.2890909090909091
Reward update: 0.27090909090909104 -> 0.2836363636363637
Reward update: 0.270909090909091 -> 0.2472727272727273
Reward update: 0.2672727272727272 -> 0.24181818181818188
Reward update: 0.26181818181818195 -> 0.24909090909090914
Reward update: 0.2618181818181819 -> 0.31272727272727274
Current policy count: 10
Reward update: 0.32909090909090905 -> 0.31272727272727274
Reward update: 0.32000000000000006 -> 0.19454545454545458
Reward update: 0.31999999999999995 -> 0.2563636363636364
Reward update: 0.31272727272727274 -> 0.27090909090909104
Reward update: 0.2890909090909091 -> 0.2872727272727273
Reward update: 0.2890909090909091 -> 0.24727272727272748
Reward update: 0.2836363636363637 -> 0.23090909090909092
Reward update: 0.2836363636363637 -> 0.2672727272727274
Reward update: 0.2781818181818182 -> 0.2872727272727273
Reward update: 0.2763636363636363 -> 0.28909090909090923
Current policy count: 5
Reward update: 0.31272727272727274 -> 0.25818181818181823
Reward update: 0.28909090909090923 -> 0.26
Reward update: 0.2872727272727273 -> 0.2745454545454546
Reward update: 0.2872727272727273 -> 0.2909090909090909
Reward update: 0.27090909090909104 -> 0.21636363636363634
Current policy count: 3
Reward update: 0.2909090909090909 -> 0.28545454545454546
Reward update: 0.2745454545454546 -> 0.26
Reward update: 0.26 -> 0.2836363636363637
Current policy count: 2
Reward update: 0.28545454545454546 -> 0.26
Reward update: 0.2836363636363637 -> 0.3636363636363636
Current policy count: 1
Reward update: 0.3636363636363636 -> 0.1727272727272727
Final reward: 0.3054545454545454
Number of nodes: 13
