Iteration 0/80
Training student with 3000 points
Train accuracy: 0.2825
Test accuracy: 0.24666666666666667
Number of nodes: 31
Student reward: 0.0
Iteration 1/80
Training student with 6000 points
Train accuracy: 0.273125
Test accuracy: 0.265
Number of nodes: 31
Student reward: 0.0
Iteration 2/80
Training student with 9000 points
Train accuracy: 0.275
Test accuracy: 0.2544444444444444
Number of nodes: 31
Student reward: 0.0
Iteration 3/80
Training student with 12000 points
Train accuracy: 0.27458333333333335
Test accuracy: 0.2654166666666667
Number of nodes: 31
Student reward: 0.0
Iteration 4/80
Training student with 15000 points
Train accuracy: 0.27308333333333334
Test accuracy: 0.281
Number of nodes: 31
Student reward: 0.0
Iteration 5/80
Training student with 18000 points
Train accuracy: 0.2725
Test accuracy: 0.26611111111111113
Number of nodes: 31
Student reward: 0.0
Iteration 6/80
Training student with 21000 points
Train accuracy: 0.2719642857142857
Test accuracy: 0.2680952380952381
Number of nodes: 31
Student reward: 0.0
Iteration 7/80
Training student with 24000 points
Train accuracy: 0.26916666666666667
Test accuracy: 0.27770833333333333
Number of nodes: 31
Student reward: 0.0
Iteration 8/80
Training student with 27000 points
Train accuracy: 0.2688888888888889
Test accuracy: 0.27814814814814814
Number of nodes: 31
Student reward: 0.0
Iteration 9/80
Training student with 30000 points
Train accuracy: 0.27125
Test accuracy: 0.268
Number of nodes: 31
Student reward: 0.0
Iteration 10/80
Training student with 33000 points
Train accuracy: 0.2703787878787879
Test accuracy: 0.27045454545454545
Number of nodes: 31
Student reward: 0.0
Iteration 11/80
Training student with 36000 points
Train accuracy: 0.2685416666666667
Test accuracy: 0.27569444444444446
Number of nodes: 31
Student reward: 0.0
Iteration 12/80
Training student with 39000 points
Train accuracy: 0.27115384615384613
Test accuracy: 0.2662820512820513
Number of nodes: 31
Student reward: 0.0
Iteration 13/80
Training student with 42000 points
Train accuracy: 0.2712797619047619
Test accuracy: 0.26785714285714285
Number of nodes: 31
Student reward: 0.0
Iteration 14/80
Training student with 45000 points
Train accuracy: 0.27108333333333334
Test accuracy: 0.2708888888888889
Number of nodes: 31
Student reward: 0.0
Iteration 15/80
Training student with 48000 points
Train accuracy: 0.270859375
Test accuracy: 0.26958333333333334
Number of nodes: 31
Student reward: 0.0
Iteration 16/80
Training student with 51000 points
Train accuracy: 0.2716911764705882
Test accuracy: 0.27058823529411763
Number of nodes: 31
Student reward: 0.0
Iteration 17/80
Training student with 54000 points
Train accuracy: 0.2745601851851852
Test accuracy: 0.26407407407407407
Number of nodes: 31
Student reward: 0.0
Iteration 18/80
Training student with 57000 points
Train accuracy: 0.2729385964912281
Test accuracy: 0.26956140350877195
Number of nodes: 31
Student reward: 0.0
Iteration 19/80
Training student with 60000 points
Train accuracy: 0.27258333333333334
Test accuracy: 0.2725
Number of nodes: 31
Student reward: 0.0
Iteration 20/80
Training student with 63000 points
Train accuracy: 0.2731547619047619
Test accuracy: 0.27071428571428574
Number of nodes: 31
Student reward: 0.0
Iteration 21/80
Training student with 66000 points
Train accuracy: 0.2742613636363636
Test accuracy: 0.26825757575757575
Number of nodes: 31
Student reward: 0.0
Iteration 22/80
Training student with 69000 points
Train accuracy: 0.2742391304347826
Test accuracy: 0.26920289855072466
Number of nodes: 31
Student reward: 0.0
Iteration 23/80
Training student with 72000 points
Train accuracy: 0.2732118055555556
Test accuracy: 0.2746527777777778
Number of nodes: 31
Student reward: 0.0
Iteration 24/80
Training student with 75000 points
Train accuracy: 0.2715666666666667
Test accuracy: 0.27813333333333334
Number of nodes: 31
Student reward: 0.0
Iteration 25/80
Training student with 78000 points
Train accuracy: 0.2732051282051282
Test accuracy: 0.2717307692307692
Number of nodes: 31
Student reward: 0.0
Iteration 26/80
Training student with 81000 points
Train accuracy: 0.27100308641975307
Test accuracy: 0.2822222222222222
Number of nodes: 31
Student reward: 0.0
Iteration 27/80
Training student with 84000 points
Train accuracy: 0.27205357142857145
Test accuracy: 0.27666666666666667
Number of nodes: 31
Student reward: 0.0
Iteration 28/80
Training student with 87000 points
Train accuracy: 0.2725862068965517
Test accuracy: 0.27350574712643677
Number of nodes: 31
Student reward: 0.0
Iteration 29/80
Training student with 90000 points
Train accuracy: 0.2730972222222222
Test accuracy: 0.2718888888888889
Number of nodes: 31
Student reward: 0.0
Iteration 30/80
Training student with 93000 points
Train accuracy: 0.2728763440860215
Test accuracy: 0.2736021505376344
Number of nodes: 31
Student reward: 0.0
Iteration 31/80
Training student with 96000 points
Train accuracy: 0.27369791666666665
Test accuracy: 0.2711458333333333
Number of nodes: 31
Student reward: 0.0
Iteration 32/80
Training student with 99000 points
Train accuracy: 0.27228535353535355
Test accuracy: 0.2765151515151515
Number of nodes: 31
Student reward: 0.0
Iteration 33/80
Training student with 102000 points
Train accuracy: 0.27297794117647056
Test accuracy: 0.2735294117647059
Number of nodes: 31
Student reward: 0.0
Iteration 34/80
Training student with 105000 points
Train accuracy: 0.27280952380952384
Test accuracy: 0.27385714285714285
Number of nodes: 31
Student reward: 0.0
Iteration 35/80
Training student with 108000 points
Train accuracy: 0.27392361111111113
Test accuracy: 0.26990740740740743
Number of nodes: 31
Student reward: 0.0
Iteration 36/80
Training student with 111000 points
Train accuracy: 0.2728603603603604
Test accuracy: 0.2753603603603604
Number of nodes: 31
Student reward: 0.0
Iteration 37/80
Training student with 114000 points
Train accuracy: 0.27232456140350875
Test accuracy: 0.2754385964912281
Number of nodes: 31
Student reward: 0.0
Iteration 38/80
Training student with 117000 points
Train accuracy: 0.27215811965811965
Test accuracy: 0.27623931623931625
Number of nodes: 31
Student reward: 0.0
Iteration 39/80
Training student with 120000 points
Train accuracy: 0.27386458333333336
Test accuracy: 0.2695416666666667
Number of nodes: 31
Student reward: 0.0
Iteration 40/80
Training student with 123000 points
Train accuracy: 0.2725609756097561
Test accuracy: 0.2734959349593496
Number of nodes: 31
Student reward: 0.0
Iteration 41/80
Training student with 126000 points
Train accuracy: 0.2734027777777778
Test accuracy: 0.271984126984127
Number of nodes: 31
Student reward: 0.0
Iteration 42/80
Training student with 129000 points
Train accuracy: 0.27253875968992247
Test accuracy: 0.2748062015503876
Number of nodes: 31
Student reward: 0.0
Iteration 43/80
Training student with 132000 points
Train accuracy: 0.2736458333333333
Test accuracy: 0.2709848484848485
Number of nodes: 31
Student reward: 0.0
Iteration 44/80
Training student with 135000 points
Train accuracy: 0.2733148148148148
Test accuracy: 0.2718888888888889
Number of nodes: 31
Student reward: 0.0
Iteration 45/80
Training student with 138000 points
Train accuracy: 0.27358695652173914
Test accuracy: 0.2723188405797101
Number of nodes: 31
Student reward: 0.0
Iteration 46/80
Training student with 141000 points
Train accuracy: 0.27410460992907804
Test accuracy: 0.27085106382978724
Number of nodes: 31
Student reward: 0.0
Iteration 47/80
Training student with 144000 points
Train accuracy: 0.273984375
Test accuracy: 0.2708333333333333
Number of nodes: 31
Student reward: 0.0
Iteration 48/80
Training student with 147000 points
Train accuracy: 0.2748299319727891
Test accuracy: 0.26914965986394557
Number of nodes: 31
Student reward: 0.0
Iteration 49/80
Training student with 150000 points
Train accuracy: 0.27425
Test accuracy: 0.27186666666666665
Number of nodes: 31
Student reward: 0.0
Iteration 50/80
Training student with 153000 points
Train accuracy: 0.27375
Test accuracy: 0.27395424836601306
Number of nodes: 31
Student reward: 0.0
Iteration 51/80
Training student with 156000 points
Train accuracy: 0.2742628205128205
Test accuracy: 0.2708333333333333
Number of nodes: 31
Student reward: 0.0
Iteration 52/80
Training student with 159000 points
Train accuracy: 0.27431603773584906
Test accuracy: 0.2687735849056604
Number of nodes: 31
Student reward: 0.0
Iteration 53/80
Training student with 162000 points
Train accuracy: 0.27243055555555556
Test accuracy: 0.2762962962962963
Number of nodes: 31
Student reward: 0.0
Iteration 54/80
Training student with 165000 points
Train accuracy: 0.2731363636363636
Test accuracy: 0.27321212121212124
Number of nodes: 31
Student reward: 0.0
Iteration 55/80
Training student with 168000 points
Train accuracy: 0.2723139880952381
Test accuracy: 0.27764880952380955
Number of nodes: 31
Student reward: 0.0
Iteration 56/80
Training student with 171000 points
Train accuracy: 0.2742543859649123
Test accuracy: 0.2704385964912281
Number of nodes: 31
Student reward: 0.0
Iteration 57/80
Training student with 174000 points
Train accuracy: 0.2743103448275862
Test accuracy: 0.2704022988505747
Number of nodes: 31
Student reward: 0.0
Iteration 58/80
Training student with 177000 points
Train accuracy: 0.2745762711864407
Test accuracy: 0.26954802259887006
Number of nodes: 31
Student reward: 0.0
Iteration 59/80
Training student with 180000 points
Train accuracy: 0.2733055555555556
Test accuracy: 0.2738611111111111
Number of nodes: 31
Student reward: 0.0
Iteration 60/80
Training student with 183000 points
Train accuracy: 0.2735382513661202
Test accuracy: 0.27349726775956285
Number of nodes: 31
Student reward: 0.0
Iteration 61/80
Training student with 186000 points
Train accuracy: 0.2737029569892473
Test accuracy: 0.27309139784946235
Number of nodes: 31
Student reward: 0.0
Iteration 62/80
Training student with 189000 points
Train accuracy: 0.2742195767195767
Test accuracy: 0.27161375661375664
Number of nodes: 31
Student reward: 0.0
Iteration 63/80
Training student with 192000 points
Train accuracy: 0.2735416666666667
Test accuracy: 0.2752864583333333
Number of nodes: 31
Student reward: 0.0
Iteration 64/80
Training student with 195000 points
Train accuracy: 0.27464102564102566
Test accuracy: 0.27005128205128204
Number of nodes: 31
Student reward: 0.0
Iteration 65/80
Training student with 198000 points
Train accuracy: 0.2735353535353535
Test accuracy: 0.27434343434343433
Number of nodes: 31
Student reward: 0.0
Iteration 66/80
Training student with 200000 points
Train accuracy: 0.27403125
Test accuracy: 0.27145
Number of nodes: 31
Student reward: 0.0
Iteration 67/80
Training student with 200000 points
Train accuracy: 0.27489375
Test accuracy: 0.269125
Number of nodes: 31
Student reward: 0.0
Iteration 68/80
Training student with 200000 points
Train accuracy: 0.2731
Test accuracy: 0.27465
Number of nodes: 31
Student reward: 0.0
Iteration 69/80
Training student with 200000 points
Train accuracy: 0.27375
Test accuracy: 0.27315
Number of nodes: 31
Student reward: 0.0
Iteration 70/80
Training student with 200000 points
Train accuracy: 0.273975
Test accuracy: 0.271
Number of nodes: 31
Student reward: 0.0
Iteration 71/80
Training student with 200000 points
Train accuracy: 0.2740125
Test accuracy: 0.270175
Number of nodes: 31
Student reward: 0.0
Iteration 72/80
Training student with 200000 points
Train accuracy: 0.27300625
Test accuracy: 0.273375
Number of nodes: 31
Student reward: 0.0
Iteration 73/80
Training student with 200000 points
Train accuracy: 0.27319375
Test accuracy: 0.273725
Number of nodes: 31
Student reward: 0.0
Iteration 74/80
Training student with 200000 points
Train accuracy: 0.2734125
Test accuracy: 0.27345
Number of nodes: 31
Student reward: 0.0
Iteration 75/80
Training student with 200000 points
Train accuracy: 0.27298125
Test accuracy: 0.2737
Number of nodes: 31
Student reward: 0.0
Iteration 76/80
Training student with 200000 points
Train accuracy: 0.2741875
Test accuracy: 0.271875
Number of nodes: 31
Student reward: 0.0
Iteration 77/80
Training student with 200000 points
Train accuracy: 0.27396875
Test accuracy: 0.274025
Number of nodes: 31
Student reward: 0.0
Iteration 78/80
Training student with 200000 points
Train accuracy: 0.2728875
Test accuracy: 0.276
Number of nodes: 31
Student reward: 0.0
Iteration 79/80
Training student with 200000 points
Train accuracy: 0.2744625
Test accuracy: 0.273225
Number of nodes: 31
Student reward: 0.0
Initial policy count: 80
Current policy count: 40
Reward update: 0.0 -> 0.0
Reward update: 0.0 -> 0.0
Reward update: 0.0 -> 0.0
Reward update: 0.0 -> 0.0
Reward update: 0.0 -> 0.0
Reward update: 0.0 -> 0.0
Reward update: 0.0 -> 0.0
Reward update: 0.0 -> 0.0
Reward update: 0.0 -> 0.0
Reward update: 0.0 -> 0.0
Reward update: 0.0 -> 0.0
Reward update: 0.0 -> 0.0
Reward update: 0.0 -> 0.0
Reward update: 0.0 -> 0.0
Reward update: 0.0 -> 0.0
Reward update: 0.0 -> 0.0
Reward update: 0.0 -> 0.0
Reward update: 0.0 -> 0.0
Reward update: 0.0 -> 0.0
Reward update: 0.0 -> 0.0
Reward update: 0.0 -> 0.0
Reward update: 0.0 -> 0.0
Reward update: 0.0 -> 0.0
Reward update: 0.0 -> 0.0
Reward update: 0.0 -> 0.0
Reward update: 0.0 -> 0.0
Reward update: 0.0 -> 0.0
Reward update: 0.0 -> 0.0
Reward update: 0.0 -> 0.0
Reward update: 0.0 -> 0.0
Reward update: 0.0 -> 0.0
Reward update: 0.0 -> 0.0
Reward update: 0.0 -> 0.0
Reward update: 0.0 -> 0.0
Reward update: 0.0 -> 0.0
Reward update: 0.0 -> 0.0
Reward update: 0.0 -> 0.0
Reward update: 0.0 -> 0.0
Reward update: 0.0 -> 0.0
Reward update: 0.0 -> 0.0
Current policy count: 20
Reward update: 0.0 -> 0.0
Reward update: 0.0 -> 0.0
Reward update: 0.0 -> 0.0
Reward update: 0.0 -> 0.0
Reward update: 0.0 -> 0.0
Reward update: 0.0 -> 0.0
Reward update: 0.0 -> 0.0
Reward update: 0.0 -> 0.0
Reward update: 0.0 -> 0.0
Reward update: 0.0 -> 0.0
Reward update: 0.0 -> 0.0
Reward update: 0.0 -> 0.0
Reward update: 0.0 -> 0.0
Reward update: 0.0 -> 0.0
Reward update: 0.0 -> 0.0
Reward update: 0.0 -> 0.0
Reward update: 0.0 -> 0.0
Reward update: 0.0 -> 0.0
Reward update: 0.0 -> 0.0
Reward update: 0.0 -> 0.0
Current policy count: 10
Reward update: 0.0 -> 0.0
Reward update: 0.0 -> 0.0
Reward update: 0.0 -> 0.0
Reward update: 0.0 -> 0.0
Reward update: 0.0 -> 0.0
Reward update: 0.0 -> 0.0
Reward update: 0.0 -> 0.0
Reward update: 0.0 -> 0.0
Reward update: 0.0 -> 0.0
Reward update: 0.0 -> 0.0
Current policy count: 5
Reward update: 0.0 -> 0.0
Reward update: 0.0 -> 0.0
Reward update: 0.0 -> 0.0
Reward update: 0.0 -> 0.0
Reward update: 0.0 -> 0.0
Current policy count: 3
Reward update: 0.0 -> 0.0
Reward update: 0.0 -> 0.0
Reward update: 0.0 -> 0.0
Current policy count: 2
Reward update: 0.0 -> 0.0
Reward update: 0.0 -> 0.0
Current policy count: 1
Reward update: 0.0 -> 0.0
Final reward: 0.0
Number of nodes: 31
