Iteration 0/80
Training student with 1000 points
Train accuracy: 0.35125
Test accuracy: 0.195
Number of nodes: 21
Student reward: 0.0
Iteration 1/80
Training student with 2000 points
Train accuracy: 0.31625
Test accuracy: 0.2825
Number of nodes: 23
Student reward: 0.0
Iteration 2/80
Training student with 3000 points
Train accuracy: 0.27375
Test accuracy: 0.26666666666666666
Number of nodes: 23
Student reward: 0.0
Iteration 3/80
Training student with 4000 points
Train accuracy: 0.275625
Test accuracy: 0.2875
Number of nodes: 23
Student reward: 0.0
Iteration 4/80
Training student with 5000 points
Train accuracy: 0.2555
Test accuracy: 0.231
Number of nodes: 23
Student reward: 0.0
Iteration 5/80
Training student with 6000 points
Train accuracy: 0.24041666666666667
Test accuracy: 0.2675
Number of nodes: 21
Student reward: 0.0
Iteration 6/80
Training student with 7000 points
Train accuracy: 0.2475
Test accuracy: 0.23142857142857143
Number of nodes: 23
Student reward: 0.0
Iteration 7/80
Training student with 8000 points
Train accuracy: 0.2478125
Test accuracy: 0.2325
Number of nodes: 23
Student reward: 0.0
Iteration 8/80
Training student with 9000 points
Train accuracy: 0.24597222222222223
Test accuracy: 0.24333333333333335
Number of nodes: 23
Student reward: 0.0
Iteration 9/80
Training student with 10000 points
Train accuracy: 0.252875
Test accuracy: 0.2345
Number of nodes: 21
Student reward: 0.0
Iteration 10/80
Training student with 11000 points
Train accuracy: 0.24613636363636363
Test accuracy: 0.2681818181818182
Number of nodes: 23
Student reward: 0.0
Iteration 11/80
Training student with 12000 points
Train accuracy: 0.24
Test accuracy: 0.24083333333333334
Number of nodes: 23
Student reward: 0.0
Iteration 12/80
Training student with 13000 points
Train accuracy: 0.2466346153846154
Test accuracy: 0.24192307692307694
Number of nodes: 23
Student reward: 0.0
Iteration 13/80
Training student with 14000 points
Train accuracy: 0.23741071428571428
Test accuracy: 0.23107142857142857
Number of nodes: 23
Student reward: 0.0
Iteration 14/80
Training student with 15000 points
Train accuracy: 0.2325
Test accuracy: 0.24066666666666667
Number of nodes: 23
Student reward: 0.0
Iteration 15/80
Training student with 16000 points
Train accuracy: 0.23015625
Test accuracy: 0.2075
Number of nodes: 23
Student reward: 0.0
Iteration 16/80
Training student with 17000 points
Train accuracy: 0.22639705882352942
Test accuracy: 0.24088235294117646
Number of nodes: 23
Student reward: 0.0
Iteration 17/80
Training student with 18000 points
Train accuracy: 0.22722222222222221
Test accuracy: 0.24027777777777778
Number of nodes: 23
Student reward: 0.0
Iteration 18/80
Training student with 19000 points
Train accuracy: 0.22546052631578947
Test accuracy: 0.22657894736842105
Number of nodes: 23
Student reward: 0.0
Iteration 19/80
Training student with 20000 points
Train accuracy: 0.232625
Test accuracy: 0.24125
Number of nodes: 23
Student reward: 0.0
Iteration 20/80
Training student with 21000 points
Train accuracy: 0.23208333333333334
Test accuracy: 0.21714285714285714
Number of nodes: 23
Student reward: 0.0
Iteration 21/80
Training student with 22000 points
Train accuracy: 0.23022727272727272
Test accuracy: 0.2265909090909091
Number of nodes: 23
Student reward: 0.0
Iteration 22/80
Training student with 23000 points
Train accuracy: 0.2292391304347826
Test accuracy: 0.22652173913043477
Number of nodes: 23
Student reward: 0.0
Iteration 23/80
Training student with 24000 points
Train accuracy: 0.22833333333333333
Test accuracy: 0.22020833333333334
Number of nodes: 23
Student reward: 0.0
Iteration 24/80
Training student with 25000 points
Train accuracy: 0.22145
Test accuracy: 0.2154
Number of nodes: 23
Student reward: 0.0
Iteration 25/80
Training student with 26000 points
Train accuracy: 0.2216826923076923
Test accuracy: 0.2251923076923077
Number of nodes: 23
Student reward: 0.0
Iteration 26/80
Training student with 27000 points
Train accuracy: 0.22768518518518518
Test accuracy: 0.22240740740740741
Number of nodes: 23
Student reward: 0.0
Iteration 27/80
Training student with 28000 points
Train accuracy: 0.22098214285714285
Test accuracy: 0.22410714285714287
Number of nodes: 23
Student reward: 0.0
Iteration 28/80
Training student with 29000 points
Train accuracy: 0.2231896551724138
Test accuracy: 0.22741379310344828
Number of nodes: 23
Student reward: 0.0
Iteration 29/80
Training student with 30000 points
Train accuracy: 0.23070833333333332
Test accuracy: 0.2215
Number of nodes: 23
Student reward: 0.0
Iteration 30/80
Training student with 31000 points
Train accuracy: 0.22766129032258065
Test accuracy: 0.2296774193548387
Number of nodes: 23
Student reward: 0.0
Iteration 31/80
Training student with 32000 points
Train accuracy: 0.22265625
Test accuracy: 0.21390625
Number of nodes: 21
Student reward: 0.0
Iteration 32/80
Training student with 33000 points
Train accuracy: 0.22715909090909092
Test accuracy: 0.22636363636363635
Number of nodes: 23
Student reward: 0.0
Iteration 33/80
Training student with 34000 points
Train accuracy: 0.22455882352941176
Test accuracy: 0.21382352941176472
Number of nodes: 23
Student reward: 0.0
Iteration 34/80
Training student with 35000 points
Train accuracy: 0.22985714285714287
Test accuracy: 0.2312857142857143
Number of nodes: 23
Student reward: 0.0
Iteration 35/80
Training student with 36000 points
Train accuracy: 0.22729166666666667
Test accuracy: 0.22805555555555557
Number of nodes: 23
Student reward: 0.0
Iteration 36/80
Training student with 37000 points
Train accuracy: 0.23179054054054055
Test accuracy: 0.21783783783783783
Number of nodes: 23
Student reward: 0.0
Iteration 37/80
Training student with 38000 points
Train accuracy: 0.22875
Test accuracy: 0.22763157894736843
Number of nodes: 23
Student reward: 0.0
Iteration 38/80
Training student with 39000 points
Train accuracy: 0.22900641025641025
Test accuracy: 0.22435897435897437
Number of nodes: 23
Student reward: 0.0
Iteration 39/80
Training student with 40000 points
Train accuracy: 0.2266875
Test accuracy: 0.229125
Number of nodes: 23
Student reward: 0.0
Iteration 40/80
Training student with 41000 points
Train accuracy: 0.22695121951219513
Test accuracy: 0.22109756097560976
Number of nodes: 23
Student reward: 0.0
Iteration 41/80
Training student with 42000 points
Train accuracy: 0.22419642857142857
Test accuracy: 0.22940476190476192
Number of nodes: 23
Student reward: 0.0
Iteration 42/80
Training student with 43000 points
Train accuracy: 0.2271220930232558
Test accuracy: 0.22395348837209303
Number of nodes: 23
Student reward: 0.0
Iteration 43/80
Training student with 44000 points
Train accuracy: 0.22664772727272728
Test accuracy: 0.22102272727272726
Number of nodes: 23
Student reward: 0.0
Iteration 44/80
Training student with 45000 points
Train accuracy: 0.22630555555555557
Test accuracy: 0.23133333333333334
Number of nodes: 23
Student reward: 0.0
Iteration 45/80
Training student with 46000 points
Train accuracy: 0.22345108695652174
Test accuracy: 0.22760869565217393
Number of nodes: 23
Student reward: 0.0
Iteration 46/80
Training student with 47000 points
Train accuracy: 0.22662234042553192
Test accuracy: 0.22659574468085106
Number of nodes: 23
Student reward: 0.0
Iteration 47/80
Training student with 48000 points
Train accuracy: 0.22380208333333335
Test accuracy: 0.2240625
Number of nodes: 23
Student reward: 0.0
Iteration 48/80
Training student with 49000 points
Train accuracy: 0.2251530612244898
Test accuracy: 0.22428571428571428
Number of nodes: 23
Student reward: 0.0
Iteration 49/80
Training student with 50000 points
Train accuracy: 0.224
Test accuracy: 0.2233
Number of nodes: 23
Student reward: 0.0
Iteration 50/80
Training student with 51000 points
Train accuracy: 0.2243872549019608
Test accuracy: 0.21754901960784315
Number of nodes: 21
Student reward: 0.0
Iteration 51/80
Training student with 52000 points
Train accuracy: 0.22492788461538463
Test accuracy: 0.2201923076923077
Number of nodes: 23
Student reward: 0.0
Iteration 52/80
Training student with 53000 points
Train accuracy: 0.22316037735849056
Test accuracy: 0.2160377358490566
Number of nodes: 23
Student reward: 0.0
Iteration 53/80
Training student with 54000 points
Train accuracy: 0.22287037037037036
Test accuracy: 0.22527777777777777
Number of nodes: 23
Student reward: 0.0
Iteration 54/80
Training student with 55000 points
Train accuracy: 0.22518181818181818
Test accuracy: 0.226
Number of nodes: 23
Student reward: 0.0
Iteration 55/80
Training student with 56000 points
Train accuracy: 0.2235044642857143
Test accuracy: 0.225
Number of nodes: 21
Student reward: 0.0
Iteration 56/80
Training student with 57000 points
Train accuracy: 0.2237719298245614
Test accuracy: 0.21912280701754386
Number of nodes: 21
Student reward: 0.0
Iteration 57/80
Training student with 58000 points
Train accuracy: 0.22351293103448275
Test accuracy: 0.21741379310344827
Number of nodes: 23
Student reward: 0.0
Iteration 58/80
Training student with 59000 points
Train accuracy: 0.22271186440677967
Test accuracy: 0.22279661016949154
Number of nodes: 21
Student reward: 0.0
Iteration 59/80
Training student with 60000 points
Train accuracy: 0.21914583333333335
Test accuracy: 0.22166666666666668
Number of nodes: 23
Student reward: 0.0
Iteration 60/80
Training student with 61000 points
Train accuracy: 0.21973360655737706
Test accuracy: 0.22172131147540983
Number of nodes: 23
Student reward: 0.0
Iteration 61/80
Training student with 62000 points
Train accuracy: 0.22090725806451614
Test accuracy: 0.2203225806451613
Number of nodes: 23
Student reward: 0.0
Iteration 62/80
Training student with 63000 points
Train accuracy: 0.2175595238095238
Test accuracy: 0.2195238095238095
Number of nodes: 23
Student reward: 0.0
Iteration 63/80
Training student with 64000 points
Train accuracy: 0.2170703125
Test accuracy: 0.220625
Number of nodes: 23
Student reward: 0.0
Iteration 64/80
Training student with 65000 points
Train accuracy: 0.21878846153846154
Test accuracy: 0.21261538461538462
Number of nodes: 23
Student reward: 0.0
Iteration 65/80
Training student with 66000 points
Train accuracy: 0.2150189393939394
Test accuracy: 0.2131818181818182
Number of nodes: 23
Student reward: 0.0
Iteration 66/80
Training student with 67000 points
Train accuracy: 0.2146641791044776
Test accuracy: 0.21350746268656717
Number of nodes: 23
Student reward: 0.25
Iteration 67/80
Training student with 68000 points
Train accuracy: 0.21354779411764707
Test accuracy: 0.21029411764705883
Number of nodes: 23
Student reward: 0.0
Iteration 68/80
Training student with 69000 points
Train accuracy: 0.21108695652173914
Test accuracy: 0.20891304347826087
Number of nodes: 23
Student reward: 0.0
Iteration 69/80
Training student with 70000 points
Train accuracy: 0.21296428571428572
Test accuracy: 0.21378571428571427
Number of nodes: 23
Student reward: 0.0
Iteration 70/80
Training student with 71000 points
Train accuracy: 0.21241197183098592
Test accuracy: 0.2091549295774648
Number of nodes: 23
Student reward: 0.0
Iteration 71/80
Training student with 72000 points
Train accuracy: 0.21303819444444444
Test accuracy: 0.21618055555555554
Number of nodes: 23
Student reward: 0.0
Iteration 72/80
Training student with 73000 points
Train accuracy: 0.21467465753424658
Test accuracy: 0.21226027397260275
Number of nodes: 23
Student reward: 0.0
Iteration 73/80
Training student with 74000 points
Train accuracy: 0.2124831081081081
Test accuracy: 0.2139864864864865
Number of nodes: 23
Student reward: 0.0
Iteration 74/80
Training student with 75000 points
Train accuracy: 0.21203333333333332
Test accuracy: 0.211
Number of nodes: 23
Student reward: 0.0
Iteration 75/80
Training student with 76000 points
Train accuracy: 0.21213815789473683
Test accuracy: 0.20934210526315788
Number of nodes: 23
Student reward: 0.0
Iteration 76/80
Training student with 77000 points
Train accuracy: 0.21428571428571427
Test accuracy: 0.2083116883116883
Number of nodes: 23
Student reward: 0.0
Iteration 77/80
Training student with 78000 points
Train accuracy: 0.21221153846153845
Test accuracy: 0.2103846153846154
Number of nodes: 23
Student reward: 0.0
Iteration 78/80
Training student with 79000 points
Train accuracy: 0.2127373417721519
Test accuracy: 0.2049367088607595
Number of nodes: 23
Student reward: 0.0
Iteration 79/80
Training student with 80000 points
Train accuracy: 0.211703125
Test accuracy: 0.2116875
Number of nodes: 23
Student reward: 0.0
Initial policy count: 80
Current policy count: 40
Reward update: 0.25 -> 0.25
Reward update: 0.0 -> 0.0
Reward update: 0.0 -> 0.0
Reward update: 0.0 -> 0.0
Reward update: 0.0 -> 0.0
Reward update: 0.0 -> 0.0
Reward update: 0.0 -> 0.0
Reward update: 0.0 -> 0.0
Reward update: 0.0 -> 0.0
Reward update: 0.0 -> 0.0
Reward update: 0.0 -> 0.0
Reward update: 0.0 -> 0.0
Reward update: 0.0 -> 0.0
Reward update: 0.0 -> 0.0
Reward update: 0.0 -> 0.0
Reward update: 0.0 -> 0.0
Reward update: 0.0 -> 0.0
Reward update: 0.0 -> 0.0
Reward update: 0.0 -> 0.0
Reward update: 0.0 -> 0.0
Reward update: 0.0 -> 0.0
Reward update: 0.0 -> 0.0
Reward update: 0.0 -> 0.0
Reward update: 0.0 -> 0.0
Reward update: 0.0 -> 0.0
Reward update: 0.0 -> 0.0
Reward update: 0.0 -> 0.0
Reward update: 0.0 -> 0.0
Reward update: 0.0 -> 0.0
Reward update: 0.0 -> 0.0
Reward update: 0.0 -> 0.0
Reward update: 0.0 -> 0.0
Reward update: 0.0 -> 0.0
Reward update: 0.0 -> 0.0
Reward update: 0.0 -> 0.0
Reward update: 0.0 -> 0.0
Reward update: 0.0 -> 0.0
Reward update: 0.0 -> 0.0
Reward update: 0.0 -> 0.0
Reward update: 0.0 -> 0.0
Current policy count: 20
Reward update: 0.25 -> 0.25
Reward update: 0.0 -> 0.0
Reward update: 0.0 -> 0.0
Reward update: 0.0 -> 0.0
Reward update: 0.0 -> 0.0
Reward update: 0.0 -> 0.0
Reward update: 0.0 -> 0.0
Reward update: 0.0 -> 0.0
Reward update: 0.0 -> 0.0
Reward update: 0.0 -> 0.0
Reward update: 0.0 -> 0.0
Reward update: 0.0 -> 0.0
Reward update: 0.0 -> 0.0
Reward update: 0.0 -> 0.0
Reward update: 0.0 -> 0.0
Reward update: 0.0 -> 0.0
Reward update: 0.0 -> 0.0
Reward update: 0.0 -> 0.0
Reward update: 0.0 -> 0.0
Reward update: 0.0 -> 0.0
Current policy count: 10
Reward update: 0.25 -> 0.25
Reward update: 0.0 -> 0.0
Reward update: 0.0 -> 0.0
Reward update: 0.0 -> 0.0
Reward update: 0.0 -> 0.0
Reward update: 0.0 -> 0.0
Reward update: 0.0 -> 0.0
Reward update: 0.0 -> 0.0
Reward update: 0.0 -> 0.0
Reward update: 0.0 -> 0.0
Current policy count: 5
Reward update: 0.25 -> 0.25
Reward update: 0.0 -> 0.0
Reward update: 0.0 -> 0.0
Reward update: 0.0 -> 0.0
Reward update: 0.0 -> 0.0
Current policy count: 3
Reward update: 0.25 -> 0.25
Reward update: 0.0 -> 0.0
Reward update: 0.0 -> 0.0
Current policy count: 2
Reward update: 0.25 -> 0.25
Reward update: 0.0 -> 0.0
Current policy count: 1
Reward update: 0.25 -> 0.25
Final reward: 0.25
Number of nodes: 23
