Iteration 0/80
Training student with 402 points
Train accuracy: 0.4984423676012461
Test accuracy: 0.4691358024691358
Number of nodes: 17
Student reward: 0.11818181818181817
Iteration 1/80
Training student with 1402 points
Train accuracy: 0.4665477252453167
Test accuracy: 0.47330960854092524
Number of nodes: 19
Student reward: 0.06363636363636363
Iteration 2/80
Training student with 2402 points
Train accuracy: 0.45184799583550234
Test accuracy: 0.4095634095634096
Number of nodes: 19
Student reward: 0.10909090909090909
Iteration 3/80
Training student with 3402 points
Train accuracy: 0.4421168687982359
Test accuracy: 0.4919236417033774
Number of nodes: 19
Student reward: 0.09090909090909091
Iteration 4/80
Training student with 4402 points
Train accuracy: 0.437659755751207
Test accuracy: 0.4551645856980704
Number of nodes: 19
Student reward: 0.05454545454545455
Iteration 5/80
Training student with 5402 points
Train accuracy: 0.4468872946077297
Test accuracy: 0.41535615171137835
Number of nodes: 19
Student reward: 0.10000000000000002
Iteration 6/80
Training student with 6402 points
Train accuracy: 0.447178285491115
Test accuracy: 0.42232630757220924
Number of nodes: 19
Student reward: 0.1090909090909091
Iteration 7/80
Training student with 7402 points
Train accuracy: 0.4441817260597872
Test accuracy: 0.4422687373396354
Number of nodes: 19
Student reward: 0.16363636363636366
Iteration 8/80
Training student with 8402 points
Train accuracy: 0.4456182115756584
Test accuracy: 0.45568114217727546
Number of nodes: 19
Student reward: 0.1090909090909091
Iteration 9/80
Training student with 9402 points
Train accuracy: 0.45339715463369235
Test accuracy: 0.4460393407761829
Number of nodes: 19
Student reward: 0.09090909090909091
Iteration 10/80
Training student with 10402 points
Train accuracy: 0.46052157192645116
Test accuracy: 0.45795290725612686
Number of nodes: 19
Student reward: 0.1181818181818182
Iteration 11/80
Training student with 11402 points
Train accuracy: 0.4577348974893104
Test accuracy: 0.4616396317404647
Number of nodes: 17
Student reward: 0.09090909090909091
Iteration 12/80
Training student with 12402 points
Train accuracy: 0.4549944562040117
Test accuracy: 0.4502216848045143
Number of nodes: 19
Student reward: 0.06363636363636364
Iteration 13/80
Training student with 13402 points
Train accuracy: 0.45228989833037964
Test accuracy: 0.4628869824692279
Number of nodes: 23
Student reward: 0.1
Iteration 14/80
Training student with 14402 points
Train accuracy: 0.4557764082978908
Test accuracy: 0.45921555015619575
Number of nodes: 23
Student reward: 0.11818181818181817
Iteration 15/80
Training student with 15402 points
Train accuracy: 0.45645645645645644
Test accuracy: 0.4492048036351834
Number of nodes: 23
Student reward: 0.12727272727272726
Iteration 16/80
Training student with 16402 points
Train accuracy: 0.464370093742855
Test accuracy: 0.452301127704968
Number of nodes: 23
Student reward: 0.09090909090909091
Iteration 17/80
Training student with 17402 points
Train accuracy: 0.46289778033187273
Test accuracy: 0.45331801206549843
Number of nodes: 23
Student reward: 0.1
Iteration 18/80
Training student with 18402 points
Train accuracy: 0.4573058895455472
Test accuracy: 0.46454767726161367
Number of nodes: 23
Student reward: 0.09090909090909093
Iteration 19/80
Training student with 19402 points
Train accuracy: 0.4633077765607886
Test accuracy: 0.45426436485441896
Number of nodes: 23
Student reward: 0.1090909090909091
Iteration 20/80
Training student with 20402 points
Train accuracy: 0.463819618895901
Test accuracy: 0.4648370497427101
Number of nodes: 23
Student reward: 0.07272727272727272
Iteration 21/80
Training student with 21402 points
Train accuracy: 0.46288184101395946
Test accuracy: 0.45690259285213736
Number of nodes: 21
Student reward: 0.09090909090909091
Iteration 22/80
Training student with 22402 points
Train accuracy: 0.45946096757993415
Test accuracy: 0.4684222271814327
Number of nodes: 21
Student reward: 0.05454545454545455
Iteration 23/80
Training student with 23402 points
Train accuracy: 0.4616740558730837
Test accuracy: 0.45716727195043794
Number of nodes: 21
Student reward: 0.1
Iteration 24/80
Training student with 24402 points
Train accuracy: 0.4608370472824138
Test accuracy: 0.45728334357713585
Number of nodes: 23
Student reward: 0.1090909090909091
Iteration 25/80
Training student with 25402 points
Train accuracy: 0.46016436199005956
Test accuracy: 0.45955520566817554
Number of nodes: 21
Student reward: 0.09090909090909091
Iteration 26/80
Training student with 26402 points
Train accuracy: 0.461199753799536
Test accuracy: 0.4506722211702329
Number of nodes: 21
Student reward: 0.1181818181818182
Iteration 27/80
Training student with 27402 points
Train accuracy: 0.46097349573468366
Test accuracy: 0.45831052727604454
Number of nodes: 23
Student reward: 0.1181818181818182
Iteration 28/80
Training student with 28402 points
Train accuracy: 0.46652876193829496
Test accuracy: 0.46664319662031334
Number of nodes: 23
Student reward: 0.1272727272727273
Iteration 29/80
Training student with 29402 points
Train accuracy: 0.4679647974150759
Test accuracy: 0.4597857507226662
Number of nodes: 23
Student reward: 0.1090909090909091
Iteration 30/80
Training student with 30402 points
Train accuracy: 0.46503022079684225
Test accuracy: 0.46883736227594147
Number of nodes: 21
Student reward: 0.12727272727272726
Iteration 31/80
Training student with 31402 points
Train accuracy: 0.4671390470124597
Test accuracy: 0.46123228785225284
Number of nodes: 21
Student reward: 0.09090909090909091
Iteration 32/80
Training student with 32402 points
Train accuracy: 0.4643339377338837
Test accuracy: 0.4647430952013578
Number of nodes: 23
Student reward: 0.15454545454545457
Iteration 33/80
Training student with 33402 points
Train accuracy: 0.46311889525092625
Test accuracy: 0.4657985331537195
Number of nodes: 23
Student reward: 0.08181818181818183
Iteration 34/80
Training student with 34402 points
Train accuracy: 0.4627375458740598
Test accuracy: 0.4625781136462723
Number of nodes: 21
Student reward: 0.1181818181818182
Iteration 35/80
Training student with 35402 points
Train accuracy: 0.46110659934324355
Test accuracy: 0.46801299251518147
Number of nodes: 23
Student reward: 0.1181818181818182
Iteration 36/80
Training student with 36402 points
Train accuracy: 0.46141959410734523
Test accuracy: 0.4618871034198599
Number of nodes: 23
Student reward: 0.13636363636363635
Iteration 37/80
Training student with 37402 points
Train accuracy: 0.4626850706861402
Test accuracy: 0.45889586953615824
Number of nodes: 21
Student reward: 0.09090909090909091
Iteration 38/80
Training student with 38402 points
Train accuracy: 0.4651541290973601
Test accuracy: 0.4715531831792735
Number of nodes: 23
Student reward: 0.09090909090909093
Iteration 39/80
Training student with 39402 points
Train accuracy: 0.4628025760604042
Test accuracy: 0.4712599923867529
Number of nodes: 23
Student reward: 0.11818181818181821
Iteration 40/80
Training student with 40402 points
Train accuracy: 0.46298072460629314
Test accuracy: 0.46442271996040096
Number of nodes: 23
Student reward: 0.09090909090909091
Iteration 41/80
Training student with 41402 points
Train accuracy: 0.46381449835451827
Test accuracy: 0.4623837700760778
Number of nodes: 23
Student reward: 0.1090909090909091
Iteration 42/80
Training student with 42402 points
Train accuracy: 0.4607765101264703
Test accuracy: 0.4686947293951185
Number of nodes: 21
Student reward: 0.09090909090909091
Iteration 43/80
Training student with 43402 points
Train accuracy: 0.4611042308689266
Test accuracy: 0.4629650961870752
Number of nodes: 23
Student reward: 0.08181818181818182
Iteration 44/80
Training student with 44402 points
Train accuracy: 0.46127642802849017
Test accuracy: 0.45760612543632473
Number of nodes: 23
Student reward: 0.1181818181818182
Iteration 45/80
Training student with 45402 points
Train accuracy: 0.46226700806695853
Test accuracy: 0.45347428697280034
Number of nodes: 23
Student reward: 0.1
Iteration 46/80
Training student with 46402 points
Train accuracy: 0.45871609062255864
Test accuracy: 0.4628811550479474
Number of nodes: 23
Student reward: 0.05454545454545454
Iteration 47/80
Training student with 47402 points
Train accuracy: 0.4618549088895335
Test accuracy: 0.45343318215378126
Number of nodes: 23
Student reward: 0.12727272727272726
Iteration 48/80
Training student with 48402 points
Train accuracy: 0.45827845355233593
Test accuracy: 0.4559446338188204
Number of nodes: 23
Student reward: 0.10000000000000002
Iteration 49/80
Training student with 49402 points
Train accuracy: 0.45780724171959214
Test accuracy: 0.4587592348952535
Number of nodes: 23
Student reward: 0.09090909090909091
Iteration 50/80
Training student with 50402 points
Train accuracy: 0.4569331117779817
Test accuracy: 0.45997420890784646
Number of nodes: 23
Student reward: 0.1
Iteration 51/80
Training student with 51402 points
Train accuracy: 0.45752778385739645
Test accuracy: 0.45588950491197355
Number of nodes: 23
Student reward: 0.13636363636363638
Iteration 52/80
Training student with 52402 points
Train accuracy: 0.45771808878604997
Test accuracy: 0.45463219158477247
Number of nodes: 23
Student reward: 0.1272727272727273
Iteration 53/80
Training student with 53402 points
Train accuracy: 0.45998455092343343
Test accuracy: 0.45407733358299784
Number of nodes: 21
Student reward: 0.07272727272727274
Iteration 54/80
Training student with 54402 points
Train accuracy: 0.45945635440362126
Test accuracy: 0.46420365775204486
Number of nodes: 23
Student reward: 0.07272727272727272
Iteration 55/80
Training student with 55402 points
Train accuracy: 0.45878928724532386
Test accuracy: 0.4651204764912914
Number of nodes: 21
Student reward: 0.12727272727272726
Iteration 56/80
Training student with 56402 points
Train accuracy: 0.4599632100352386
Test accuracy: 0.46059746476376207
Number of nodes: 23
Student reward: 0.1
Iteration 57/80
Training student with 57402 points
Train accuracy: 0.4581999520916356
Test accuracy: 0.46703248845919343
Number of nodes: 21
Student reward: 0.09090909090909093
Iteration 58/80
Training student with 58402 points
Train accuracy: 0.4586160398964063
Test accuracy: 0.4585223867819536
Number of nodes: 23
Student reward: 0.09090909090909091
Iteration 59/80
Training student with 59402 points
Train accuracy: 0.45802908187959007
Test accuracy: 0.45863142833094855
Number of nodes: 23
Student reward: 0.1
Iteration 60/80
Training student with 60402 points
Train accuracy: 0.4576064237081186
Test accuracy: 0.46155119609303863
Number of nodes: 23
Student reward: 0.1272727272727273
Iteration 61/80
Training student with 61402 points
Train accuracy: 0.4585411534781458
Test accuracy: 0.45997882908557935
Number of nodes: 23
Student reward: 0.1090909090909091
Iteration 62/80
Training student with 62402 points
Train accuracy: 0.45884497506059574
Test accuracy: 0.45933819405496357
Number of nodes: 23
Student reward: 0.14545454545454548
Iteration 63/80
Training student with 63402 points
Train accuracy: 0.46209656749669764
Test accuracy: 0.46542070814604525
Number of nodes: 21
Student reward: 0.11818181818181817
Iteration 64/80
Training student with 64402 points
Train accuracy: 0.4615981832650764
Test accuracy: 0.46277462929896745
Number of nodes: 23
Student reward: 0.09090909090909091
Iteration 65/80
Training student with 65402 points
Train accuracy: 0.4609047992201984
Test accuracy: 0.4648727161531993
Number of nodes: 23
Student reward: 0.10909090909090909
Iteration 66/80
Training student with 66402 points
Train accuracy: 0.46149357128066115
Test accuracy: 0.46178751600030116
Number of nodes: 21
Student reward: 0.1090909090909091
Iteration 67/80
Training student with 67402 points
Train accuracy: 0.46059976632480853
Test accuracy: 0.46079667680439135
Number of nodes: 21
Student reward: 0.1
Iteration 68/80
Training student with 68402 points
Train accuracy: 0.46095648836826814
Test accuracy: 0.45808054966742195
Number of nodes: 23
Student reward: 0.1
Iteration 69/80
Training student with 69402 points
Train accuracy: 0.45988004538823146
Test accuracy: 0.4611339240688711
Number of nodes: 23
Student reward: 0.10909090909090909
Iteration 70/80
Training student with 70402 points
Train accuracy: 0.45926031142912943
Test accuracy: 0.463319366522264
Number of nodes: 23
Student reward: 0.1
Iteration 71/80
Training student with 71402 points
Train accuracy: 0.4574674813116017
Test accuracy: 0.46453329598767595
Number of nodes: 23
Student reward: 0.07272727272727274
Iteration 72/80
Training student with 72402 points
Train accuracy: 0.46016125412199377
Test accuracy: 0.4515572128996616
Number of nodes: 23
Student reward: 0.1
Iteration 73/80
Training student with 73402 points
Train accuracy: 0.4572469814887349
Test accuracy: 0.4691097336693686
Number of nodes: 23
Student reward: 0.1181818181818182
Iteration 74/80
Training student with 74402 points
Train accuracy: 0.4603417281295677
Test accuracy: 0.4584369330018144
Number of nodes: 23
Student reward: 0.06363636363636364
Iteration 75/80
Training student with 75402 points
Train accuracy: 0.4607682233384725
Test accuracy: 0.4575956501558252
Number of nodes: 23
Student reward: 0.1
Iteration 76/80
Training student with 76402 points
Train accuracy: 0.4593674841707433
Test accuracy: 0.46122635953144425
Number of nodes: 23
Student reward: 0.1
Iteration 77/80
Training student with 77402 points
Train accuracy: 0.45921415997803655
Test accuracy: 0.46082294425424714
Number of nodes: 23
Student reward: 0.1
Iteration 78/80
Training student with 78402 points
Train accuracy: 0.45737472297954435
Test accuracy: 0.4607486767425547
Number of nodes: 23
Student reward: 0.1
Iteration 79/80
Training student with 79402 points
Train accuracy: 0.4574550148769698
Test accuracy: 0.4617467413890813
Number of nodes: 23
Student reward: 0.07272727272727272
Initial policy count: 80
Current policy count: 40
Reward update: 0.16363636363636366 -> 0.09090909090909087
Reward update: 0.15454545454545457 -> 0.11999999999999993
Reward update: 0.14545454545454548 -> 0.10545454545454541
Reward update: 0.13636363636363638 -> 0.09818181818181813
Reward update: 0.13636363636363635 -> 0.10909090909090903
Reward update: 0.1272727272727273 -> 0.10727272727272721
Reward update: 0.1272727272727273 -> 0.1163636363636363
Reward update: 0.1272727272727273 -> 0.0945454545454545
Reward update: 0.12727272727272726 -> 0.11454545454545448
Reward update: 0.12727272727272726 -> 0.1054545454545454
Reward update: 0.12727272727272726 -> 0.11272727272727266
Reward update: 0.12727272727272726 -> 0.11272727272727266
Reward update: 0.11818181818181821 -> 0.09818181818181813
Reward update: 0.1181818181818182 -> 0.1054545454545454
Reward update: 0.1181818181818182 -> 0.10181818181818177
Reward update: 0.1181818181818182 -> 0.12181818181818177
Reward update: 0.1181818181818182 -> 0.10909090909090903
Reward update: 0.1181818181818182 -> 0.12545454545454537
Reward update: 0.1181818181818182 -> 0.1054545454545454
Reward update: 0.1181818181818182 -> 0.10727272727272721
Reward update: 0.11818181818181817 -> 0.10727272727272721
Reward update: 0.11818181818181817 -> 0.10363636363636358
Reward update: 0.11818181818181817 -> 0.11999999999999993
Reward update: 0.1090909090909091 -> 0.09272727272727269
Reward update: 0.1090909090909091 -> 0.11272727272727266
Reward update: 0.1090909090909091 -> 0.11090909090909085
Reward update: 0.1090909090909091 -> 0.11272727272727266
Reward update: 0.1090909090909091 -> 0.11999999999999994
Reward update: 0.1090909090909091 -> 0.0945454545454545
Reward update: 0.1090909090909091 -> 0.10909090909090903
Reward update: 0.1090909090909091 -> 0.11454545454545448
Reward update: 0.10909090909090909 -> 0.09818181818181813
Reward update: 0.10909090909090909 -> 0.10909090909090903
Reward update: 0.10909090909090909 -> 0.11090909090909085
Reward update: 0.10000000000000002 -> 0.0945454545454545
Reward update: 0.10000000000000002 -> 0.10727272727272721
Reward update: 0.1 -> 0.09999999999999995
Reward update: 0.1 -> 0.10363636363636358
Reward update: 0.1 -> 0.11090909090909085
Reward update: 0.1 -> 0.12181818181818174
Current policy count: 20
Reward update: 0.12545454545454537 -> 0.1272727272727272
Reward update: 0.12181818181818177 -> 0.11999999999999993
Reward update: 0.12181818181818174 -> 0.08181818181818178
Reward update: 0.11999999999999994 -> 0.11090909090909085
Reward update: 0.11999999999999993 -> 0.10909090909090903
Reward update: 0.11999999999999993 -> 0.09818181818181813
Reward update: 0.1163636363636363 -> 0.1381818181818181
Reward update: 0.11454545454545448 -> 0.10909090909090903
Reward update: 0.11454545454545448 -> 0.11272727272727266
Reward update: 0.11272727272727266 -> 0.09999999999999995
Reward update: 0.11272727272727266 -> 0.09818181818181813
Reward update: 0.11272727272727266 -> 0.11090909090909085
Reward update: 0.11272727272727266 -> 0.11999999999999993
Reward update: 0.11090909090909085 -> 0.11999999999999993
Reward update: 0.11090909090909085 -> 0.11454545454545448
Reward update: 0.11090909090909085 -> 0.1163636363636363
Reward update: 0.10909090909090903 -> 0.10727272727272721
Reward update: 0.10909090909090903 -> 0.11272727272727266
Reward update: 0.10909090909090903 -> 0.11454545454545448
Reward update: 0.10909090909090903 -> 0.11454545454545448
Current policy count: 10
Reward update: 0.1381818181818181 -> 0.11090909090909085
Reward update: 0.1272727272727272 -> 0.10727272727272721
Reward update: 0.11999999999999993 -> 0.11272727272727266
Reward update: 0.11999999999999993 -> 0.10909090909090903
Reward update: 0.11999999999999993 -> 0.10363636363636358
Reward update: 0.1163636363636363 -> 0.11999999999999993
Reward update: 0.11454545454545448 -> 0.08909090909090905
Reward update: 0.11454545454545448 -> 0.10363636363636358
Reward update: 0.11454545454545448 -> 0.11272727272727266
Reward update: 0.11272727272727266 -> 0.10727272727272721
Current policy count: 5
Reward update: 0.11999999999999993 -> 0.10727272727272721
Reward update: 0.11272727272727266 -> 0.11818181818181811
Reward update: 0.11272727272727266 -> 0.09818181818181813
Reward update: 0.11090909090909085 -> 0.11272727272727268
Reward update: 0.10909090909090903 -> 0.10363636363636358
Current policy count: 3
Reward update: 0.11818181818181811 -> 0.1163636363636363
Reward update: 0.11272727272727268 -> 0.11272727272727266
Reward update: 0.10727272727272721 -> 0.08545454545454541
Current policy count: 2
Reward update: 0.1163636363636363 -> 0.1163636363636363
Reward update: 0.11272727272727266 -> 0.10727272727272721
Current policy count: 1
Reward update: 0.1163636363636363 -> 0.09818181818181813
Final reward: 0.10181818181818177
Number of nodes: 23
