Iteration 0/80
Training student with 235 points
Train accuracy: 0.648936170212766
Test accuracy: 0.723404255319149
Number of nodes: 17
Student reward: 0.0
Iteration 1/80
Training student with 1235 points
Train accuracy: 0.5
Test accuracy: 0.4251012145748988
Number of nodes: 19
Student reward: 0.0
Iteration 2/80
Training student with 2235 points
Train accuracy: 0.4519015659955257
Test accuracy: 0.45861297539149887
Number of nodes: 21
Student reward: -0.1
Iteration 3/80
Training student with 3141 points
Train accuracy: 0.4251592356687898
Test accuracy: 0.44992050874403816
Number of nodes: 21
Student reward: 0.0
Iteration 4/80
Training student with 4141 points
Train accuracy: 0.43568840579710144
Test accuracy: 0.4487334137515078
Number of nodes: 21
Student reward: 0.0
Iteration 5/80
Training student with 5141 points
Train accuracy: 0.4353112840466926
Test accuracy: 0.4003887269193392
Number of nodes: 23
Student reward: 0.0
Iteration 6/80
Training student with 6141 points
Train accuracy: 0.43485342019543977
Test accuracy: 0.45077298616761596
Number of nodes: 25
Student reward: -0.1
Iteration 7/80
Training student with 7047 points
Train accuracy: 0.44012772751463547
Test accuracy: 0.40354609929078017
Number of nodes: 25
Student reward: 0.0
Iteration 8/80
Training student with 8047 points
Train accuracy: 0.43141214851638965
Test accuracy: 0.44906832298136645
Number of nodes: 25
Student reward: 0.0
Iteration 9/80
Training student with 9047 points
Train accuracy: 0.4508774354014094
Test accuracy: 0.44640883977900553
Number of nodes: 25
Student reward: 0.0
Iteration 10/80
Training student with 10047 points
Train accuracy: 0.4369789722533284
Test accuracy: 0.4208955223880597
Number of nodes: 25
Student reward: -0.1
Iteration 11/80
Training student with 10953 points
Train accuracy: 0.4358593928326866
Test accuracy: 0.44089456869009586
Number of nodes: 25
Student reward: 0.0
Iteration 12/80
Training student with 11953 points
Train accuracy: 0.43746078226312485
Test accuracy: 0.4504391468005019
Number of nodes: 23
Student reward: 0.0
Iteration 13/80
Training student with 12953 points
Train accuracy: 0.43350704497201314
Test accuracy: 0.4592821304515631
Number of nodes: 25
Student reward: 0.0
Iteration 14/80
Training student with 13953 points
Train accuracy: 0.4418562981544526
Test accuracy: 0.44536008599068433
Number of nodes: 25
Student reward: 0.0
Iteration 15/80
Training student with 14953 points
Train accuracy: 0.43705066042467816
Test accuracy: 0.43229689067201604
Number of nodes: 25
Student reward: 0.0
Iteration 16/80
Training student with 15953 points
Train accuracy: 0.4406832784829964
Test accuracy: 0.43528674396740835
Number of nodes: 25
Student reward: 0.0
Iteration 17/80
Training student with 16953 points
Train accuracy: 0.43732487833652856
Test accuracy: 0.4373341197286936
Number of nodes: 25
Student reward: 0.0
Iteration 18/80
Training student with 17953 points
Train accuracy: 0.4486143991087592
Test accuracy: 0.4553049289891395
Number of nodes: 25
Student reward: 0.0
Iteration 19/80
Training student with 18953 points
Train accuracy: 0.44637910565888406
Test accuracy: 0.4241624901081509
Number of nodes: 23
Student reward: 0.0
Iteration 20/80
Training student with 19953 points
Train accuracy: 0.44148602931963415
Test accuracy: 0.4357303933851165
Number of nodes: 25
Student reward: 0.0
Iteration 21/80
Training student with 20953 points
Train accuracy: 0.4508411884023386
Test accuracy: 0.43879742304939157
Number of nodes: 25
Student reward: 0.0
Iteration 22/80
Training student with 21953 points
Train accuracy: 0.44795581368864595
Test accuracy: 0.43725802778410383
Number of nodes: 25
Student reward: 0.0
Iteration 23/80
Training student with 22953 points
Train accuracy: 0.45000544602984427
Test accuracy: 0.4408625571770856
Number of nodes: 25
Student reward: 0.0
Iteration 24/80
Training student with 23953 points
Train accuracy: 0.44656090178478236
Test accuracy: 0.4475057399290336
Number of nodes: 25
Student reward: 0.0
Iteration 25/80
Training student with 24953 points
Train accuracy: 0.443743111912634
Test accuracy: 0.45001001803245844
Number of nodes: 25
Student reward: 0.0
Iteration 26/80
Training student with 25953 points
Train accuracy: 0.4591079857431847
Test accuracy: 0.4573299942207667
Number of nodes: 23
Student reward: 0.0
Iteration 27/80
Training student with 26953 points
Train accuracy: 0.45774974492162135
Test accuracy: 0.46466332776850305
Number of nodes: 23
Student reward: 0.0
Iteration 28/80
Training student with 27953 points
Train accuracy: 0.46440389947231914
Test accuracy: 0.4605616168842783
Number of nodes: 25
Student reward: 0.0
Iteration 29/80
Training student with 28953 points
Train accuracy: 0.46891460150246095
Test accuracy: 0.46295976515282333
Number of nodes: 23
Student reward: 0.0
Iteration 30/80
Training student with 29953 points
Train accuracy: 0.45743260161923044
Test accuracy: 0.46102487063929226
Number of nodes: 25
Student reward: -0.1
Iteration 31/80
Training student with 30859 points
Train accuracy: 0.4627131688743063
Test accuracy: 0.4679196370706416
Number of nodes: 25
Student reward: -0.1
Iteration 32/80
Training student with 31765 points
Train accuracy: 0.46635447819927595
Test accuracy: 0.4643475523374784
Number of nodes: 25
Student reward: 0.0
Iteration 33/80
Training student with 32765 points
Train accuracy: 0.4652449259880971
Test accuracy: 0.464062261559591
Number of nodes: 25
Student reward: 0.0
Iteration 34/80
Training student with 33765 points
Train accuracy: 0.46431215755960314
Test accuracy: 0.4661631867318229
Number of nodes: 25
Student reward: 0.0
Iteration 35/80
Training student with 34765 points
Train accuracy: 0.4580396950956422
Test accuracy: 0.45548684021285774
Number of nodes: 25
Student reward: 0.0
Iteration 36/80
Training student with 35765 points
Train accuracy: 0.45896826506360966
Test accuracy: 0.4599468754368796
Number of nodes: 25
Student reward: -0.1
Iteration 37/80
Training student with 36671 points
Train accuracy: 0.45739023725115896
Test accuracy: 0.4688479890933879
Number of nodes: 23
Student reward: 0.0
Iteration 38/80
Training student with 37671 points
Train accuracy: 0.46532386514467744
Test accuracy: 0.4533510285335103
Number of nodes: 25
Student reward: 0.0
Iteration 39/80
Training student with 38671 points
Train accuracy: 0.460693043703129
Test accuracy: 0.4599870717517776
Number of nodes: 25
Student reward: 0.0
Iteration 40/80
Training student with 39671 points
Train accuracy: 0.4638265691958659
Test accuracy: 0.4530560806553245
Number of nodes: 25
Student reward: 0.0
Iteration 41/80
Training student with 40671 points
Train accuracy: 0.4617961642488321
Test accuracy: 0.45507068223724645
Number of nodes: 25
Student reward: 0.0
Iteration 42/80
Training student with 41671 points
Train accuracy: 0.45440364770818337
Test accuracy: 0.45410917816436713
Number of nodes: 25
Student reward: -0.1
Iteration 43/80
Training student with 42577 points
Train accuracy: 0.46035054754704796
Test accuracy: 0.4581963363081259
Number of nodes: 25
Student reward: -0.1
Iteration 44/80
Training student with 43483 points
Train accuracy: 0.4571091818547692
Test accuracy: 0.4506151546510291
Number of nodes: 25
Student reward: 0.0
Iteration 45/80
Training student with 44483 points
Train accuracy: 0.45546001236441297
Test accuracy: 0.46015510846352703
Number of nodes: 23
Student reward: 0.0
Iteration 46/80
Training student with 45483 points
Train accuracy: 0.4581982081020173
Test accuracy: 0.4579531713751786
Number of nodes: 25
Student reward: 0.0
Iteration 47/80
Training student with 46483 points
Train accuracy: 0.4587479158823213
Test accuracy: 0.4616542970850812
Number of nodes: 25
Student reward: 0.0
Iteration 48/80
Training student with 47483 points
Train accuracy: 0.4560627599641973
Test accuracy: 0.45403811730020005
Number of nodes: 25
Student reward: 0.0
Iteration 49/80
Training student with 48483 points
Train accuracy: 0.4529211571185479
Test accuracy: 0.4573579457564195
Number of nodes: 25
Student reward: 0.0
Iteration 50/80
Training student with 49483 points
Train accuracy: 0.45422624160056585
Test accuracy: 0.45993735475396585
Number of nodes: 25
Student reward: 0.0
Iteration 51/80
Training student with 50483 points
Train accuracy: 0.45453870153023324
Test accuracy: 0.4516192928592651
Number of nodes: 25
Student reward: 0.0
Iteration 52/80
Training student with 51483 points
Train accuracy: 0.45228961297528286
Test accuracy: 0.4579003593279596
Number of nodes: 25
Student reward: 0.0
Iteration 53/80
Training student with 52483 points
Train accuracy: 0.45253179631305673
Test accuracy: 0.45975040487758406
Number of nodes: 25
Student reward: 0.0
Iteration 54/80
Training student with 53483 points
Train accuracy: 0.4483242182022157
Test accuracy: 0.4511545293072824
Number of nodes: 25
Student reward: 0.0
Iteration 55/80
Training student with 54483 points
Train accuracy: 0.4498003946221264
Test accuracy: 0.45159218133431217
Number of nodes: 25
Student reward: -0.1
Iteration 56/80
Training student with 55389 points
Train accuracy: 0.4525738529936133
Test accuracy: 0.45116447012096045
Number of nodes: 23
Student reward: 0.0
Iteration 57/80
Training student with 56389 points
Train accuracy: 0.45062179956108267
Test accuracy: 0.45380386593367616
Number of nodes: 25
Student reward: 0.0
Iteration 58/80
Training student with 57389 points
Train accuracy: 0.45294156084598464
Test accuracy: 0.4540860777138874
Number of nodes: 23
Student reward: 0.0
Iteration 59/80
Training student with 58389 points
Train accuracy: 0.4488022093297082
Test accuracy: 0.4495632813837986
Number of nodes: 23
Student reward: 0.0
Iteration 60/80
Training student with 59389 points
Train accuracy: 0.4528214518743028
Test accuracy: 0.45091766290621316
Number of nodes: 23
Student reward: -0.1
Iteration 61/80
Training student with 60295 points
Train accuracy: 0.45281532465378554
Test accuracy: 0.4559250352433867
Number of nodes: 25
Student reward: 0.0
Iteration 62/80
Training student with 61295 points
Train accuracy: 0.4472836283546782
Test accuracy: 0.4501182804470185
Number of nodes: 25
Student reward: 0.0
Iteration 63/80
Training student with 62295 points
Train accuracy: 0.45276506942772293
Test accuracy: 0.44128742274660887
Number of nodes: 25
Student reward: 0.0
Iteration 64/80
Training student with 63295 points
Train accuracy: 0.4512007267556679
Test accuracy: 0.4489296152934671
Number of nodes: 25
Student reward: 0.0
Iteration 65/80
Training student with 64295 points
Train accuracy: 0.4529123571039739
Test accuracy: 0.44972392876584494
Number of nodes: 25
Student reward: 0.0
Iteration 66/80
Training student with 65295 points
Train accuracy: 0.4529826173520178
Test accuracy: 0.44720116394823495
Number of nodes: 25
Student reward: -0.1
Iteration 67/80
Training student with 66201 points
Train accuracy: 0.4493013595166163
Test accuracy: 0.45457291745336453
Number of nodes: 23
Student reward: 0.0
Iteration 68/80
Training student with 67201 points
Train accuracy: 0.459765625
Test accuracy: 0.4536864816605907
Number of nodes: 25
Student reward: 0.0
Iteration 69/80
Training student with 68201 points
Train accuracy: 0.4596041055718475
Test accuracy: 0.4550252914009237
Number of nodes: 23
Student reward: 0.0
Iteration 70/80
Training student with 69201 points
Train accuracy: 0.45736994219653176
Test accuracy: 0.4610938516003179
Number of nodes: 25
Student reward: 0.0
Iteration 71/80
Training student with 70201 points
Train accuracy: 0.45742521367521366
Test accuracy: 0.4543123709137526
Number of nodes: 23
Student reward: 0.0
Iteration 72/80
Training student with 71201 points
Train accuracy: 0.45658356741573036
Test accuracy: 0.45179411558177096
Number of nodes: 25
Student reward: -0.1
Iteration 73/80
Training student with 72107 points
Train accuracy: 0.4573806015428621
Test accuracy: 0.46227985022881707
Number of nodes: 25
Student reward: 0.0
Iteration 74/80
Training student with 73107 points
Train accuracy: 0.459280157305292
Test accuracy: 0.4562303378470797
Number of nodes: 23
Student reward: 0.0
Iteration 75/80
Training student with 74107 points
Train accuracy: 0.4564898372269545
Test accuracy: 0.4607340439886655
Number of nodes: 25
Student reward: 0.0
Iteration 76/80
Training student with 75107 points
Train accuracy: 0.4556045602063743
Test accuracy: 0.458860338170683
Number of nodes: 25
Student reward: 0.0
Iteration 77/80
Training student with 76107 points
Train accuracy: 0.4579781555391311
Test accuracy: 0.45315990014452767
Number of nodes: 25
Student reward: 0.0
Iteration 78/80
Training student with 77107 points
Train accuracy: 0.45601037529383154
Test accuracy: 0.4598625340422773
Number of nodes: 25
Student reward: 0.0
Iteration 79/80
Training student with 78107 points
Train accuracy: 0.4535808594062575
Test accuracy: 0.4608884905901933
Number of nodes: 25
Student reward: 0.0
Initial policy count: 80
Current policy count: 40
Reward update: 0.0 -> 0.0
Reward update: 0.0 -> -0.02
Reward update: 0.0 -> -0.04
Reward update: 0.0 -> 0.0
Reward update: 0.0 -> -0.02
Reward update: 0.0 -> -0.02
Reward update: 0.0 -> -0.02
Reward update: 0.0 -> -0.02
Reward update: 0.0 -> -0.02
Reward update: 0.0 -> 0.0
Reward update: 0.0 -> -0.02
Reward update: 0.0 -> 0.0
Reward update: 0.0 -> 0.0
Reward update: 0.0 -> 0.0
Reward update: 0.0 -> -0.02
Reward update: 0.0 -> 0.0
Reward update: 0.0 -> -0.04
Reward update: 0.0 -> -0.02
Reward update: 0.0 -> -0.06
Reward update: 0.0 -> -0.04
Reward update: 0.0 -> -0.06
Reward update: 0.0 -> 0.0
Reward update: 0.0 -> 0.0
Reward update: 0.0 -> 0.0
Reward update: 0.0 -> -0.04
Reward update: 0.0 -> -0.02
Reward update: 0.0 -> 0.0
Reward update: 0.0 -> -0.04
Reward update: 0.0 -> -0.04
Reward update: 0.0 -> -0.02
Reward update: 0.0 -> -0.02
Reward update: 0.0 -> -0.02
Reward update: 0.0 -> -0.04
Reward update: 0.0 -> -0.02
Reward update: 0.0 -> -0.02
Reward update: 0.0 -> -0.02
Reward update: 0.0 -> 0.0
Reward update: 0.0 -> 0.0
Reward update: 0.0 -> -0.02
Reward update: 0.0 -> -0.04
Current policy count: 20
Reward update: 0.0 -> 0.0
Reward update: 0.0 -> -0.02
Reward update: 0.0 -> 0.0
Reward update: 0.0 -> 0.0
Reward update: 0.0 -> 0.0
Reward update: 0.0 -> 0.0
Reward update: 0.0 -> -0.04
Reward update: 0.0 -> 0.0
Reward update: 0.0 -> 0.0
Reward update: 0.0 -> -0.02
Reward update: 0.0 -> -0.02
Reward update: 0.0 -> 0.0
Reward update: 0.0 -> -0.06
Reward update: -0.02 -> 0.0
Reward update: -0.02 -> 0.0
Reward update: -0.02 -> -0.02
Reward update: -0.02 -> -0.02
Reward update: -0.02 -> -0.06
Reward update: -0.02 -> -0.02
Reward update: -0.02 -> -0.04
Current policy count: 10
Reward update: 0.0 -> -0.02
Reward update: 0.0 -> 0.0
Reward update: 0.0 -> -0.02
Reward update: 0.0 -> 0.0
Reward update: 0.0 -> -0.02
Reward update: 0.0 -> 0.0
Reward update: 0.0 -> 0.0
Reward update: 0.0 -> -0.02
Reward update: 0.0 -> -0.06
Reward update: 0.0 -> 0.0
Current policy count: 5
Reward update: 0.0 -> 0.0
Reward update: 0.0 -> 0.0
Reward update: 0.0 -> -0.02
Reward update: 0.0 -> 0.0
Reward update: 0.0 -> -0.02
Current policy count: 3
Reward update: 0.0 -> 0.0
Reward update: 0.0 -> 0.0
Reward update: 0.0 -> 0.0
Current policy count: 2
Reward update: 0.0 -> 0.0
Reward update: 0.0 -> 0.0
Current policy count: 1
Reward update: 0.0 -> 0.0
Final reward: 0.0
Number of nodes: 23
