Iteration 0/80
Training student with 225 points
Train accuracy: 0.6388888888888888
Test accuracy: 0.7777777777777778
Number of nodes: 23
Student reward: 0.21818181818181817
Iteration 1/80
Training student with 1225 points
Train accuracy: 0.4673469387755102
Test accuracy: 0.3551020408163265
Number of nodes: 23
Student reward: 0.20909090909090908
Iteration 2/80
Training student with 2225 points
Train accuracy: 0.36797752808988765
Test accuracy: 0.34606741573033706
Number of nodes: 23
Student reward: 0.3363636363636363
Iteration 3/80
Training student with 3134 points
Train accuracy: 0.396888711607499
Test accuracy: 0.3923444976076555
Number of nodes: 21
Student reward: 0.3
Iteration 4/80
Training student with 4043 points
Train accuracy: 0.3747680890538033
Test accuracy: 0.34857849196538937
Number of nodes: 23
Student reward: 0.22727272727272724
Iteration 5/80
Training student with 5043 points
Train accuracy: 0.3666336142786316
Test accuracy: 0.3458870168483647
Number of nodes: 23
Student reward: 0.3727272727272727
Iteration 6/80
Training student with 5861 points
Train accuracy: 0.35878839590443684
Test accuracy: 0.3734015345268542
Number of nodes: 23
Student reward: 0.19090909090909092
Iteration 7/80
Training student with 6861 points
Train accuracy: 0.35131195335276966
Test accuracy: 0.36125273124544793
Number of nodes: 21
Student reward: 0.2909090909090909
Iteration 8/80
Training student with 7679 points
Train accuracy: 0.3509685821259971
Test accuracy: 0.3404947916666667
Number of nodes: 23
Student reward: 0.3090909090909091
Iteration 9/80
Training student with 8588 points
Train accuracy: 0.3311499272197962
Test accuracy: 0.3393480791618161
Number of nodes: 23
Student reward: 0.17272727272727273
Iteration 10/80
Training student with 9497 points
Train accuracy: 0.32354876925102016
Test accuracy: 0.30736842105263157
Number of nodes: 21
Student reward: 0.3454545454545454
Iteration 11/80
Training student with 10406 points
Train accuracy: 0.3212397885631908
Test accuracy: 0.3170028818443804
Number of nodes: 23
Student reward: 0.2545454545454545
Iteration 12/80
Training student with 11315 points
Train accuracy: 0.31904551480335835
Test accuracy: 0.32744144940344677
Number of nodes: 23
Student reward: 0.3636363636363636
Iteration 13/80
Training student with 12224 points
Train accuracy: 0.3274363431843747
Test accuracy: 0.33496932515337424
Number of nodes: 23
Student reward: 0.23636363636363633
Iteration 14/80
Training student with 13224 points
Train accuracy: 0.33575952358445976
Test accuracy: 0.32476370510396974
Number of nodes: 21
Student reward: 0.2
Iteration 15/80
Training student with 14224 points
Train accuracy: 0.3387819667809122
Test accuracy: 0.3423550087873462
Number of nodes: 21
Student reward: 0.39999999999999997
Iteration 16/80
Training student with 15133 points
Train accuracy: 0.3478440442755658
Test accuracy: 0.3356458539808391
Number of nodes: 23
Student reward: 0.17272727272727273
Iteration 17/80
Training student with 16042 points
Train accuracy: 0.33772305774175954
Test accuracy: 0.3390464319102524
Number of nodes: 23
Student reward: 0.20909090909090908
Iteration 18/80
Training student with 17042 points
Train accuracy: 0.337563265605516
Test accuracy: 0.3264887063655031
Number of nodes: 23
Student reward: 0.2272727272727273
Iteration 19/80
Training student with 17951 points
Train accuracy: 0.3282033426183844
Test accuracy: 0.341687552213868
Number of nodes: 23
Student reward: 0.2909090909090909
Iteration 20/80
Training student with 18951 points
Train accuracy: 0.3283641160949868
Test accuracy: 0.32471643365866526
Number of nodes: 23
Student reward: 0.2818181818181818
Iteration 21/80
Training student with 19860 points
Train accuracy: 0.34850201409869086
Test accuracy: 0.3325780463242699
Number of nodes: 21
Student reward: 0.35454545454545455
Iteration 22/80
Training student with 20769 points
Train accuracy: 0.35130905808004814
Test accuracy: 0.33654309099662977
Number of nodes: 23
Student reward: 0.22727272727272724
Iteration 23/80
Training student with 21769 points
Train accuracy: 0.3488946310651737
Test accuracy: 0.3378502526412494
Number of nodes: 23
Student reward: 0.09090909090909091
Iteration 24/80
Training student with 22769 points
Train accuracy: 0.3475706835026077
Test accuracy: 0.328941589811155
Number of nodes: 23
Student reward: 0.4636363636363637
Iteration 25/80
Training student with 23496 points
Train accuracy: 0.34831879123217707
Test accuracy: 0.3448936170212766
Number of nodes: 23
Student reward: 0.23636363636363633
Iteration 26/80
Training student with 24405 points
Train accuracy: 0.36447449293177625
Test accuracy: 0.37287441098135626
Number of nodes: 23
Student reward: 0.4
Iteration 27/80
Training student with 25314 points
Train accuracy: 0.36032788504271396
Test accuracy: 0.3675686351965238
Number of nodes: 23
Student reward: 0.33636363636363636
Iteration 28/80
Training student with 26223 points
Train accuracy: 0.353322528363047
Test accuracy: 0.36358436606291705
Number of nodes: 23
Student reward: 0.15454545454545454
Iteration 29/80
Training student with 27223 points
Train accuracy: 0.35173110478464503
Test accuracy: 0.3445362718089991
Number of nodes: 21
Student reward: 0.22727272727272724
Iteration 30/80
Training student with 28223 points
Train accuracy: 0.3514926034192577
Test accuracy: 0.34774136403897254
Number of nodes: 23
Student reward: 0.3636363636363636
Iteration 31/80
Training student with 28950 points
Train accuracy: 0.34917962003454234
Test accuracy: 0.3386873920552677
Number of nodes: 21
Student reward: 0.2909090909090909
Iteration 32/80
Training student with 29859 points
Train accuracy: 0.3449993720433709
Test accuracy: 0.34896182183523106
Number of nodes: 23
Student reward: 0.20909090909090908
Iteration 33/80
Training student with 30768 points
Train accuracy: 0.345291297635492
Test accuracy: 0.3368540786480338
Number of nodes: 21
Student reward: 0.3181818181818182
Iteration 34/80
Training student with 31677 points
Train accuracy: 0.3461978611735922
Test accuracy: 0.3435921717171717
Number of nodes: 23
Student reward: 0.19999999999999998
Iteration 35/80
Training student with 32677 points
Train accuracy: 0.3484181936421713
Test accuracy: 0.34317625458996326
Number of nodes: 23
Student reward: 0.43636363636363634
Iteration 36/80
Training student with 33495 points
Train accuracy: 0.34497686221824153
Test accuracy: 0.3522913867741454
Number of nodes: 21
Student reward: 0.3454545454545454
Iteration 37/80
Training student with 34222 points
Train accuracy: 0.3474814625415495
Test accuracy: 0.3434623813002191
Number of nodes: 23
Student reward: 0.34545454545454546
Iteration 38/80
Training student with 35131 points
Train accuracy: 0.3460361514375178
Test accuracy: 0.3495090365732176
Number of nodes: 23
Student reward: 0.09090909090909091
Iteration 39/80
Training student with 36131 points
Train accuracy: 0.34635344588984224
Test accuracy: 0.3406669434066694
Number of nodes: 23
Student reward: 0.24545454545454543
Iteration 40/80
Training student with 37131 points
Train accuracy: 0.3467546458389443
Test accuracy: 0.3414568466406355
Number of nodes: 23
Student reward: 0.26363636363636356
Iteration 41/80
Training student with 38040 points
Train accuracy: 0.344177181913775
Test accuracy: 0.3442429022082019
Number of nodes: 23
Student reward: 0.32727272727272727
Iteration 42/80
Training student with 38949 points
Train accuracy: 0.3406399435155172
Test accuracy: 0.344415917843389
Number of nodes: 23
Student reward: 0.13636363636363638
Iteration 43/80
Training student with 39949 points
Train accuracy: 0.3451922776056823
Test accuracy: 0.3350438047559449
Number of nodes: 23
Student reward: 0.27272727272727276
Iteration 44/80
Training student with 40858 points
Train accuracy: 0.3410328581043872
Test accuracy: 0.34055310817425355
Number of nodes: 23
Student reward: 0.20909090909090908
Iteration 45/80
Training student with 41858 points
Train accuracy: 0.34312847160007165
Test accuracy: 0.3381509794553273
Number of nodes: 23
Student reward: 0.17272727272727276
Iteration 46/80
Training student with 42858 points
Train accuracy: 0.34185965116957356
Test accuracy: 0.3388940737284181
Number of nodes: 21
Student reward: 0.43636363636363634
Iteration 47/80
Training student with 43585 points
Train accuracy: 0.340197315590226
Test accuracy: 0.3505793277503728
Number of nodes: 23
Student reward: 0.2272727272727273
Iteration 48/80
Training student with 44585 points
Train accuracy: 0.34439834024896265
Test accuracy: 0.34731411909835147
Number of nodes: 23
Student reward: 0.32727272727272727
Iteration 49/80
Training student with 45585 points
Train accuracy: 0.34506965010420093
Test accuracy: 0.34781178019085224
Number of nodes: 23
Student reward: 0.1181818181818182
Iteration 50/80
Training student with 46585 points
Train accuracy: 0.34681227863046044
Test accuracy: 0.3507566813351937
Number of nodes: 23
Student reward: 0.2909090909090909
Iteration 51/80
Training student with 47494 points
Train accuracy: 0.3466245558626135
Test accuracy: 0.3466680703231919
Number of nodes: 21
Student reward: 0.24545454545454545
Iteration 52/80
Training student with 48494 points
Train accuracy: 0.3463075138548782
Test accuracy: 0.34467470873285905
Number of nodes: 23
Student reward: 0.21818181818181817
Iteration 53/80
Training student with 49494 points
Train accuracy: 0.3478469503725218
Test accuracy: 0.34993433680169717
Number of nodes: 23
Student reward: 0.2
Iteration 54/80
Training student with 50494 points
Train accuracy: 0.3472211907414284
Test accuracy: 0.3469650460441628
Number of nodes: 21
Student reward: 0.3727272727272727
Iteration 55/80
Training student with 51403 points
Train accuracy: 0.3461893876756967
Test accuracy: 0.34656161851959927
Number of nodes: 23
Student reward: 0.4545454545454546
Iteration 56/80
Training student with 52221 points
Train accuracy: 0.34814247414783606
Test accuracy: 0.34782192436572523
Number of nodes: 21
Student reward: 0.590909090909091
Iteration 57/80
Training student with 52948 points
Train accuracy: 0.3469002313612541
Test accuracy: 0.3500472143531634
Number of nodes: 21
Student reward: 0.2636363636363636
Iteration 58/80
Training student with 53857 points
Train accuracy: 0.34615295346408265
Test accuracy: 0.34376160415893053
Number of nodes: 23
Student reward: 0.1727272727272727
Iteration 59/80
Training student with 54857 points
Train accuracy: 0.3463142303748433
Test accuracy: 0.3453335763762304
Number of nodes: 21
Student reward: 0.19090909090909092
Iteration 60/80
Training student with 55857 points
Train accuracy: 0.34685017343627617
Test accuracy: 0.3447010383100609
Number of nodes: 21
Student reward: 0.22727272727272724
Iteration 61/80
Training student with 56766 points
Train accuracy: 0.34438033999823836
Test accuracy: 0.3460454465386648
Number of nodes: 23
Student reward: 0.4909090909090909
Iteration 62/80
Training student with 57493 points
Train accuracy: 0.3442622950819672
Test accuracy: 0.34820419166884076
Number of nodes: 21
Student reward: 0.32727272727272727
Iteration 63/80
Training student with 58402 points
Train accuracy: 0.3466321354423065
Test accuracy: 0.3436349627600377
Number of nodes: 21
Student reward: 0.3090909090909091
Iteration 64/80
Training student with 59220 points
Train accuracy: 0.3472011144883485
Test accuracy: 0.34194528875379937
Number of nodes: 23
Student reward: 0.28181818181818186
Iteration 65/80
Training student with 60220 points
Train accuracy: 0.34753819329126534
Test accuracy: 0.34058452341414813
Number of nodes: 23
Student reward: 0.2727272727272727
Iteration 66/80
Training student with 61220 points
Train accuracy: 0.34563868016987914
Test accuracy: 0.34531198954590003
Number of nodes: 23
Student reward: 0.2
Iteration 67/80
Training student with 62220 points
Train accuracy: 0.3451864352298296
Test accuracy: 0.34586949533911926
Number of nodes: 23
Student reward: 0.11818181818181817
Iteration 68/80
Training student with 63220 points
Train accuracy: 0.34464963619107875
Test accuracy: 0.34190129705789307
Number of nodes: 21
Student reward: 0.2
Iteration 69/80
Training student with 64220 points
Train accuracy: 0.34350669573341636
Test accuracy: 0.34506384303955157
Number of nodes: 21
Student reward: 0.21818181818181817
Iteration 70/80
Training student with 65220 points
Train accuracy: 0.34374041704998465
Test accuracy: 0.3416130021465808
Number of nodes: 23
Student reward: 0.32727272727272727
Iteration 71/80
Training student with 66129 points
Train accuracy: 0.3431374402207814
Test accuracy: 0.341070618478754
Number of nodes: 23
Student reward: 0.16363636363636364
Iteration 72/80
Training student with 67129 points
Train accuracy: 0.3430162188332123
Test accuracy: 0.34410844629822734
Number of nodes: 23
Student reward: 0.1909090909090909
Iteration 73/80
Training student with 68129 points
Train accuracy: 0.34254995137882316
Test accuracy: 0.3449288125642155
Number of nodes: 23
Student reward: 0.28181818181818175
Iteration 74/80
Training student with 69038 points
Train accuracy: 0.3463154082925946
Test accuracy: 0.3358922363847045
Number of nodes: 23
Student reward: 0.33636363636363636
Iteration 75/80
Training student with 69947 points
Train accuracy: 0.3442286041067248
Test accuracy: 0.348963545389564
Number of nodes: 23
Student reward: 0.17272727272727273
Iteration 76/80
Training student with 70947 points
Train accuracy: 0.3466356572757545
Test accuracy: 0.3451726568005638
Number of nodes: 23
Student reward: 0.2909090909090909
Iteration 77/80
Training student with 71765 points
Train accuracy: 0.3474012401588518
Test accuracy: 0.3396502473350519
Number of nodes: 23
Student reward: 0.32727272727272727
Iteration 78/80
Training student with 72583 points
Train accuracy: 0.3467433610029966
Test accuracy: 0.34111731073913343
Number of nodes: 23
Student reward: 0.36363636363636365
Iteration 79/80
Training student with 73492 points
Train accuracy: 0.3439525113533924
Test accuracy: 0.3470984420708892
Number of nodes: 23
Student reward: 0.13636363636363635
Initial policy count: 80
Current policy count: 40
Reward update: 0.590909090909091 -> 0.24181818181818182
Reward update: 0.4909090909090909 -> 0.2509090909090909
Reward update: 0.4636363636363637 -> 0.32000000000000006
Reward update: 0.4545454545454546 -> 0.24181818181818188
Reward update: 0.43636363636363634 -> 0.28
Reward update: 0.43636363636363634 -> 0.2381818181818182
Reward update: 0.4 -> 0.24363636363636362
Reward update: 0.39999999999999997 -> 0.25454545454545463
Reward update: 0.3727272727272727 -> 0.28727272727272735
Reward update: 0.3727272727272727 -> 0.29090909090909095
Reward update: 0.36363636363636365 -> 0.3036363636363636
Reward update: 0.3636363636363636 -> 0.22909090909090907
Reward update: 0.3636363636363636 -> 0.26909090909090905
Reward update: 0.35454545454545455 -> 0.24181818181818188
Reward update: 0.34545454545454546 -> 0.23454545454545453
Reward update: 0.3454545454545454 -> 0.26
Reward update: 0.3454545454545454 -> 0.20181818181818184
Reward update: 0.33636363636363636 -> 0.2636363636363637
Reward update: 0.33636363636363636 -> 0.28909090909090923
Reward update: 0.3363636363636363 -> 0.30909090909090914
Reward update: 0.32727272727272727 -> 0.31272727272727274
Reward update: 0.32727272727272727 -> 0.2472727272727273
Reward update: 0.32727272727272727 -> 0.18545454545454546
Reward update: 0.32727272727272727 -> 0.2963636363636364
Reward update: 0.32727272727272727 -> 0.2963636363636364
Reward update: 0.3181818181818182 -> 0.27454545454545465
Reward update: 0.3090909090909091 -> 0.2763636363636364
Reward update: 0.3090909090909091 -> 0.25454545454545463
Reward update: 0.3 -> 0.2872727272727273
Reward update: 0.2909090909090909 -> 0.27999999999999997
Reward update: 0.2909090909090909 -> 0.2290909090909091
Reward update: 0.2909090909090909 -> 0.26181818181818195
Reward update: 0.2909090909090909 -> 0.29090909090909095
Reward update: 0.2909090909090909 -> 0.22545454545454546
Reward update: 0.28181818181818186 -> 0.2618181818181819
Reward update: 0.2818181818181818 -> 0.21636363636363648
Reward update: 0.28181818181818175 -> 0.28181818181818186
Reward update: 0.27272727272727276 -> 0.2581818181818182
Reward update: 0.2727272727272727 -> 0.2345454545454545
Reward update: 0.2636363636363636 -> 0.28
Current policy count: 20
Reward update: 0.32000000000000006 -> 0.31272727272727274
Reward update: 0.31272727272727274 -> 0.2509090909090909
Reward update: 0.30909090909090914 -> 0.2436363636363637
Reward update: 0.3036363636363636 -> 0.27272727272727276
Reward update: 0.2963636363636364 -> 0.24181818181818188
Reward update: 0.2963636363636364 -> 0.27090909090909093
Reward update: 0.29090909090909095 -> 0.2690909090909091
Reward update: 0.29090909090909095 -> 0.3472727272727273
Reward update: 0.28909090909090923 -> 0.27818181818181825
Reward update: 0.28727272727272735 -> 0.29272727272727284
Reward update: 0.2872727272727273 -> 0.2563636363636364
Reward update: 0.28181818181818186 -> 0.2854545454545455
Reward update: 0.28 -> 0.24363636363636368
Reward update: 0.28 -> 0.330909090909091
Reward update: 0.27999999999999997 -> 0.2763636363636365
Reward update: 0.2763636363636364 -> 0.24000000000000013
Reward update: 0.27454545454545465 -> 0.2309090909090909
Reward update: 0.26909090909090905 -> 0.28181818181818186
Reward update: 0.2636363636363637 -> 0.2927272727272728
Reward update: 0.26181818181818195 -> 0.2563636363636364
Current policy count: 10
Reward update: 0.3472727272727273 -> 0.32
Reward update: 0.330909090909091 -> 0.2872727272727273
Reward update: 0.31272727272727274 -> 0.26000000000000006
Reward update: 0.29272727272727284 -> 0.2981818181818182
Reward update: 0.2927272727272728 -> 0.2727272727272728
Reward update: 0.2854545454545455 -> 0.2527272727272727
Reward update: 0.28181818181818186 -> 0.20363636363636364
Reward update: 0.27818181818181825 -> 0.2636363636363637
Reward update: 0.2763636363636365 -> 0.21454545454545454
Reward update: 0.27272727272727276 -> 0.3054545454545455
Current policy count: 5
Reward update: 0.32 -> 0.26545454545454544
Reward update: 0.3054545454545455 -> 0.28
Reward update: 0.2981818181818182 -> 0.2181818181818181
Reward update: 0.2872727272727273 -> 0.2800000000000001
Reward update: 0.2727272727272728 -> 0.3181818181818183
Current policy count: 3
Reward update: 0.3181818181818183 -> 0.22363636363636372
Reward update: 0.2800000000000001 -> 0.2527272727272728
Reward update: 0.28 -> 0.21818181818181814
Current policy count: 2
Reward update: 0.2527272727272728 -> 0.2381818181818182
Reward update: 0.22363636363636372 -> 0.26545454545454555
Current policy count: 1
Reward update: 0.26545454545454555 -> 0.32545454545454544
Final reward: 0.2745454545454546
Number of nodes: 23
