Iteration 0/80
Training student with 1000 points
Train accuracy: 0.25
Test accuracy: 0.255
Number of nodes: 23
Student reward: 0.0
Iteration 1/80
Training student with 2000 points
Train accuracy: 0.233125
Test accuracy: 0.1675
Number of nodes: 21
Student reward: 0.0
Iteration 2/80
Training student with 3000 points
Train accuracy: 0.23125
Test accuracy: 0.205
Number of nodes: 21
Student reward: 0.0
Iteration 3/80
Training student with 4000 points
Train accuracy: 0.224375
Test accuracy: 0.19
Number of nodes: 21
Student reward: 0.0
Iteration 4/80
Training student with 5000 points
Train accuracy: 0.22325
Test accuracy: 0.206
Number of nodes: 23
Student reward: 0.0
Iteration 5/80
Training student with 6000 points
Train accuracy: 0.220625
Test accuracy: 0.2
Number of nodes: 23
Student reward: 0.0
Iteration 6/80
Training student with 7000 points
Train accuracy: 0.21982142857142858
Test accuracy: 0.20785714285714285
Number of nodes: 23
Student reward: 0.0
Iteration 7/80
Training student with 8000 points
Train accuracy: 0.22015625
Test accuracy: 0.20375
Number of nodes: 23
Student reward: 0.0
Iteration 8/80
Training student with 9000 points
Train accuracy: 0.21888888888888888
Test accuracy: 0.2
Number of nodes: 21
Student reward: 0.0
Iteration 9/80
Training student with 10000 points
Train accuracy: 0.21525
Test accuracy: 0.1935
Number of nodes: 23
Student reward: 0.0
Iteration 10/80
Training student with 11000 points
Train accuracy: 0.21693181818181817
Test accuracy: 0.20454545454545456
Number of nodes: 21
Student reward: 0.0
Iteration 11/80
Training student with 12000 points
Train accuracy: 0.216875
Test accuracy: 0.19416666666666665
Number of nodes: 21
Student reward: 0.0
Iteration 12/80
Training student with 13000 points
Train accuracy: 0.21471153846153845
Test accuracy: 0.19846153846153847
Number of nodes: 23
Student reward: 0.0
Iteration 13/80
Training student with 14000 points
Train accuracy: 0.20982142857142858
Test accuracy: 0.2
Number of nodes: 23
Student reward: 0.0
Iteration 14/80
Training student with 15000 points
Train accuracy: 0.2125
Test accuracy: 0.193
Number of nodes: 21
Student reward: 0.0
Iteration 15/80
Training student with 16000 points
Train accuracy: 0.209609375
Test accuracy: 0.204375
Number of nodes: 21
Student reward: 0.0
Iteration 16/80
Training student with 17000 points
Train accuracy: 0.2113970588235294
Test accuracy: 0.19852941176470587
Number of nodes: 21
Student reward: 0.0
Iteration 17/80
Training student with 18000 points
Train accuracy: 0.21041666666666667
Test accuracy: 0.20333333333333334
Number of nodes: 23
Student reward: 0.0
Iteration 18/80
Training student with 19000 points
Train accuracy: 0.21052631578947367
Test accuracy: 0.2005263157894737
Number of nodes: 21
Student reward: 0.0
Iteration 19/80
Training student with 20000 points
Train accuracy: 0.211125
Test accuracy: 0.1955
Number of nodes: 21
Student reward: 0.0
Iteration 20/80
Training student with 21000 points
Train accuracy: 0.20898809523809525
Test accuracy: 0.20238095238095238
Number of nodes: 23
Student reward: 0.0
Iteration 21/80
Training student with 22000 points
Train accuracy: 0.20903409090909092
Test accuracy: 0.19522727272727272
Number of nodes: 23
Student reward: 0.0
Iteration 22/80
Training student with 23000 points
Train accuracy: 0.20820652173913043
Test accuracy: 0.19869565217391305
Number of nodes: 21
Student reward: 0.0
Iteration 23/80
Training student with 24000 points
Train accuracy: 0.20817708333333335
Test accuracy: 0.19958333333333333
Number of nodes: 23
Student reward: 0.0
Iteration 24/80
Training student with 25000 points
Train accuracy: 0.20675
Test accuracy: 0.205
Number of nodes: 21
Student reward: 0.0
Iteration 25/80
Training student with 26000 points
Train accuracy: 0.20822115384615383
Test accuracy: 0.19576923076923078
Number of nodes: 21
Student reward: 0.0
Iteration 26/80
Training student with 27000 points
Train accuracy: 0.20782407407407408
Test accuracy: 0.19814814814814816
Number of nodes: 23
Student reward: 0.0
Iteration 27/80
Training student with 28000 points
Train accuracy: 0.20732142857142857
Test accuracy: 0.20089285714285715
Number of nodes: 23
Student reward: 0.0
Iteration 28/80
Training student with 29000 points
Train accuracy: 0.20741379310344826
Test accuracy: 0.19793103448275862
Number of nodes: 21
Student reward: 0.0
Iteration 29/80
Training student with 30000 points
Train accuracy: 0.208625
Test accuracy: 0.19666666666666666
Number of nodes: 23
Student reward: 0.0
Iteration 30/80
Training student with 31000 points
Train accuracy: 0.20830645161290323
Test accuracy: 0.19725806451612904
Number of nodes: 21
Student reward: 0.0
Iteration 31/80
Training student with 32000 points
Train accuracy: 0.2084765625
Test accuracy: 0.19734375
Number of nodes: 21
Student reward: 0.0
Iteration 32/80
Training student with 33000 points
Train accuracy: 0.20617424242424243
Test accuracy: 0.2037878787878788
Number of nodes: 23
Student reward: 0.0
Iteration 33/80
Training student with 34000 points
Train accuracy: 0.20738970588235295
Test accuracy: 0.19367647058823528
Number of nodes: 23
Student reward: 0.0
Iteration 34/80
Training student with 35000 points
Train accuracy: 0.20642857142857143
Test accuracy: 0.1947142857142857
Number of nodes: 23
Student reward: 0.0
Iteration 35/80
Training student with 36000 points
Train accuracy: 0.20743055555555556
Test accuracy: 0.20027777777777778
Number of nodes: 23
Student reward: 0.0
Iteration 36/80
Training student with 37000 points
Train accuracy: 0.20783783783783782
Test accuracy: 0.1918918918918919
Number of nodes: 21
Student reward: 0.0
Iteration 37/80
Training student with 38000 points
Train accuracy: 0.20819078947368422
Test accuracy: 0.19881578947368422
Number of nodes: 23
Student reward: 0.0
Iteration 38/80
Training student with 39000 points
Train accuracy: 0.20682692307692307
Test accuracy: 0.2041025641025641
Number of nodes: 21
Student reward: 0.0
Iteration 39/80
Training student with 40000 points
Train accuracy: 0.20759375
Test accuracy: 0.20275
Number of nodes: 23
Student reward: 0.0
Iteration 40/80
Training student with 41000 points
Train accuracy: 0.20734756097560975
Test accuracy: 0.2046341463414634
Number of nodes: 23
Student reward: 0.0
Iteration 41/80
Training student with 42000 points
Train accuracy: 0.20782738095238096
Test accuracy: 0.19940476190476192
Number of nodes: 21
Student reward: 0.0
Iteration 42/80
Training student with 43000 points
Train accuracy: 0.20886627906976743
Test accuracy: 0.19511627906976745
Number of nodes: 21
Student reward: 0.0
Iteration 43/80
Training student with 44000 points
Train accuracy: 0.20607954545454546
Test accuracy: 0.20420454545454544
Number of nodes: 23
Student reward: 0.0
Iteration 44/80
Training student with 45000 points
Train accuracy: 0.20541666666666666
Test accuracy: 0.18977777777777777
Number of nodes: 21
Student reward: 0.0
Iteration 45/80
Training student with 46000 points
Train accuracy: 0.20649456521739132
Test accuracy: 0.1958695652173913
Number of nodes: 23
Student reward: 0.0
Iteration 46/80
Training student with 47000 points
Train accuracy: 0.2053723404255319
Test accuracy: 0.19627659574468084
Number of nodes: 23
Student reward: 0.0
Iteration 47/80
Training student with 48000 points
Train accuracy: 0.20802083333333332
Test accuracy: 0.191875
Number of nodes: 23
Student reward: 0.0
Iteration 48/80
Training student with 49000 points
Train accuracy: 0.20650510204081632
Test accuracy: 0.19357142857142856
Number of nodes: 21
Student reward: 0.0
Iteration 49/80
Training student with 50000 points
Train accuracy: 0.206475
Test accuracy: 0.1988
Number of nodes: 23
Student reward: 0.0
Iteration 50/80
Training student with 51000 points
Train accuracy: 0.20615196078431372
Test accuracy: 0.19666666666666666
Number of nodes: 23
Student reward: 0.0
Iteration 51/80
Training student with 52000 points
Train accuracy: 0.20555288461538462
Test accuracy: 0.2026923076923077
Number of nodes: 23
Student reward: 0.0
Iteration 52/80
Training student with 53000 points
Train accuracy: 0.2049056603773585
Test accuracy: 0.19952830188679246
Number of nodes: 23
Student reward: 0.0
Iteration 53/80
Training student with 54000 points
Train accuracy: 0.20655092592592592
Test accuracy: 0.19555555555555557
Number of nodes: 23
Student reward: 0.0
Iteration 54/80
Training student with 55000 points
Train accuracy: 0.20679545454545453
Test accuracy: 0.19836363636363635
Number of nodes: 23
Student reward: 0.0
Iteration 55/80
Training student with 56000 points
Train accuracy: 0.20600446428571428
Test accuracy: 0.19848214285714286
Number of nodes: 23
Student reward: 0.0
Iteration 56/80
Training student with 57000 points
Train accuracy: 0.20532894736842106
Test accuracy: 0.20026315789473684
Number of nodes: 23
Student reward: 0.0
Iteration 57/80
Training student with 58000 points
Train accuracy: 0.2048060344827586
Test accuracy: 0.20077586206896553
Number of nodes: 23
Student reward: 0.0
Iteration 58/80
Training student with 59000 points
Train accuracy: 0.20466101694915254
Test accuracy: 0.20076271186440678
Number of nodes: 23
Student reward: 0.0
Iteration 59/80
Training student with 60000 points
Train accuracy: 0.20475
Test accuracy: 0.19516666666666665
Number of nodes: 23
Student reward: 0.0
Iteration 60/80
Training student with 61000 points
Train accuracy: 0.20557377049180328
Test accuracy: 0.19959016393442622
Number of nodes: 23
Student reward: 0.0
Iteration 61/80
Training student with 62000 points
Train accuracy: 0.20709677419354838
Test accuracy: 0.1946774193548387
Number of nodes: 23
Student reward: 0.0
Iteration 62/80
Training student with 63000 points
Train accuracy: 0.20515873015873015
Test accuracy: 0.19595238095238096
Number of nodes: 23
Student reward: 0.0
Iteration 63/80
Training student with 64000 points
Train accuracy: 0.2054296875
Test accuracy: 0.201015625
Number of nodes: 23
Student reward: 0.0
Iteration 64/80
Training student with 65000 points
Train accuracy: 0.20561538461538462
Test accuracy: 0.19838461538461538
Number of nodes: 23
Student reward: 0.0
Iteration 65/80
Training student with 66000 points
Train accuracy: 0.2056060606060606
Test accuracy: 0.19893939393939394
Number of nodes: 23
Student reward: 0.0
Iteration 66/80
Training student with 67000 points
Train accuracy: 0.20479477611940297
Test accuracy: 0.19925373134328359
Number of nodes: 23
Student reward: 0.0
Iteration 67/80
Training student with 68000 points
Train accuracy: 0.20580882352941177
Test accuracy: 0.19816176470588234
Number of nodes: 23
Student reward: 0.0
Iteration 68/80
Training student with 69000 points
Train accuracy: 0.2058876811594203
Test accuracy: 0.19869565217391305
Number of nodes: 23
Student reward: 0.0
Iteration 69/80
Training student with 70000 points
Train accuracy: 0.20458928571428572
Test accuracy: 0.19964285714285715
Number of nodes: 23
Student reward: 0.0
Iteration 70/80
Training student with 71000 points
Train accuracy: 0.2041725352112676
Test accuracy: 0.20514084507042255
Number of nodes: 23
Student reward: 0.0
Iteration 71/80
Training student with 72000 points
Train accuracy: 0.20628472222222222
Test accuracy: 0.19465277777777779
Number of nodes: 23
Student reward: 0.0
Iteration 72/80
Training student with 73000 points
Train accuracy: 0.2046232876712329
Test accuracy: 0.196986301369863
Number of nodes: 23
Student reward: 0.0
Iteration 73/80
Training student with 74000 points
Train accuracy: 0.20449324324324325
Test accuracy: 0.20054054054054055
Number of nodes: 23
Student reward: 0.0
Iteration 74/80
Training student with 75000 points
Train accuracy: 0.20518333333333333
Test accuracy: 0.19453333333333334
Number of nodes: 23
Student reward: 0.0
Iteration 75/80
Training student with 76000 points
Train accuracy: 0.20453947368421052
Test accuracy: 0.19901315789473684
Number of nodes: 23
Student reward: 0.0
Iteration 76/80
Training student with 77000 points
Train accuracy: 0.20448051948051948
Test accuracy: 0.1964935064935065
Number of nodes: 23
Student reward: 0.0
Iteration 77/80
Training student with 78000 points
Train accuracy: 0.2038621794871795
Test accuracy: 0.1987820512820513
Number of nodes: 23
Student reward: 0.0
Iteration 78/80
Training student with 79000 points
Train accuracy: 0.2049367088607595
Test accuracy: 0.19854430379746835
Number of nodes: 23
Student reward: 0.0
Iteration 79/80
Training student with 80000 points
Train accuracy: 0.20440625
Test accuracy: 0.1961875
Number of nodes: 23
Student reward: 0.0
Initial policy count: 80
Current policy count: 40
Reward update: 0.0 -> 0.0
Reward update: 0.0 -> 0.0
Reward update: 0.0 -> 0.0
Reward update: 0.0 -> 0.0
Reward update: 0.0 -> 0.0
Reward update: 0.0 -> 0.0
Reward update: 0.0 -> 0.0
Reward update: 0.0 -> 0.0
Reward update: 0.0 -> 0.0
Reward update: 0.0 -> 0.0
Reward update: 0.0 -> 0.0
Reward update: 0.0 -> 0.0
Reward update: 0.0 -> 0.0
Reward update: 0.0 -> 0.0
Reward update: 0.0 -> 0.0
Reward update: 0.0 -> 0.0
Reward update: 0.0 -> 0.0
Reward update: 0.0 -> 0.0
Reward update: 0.0 -> 0.0
Reward update: 0.0 -> 0.0
Reward update: 0.0 -> 0.0
Reward update: 0.0 -> 0.0
Reward update: 0.0 -> 0.0
Reward update: 0.0 -> 0.0
Reward update: 0.0 -> 0.0
Reward update: 0.0 -> 0.0
Reward update: 0.0 -> 0.0
Reward update: 0.0 -> 0.0
Reward update: 0.0 -> 0.0
Reward update: 0.0 -> 0.0
Reward update: 0.0 -> 0.0
Reward update: 0.0 -> 0.0
Reward update: 0.0 -> 0.0
Reward update: 0.0 -> 0.0
Reward update: 0.0 -> 0.0
Reward update: 0.0 -> 0.0
Reward update: 0.0 -> 0.0
Reward update: 0.0 -> 0.0
Reward update: 0.0 -> 0.0
Reward update: 0.0 -> 0.0
Current policy count: 20
Reward update: 0.0 -> 0.0
Reward update: 0.0 -> 0.0
Reward update: 0.0 -> 0.0
Reward update: 0.0 -> 0.0
Reward update: 0.0 -> 0.0
Reward update: 0.0 -> 0.0
Reward update: 0.0 -> 0.0
Reward update: 0.0 -> 0.0
Reward update: 0.0 -> 0.0
Reward update: 0.0 -> 0.0
Reward update: 0.0 -> 0.0
Reward update: 0.0 -> 0.0
Reward update: 0.0 -> 0.0
Reward update: 0.0 -> 0.0
Reward update: 0.0 -> 0.0
Reward update: 0.0 -> 0.0
Reward update: 0.0 -> 0.0
Reward update: 0.0 -> 0.0
Reward update: 0.0 -> 0.0
Reward update: 0.0 -> 0.0
Current policy count: 10
Reward update: 0.0 -> 0.0
Reward update: 0.0 -> 0.0
Reward update: 0.0 -> 0.0
Reward update: 0.0 -> 0.0
Reward update: 0.0 -> 0.0
Reward update: 0.0 -> 0.0
Reward update: 0.0 -> 0.0
Reward update: 0.0 -> 0.0
Reward update: 0.0 -> 0.0
Reward update: 0.0 -> 0.0
Current policy count: 5
Reward update: 0.0 -> 0.0
Reward update: 0.0 -> 0.0
Reward update: 0.0 -> 0.0
Reward update: 0.0 -> 0.0
Reward update: 0.0 -> 0.0
Current policy count: 3
Reward update: 0.0 -> 0.0
Reward update: 0.0 -> 0.0
Reward update: 0.0 -> 0.0
Current policy count: 2
Reward update: 0.0 -> 0.0
Reward update: 0.0 -> 0.0
Current policy count: 1
Reward update: 0.0 -> 0.0
Final reward: 0.0
Number of nodes: 23
