Iteration 0/80
Training student with 132 points
Train accuracy: 0.7619047619047619
Test accuracy: 0.6666666666666666
Number of nodes: 11
Student reward: 0.2636363636363636
Iteration 1/80
Training student with 1132 points
Train accuracy: 0.4143646408839779
Test accuracy: 0.4581497797356828
Number of nodes: 9
Student reward: 0.22727272727272724
Iteration 2/80
Training student with 2132 points
Train accuracy: 0.42346041055718475
Test accuracy: 0.41920374707259955
Number of nodes: 19
Student reward: 0.40909090909090906
Iteration 3/80
Training student with 2950 points
Train accuracy: 0.3919491525423729
Test accuracy: 0.4033898305084746
Number of nodes: 19
Student reward: 0.17272727272727273
Iteration 4/80
Training student with 3950 points
Train accuracy: 0.37278481012658227
Test accuracy: 0.38354430379746834
Number of nodes: 19
Student reward: 0.2
Iteration 5/80
Training student with 4950 points
Train accuracy: 0.3568181818181818
Test accuracy: 0.3505050505050505
Number of nodes: 19
Student reward: 0.22727272727272724
Iteration 6/80
Training student with 5950 points
Train accuracy: 0.3334033613445378
Test accuracy: 0.346218487394958
Number of nodes: 17
Student reward: 0.24545454545454543
Iteration 7/80
Training student with 6950 points
Train accuracy: 0.32410071942446045
Test accuracy: 0.31510791366906477
Number of nodes: 17
Student reward: 0.27272727272727276
Iteration 8/80
Training student with 7859 points
Train accuracy: 0.31668522347701605
Test accuracy: 0.30343511450381677
Number of nodes: 15
Student reward: 0.2
Iteration 9/80
Training student with 8859 points
Train accuracy: 0.3239734725553831
Test accuracy: 0.3211060948081264
Number of nodes: 17
Student reward: 0.20909090909090908
Iteration 10/80
Training student with 9859 points
Train accuracy: 0.3120324584759731
Test accuracy: 0.289553752535497
Number of nodes: 19
Student reward: 0.32727272727272727
Iteration 11/80
Training student with 10859 points
Train accuracy: 0.3531714055485208
Test accuracy: 0.3747697974217311
Number of nodes: 19
Student reward: 0.32727272727272727
Iteration 12/80
Training student with 11768 points
Train accuracy: 0.34013171871680475
Test accuracy: 0.35556499575191164
Number of nodes: 19
Student reward: 0.3
Iteration 13/80
Training student with 12768 points
Train accuracy: 0.3303309183473664
Test accuracy: 0.3253719655442443
Number of nodes: 19
Student reward: 0.27272727272727276
Iteration 14/80
Training student with 13677 points
Train accuracy: 0.32300520976144775
Test accuracy: 0.3358918128654971
Number of nodes: 19
Student reward: 0.1090909090909091
Iteration 15/80
Training student with 14677 points
Train accuracy: 0.3225449280299804
Test accuracy: 0.3140326975476839
Number of nodes: 19
Student reward: 0.41818181818181815
Iteration 16/80
Training student with 15495 points
Train accuracy: 0.3250242013552759
Test accuracy: 0.32365279122297513
Number of nodes: 19
Student reward: 0.18181818181818182
Iteration 17/80
Training student with 16404 points
Train accuracy: 0.3271355635144403
Test accuracy: 0.33252057299603777
Number of nodes: 19
Student reward: 0.27272727272727265
Iteration 18/80
Training student with 17313 points
Train accuracy: 0.32368231046931406
Test accuracy: 0.3263066705168929
Number of nodes: 19
Student reward: 0.18181818181818182
Iteration 19/80
Training student with 18313 points
Train accuracy: 0.3150170648464164
Test accuracy: 0.3174993174993175
Number of nodes: 19
Student reward: 0.3636363636363636
Iteration 20/80
Training student with 19131 points
Train accuracy: 0.32004704652378463
Test accuracy: 0.31016461980663707
Number of nodes: 19
Student reward: 0.3363636363636363
Iteration 21/80
Training student with 20131 points
Train accuracy: 0.3240809736711376
Test accuracy: 0.3178544822448473
Number of nodes: 19
Student reward: 0.2636363636363636
Iteration 22/80
Training student with 21131 points
Train accuracy: 0.31809039280643636
Test accuracy: 0.32363378282469835
Number of nodes: 19
Student reward: 0.26363636363636356
Iteration 23/80
Training student with 22040 points
Train accuracy: 0.3215744101633394
Test accuracy: 0.31601633393829404
Number of nodes: 19
Student reward: 0.2909090909090909
Iteration 24/80
Training student with 23040 points
Train accuracy: 0.3218315972222222
Test accuracy: 0.3259548611111111
Number of nodes: 19
Student reward: 0.14545454545454545
Iteration 25/80
Training student with 24040 points
Train accuracy: 0.3228473377703827
Test accuracy: 0.3275790349417637
Number of nodes: 17
Student reward: 0.2818181818181818
Iteration 26/80
Training student with 25040 points
Train accuracy: 0.32617811501597443
Test accuracy: 0.3266773162939297
Number of nodes: 19
Student reward: 0.33636363636363636
Iteration 27/80
Training student with 26040 points
Train accuracy: 0.3290130568356375
Test accuracy: 0.3348694316436252
Number of nodes: 19
Student reward: 0.3636363636363636
Iteration 28/80
Training student with 26949 points
Train accuracy: 0.33095227051347464
Test accuracy: 0.3352504638218924
Number of nodes: 19
Student reward: 0.3818181818181818
Iteration 29/80
Training student with 27676 points
Train accuracy: 0.3294037940379404
Test accuracy: 0.3305635838150289
Number of nodes: 19
Student reward: 0.3454545454545454
Iteration 30/80
Training student with 28585 points
Train accuracy: 0.3312051775406682
Test accuracy: 0.3349658912016792
Number of nodes: 19
Student reward: 0.24545454545454543
Iteration 31/80
Training student with 29494 points
Train accuracy: 0.33129900402627677
Test accuracy: 0.32395321240888286
Number of nodes: 17
Student reward: 0.36363636363636365
Iteration 32/80
Training student with 30312 points
Train accuracy: 0.33135387026269125
Test accuracy: 0.32657100445324094
Number of nodes: 19
Student reward: 0.1909090909090909
Iteration 33/80
Training student with 31312 points
Train accuracy: 0.3267595512794922
Test accuracy: 0.33673958167012613
Number of nodes: 19
Student reward: 0.44545454545454544
Iteration 34/80
Training student with 32039 points
Train accuracy: 0.330888377355546
Test accuracy: 0.3267790262172285
Number of nodes: 19
Student reward: 0.3181818181818182
Iteration 35/80
Training student with 32857 points
Train accuracy: 0.333422103861518
Test accuracy: 0.323950091296409
Number of nodes: 19
Student reward: 0.20909090909090908
Iteration 36/80
Training student with 33766 points
Train accuracy: 0.3312972012438916
Test accuracy: 0.33772579212318626
Number of nodes: 19
Student reward: 0.1909090909090909
Iteration 37/80
Training student with 34675 points
Train accuracy: 0.3282624369142033
Test accuracy: 0.3307858687815429
Number of nodes: 19
Student reward: 0.2
Iteration 38/80
Training student with 35675 points
Train accuracy: 0.32894183601962157
Test accuracy: 0.32109320252277507
Number of nodes: 19
Student reward: 0.2909090909090909
Iteration 39/80
Training student with 36584 points
Train accuracy: 0.3254860423002016
Test accuracy: 0.3285499521661883
Number of nodes: 19
Student reward: 0.4545454545454545
Iteration 40/80
Training student with 37311 points
Train accuracy: 0.32494639506834627
Test accuracy: 0.3218544821117513
Number of nodes: 15
Student reward: 0.22727272727272724
Iteration 41/80
Training student with 38311 points
Train accuracy: 0.328569564082485
Test accuracy: 0.31541171864804907
Number of nodes: 17
Student reward: 0.21818181818181817
Iteration 42/80
Training student with 39220 points
Train accuracy: 0.3387939826619072
Test accuracy: 0.334140744518103
Number of nodes: 17
Student reward: 0.2
Iteration 43/80
Training student with 40220 points
Train accuracy: 0.3329189457981104
Test accuracy: 0.32968672302337143
Number of nodes: 19
Student reward: 0.2545454545454545
Iteration 44/80
Training student with 41129 points
Train accuracy: 0.3272042063033766
Test accuracy: 0.3324823729637734
Number of nodes: 17
Student reward: 0.3090909090909091
Iteration 45/80
Training student with 42038 points
Train accuracy: 0.32809991079393397
Test accuracy: 0.317197906755471
Number of nodes: 19
Student reward: 0.10909090909090909
Iteration 46/80
Training student with 43038 points
Train accuracy: 0.3313389485913448
Test accuracy: 0.31970260223048325
Number of nodes: 19
Student reward: 0.2727272727272727
Iteration 47/80
Training student with 43947 points
Train accuracy: 0.325397502631055
Test accuracy: 0.3376564277588168
Number of nodes: 19
Student reward: 0.20909090909090908
Iteration 48/80
Training student with 44947 points
Train accuracy: 0.3284200572906527
Test accuracy: 0.328698553948832
Number of nodes: 17
Student reward: 0.15454545454545454
Iteration 49/80
Training student with 45947 points
Train accuracy: 0.32693092472182167
Test accuracy: 0.3264417845484222
Number of nodes: 19
Student reward: 0.1727272727272727
Iteration 50/80
Training student with 46947 points
Train accuracy: 0.3277152062198791
Test accuracy: 0.3194888178913738
Number of nodes: 19
Student reward: 0.2545454545454545
Iteration 51/80
Training student with 47947 points
Train accuracy: 0.326198607816044
Test accuracy: 0.3273201251303441
Number of nodes: 19
Student reward: 0.42727272727272736
Iteration 52/80
Training student with 48765 points
Train accuracy: 0.328514303291295
Test accuracy: 0.32225981749205374
Number of nodes: 19
Student reward: 0.29999999999999993
Iteration 53/80
Training student with 49765 points
Train accuracy: 0.3299256505576208
Test accuracy: 0.3267356575906762
Number of nodes: 19
Student reward: 0.20909090909090908
Iteration 54/80
Training student with 50674 points
Train accuracy: 0.3278817928414613
Test accuracy: 0.32205229403058705
Number of nodes: 19
Student reward: 0.22727272727272724
Iteration 55/80
Training student with 51674 points
Train accuracy: 0.32828563825927093
Test accuracy: 0.32365747460087085
Number of nodes: 17
Student reward: 0.1909090909090909
Iteration 56/80
Training student with 52583 points
Train accuracy: 0.3267959872581182
Test accuracy: 0.33098792431301705
Number of nodes: 19
Student reward: 0.1636363636363636
Iteration 57/80
Training student with 53583 points
Train accuracy: 0.3271123967713339
Test accuracy: 0.3324624428478119
Number of nodes: 19
Student reward: 0.28181818181818186
Iteration 58/80
Training student with 54492 points
Train accuracy: 0.32791962012249676
Test accuracy: 0.33186530874392145
Number of nodes: 19
Student reward: 0.5636363636363636
Iteration 59/80
Training student with 55037 points
Train accuracy: 0.32805650821049764
Test accuracy: 0.3257630813953488
Number of nodes: 17
Student reward: 0.21818181818181817
Iteration 60/80
Training student with 56037 points
Train accuracy: 0.3291396194427714
Test accuracy: 0.32994289793004994
Number of nodes: 19
Student reward: 0.13636363636363635
Iteration 61/80
Training student with 57037 points
Train accuracy: 0.3273576015253457
Test accuracy: 0.32968092566619916
Number of nodes: 19
Student reward: 0.23636363636363633
Iteration 62/80
Training student with 57946 points
Train accuracy: 0.32940719647942013
Test accuracy: 0.32226056945642795
Number of nodes: 19
Student reward: 0.1272727272727273
Iteration 63/80
Training student with 58946 points
Train accuracy: 0.3258970226482314
Test accuracy: 0.33146734520780324
Number of nodes: 19
Student reward: 0.33636363636363636
Iteration 64/80
Training student with 59855 points
Train accuracy: 0.32741625595188373
Test accuracy: 0.3209422771698271
Number of nodes: 19
Student reward: 0.2727272727272727
Iteration 65/80
Training student with 60855 points
Train accuracy: 0.32608249116752935
Test accuracy: 0.33152575794922357
Number of nodes: 19
Student reward: 0.36363636363636365
Iteration 66/80
Training student with 61582 points
Train accuracy: 0.3285699786866944
Test accuracy: 0.3256474790939352
Number of nodes: 19
Student reward: 0.24545454545454543
Iteration 67/80
Training student with 62491 points
Train accuracy: 0.3289926388222116
Test accuracy: 0.3268261460916873
Number of nodes: 19
Student reward: 0.1727272727272727
Iteration 68/80
Training student with 63491 points
Train accuracy: 0.3305835564655851
Test accuracy: 0.3312859280258288
Number of nodes: 19
Student reward: 0.3818181818181817
Iteration 69/80
Training student with 64218 points
Train accuracy: 0.3281621053451162
Test accuracy: 0.3315945188414824
Number of nodes: 19
Student reward: 0.14545454545454545
Iteration 70/80
Training student with 65218 points
Train accuracy: 0.3273469544217426
Test accuracy: 0.3357099049371359
Number of nodes: 19
Student reward: 0.28181818181818186
Iteration 71/80
Training student with 66036 points
Train accuracy: 0.32916256530627697
Test accuracy: 0.32662023016353725
Number of nodes: 19
Student reward: 0.30909090909090897
Iteration 72/80
Training student with 66854 points
Train accuracy: 0.32960005983209617
Test accuracy: 0.3267519258095879
Number of nodes: 19
Student reward: 0.12727272727272726
Iteration 73/80
Training student with 67854 points
Train accuracy: 0.33119024372271244
Test accuracy: 0.32119961683000514
Number of nodes: 17
Student reward: 0.16363636363636364
Iteration 74/80
Training student with 68763 points
Train accuracy: 0.32923104890019994
Test accuracy: 0.3258198211299353
Number of nodes: 17
Student reward: 0.2909090909090909
Iteration 75/80
Training student with 69763 points
Train accuracy: 0.32859702562264825
Test accuracy: 0.3325449724073676
Number of nodes: 17
Student reward: 0.20909090909090908
Iteration 76/80
Training student with 70672 points
Train accuracy: 0.3301024108106196
Test accuracy: 0.3293243721259285
Number of nodes: 19
Student reward: 0.23636363636363633
Iteration 77/80
Training student with 71581 points
Train accuracy: 0.33092344230231907
Test accuracy: 0.32939861702870715
Number of nodes: 19
Student reward: 0.2909090909090909
Iteration 78/80
Training student with 72581 points
Train accuracy: 0.3305490493248829
Test accuracy: 0.33491768271681477
Number of nodes: 19
Student reward: 0.2
Iteration 79/80
Training student with 73490 points
Train accuracy: 0.32973873996462105
Test accuracy: 0.33358280038100424
Number of nodes: 19
Student reward: 0.28181818181818186
Initial policy count: 80
Current policy count: 40
Reward update: 0.5636363636363636 -> 0.21090909090909093
Reward update: 0.4545454545454545 -> 0.3072727272727273
Reward update: 0.44545454545454544 -> 0.19636363636363632
Reward update: 0.42727272727272736 -> 0.24545454545454548
Reward update: 0.41818181818181815 -> 0.2236363636363636
Reward update: 0.40909090909090906 -> 0.24545454545454548
Reward update: 0.3818181818181818 -> 0.26545454545454544
Reward update: 0.3818181818181817 -> 0.27636363636363653
Reward update: 0.36363636363636365 -> 0.31454545454545463
Reward update: 0.36363636363636365 -> 0.32363636363636367
Reward update: 0.3636363636363636 -> 0.2709090909090909
Reward update: 0.3636363636363636 -> 0.2854545454545455
Reward update: 0.3454545454545454 -> 0.24181818181818182
Reward update: 0.33636363636363636 -> 0.22181818181818186
Reward update: 0.33636363636363636 -> 0.2963636363636364
Reward update: 0.3363636363636363 -> 0.21818181818181823
Reward update: 0.32727272727272727 -> 0.26545454545454544
Reward update: 0.32727272727272727 -> 0.2127272727272728
Reward update: 0.3181818181818182 -> 0.2581818181818182
Reward update: 0.3090909090909091 -> 0.28545454545454546
Reward update: 0.30909090909090897 -> 0.2636363636363636
Reward update: 0.3 -> 0.31272727272727285
Reward update: 0.29999999999999993 -> 0.20909090909090913
Reward update: 0.2909090909090909 -> 0.2563636363636364
Reward update: 0.2909090909090909 -> 0.20545454545454545
Reward update: 0.2909090909090909 -> 0.270909090909091
Reward update: 0.2909090909090909 -> 0.26363636363636356
Reward update: 0.28181818181818186 -> 0.1927272727272727
Reward update: 0.28181818181818186 -> 0.2836363636363637
Reward update: 0.28181818181818186 -> 0.25636363636363646
Reward update: 0.2818181818181818 -> 0.2818181818181818
Reward update: 0.27272727272727276 -> 0.2727272727272728
Reward update: 0.27272727272727276 -> 0.2418181818181818
Reward update: 0.2727272727272727 -> 0.23636363636363636
Reward update: 0.2727272727272727 -> 0.23636363636363633
Reward update: 0.27272727272727265 -> 0.28181818181818186
Reward update: 0.2636363636363636 -> 0.2636363636363637
Reward update: 0.2636363636363636 -> 0.29818181818181816
Reward update: 0.26363636363636356 -> 0.31454545454545463
Reward update: 0.2545454545454545 -> 0.2181818181818182
Current policy count: 20
Reward update: 0.32363636363636367 -> 0.3036363636363636
Reward update: 0.31454545454545463 -> 0.28727272727272735
Reward update: 0.31454545454545463 -> 0.22181818181818183
Reward update: 0.31272727272727285 -> 0.25999999999999995
Reward update: 0.3072727272727273 -> 0.28545454545454557
Reward update: 0.29818181818181816 -> 0.22727272727272727
Reward update: 0.2963636363636364 -> 0.2836363636363636
Reward update: 0.2854545454545455 -> 0.29454545454545467
Reward update: 0.28545454545454546 -> 0.24545454545454548
Reward update: 0.2836363636363637 -> 0.23636363636363641
Reward update: 0.28181818181818186 -> 0.2290909090909091
Reward update: 0.2818181818181818 -> 0.2581818181818183
Reward update: 0.27636363636363653 -> 0.3218181818181818
Reward update: 0.2727272727272728 -> 0.32545454545454544
Reward update: 0.270909090909091 -> 0.22363636363636363
Reward update: 0.2709090909090909 -> 0.26000000000000006
Reward update: 0.26545454545454544 -> 0.2781818181818182
Reward update: 0.26545454545454544 -> 0.30000000000000004
Reward update: 0.2636363636363637 -> 0.3036363636363637
Reward update: 0.2636363636363636 -> 0.21090909090909096
Current policy count: 10
Reward update: 0.32545454545454544 -> 0.2945454545454546
Reward update: 0.3218181818181818 -> 0.23818181818181816
Reward update: 0.3036363636363637 -> 0.2145454545454546
Reward update: 0.3036363636363636 -> 0.19090909090909086
Reward update: 0.30000000000000004 -> 0.32545454545454544
Reward update: 0.29454545454545467 -> 0.3036363636363636
Reward update: 0.28727272727272735 -> 0.17818181818181816
Reward update: 0.28545454545454557 -> 0.2345454545454545
Reward update: 0.2836363636363636 -> 0.27636363636363653
Reward update: 0.2781818181818182 -> 0.3181818181818182
Current policy count: 5
Reward update: 0.32545454545454544 -> 0.2581818181818182
Reward update: 0.3181818181818182 -> 0.23090909090909087
Reward update: 0.3036363636363636 -> 0.2636363636363636
Reward update: 0.2945454545454546 -> 0.2618181818181819
Reward update: 0.27636363636363653 -> 0.2290909090909091
Current policy count: 3
Reward update: 0.2636363636363636 -> 0.17818181818181816
Reward update: 0.2618181818181819 -> 0.23636363636363636
Reward update: 0.2581818181818182 -> 0.23272727272727267
Current policy count: 2
Reward update: 0.23636363636363636 -> 0.2072727272727273
Reward update: 0.23272727272727267 -> 0.28363636363636374
Current policy count: 1
Reward update: 0.28363636363636374 -> 0.33090909090909093
Final reward: 0.26
Number of nodes: 19
