Iteration 0/80
Training student with 400 points
Train accuracy: 0.48125
Test accuracy: 0.3125
Number of nodes: 19
Student reward: 0.7
Iteration 1/80
Training student with 847 points
Train accuracy: 0.4534711964549483
Test accuracy: 0.4411764705882353
Number of nodes: 23
Student reward: 0.1
Iteration 2/80
Training student with 1752 points
Train accuracy: 0.4817987152034261
Test accuracy: 0.4843304843304843
Number of nodes: 23
Student reward: 0.2
Iteration 3/80
Training student with 2558 points
Train accuracy: 0.4970674486803519
Test accuracy: 0.5
Number of nodes: 23
Student reward: 0.2
Iteration 4/80
Training student with 3372 points
Train accuracy: 0.4879495736002966
Test accuracy: 0.48444444444444446
Number of nodes: 23
Student reward: 0.2
Iteration 5/80
Training student with 4188 points
Train accuracy: 0.47492537313432837
Test accuracy: 0.45584725536992843
Number of nodes: 23
Student reward: 0.0
Iteration 6/80
Training student with 5188 points
Train accuracy: 0.4819277108433735
Test accuracy: 0.4749518304431599
Number of nodes: 23
Student reward: 0.1
Iteration 7/80
Training student with 6096 points
Train accuracy: 0.47949138638228056
Test accuracy: 0.4598360655737705
Number of nodes: 23
Student reward: 0.3
Iteration 8/80
Training student with 6807 points
Train accuracy: 0.4795224977043159
Test accuracy: 0.4765051395007342
Number of nodes: 23
Student reward: 0.3
Iteration 9/80
Training student with 7519 points
Train accuracy: 0.47531172069825434
Test accuracy: 0.49268617021276595
Number of nodes: 23
Student reward: 0.0
Iteration 10/80
Training student with 8519 points
Train accuracy: 0.4783565663976522
Test accuracy: 0.48708920187793425
Number of nodes: 23
Student reward: 0.2
Iteration 11/80
Training student with 9331 points
Train accuracy: 0.4816452304394427
Test accuracy: 0.4847348687734333
Number of nodes: 23
Student reward: 0.1
Iteration 12/80
Training student with 10239 points
Train accuracy: 0.4926138444634355
Test accuracy: 0.4619140625
Number of nodes: 23
Student reward: 0.3
Iteration 13/80
Training student with 10956 points
Train accuracy: 0.4874486535828389
Test accuracy: 0.4767335766423358
Number of nodes: 23
Student reward: 0.1
Iteration 14/80
Training student with 11860 points
Train accuracy: 0.4916736930860034
Test accuracy: 0.4822934232715008
Number of nodes: 23
Student reward: 0.0
Iteration 15/80
Training student with 12860 points
Train accuracy: 0.4969867807153966
Test accuracy: 0.46228615863141526
Number of nodes: 23
Student reward: 0.1
Iteration 16/80
Training student with 13768 points
Train accuracy: 0.4934628654439804
Test accuracy: 0.4989106753812636
Number of nodes: 23
Student reward: 0.4
Iteration 17/80
Training student with 14398 points
Train accuracy: 0.4927070671991665
Test accuracy: 0.5170138888888889
Number of nodes: 23
Student reward: 0.0
Iteration 18/80
Training student with 15398 points
Train accuracy: 0.4954538074362721
Test accuracy: 0.4980519480519481
Number of nodes: 23
Student reward: 0.2
Iteration 19/80
Training student with 16209 points
Train accuracy: 0.5012724608621887
Test accuracy: 0.4922887106724244
Number of nodes: 23
Student reward: 0.1
Iteration 20/80
Training student with 17117 points
Train accuracy: 0.49799167457825166
Test accuracy: 0.49883177570093457
Number of nodes: 23
Student reward: 0.1
Iteration 21/80
Training student with 18019 points
Train accuracy: 0.4955948664585501
Test accuracy: 0.4961154273029967
Number of nodes: 23
Student reward: 0.0
Iteration 22/80
Training student with 19019 points
Train accuracy: 0.4961551100887282
Test accuracy: 0.4855415352260778
Number of nodes: 23
Student reward: 0.4
Iteration 23/80
Training student with 19636 points
Train accuracy: 0.5005729564553094
Test accuracy: 0.4755600814663951
Number of nodes: 23
Student reward: 0.1
Iteration 24/80
Training student with 20538 points
Train accuracy: 0.49482653682288497
Test accuracy: 0.49975657254138267
Number of nodes: 23
Student reward: 0.2
Iteration 25/80
Training student with 21348 points
Train accuracy: 0.49841901862044735
Test accuracy: 0.4845433255269321
Number of nodes: 23
Student reward: 0.1
Iteration 26/80
Training student with 22253 points
Train accuracy: 0.49370857207055385
Test accuracy: 0.5090990788586834
Number of nodes: 23
Student reward: 0.4
Iteration 27/80
Training student with 22872 points
Train accuracy: 0.4956550254140023
Test accuracy: 0.4961748633879781
Number of nodes: 23
Student reward: 0.0
Iteration 28/80
Training student with 23872 points
Train accuracy: 0.49096716761795045
Test accuracy: 0.49926701570680626
Number of nodes: 23
Student reward: 0.0
Iteration 29/80
Training student with 24872 points
Train accuracy: 0.4910287983113032
Test accuracy: 0.4930653266331658
Number of nodes: 23
Student reward: 0.2
Iteration 30/80
Training student with 25685 points
Train accuracy: 0.4891960288105898
Test accuracy: 0.48413470897410943
Number of nodes: 23
Student reward: 0.0
Iteration 31/80
Training student with 26685 points
Train accuracy: 0.4893198426082069
Test accuracy: 0.4884766722878021
Number of nodes: 23
Student reward: 0.3
Iteration 32/80
Training student with 27397 points
Train accuracy: 0.489619929734909
Test accuracy: 0.4908759124087591
Number of nodes: 23
Student reward: 0.4
Iteration 33/80
Training student with 28016 points
Train accuracy: 0.4925932536141353
Test accuracy: 0.48804425410421126
Number of nodes: 23
Student reward: 0.0
Iteration 34/80
Training student with 29016 points
Train accuracy: 0.493839393417198
Test accuracy: 0.48707787732598207
Number of nodes: 23
Student reward: 0.1
Iteration 35/80
Training student with 29918 points
Train accuracy: 0.4914765605414891
Test accuracy: 0.49532085561497324
Number of nodes: 23
Student reward: 0.3
Iteration 36/80
Training student with 30639 points
Train accuracy: 0.4931255354738689
Test accuracy: 0.49445169712793735
Number of nodes: 23
Student reward: 0.2
Iteration 37/80
Training student with 31447 points
Train accuracy: 0.4938188178240649
Test accuracy: 0.49014308426073133
Number of nodes: 23
Student reward: 0.2
Iteration 38/80
Training student with 32261 points
Train accuracy: 0.49380037197768134
Test accuracy: 0.48520068185340154
Number of nodes: 23
Student reward: 0.0
Iteration 39/80
Training student with 33261 points
Train accuracy: 0.4936109440769693
Test accuracy: 0.4877498872689012
Number of nodes: 23
Student reward: 0.1
Iteration 40/80
Training student with 34163 points
Train accuracy: 0.49546286132455175
Test accuracy: 0.48558466266647154
Number of nodes: 23
Student reward: 0.1
Iteration 41/80
Training student with 35068 points
Train accuracy: 0.49258572752548657
Test accuracy: 0.4863130881094953
Number of nodes: 23
Student reward: 0.0
Iteration 42/80
Training student with 36068 points
Train accuracy: 0.49053857350800584
Test accuracy: 0.4961186581646798
Number of nodes: 23
Student reward: 0.1
Iteration 43/80
Training student with 36974 points
Train accuracy: 0.49217350147063793
Test accuracy: 0.4906017579445571
Number of nodes: 23
Student reward: 0.1
Iteration 44/80
Training student with 37881 points
Train accuracy: 0.49359820485744454
Test accuracy: 0.4926752012669922
Number of nodes: 23
Student reward: 0.1
Iteration 45/80
Training student with 38789 points
Train accuracy: 0.49476330121491413
Test accuracy: 0.48878576952822894
Number of nodes: 23
Student reward: 0.3
Iteration 46/80
Training student with 39505 points
Train accuracy: 0.4963295785343627
Test accuracy: 0.4875332236425769
Number of nodes: 23
Student reward: 0.2
Iteration 47/80
Training student with 40313 points
Train accuracy: 0.4950387596899225
Test accuracy: 0.49448096242093514
Number of nodes: 23
Student reward: 0.1
Iteration 48/80
Training student with 41219 points
Train accuracy: 0.49525398028809703
Test accuracy: 0.49563318777292575
Number of nodes: 23
Student reward: 0.0
Iteration 49/80
Training student with 42219 points
Train accuracy: 0.4977054034048853
Test accuracy: 0.4949076267171956
Number of nodes: 23
Student reward: 0.1
Iteration 50/80
Training student with 43126 points
Train accuracy: 0.4953913043478261
Test accuracy: 0.5045212149316022
Number of nodes: 23
Student reward: 0.3
Iteration 51/80
Training student with 43844 points
Train accuracy: 0.49781895937277265
Test accuracy: 0.49720606682632
Number of nodes: 23
Student reward: 0.1
Iteration 52/80
Training student with 44748 points
Train accuracy: 0.5011173808592658
Test accuracy: 0.49318435754189943
Number of nodes: 23
Student reward: 0.3
Iteration 53/80
Training student with 45466 points
Train accuracy: 0.49958759485318377
Test accuracy: 0.49879041126017154
Number of nodes: 23
Student reward: 0.0
Iteration 54/80
Training student with 46466 points
Train accuracy: 0.4974174109544819
Test accuracy: 0.5109748224661071
Number of nodes: 23
Student reward: 0.1
Iteration 55/80
Training student with 47372 points
Train accuracy: 0.5022297279468032
Test accuracy: 0.49108179419525066
Number of nodes: 23
Student reward: 0.2
Iteration 56/80
Training student with 48181 points
Train accuracy: 0.5011415525114156
Test accuracy: 0.4993255162394936
Number of nodes: 23
Student reward: 0.2
Iteration 57/80
Training student with 48991 points
Train accuracy: 0.5003061849357011
Test accuracy: 0.5036228186549648
Number of nodes: 23
Student reward: 0.3
Iteration 58/80
Training student with 49703 points
Train accuracy: 0.5032191539660983
Test accuracy: 0.496127150186098
Number of nodes: 23
Student reward: 0.0
Iteration 59/80
Training student with 50703 points
Train accuracy: 0.5005423795670825
Test accuracy: 0.5032048121487033
Number of nodes: 23
Student reward: 0.2
Iteration 60/80
Training student with 51512 points
Train accuracy: 0.5020019898565847
Test accuracy: 0.4973308745025721
Number of nodes: 23
Student reward: 0.1
Iteration 61/80
Training student with 52414 points
Train accuracy: 0.5021344589921538
Test accuracy: 0.49928455594772486
Number of nodes: 23
Student reward: 0.1
Iteration 62/80
Training student with 53316 points
Train accuracy: 0.5013363968864297
Test accuracy: 0.49896849212303074
Number of nodes: 23
Student reward: 0.2
Iteration 63/80
Training student with 54126 points
Train accuracy: 0.5011547344110855
Test accuracy: 0.5024016257158692
Number of nodes: 23
Student reward: 0.1
Iteration 64/80
Training student with 55033 points
Train accuracy: 0.5012265479489393
Test accuracy: 0.5012264922322158
Number of nodes: 23
Student reward: 0.2
Iteration 65/80
Training student with 55843 points
Train accuracy: 0.5009625285400904
Test accuracy: 0.5044319097502015
Number of nodes: 23
Student reward: 0.0
Iteration 66/80
Training student with 56843 points
Train accuracy: 0.501627303514096
Test accuracy: 0.5055853637083296
Number of nodes: 23
Student reward: 0.1
Iteration 67/80
Training student with 57751 points
Train accuracy: 0.5022077922077922
Test accuracy: 0.5037659077136178
Number of nodes: 23
Student reward: 0.3
Iteration 68/80
Training student with 58469 points
Train accuracy: 0.5023837520042758
Test accuracy: 0.5049598084487772
Number of nodes: 23
Student reward: 0.1
Iteration 69/80
Training student with 59376 points
Train accuracy: 0.5020842105263158
Test accuracy: 0.5058100370495117
Number of nodes: 23
Student reward: 0.2
Iteration 70/80
Training student with 60185 points
Train accuracy: 0.5046315527124698
Test accuracy: 0.496053834011797
Number of nodes: 23
Student reward: 0.0
Iteration 71/80
Training student with 61185 points
Train accuracy: 0.5015118084497835
Test accuracy: 0.5077224810002452
Number of nodes: 23
Student reward: 0.3
Iteration 72/80
Training student with 61898 points
Train accuracy: 0.5019588836382729
Test accuracy: 0.5064620355411955
Number of nodes: 23
Student reward: 0.2
Iteration 73/80
Training student with 62711 points
Train accuracy: 0.5014750438526551
Test accuracy: 0.5074543570118791
Number of nodes: 23
Student reward: 0.2
Iteration 74/80
Training student with 63519 points
Train accuracy: 0.5026074977860868
Test accuracy: 0.5042506297229219
Number of nodes: 23
Student reward: 0.3
Iteration 75/80
Training student with 64241 points
Train accuracy: 0.5028019925280199
Test accuracy: 0.5038524398785897
Number of nodes: 23
Student reward: 0.2
Iteration 76/80
Training student with 65048 points
Train accuracy: 0.5021714900649525
Test accuracy: 0.5093005380476556
Number of nodes: 23
Student reward: 0.2
Iteration 77/80
Training student with 65856 points
Train accuracy: 0.5040809353883532
Test accuracy: 0.5037959307622228
Number of nodes: 23
Student reward: 0.1
Iteration 78/80
Training student with 66758 points
Train accuracy: 0.5028273976706737
Test accuracy: 0.5068903535050928
Number of nodes: 23
Student reward: 0.2
Iteration 79/80
Training student with 67572 points
Train accuracy: 0.5025436113731802
Test accuracy: 0.5110617832038475
Number of nodes: 23
Student reward: 0.3
Initial policy count: 80
Current policy count: 40
Reward update: 0.7 -> 0.52
Reward update: 0.4 -> 0.16
Reward update: 0.4 -> 0.22
Reward update: 0.4 -> 0.22
Reward update: 0.4 -> 0.18
Reward update: 0.3 -> 0.22
Reward update: 0.3 -> 0.1
Reward update: 0.3 -> 0.2
Reward update: 0.3 -> 0.1
Reward update: 0.3 -> 0.16
Reward update: 0.3 -> 0.18
Reward update: 0.3 -> 0.16
Reward update: 0.3 -> 0.2
Reward update: 0.3 -> 0.18
Reward update: 0.3 -> 0.24
Reward update: 0.3 -> 0.28
Reward update: 0.3 -> 0.14
Reward update: 0.3 -> 0.24
Reward update: 0.2 -> 0.06
Reward update: 0.2 -> 0.12
Reward update: 0.2 -> 0.18
Reward update: 0.2 -> 0.1
Reward update: 0.2 -> 0.24
Reward update: 0.2 -> 0.18
Reward update: 0.2 -> 0.14
Reward update: 0.2 -> 0.24
Reward update: 0.2 -> 0.08
Reward update: 0.2 -> 0.14
Reward update: 0.2 -> 0.2
Reward update: 0.2 -> 0.18
Reward update: 0.2 -> 0.24
Reward update: 0.2 -> 0.12
Reward update: 0.2 -> 0.12
Reward update: 0.2 -> 0.08
Reward update: 0.2 -> 0.22
Reward update: 0.2 -> 0.2
Reward update: 0.2 -> 0.22
Reward update: 0.2 -> 0.16
Reward update: 0.2 -> 0.16
Reward update: 0.1 -> 0.14
Current policy count: 20
Reward update: 0.52 -> 0.42
Reward update: 0.28 -> 0.1
Reward update: 0.24 -> 0.18
Reward update: 0.24 -> 0.12
Reward update: 0.24 -> 0.12
Reward update: 0.24 -> 0.18
Reward update: 0.24 -> 0.14
Reward update: 0.22 -> 0.2
Reward update: 0.22 -> 0.06
Reward update: 0.22 -> 0.08
Reward update: 0.22 -> 0.2
Reward update: 0.22 -> 0.22
Reward update: 0.2 -> 0.18
Reward update: 0.2 -> 0.2
Reward update: 0.2 -> 0.12
Reward update: 0.2 -> 0.16
Reward update: 0.18 -> 0.14
Reward update: 0.18 -> 0.18
Reward update: 0.18 -> 0.18
Reward update: 0.18 -> 0.2
Current policy count: 10
Reward update: 0.42 -> 0.4
Reward update: 0.22 -> 0.24
Reward update: 0.2 -> 0.2
Reward update: 0.2 -> 0.2
Reward update: 0.2 -> 0.22
Reward update: 0.2 -> 0.24
Reward update: 0.18 -> 0.12
Reward update: 0.18 -> 0.14
Reward update: 0.18 -> 0.1
Reward update: 0.18 -> 0.18
Current policy count: 5
Reward update: 0.4 -> 0.56
Reward update: 0.24 -> 0.18
Reward update: 0.24 -> 0.16
Reward update: 0.22 -> 0.06
Reward update: 0.2 -> 0.12
Current policy count: 3
Reward update: 0.56 -> 0.54
Reward update: 0.18 -> 0.12
Reward update: 0.16 -> 0.1
Current policy count: 2
Reward update: 0.54 -> 0.46
Reward update: 0.12 -> 0.12
Current policy count: 1
Reward update: 0.46 -> 0.34
Final reward: 0.54
Number of nodes: 19
