Iteration 0/80
Training student with 1062 points
Train accuracy: 0.8975265017667845
Test accuracy: 0.8826291079812206
Number of nodes: 5
Student reward: 10.8
Iteration 1/80
Training student with 2040 points
Train accuracy: 0.8958333333333334
Test accuracy: 0.8995098039215687
Number of nodes: 5
Student reward: 9.4
Iteration 2/80
Training student with 2884 points
Train accuracy: 0.8981361074989164
Test accuracy: 0.8838821490467937
Number of nodes: 5
Student reward: 11.4
Iteration 3/80
Training student with 3871 points
Train accuracy: 0.8953488372093024
Test accuracy: 0.8658064516129033
Number of nodes: 5
Student reward: 8.9
Iteration 4/80
Training student with 4669 points
Train accuracy: 0.8835341365461847
Test accuracy: 0.8779443254817987
Number of nodes: 5
Student reward: 11.1
Iteration 5/80
Training student with 5643 points
Train accuracy: 0.8750553832521045
Test accuracy: 0.8768821966341895
Number of nodes: 5
Student reward: 8.7
Iteration 6/80
Training student with 6453 points
Train accuracy: 0.8874467260751646
Test accuracy: 0.8861347792408986
Number of nodes: 5
Student reward: 10.2
Iteration 7/80
Training student with 7356 points
Train accuracy: 0.8784840244731476
Test accuracy: 0.8783967391304348
Number of nodes: 5
Student reward: 9.6
Iteration 8/80
Training student with 8187 points
Train accuracy: 0.8758589097572148
Test accuracy: 0.8815628815628815
Number of nodes: 5
Student reward: 7.9
Iteration 9/80
Training student with 8865 points
Train accuracy: 0.8811336717428088
Test accuracy: 0.8821206993795826
Number of nodes: 5
Student reward: 8.7
Iteration 10/80
Training student with 9650 points
Train accuracy: 0.8769430051813472
Test accuracy: 0.8880829015544042
Number of nodes: 5
Student reward: 9.4
Iteration 11/80
Training student with 10504 points
Train accuracy: 0.8858740925859812
Test accuracy: 0.8871965730604474
Number of nodes: 5
Student reward: 9.9
Iteration 12/80
Training student with 11403 points
Train accuracy: 0.8811664108748082
Test accuracy: 0.8754932047347654
Number of nodes: 5
Student reward: 9.9
Iteration 13/80
Training student with 12323 points
Train accuracy: 0.8804017041996348
Test accuracy: 0.877079107505071
Number of nodes: 5
Student reward: 9.9
Iteration 14/80
Training student with 13220 points
Train accuracy: 0.8770801815431165
Test accuracy: 0.8661119515885023
Number of nodes: 5
Student reward: 9.6
Iteration 15/80
Training student with 14129 points
Train accuracy: 0.8786162965584358
Test accuracy: 0.8782731776362349
Number of nodes: 5
Student reward: 9.6
Iteration 16/80
Training student with 15027 points
Train accuracy: 0.877464437234839
Test accuracy: 0.8862275449101796
Number of nodes: 5
Student reward: 9.6
Iteration 17/80
Training student with 15892 points
Train accuracy: 0.88098796507512
Test accuracy: 0.8801509908776345
Number of nodes: 5
Student reward: 10.1
Iteration 18/80
Training student with 16796 points
Train accuracy: 0.8822566239952366
Test accuracy: 0.8845238095238095
Number of nodes: 5
Student reward: 9.8
Iteration 19/80
Training student with 17712 points
Train accuracy: 0.8901827934222598
Test accuracy: 0.8806096528365792
Number of nodes: 5
Student reward: 9.3
Iteration 20/80
Training student with 18600 points
Train accuracy: 0.8784274193548387
Test accuracy: 0.8833333333333333
Number of nodes: 5
Student reward: 9.4
Iteration 21/80
Training student with 19476 points
Train accuracy: 0.8809370988446726
Test accuracy: 0.8811601642710473
Number of nodes: 5
Student reward: 9.9
Iteration 22/80
Training student with 20367 points
Train accuracy: 0.8848585282022955
Test accuracy: 0.8838978890525282
Number of nodes: 5
Student reward: 10.3
Iteration 23/80
Training student with 21324 points
Train accuracy: 0.880766750688786
Test accuracy: 0.88042203985932
Number of nodes: 5
Student reward: 8.1
Iteration 24/80
Training student with 22054 points
Train accuracy: 0.8809726237034518
Test accuracy: 0.8775787803219225
Number of nodes: 5
Student reward: 9.5
Iteration 25/80
Training student with 22949 points
Train accuracy: 0.8805490495125007
Test accuracy: 0.8784313725490196
Number of nodes: 5
Student reward: 8.0
Iteration 26/80
Training student with 23661 points
Train accuracy: 0.8804945054945055
Test accuracy: 0.8863300232410734
Number of nodes: 5
Student reward: 11.2
Iteration 27/80
Training student with 24682 points
Train accuracy: 0.8821980248164092
Test accuracy: 0.8806967794207008
Number of nodes: 5
Student reward: 7.9
Iteration 28/80
Training student with 25430 points
Train accuracy: 0.8791289815178922
Test accuracy: 0.8853716083366103
Number of nodes: 5
Student reward: 11.1
Iteration 29/80
Training student with 26452 points
Train accuracy: 0.8792590142242805
Test accuracy: 0.8835758835758836
Number of nodes: 5
Student reward: 8.4
Iteration 30/80
Training student with 27269 points
Train accuracy: 0.8857666743066698
Test accuracy: 0.8740374037403741
Number of nodes: 5
Student reward: 9.5
Iteration 31/80
Training student with 28100 points
Train accuracy: 0.8790480427046263
Test accuracy: 0.8811387900355871
Number of nodes: 5
Student reward: 9.6
Iteration 32/80
Training student with 28997 points
Train accuracy: 0.8814932965469673
Test accuracy: 0.886551724137931
Number of nodes: 5
Student reward: 9.5
Iteration 33/80
Training student with 29840 points
Train accuracy: 0.8855144101876675
Test accuracy: 0.8734919571045576
Number of nodes: 5
Student reward: 9.7
Iteration 34/80
Training student with 30725 points
Train accuracy: 0.8810821806346624
Test accuracy: 0.879739625711961
Number of nodes: 5
Student reward: 8.8
Iteration 35/80
Training student with 31499 points
Train accuracy: 0.88023334259296
Test accuracy: 0.8806349206349207
Number of nodes: 5
Student reward: 10.2
Iteration 36/80
Training student with 32472 points
Train accuracy: 0.8815875582245832
Test accuracy: 0.8768283294842186
Number of nodes: 5
Student reward: 9.1
Iteration 37/80
Training student with 33336 points
Train accuracy: 0.8858182090895456
Test accuracy: 0.884373125374925
Number of nodes: 5
Student reward: 8.8
Iteration 38/80
Training student with 34156 points
Train accuracy: 0.8858512662860489
Test accuracy: 0.8811475409836066
Number of nodes: 5
Student reward: 9.9
Iteration 39/80
Training student with 35063 points
Train accuracy: 0.885632798573975
Test accuracy: 0.8839298445743619
Number of nodes: 5
Student reward: 9.9
Iteration 40/80
Training student with 35915 points
Train accuracy: 0.8852498955868022
Test accuracy: 0.8781846025337603
Number of nodes: 5
Student reward: 10.5
Iteration 41/80
Training student with 36875 points
Train accuracy: 0.8834915254237288
Test accuracy: 0.8839322033898305
Number of nodes: 5
Student reward: 8.5
Iteration 42/80
Training student with 37650 points
Train accuracy: 0.8801792828685259
Test accuracy: 0.8879150066401063
Number of nodes: 5
Student reward: 8.8
Iteration 43/80
Training student with 38444 points
Train accuracy: 0.8814176556657454
Test accuracy: 0.8763168162309793
Number of nodes: 5
Student reward: 7.7
Iteration 44/80
Training student with 39166 points
Train accuracy: 0.8812396272181795
Test accuracy: 0.8930303803931581
Number of nodes: 5
Student reward: 10.1
Iteration 45/80
Training student with 40098 points
Train accuracy: 0.8845938026061475
Test accuracy: 0.8775561097256858
Number of nodes: 5
Student reward: 8.6
Iteration 46/80
Training student with 40869 points
Train accuracy: 0.8797675485548249
Test accuracy: 0.87778321507218
Number of nodes: 5
Student reward: 9.2
Iteration 47/80
Training student with 41665 points
Train accuracy: 0.8817952718108725
Test accuracy: 0.8821552862114485
Number of nodes: 5
Student reward: 9.4
Iteration 48/80
Training student with 42527 points
Train accuracy: 0.8813673907292554
Test accuracy: 0.8834940042323066
Number of nodes: 5
Student reward: 8.6
Iteration 49/80
Training student with 43305 points
Train accuracy: 0.8770061193857522
Test accuracy: 0.8839625909248354
Number of nodes: 5
Student reward: 8.7
Iteration 50/80
Training student with 44134 points
Train accuracy: 0.8839606876823293
Test accuracy: 0.8809334994902005
Number of nodes: 5
Student reward: 9.7
Iteration 51/80
Training student with 45026 points
Train accuracy: 0.8823153803442532
Test accuracy: 0.8845214301576727
Number of nodes: 5
Student reward: 10.5
Iteration 52/80
Training student with 45946 points
Train accuracy: 0.8821688975949504
Test accuracy: 0.8846572361262242
Number of nodes: 5
Student reward: 8.2
Iteration 53/80
Training student with 46682 points
Train accuracy: 0.8815905743740795
Test accuracy: 0.8788690157438149
Number of nodes: 5
Student reward: 9.7
Iteration 54/80
Training student with 47551 points
Train accuracy: 0.8817560462670873
Test accuracy: 0.8808747765744926
Number of nodes: 5
Student reward: 10.6
Iteration 55/80
Training student with 48484 points
Train accuracy: 0.8806558898600046
Test accuracy: 0.8822316180261937
Number of nodes: 5
Student reward: 9.5
Iteration 56/80
Training student with 49291 points
Train accuracy: 0.8820754716981132
Test accuracy: 0.8849781925144538
Number of nodes: 5
Student reward: 9.0
Iteration 57/80
Training student with 50117 points
Train accuracy: 0.880103758760881
Test accuracy: 0.8818834796488427
Number of nodes: 5
Student reward: 11.1
Iteration 58/80
Training student with 51118 points
Train accuracy: 0.8839683083092874
Test accuracy: 0.8765649452269171
Number of nodes: 5
Student reward: 9.9
Iteration 59/80
Training student with 52053 points
Train accuracy: 0.8824504106431007
Test accuracy: 0.8801267889732014
Number of nodes: 5
Student reward: 9.6
Iteration 60/80
Training student with 52936 points
Train accuracy: 0.8821195806177388
Test accuracy: 0.8815640347563279
Number of nodes: 5
Student reward: 8.1
Iteration 61/80
Training student with 53703 points
Train accuracy: 0.8811507844141334
Test accuracy: 0.8775719206777768
Number of nodes: 5
Student reward: 9.5
Iteration 62/80
Training student with 54573 points
Train accuracy: 0.8822208988043428
Test accuracy: 0.8854786990380211
Number of nodes: 5
Student reward: 8.9
Iteration 63/80
Training student with 55359 points
Train accuracy: 0.8812066746449296
Test accuracy: 0.8862897398843931
Number of nodes: 5
Student reward: 10.3
Iteration 64/80
Training student with 56300 points
Train accuracy: 0.8814387211367674
Test accuracy: 0.883214920071048
Number of nodes: 5
Student reward: 9.3
Iteration 65/80
Training student with 57176 points
Train accuracy: 0.880279842588544
Test accuracy: 0.8816019587268276
Number of nodes: 5
Student reward: 10.6
Iteration 66/80
Training student with 58136 points
Train accuracy: 0.8799776382557839
Test accuracy: 0.8731510147918816
Number of nodes: 5
Student reward: 8.6
Iteration 67/80
Training student with 58931 points
Train accuracy: 0.8799423044289836
Test accuracy: 0.8853822007296174
Number of nodes: 5
Student reward: 9.5
Iteration 68/80
Training student with 59771 points
Train accuracy: 0.8858331939099883
Test accuracy: 0.8836470096194061
Number of nodes: 5
Student reward: 9.4
Iteration 69/80
Training student with 60593 points
Train accuracy: 0.8821223748813797
Test accuracy: 0.8831586764584537
Number of nodes: 5
Student reward: 10.1
Iteration 70/80
Training student with 61506 points
Train accuracy: 0.8814933745223965
Test accuracy: 0.8837587384165176
Number of nodes: 5
Student reward: 8.6
Iteration 71/80
Training student with 62277 points
Train accuracy: 0.8805122337969933
Test accuracy: 0.8827874116891458
Number of nodes: 5
Student reward: 10.5
Iteration 72/80
Training student with 63223 points
Train accuracy: 0.8795919174344576
Test accuracy: 0.8839066824831949
Number of nodes: 5
Student reward: 10.4
Iteration 73/80
Training student with 64127 points
Train accuracy: 0.8806456014502642
Test accuracy: 0.8861687197879308
Number of nodes: 5
Student reward: 10.5
Iteration 74/80
Training student with 65058 points
Train accuracy: 0.8802789839757138
Test accuracy: 0.8814940055333538
Number of nodes: 5
Student reward: 9.0
Iteration 75/80
Training student with 65856 points
Train accuracy: 0.8823931364361096
Test accuracy: 0.8843000303674461
Number of nodes: 5
Student reward: 11.8
Iteration 76/80
Training student with 66928 points
Train accuracy: 0.8831571476597811
Test accuracy: 0.883759151352159
Number of nodes: 5
Student reward: 8.9
Iteration 77/80
Training student with 67724 points
Train accuracy: 0.8811901290167777
Test accuracy: 0.8860834256183093
Number of nodes: 5
Student reward: 9.7
Iteration 78/80
Training student with 68571 points
Train accuracy: 0.8813985708035584
Test accuracy: 0.8836310608822457
Number of nodes: 5
Student reward: 11.2
Iteration 79/80
Training student with 69571 points
Train accuracy: 0.8828338364237459
Test accuracy: 0.8811354653251886
Number of nodes: 5
Student reward: 10.0
Initial policy count: 80
Current policy count: 40
Reward update: 11.8 -> 10.42
Reward update: 11.4 -> 9.66
Reward update: 11.2 -> 8.72
Reward update: 11.2 -> 10.02
Reward update: 11.1 -> 8.9
Reward update: 11.1 -> 9.3
Reward update: 11.1 -> 9.62
Reward update: 10.8 -> 9.58
Reward update: 10.6 -> 9.5
Reward update: 10.6 -> 9.54
Reward update: 10.5 -> 9.38
Reward update: 10.5 -> 9.32
Reward update: 10.5 -> 9.88
Reward update: 10.5 -> 9.12
Reward update: 10.4 -> 10.12
Reward update: 10.3 -> 9.54
Reward update: 10.3 -> 9.9
Reward update: 10.2 -> 10.22
Reward update: 10.2 -> 9.54
Reward update: 10.1 -> 9.46
Reward update: 10.1 -> 10.16
Reward update: 10.1 -> 9.52
Reward update: 10.0 -> 9.4
Reward update: 9.9 -> 9.28
Reward update: 9.9 -> 9.88
Reward update: 9.9 -> 10.22
Reward update: 9.9 -> 10.04
Reward update: 9.9 -> 9.72
Reward update: 9.9 -> 9.4
Reward update: 9.9 -> 9.64
Reward update: 9.8 -> 9.78
Reward update: 9.7 -> 9.0
Reward update: 9.7 -> 9.9
Reward update: 9.7 -> 9.88
Reward update: 9.7 -> 8.98
Reward update: 9.6 -> 9.4
Reward update: 9.6 -> 9.22
Reward update: 9.6 -> 9.26
Reward update: 9.6 -> 9.76
Reward update: 9.6 -> 9.38
Current policy count: 20
Reward update: 10.42 -> 9.8
Reward update: 10.22 -> 9.4
Reward update: 10.22 -> 9.46
Reward update: 10.16 -> 9.34
Reward update: 10.12 -> 9.88
Reward update: 10.04 -> 9.24
Reward update: 10.02 -> 9.44
Reward update: 9.9 -> 9.52
Reward update: 9.9 -> 10.08
Reward update: 9.88 -> 10.02
Reward update: 9.88 -> 10.16
Reward update: 9.88 -> 9.14
Reward update: 9.78 -> 9.1
Reward update: 9.76 -> 9.96
Reward update: 9.72 -> 9.24
Reward update: 9.66 -> 9.64
Reward update: 9.64 -> 9.26
Reward update: 9.62 -> 9.98
Reward update: 9.58 -> 9.72
Reward update: 9.54 -> 9.78
Current policy count: 10
Reward update: 10.16 -> 8.64
Reward update: 10.08 -> 9.7
Reward update: 10.02 -> 9.24
Reward update: 9.98 -> 9.36
Reward update: 9.96 -> 9.2
Reward update: 9.88 -> 9.34
Reward update: 9.8 -> 9.74
Reward update: 9.78 -> 9.02
Reward update: 9.72 -> 9.48
Reward update: 9.64 -> 9.04
Current policy count: 5
Reward update: 9.74 -> 9.18
Reward update: 9.7 -> 9.12
Reward update: 9.48 -> 10.32
Reward update: 9.36 -> 9.56
Reward update: 9.34 -> 9.72
Current policy count: 3
Reward update: 10.32 -> 9.46
Reward update: 9.72 -> 9.56
Reward update: 9.56 -> 9.88
Current policy count: 2
Reward update: 9.88 -> 9.32
Reward update: 9.56 -> 9.74
Current policy count: 1
Reward update: 9.74 -> 9.6
Final reward: 9.86
Number of nodes: 5
