Iteration 0/80
Training student with 104 points
Train accuracy: 0.9879518072289156
Test accuracy: 1.0
Number of nodes: 1
Student reward: 99.44290313720703
Iteration 1/80
Training student with 198 points
Train accuracy: 0.9936708860759493
Test accuracy: 1.0
Number of nodes: 1
Student reward: 117.2295166015625
Iteration 2/80
Training student with 299 points
Train accuracy: 0.9874476987447699
Test accuracy: 1.0
Number of nodes: 1
Student reward: 103.47345428466797
Iteration 3/80
Training student with 399 points
Train accuracy: 0.987460815047022
Test accuracy: 0.9875
Number of nodes: 1
Student reward: 163.56356964111328
Iteration 4/80
Training student with 515 points
Train accuracy: 0.9878640776699029
Test accuracy: 0.9902912621359223
Number of nodes: 1
Student reward: 197.86989135742186
Iteration 5/80
Training student with 626 points
Train accuracy: 0.986
Test accuracy: 1.0
Number of nodes: 1
Student reward: 253.3841796875
Iteration 6/80
Training student with 763 points
Train accuracy: 0.9868852459016394
Test accuracy: 0.9934640522875817
Number of nodes: 1
Student reward: 175.04393463134767
Iteration 7/80
Training student with 880 points
Train accuracy: 0.9872159090909091
Test accuracy: 0.9943181818181818
Number of nodes: 1
Student reward: 99.90316619873047
Iteration 8/80
Training student with 981 points
Train accuracy: 0.985969387755102
Test accuracy: 0.9949238578680203
Number of nodes: 1
Student reward: 133.60470428466797
Iteration 9/80
Training student with 1079 points
Train accuracy: 0.9895712630359212
Test accuracy: 0.9861111111111112
Number of nodes: 1
Student reward: 66.5823471069336
Iteration 10/80
Training student with 1168 points
Train accuracy: 0.9903640256959315
Test accuracy: 0.9829059829059829
Number of nodes: 1
Student reward: 155.26329803466797
Iteration 11/80
Training student with 1284 points
Train accuracy: 0.9892891918208374
Test accuracy: 0.9883268482490273
Number of nodes: 1
Student reward: 155.58192749023436
Iteration 12/80
Training student with 1394 points
Train accuracy: 0.9901345291479821
Test accuracy: 0.985663082437276
Number of nodes: 1
Student reward: 148.6270751953125
Iteration 13/80
Training student with 1493 points
Train accuracy: 0.9874371859296482
Test accuracy: 0.9899665551839465
Number of nodes: 1
Student reward: 168.0001647949219
Iteration 14/80
Training student with 1607 points
Train accuracy: 0.9875486381322958
Test accuracy: 0.9875776397515528
Number of nodes: 1
Student reward: 113.99296112060547
Iteration 15/80
Training student with 1705 points
Train accuracy: 0.9853372434017595
Test accuracy: 0.9970674486803519
Number of nodes: 1
Student reward: 145.53884735107422
Iteration 16/80
Training student with 1812 points
Train accuracy: 0.9889579020013802
Test accuracy: 0.9834710743801653
Number of nodes: 1
Student reward: 35.69419708251953
Iteration 17/80
Training student with 1893 points
Train accuracy: 0.9907529722589168
Test accuracy: 0.9762532981530343
Number of nodes: 1
Student reward: 218.96902313232422
Iteration 18/80
Training student with 2022 points
Train accuracy: 0.9857761286332715
Test accuracy: 0.9950617283950617
Number of nodes: 1
Student reward: 109.86029357910157
Iteration 19/80
Training student with 2118 points
Train accuracy: 0.987012987012987
Test accuracy: 0.9905660377358491
Number of nodes: 1
Student reward: 156.35187225341798
Iteration 20/80
Training student with 2230 points
Train accuracy: 0.9865470852017937
Test accuracy: 0.9932735426008968
Number of nodes: 1
Student reward: 67.0263671875
Iteration 21/80
Training student with 2326 points
Train accuracy: 0.989247311827957
Test accuracy: 0.9828326180257511
Number of nodes: 1
Student reward: 252.43136444091797
Iteration 22/80
Training student with 2463 points
Train accuracy: 0.9883248730964467
Test accuracy: 0.9858012170385395
Number of nodes: 1
Student reward: 138.0386947631836
Iteration 23/80
Training student with 2568 points
Train accuracy: 0.9858812074001947
Test accuracy: 0.9941634241245136
Number of nodes: 1
Student reward: 186.5434997558594
Iteration 24/80
Training student with 2684 points
Train accuracy: 0.9869585468095017
Test accuracy: 0.9906890130353817
Number of nodes: 1
Student reward: 156.82489471435548
Iteration 25/80
Training student with 2792 points
Train accuracy: 0.9838781907747425
Test accuracy: 0.9964221824686941
Number of nodes: 1
Student reward: 85.8571044921875
Iteration 26/80
Training student with 2887 points
Train accuracy: 0.9861411866608921
Test accuracy: 0.986159169550173
Number of nodes: 1
Student reward: 172.30913848876952
Iteration 27/80
Training student with 3003 points
Train accuracy: 0.9862614487926727
Test accuracy: 0.9866888519134775
Number of nodes: 1
Student reward: 132.27389678955078
Iteration 28/80
Training student with 3112 points
Train accuracy: 0.9859381277621535
Test accuracy: 0.9903691813804173
Number of nodes: 1
Student reward: 163.52610473632814
Iteration 29/80
Training student with 3225 points
Train accuracy: 0.9868217054263566
Test accuracy: 0.986046511627907
Number of nodes: 1
Student reward: 178.7378372192383
Iteration 30/80
Training student with 3344 points
Train accuracy: 0.9865420560747663
Test accuracy: 0.9880418535127056
Number of nodes: 1
Student reward: 142.80328979492188
Iteration 31/80
Training student with 3444 points
Train accuracy: 0.9858439201451905
Test accuracy: 0.9898403483309144
Number of nodes: 1
Student reward: 105.54149475097657
Iteration 32/80
Training student with 3532 points
Train accuracy: 0.9872566371681416
Test accuracy: 0.9844413012729845
Number of nodes: 1
Student reward: 93.72002716064453
Iteration 33/80
Training student with 3626 points
Train accuracy: 0.9868965517241379
Test accuracy: 0.9848484848484849
Number of nodes: 1
Student reward: 184.64168395996094
Iteration 34/80
Training student with 3743 points
Train accuracy: 0.9856379425517702
Test accuracy: 0.9879839786381842
Number of nodes: 1
Student reward: 162.70164489746094
Iteration 35/80
Training student with 3853 points
Train accuracy: 0.9879948085658663
Test accuracy: 0.9792477302204928
Number of nodes: 1
Student reward: 92.60428619384766
Iteration 36/80
Training student with 3945 points
Train accuracy: 0.9866920152091255
Test accuracy: 0.9847908745247148
Number of nodes: 1
Student reward: 146.29442901611327
Iteration 37/80
Training student with 4047 points
Train accuracy: 0.9879518072289156
Test accuracy: 0.9790123456790123
Number of nodes: 1
Student reward: 200.15904235839844
Iteration 38/80
Training student with 4164 points
Train accuracy: 0.9855899129390573
Test accuracy: 0.9891956782713085
Number of nodes: 1
Student reward: 165.44107513427736
Iteration 39/80
Training student with 4278 points
Train accuracy: 0.9853886616014027
Test accuracy: 0.9894859813084113
Number of nodes: 1
Student reward: 124.102294921875
Iteration 40/80
Training student with 4377 points
Train accuracy: 0.9868608968866038
Test accuracy: 0.9851598173515982
Number of nodes: 1
Student reward: 156.59593353271484
Iteration 41/80
Training student with 4483 points
Train accuracy: 0.9846625766871165
Test accuracy: 0.992196209587514
Number of nodes: 1
Student reward: 128.66523284912108
Iteration 42/80
Training student with 4590 points
Train accuracy: 0.9863834422657952
Test accuracy: 0.985838779956427
Number of nodes: 1
Student reward: 112.14088287353516
Iteration 43/80
Training student with 4689 points
Train accuracy: 0.9845374566782191
Test accuracy: 0.9925373134328358
Number of nodes: 1
Student reward: 163.09455108642578
Iteration 44/80
Training student with 4792 points
Train accuracy: 0.9866944951734934
Test accuracy: 0.9843587069864442
Number of nodes: 1
Student reward: 181.3306427001953
Iteration 45/80
Training student with 4913 points
Train accuracy: 0.9862595419847329
Test accuracy: 0.9847405900305188
Number of nodes: 1
Student reward: 159.3654312133789
Iteration 46/80
Training student with 5033 points
Train accuracy: 0.9858420268256334
Test accuracy: 0.9870903674280039
Number of nodes: 1
Student reward: 117.24153442382813
Iteration 47/80
Training student with 5134 points
Train accuracy: 0.9868517165814463
Test accuracy: 0.9814995131450828
Number of nodes: 1
Student reward: 136.19570770263672
Iteration 48/80
Training student with 5239 points
Train accuracy: 0.9852063946552135
Test accuracy: 0.9875954198473282
Number of nodes: 1
Student reward: 198.80728302001953
Iteration 49/80
Training student with 5353 points
Train accuracy: 0.9864549276039234
Test accuracy: 0.9841269841269841
Number of nodes: 1
Student reward: 149.29136352539064
Iteration 50/80
Training student with 5459 points
Train accuracy: 0.9867185711014427
Test accuracy: 0.9844322344322345
Number of nodes: 1
Student reward: 154.17068328857422
Iteration 51/80
Training student with 5564 points
Train accuracy: 0.9858458773309369
Test accuracy: 0.9883198562443846
Number of nodes: 1
Student reward: 143.28011779785157
Iteration 52/80
Training student with 5665 points
Train accuracy: 0.9863195057369815
Test accuracy: 0.9867608120035305
Number of nodes: 1
Student reward: 132.93895568847657
Iteration 53/80
Training student with 5767 points
Train accuracy: 0.9865597225233037
Test accuracy: 0.9861351819757366
Number of nodes: 1
Student reward: 159.5760299682617
Iteration 54/80
Training student with 5886 points
Train accuracy: 0.987892948173322
Test accuracy: 0.9813242784380306
Number of nodes: 1
Student reward: 86.3211898803711
Iteration 55/80
Training student with 5985 points
Train accuracy: 0.9868421052631579
Test accuracy: 0.9866332497911445
Number of nodes: 1
Student reward: 74.29180603027343
Iteration 56/80
Training student with 6078 points
Train accuracy: 0.9870423693953105
Test accuracy: 0.984375
Number of nodes: 1
Student reward: 238.93632965087892
Iteration 57/80
Training student with 6207 points
Train accuracy: 0.9869083585095669
Test accuracy: 0.9855072463768116
Number of nodes: 1
Student reward: 74.04582824707032
Iteration 58/80
Training student with 6299 points
Train accuracy: 0.9876959714229013
Test accuracy: 0.9825396825396825
Number of nodes: 1
Student reward: 91.83250579833984
Iteration 59/80
Training student with 6391 points
Train accuracy: 0.986697965571205
Test accuracy: 0.9859265050820953
Number of nodes: 1
Student reward: 172.305517578125
Iteration 60/80
Training student with 6508 points
Train accuracy: 0.9875144064540914
Test accuracy: 0.9838709677419355
Number of nodes: 1
Student reward: 163.25184783935546
Iteration 61/80
Training student with 6615 points
Train accuracy: 0.9871504157218443
Test accuracy: 0.9863945578231292
Number of nodes: 1
Student reward: 209.26053619384766
Iteration 62/80
Training student with 6739 points
Train accuracy: 0.986644407345576
Test accuracy: 0.9896142433234422
Number of nodes: 1
Student reward: 135.84598541259766
Iteration 63/80
Training student with 6847 points
Train accuracy: 0.9883147708599598
Test accuracy: 0.9832116788321168
Number of nodes: 1
Student reward: 155.42657012939452
Iteration 64/80
Training student with 6952 points
Train accuracy: 0.9872325121381047
Test accuracy: 0.9884974838245866
Number of nodes: 1
Student reward: 146.43009033203126
Iteration 65/80
Training student with 7068 points
Train accuracy: 0.9872656526353024
Test accuracy: 0.9893917963224894
Number of nodes: 1
Student reward: 112.42788696289062
Iteration 66/80
Training student with 7166 points
Train accuracy: 0.9881367759944173
Test accuracy: 0.9846582984658299
Number of nodes: 1
Student reward: 167.34132385253906
Iteration 67/80
Training student with 7271 points
Train accuracy: 0.9869325997248969
Test accuracy: 0.9896907216494846
Number of nodes: 1
Student reward: 174.831103515625
Iteration 68/80
Training student with 7391 points
Train accuracy: 0.9869756427604871
Test accuracy: 0.9891818796484111
Number of nodes: 1
Student reward: 192.89968566894532
Iteration 69/80
Training student with 7517 points
Train accuracy: 0.9883585564610011
Test accuracy: 0.9840425531914894
Number of nodes: 1
Student reward: 116.98734436035156
Iteration 70/80
Training student with 7613 points
Train accuracy: 0.9873563218390805
Test accuracy: 0.9875246224556796
Number of nodes: 1
Student reward: 160.34282684326172
Iteration 71/80
Training student with 7723 points
Train accuracy: 0.9870508255098738
Test accuracy: 0.9877022653721683
Number of nodes: 1
Student reward: 153.46163177490234
Iteration 72/80
Training student with 7833 points
Train accuracy: 0.9862751356527291
Test accuracy: 0.9910657306955967
Number of nodes: 1
Student reward: 83.2271240234375
Iteration 73/80
Training student with 7924 points
Train accuracy: 0.9867486985328916
Test accuracy: 0.9899053627760253
Number of nodes: 1
Student reward: 43.168408203125
Iteration 74/80
Training student with 8005 points
Train accuracy: 0.9873516552154903
Test accuracy: 0.9875078076202374
Number of nodes: 1
Student reward: 171.20882720947264
Iteration 75/80
Training student with 8112 points
Train accuracy: 0.9862844814301125
Test accuracy: 0.9913739987677141
Number of nodes: 1
Student reward: 182.2217056274414
Iteration 76/80
Training student with 8229 points
Train accuracy: 0.9872398602460885
Test accuracy: 0.9878493317132442
Number of nodes: 1
Student reward: 157.37492980957032
Iteration 77/80
Training student with 8335 points
Train accuracy: 0.9880023995200959
Test accuracy: 0.9850029994001199
Number of nodes: 1
Student reward: 169.581591796875
Iteration 78/80
Training student with 8448 points
Train accuracy: 0.9869783959751406
Test accuracy: 0.9899408284023669
Number of nodes: 1
Student reward: 75.88471069335938
Iteration 79/80
Training student with 8542 points
Train accuracy: 0.9879994146055905
Test accuracy: 0.9853715623171445
Number of nodes: 1
Student reward: 149.971044921875
Initial policy count: 80
Current policy count: 40
Reward update: 253.3841796875 -> 139.60753845214845
Reward update: 252.43136444091797 -> 153.11481231689453
Reward update: 238.93632965087892 -> 122.98798736572266
Reward update: 218.96902313232422 -> 151.37142852783202
Reward update: 209.26053619384766 -> 153.68406433105469
Reward update: 200.15904235839844 -> 144.68674682617188
Reward update: 198.80728302001953 -> 167.10511962890624
Reward update: 197.86989135742186 -> 171.66806854248046
Reward update: 192.89968566894532 -> 139.63170989990235
Reward update: 186.5434997558594 -> 134.48020263671876
Reward update: 184.64168395996094 -> 130.39003845214845
Reward update: 182.2217056274414 -> 142.53750457763672
Reward update: 181.3306427001953 -> 117.72835510253907
Reward update: 178.7378372192383 -> 159.8510284423828
Reward update: 175.04393463134767 -> 118.32946746826173
Reward update: 174.831103515625 -> 162.28333251953126
Reward update: 172.30913848876952 -> 134.1929217529297
Reward update: 172.305517578125 -> 162.25348052978515
Reward update: 171.20882720947264 -> 118.0958251953125
Reward update: 169.581591796875 -> 128.47025329589843
Reward update: 168.0001647949219 -> 106.93170196533202
Reward update: 167.34132385253906 -> 157.0427279663086
Reward update: 165.44107513427736 -> 132.1445620727539
Reward update: 163.56356964111328 -> 183.44103118896484
Reward update: 163.52610473632814 -> 129.3832843017578
Reward update: 163.25184783935546 -> 122.56697875976562
Reward update: 163.09455108642578 -> 182.14749572753905
Reward update: 162.70164489746094 -> 136.3194741821289
Reward update: 160.34282684326172 -> 125.16385925292968
Reward update: 159.5760299682617 -> 128.21906799316406
Reward update: 159.3654312133789 -> 137.36116607666017
Reward update: 157.37492980957032 -> 140.02350921630858
Reward update: 156.82489471435548 -> 147.8653009033203
Reward update: 156.59593353271484 -> 118.17469757080079
Reward update: 156.35187225341798 -> 154.21055084228516
Reward update: 155.58192749023436 -> 160.77982116699218
Reward update: 155.42657012939452 -> 130.07295196533204
Reward update: 155.26329803466797 -> 138.81571838378906
Reward update: 154.17068328857422 -> 124.96572570800781
Reward update: 153.46163177490234 -> 117.74690032958985
Current policy count: 20
Reward update: 183.44103118896484 -> 101.19213348388672
Reward update: 182.14749572753905 -> 127.76919647216796
Reward update: 171.66806854248046 -> 166.07103424072267
Reward update: 167.10511962890624 -> 144.26638092041014
Reward update: 162.28333251953126 -> 145.00203277587892
Reward update: 162.25348052978515 -> 172.2253790283203
Reward update: 160.77982116699218 -> 152.52846008300781
Reward update: 159.8510284423828 -> 137.18165771484374
Reward update: 157.0427279663086 -> 120.34933532714844
Reward update: 154.21055084228516 -> 184.03942687988283
Reward update: 153.68406433105469 -> 113.51353271484375
Reward update: 153.11481231689453 -> 140.27716247558592
Reward update: 151.37142852783202 -> 143.5467022705078
Reward update: 147.8653009033203 -> 173.883515625
Reward update: 144.68674682617188 -> 130.19992736816405
Reward update: 142.53750457763672 -> 159.25253295898438
Reward update: 140.02350921630858 -> 127.55866790771485
Reward update: 139.63170989990235 -> 167.73670501708983
Reward update: 139.60753845214845 -> 120.07136260986329
Reward update: 138.81571838378906 -> 147.73195922851562
Current policy count: 10
Reward update: 184.03942687988283 -> 121.86917694091797
Reward update: 173.883515625 -> 164.57967163085937
Reward update: 172.2253790283203 -> 147.22915344238282
Reward update: 167.73670501708983 -> 140.28504516601564
Reward update: 166.07103424072267 -> 137.51366943359375
Reward update: 159.25253295898438 -> 141.84693603515626
Reward update: 152.52846008300781 -> 133.04762908935547
Reward update: 147.73195922851562 -> 118.70418823242187
Reward update: 145.00203277587892 -> 160.3410739135742
Reward update: 144.26638092041014 -> 122.12746520996093
Current policy count: 5
Reward update: 164.57967163085937 -> 134.21456176757812
Reward update: 160.3410739135742 -> 159.82693115234375
Reward update: 147.22915344238282 -> 168.3222686767578
Reward update: 141.84693603515626 -> 109.8738150024414
Reward update: 140.28504516601564 -> 172.18366821289064
Current policy count: 3
Reward update: 172.18366821289064 -> 155.2493460083008
Reward update: 168.3222686767578 -> 140.7638314819336
Reward update: 159.82693115234375 -> 162.40395782470702
Current policy count: 2
Reward update: 162.40395782470702 -> 163.6867810058594
Reward update: 155.2493460083008 -> 143.81120025634766
Current policy count: 1
Reward update: 163.6867810058594 -> 152.21178833007812
Final reward: 162.10080535888673
Number of nodes: 1
