Iteration 0/80
Training student with 712 points
Train accuracy: 0.5325131810193322
Test accuracy: 0.5454545454545454
Number of nodes: 5
Student reward: 3.4
Iteration 1/80
Training student with 1302 points
Train accuracy: 0.6013448607108549
Test accuracy: 0.5823754789272031
Number of nodes: 5
Student reward: 3.3
Iteration 2/80
Training student with 1862 points
Train accuracy: 0.5198119543317663
Test accuracy: 0.5603217158176944
Number of nodes: 5
Student reward: 3.0
Iteration 3/80
Training student with 2425 points
Train accuracy: 0.47577319587628863
Test accuracy: 0.5257731958762887
Number of nodes: 5
Student reward: 2.2
Iteration 4/80
Training student with 2954 points
Train accuracy: 0.45916208209902665
Test accuracy: 0.4686971235194585
Number of nodes: 5
Student reward: 2.7
Iteration 5/80
Training student with 3481 points
Train accuracy: 0.45977011494252873
Test accuracy: 0.47058823529411764
Number of nodes: 5
Student reward: 4.4
Iteration 6/80
Training student with 4157 points
Train accuracy: 0.49413533834586465
Test accuracy: 0.4699519230769231
Number of nodes: 5
Student reward: 2.7
Iteration 7/80
Training student with 4734 points
Train accuracy: 0.4787430683918669
Test accuracy: 0.47729672650475186
Number of nodes: 5
Student reward: 1.1
Iteration 8/80
Training student with 5177 points
Train accuracy: 0.4776624003863801
Test accuracy: 0.5067567567567568
Number of nodes: 5
Student reward: 1.8
Iteration 9/80
Training student with 5661 points
Train accuracy: 0.4704063604240283
Test accuracy: 0.47749338040600176
Number of nodes: 5
Student reward: 3.0
Iteration 10/80
Training student with 6200 points
Train accuracy: 0.46391129032258066
Test accuracy: 0.46774193548387094
Number of nodes: 5
Student reward: 2.1
Iteration 11/80
Training student with 6655 points
Train accuracy: 0.4641247182569497
Test accuracy: 0.4470323065364388
Number of nodes: 5
Student reward: 2.4
Iteration 12/80
Training student with 7147 points
Train accuracy: 0.46475424173517577
Test accuracy: 0.46013986013986014
Number of nodes: 5
Student reward: 3.5
Iteration 13/80
Training student with 7746 points
Train accuracy: 0.46675274370561654
Test accuracy: 0.4967741935483871
Number of nodes: 5
Student reward: 2.1
Iteration 14/80
Training student with 8233 points
Train accuracy: 0.4713027634375949
Test accuracy: 0.4474802671523983
Number of nodes: 5
Student reward: 3.4
Iteration 15/80
Training student with 8789 points
Train accuracy: 0.45910965723225716
Test accuracy: 0.46928327645051193
Number of nodes: 5
Student reward: 2.5
Iteration 16/80
Training student with 9306 points
Train accuracy: 0.45190757657173564
Test accuracy: 0.4548872180451128
Number of nodes: 5
Student reward: 3.6
Iteration 17/80
Training student with 9937 points
Train accuracy: 0.4733928796074978
Test accuracy: 0.45321931589537223
Number of nodes: 5
Student reward: 0.8
Iteration 18/80
Training student with 10354 points
Train accuracy: 0.4708438971387179
Test accuracy: 0.47754707870593915
Number of nodes: 5
Student reward: 3.0
Iteration 19/80
Training student with 10882 points
Train accuracy: 0.4688110281447444
Test accuracy: 0.46531924666972896
Number of nodes: 5
Student reward: 2.2
Iteration 20/80
Training student with 11355 points
Train accuracy: 0.4663143989431968
Test accuracy: 0.4522236900044033
Number of nodes: 5
Student reward: 2.6
Iteration 21/80
Training student with 11876 points
Train accuracy: 0.46410526315789474
Test accuracy: 0.44402356902356904
Number of nodes: 5
Student reward: 2.5
Iteration 22/80
Training student with 12389 points
Train accuracy: 0.45363737261628495
Test accuracy: 0.4604519774011299
Number of nodes: 5
Student reward: 2.5
Iteration 23/80
Training student with 12897 points
Train accuracy: 0.4552680042648057
Test accuracy: 0.45
Number of nodes: 5
Student reward: 2.6
Iteration 24/80
Training student with 13431 points
Train accuracy: 0.46211839166046165
Test accuracy: 0.4577595831782657
Number of nodes: 5
Student reward: 2.2
Iteration 25/80
Training student with 13925 points
Train accuracy: 0.463016157989228
Test accuracy: 0.44129263913824057
Number of nodes: 5
Student reward: 3.2
Iteration 26/80
Training student with 14478 points
Train accuracy: 0.4569159039889484
Test accuracy: 0.4492403314917127
Number of nodes: 5
Student reward: 2.6
Iteration 27/80
Training student with 14973 points
Train accuracy: 0.4534980798129905
Test accuracy: 0.4464106844741235
Number of nodes: 5
Student reward: 2.8
Iteration 28/80
Training student with 15526 points
Train accuracy: 0.45515297906602253
Test accuracy: 0.4459111397295557
Number of nodes: 5
Student reward: 3.2
Iteration 29/80
Training student with 16126 points
Train accuracy: 0.45868217054263566
Test accuracy: 0.45257284562926225
Number of nodes: 5
Student reward: 0.8
Iteration 30/80
Training student with 16529 points
Train accuracy: 0.4647205626559782
Test accuracy: 0.45523290986085907
Number of nodes: 5
Student reward: 1.9
Iteration 31/80
Training student with 16993 points
Train accuracy: 0.46064440194203327
Test accuracy: 0.45837010885554574
Number of nodes: 5
Student reward: 2.1
Iteration 32/80
Training student with 17481 points
Train accuracy: 0.45623569794050345
Test accuracy: 0.46582785244495284
Number of nodes: 5
Student reward: 2.2
Iteration 33/80
Training student with 17956 points
Train accuracy: 0.45544416597048176
Test accuracy: 0.45629175946547884
Number of nodes: 5
Student reward: 3.2
Iteration 34/80
Training student with 18559 points
Train accuracy: 0.4545699467905974
Test accuracy: 0.44908405172413796
Number of nodes: 5
Student reward: 4.2
Iteration 35/80
Training student with 19250 points
Train accuracy: 0.4633766233766234
Test accuracy: 0.45194805194805193
Number of nodes: 5
Student reward: 3.3
Iteration 36/80
Training student with 19855 points
Train accuracy: 0.45895240493578443
Test accuracy: 0.4563082347015865
Number of nodes: 5
Student reward: 3.0
Iteration 37/80
Training student with 20366 points
Train accuracy: 0.4540878958998281
Test accuracy: 0.4489445262641139
Number of nodes: 5
Student reward: 0.3
Iteration 38/80
Training student with 20765 points
Train accuracy: 0.4584637611365278
Test accuracy: 0.4637611365278112
Number of nodes: 5
Student reward: 2.5
Iteration 39/80
Training student with 21289 points
Train accuracy: 0.4548764018554401
Test accuracy: 0.46735556599342415
Number of nodes: 5
Student reward: 2.4
Iteration 40/80
Training student with 21808 points
Train accuracy: 0.45603576751117736
Test accuracy: 0.4518569463548831
Number of nodes: 5
Student reward: 2.4
Iteration 41/80
Training student with 22332 points
Train accuracy: 0.45524769101595297
Test accuracy: 0.44974255652563244
Number of nodes: 5
Student reward: 3.8
Iteration 42/80
Training student with 22957 points
Train accuracy: 0.45597604138306563
Test accuracy: 0.46602787456445993
Number of nodes: 5
Student reward: 2.8
Iteration 43/80
Training student with 23505 points
Train accuracy: 0.45538183365241436
Test accuracy: 0.45288236545415866
Number of nodes: 5
Student reward: 3.0
Iteration 44/80
Training student with 24020 points
Train accuracy: 0.4517589508742714
Test accuracy: 0.44587843463780186
Number of nodes: 5
Student reward: 2.7
Iteration 45/80
Training student with 24562 points
Train accuracy: 0.45824214972772154
Test accuracy: 0.45674740484429066
Number of nodes: 5
Student reward: 2.1
Iteration 46/80
Training student with 25048 points
Train accuracy: 0.45688192434374686
Test accuracy: 0.45249500998003994
Number of nodes: 5
Student reward: 2.6
Iteration 47/80
Training student with 25581 points
Train accuracy: 0.45240422204847536
Test accuracy: 0.4588626148133672
Number of nodes: 5
Student reward: 2.3
Iteration 48/80
Training student with 26094 points
Train accuracy: 0.4526467065868264
Test accuracy: 0.44433799578463307
Number of nodes: 5
Student reward: 1.9
Iteration 49/80
Training student with 26571 points
Train accuracy: 0.45102559277380505
Test accuracy: 0.439134524929445
Number of nodes: 5
Student reward: 0.9
Iteration 50/80
Training student with 26983 points
Train accuracy: 0.4528398035763921
Test accuracy: 0.45414118954974986
Number of nodes: 5
Student reward: 3.1
Iteration 51/80
Training student with 27552 points
Train accuracy: 0.45760174220770383
Test accuracy: 0.45690437307203774
Number of nodes: 5
Student reward: 3.0
Iteration 52/80
Training student with 28087 points
Train accuracy: 0.4537362588455205
Test accuracy: 0.46386614453542185
Number of nodes: 5
Student reward: 2.6
Iteration 53/80
Training student with 28627 points
Train accuracy: 0.4574472730448452
Test accuracy: 0.4400977995110024
Number of nodes: 5
Student reward: 2.8
Iteration 54/80
Training student with 29174 points
Train accuracy: 0.4539611808560778
Test accuracy: 0.44284490145672667
Number of nodes: 5
Student reward: 3.9
Iteration 55/80
Training student with 29773 points
Train accuracy: 0.4589806029053657
Test accuracy: 0.44853064651553315
Number of nodes: 5
Student reward: 2.7
Iteration 56/80
Training student with 30276 points
Train accuracy: 0.45478943022295626
Test accuracy: 0.4572324966974901
Number of nodes: 5
Student reward: 2.6
Iteration 57/80
Training student with 30866 points
Train accuracy: 0.4555321561639397
Test accuracy: 0.4468739876903142
Number of nodes: 5
Student reward: 2.2
Iteration 58/80
Training student with 31373 points
Train accuracy: 0.4506733604271257
Test accuracy: 0.45657370517928286
Number of nodes: 5
Student reward: 2.8
Iteration 59/80
Training student with 31875 points
Train accuracy: 0.4518039215686275
Test accuracy: 0.4495686274509804
Number of nodes: 5
Student reward: 3.8
Iteration 60/80
Training student with 32520 points
Train accuracy: 0.45287515375153753
Test accuracy: 0.45817958179581797
Number of nodes: 5
Student reward: 3.4
Iteration 61/80
Training student with 33079 points
Train accuracy: 0.45134716396478103
Test accuracy: 0.45556227327690446
Number of nodes: 5
Student reward: 2.2
Iteration 62/80
Training student with 33551 points
Train accuracy: 0.4504098360655738
Test accuracy: 0.4544777231411116
Number of nodes: 5
Student reward: 3.0
Iteration 63/80
Training student with 34100 points
Train accuracy: 0.45084310850439885
Test accuracy: 0.44296187683284455
Number of nodes: 5
Student reward: 2.9
Iteration 64/80
Training student with 34649 points
Train accuracy: 0.4530827230419568
Test accuracy: 0.46060606060606063
Number of nodes: 5
Student reward: 0.5
Iteration 65/80
Training student with 35047 points
Train accuracy: 0.45686057709455363
Test accuracy: 0.45206847360912983
Number of nodes: 5
Student reward: 2.6
Iteration 66/80
Training student with 35639 points
Train accuracy: 0.45477184244677493
Test accuracy: 0.45552749719416386
Number of nodes: 5
Student reward: 2.6
Iteration 67/80
Training student with 36190 points
Train accuracy: 0.4531638574191766
Test accuracy: 0.4563415308096159
Number of nodes: 5
Student reward: 2.9
Iteration 68/80
Training student with 36735 points
Train accuracy: 0.4557302300258609
Test accuracy: 0.44072410507690213
Number of nodes: 5
Student reward: 2.6
Iteration 69/80
Training student with 37283 points
Train accuracy: 0.45064708643465434
Test accuracy: 0.4480354029770685
Number of nodes: 5
Student reward: 2.4
Iteration 70/80
Training student with 37810 points
Train accuracy: 0.45586485056863263
Test accuracy: 0.4510711451996826
Number of nodes: 5
Student reward: 2.1
Iteration 71/80
Training student with 38316 points
Train accuracy: 0.4539671147070338
Test accuracy: 0.4538100208768267
Number of nodes: 5
Student reward: 3.0
Iteration 72/80
Training student with 38886 points
Train accuracy: 0.4537418027517037
Test accuracy: 0.4469015170995114
Number of nodes: 5
Student reward: 2.6
Iteration 73/80
Training student with 39445 points
Train accuracy: 0.45091266320192674
Test accuracy: 0.4526555964000507
Number of nodes: 5
Student reward: 2.3
Iteration 74/80
Training student with 39948 points
Train accuracy: 0.4508730208398523
Test accuracy: 0.4485607008760951
Number of nodes: 5
Student reward: 2.6
Iteration 75/80
Training student with 40484 points
Train accuracy: 0.450674653410319
Test accuracy: 0.4452266271458565
Number of nodes: 5
Student reward: 1.4
Iteration 76/80
Training student with 40938 points
Train accuracy: 0.45352671755725193
Test accuracy: 0.4507816316560821
Number of nodes: 5
Student reward: 2.2
Iteration 77/80
Training student with 41393 points
Train accuracy: 0.450806305490125
Test accuracy: 0.45645609373112694
Number of nodes: 5
Student reward: 2.7
Iteration 78/80
Training student with 41918 points
Train accuracy: 0.45282399952287233
Test accuracy: 0.44024332061068705
Number of nodes: 5
Student reward: 2.8
Iteration 79/80
Training student with 42511 points
Train accuracy: 0.4557751117384145
Test accuracy: 0.4470186992826061
Number of nodes: 5
Student reward: 1.9
Initial policy count: 80
Current policy count: 40
Reward update: 4.4 -> 3.18
Reward update: 4.2 -> 3.08
Reward update: 3.9 -> 3.06
Reward update: 3.8 -> 2.84
Reward update: 3.8 -> 2.68
Reward update: 3.6 -> 3.22
Reward update: 3.5 -> 3.98
Reward update: 3.4 -> 3.28
Reward update: 3.4 -> 2.4
Reward update: 3.4 -> 2.5
Reward update: 3.3 -> 2.24
Reward update: 3.3 -> 2.38
Reward update: 3.2 -> 2.72
Reward update: 3.2 -> 2.88
Reward update: 3.2 -> 2.8
Reward update: 3.1 -> 3.42
Reward update: 3.0 -> 2.5
Reward update: 3.0 -> 2.44
Reward update: 3.0 -> 2.58
Reward update: 3.0 -> 2.42
Reward update: 3.0 -> 2.22
Reward update: 3.0 -> 2.3
Reward update: 3.0 -> 2.78
Reward update: 3.0 -> 2.54
Reward update: 2.9 -> 3.06
Reward update: 2.9 -> 2.6
Reward update: 2.8 -> 2.6
Reward update: 2.8 -> 2.44
Reward update: 2.8 -> 2.7
Reward update: 2.8 -> 2.66
Reward update: 2.8 -> 3.12
Reward update: 2.7 -> 2.18
Reward update: 2.7 -> 2.66
Reward update: 2.7 -> 3.44
Reward update: 2.7 -> 2.52
Reward update: 2.7 -> 2.62
Reward update: 2.6 -> 2.54
Reward update: 2.6 -> 3.46
Reward update: 2.6 -> 2.56
Reward update: 2.6 -> 2.66
Current policy count: 20
Reward update: 3.98 -> 3.3
Reward update: 3.46 -> 3.12
Reward update: 3.44 -> 3.5
Reward update: 3.42 -> 3.58
Reward update: 3.28 -> 3.96
Reward update: 3.22 -> 3.18
Reward update: 3.18 -> 3.16
Reward update: 3.12 -> 2.9
Reward update: 3.08 -> 3.2
Reward update: 3.06 -> 3.08
Reward update: 3.06 -> 3.48
Reward update: 2.88 -> 3.38
Reward update: 2.84 -> 3.48
Reward update: 2.8 -> 2.42
Reward update: 2.78 -> 2.38
Reward update: 2.72 -> 2.4
Reward update: 2.7 -> 2.46
Reward update: 2.68 -> 2.96
Reward update: 2.66 -> 2.34
Reward update: 2.66 -> 2.66
Current policy count: 10
Reward update: 3.96 -> 3.64
Reward update: 3.58 -> 2.8
Reward update: 3.5 -> 2.92
Reward update: 3.48 -> 3.46
Reward update: 3.48 -> 3.54
Reward update: 3.38 -> 3.6
Reward update: 3.3 -> 3.18
Reward update: 3.2 -> 3.0
Reward update: 3.18 -> 3.46
Reward update: 3.16 -> 3.6
Current policy count: 5
Reward update: 3.64 -> 3.58
Reward update: 3.6 -> 3.72
Reward update: 3.6 -> 3.2
Reward update: 3.54 -> 3.2
Reward update: 3.46 -> 2.9
Current policy count: 3
Reward update: 3.72 -> 3.48
Reward update: 3.58 -> 3.32
Reward update: 3.2 -> 3.06
Current policy count: 2
Reward update: 3.48 -> 3.5
Reward update: 3.32 -> 3.52
Current policy count: 1
Reward update: 3.52 -> 3.36
Final reward: 3.24
Number of nodes: 5
