Iteration 0/80
Training student with 1000 points
Train accuracy: 0.52625
Test accuracy: 0.56
Number of nodes: 23
Student reward: 0.5555555555555555
Iteration 1/80
Training student with 2000 points
Train accuracy: 0.473125
Test accuracy: 0.525
Number of nodes: 19
Student reward: 0.7222222222222222
Iteration 2/80
Training student with 3000 points
Train accuracy: 0.49416666666666664
Test accuracy: 0.52
Number of nodes: 23
Student reward: 0.5555555555555555
Iteration 3/80
Training student with 4000 points
Train accuracy: 0.4709375
Test accuracy: 0.47625
Number of nodes: 23
Student reward: 0.16666666666666669
Iteration 4/80
Training student with 5000 points
Train accuracy: 0.431
Test accuracy: 0.428
Number of nodes: 21
Student reward: 0.5555555555555555
Iteration 5/80
Training student with 6000 points
Train accuracy: 0.4583333333333333
Test accuracy: 0.4475
Number of nodes: 23
Student reward: 0.5555555555555555
Iteration 6/80
Training student with 7000 points
Train accuracy: 0.4617857142857143
Test accuracy: 0.43357142857142855
Number of nodes: 23
Student reward: 0.5555555555555555
Iteration 7/80
Training student with 8000 points
Train accuracy: 0.47109375
Test accuracy: 0.4625
Number of nodes: 23
Student reward: 0.16666666666666669
Iteration 8/80
Training student with 9000 points
Train accuracy: 0.4498611111111111
Test accuracy: 0.4811111111111111
Number of nodes: 23
Student reward: 0.4722222222222222
Iteration 9/80
Training student with 10000 points
Train accuracy: 0.43875
Test accuracy: 0.454
Number of nodes: 23
Student reward: 0.5555555555555555
Iteration 10/80
Training student with 11000 points
Train accuracy: 0.4384090909090909
Test accuracy: 0.47545454545454546
Number of nodes: 23
Student reward: 0.5555555555555555
Iteration 11/80
Training student with 12000 points
Train accuracy: 0.4427083333333333
Test accuracy: 0.4483333333333333
Number of nodes: 23
Student reward: 0.5555555555555555
Iteration 12/80
Training student with 13000 points
Train accuracy: 0.44346153846153846
Test accuracy: 0.4369230769230769
Number of nodes: 23
Student reward: 0.5555555555555555
Iteration 13/80
Training student with 14000 points
Train accuracy: 0.4517857142857143
Test accuracy: 0.44607142857142856
Number of nodes: 23
Student reward: 0.5555555555555555
Iteration 14/80
Training student with 15000 points
Train accuracy: 0.44233333333333336
Test accuracy: 0.451
Number of nodes: 23
Student reward: 0.5555555555555555
Iteration 15/80
Training student with 16000 points
Train accuracy: 0.446875
Test accuracy: 0.4615625
Number of nodes: 23
Student reward: 0.5555555555555555
Iteration 16/80
Training student with 17000 points
Train accuracy: 0.44419117647058826
Test accuracy: 0.4326470588235294
Number of nodes: 23
Student reward: 0.5555555555555555
Iteration 17/80
Training student with 18000 points
Train accuracy: 0.4490972222222222
Test accuracy: 0.4413888888888889
Number of nodes: 23
Student reward: 0.5555555555555555
Iteration 18/80
Training student with 19000 points
Train accuracy: 0.4480921052631579
Test accuracy: 0.4560526315789474
Number of nodes: 21
Student reward: 0.5555555555555555
Iteration 19/80
Training student with 20000 points
Train accuracy: 0.4476875
Test accuracy: 0.436
Number of nodes: 23
Student reward: 0.5555555555555555
Iteration 20/80
Training student with 21000 points
Train accuracy: 0.44702380952380955
Test accuracy: 0.44285714285714284
Number of nodes: 23
Student reward: 0.5555555555555555
Iteration 21/80
Training student with 22000 points
Train accuracy: 0.4465340909090909
Test accuracy: 0.4445454545454545
Number of nodes: 23
Student reward: 0.16666666666666669
Iteration 22/80
Training student with 23000 points
Train accuracy: 0.45766304347826087
Test accuracy: 0.4369565217391304
Number of nodes: 23
Student reward: 0.5555555555555555
Iteration 23/80
Training student with 24000 points
Train accuracy: 0.45239583333333333
Test accuracy: 0.45166666666666666
Number of nodes: 23
Student reward: 0.5555555555555555
Iteration 24/80
Training student with 25000 points
Train accuracy: 0.451
Test accuracy: 0.4564
Number of nodes: 23
Student reward: 0.5555555555555555
Iteration 25/80
Training student with 26000 points
Train accuracy: 0.44543269230769234
Test accuracy: 0.4486538461538462
Number of nodes: 21
Student reward: 0.5555555555555555
Iteration 26/80
Training student with 27000 points
Train accuracy: 0.4457407407407407
Test accuracy: 0.4477777777777778
Number of nodes: 23
Student reward: 0.5555555555555555
Iteration 27/80
Training student with 28000 points
Train accuracy: 0.4529910714285714
Test accuracy: 0.4430357142857143
Number of nodes: 23
Student reward: 0.5555555555555555
Iteration 28/80
Training student with 29000 points
Train accuracy: 0.45336206896551723
Test accuracy: 0.4463793103448276
Number of nodes: 23
Student reward: 0.5555555555555555
Iteration 29/80
Training student with 30000 points
Train accuracy: 0.4568333333333333
Test accuracy: 0.442
Number of nodes: 23
Student reward: 0.16666666666666669
Iteration 30/80
Training student with 31000 points
Train accuracy: 0.4502016129032258
Test accuracy: 0.45064516129032256
Number of nodes: 23
Student reward: 0.5555555555555555
Iteration 31/80
Training student with 32000 points
Train accuracy: 0.450390625
Test accuracy: 0.4503125
Number of nodes: 23
Student reward: 0.5555555555555555
Iteration 32/80
Training student with 33000 points
Train accuracy: 0.4525757575757576
Test accuracy: 0.4528787878787879
Number of nodes: 23
Student reward: 0.5555555555555555
Iteration 33/80
Training student with 34000 points
Train accuracy: 0.4499264705882353
Test accuracy: 0.4491176470588235
Number of nodes: 23
Student reward: 0.5555555555555555
Iteration 34/80
Training student with 35000 points
Train accuracy: 0.45053571428571426
Test accuracy: 0.4492857142857143
Number of nodes: 23
Student reward: 0.16666666666666669
Iteration 35/80
Training student with 36000 points
Train accuracy: 0.44972222222222225
Test accuracy: 0.4473611111111111
Number of nodes: 23
Student reward: 0.5555555555555555
Iteration 36/80
Training student with 37000 points
Train accuracy: 0.4528378378378378
Test accuracy: 0.447027027027027
Number of nodes: 21
Student reward: 0.5555555555555555
Iteration 37/80
Training student with 38000 points
Train accuracy: 0.4473684210526316
Test accuracy: 0.4482894736842105
Number of nodes: 23
Student reward: 0.5555555555555555
Iteration 38/80
Training student with 39000 points
Train accuracy: 0.45166666666666666
Test accuracy: 0.44743589743589746
Number of nodes: 23
Student reward: 0.16666666666666669
Iteration 39/80
Training student with 40000 points
Train accuracy: 0.4505
Test accuracy: 0.452
Number of nodes: 23
Student reward: 0.5555555555555555
Iteration 40/80
Training student with 41000 points
Train accuracy: 0.45240853658536584
Test accuracy: 0.450609756097561
Number of nodes: 23
Student reward: 0.5555555555555555
Iteration 41/80
Training student with 42000 points
Train accuracy: 0.4531547619047619
Test accuracy: 0.4407142857142857
Number of nodes: 23
Student reward: 0.5555555555555555
Iteration 42/80
Training student with 43000 points
Train accuracy: 0.44813953488372094
Test accuracy: 0.44313953488372093
Number of nodes: 23
Student reward: 0.5555555555555555
Iteration 43/80
Training student with 44000 points
Train accuracy: 0.4528693181818182
Test accuracy: 0.4471590909090909
Number of nodes: 23
Student reward: 0.5555555555555555
Iteration 44/80
Training student with 45000 points
Train accuracy: 0.45402777777777775
Test accuracy: 0.457
Number of nodes: 23
Student reward: 0.16666666666666669
Iteration 45/80
Training student with 46000 points
Train accuracy: 0.4566032608695652
Test accuracy: 0.45771739130434785
Number of nodes: 23
Student reward: 0.5555555555555555
Iteration 46/80
Training student with 47000 points
Train accuracy: 0.4546276595744681
Test accuracy: 0.4442553191489362
Number of nodes: 23
Student reward: 0.5555555555555555
Iteration 47/80
Training student with 48000 points
Train accuracy: 0.4601822916666667
Test accuracy: 0.4505208333333333
Number of nodes: 23
Student reward: 0.5555555555555555
Iteration 48/80
Training student with 49000 points
Train accuracy: 0.4512244897959184
Test accuracy: 0.44448979591836735
Number of nodes: 23
Student reward: 0.5555555555555555
Iteration 49/80
Training student with 50000 points
Train accuracy: 0.45275
Test accuracy: 0.4485
Number of nodes: 23
Student reward: 0.5555555555555555
Iteration 50/80
Training student with 51000 points
Train accuracy: 0.4522794117647059
Test accuracy: 0.4518627450980392
Number of nodes: 21
Student reward: 0.5555555555555555
Iteration 51/80
Training student with 52000 points
Train accuracy: 0.4475240384615385
Test accuracy: 0.4564423076923077
Number of nodes: 23
Student reward: 0.5555555555555555
Iteration 52/80
Training student with 53000 points
Train accuracy: 0.451438679245283
Test accuracy: 0.44433962264150945
Number of nodes: 23
Student reward: 0.5555555555555555
Iteration 53/80
Training student with 54000 points
Train accuracy: 0.45101851851851854
Test accuracy: 0.44916666666666666
Number of nodes: 23
Student reward: 0.5555555555555555
Iteration 54/80
Training student with 55000 points
Train accuracy: 0.4500454545454545
Test accuracy: 0.45654545454545453
Number of nodes: 23
Student reward: 0.5555555555555555
Iteration 55/80
Training student with 56000 points
Train accuracy: 0.4512276785714286
Test accuracy: 0.455625
Number of nodes: 23
Student reward: 0.16666666666666669
Iteration 56/80
Training student with 57000 points
Train accuracy: 0.4457236842105263
Test accuracy: 0.44912280701754387
Number of nodes: 23
Student reward: 0.16666666666666669
Iteration 57/80
Training student with 58000 points
Train accuracy: 0.4547198275862069
Test accuracy: 0.4506896551724138
Number of nodes: 23
Student reward: 0.16666666666666669
Iteration 58/80
Training student with 59000 points
Train accuracy: 0.4544491525423729
Test accuracy: 0.45559322033898303
Number of nodes: 23
Student reward: 0.5555555555555555
Iteration 59/80
Training student with 60000 points
Train accuracy: 0.454375
Test accuracy: 0.45616666666666666
Number of nodes: 23
Student reward: 0.5555555555555555
Iteration 60/80
Training student with 61000 points
Train accuracy: 0.45209016393442625
Test accuracy: 0.44959016393442625
Number of nodes: 23
Student reward: 0.5555555555555555
Iteration 61/80
Training student with 62000 points
Train accuracy: 0.455241935483871
Test accuracy: 0.44806451612903225
Number of nodes: 23
Student reward: 0.5555555555555555
Iteration 62/80
Training student with 63000 points
Train accuracy: 0.45113095238095235
Test accuracy: 0.45015873015873015
Number of nodes: 23
Student reward: 0.5555555555555555
Iteration 63/80
Training student with 64000 points
Train accuracy: 0.45427734375
Test accuracy: 0.446171875
Number of nodes: 23
Student reward: 0.5555555555555555
Iteration 64/80
Training student with 65000 points
Train accuracy: 0.4515576923076923
Test accuracy: 0.45053846153846155
Number of nodes: 23
Student reward: 0.5555555555555555
Iteration 65/80
Training student with 66000 points
Train accuracy: 0.4497537878787879
Test accuracy: 0.4509848484848485
Number of nodes: 23
Student reward: 0.5555555555555555
Iteration 66/80
Training student with 67000 points
Train accuracy: 0.4497574626865672
Test accuracy: 0.4435820895522388
Number of nodes: 23
Student reward: 0.5555555555555555
Iteration 67/80
Training student with 68000 points
Train accuracy: 0.44698529411764704
Test accuracy: 0.45191176470588235
Number of nodes: 23
Student reward: 0.5555555555555555
Iteration 68/80
Training student with 69000 points
Train accuracy: 0.4497826086956522
Test accuracy: 0.44514492753623186
Number of nodes: 23
Student reward: 0.5555555555555555
Iteration 69/80
Training student with 70000 points
Train accuracy: 0.4494464285714286
Test accuracy: 0.4362857142857143
Number of nodes: 23
Student reward: 0.5555555555555555
Iteration 70/80
Training student with 71000 points
Train accuracy: 0.4491725352112676
Test accuracy: 0.452887323943662
Number of nodes: 23
Student reward: 0.5555555555555555
Iteration 71/80
Training student with 72000 points
Train accuracy: 0.44809027777777777
Test accuracy: 0.44930555555555557
Number of nodes: 21
Student reward: 0.5555555555555555
Iteration 72/80
Training student with 73000 points
Train accuracy: 0.44438356164383563
Test accuracy: 0.4547945205479452
Number of nodes: 23
Student reward: 0.5555555555555555
Iteration 73/80
Training student with 74000 points
Train accuracy: 0.4495608108108108
Test accuracy: 0.4487837837837838
Number of nodes: 23
Student reward: 0.5555555555555555
Iteration 74/80
Training student with 75000 points
Train accuracy: 0.44838333333333336
Test accuracy: 0.445
Number of nodes: 23
Student reward: 0.5555555555555555
Iteration 75/80
Training student with 76000 points
Train accuracy: 0.4446546052631579
Test accuracy: 0.45026315789473687
Number of nodes: 23
Student reward: 0.5555555555555555
Iteration 76/80
Training student with 77000 points
Train accuracy: 0.4461038961038961
Test accuracy: 0.44772727272727275
Number of nodes: 23
Student reward: 0.16666666666666669
Iteration 77/80
Training student with 78000 points
Train accuracy: 0.44705128205128203
Test accuracy: 0.45076923076923076
Number of nodes: 23
Student reward: 0.5555555555555555
Iteration 78/80
Training student with 79000 points
Train accuracy: 0.44544303797468354
Test accuracy: 0.43841772151898734
Number of nodes: 23
Student reward: 0.16666666666666669
Iteration 79/80
Training student with 80000 points
Train accuracy: 0.44696875
Test accuracy: 0.441125
Number of nodes: 23
Student reward: 0.5555555555555555
Initial policy count: 80
Current policy count: 40
Reward update: 0.7222222222222222 -> 0.7222222222222218
Reward update: 0.5555555555555555 -> 0.5555555555555561
Reward update: 0.5555555555555555 -> 0.5555555555555561
Reward update: 0.5555555555555555 -> 0.5555555555555561
Reward update: 0.5555555555555555 -> 0.5555555555555561
Reward update: 0.5555555555555555 -> 0.5555555555555561
Reward update: 0.5555555555555555 -> 0.5555555555555561
Reward update: 0.5555555555555555 -> 0.5555555555555561
Reward update: 0.5555555555555555 -> 0.5555555555555561
Reward update: 0.5555555555555555 -> 0.5555555555555561
Reward update: 0.5555555555555555 -> 0.5555555555555561
Reward update: 0.5555555555555555 -> 0.5555555555555561
Reward update: 0.5555555555555555 -> 0.5555555555555561
Reward update: 0.5555555555555555 -> 0.5555555555555561
Reward update: 0.5555555555555555 -> 0.5555555555555561
Reward update: 0.5555555555555555 -> 0.5555555555555561
Reward update: 0.5555555555555555 -> 0.5555555555555561
Reward update: 0.5555555555555555 -> 0.5555555555555561
Reward update: 0.5555555555555555 -> 0.5555555555555561
Reward update: 0.5555555555555555 -> 0.5555555555555561
Reward update: 0.5555555555555555 -> 0.5555555555555561
Reward update: 0.5555555555555555 -> 0.5555555555555561
Reward update: 0.5555555555555555 -> 0.5555555555555561
Reward update: 0.5555555555555555 -> 0.5555555555555561
Reward update: 0.5555555555555555 -> 0.5555555555555561
Reward update: 0.5555555555555555 -> 0.5555555555555561
Reward update: 0.5555555555555555 -> 0.5555555555555561
Reward update: 0.5555555555555555 -> 0.5555555555555561
Reward update: 0.5555555555555555 -> 0.5555555555555561
Reward update: 0.5555555555555555 -> 0.5555555555555561
Reward update: 0.5555555555555555 -> 0.5555555555555561
Reward update: 0.5555555555555555 -> 0.5555555555555561
Reward update: 0.5555555555555555 -> 0.5555555555555561
Reward update: 0.5555555555555555 -> 0.5555555555555561
Reward update: 0.5555555555555555 -> 0.5555555555555561
Reward update: 0.5555555555555555 -> 0.5555555555555561
Reward update: 0.5555555555555555 -> 0.5555555555555561
Reward update: 0.5555555555555555 -> 0.5555555555555561
Reward update: 0.5555555555555555 -> 0.5555555555555561
Reward update: 0.5555555555555555 -> 0.5555555555555561
Current policy count: 20
Reward update: 0.7222222222222218 -> 0.7222222222222218
Reward update: 0.5555555555555561 -> 0.5555555555555561
Reward update: 0.5555555555555561 -> 0.5555555555555561
Reward update: 0.5555555555555561 -> 0.5555555555555561
Reward update: 0.5555555555555561 -> 0.5555555555555561
Reward update: 0.5555555555555561 -> 0.5555555555555561
Reward update: 0.5555555555555561 -> 0.5555555555555561
Reward update: 0.5555555555555561 -> 0.5555555555555561
Reward update: 0.5555555555555561 -> 0.5555555555555561
Reward update: 0.5555555555555561 -> 0.5555555555555561
Reward update: 0.5555555555555561 -> 0.5555555555555561
Reward update: 0.5555555555555561 -> 0.5555555555555561
Reward update: 0.5555555555555561 -> 0.5555555555555561
Reward update: 0.5555555555555561 -> 0.5555555555555561
Reward update: 0.5555555555555561 -> 0.5555555555555561
Reward update: 0.5555555555555561 -> 0.5555555555555561
Reward update: 0.5555555555555561 -> 0.5555555555555561
Reward update: 0.5555555555555561 -> 0.5555555555555561
Reward update: 0.5555555555555561 -> 0.5555555555555561
Reward update: 0.5555555555555561 -> 0.5555555555555561
Current policy count: 10
Reward update: 0.7222222222222218 -> 0.7222222222222218
Reward update: 0.5555555555555561 -> 0.5555555555555561
Reward update: 0.5555555555555561 -> 0.5555555555555561
Reward update: 0.5555555555555561 -> 0.5555555555555561
Reward update: 0.5555555555555561 -> 0.5555555555555561
Reward update: 0.5555555555555561 -> 0.5555555555555561
Reward update: 0.5555555555555561 -> 0.5555555555555561
Reward update: 0.5555555555555561 -> 0.5555555555555561
Reward update: 0.5555555555555561 -> 0.5555555555555561
Reward update: 0.5555555555555561 -> 0.5555555555555561
Current policy count: 5
Reward update: 0.7222222222222218 -> 0.7222222222222218
Reward update: 0.5555555555555561 -> 0.5555555555555561
Reward update: 0.5555555555555561 -> 0.5555555555555561
Reward update: 0.5555555555555561 -> 0.5555555555555561
Reward update: 0.5555555555555561 -> 0.5555555555555561
Current policy count: 3
Reward update: 0.7222222222222218 -> 0.7222222222222218
Reward update: 0.5555555555555561 -> 0.5555555555555561
Reward update: 0.5555555555555561 -> 0.5555555555555561
Current policy count: 2
Reward update: 0.7222222222222218 -> 0.7222222222222218
Reward update: 0.5555555555555561 -> 0.5555555555555561
Current policy count: 1
Reward update: 0.7222222222222218 -> 0.7222222222222218
Final reward: 0.7222222222222218
Number of nodes: 19
