Iteration 0/80
Training student with 1087 points
Train accuracy: 0.8814729574223246
Test accuracy: 0.8623853211009175
Number of nodes: 5
Student reward: 8.2
Iteration 1/80
Training student with 1863 points
Train accuracy: 0.8818791946308725
Test accuracy: 0.8605898123324397
Number of nodes: 5
Student reward: 8.9
Iteration 2/80
Training student with 2675 points
Train accuracy: 0.8738317757009346
Test accuracy: 0.902803738317757
Number of nodes: 5
Student reward: 8.7
Iteration 3/80
Training student with 3454 points
Train accuracy: 0.8809265291349981
Test accuracy: 0.874095513748191
Number of nodes: 5
Student reward: 9.1
Iteration 4/80
Training student with 4283 points
Train accuracy: 0.8774080560420315
Test accuracy: 0.8903150525087514
Number of nodes: 5
Student reward: 10.7
Iteration 5/80
Training student with 5252 points
Train accuracy: 0.8752677933825279
Test accuracy: 0.8896289248334919
Number of nodes: 5
Student reward: 9.7
Iteration 6/80
Training student with 6140 points
Train accuracy: 0.8739820846905537
Test accuracy: 0.8941368078175895
Number of nodes: 5
Student reward: 8.9
Iteration 7/80
Training student with 6953 points
Train accuracy: 0.8795397339086659
Test accuracy: 0.8806613946800863
Number of nodes: 5
Student reward: 10.0
Iteration 8/80
Training student with 7875 points
Train accuracy: 0.8777777777777778
Test accuracy: 0.8857142857142857
Number of nodes: 5
Student reward: 8.9
Iteration 9/80
Training student with 8701 points
Train accuracy: 0.878448275862069
Test accuracy: 0.8839747271682941
Number of nodes: 5
Student reward: 8.0
Iteration 10/80
Training student with 9424 points
Train accuracy: 0.879161692532166
Test accuracy: 0.8806366047745358
Number of nodes: 5
Student reward: 9.2
Iteration 11/80
Training student with 10241 points
Train accuracy: 0.8800048828125
Test accuracy: 0.8814055636896047
Number of nodes: 5
Student reward: 10.0
Iteration 12/80
Training student with 11137 points
Train accuracy: 0.8792232573801774
Test accuracy: 0.8833034111310593
Number of nodes: 5
Student reward: 9.2
Iteration 13/80
Training student with 12011 points
Train accuracy: 0.8800999167360533
Test accuracy: 0.8772367873491469
Number of nodes: 5
Student reward: 9.5
Iteration 14/80
Training student with 12896 points
Train accuracy: 0.8809616130283056
Test accuracy: 0.8794573643410852
Number of nodes: 5
Student reward: 8.9
Iteration 15/80
Training student with 13673 points
Train accuracy: 0.8784055586030353
Test accuracy: 0.8822669104204753
Number of nodes: 5
Student reward: 9.4
Iteration 16/80
Training student with 14528 points
Train accuracy: 0.8794527620030975
Test accuracy: 0.8816242257398486
Number of nodes: 5
Student reward: 10.5
Iteration 17/80
Training student with 15458 points
Train accuracy: 0.8786187934659551
Test accuracy: 0.8871280724450195
Number of nodes: 5
Student reward: 9.6
Iteration 18/80
Training student with 16399 points
Train accuracy: 0.8814696242091623
Test accuracy: 0.876219512195122
Number of nodes: 5
Student reward: 8.3
Iteration 19/80
Training student with 17149 points
Train accuracy: 0.8781252277862818
Test accuracy: 0.8880466472303207
Number of nodes: 5
Student reward: 10.6
Iteration 20/80
Training student with 18146 points
Train accuracy: 0.8789611463213006
Test accuracy: 0.8834710743801653
Number of nodes: 5
Student reward: 10.9
Iteration 21/80
Training student with 19099 points
Train accuracy: 0.8789842267164082
Test accuracy: 0.8853403141361257
Number of nodes: 5
Student reward: 10.0
Iteration 22/80
Training student with 20034 points
Train accuracy: 0.8828227366319336
Test accuracy: 0.8689792862490642
Number of nodes: 5
Student reward: 10.1
Iteration 23/80
Training student with 20942 points
Train accuracy: 0.8792455082671761
Test accuracy: 0.8837431367868226
Number of nodes: 5
Student reward: 10.2
Iteration 24/80
Training student with 21863 points
Train accuracy: 0.8799313893653516
Test accuracy: 0.8840612851589298
Number of nodes: 5
Student reward: 9.1
Iteration 25/80
Training student with 22695 points
Train accuracy: 0.878166997135933
Test accuracy: 0.8931482705441727
Number of nodes: 5
Student reward: 9.9
Iteration 26/80
Training student with 23575 points
Train accuracy: 0.881813361611877
Test accuracy: 0.8769883351007424
Number of nodes: 5
Student reward: 11.0
Iteration 27/80
Training student with 24532 points
Train accuracy: 0.8812738853503185
Test accuracy: 0.8811901365396373
Number of nodes: 5
Student reward: 9.7
Iteration 28/80
Training student with 25417 points
Train accuracy: 0.8797521270840506
Test accuracy: 0.8841463414634146
Number of nodes: 5
Student reward: 9.2
Iteration 29/80
Training student with 26288 points
Train accuracy: 0.8809320019020447
Test accuracy: 0.8788512742487637
Number of nodes: 5
Student reward: 10.1
Iteration 30/80
Training student with 27172 points
Train accuracy: 0.8816303997791783
Test accuracy: 0.8785648574057038
Number of nodes: 5
Student reward: 9.8
Iteration 31/80
Training student with 28031 points
Train accuracy: 0.8792365322868355
Test accuracy: 0.8890672373818441
Number of nodes: 5
Student reward: 9.0
Iteration 32/80
Training student with 28874 points
Train accuracy: 0.8813801463266808
Test accuracy: 0.8798268398268398
Number of nodes: 5
Student reward: 9.6
Iteration 33/80
Training student with 29728 points
Train accuracy: 0.8823900428895803
Test accuracy: 0.8784056508577195
Number of nodes: 5
Student reward: 10.3
Iteration 34/80
Training student with 30690 points
Train accuracy: 0.8815982404692082
Test accuracy: 0.878950798305637
Number of nodes: 5
Student reward: 12.1
Iteration 35/80
Training student with 31774 points
Train accuracy: 0.8813485975058027
Test accuracy: 0.8815106215578284
Number of nodes: 5
Student reward: 9.3
Iteration 36/80
Training student with 32611 points
Train accuracy: 0.8820530512112849
Test accuracy: 0.8810363329756247
Number of nodes: 5
Student reward: 9.2
Iteration 37/80
Training student with 33427 points
Train accuracy: 0.8821285666205453
Test accuracy: 0.8794495961711039
Number of nodes: 5
Student reward: 8.3
Iteration 38/80
Training student with 34207 points
Train accuracy: 0.8810524392472135
Test accuracy: 0.8843905290850629
Number of nodes: 5
Student reward: 9.5
Iteration 39/80
Training student with 35095 points
Train accuracy: 0.8810728023935034
Test accuracy: 0.8847414161561477
Number of nodes: 5
Student reward: 9.4
Iteration 40/80
Training student with 35986 points
Train accuracy: 0.8814783937751841
Test accuracy: 0.8846901917199222
Number of nodes: 5
Student reward: 8.9
Iteration 41/80
Training student with 36858 points
Train accuracy: 0.8810282846096452
Test accuracy: 0.8861909929462832
Number of nodes: 5
Student reward: 9.0
Iteration 42/80
Training student with 37660 points
Train accuracy: 0.8833975039830059
Test accuracy: 0.8783855549654807
Number of nodes: 5
Student reward: 8.5
Iteration 43/80
Training student with 38444 points
Train accuracy: 0.8834661030726711
Test accuracy: 0.8778774873195474
Number of nodes: 5
Student reward: 9.0
Iteration 44/80
Training student with 39249 points
Train accuracy: 0.8841364374661613
Test accuracy: 0.8774522292993631
Number of nodes: 5
Student reward: 9.8
Iteration 45/80
Training student with 40114 points
Train accuracy: 0.8813374466361286
Test accuracy: 0.88607752710956
Number of nodes: 5
Student reward: 9.7
Iteration 46/80
Training student with 41018 points
Train accuracy: 0.8822758578655452
Test accuracy: 0.8798147245246222
Number of nodes: 5
Student reward: 8.7
Iteration 47/80
Training student with 41794 points
Train accuracy: 0.8811126065500224
Test accuracy: 0.8837181481038402
Number of nodes: 5
Student reward: 8.9
Iteration 48/80
Training student with 42587 points
Train accuracy: 0.8822096333910593
Test accuracy: 0.8796665884010331
Number of nodes: 5
Student reward: 9.7
Iteration 49/80
Training student with 43476 points
Train accuracy: 0.8818861414606095
Test accuracy: 0.8822447102115916
Number of nodes: 5
Student reward: 8.7
Iteration 50/80
Training student with 44232 points
Train accuracy: 0.8822382365409072
Test accuracy: 0.8821069289024528
Number of nodes: 5
Student reward: 10.3
Iteration 51/80
Training student with 45125 points
Train accuracy: 0.8818559556786704
Test accuracy: 0.8836565096952909
Number of nodes: 5
Student reward: 8.9
Iteration 52/80
Training student with 45950 points
Train accuracy: 0.8822361262241567
Test accuracy: 0.8823721436343852
Number of nodes: 5
Student reward: 9.0
Iteration 53/80
Training student with 46807 points
Train accuracy: 0.8825477366804647
Test accuracy: 0.8806878872035889
Number of nodes: 5
Student reward: 10.0
Iteration 54/80
Training student with 47684 points
Train accuracy: 0.8830052166618607
Test accuracy: 0.8780538953549334
Number of nodes: 5
Student reward: 10.1
Iteration 55/80
Training student with 48573 points
Train accuracy: 0.8817231972824129
Test accuracy: 0.8836850231600618
Number of nodes: 5
Student reward: 8.5
Iteration 56/80
Training student with 49330 points
Train accuracy: 0.88184167849179
Test accuracy: 0.8837421447395094
Number of nodes: 5
Student reward: 9.5
Iteration 57/80
Training student with 50195 points
Train accuracy: 0.8810638509811735
Test accuracy: 0.8861440382508218
Number of nodes: 5
Student reward: 7.8
Iteration 58/80
Training student with 50883 points
Train accuracy: 0.8808283791087309
Test accuracy: 0.8867053159084209
Number of nodes: 5
Student reward: 8.5
Iteration 59/80
Training student with 51667 points
Train accuracy: 0.8827813127525223
Test accuracy: 0.878652990129669
Number of nodes: 5
Student reward: 10.4
Iteration 60/80
Training student with 52660 points
Train accuracy: 0.8813615647550322
Test accuracy: 0.883877706038739
Number of nodes: 5
Student reward: 10.2
Iteration 61/80
Training student with 53647 points
Train accuracy: 0.8812358738961251
Test accuracy: 0.8837837837837837
Number of nodes: 5
Student reward: 10.4
Iteration 62/80
Training student with 54575 points
Train accuracy: 0.8815162620247367
Test accuracy: 0.8807146129180028
Number of nodes: 5
Student reward: 8.4
Iteration 63/80
Training student with 55307 points
Train accuracy: 0.88199796587185
Test accuracy: 0.8807629723377328
Number of nodes: 5
Student reward: 9.3
Iteration 64/80
Training student with 56136 points
Train accuracy: 0.8827157744722544
Test accuracy: 0.8770039187744924
Number of nodes: 5
Student reward: 9.1
Iteration 65/80
Training student with 56947 points
Train accuracy: 0.8820598371271154
Test accuracy: 0.880684811237928
Number of nodes: 5
Student reward: 8.6
Iteration 66/80
Training student with 57730 points
Train accuracy: 0.882686644725446
Test accuracy: 0.8781396154512385
Number of nodes: 5
Student reward: 8.5
Iteration 67/80
Training student with 58545 points
Train accuracy: 0.8821419420958238
Test accuracy: 0.8807754718592535
Number of nodes: 5
Student reward: 9.5
Iteration 68/80
Training student with 59427 points
Train accuracy: 0.882164868219011
Test accuracy: 0.8801110550227158
Number of nodes: 5
Student reward: 9.1
Iteration 69/80
Training student with 60244 points
Train accuracy: 0.8822491959746862
Test accuracy: 0.8805710017428833
Number of nodes: 5
Student reward: 8.9
Iteration 70/80
Training student with 61038 points
Train accuracy: 0.8829612942862994
Test accuracy: 0.878194626474443
Number of nodes: 5
Student reward: 9.2
Iteration 71/80
Training student with 61885 points
Train accuracy: 0.8823018502060274
Test accuracy: 0.8821200614042175
Number of nodes: 5
Student reward: 9.3
Iteration 72/80
Training student with 62722 points
Train accuracy: 0.8828546943818881
Test accuracy: 0.8791550418493423
Number of nodes: 5
Student reward: 9.9
Iteration 73/80
Training student with 63634 points
Train accuracy: 0.8808415345630267
Test accuracy: 0.8881904612241691
Number of nodes: 5
Student reward: 8.8
Iteration 74/80
Training student with 64432 points
Train accuracy: 0.8816568047337278
Test accuracy: 0.8843020097772949
Number of nodes: 5
Student reward: 9.8
Iteration 75/80
Training student with 65313 points
Train accuracy: 0.8830813397129187
Test accuracy: 0.8792007961417745
Number of nodes: 5
Student reward: 10.4
Iteration 76/80
Training student with 66250 points
Train accuracy: 0.8817169811320754
Test accuracy: 0.8855849056603774
Number of nodes: 5
Student reward: 11.0
Iteration 77/80
Training student with 67206 points
Train accuracy: 0.8818912283312254
Test accuracy: 0.886028864752269
Number of nodes: 5
Student reward: 9.0
Iteration 78/80
Training student with 68058 points
Train accuracy: 0.8829115086507733
Test accuracy: 0.8822362621216574
Number of nodes: 5
Student reward: 10.3
Iteration 79/80
Training student with 69007 points
Train accuracy: 0.8824744135494973
Test accuracy: 0.8828430662222866
Number of nodes: 5
Student reward: 10.2
Initial policy count: 80
Current policy count: 40
Reward update: 12.1 -> 10.04
Reward update: 11.0 -> 9.84
Reward update: 11.0 -> 8.92
Reward update: 10.9 -> 9.48
Reward update: 10.7 -> 9.38
Reward update: 10.6 -> 9.18
Reward update: 10.5 -> 8.96
Reward update: 10.4 -> 9.88
Reward update: 10.4 -> 9.1
Reward update: 10.4 -> 9.96
Reward update: 10.3 -> 8.4
Reward update: 10.3 -> 9.62
Reward update: 10.3 -> 9.2
Reward update: 10.2 -> 9.04
Reward update: 10.2 -> 10.02
Reward update: 10.2 -> 9.5
Reward update: 10.1 -> 10.38
Reward update: 10.1 -> 9.94
Reward update: 10.1 -> 9.92
Reward update: 10.0 -> 9.82
Reward update: 10.0 -> 9.86
Reward update: 10.0 -> 9.68
Reward update: 10.0 -> 9.38
Reward update: 9.9 -> 9.12
Reward update: 9.9 -> 8.42
Reward update: 9.8 -> 9.28
Reward update: 9.8 -> 8.86
Reward update: 9.8 -> 9.1
Reward update: 9.7 -> 9.34
Reward update: 9.7 -> 10.38
Reward update: 9.7 -> 9.36
Reward update: 9.7 -> 9.52
Reward update: 9.6 -> 9.52
Reward update: 9.6 -> 9.86
Reward update: 9.5 -> 9.82
Reward update: 9.5 -> 9.22
Reward update: 9.5 -> 8.98
Reward update: 9.5 -> 9.98
Reward update: 9.4 -> 9.58
Reward update: 9.4 -> 8.5
Current policy count: 20
Reward update: 10.38 -> 9.42
Reward update: 10.38 -> 9.1
Reward update: 10.04 -> 9.58
Reward update: 10.02 -> 9.9
Reward update: 9.98 -> 8.9
Reward update: 9.96 -> 9.6
Reward update: 9.94 -> 9.82
Reward update: 9.92 -> 9.3
Reward update: 9.88 -> 9.88
Reward update: 9.86 -> 9.16
Reward update: 9.86 -> 9.7
Reward update: 9.84 -> 9.1
Reward update: 9.82 -> 9.72
Reward update: 9.82 -> 8.78
Reward update: 9.68 -> 9.54
Reward update: 9.62 -> 9.56
Reward update: 9.58 -> 9.82
Reward update: 9.52 -> 9.48
Reward update: 9.52 -> 9.34
Reward update: 9.5 -> 9.58
Current policy count: 10
Reward update: 9.9 -> 9.72
Reward update: 9.88 -> 9.88
Reward update: 9.82 -> 9.44
Reward update: 9.82 -> 9.82
Reward update: 9.72 -> 10.0
Reward update: 9.7 -> 9.72
Reward update: 9.6 -> 9.14
Reward update: 9.58 -> 9.56
Reward update: 9.58 -> 9.6
Reward update: 9.56 -> 9.68
Current policy count: 5
Reward update: 10.0 -> 9.36
Reward update: 9.88 -> 9.72
Reward update: 9.82 -> 8.96
Reward update: 9.72 -> 9.44
Reward update: 9.72 -> 9.96
Current policy count: 3
Reward update: 9.96 -> 8.54
Reward update: 9.72 -> 9.5
Reward update: 9.44 -> 9.08
Current policy count: 2
Reward update: 9.5 -> 9.56
Reward update: 9.08 -> 9.64
Current policy count: 1
Reward update: 9.64 -> 9.66
Final reward: 9.54
Number of nodes: 5
