Iteration 0/80
Training student with 1057 points
Train accuracy: 0.8710059171597633
Test accuracy: 0.8679245283018868
Number of nodes: 5
Student reward: 9.0
Iteration 1/80
Training student with 1863 points
Train accuracy: 0.8697986577181208
Test accuracy: 0.868632707774799
Number of nodes: 5
Student reward: 9.1
Iteration 2/80
Training student with 2697 points
Train accuracy: 0.8762169680111266
Test accuracy: 0.9037037037037037
Number of nodes: 5
Student reward: 10.0
Iteration 3/80
Training student with 3638 points
Train accuracy: 0.872852233676976
Test accuracy: 0.875
Number of nodes: 5
Student reward: 9.9
Iteration 4/80
Training student with 4503 points
Train accuracy: 0.8789561354802887
Test accuracy: 0.876803551609323
Number of nodes: 5
Student reward: 9.0
Iteration 5/80
Training student with 5319 points
Train accuracy: 0.8831962397179789
Test accuracy: 0.8956766917293233
Number of nodes: 5
Student reward: 9.8
Iteration 6/80
Training student with 6227 points
Train accuracy: 0.8853643846617145
Test accuracy: 0.8739967897271268
Number of nodes: 5
Student reward: 9.6
Iteration 7/80
Training student with 7112 points
Train accuracy: 0.8737915275092283
Test accuracy: 0.8749121574139143
Number of nodes: 5
Student reward: 10.2
Iteration 8/80
Training student with 8062 points
Train accuracy: 0.879206078461777
Test accuracy: 0.8828270303781773
Number of nodes: 5
Student reward: 9.4
Iteration 9/80
Training student with 8901 points
Train accuracy: 0.8775280898876404
Test accuracy: 0.884334643458731
Number of nodes: 5
Student reward: 8.4
Iteration 10/80
Training student with 9659 points
Train accuracy: 0.8799016435874207
Test accuracy: 0.8850931677018633
Number of nodes: 5
Student reward: 9.0
Iteration 11/80
Training student with 10464 points
Train accuracy: 0.8798231991398877
Test accuracy: 0.8714763497372193
Number of nodes: 5
Student reward: 9.3
Iteration 12/80
Training student with 11292 points
Train accuracy: 0.8801062769843906
Test accuracy: 0.8880035413899956
Number of nodes: 5
Student reward: 7.8
Iteration 13/80
Training student with 12039 points
Train accuracy: 0.8787249506800955
Test accuracy: 0.8945182724252492
Number of nodes: 5
Student reward: 9.2
Iteration 14/80
Training student with 12818 points
Train accuracy: 0.8796567193290423
Test accuracy: 0.8872854914196567
Number of nodes: 5
Student reward: 8.9
Iteration 15/80
Training student with 13648 points
Train accuracy: 0.8813885326982964
Test accuracy: 0.8838827838827839
Number of nodes: 5
Student reward: 9.9
Iteration 16/80
Training student with 14549 points
Train accuracy: 0.8752470143483118
Test accuracy: 0.8721649484536083
Number of nodes: 5
Student reward: 10.2
Iteration 17/80
Training student with 15451 points
Train accuracy: 0.8846278317152103
Test accuracy: 0.8877385959236493
Number of nodes: 5
Student reward: 9.6
Iteration 18/80
Training student with 16344 points
Train accuracy: 0.8858891013384321
Test accuracy: 0.8687672070969715
Number of nodes: 5
Student reward: 9.5
Iteration 19/80
Training student with 17206 points
Train accuracy: 0.8817204301075269
Test accuracy: 0.8811737361998838
Number of nodes: 5
Student reward: 11.0
Iteration 20/80
Training student with 18260 points
Train accuracy: 0.8825301204819277
Test accuracy: 0.8855421686746988
Number of nodes: 5
Student reward: 9.3
Iteration 21/80
Training student with 19103 points
Train accuracy: 0.8812982593901322
Test accuracy: 0.8913896885632033
Number of nodes: 5
Student reward: 9.2
Iteration 22/80
Training student with 19932 points
Train accuracy: 0.8832862966447163
Test accuracy: 0.8826185101580135
Number of nodes: 5
Student reward: 9.6
Iteration 23/80
Training student with 20816 points
Train accuracy: 0.8791136199855873
Test accuracy: 0.8864073006724303
Number of nodes: 5
Student reward: 10.4
Iteration 24/80
Training student with 21775 points
Train accuracy: 0.8787026406429391
Test accuracy: 0.878300803673938
Number of nodes: 5
Student reward: 7.6
Iteration 25/80
Training student with 22464 points
Train accuracy: 0.8810861944243503
Test accuracy: 0.8869352325840196
Number of nodes: 5
Student reward: 9.0
Iteration 26/80
Training student with 23322 points
Train accuracy: 0.8795090314627217
Test accuracy: 0.8812433011789925
Number of nodes: 5
Student reward: 9.5
Iteration 27/80
Training student with 24194 points
Train accuracy: 0.8845776285197623
Test accuracy: 0.8809671419714817
Number of nodes: 5
Student reward: 9.5
Iteration 28/80
Training student with 25067 points
Train accuracy: 0.884356455393208
Test accuracy: 0.8815317112086158
Number of nodes: 5
Student reward: 10.0
Iteration 29/80
Training student with 26023 points
Train accuracy: 0.8840906907483909
Test accuracy: 0.89164265129683
Number of nodes: 5
Student reward: 9.2
Iteration 30/80
Training student with 26866 points
Train accuracy: 0.8830262423227248
Test accuracy: 0.8799776702642352
Number of nodes: 5
Student reward: 9.7
Iteration 31/80
Training student with 27716 points
Train accuracy: 0.8838174273858921
Test accuracy: 0.8796897546897547
Number of nodes: 5
Student reward: 8.9
Iteration 32/80
Training student with 28509 points
Train accuracy: 0.8788091375454904
Test accuracy: 0.884075762890214
Number of nodes: 5
Student reward: 9.9
Iteration 33/80
Training student with 29458 points
Train accuracy: 0.8831367223966732
Test accuracy: 0.880346232179226
Number of nodes: 5
Student reward: 8.1
Iteration 34/80
Training student with 30189 points
Train accuracy: 0.8802119995031261
Test accuracy: 0.8837363365352766
Number of nodes: 5
Student reward: 8.0
Iteration 35/80
Training student with 30905 points
Train accuracy: 0.8785390713476784
Test accuracy: 0.8818961333117619
Number of nodes: 5
Student reward: 8.6
Iteration 36/80
Training student with 31702 points
Train accuracy: 0.8843499861992824
Test accuracy: 0.8834568680018925
Number of nodes: 5
Student reward: 10.5
Iteration 37/80
Training student with 32682 points
Train accuracy: 0.8807802639127941
Test accuracy: 0.8826678904696343
Number of nodes: 5
Student reward: 10.5
Iteration 38/80
Training student with 33651 points
Train accuracy: 0.8818350668647845
Test accuracy: 0.8842668251374238
Number of nodes: 5
Student reward: 9.7
Iteration 39/80
Training student with 34532 points
Train accuracy: 0.882606334841629
Test accuracy: 0.8753438540610975
Number of nodes: 5
Student reward: 9.1
Iteration 40/80
Training student with 35339 points
Train accuracy: 0.8803367408298256
Test accuracy: 0.8767685342388228
Number of nodes: 5
Student reward: 8.7
Iteration 41/80
Training student with 36134 points
Train accuracy: 0.8805479641609298
Test accuracy: 0.886536598865366
Number of nodes: 5
Student reward: 8.4
Iteration 42/80
Training student with 36877 points
Train accuracy: 0.8802752449069523
Test accuracy: 0.8804229934924078
Number of nodes: 5
Student reward: 10.5
Iteration 43/80
Training student with 37788 points
Train accuracy: 0.8805160436652332
Test accuracy: 0.8731145805768722
Number of nodes: 5
Student reward: 8.4
Iteration 44/80
Training student with 38555 points
Train accuracy: 0.8799118142912722
Test accuracy: 0.8779665413046297
Number of nodes: 5
Student reward: 9.9
Iteration 45/80
Training student with 39460 points
Train accuracy: 0.879751647237709
Test accuracy: 0.8867207298530158
Number of nodes: 5
Student reward: 9.5
Iteration 46/80
Training student with 40290 points
Train accuracy: 0.8768304790270539
Test accuracy: 0.8768925291635642
Number of nodes: 5
Student reward: 9.7
Iteration 47/80
Training student with 41209 points
Train accuracy: 0.8820638820638821
Test accuracy: 0.8792768745450134
Number of nodes: 5
Student reward: 9.1
Iteration 48/80
Training student with 42031 points
Train accuracy: 0.882673090649536
Test accuracy: 0.8785535862971333
Number of nodes: 5
Student reward: 8.9
Iteration 49/80
Training student with 42865 points
Train accuracy: 0.8783972938294646
Test accuracy: 0.8802052956957891
Number of nodes: 5
Student reward: 9.4
Iteration 50/80
Training student with 43766 points
Train accuracy: 0.8772706500628356
Test accuracy: 0.8849668722869546
Number of nodes: 5
Student reward: 10.3
Iteration 51/80
Training student with 44703 points
Train accuracy: 0.8788378726022035
Test accuracy: 0.8766357230734817
Number of nodes: 5
Student reward: 10.1
Iteration 52/80
Training student with 45616 points
Train accuracy: 0.8797270634659652
Test accuracy: 0.8850284962735643
Number of nodes: 5
Student reward: 9.4
Iteration 53/80
Training student with 46498 points
Train accuracy: 0.878998870907038
Test accuracy: 0.8750537634408602
Number of nodes: 5
Student reward: 8.9
Iteration 54/80
Training student with 47325 points
Train accuracy: 0.8787374537770735
Test accuracy: 0.8802958267300581
Number of nodes: 5
Student reward: 9.8
Iteration 55/80
Training student with 48211 points
Train accuracy: 0.8809375648205766
Test accuracy: 0.883127657368039
Number of nodes: 5
Student reward: 10.9
Iteration 56/80
Training student with 49231 points
Train accuracy: 0.8795449928905139
Test accuracy: 0.878135472732812
Number of nodes: 5
Student reward: 9.2
Iteration 57/80
Training student with 50109 points
Train accuracy: 0.881158480305336
Test accuracy: 0.8791658351626422
Number of nodes: 5
Student reward: 8.8
Iteration 58/80
Training student with 50901 points
Train accuracy: 0.8802799607072691
Test accuracy: 0.8894018269325213
Number of nodes: 5
Student reward: 9.7
Iteration 59/80
Training student with 51798 points
Train accuracy: 0.8791447463680679
Test accuracy: 0.8807915057915058
Number of nodes: 5
Student reward: 8.9
Iteration 60/80
Training student with 52643 points
Train accuracy: 0.878282756328062
Test accuracy: 0.879285782125558
Number of nodes: 5
Student reward: 10.2
Iteration 61/80
Training student with 53634 points
Train accuracy: 0.8805556202950567
Test accuracy: 0.8819800503402628
Number of nodes: 5
Student reward: 9.8
Iteration 62/80
Training student with 54532 points
Train accuracy: 0.8820859598853868
Test accuracy: 0.8754011185477216
Number of nodes: 5
Student reward: 9.6
Iteration 63/80
Training student with 55418 points
Train accuracy: 0.88282131095773
Test accuracy: 0.8850595452905088
Number of nodes: 5
Student reward: 8.8
Iteration 64/80
Training student with 56217 points
Train accuracy: 0.8800391345918662
Test accuracy: 0.8764674493062967
Number of nodes: 5
Student reward: 10.1
Iteration 65/80
Training student with 57168 points
Train accuracy: 0.8815542047492019
Test accuracy: 0.8804442889627427
Number of nodes: 5
Student reward: 10.4
Iteration 66/80
Training student with 58133 points
Train accuracy: 0.8830043435255666
Test accuracy: 0.8833749032424529
Number of nodes: 5
Student reward: 9.4
Iteration 67/80
Training student with 58946 points
Train accuracy: 0.8795487318686912
Test accuracy: 0.8818490245971162
Number of nodes: 5
Student reward: 9.8
Iteration 68/80
Training student with 59816 points
Train accuracy: 0.8777271587394466
Test accuracy: 0.8789702440655299
Number of nodes: 5
Student reward: 9.0
Iteration 69/80
Training student with 60683 points
Train accuracy: 0.8806698801137066
Test accuracy: 0.8782236137430997
Number of nodes: 5
Student reward: 8.4
Iteration 70/80
Training student with 61445 points
Train accuracy: 0.8780616811782895
Test accuracy: 0.8785906094881601
Number of nodes: 5
Student reward: 8.3
Iteration 71/80
Training student with 62237 points
Train accuracy: 0.8768201811645142
Test accuracy: 0.8794183804627249
Number of nodes: 5
Student reward: 10.9
Iteration 72/80
Training student with 63232 points
Train accuracy: 0.8802807156271621
Test accuracy: 0.8809203763738436
Number of nodes: 5
Student reward: 10.2
Iteration 73/80
Training student with 64167 points
Train accuracy: 0.8819278047260047
Test accuracy: 0.8803179055633473
Number of nodes: 5
Student reward: 9.6
Iteration 74/80
Training student with 65055 points
Train accuracy: 0.8822534778264546
Test accuracy: 0.8746445315502267
Number of nodes: 5
Student reward: 9.3
Iteration 75/80
Training student with 65881 points
Train accuracy: 0.8829500607164542
Test accuracy: 0.8794869848979282
Number of nodes: 5
Student reward: 8.8
Iteration 76/80
Training student with 66653 points
Train accuracy: 0.8812310115899629
Test accuracy: 0.8790788387967894
Number of nodes: 5
Student reward: 10.2
Iteration 77/80
Training student with 67557 points
Train accuracy: 0.8795263206587103
Test accuracy: 0.8818827708703375
Number of nodes: 5
Student reward: 8.9
Iteration 78/80
Training student with 68334 points
Train accuracy: 0.8799275614173084
Test accuracy: 0.8776615204507208
Number of nodes: 5
Student reward: 10.5
Iteration 79/80
Training student with 69321 points
Train accuracy: 0.8797424985574149
Test accuracy: 0.880923187883159
Number of nodes: 5
Student reward: 9.5
Initial policy count: 80
Current policy count: 40
Reward update: 11.0 -> 9.46
Reward update: 10.9 -> 8.86
Reward update: 10.9 -> 10.08
Reward update: 10.5 -> 9.08
Reward update: 10.5 -> 10.14
Reward update: 10.5 -> 9.8
Reward update: 10.5 -> 9.64
Reward update: 10.4 -> 9.34
Reward update: 10.4 -> 9.26
Reward update: 10.3 -> 9.5
Reward update: 10.2 -> 9.74
Reward update: 10.2 -> 9.96
Reward update: 10.2 -> 9.32
Reward update: 10.2 -> 9.56
Reward update: 10.2 -> 10.0
Reward update: 10.1 -> 10.14
Reward update: 10.1 -> 9.38
Reward update: 10.0 -> 9.18
Reward update: 10.0 -> 9.52
Reward update: 9.9 -> 10.16
Reward update: 9.9 -> 10.28
Reward update: 9.9 -> 9.8
Reward update: 9.9 -> 9.56
Reward update: 9.8 -> 9.94
Reward update: 9.8 -> 8.9
Reward update: 9.8 -> 9.94
Reward update: 9.8 -> 9.18
Reward update: 9.7 -> 10.34
Reward update: 9.7 -> 8.96
Reward update: 9.7 -> 9.66
Reward update: 9.7 -> 9.4
Reward update: 9.6 -> 9.16
Reward update: 9.6 -> 9.36
Reward update: 9.6 -> 8.36
Reward update: 9.6 -> 9.8
Reward update: 9.6 -> 10.16
Reward update: 9.5 -> 9.44
Reward update: 9.5 -> 9.64
Reward update: 9.5 -> 9.44
Reward update: 9.5 -> 9.54
Current policy count: 20
Reward update: 10.34 -> 9.32
Reward update: 10.28 -> 9.08
Reward update: 10.16 -> 9.6
Reward update: 10.16 -> 9.78
Reward update: 10.14 -> 9.7
Reward update: 10.14 -> 9.36
Reward update: 10.08 -> 9.24
Reward update: 10.0 -> 10.44
Reward update: 9.96 -> 9.3
Reward update: 9.94 -> 9.5
Reward update: 9.94 -> 10.0
Reward update: 9.8 -> 9.68
Reward update: 9.8 -> 9.0
Reward update: 9.8 -> 10.02
Reward update: 9.74 -> 9.2
Reward update: 9.66 -> 9.58
Reward update: 9.64 -> 9.46
Reward update: 9.64 -> 10.0
Reward update: 9.56 -> 9.58
Reward update: 9.56 -> 9.82
Current policy count: 10
Reward update: 10.44 -> 9.36
Reward update: 10.02 -> 9.24
Reward update: 10.0 -> 9.7
Reward update: 10.0 -> 9.26
Reward update: 9.82 -> 9.8
Reward update: 9.78 -> 9.36
Reward update: 9.7 -> 9.42
Reward update: 9.68 -> 9.04
Reward update: 9.6 -> 9.38
Reward update: 9.58 -> 9.76
Current policy count: 5
Reward update: 9.8 -> 9.58
Reward update: 9.76 -> 9.74
Reward update: 9.7 -> 9.74
Reward update: 9.42 -> 9.48
Reward update: 9.38 -> 9.84
Current policy count: 3
Reward update: 9.84 -> 9.96
Reward update: 9.74 -> 9.86
Reward update: 9.74 -> 9.88
Current policy count: 2
Reward update: 9.96 -> 9.3
Reward update: 9.88 -> 9.38
Current policy count: 1
Reward update: 9.38 -> 9.18
Final reward: 9.22
Number of nodes: 5
