Iteration 0/80
Training student with 243 points
Train accuracy: 0.6597938144329897
Test accuracy: 0.6326530612244898
Number of nodes: 19
Student reward: -1.0
Iteration 1/80
Training student with 289 points
Train accuracy: 0.6666666666666666
Test accuracy: 0.6896551724137931
Number of nodes: 19
Student reward: 0.0
Iteration 2/80
Training student with 1289 points
Train accuracy: 0.4180407371483996
Test accuracy: 0.3992248062015504
Number of nodes: 23
Student reward: 0.0
Iteration 3/80
Training student with 2289 points
Train accuracy: 0.4096122337520481
Test accuracy: 0.3951965065502183
Number of nodes: 25
Student reward: 0.0
Iteration 4/80
Training student with 3289 points
Train accuracy: 0.38350437096161155
Test accuracy: 0.3844984802431611
Number of nodes: 25
Student reward: 0.0
Iteration 5/80
Training student with 4289 points
Train accuracy: 0.38268726318857477
Test accuracy: 0.3741258741258741
Number of nodes: 23
Student reward: 0.0
Iteration 6/80
Training student with 5289 points
Train accuracy: 0.3854880642874025
Test accuracy: 0.3676748582230624
Number of nodes: 25
Student reward: 0.0
Iteration 7/80
Training student with 6289 points
Train accuracy: 0.3844166169747565
Test accuracy: 0.37042925278219396
Number of nodes: 25
Student reward: 0.0
Iteration 8/80
Training student with 7289 points
Train accuracy: 0.38706911335962957
Test accuracy: 0.3840877914951989
Number of nodes: 25
Student reward: 0.0
Iteration 9/80
Training student with 8289 points
Train accuracy: 0.38169205248077215
Test accuracy: 0.3974668275030157
Number of nodes: 25
Student reward: 0.0
Iteration 10/80
Training student with 9289 points
Train accuracy: 0.386489032431705
Test accuracy: 0.38751345532831
Number of nodes: 23
Student reward: 0.0
Iteration 11/80
Training student with 10289 points
Train accuracy: 0.3837929777669785
Test accuracy: 0.3814382896015549
Number of nodes: 21
Student reward: 0.0
Iteration 12/80
Training student with 11289 points
Train accuracy: 0.38700033218912633
Test accuracy: 0.36891054030115145
Number of nodes: 25
Student reward: 0.0
Iteration 13/80
Training student with 12289 points
Train accuracy: 0.3881599023497101
Test accuracy: 0.387306753458096
Number of nodes: 25
Student reward: 0.0
Iteration 14/80
Training student with 13289 points
Train accuracy: 0.38698146928793153
Test accuracy: 0.3893905191873589
Number of nodes: 23
Student reward: 0.0
Iteration 15/80
Training student with 14289 points
Train accuracy: 0.39104190359548596
Test accuracy: 0.38383484954513647
Number of nodes: 25
Student reward: 0.0
Iteration 16/80
Training student with 15289 points
Train accuracy: 0.38843921183877034
Test accuracy: 0.3760627861347286
Number of nodes: 21
Student reward: 0.0
Iteration 17/80
Training student with 16289 points
Train accuracy: 0.3833934463970532
Test accuracy: 0.39226519337016574
Number of nodes: 25
Student reward: 0.0
Iteration 18/80
Training student with 17289 points
Train accuracy: 0.3851493022919529
Test accuracy: 0.3883747831116252
Number of nodes: 23
Student reward: 0.0
Iteration 19/80
Training student with 18289 points
Train accuracy: 0.38384252614312075
Test accuracy: 0.39393110989611807
Number of nodes: 25
Student reward: 0.0
Iteration 20/80
Training student with 19289 points
Train accuracy: 0.38714276456483704
Test accuracy: 0.3906168999481597
Number of nodes: 23
Student reward: -0.9
Iteration 21/80
Training student with 19428 points
Train accuracy: 0.3897181829880324
Test accuracy: 0.3849716932578487
Number of nodes: 25
Student reward: 0.0
Iteration 22/80
Training student with 20428 points
Train accuracy: 0.39236323583404725
Test accuracy: 0.3742046010768478
Number of nodes: 25
Student reward: 0.0
Iteration 23/80
Training student with 21428 points
Train accuracy: 0.38636098471590247
Test accuracy: 0.3929071395240317
Number of nodes: 25
Student reward: 0.0
Iteration 24/80
Training student with 22428 points
Train accuracy: 0.3860216252368744
Test accuracy: 0.3952296032099866
Number of nodes: 25
Student reward: 0.0
Iteration 25/80
Training student with 23428 points
Train accuracy: 0.3896595880909188
Test accuracy: 0.3900981647460521
Number of nodes: 25
Student reward: 0.0
Iteration 26/80
Training student with 24428 points
Train accuracy: 0.39156688158837377
Test accuracy: 0.38456815390912813
Number of nodes: 25
Student reward: -1.0
Iteration 27/80
Training student with 24470 points
Train accuracy: 0.39323661626481404
Test accuracy: 0.3808745402533715
Number of nodes: 25
Student reward: -1.0
Iteration 28/80
Training student with 24508 points
Train accuracy: 0.39263490768132203
Test accuracy: 0.3847409220726234
Number of nodes: 25
Student reward: -1.0
Iteration 29/80
Training student with 24550 points
Train accuracy: 0.3945010183299389
Test accuracy: 0.3796334012219959
Number of nodes: 25
Student reward: -1.0
Iteration 30/80
Training student with 24592 points
Train accuracy: 0.39338179230417325
Test accuracy: 0.3850376092701769
Number of nodes: 25
Student reward: 0.0
Iteration 31/80
Training student with 25592 points
Train accuracy: 0.39095393933473355
Test accuracy: 0.39499902324672787
Number of nodes: 21
Student reward: 0.0
Iteration 32/80
Training student with 26592 points
Train accuracy: 0.39181121609552017
Test accuracy: 0.3855987967663095
Number of nodes: 25
Student reward: 0.0
Iteration 33/80
Training student with 27592 points
Train accuracy: 0.3890273184433471
Test accuracy: 0.3766986772966117
Number of nodes: 23
Student reward: -0.9
Iteration 34/80
Training student with 27731 points
Train accuracy: 0.38928957807428777
Test accuracy: 0.3803857941229493
Number of nodes: 25
Student reward: -1.0
Iteration 35/80
Training student with 27765 points
Train accuracy: 0.3919052764271565
Test accuracy: 0.3866378534125698
Number of nodes: 23
Student reward: 0.0
Iteration 36/80
Training student with 28765 points
Train accuracy: 0.3887971493134017
Test accuracy: 0.38154006605249435
Number of nodes: 23
Student reward: 0.0
Iteration 37/80
Training student with 29765 points
Train accuracy: 0.38690576180077274
Test accuracy: 0.39627078783806485
Number of nodes: 25
Student reward: 0.0
Iteration 38/80
Training student with 30765 points
Train accuracy: 0.3881846253859906
Test accuracy: 0.3908662441085649
Number of nodes: 25
Student reward: 0.0
Iteration 39/80
Training student with 31765 points
Train accuracy: 0.3869431764520699
Test accuracy: 0.3991814890602865
Number of nodes: 23
Student reward: 0.0
Iteration 40/80
Training student with 32765 points
Train accuracy: 0.3905081641996032
Test accuracy: 0.38623531207080725
Number of nodes: 25
Student reward: 0.0
Iteration 41/80
Training student with 33765 points
Train accuracy: 0.38867910558270397
Test accuracy: 0.38664297349326227
Number of nodes: 25
Student reward: 0.0
Iteration 42/80
Training student with 34765 points
Train accuracy: 0.3862721127570833
Test accuracy: 0.3805551560477492
Number of nodes: 23
Student reward: 0.0
Iteration 43/80
Training student with 35765 points
Train accuracy: 0.3851181322522019
Test accuracy: 0.3798406263106389
Number of nodes: 25
Student reward: 0.0
Iteration 44/80
Training student with 36765 points
Train accuracy: 0.38562491500067997
Test accuracy: 0.37766897864817084
Number of nodes: 25
Student reward: 0.0
Iteration 45/80
Training student with 37765 points
Train accuracy: 0.3818350324374421
Test accuracy: 0.38938170263471467
Number of nodes: 25
Student reward: 0.0
Iteration 46/80
Training student with 38765 points
Train accuracy: 0.38159422159164197
Test accuracy: 0.3825615890622985
Number of nodes: 25
Student reward: 0.0
Iteration 47/80
Training student with 39765 points
Train accuracy: 0.38171130391047403
Test accuracy: 0.3874009807619766
Number of nodes: 25
Student reward: 0.0
Iteration 48/80
Training student with 40765 points
Train accuracy: 0.38084140807064887
Test accuracy: 0.3872194284312523
Number of nodes: 25
Student reward: 0.0
Iteration 49/80
Training student with 41765 points
Train accuracy: 0.38124027295582424
Test accuracy: 0.3840536334251167
Number of nodes: 25
Student reward: 0.0
Iteration 50/80
Training student with 42765 points
Train accuracy: 0.3831404185665848
Test accuracy: 0.38045130363615104
Number of nodes: 25
Student reward: 0.0
Iteration 51/80
Training student with 43765 points
Train accuracy: 0.3792985262195819
Test accuracy: 0.3933508511367531
Number of nodes: 23
Student reward: 0.0
Iteration 52/80
Training student with 44765 points
Train accuracy: 0.3822461744666592
Test accuracy: 0.3806545292080867
Number of nodes: 25
Student reward: 0.0
Iteration 53/80
Training student with 45765 points
Train accuracy: 0.3799300775701956
Test accuracy: 0.389052769583743
Number of nodes: 25
Student reward: 0.0
Iteration 54/80
Training student with 46765 points
Train accuracy: 0.3829787234042553
Test accuracy: 0.3775259275098899
Number of nodes: 25
Student reward: 0.0
Iteration 55/80
Training student with 47765 points
Train accuracy: 0.3802208730241809
Test accuracy: 0.38909243169684915
Number of nodes: 23
Student reward: 0.0
Iteration 56/80
Training student with 48765 points
Train accuracy: 0.3820362965241464
Test accuracy: 0.3787552547933969
Number of nodes: 25
Student reward: 0.0
Iteration 57/80
Training student with 49765 points
Train accuracy: 0.37988546166984827
Test accuracy: 0.3851100170802773
Number of nodes: 23
Student reward: 0.0
Iteration 58/80
Training student with 50765 points
Train accuracy: 0.37907515020191074
Test accuracy: 0.38914606520240325
Number of nodes: 25
Student reward: 0.0
Iteration 59/80
Training student with 51765 points
Train accuracy: 0.380010624939631
Test accuracy: 0.38587848932676516
Number of nodes: 25
Student reward: 0.0
Iteration 60/80
Training student with 52765 points
Train accuracy: 0.3805789822799204
Test accuracy: 0.38500900217947504
Number of nodes: 25
Student reward: 0.0
Iteration 61/80
Training student with 53765 points
Train accuracy: 0.38096345205989024
Test accuracy: 0.38705477541151306
Number of nodes: 25
Student reward: 0.0
Iteration 62/80
Training student with 54765 points
Train accuracy: 0.3804208892540856
Test accuracy: 0.38217839861225233
Number of nodes: 25
Student reward: 0.0
Iteration 63/80
Training student with 55765 points
Train accuracy: 0.381175468483816
Test accuracy: 0.37962879942616334
Number of nodes: 25
Student reward: 0.0
Iteration 64/80
Training student with 56765 points
Train accuracy: 0.3800977715141372
Test accuracy: 0.3866819342904959
Number of nodes: 23
Student reward: 0.0
Iteration 65/80
Training student with 57765 points
Train accuracy: 0.38150264000692463
Test accuracy: 0.38059378516402664
Number of nodes: 25
Student reward: 0.0
Iteration 66/80
Training student with 58765 points
Train accuracy: 0.38200884880456054
Test accuracy: 0.3772653790521569
Number of nodes: 25
Student reward: 0.0
Iteration 67/80
Training student with 59765 points
Train accuracy: 0.38214255835355143
Test accuracy: 0.37814774533589895
Number of nodes: 23
Student reward: 0.0
Iteration 68/80
Training student with 60765 points
Train accuracy: 0.38190158808524644
Test accuracy: 0.38105817493622973
Number of nodes: 25
Student reward: 0.0
Iteration 69/80
Training student with 61765 points
Train accuracy: 0.3807779486764349
Test accuracy: 0.38274103456650205
Number of nodes: 25
Student reward: 0.0
Iteration 70/80
Training student with 62765 points
Train accuracy: 0.38040707400621365
Test accuracy: 0.38349398550147373
Number of nodes: 23
Student reward: 0.0
Iteration 71/80
Training student with 63765 points
Train accuracy: 0.3802046577275935
Test accuracy: 0.384536971692935
Number of nodes: 23
Student reward: 0.0
Iteration 72/80
Training student with 64765 points
Train accuracy: 0.3823438585655833
Test accuracy: 0.3794487763452482
Number of nodes: 25
Student reward: 0.0
Iteration 73/80
Training student with 65765 points
Train accuracy: 0.38213715502166806
Test accuracy: 0.37900098836767276
Number of nodes: 21
Student reward: 0.0
Iteration 74/80
Training student with 66765 points
Train accuracy: 0.379259342469857
Test accuracy: 0.38680446341646074
Number of nodes: 25
Student reward: 0.0
Iteration 75/80
Training student with 67765 points
Train accuracy: 0.37967608647531914
Test accuracy: 0.3774810005164908
Number of nodes: 25
Student reward: 0.0
Iteration 76/80
Training student with 68765 points
Train accuracy: 0.3776448774812768
Test accuracy: 0.38471606195012
Number of nodes: 25
Student reward: 0.0
Iteration 77/80
Training student with 69765 points
Train accuracy: 0.3781086504694331
Test accuracy: 0.38221171074320937
Number of nodes: 23
Student reward: 0.0
Iteration 78/80
Training student with 70765 points
Train accuracy: 0.3791245672295626
Test accuracy: 0.3800607645022257
Number of nodes: 25
Student reward: 0.0
Iteration 79/80
Training student with 71765 points
Train accuracy: 0.3812617571239462
Test accuracy: 0.3707935623214659
Number of nodes: 25
Student reward: 0.0
Initial policy count: 80
Current policy count: 40
Reward update: 0.0 -> -0.02
Reward update: 0.0 -> 0.0
Reward update: 0.0 -> 0.0
Reward update: 0.0 -> 0.0
Reward update: 0.0 -> 0.0
Reward update: 0.0 -> 0.0
Reward update: 0.0 -> 0.0
Reward update: 0.0 -> 0.0
Reward update: 0.0 -> 0.0
Reward update: 0.0 -> 0.0
Reward update: 0.0 -> 0.0
Reward update: 0.0 -> 0.0
Reward update: 0.0 -> 0.0
Reward update: 0.0 -> 0.0
Reward update: 0.0 -> 0.0
Reward update: 0.0 -> 0.0
Reward update: 0.0 -> 0.0
Reward update: 0.0 -> 0.0
Reward update: 0.0 -> 0.0
Reward update: 0.0 -> 0.0
Reward update: 0.0 -> 0.0
Reward update: 0.0 -> 0.0
Reward update: 0.0 -> 0.0
Reward update: 0.0 -> 0.0
Reward update: 0.0 -> 0.0
Reward update: 0.0 -> 0.0
Reward update: 0.0 -> 0.0
Reward update: 0.0 -> 0.0
Reward update: 0.0 -> 0.0
Reward update: 0.0 -> 0.0
Reward update: 0.0 -> 0.0
Reward update: 0.0 -> 0.0
Reward update: 0.0 -> 0.0
Reward update: 0.0 -> 0.0
Reward update: 0.0 -> 0.0
Reward update: 0.0 -> 0.0
Reward update: 0.0 -> 0.0
Reward update: 0.0 -> 0.0
Reward update: 0.0 -> 0.0
Reward update: 0.0 -> 0.0
Current policy count: 20
Reward update: 0.0 -> 0.0
Reward update: 0.0 -> 0.0
Reward update: 0.0 -> 0.0
Reward update: 0.0 -> 0.0
Reward update: 0.0 -> 0.0
Reward update: 0.0 -> 0.0
Reward update: 0.0 -> 0.0
Reward update: 0.0 -> 0.0
Reward update: 0.0 -> 0.0
Reward update: 0.0 -> 0.0
Reward update: 0.0 -> 0.0
Reward update: 0.0 -> 0.0
Reward update: 0.0 -> 0.0
Reward update: 0.0 -> 0.0
Reward update: 0.0 -> 0.0
Reward update: 0.0 -> 0.0
Reward update: 0.0 -> 0.0
Reward update: 0.0 -> 0.0
Reward update: 0.0 -> 0.0
Reward update: 0.0 -> 0.0
Current policy count: 10
Reward update: 0.0 -> 0.0
Reward update: 0.0 -> 0.0
Reward update: 0.0 -> 0.0
Reward update: 0.0 -> 0.0
Reward update: 0.0 -> 0.0
Reward update: 0.0 -> 0.0
Reward update: 0.0 -> 0.0
Reward update: 0.0 -> 0.0
Reward update: 0.0 -> 0.0
Reward update: 0.0 -> 0.0
Current policy count: 5
Reward update: 0.0 -> 0.0
Reward update: 0.0 -> 0.0
Reward update: 0.0 -> 0.0
Reward update: 0.0 -> 0.0
Reward update: 0.0 -> 0.0
Current policy count: 3
Reward update: 0.0 -> 0.0
Reward update: 0.0 -> 0.0
Reward update: 0.0 -> 0.0
Current policy count: 2
Reward update: 0.0 -> 0.0
Reward update: 0.0 -> 0.0
Current policy count: 1
Reward update: 0.0 -> 0.0
Final reward: 0.0
Number of nodes: 23
