Iteration 0/80
Training student with 89 points
Train accuracy: 1.0
Test accuracy: 1.0
Number of nodes: 1
Student reward: 90.62131042480469
Iteration 1/80
Training student with 192 points
Train accuracy: 0.9934640522875817
Test accuracy: 1.0
Number of nodes: 1
Student reward: 110.10680541992187
Iteration 2/80
Training student with 292 points
Train accuracy: 0.9871244635193133
Test accuracy: 0.9830508474576272
Number of nodes: 1
Student reward: 135.1354232788086
Iteration 3/80
Training student with 398 points
Train accuracy: 0.9748427672955975
Test accuracy: 0.9625
Number of nodes: 1
Student reward: 86.2738021850586
Iteration 4/80
Training student with 490 points
Train accuracy: 0.9948979591836735
Test accuracy: 0.9693877551020408
Number of nodes: 1
Student reward: 69.64617919921875
Iteration 5/80
Training student with 582 points
Train accuracy: 0.9763440860215054
Test accuracy: 0.9914529914529915
Number of nodes: 1
Student reward: 95.6267074584961
Iteration 6/80
Training student with 679 points
Train accuracy: 0.9871086556169429
Test accuracy: 0.9852941176470589
Number of nodes: 1
Student reward: 162.39550170898437
Iteration 7/80
Training student with 794 points
Train accuracy: 0.9874015748031496
Test accuracy: 0.9937106918238994
Number of nodes: 1
Student reward: 122.4885482788086
Iteration 8/80
Training student with 892 points
Train accuracy: 0.9929873772791024
Test accuracy: 0.9888268156424581
Number of nodes: 1
Student reward: 124.46915893554687
Iteration 9/80
Training student with 981 points
Train accuracy: 0.9923469387755102
Test accuracy: 0.9949238578680203
Number of nodes: 1
Student reward: 176.54458770751953
Iteration 10/80
Training student with 1090 points
Train accuracy: 0.9873853211009175
Test accuracy: 0.981651376146789
Number of nodes: 1
Student reward: 166.35550994873046
Iteration 11/80
Training student with 1205 points
Train accuracy: 0.9948132780082988
Test accuracy: 0.970954356846473
Number of nodes: 1
Student reward: 173.8033935546875
Iteration 12/80
Training student with 1317 points
Train accuracy: 0.9914529914529915
Test accuracy: 0.9772727272727273
Number of nodes: 1
Student reward: 118.405029296875
Iteration 13/80
Training student with 1423 points
Train accuracy: 0.9850615114235501
Test accuracy: 0.9859649122807017
Number of nodes: 1
Student reward: 108.3845199584961
Iteration 14/80
Training student with 1526 points
Train accuracy: 0.9877049180327869
Test accuracy: 0.9869281045751634
Number of nodes: 1
Student reward: 196.24979553222656
Iteration 15/80
Training student with 1639 points
Train accuracy: 0.9908466819221968
Test accuracy: 0.9908536585365854
Number of nodes: 1
Student reward: 82.58609924316406
Iteration 16/80
Training student with 1727 points
Train accuracy: 0.9876900796524257
Test accuracy: 0.9913294797687862
Number of nodes: 1
Student reward: 118.13970947265625
Iteration 17/80
Training student with 1823 points
Train accuracy: 0.9828532235939643
Test accuracy: 0.989041095890411
Number of nodes: 1
Student reward: 169.96228485107423
Iteration 18/80
Training student with 1936 points
Train accuracy: 0.9851421188630491
Test accuracy: 0.9896907216494846
Number of nodes: 1
Student reward: 175.1985656738281
Iteration 19/80
Training student with 2049 points
Train accuracy: 0.9884075655887736
Test accuracy: 0.9951219512195122
Number of nodes: 1
Student reward: 117.89512329101562
Iteration 20/80
Training student with 2148 points
Train accuracy: 0.9906868451688009
Test accuracy: 0.986046511627907
Number of nodes: 1
Student reward: 104.86881866455079
Iteration 21/80
Training student with 2254 points
Train accuracy: 0.9850249584026622
Test accuracy: 0.9933481152993349
Number of nodes: 1
Student reward: 119.7830596923828
Iteration 22/80
Training student with 2356 points
Train accuracy: 0.9883227176220807
Test accuracy: 0.9851694915254238
Number of nodes: 1
Student reward: 167.83218536376953
Iteration 23/80
Training student with 2470 points
Train accuracy: 0.9878542510121457
Test accuracy: 0.9777327935222672
Number of nodes: 1
Student reward: 133.342626953125
Iteration 24/80
Training student with 2569 points
Train accuracy: 0.983941605839416
Test accuracy: 0.9844357976653697
Number of nodes: 1
Student reward: 242.41876373291015
Iteration 25/80
Training student with 2702 points
Train accuracy: 0.988894030541416
Test accuracy: 0.9815157116451017
Number of nodes: 1
Student reward: 124.36414337158203
Iteration 26/80
Training student with 2807 points
Train accuracy: 0.9902004454342984
Test accuracy: 0.9911032028469751
Number of nodes: 1
Student reward: 83.62071533203125
Iteration 27/80
Training student with 2901 points
Train accuracy: 0.9887931034482759
Test accuracy: 0.9965576592082617
Number of nodes: 1
Student reward: 130.70774536132814
Iteration 28/80
Training student with 3003 points
Train accuracy: 0.9891756869275604
Test accuracy: 0.9866888519134775
Number of nodes: 1
Student reward: 177.69025573730468
Iteration 29/80
Training student with 3117 points
Train accuracy: 0.9851584436421982
Test accuracy: 0.9935897435897436
Number of nodes: 1
Student reward: 253.41780700683594
Iteration 30/80
Training student with 3261 points
Train accuracy: 0.9873466257668712
Test accuracy: 0.9877488514548239
Number of nodes: 1
Student reward: 150.47299346923828
Iteration 31/80
Training student with 3373 points
Train accuracy: 0.9903632320237212
Test accuracy: 0.9925925925925926
Number of nodes: 1
Student reward: 98.06245422363281
Iteration 32/80
Training student with 3466 points
Train accuracy: 0.9823232323232324
Test accuracy: 0.984149855907781
Number of nodes: 1
Student reward: 84.32834014892578
Iteration 33/80
Training student with 3563 points
Train accuracy: 0.983859649122807
Test accuracy: 0.9831697054698457
Number of nodes: 1
Student reward: 139.91134948730468
Iteration 34/80
Training student with 3676 points
Train accuracy: 0.9884353741496599
Test accuracy: 0.9945652173913043
Number of nodes: 1
Student reward: 131.38714141845702
Iteration 35/80
Training student with 3776 points
Train accuracy: 0.9894039735099338
Test accuracy: 0.9854497354497355
Number of nodes: 1
Student reward: 73.55233612060547
Iteration 36/80
Training student with 3865 points
Train accuracy: 0.9896507115135834
Test accuracy: 0.9948253557567918
Number of nodes: 1
Student reward: 171.6796676635742
Iteration 37/80
Training student with 3980 points
Train accuracy: 0.990891959798995
Test accuracy: 0.9949748743718593
Number of nodes: 1
Student reward: 141.59890594482422
Iteration 38/80
Training student with 4089 points
Train accuracy: 0.9874656068480587
Test accuracy: 0.9828850855745721
Number of nodes: 1
Student reward: 144.84484252929687
Iteration 39/80
Training student with 4194 points
Train accuracy: 0.9919523099850969
Test accuracy: 0.9868891537544696
Number of nodes: 1
Student reward: 158.13604736328125
Iteration 40/80
Training student with 4311 points
Train accuracy: 0.9860788863109049
Test accuracy: 0.9860950173812283
Number of nodes: 1
Student reward: 113.2110366821289
Iteration 41/80
Training student with 4411 points
Train accuracy: 0.9852607709750567
Test accuracy: 0.9920724801812004
Number of nodes: 1
Student reward: 162.6095993041992
Iteration 42/80
Training student with 4525 points
Train accuracy: 0.9881215469613259
Test accuracy: 0.9856353591160221
Number of nodes: 1
Student reward: 183.83784942626954
Iteration 43/80
Training student with 4651 points
Train accuracy: 0.9913978494623656
Test accuracy: 0.9892588614393125
Number of nodes: 1
Student reward: 144.12102966308595
Iteration 44/80
Training student with 4752 points
Train accuracy: 0.9831623257037622
Test accuracy: 0.982124079915878
Number of nodes: 1
Student reward: 146.9942367553711
Iteration 45/80
Training student with 4858 points
Train accuracy: 0.9861039629439012
Test accuracy: 0.9835390946502057
Number of nodes: 1
Student reward: 179.79470825195312
Iteration 46/80
Training student with 4978 points
Train accuracy: 0.9819186338523355
Test accuracy: 0.9929718875502008
Number of nodes: 1
Student reward: 215.65845947265626
Iteration 47/80
Training student with 5103 points
Train accuracy: 0.9884860362567369
Test accuracy: 0.990205680705191
Number of nodes: 1
Student reward: 129.3862503051758
Iteration 48/80
Training student with 5208 points
Train accuracy: 0.9867978876620259
Test accuracy: 0.9846449136276392
Number of nodes: 1
Student reward: 126.5156234741211
Iteration 49/80
Training student with 5309 points
Train accuracy: 0.9884624440781729
Test accuracy: 0.9905838041431262
Number of nodes: 1
Student reward: 90.62141265869141
Iteration 50/80
Training student with 5404 points
Train accuracy: 0.9863520703215359
Test accuracy: 0.9870490286771508
Number of nodes: 1
Student reward: 36.19168243408203
Iteration 51/80
Training student with 5488 points
Train accuracy: 0.9886104783599089
Test accuracy: 0.9845173041894353
Number of nodes: 1
Student reward: 158.82882385253907
Iteration 52/80
Training student with 5604 points
Train accuracy: 0.9859469105509703
Test accuracy: 0.9875111507582516
Number of nodes: 1
Student reward: 70.115869140625
Iteration 53/80
Training student with 5692 points
Train accuracy: 0.986382604875906
Test accuracy: 0.9894644424934153
Number of nodes: 1
Student reward: 128.52181243896484
Iteration 54/80
Training student with 5800 points
Train accuracy: 0.9870689655172413
Test accuracy: 0.9844827586206897
Number of nodes: 1
Student reward: 129.75938720703124
Iteration 55/80
Training student with 5904 points
Train accuracy: 0.9881431293669278
Test accuracy: 0.9889923793395428
Number of nodes: 1
Student reward: 113.59413299560546
Iteration 56/80
Training student with 6003 points
Train accuracy: 0.9889629321116201
Test accuracy: 0.984179850124896
Number of nodes: 1
Student reward: 150.88448638916014
Iteration 57/80
Training student with 6109 points
Train accuracy: 0.9848577859627583
Test accuracy: 0.9918166939443536
Number of nodes: 1
Student reward: 159.09728393554687
Iteration 58/80
Training student with 6229 points
Train accuracy: 0.9871563315271924
Test accuracy: 0.9887640449438202
Number of nodes: 1
Student reward: 130.6914505004883
Iteration 59/80
Training student with 6332 points
Train accuracy: 0.9846001974333662
Test accuracy: 0.984214680347277
Number of nodes: 1
Student reward: 130.19339904785156
Iteration 60/80
Training student with 6440 points
Train accuracy: 0.9869953416149069
Test accuracy: 0.9868012422360248
Number of nodes: 1
Student reward: 59.643821716308594
Iteration 61/80
Training student with 6529 points
Train accuracy: 0.9848745931457017
Test accuracy: 0.9862174578866769
Number of nodes: 1
Student reward: 259.6790069580078
Iteration 62/80
Training student with 6648 points
Train accuracy: 0.9851447912749154
Test accuracy: 0.9924812030075187
Number of nodes: 1
Student reward: 205.6647750854492
Iteration 63/80
Training student with 6774 points
Train accuracy: 0.9898505259272928
Test accuracy: 0.9845018450184502
Number of nodes: 1
Student reward: 180.2207244873047
Iteration 64/80
Training student with 6892 points
Train accuracy: 0.9845818973335752
Test accuracy: 0.9862218999274837
Number of nodes: 1
Student reward: 65.07880554199218
Iteration 65/80
Training student with 6977 points
Train accuracy: 0.9870990861852714
Test accuracy: 0.9899713467048711
Number of nodes: 1
Student reward: 179.88075561523436
Iteration 66/80
Training student with 7090 points
Train accuracy: 0.9867771509167842
Test accuracy: 0.9816643159379408
Number of nodes: 1
Student reward: 146.02290954589844
Iteration 67/80
Training student with 7199 points
Train accuracy: 0.9873241882271228
Test accuracy: 0.9805555555555555
Number of nodes: 1
Student reward: 135.4700668334961
Iteration 68/80
Training student with 7305 points
Train accuracy: 0.9866529774127311
Test accuracy: 0.9931553730321697
Number of nodes: 1
Student reward: 175.31954956054688
Iteration 69/80
Training student with 7417 points
Train accuracy: 0.9893814259228046
Test accuracy: 0.9858490566037735
Number of nodes: 1
Student reward: 67.1970947265625
Iteration 70/80
Training student with 7509 points
Train accuracy: 0.9875145663392708
Test accuracy: 0.9900133155792277
Number of nodes: 1
Student reward: 88.11457824707031
Iteration 71/80
Training student with 7600 points
Train accuracy: 0.9879934210526315
Test accuracy: 0.9875
Number of nodes: 1
Student reward: 75.89881134033203
Iteration 72/80
Training student with 7689 points
Train accuracy: 0.9887823118192164
Test accuracy: 0.9895968790637191
Number of nodes: 1
Student reward: 174.71124420166015
Iteration 73/80
Training student with 7801 points
Train accuracy: 0.9876602564102565
Test accuracy: 0.9871877001921845
Number of nodes: 1
Student reward: 158.29403076171874
Iteration 74/80
Training student with 7914 points
Train accuracy: 0.9875217185278787
Test accuracy: 0.9842072015161086
Number of nodes: 1
Student reward: 109.27879180908204
Iteration 75/80
Training student with 8006 points
Train accuracy: 0.9875078076202374
Test accuracy: 0.9881398252184769
Number of nodes: 1
Student reward: 116.17202301025391
Iteration 76/80
Training student with 8109 points
Train accuracy: 0.9902882688453831
Test accuracy: 0.9852034525277436
Number of nodes: 1
Student reward: 140.71229095458983
Iteration 77/80
Training student with 8219 points
Train accuracy: 0.9885931558935361
Test accuracy: 0.9872262773722628
Number of nodes: 1
Student reward: 124.54206848144531
Iteration 78/80
Training student with 8320 points
Train accuracy: 0.9878305288461539
Test accuracy: 0.9831730769230769
Number of nodes: 1
Student reward: 190.25544128417968
Iteration 79/80
Training student with 8441 points
Train accuracy: 0.9884478672985783
Test accuracy: 0.9899348727057431
Number of nodes: 1
Student reward: 163.11297760009765
Initial policy count: 80
Current policy count: 40
Reward update: 259.6790069580078 -> 176.67312866210938
Reward update: 253.41780700683594 -> 160.219755859375
Reward update: 242.41876373291015 -> 134.10179962158202
Reward update: 215.65845947265626 -> 132.06198120117188
Reward update: 205.6647750854492 -> 154.30411529541016
Reward update: 196.24979553222656 -> 121.2782485961914
Reward update: 190.25544128417968 -> 149.3062823486328
Reward update: 183.83784942626954 -> 151.1392172241211
Reward update: 180.2207244873047 -> 117.79804626464843
Reward update: 179.88075561523436 -> 166.5423764038086
Reward update: 179.79470825195312 -> 169.10864044189452
Reward update: 177.69025573730468 -> 124.49909729003906
Reward update: 176.54458770751953 -> 134.5125534057617
Reward update: 175.31954956054688 -> 142.6689614868164
Reward update: 175.1985656738281 -> 121.46973175048828
Reward update: 174.71124420166015 -> 131.42399261474608
Reward update: 173.8033935546875 -> 111.96624267578125
Reward update: 171.6796676635742 -> 129.6246307373047
Reward update: 169.96228485107423 -> 126.86938262939454
Reward update: 167.83218536376953 -> 134.70503204345704
Reward update: 166.35550994873046 -> 161.38373260498048
Reward update: 163.11297760009765 -> 144.803388671875
Reward update: 162.6095993041992 -> 146.45270629882813
Reward update: 162.39550170898437 -> 165.20526397705078
Reward update: 159.09728393554687 -> 101.04151580810547
Reward update: 158.82882385253907 -> 152.8597232055664
Reward update: 158.29403076171874 -> 143.29805969238282
Reward update: 158.13604736328125 -> 133.71563415527345
Reward update: 150.88448638916014 -> 125.91183532714844
Reward update: 150.47299346923828 -> 145.66920959472657
Reward update: 146.9942367553711 -> 153.61586700439454
Reward update: 146.02290954589844 -> 128.66520568847656
Reward update: 144.84484252929687 -> 155.27466094970703
Reward update: 144.12102966308595 -> 143.84118469238283
Reward update: 141.59890594482422 -> 127.49841766357422
Reward update: 140.71229095458983 -> 148.2164044189453
Reward update: 139.91134948730468 -> 118.65066467285156
Reward update: 135.4700668334961 -> 118.40681976318359
Reward update: 135.1354232788086 -> 139.368466796875
Reward update: 133.342626953125 -> 166.05541412353514
Current policy count: 20
Reward update: 176.67312866210938 -> 166.97743408203124
Reward update: 169.10864044189452 -> 142.0325323486328
Reward update: 166.5423764038086 -> 196.0276254272461
Reward update: 166.05541412353514 -> 184.42149688720704
Reward update: 165.20526397705078 -> 154.72520935058594
Reward update: 161.38373260498048 -> 145.61259063720703
Reward update: 160.219755859375 -> 167.86396759033204
Reward update: 155.27466094970703 -> 138.50086181640626
Reward update: 154.30411529541016 -> 149.03911590576172
Reward update: 153.61586700439454 -> 143.6227932739258
Reward update: 152.8597232055664 -> 114.87630340576172
Reward update: 151.1392172241211 -> 152.3196228027344
Reward update: 149.3062823486328 -> 167.08677093505858
Reward update: 148.2164044189453 -> 155.47439270019532
Reward update: 146.45270629882813 -> 153.0512387084961
Reward update: 145.66920959472657 -> 149.45968383789062
Reward update: 144.803388671875 -> 156.1038427734375
Reward update: 143.84118469238283 -> 156.81471771240234
Reward update: 143.29805969238282 -> 133.90717376708983
Reward update: 142.6689614868164 -> 162.06371185302734
Current policy count: 10
Reward update: 196.0276254272461 -> 121.11316680908203
Reward update: 184.42149688720704 -> 145.6130014038086
Reward update: 167.86396759033204 -> 145.8053936767578
Reward update: 167.08677093505858 -> 153.47323669433592
Reward update: 166.97743408203124 -> 174.3453939819336
Reward update: 162.06371185302734 -> 159.74744201660155
Reward update: 156.81471771240234 -> 114.99296936035157
Reward update: 156.1038427734375 -> 143.0532711791992
Reward update: 155.47439270019532 -> 146.32175354003905
Reward update: 154.72520935058594 -> 170.3658480834961
Current policy count: 5
Reward update: 174.3453939819336 -> 153.45092559814452
Reward update: 170.3658480834961 -> 143.5896273803711
Reward update: 159.74744201660155 -> 127.06715270996094
Reward update: 153.47323669433592 -> 114.80412506103515
Reward update: 146.32175354003905 -> 150.34129638671874
Current policy count: 3
Reward update: 153.45092559814452 -> 108.94354217529298
Reward update: 150.34129638671874 -> 124.77370361328126
Reward update: 143.5896273803711 -> 147.55897033691406
Current policy count: 2
Reward update: 147.55897033691406 -> 142.5187567138672
Reward update: 124.77370361328126 -> 185.1349560546875
Current policy count: 1
Reward update: 185.1349560546875 -> 139.3982662963867
Final reward: 157.91381225585937
Number of nodes: 1
