Iteration 0/80
Training student with 72 points
Train accuracy: 0.8421052631578947
Test accuracy: 0.8
Number of nodes: 13
Student reward: 0.9
Iteration 1/80
Training student with 262 points
Train accuracy: 0.6985645933014354
Test accuracy: 0.7547169811320755
Number of nodes: 15
Student reward: 0.2
Iteration 2/80
Training student with 1082 points
Train accuracy: 0.63121387283237
Test accuracy: 0.6267281105990783
Number of nodes: 15
Student reward: 0.5
Iteration 3/80
Training student with 1594 points
Train accuracy: 0.5945098039215686
Test accuracy: 0.5579937304075235
Number of nodes: 17
Student reward: 0.2
Iteration 4/80
Training student with 2404 points
Train accuracy: 0.5221008840353614
Test accuracy: 0.5197505197505198
Number of nodes: 17
Student reward: 0.3
Iteration 5/80
Training student with 3115 points
Train accuracy: 0.579454253611557
Test accuracy: 0.5730337078651685
Number of nodes: 19
Student reward: 0.1
Iteration 6/80
Training student with 4025 points
Train accuracy: 0.6071428571428571
Test accuracy: 0.6347826086956522
Number of nodes: 19
Student reward: 0.6
Iteration 7/80
Training student with 4454 points
Train accuracy: 0.59865282065675
Test accuracy: 0.6083052749719416
Number of nodes: 19
Student reward: 0.5
Iteration 8/80
Training student with 4986 points
Train accuracy: 0.6050651955867603
Test accuracy: 0.6172344689378757
Number of nodes: 19
Student reward: 0.1
Iteration 9/80
Training student with 5887 points
Train accuracy: 0.6776385644510512
Test accuracy: 0.6867572156196944
Number of nodes: 19
Student reward: 0.3
Iteration 10/80
Training student with 6607 points
Train accuracy: 0.653926206244087
Test accuracy: 0.6633888048411498
Number of nodes: 19
Student reward: 0.6
Iteration 11/80
Training student with 7075 points
Train accuracy: 0.6565371024734983
Test accuracy: 0.6402826855123674
Number of nodes: 19
Student reward: 0.7
Iteration 12/80
Training student with 7403 points
Train accuracy: 0.6577169875042216
Test accuracy: 0.6711681296421337
Number of nodes: 19
Student reward: 0.6
Iteration 13/80
Training student with 7854 points
Train accuracy: 0.6461881266910712
Test accuracy: 0.6530872056015277
Number of nodes: 19
Student reward: 0.5
Iteration 14/80
Training student with 8389 points
Train accuracy: 0.639099985099091
Test accuracy: 0.6287246722288439
Number of nodes: 19
Student reward: 0.1
Iteration 15/80
Training student with 9292 points
Train accuracy: 0.6263958025023544
Test accuracy: 0.6245293168370092
Number of nodes: 19
Student reward: 0.3
Iteration 16/80
Training student with 10016 points
Train accuracy: 0.6130803794308537
Test accuracy: 0.5978043912175649
Number of nodes: 19
Student reward: 0.2
Iteration 17/80
Training student with 10838 points
Train accuracy: 0.6118800461361015
Test accuracy: 0.5987084870848709
Number of nodes: 19
Student reward: 0.5
Iteration 18/80
Training student with 11380 points
Train accuracy: 0.6086335676625659
Test accuracy: 0.6036906854130053
Number of nodes: 19
Student reward: 0.3
Iteration 19/80
Training student with 12088 points
Train accuracy: 0.6150982419855222
Test accuracy: 0.619520264681555
Number of nodes: 19
Student reward: 0.3
Iteration 20/80
Training student with 12810 points
Train accuracy: 0.6199258391881343
Test accuracy: 0.5850897736143638
Number of nodes: 17
Student reward: 0.4
Iteration 21/80
Training student with 13426 points
Train accuracy: 0.6232774674115457
Test accuracy: 0.6276991809381981
Number of nodes: 19
Student reward: 0.4
Iteration 22/80
Training student with 14030 points
Train accuracy: 0.6139522451888809
Test accuracy: 0.6076265146115467
Number of nodes: 19
Student reward: 0.6
Iteration 23/80
Training student with 14461 points
Train accuracy: 0.6177385892116183
Test accuracy: 0.6297960594538541
Number of nodes: 19
Student reward: 0.2
Iteration 24/80
Training student with 15270 points
Train accuracy: 0.6272102161100196
Test accuracy: 0.6191879502292076
Number of nodes: 19
Student reward: 0.5
Iteration 25/80
Training student with 15784 points
Train accuracy: 0.6216044982972995
Test accuracy: 0.6423820082356668
Number of nodes: 19
Student reward: 0.5
Iteration 26/80
Training student with 16314 points
Train accuracy: 0.6272316297601717
Test accuracy: 0.6190622126877107
Number of nodes: 17
Student reward: 0.2
Iteration 27/80
Training student with 17123 points
Train accuracy: 0.6270258431887867
Test accuracy: 0.6233576642335766
Number of nodes: 19
Student reward: 0.3
Iteration 28/80
Training student with 17838 points
Train accuracy: 0.629292221443588
Test accuracy: 0.639854260089686
Number of nodes: 19
Student reward: 0.4
Iteration 29/80
Training student with 18449 points
Train accuracy: 0.6228064231994037
Test accuracy: 0.6257452574525745
Number of nodes: 17
Student reward: 0.1
Iteration 30/80
Training student with 19350 points
Train accuracy: 0.6348837209302326
Test accuracy: 0.6359173126614988
Number of nodes: 19
Student reward: 0.4
Iteration 31/80
Training student with 19992 points
Train accuracy: 0.6264615769399112
Test accuracy: 0.63615903975994
Number of nodes: 19
Student reward: 0.3
Iteration 32/80
Training student with 20703 points
Train accuracy: 0.6196715372539549
Test accuracy: 0.619898575223376
Number of nodes: 19
Student reward: 0.3
Iteration 33/80
Training student with 21420 points
Train accuracy: 0.6280345471521942
Test accuracy: 0.6162464985994398
Number of nodes: 19
Student reward: 0.7
Iteration 34/80
Training student with 21749 points
Train accuracy: 0.6300936835450314
Test accuracy: 0.6301149425287357
Number of nodes: 19
Student reward: 0.2
Iteration 35/80
Training student with 22559 points
Train accuracy: 0.6261982600986313
Test accuracy: 0.6218971631205674
Number of nodes: 17
Student reward: 0.3
Iteration 36/80
Training student with 23276 points
Train accuracy: 0.6257250268528464
Test accuracy: 0.6346649484536082
Number of nodes: 17
Student reward: 0.7
Iteration 37/80
Training student with 23606 points
Train accuracy: 0.6289980936242322
Test accuracy: 0.6349004659042778
Number of nodes: 19
Student reward: 0.5
Iteration 38/80
Training student with 24130 points
Train accuracy: 0.6363966017405719
Test accuracy: 0.6301284707832574
Number of nodes: 19
Student reward: 0.2
Iteration 39/80
Training student with 24941 points
Train accuracy: 0.6327185244587009
Test accuracy: 0.6171577470434957
Number of nodes: 19
Student reward: 0.2
Iteration 40/80
Training student with 25754 points
Train accuracy: 0.6311702179294277
Test accuracy: 0.6303630363036303
Number of nodes: 19
Student reward: 0.6
Iteration 41/80
Training student with 26175 points
Train accuracy: 0.6331423113658071
Test accuracy: 0.6343839541547278
Number of nodes: 19
Student reward: 0.3
Iteration 42/80
Training student with 26907 points
Train accuracy: 0.6317305458768874
Test accuracy: 0.6309921962095875
Number of nodes: 19
Student reward: 0.4
Iteration 43/80
Training student with 27522 points
Train accuracy: 0.6295589771540173
Test accuracy: 0.6267029972752044
Number of nodes: 19
Student reward: 0.2
Iteration 44/80
Training student with 28350 points
Train accuracy: 0.6341710758377425
Test accuracy: 0.6405643738977073
Number of nodes: 19
Student reward: 0.4
Iteration 45/80
Training student with 28978 points
Train accuracy: 0.6309205417996722
Test accuracy: 0.6318150448585231
Number of nodes: 19
Student reward: 0.3
Iteration 46/80
Training student with 29696 points
Train accuracy: 0.629440983330527
Test accuracy: 0.6365319865319865
Number of nodes: 19
Student reward: 0.1
Iteration 47/80
Training student with 30604 points
Train accuracy: 0.6290895723563289
Test accuracy: 0.6325763764090835
Number of nodes: 19
Student reward: 0.2
Iteration 48/80
Training student with 31428 points
Train accuracy: 0.6332829528279373
Test accuracy: 0.6364937957365574
Number of nodes: 19
Student reward: 0.2
Iteration 49/80
Training student with 32241 points
Train accuracy: 0.6317850496277916
Test accuracy: 0.6346720421770817
Number of nodes: 19
Student reward: 0.5
Iteration 50/80
Training student with 32770 points
Train accuracy: 0.6336588342996643
Test accuracy: 0.6364052487030821
Number of nodes: 19
Student reward: 0.5
Iteration 51/80
Training student with 33314 points
Train accuracy: 0.6313834377696897
Test accuracy: 0.6253939666816749
Number of nodes: 19
Student reward: 0.4
Iteration 52/80
Training student with 33934 points
Train accuracy: 0.6314509890595645
Test accuracy: 0.6381317224104907
Number of nodes: 19
Student reward: 0.6
Iteration 53/80
Training student with 34401 points
Train accuracy: 0.6276889534883721
Test accuracy: 0.6299956401685801
Number of nodes: 19
Student reward: 0.3
Iteration 54/80
Training student with 35120 points
Train accuracy: 0.6321540432801822
Test accuracy: 0.6251423690205011
Number of nodes: 19
Student reward: 0.4
Iteration 55/80
Training student with 35742 points
Train accuracy: 0.6313783093764208
Test accuracy: 0.6248426353336131
Number of nodes: 19
Student reward: 0.2
Iteration 56/80
Training student with 36555 points
Train accuracy: 0.6353440021884831
Test accuracy: 0.6331555190808371
Number of nodes: 19
Student reward: 0.2
Iteration 57/80
Training student with 37359 points
Train accuracy: 0.6286679827349684
Test accuracy: 0.6366434689507494
Number of nodes: 19
Student reward: 0.6
Iteration 58/80
Training student with 37807 points
Train accuracy: 0.6349148619606546
Test accuracy: 0.6236445384818831
Number of nodes: 19
Student reward: 0.4
Iteration 59/80
Training student with 38427 points
Train accuracy: 0.6259718291532481
Test accuracy: 0.6379130887327609
Number of nodes: 17
Student reward: 0.3
Iteration 60/80
Training student with 39170 points
Train accuracy: 0.6246808782231299
Test accuracy: 0.6289251978555016
Number of nodes: 19
Student reward: 0.9
Iteration 61/80
Training student with 39343 points
Train accuracy: 0.6304886573044418
Test accuracy: 0.6257466005845723
Number of nodes: 19
Student reward: 0.5
Iteration 62/80
Training student with 39856 points
Train accuracy: 0.626646593902898
Test accuracy: 0.6187907676869042
Number of nodes: 19
Student reward: 0.3
Iteration 63/80
Training student with 40575 points
Train accuracy: 0.6313000616142945
Test accuracy: 0.6257547751078251
Number of nodes: 19
Student reward: 0.2
Iteration 64/80
Training student with 41377 points
Train accuracy: 0.6265369626295278
Test accuracy: 0.6282020299661673
Number of nodes: 19
Student reward: 0.3
Iteration 65/80
Training student with 42084 points
Train accuracy: 0.6290432767992397
Test accuracy: 0.6301532612569799
Number of nodes: 19
Student reward: 0.5
Iteration 66/80
Training student with 42604 points
Train accuracy: 0.6249743273772849
Test accuracy: 0.6251613660368501
Number of nodes: 19
Student reward: 0.7
Iteration 67/80
Training student with 42991 points
Train accuracy: 0.6265119795301233
Test accuracy: 0.6315850680311664
Number of nodes: 19
Student reward: 0.6
Iteration 68/80
Training student with 43456 points
Train accuracy: 0.627114256127028
Test accuracy: 0.6361021629084216
Number of nodes: 19
Student reward: 0.6
Iteration 69/80
Training student with 43917 points
Train accuracy: 0.6287251302194518
Test accuracy: 0.6278460837887068
Number of nodes: 19
Student reward: 0.7
Iteration 70/80
Training student with 44276 points
Train accuracy: 0.6274985883681535
Test accuracy: 0.624096657633243
Number of nodes: 19
Student reward: 0.2
Iteration 71/80
Training student with 45089 points
Train accuracy: 0.6254886196667683
Test accuracy: 0.6246396096695498
Number of nodes: 19
Student reward: 0.5
Iteration 72/80
Training student with 45609 points
Train accuracy: 0.630580754789377
Test accuracy: 0.6248629686472265
Number of nodes: 19
Student reward: 0.5
Iteration 73/80
Training student with 46125 points
Train accuracy: 0.6311653116531165
Test accuracy: 0.6276422764227643
Number of nodes: 19
Student reward: 0.6
Iteration 74/80
Training student with 46556 points
Train accuracy: 0.6307324669745462
Test accuracy: 0.6269329896907216
Number of nodes: 19
Student reward: 0.3
Iteration 75/80
Training student with 47274 points
Train accuracy: 0.6283085221713953
Test accuracy: 0.622104706504495
Number of nodes: 19
Student reward: 0.5
Iteration 76/80
Training student with 47837 points
Train accuracy: 0.6267997595965403
Test accuracy: 0.6265677257525084
Number of nodes: 19
Student reward: 0.4
Iteration 77/80
Training student with 48465 points
Train accuracy: 0.6280305375012896
Test accuracy: 0.6213762509027133
Number of nodes: 19
Student reward: 0.4
Iteration 78/80
Training student with 49116 points
Train accuracy: 0.6264125012725237
Test accuracy: 0.6329397394136808
Number of nodes: 19
Student reward: 0.4
Iteration 79/80
Training student with 49751 points
Train accuracy: 0.6261809045226131
Test accuracy: 0.6279770877298764
Number of nodes: 19
Student reward: 0.6
Initial policy count: 80
Current policy count: 40
Reward update: 0.9 -> 0.6
Reward update: 0.9 -> 0.5
Reward update: 0.7 -> 0.52
Reward update: 0.7 -> 0.36
Reward update: 0.7 -> 0.48
Reward update: 0.7 -> 0.74
Reward update: 0.7 -> 0.62
Reward update: 0.6 -> 0.26
Reward update: 0.6 -> 0.3
Reward update: 0.6 -> 0.38
Reward update: 0.6 -> 0.34
Reward update: 0.6 -> 0.2
Reward update: 0.6 -> 0.58
Reward update: 0.6 -> 0.42
Reward update: 0.6 -> 0.7
Reward update: 0.6 -> 0.64
Reward update: 0.6 -> 0.44
Reward update: 0.6 -> 0.76
Reward update: 0.5 -> 0.18
Reward update: 0.5 -> 0.44
Reward update: 0.5 -> 0.44
Reward update: 0.5 -> 0.52
Reward update: 0.5 -> 0.48
Reward update: 0.5 -> 0.48
Reward update: 0.5 -> 0.32
Reward update: 0.5 -> 0.4
Reward update: 0.5 -> 0.68
Reward update: 0.5 -> 0.52
Reward update: 0.5 -> 0.24
Reward update: 0.5 -> 0.44
Reward update: 0.5 -> 0.42
Reward update: 0.5 -> 0.58
Reward update: 0.4 -> 0.34
Reward update: 0.4 -> 0.24
Reward update: 0.4 -> 0.38
Reward update: 0.4 -> 0.34
Reward update: 0.4 -> 0.38
Reward update: 0.4 -> 0.38
Reward update: 0.4 -> 0.38
Reward update: 0.4 -> 0.4
Current policy count: 20
Reward update: 0.76 -> 0.62
Reward update: 0.74 -> 0.64
Reward update: 0.7 -> 0.68
Reward update: 0.68 -> 0.66
Reward update: 0.64 -> 0.62
Reward update: 0.62 -> 0.56
Reward update: 0.6 -> 0.76
Reward update: 0.58 -> 0.68
Reward update: 0.58 -> 0.64
Reward update: 0.52 -> 0.36
Reward update: 0.52 -> 0.48
Reward update: 0.52 -> 0.5
Reward update: 0.5 -> 0.42
Reward update: 0.48 -> 0.46
Reward update: 0.48 -> 0.46
Reward update: 0.48 -> 0.62
Reward update: 0.44 -> 0.6
Reward update: 0.44 -> 0.28
Reward update: 0.44 -> 0.58
Reward update: 0.44 -> 0.38
Current policy count: 10
Reward update: 0.76 -> 0.72
Reward update: 0.68 -> 0.6
Reward update: 0.68 -> 0.78
Reward update: 0.66 -> 0.7
Reward update: 0.64 -> 0.7
Reward update: 0.64 -> 0.52
Reward update: 0.62 -> 0.64
Reward update: 0.62 -> 0.62
Reward update: 0.62 -> 0.42
Reward update: 0.6 -> 0.56
Current policy count: 5
Reward update: 0.78 -> 0.66
Reward update: 0.72 -> 0.6
Reward update: 0.7 -> 0.72
Reward update: 0.7 -> 0.54
Reward update: 0.64 -> 0.58
Current policy count: 3
Reward update: 0.72 -> 0.62
Reward update: 0.66 -> 0.7
Reward update: 0.6 -> 0.68
Current policy count: 2
Reward update: 0.7 -> 0.58
Reward update: 0.68 -> 0.76
Current policy count: 1
Reward update: 0.76 -> 0.78
Final reward: 0.64
Number of nodes: 13
