Iteration 0/80
Training student with 633 points
Train accuracy: 0.49604743083003955
Test accuracy: 0.5433070866141733
Number of nodes: 5
Student reward: 3.2
Iteration 1/80
Training student with 1242 points
Train accuracy: 0.5740181268882175
Test accuracy: 0.5582329317269076
Number of nodes: 5
Student reward: 1.9
Iteration 2/80
Training student with 1735 points
Train accuracy: 0.521613832853026
Test accuracy: 0.5014409221902018
Number of nodes: 5
Student reward: 2.8
Iteration 3/80
Training student with 2267 points
Train accuracy: 0.4826254826254826
Test accuracy: 0.513215859030837
Number of nodes: 5
Student reward: 2.8
Iteration 4/80
Training student with 2792 points
Train accuracy: 0.46171070309001344
Test accuracy: 0.4883720930232558
Number of nodes: 5
Student reward: 2.8
Iteration 5/80
Training student with 3309 points
Train accuracy: 0.45032111824707216
Test accuracy: 0.4471299093655589
Number of nodes: 5
Student reward: 2.2
Iteration 6/80
Training student with 3810 points
Train accuracy: 0.4550524934383202
Test accuracy: 0.44750656167979
Number of nodes: 5
Student reward: 2.5
Iteration 7/80
Training student with 4362 points
Train accuracy: 0.4786471768415019
Test accuracy: 0.49026345933562426
Number of nodes: 5
Student reward: 1.5
Iteration 8/80
Training student with 4811 points
Train accuracy: 0.4841476091476091
Test accuracy: 0.4620976116303219
Number of nodes: 5
Student reward: 2.3
Iteration 9/80
Training student with 5314 points
Train accuracy: 0.46859562455892734
Test accuracy: 0.4628410159924741
Number of nodes: 5
Student reward: 2.6
Iteration 10/80
Training student with 5855 points
Train accuracy: 0.46029035012809566
Test accuracy: 0.44235695986336465
Number of nodes: 5
Student reward: 2.7
Iteration 11/80
Training student with 6399 points
Train accuracy: 0.459074037898027
Test accuracy: 0.446875
Number of nodes: 5
Student reward: 3.3
Iteration 12/80
Training student with 6994 points
Train accuracy: 0.4604110813226095
Test accuracy: 0.4767691208005718
Number of nodes: 5
Student reward: 1.8
Iteration 13/80
Training student with 7468 points
Train accuracy: 0.475225979243388
Test accuracy: 0.47925033467202144
Number of nodes: 5
Student reward: 2.7
Iteration 14/80
Training student with 8002 points
Train accuracy: 0.4663333854085299
Test accuracy: 0.4803247970018738
Number of nodes: 5
Student reward: 2.1
Iteration 15/80
Training student with 8466 points
Train accuracy: 0.46057294743059657
Test accuracy: 0.47756788665879574
Number of nodes: 5
Student reward: 2.4
Iteration 16/80
Training student with 8955 points
Train accuracy: 0.46147403685092125
Test accuracy: 0.45058626465661644
Number of nodes: 5
Student reward: 2.9
Iteration 17/80
Training student with 9534 points
Train accuracy: 0.46046938507932345
Test accuracy: 0.44992134242265336
Number of nodes: 5
Student reward: 2.2
Iteration 18/80
Training student with 10044 points
Train accuracy: 0.46334785314250154
Test accuracy: 0.46640119462419116
Number of nodes: 5
Student reward: 2.3
Iteration 19/80
Training student with 10544 points
Train accuracy: 0.45536455245998814
Test accuracy: 0.474158368895211
Number of nodes: 5
Student reward: 2.9
Iteration 20/80
Training student with 11060 points
Train accuracy: 0.45547016274864377
Test accuracy: 0.45298372513562385
Number of nodes: 5
Student reward: 2.3
Iteration 21/80
Training student with 11539 points
Train accuracy: 0.45119705340699817
Test accuracy: 0.4592720970537262
Number of nodes: 5
Student reward: 2.8
Iteration 22/80
Training student with 12151 points
Train accuracy: 0.4626543209876543
Test accuracy: 0.455779514603044
Number of nodes: 5
Student reward: 2.2
Iteration 23/80
Training student with 12656 points
Train accuracy: 0.4613789016199131
Test accuracy: 0.4510268562401264
Number of nodes: 5
Student reward: 1.3
Iteration 24/80
Training student with 13092 points
Train accuracy: 0.4577484961329132
Test accuracy: 0.464299350897289
Number of nodes: 5
Student reward: 2.9
Iteration 25/80
Training student with 13654 points
Train accuracy: 0.45527785406939486
Test accuracy: 0.4558769681435372
Number of nodes: 5
Student reward: 2.3
Iteration 26/80
Training student with 14154 points
Train accuracy: 0.4497924578291972
Test accuracy: 0.4510773578240904
Number of nodes: 5
Student reward: 3.0
Iteration 27/80
Training student with 14743 points
Train accuracy: 0.4659148719687977
Test accuracy: 0.4499830451000339
Number of nodes: 5
Student reward: 2.8
Iteration 28/80
Training student with 15272 points
Train accuracy: 0.45764099206024395
Test accuracy: 0.46382978723404256
Number of nodes: 5
Student reward: 2.4
Iteration 29/80
Training student with 15758 points
Train accuracy: 0.4566079644613676
Test accuracy: 0.45336294416243655
Number of nodes: 5
Student reward: 3.2
Iteration 30/80
Training student with 16307 points
Train accuracy: 0.45258719816021464
Test accuracy: 0.4448191293684856
Number of nodes: 5
Student reward: 0.9
Iteration 31/80
Training student with 16734 points
Train accuracy: 0.456861133935908
Test accuracy: 0.4559306841948013
Number of nodes: 5
Student reward: 2.3
Iteration 32/80
Training student with 17222 points
Train accuracy: 0.45510633664803657
Test accuracy: 0.451088534107402
Number of nodes: 5
Student reward: 2.4
Iteration 33/80
Training student with 17744 points
Train accuracy: 0.4598802395209581
Test accuracy: 0.44125105663567205
Number of nodes: 5
Student reward: 3.3
Iteration 34/80
Training student with 18329 points
Train accuracy: 0.4597285685057628
Test accuracy: 0.46099290780141844
Number of nodes: 5
Student reward: 2.7
Iteration 35/80
Training student with 18897 points
Train accuracy: 0.45796123569491304
Test accuracy: 0.45661375661375664
Number of nodes: 5
Student reward: 2.0
Iteration 36/80
Training student with 19384 points
Train accuracy: 0.4548268523892436
Test accuracy: 0.45499097240134123
Number of nodes: 5
Student reward: 2.2
Iteration 37/80
Training student with 19890 points
Train accuracy: 0.45361990950226244
Test accuracy: 0.4517345399698341
Number of nodes: 5
Student reward: 3.3
Iteration 38/80
Training student with 20477 points
Train accuracy: 0.4593736646114401
Test accuracy: 0.461669921875
Number of nodes: 5
Student reward: 2.8
Iteration 39/80
Training student with 21002 points
Train accuracy: 0.45878221534432473
Test accuracy: 0.45108307545822424
Number of nodes: 5
Student reward: 2.0
Iteration 40/80
Training student with 21461 points
Train accuracy: 0.4549743709226468
Test accuracy: 0.4565571861169345
Number of nodes: 5
Student reward: 2.9
Iteration 41/80
Training student with 22006 points
Train accuracy: 0.45279481935923654
Test accuracy: 0.4550204452521581
Number of nodes: 5
Student reward: 2.2
Iteration 42/80
Training student with 22504 points
Train accuracy: 0.4527023273898795
Test accuracy: 0.4445678738058209
Number of nodes: 5
Student reward: 3.1
Iteration 43/80
Training student with 23110 points
Train accuracy: 0.4553223712678494
Test accuracy: 0.46019039376893117
Number of nodes: 5
Student reward: 2.9
Iteration 44/80
Training student with 23646 points
Train accuracy: 0.4556988792556566
Test accuracy: 0.44947145877378436
Number of nodes: 5
Student reward: 2.5
Iteration 45/80
Training student with 24142 points
Train accuracy: 0.4540464971780666
Test accuracy: 0.4315593290536343
Number of nodes: 5
Student reward: 0.9
Iteration 46/80
Training student with 24555 points
Train accuracy: 0.45326817348808796
Test accuracy: 0.4555080431683975
Number of nodes: 5
Student reward: 2.9
Iteration 47/80
Training student with 25081 points
Train accuracy: 0.4534489633173844
Test accuracy: 0.44568467211480967
Number of nodes: 5
Student reward: 2.2
Iteration 48/80
Training student with 25555 points
Train accuracy: 0.4542653101154373
Test accuracy: 0.45255331637644297
Number of nodes: 5
Student reward: 3.6
Iteration 49/80
Training student with 26190 points
Train accuracy: 0.4566151202749141
Test accuracy: 0.4558991981672394
Number of nodes: 5
Student reward: 2.6
Iteration 50/80
Training student with 26745 points
Train accuracy: 0.4560665544961675
Test accuracy: 0.45036455412226584
Number of nodes: 5
Student reward: 2.6
Iteration 51/80
Training student with 27266 points
Train accuracy: 0.45342013570511647
Test accuracy: 0.43986065273193986
Number of nodes: 5
Student reward: 3.4
Iteration 52/80
Training student with 27857 points
Train accuracy: 0.45860444245007853
Test accuracy: 0.45495333811916727
Number of nodes: 5
Student reward: 2.6
Iteration 53/80
Training student with 28379 points
Train accuracy: 0.4559749812800071
Test accuracy: 0.44573643410852715
Number of nodes: 5
Student reward: 0.8
Iteration 54/80
Training student with 28803 points
Train accuracy: 0.4606804964846801
Test accuracy: 0.4473181739281375
Number of nodes: 5
Student reward: 2.7
Iteration 55/80
Training student with 29305 points
Train accuracy: 0.45662003071148266
Test accuracy: 0.4572598532673605
Number of nodes: 5
Student reward: 2.9
Iteration 56/80
Training student with 29834 points
Train accuracy: 0.4544768927808271
Test accuracy: 0.45818669348081115
Number of nodes: 5
Student reward: 1.9
Iteration 57/80
Training student with 30315 points
Train accuracy: 0.4550140194623124
Test accuracy: 0.44845785914563746
Number of nodes: 5
Student reward: 2.4
Iteration 58/80
Training student with 30826 points
Train accuracy: 0.45308191403081916
Test accuracy: 0.4472915990917937
Number of nodes: 5
Student reward: 4.9
Iteration 59/80
Training student with 31578 points
Train accuracy: 0.4576834771593698
Test accuracy: 0.4556681443951868
Number of nodes: 5
Student reward: 2.6
Iteration 60/80
Training student with 32098 points
Train accuracy: 0.453462107640782
Test accuracy: 0.4654205607476635
Number of nodes: 5
Student reward: 2.1
Iteration 61/80
Training student with 32626 points
Train accuracy: 0.45406130268199235
Test accuracy: 0.4540300337113086
Number of nodes: 5
Student reward: 2.4
Iteration 62/80
Training student with 33116 points
Train accuracy: 0.4498716593688661
Test accuracy: 0.4658816425120773
Number of nodes: 5
Student reward: 2.6
Iteration 63/80
Training student with 33610 points
Train accuracy: 0.45202320737875634
Test accuracy: 0.44986611127640586
Number of nodes: 5
Student reward: 2.1
Iteration 64/80
Training student with 34102 points
Train accuracy: 0.44840731644734433
Test accuracy: 0.4553584518399062
Number of nodes: 5
Student reward: 2.6
Iteration 65/80
Training student with 34681 points
Train accuracy: 0.4542964244521338
Test accuracy: 0.45408678102926336
Number of nodes: 5
Student reward: 2.8
Iteration 66/80
Training student with 35243 points
Train accuracy: 0.4533943392211109
Test accuracy: 0.4528301886792453
Number of nodes: 5
Student reward: 2.7
Iteration 67/80
Training student with 35756 points
Train accuracy: 0.45297860439099424
Test accuracy: 0.4499440715883669
Number of nodes: 5
Student reward: 1.6
Iteration 68/80
Training student with 36219 points
Train accuracy: 0.44938740293356344
Test accuracy: 0.45996686913307566
Number of nodes: 5
Student reward: 2.4
Iteration 69/80
Training student with 36708 points
Train accuracy: 0.4489545733160798
Test accuracy: 0.45532552438027785
Number of nodes: 5
Student reward: 2.0
Iteration 70/80
Training student with 37208 points
Train accuracy: 0.4510851306860176
Test accuracy: 0.4415479709755442
Number of nodes: 5
Student reward: 4.3
Iteration 71/80
Training student with 37880 points
Train accuracy: 0.45469244984160506
Test accuracy: 0.4470696937697994
Number of nodes: 5
Student reward: 2.1
Iteration 72/80
Training student with 38332 points
Train accuracy: 0.45230719060818525
Test accuracy: 0.4523281596452328
Number of nodes: 5
Student reward: 0.6
Iteration 73/80
Training student with 38769 points
Train accuracy: 0.45155569885539254
Test accuracy: 0.4636316739747227
Number of nodes: 5
Student reward: 2.1
Iteration 74/80
Training student with 39277 points
Train accuracy: 0.4520225327010598
Test accuracy: 0.4574847250509165
Number of nodes: 5
Student reward: 2.8
Iteration 75/80
Training student with 39836 points
Train accuracy: 0.4500753106564579
Test accuracy: 0.45017570281124497
Number of nodes: 5
Student reward: 3.3
Iteration 76/80
Training student with 40444 points
Train accuracy: 0.45872353577499614
Test accuracy: 0.44368896031647914
Number of nodes: 5
Student reward: 2.5
Iteration 77/80
Training student with 40961 points
Train accuracy: 0.454345703125
Test accuracy: 0.4553887464909069
Number of nodes: 5
Student reward: 2.4
Iteration 78/80
Training student with 41460 points
Train accuracy: 0.45311746261456826
Test accuracy: 0.4530873130728413
Number of nodes: 5
Student reward: 1.6
Iteration 79/80
Training student with 41934 points
Train accuracy: 0.45196291769755864
Test accuracy: 0.45212829378800523
Number of nodes: 5
Student reward: 2.0
Initial policy count: 80
Current policy count: 40
Reward update: 4.9 -> 2.74
Reward update: 4.3 -> 3.38
Reward update: 3.6 -> 3.08
Reward update: 3.4 -> 3.56
Reward update: 3.3 -> 2.96
Reward update: 3.3 -> 2.82
Reward update: 3.3 -> 2.96
Reward update: 3.3 -> 3.8
Reward update: 3.2 -> 3.0
Reward update: 3.2 -> 2.76
Reward update: 3.1 -> 3.64
Reward update: 3.0 -> 3.32
Reward update: 2.9 -> 2.46
Reward update: 2.9 -> 2.62
Reward update: 2.9 -> 2.5
Reward update: 2.9 -> 2.42
Reward update: 2.9 -> 2.38
Reward update: 2.9 -> 2.24
Reward update: 2.9 -> 2.52
Reward update: 2.8 -> 2.04
Reward update: 2.8 -> 2.5
Reward update: 2.8 -> 2.62
Reward update: 2.8 -> 3.04
Reward update: 2.8 -> 2.18
Reward update: 2.8 -> 2.42
Reward update: 2.8 -> 2.46
Reward update: 2.8 -> 2.84
Reward update: 2.7 -> 2.74
Reward update: 2.7 -> 2.48
Reward update: 2.7 -> 2.3
Reward update: 2.7 -> 2.5
Reward update: 2.7 -> 2.68
Reward update: 2.6 -> 2.18
Reward update: 2.6 -> 2.62
Reward update: 2.6 -> 2.38
Reward update: 2.6 -> 2.4
Reward update: 2.6 -> 2.54
Reward update: 2.6 -> 2.4
Reward update: 2.6 -> 3.34
Reward update: 2.5 -> 3.38
Current policy count: 20
Reward update: 3.8 -> 3.2
Reward update: 3.64 -> 3.42
Reward update: 3.56 -> 3.56
Reward update: 3.38 -> 3.24
Reward update: 3.38 -> 3.06
Reward update: 3.34 -> 3.48
Reward update: 3.32 -> 3.54
Reward update: 3.08 -> 3.1
Reward update: 3.04 -> 3.12
Reward update: 3.0 -> 3.14
Reward update: 2.96 -> 3.18
Reward update: 2.96 -> 3.06
Reward update: 2.84 -> 2.9
Reward update: 2.82 -> 2.96
Reward update: 2.76 -> 2.46
Reward update: 2.74 -> 2.92
Reward update: 2.74 -> 2.32
Reward update: 2.68 -> 2.64
Reward update: 2.62 -> 2.68
Reward update: 2.62 -> 2.54
Current policy count: 10
Reward update: 3.56 -> 3.54
Reward update: 3.54 -> 2.88
Reward update: 3.48 -> 3.88
Reward update: 3.42 -> 2.92
Reward update: 3.24 -> 3.28
Reward update: 3.2 -> 3.32
Reward update: 3.18 -> 3.28
Reward update: 3.14 -> 2.72
Reward update: 3.12 -> 3.28
Reward update: 3.1 -> 3.2
Current policy count: 5
Reward update: 3.88 -> 2.76
Reward update: 3.54 -> 3.22
Reward update: 3.32 -> 3.46
Reward update: 3.28 -> 3.08
Reward update: 3.28 -> 2.82
Current policy count: 3
Reward update: 3.46 -> 3.48
Reward update: 3.22 -> 3.12
Reward update: 3.08 -> 3.24
Current policy count: 2
Reward update: 3.48 -> 3.3
Reward update: 3.24 -> 3.34
Current policy count: 1
Reward update: 3.34 -> 3.14
Final reward: 3.28
Number of nodes: 5
