Iteration 0/80
Training student with 1130 points
Train accuracy: 0.8484513274336283
Test accuracy: 0.8008849557522124
Number of nodes: 5
Student reward: 9.5
Iteration 1/80
Training student with 1997 points
Train accuracy: 0.8778960551033187
Test accuracy: 0.8725
Number of nodes: 5
Student reward: 8.9
Iteration 2/80
Training student with 2831 points
Train accuracy: 0.8767667844522968
Test accuracy: 0.8659611992945326
Number of nodes: 5
Student reward: 9.6
Iteration 3/80
Training student with 3736 points
Train accuracy: 0.8718206157965194
Test accuracy: 0.8943850267379679
Number of nodes: 5
Student reward: 10.3
Iteration 4/80
Training student with 4683 points
Train accuracy: 0.8782701548318206
Test accuracy: 0.8868729989327642
Number of nodes: 5
Student reward: 8.4
Iteration 5/80
Training student with 5475 points
Train accuracy: 0.8833333333333333
Test accuracy: 0.8611872146118722
Number of nodes: 5
Student reward: 8.3
Iteration 6/80
Training student with 6224 points
Train accuracy: 0.8811006226149829
Test accuracy: 0.878714859437751
Number of nodes: 5
Student reward: 9.6
Iteration 7/80
Training student with 7071 points
Train accuracy: 0.8787128712871287
Test accuracy: 0.8946996466431095
Number of nodes: 5
Student reward: 9.8
Iteration 8/80
Training student with 8002 points
Train accuracy: 0.8717387908139353
Test accuracy: 0.8894440974391006
Number of nodes: 5
Student reward: 9.2
Iteration 9/80
Training student with 8816 points
Train accuracy: 0.8716676120249575
Test accuracy: 0.8718820861678005
Number of nodes: 5
Student reward: 9.2
Iteration 10/80
Training student with 9739 points
Train accuracy: 0.8819150301630087
Test accuracy: 0.8742299794661191
Number of nodes: 5
Student reward: 8.7
Iteration 11/80
Training student with 10567 points
Train accuracy: 0.8825269135218266
Test accuracy: 0.8930936613055819
Number of nodes: 5
Student reward: 10.9
Iteration 12/80
Training student with 11549 points
Train accuracy: 0.8824548111267453
Test accuracy: 0.8865800865800866
Number of nodes: 5
Student reward: 10.7
Iteration 13/80
Training student with 12520 points
Train accuracy: 0.8788937699680511
Test accuracy: 0.8738019169329073
Number of nodes: 5
Student reward: 8.7
Iteration 14/80
Training student with 13349 points
Train accuracy: 0.8813559322033898
Test accuracy: 0.8902621722846442
Number of nodes: 5
Student reward: 10.1
Iteration 15/80
Training student with 14222 points
Train accuracy: 0.8780873692537576
Test accuracy: 0.8899824253075571
Number of nodes: 5
Student reward: 9.8
Iteration 16/80
Training student with 15109 points
Train accuracy: 0.8805328038388351
Test accuracy: 0.8835208471211119
Number of nodes: 5
Student reward: 9.7
Iteration 17/80
Training student with 15987 points
Train accuracy: 0.8741105637657361
Test accuracy: 0.8717948717948718
Number of nodes: 5
Student reward: 8.5
Iteration 18/80
Training student with 16762 points
Train accuracy: 0.8785144306063092
Test accuracy: 0.8842827318818968
Number of nodes: 5
Student reward: 9.1
Iteration 19/80
Training student with 17620 points
Train accuracy: 0.8815266742338252
Test accuracy: 0.8779795686719637
Number of nodes: 5
Student reward: 9.0
Iteration 20/80
Training student with 18488 points
Train accuracy: 0.8845841784989859
Test accuracy: 0.8804759329367225
Number of nodes: 5
Student reward: 9.7
Iteration 21/80
Training student with 19394 points
Train accuracy: 0.8779245891073155
Test accuracy: 0.8832173240525909
Number of nodes: 5
Student reward: 10.2
Iteration 22/80
Training student with 20300 points
Train accuracy: 0.8796182266009852
Test accuracy: 0.8844827586206897
Number of nodes: 5
Student reward: 8.4
Iteration 23/80
Training student with 21076 points
Train accuracy: 0.883926453143535
Test accuracy: 0.877134724857685
Number of nodes: 5
Student reward: 9.1
Iteration 24/80
Training student with 21865 points
Train accuracy: 0.8848044820489367
Test accuracy: 0.8900068602789847
Number of nodes: 5
Student reward: 9.0
Iteration 25/80
Training student with 22681 points
Train accuracy: 0.8831018518518519
Test accuracy: 0.880537800308574
Number of nodes: 5
Student reward: 10.3
Iteration 26/80
Training student with 23639 points
Train accuracy: 0.8860451589022262
Test accuracy: 0.8874788494077834
Number of nodes: 5
Student reward: 8.0
Iteration 27/80
Training student with 24371 points
Train accuracy: 0.8802831350020517
Test accuracy: 0.8828717948717949
Number of nodes: 5
Student reward: 8.8
Iteration 28/80
Training student with 25146 points
Train accuracy: 0.884619208590177
Test accuracy: 0.8858846918489066
Number of nodes: 5
Student reward: 9.0
Iteration 29/80
Training student with 25964 points
Train accuracy: 0.8823840932068749
Test accuracy: 0.878105141536684
Number of nodes: 5
Student reward: 9.2
Iteration 30/80
Training student with 26764 points
Train accuracy: 0.8817897342487506
Test accuracy: 0.8791331963385017
Number of nodes: 5
Student reward: 10.3
Iteration 31/80
Training student with 27652 points
Train accuracy: 0.8821933908955292
Test accuracy: 0.8904357259085156
Number of nodes: 5
Student reward: 7.4
Iteration 32/80
Training student with 28381 points
Train accuracy: 0.880946088794926
Test accuracy: 0.8805707239739299
Number of nodes: 5
Student reward: 9.7
Iteration 33/80
Training student with 29271 points
Train accuracy: 0.8830714041680902
Test accuracy: 0.8884713919726729
Number of nodes: 5
Student reward: 8.9
Iteration 34/80
Training student with 30044 points
Train accuracy: 0.8832535885167464
Test accuracy: 0.8763521384589782
Number of nodes: 5
Student reward: 9.2
Iteration 35/80
Training student with 30880 points
Train accuracy: 0.8832577720207254
Test accuracy: 0.8864961139896373
Number of nodes: 5
Student reward: 10.4
Iteration 36/80
Training student with 31873 points
Train accuracy: 0.8822652757078987
Test accuracy: 0.8818823529411765
Number of nodes: 5
Student reward: 9.4
Iteration 37/80
Training student with 32711 points
Train accuracy: 0.8801971874044635
Test accuracy: 0.8847623414335931
Number of nodes: 5
Student reward: 8.7
Iteration 38/80
Training student with 33526 points
Train accuracy: 0.8828859060402685
Test accuracy: 0.8771249627199523
Number of nodes: 5
Student reward: 9.2
Iteration 39/80
Training student with 34360 points
Train accuracy: 0.8807115832363213
Test accuracy: 0.8863504074505238
Number of nodes: 5
Student reward: 9.7
Iteration 40/80
Training student with 35280 points
Train accuracy: 0.8843537414965986
Test accuracy: 0.8832199546485261
Number of nodes: 5
Student reward: 10.6
Iteration 41/80
Training student with 36213 points
Train accuracy: 0.880048325854332
Test accuracy: 0.8764324175065581
Number of nodes: 5
Student reward: 10.9
Iteration 42/80
Training student with 37189 points
Train accuracy: 0.8782561930691405
Test accuracy: 0.8815541812315139
Number of nodes: 5
Student reward: 8.7
Iteration 43/80
Training student with 37966 points
Train accuracy: 0.8830501777953378
Test accuracy: 0.8760863839873584
Number of nodes: 5
Student reward: 9.3
Iteration 44/80
Training student with 38812 points
Train accuracy: 0.8838287867564173
Test accuracy: 0.8838078062604663
Number of nodes: 5
Student reward: 10.3
Iteration 45/80
Training student with 39733 points
Train accuracy: 0.8850751903353677
Test accuracy: 0.8799546998867497
Number of nodes: 5
Student reward: 10.8
Iteration 46/80
Training student with 40710 points
Train accuracy: 0.8819086219602064
Test accuracy: 0.8835666912306559
Number of nodes: 5
Student reward: 9.1
Iteration 47/80
Training student with 41522 points
Train accuracy: 0.8803022548694945
Test accuracy: 0.8785069235400361
Number of nodes: 5
Student reward: 11.6
Iteration 48/80
Training student with 42581 points
Train accuracy: 0.8823684828558008
Test accuracy: 0.8823529411764706
Number of nodes: 5
Student reward: 10.3
Iteration 49/80
Training student with 43500 points
Train accuracy: 0.8818390804597701
Test accuracy: 0.8840229885057471
Number of nodes: 5
Student reward: 10.1
Iteration 50/80
Training student with 44373 points
Train accuracy: 0.882077863541608
Test accuracy: 0.8807887323943662
Number of nodes: 5
Student reward: 9.3
Iteration 51/80
Training student with 45232 points
Train accuracy: 0.882492745612823
Test accuracy: 0.8778600641096496
Number of nodes: 5
Student reward: 8.2
Iteration 52/80
Training student with 45985 points
Train accuracy: 0.8797433945851908
Test accuracy: 0.8805045123409807
Number of nodes: 5
Student reward: 10.3
Iteration 53/80
Training student with 46851 points
Train accuracy: 0.87982924226254
Test accuracy: 0.8844306904279159
Number of nodes: 5
Student reward: 11.0
Iteration 54/80
Training student with 47887 points
Train accuracy: 0.8827951656268762
Test accuracy: 0.8821257047400293
Number of nodes: 5
Student reward: 9.7
Iteration 55/80
Training student with 48771 points
Train accuracy: 0.8829454582735288
Test accuracy: 0.8841619682214249
Number of nodes: 5
Student reward: 8.1
Iteration 56/80
Training student with 49527 points
Train accuracy: 0.8815274728048257
Test accuracy: 0.8750252372299616
Number of nodes: 5
Student reward: 11.4
Iteration 57/80
Training student with 50558 points
Train accuracy: 0.8794441972012066
Test accuracy: 0.8838014240506329
Number of nodes: 5
Student reward: 9.2
Iteration 58/80
Training student with 51390 points
Train accuracy: 0.8843889861840825
Test accuracy: 0.8830511772718428
Number of nodes: 5
Student reward: 8.6
Iteration 59/80
Training student with 52160 points
Train accuracy: 0.8818299463190185
Test accuracy: 0.8805598159509203
Number of nodes: 5
Student reward: 9.4
Iteration 60/80
Training student with 53021 points
Train accuracy: 0.878017729158808
Test accuracy: 0.8803394625176804
Number of nodes: 5
Student reward: 10.9
Iteration 61/80
Training student with 53953 points
Train accuracy: 0.8817246652147722
Test accuracy: 0.882865350755259
Number of nodes: 5
Student reward: 8.5
Iteration 62/80
Training student with 54750 points
Train accuracy: 0.880958904109589
Test accuracy: 0.8810958904109589
Number of nodes: 5
Student reward: 8.7
Iteration 63/80
Training student with 55588 points
Train accuracy: 0.881268270744322
Test accuracy: 0.882262996941896
Number of nodes: 5
Student reward: 8.2
Iteration 64/80
Training student with 56358 points
Train accuracy: 0.8820476422836357
Test accuracy: 0.8867991483321505
Number of nodes: 5
Student reward: 10.3
Iteration 65/80
Training student with 57273 points
Train accuracy: 0.8819896110698852
Test accuracy: 0.8852902662592754
Number of nodes: 5
Student reward: 9.9
Iteration 66/80
Training student with 58160 points
Train accuracy: 0.8826298143053645
Test accuracy: 0.8815337001375516
Number of nodes: 5
Student reward: 9.2
Iteration 67/80
Training student with 58947 points
Train accuracy: 0.8835591746718409
Test accuracy: 0.8837150127226463
Number of nodes: 5
Student reward: 10.9
Iteration 68/80
Training student with 59968 points
Train accuracy: 0.8817692916996707
Test accuracy: 0.8776888444222111
Number of nodes: 5
Student reward: 9.9
Iteration 69/80
Training student with 60871 points
Train accuracy: 0.8825981600131427
Test accuracy: 0.8832032854209445
Number of nodes: 5
Student reward: 10.1
Iteration 70/80
Training student with 61822 points
Train accuracy: 0.8827264087995632
Test accuracy: 0.8819247877072381
Number of nodes: 5
Student reward: 9.5
Iteration 71/80
Training student with 62654 points
Train accuracy: 0.8810127087365082
Test accuracy: 0.8810948846859787
Number of nodes: 5
Student reward: 9.8
Iteration 72/80
Training student with 63567 points
Train accuracy: 0.8829960867598765
Test accuracy: 0.8809973257826018
Number of nodes: 5
Student reward: 8.8
Iteration 73/80
Training student with 64386 points
Train accuracy: 0.8829890502446222
Test accuracy: 0.887793135580059
Number of nodes: 5
Student reward: 10.0
Iteration 74/80
Training student with 65286 points
Train accuracy: 0.8842766332235582
Test accuracy: 0.8901056823403277
Number of nodes: 5
Student reward: 10.3
Iteration 75/80
Training student with 66241 points
Train accuracy: 0.8810009057971014
Test accuracy: 0.8807457166578609
Number of nodes: 5
Student reward: 9.4
Iteration 76/80
Training student with 67103 points
Train accuracy: 0.8817108155433852
Test accuracy: 0.8831681692869384
Number of nodes: 5
Student reward: 10.2
Iteration 77/80
Training student with 68030 points
Train accuracy: 0.8810635013964427
Test accuracy: 0.8815228575628399
Number of nodes: 5
Student reward: 10.7
Iteration 78/80
Training student with 68990 points
Train accuracy: 0.8803268589650673
Test accuracy: 0.8804899260762429
Number of nodes: 5
Student reward: 9.2
Iteration 79/80
Training student with 69805 points
Train accuracy: 0.8832103717498746
Test accuracy: 0.8839624668720005
Number of nodes: 5
Student reward: 10.1
Initial policy count: 80
Current policy count: 40
Reward update: 11.6 -> 9.56
Reward update: 11.4 -> 9.24
Reward update: 11.0 -> 9.58
Reward update: 10.9 -> 9.76
Reward update: 10.9 -> 9.6
Reward update: 10.9 -> 10.24
Reward update: 10.9 -> 9.08
Reward update: 10.8 -> 9.96
Reward update: 10.7 -> 9.42
Reward update: 10.7 -> 9.48
Reward update: 10.6 -> 9.2
Reward update: 10.4 -> 9.26
Reward update: 10.3 -> 9.4
Reward update: 10.3 -> 9.58
Reward update: 10.3 -> 9.98
Reward update: 10.3 -> 8.8
Reward update: 10.3 -> 9.46
Reward update: 10.3 -> 9.86
Reward update: 10.3 -> 10.12
Reward update: 10.3 -> 9.06
Reward update: 10.2 -> 9.18
Reward update: 10.2 -> 10.04
Reward update: 10.1 -> 9.5
Reward update: 10.1 -> 9.26
Reward update: 10.1 -> 10.22
Reward update: 10.1 -> 9.64
Reward update: 10.0 -> 9.54
Reward update: 9.9 -> 9.84
Reward update: 9.9 -> 9.6
Reward update: 9.8 -> 9.58
Reward update: 9.8 -> 9.44
Reward update: 9.8 -> 10.0
Reward update: 9.7 -> 9.98
Reward update: 9.7 -> 10.02
Reward update: 9.7 -> 9.76
Reward update: 9.7 -> 9.52
Reward update: 9.7 -> 9.56
Reward update: 9.6 -> 9.46
Reward update: 9.6 -> 9.56
Reward update: 9.5 -> 9.68
Current policy count: 20
Reward update: 10.24 -> 10.58
Reward update: 10.22 -> 9.32
Reward update: 10.12 -> 9.06
Reward update: 10.04 -> 9.66
Reward update: 10.02 -> 9.9
Reward update: 10.0 -> 8.4
Reward update: 9.98 -> 10.06
Reward update: 9.98 -> 9.82
Reward update: 9.96 -> 9.48
Reward update: 9.86 -> 9.0
Reward update: 9.84 -> 9.44
Reward update: 9.76 -> 9.08
Reward update: 9.76 -> 9.5
Reward update: 9.68 -> 9.52
Reward update: 9.64 -> 9.62
Reward update: 9.6 -> 9.28
Reward update: 9.6 -> 9.12
Reward update: 9.58 -> 10.04
Reward update: 9.58 -> 9.54
Reward update: 9.58 -> 9.24
Current policy count: 10
Reward update: 10.58 -> 9.18
Reward update: 10.06 -> 8.96
Reward update: 10.04 -> 9.48
Reward update: 9.9 -> 9.16
Reward update: 9.82 -> 9.48
Reward update: 9.66 -> 9.92
Reward update: 9.62 -> 9.44
Reward update: 9.54 -> 9.48
Reward update: 9.52 -> 9.4
Reward update: 9.5 -> 9.72
Current policy count: 5
Reward update: 9.92 -> 10.2
Reward update: 9.72 -> 8.62
Reward update: 9.48 -> 9.72
Reward update: 9.48 -> 9.04
Reward update: 9.48 -> 9.12
Current policy count: 3
Reward update: 10.2 -> 9.9
Reward update: 9.72 -> 9.66
Reward update: 9.12 -> 9.34
Current policy count: 2
Reward update: 9.9 -> 9.42
Reward update: 9.66 -> 9.36
Current policy count: 1
Reward update: 9.42 -> 9.98
Final reward: 10.22
Number of nodes: 5
