Iteration 0/80
Training student with 1000 points
Train accuracy: 0.58875
Test accuracy: 0.505
Number of nodes: 23
Student reward: 0.5555555555555555
Iteration 1/80
Training student with 2000 points
Train accuracy: 0.523125
Test accuracy: 0.56
Number of nodes: 23
Student reward: 0.5555555555555555
Iteration 2/80
Training student with 3000 points
Train accuracy: 0.5245833333333333
Test accuracy: 0.49666666666666665
Number of nodes: 23
Student reward: 0.5555555555555555
Iteration 3/80
Training student with 4000 points
Train accuracy: 0.505
Test accuracy: 0.4875
Number of nodes: 21
Student reward: 0.16666666666666669
Iteration 4/80
Training student with 5000 points
Train accuracy: 0.4685
Test accuracy: 0.486
Number of nodes: 21
Student reward: 0.5555555555555555
Iteration 5/80
Training student with 6000 points
Train accuracy: 0.47770833333333335
Test accuracy: 0.4841666666666667
Number of nodes: 23
Student reward: 0.5555555555555555
Iteration 6/80
Training student with 7000 points
Train accuracy: 0.46625
Test accuracy: 0.4642857142857143
Number of nodes: 23
Student reward: 0.5555555555555555
Iteration 7/80
Training student with 8000 points
Train accuracy: 0.45796875
Test accuracy: 0.465
Number of nodes: 21
Student reward: 0.16666666666666669
Iteration 8/80
Training student with 9000 points
Train accuracy: 0.4404166666666667
Test accuracy: 0.42944444444444446
Number of nodes: 21
Student reward: 0.5555555555555555
Iteration 9/80
Training student with 10000 points
Train accuracy: 0.44575
Test accuracy: 0.4445
Number of nodes: 21
Student reward: 0.5555555555555555
Iteration 10/80
Training student with 11000 points
Train accuracy: 0.44170454545454546
Test accuracy: 0.44727272727272727
Number of nodes: 23
Student reward: 0.16666666666666669
Iteration 11/80
Training student with 12000 points
Train accuracy: 0.44958333333333333
Test accuracy: 0.4558333333333333
Number of nodes: 23
Student reward: 0.5555555555555555
Iteration 12/80
Training student with 13000 points
Train accuracy: 0.44653846153846155
Test accuracy: 0.4369230769230769
Number of nodes: 23
Student reward: 0.5555555555555555
Iteration 13/80
Training student with 14000 points
Train accuracy: 0.4476785714285714
Test accuracy: 0.4617857142857143
Number of nodes: 23
Student reward: 0.5555555555555555
Iteration 14/80
Training student with 15000 points
Train accuracy: 0.45316666666666666
Test accuracy: 0.45666666666666667
Number of nodes: 23
Student reward: 0.5555555555555555
Iteration 15/80
Training student with 16000 points
Train accuracy: 0.452578125
Test accuracy: 0.425
Number of nodes: 21
Student reward: 0.5555555555555555
Iteration 16/80
Training student with 17000 points
Train accuracy: 0.4506617647058824
Test accuracy: 0.4541176470588235
Number of nodes: 23
Student reward: 0.5555555555555555
Iteration 17/80
Training student with 18000 points
Train accuracy: 0.4510416666666667
Test accuracy: 0.45694444444444443
Number of nodes: 23
Student reward: 0.16666666666666669
Iteration 18/80
Training student with 19000 points
Train accuracy: 0.4574342105263158
Test accuracy: 0.46342105263157896
Number of nodes: 23
Student reward: 0.5555555555555555
Iteration 19/80
Training student with 20000 points
Train accuracy: 0.457625
Test accuracy: 0.44275
Number of nodes: 23
Student reward: 0.5555555555555555
Iteration 20/80
Training student with 21000 points
Train accuracy: 0.46440476190476193
Test accuracy: 0.4654761904761905
Number of nodes: 21
Student reward: 0.5555555555555555
Iteration 21/80
Training student with 22000 points
Train accuracy: 0.45585227272727274
Test accuracy: 0.4484090909090909
Number of nodes: 23
Student reward: 0.5555555555555555
Iteration 22/80
Training student with 23000 points
Train accuracy: 0.4588586956521739
Test accuracy: 0.45521739130434785
Number of nodes: 23
Student reward: 0.5555555555555555
Iteration 23/80
Training student with 24000 points
Train accuracy: 0.45505208333333336
Test accuracy: 0.4625
Number of nodes: 23
Student reward: 0.5555555555555555
Iteration 24/80
Training student with 25000 points
Train accuracy: 0.4514
Test accuracy: 0.4496
Number of nodes: 21
Student reward: 0.5555555555555555
Iteration 25/80
Training student with 26000 points
Train accuracy: 0.45826923076923076
Test accuracy: 0.4525
Number of nodes: 21
Student reward: 0.5555555555555555
Iteration 26/80
Training student with 27000 points
Train accuracy: 0.4563888888888889
Test accuracy: 0.4524074074074074
Number of nodes: 21
Student reward: 0.5555555555555555
Iteration 27/80
Training student with 28000 points
Train accuracy: 0.4554464285714286
Test accuracy: 0.45714285714285713
Number of nodes: 23
Student reward: 0.5555555555555555
Iteration 28/80
Training student with 29000 points
Train accuracy: 0.4495689655172414
Test accuracy: 0.4458620689655172
Number of nodes: 23
Student reward: 0.5555555555555555
Iteration 29/80
Training student with 30000 points
Train accuracy: 0.44795833333333335
Test accuracy: 0.4505
Number of nodes: 23
Student reward: 0.16666666666666669
Iteration 30/80
Training student with 31000 points
Train accuracy: 0.4457258064516129
Test accuracy: 0.4409677419354839
Number of nodes: 21
Student reward: 0.5555555555555555
Iteration 31/80
Training student with 32000 points
Train accuracy: 0.4443359375
Test accuracy: 0.43890625
Number of nodes: 23
Student reward: 0.5555555555555555
Iteration 32/80
Training student with 33000 points
Train accuracy: 0.4469318181818182
Test accuracy: 0.4446969696969697
Number of nodes: 21
Student reward: 0.5555555555555555
Iteration 33/80
Training student with 34000 points
Train accuracy: 0.45088235294117646
Test accuracy: 0.4388235294117647
Number of nodes: 23
Student reward: 0.5555555555555555
Iteration 34/80
Training student with 35000 points
Train accuracy: 0.4427142857142857
Test accuracy: 0.44757142857142856
Number of nodes: 21
Student reward: 0.16666666666666669
Iteration 35/80
Training student with 36000 points
Train accuracy: 0.4490277777777778
Test accuracy: 0.44416666666666665
Number of nodes: 23
Student reward: 0.5555555555555555
Iteration 36/80
Training student with 37000 points
Train accuracy: 0.4483108108108108
Test accuracy: 0.45216216216216215
Number of nodes: 23
Student reward: 0.5555555555555555
Iteration 37/80
Training student with 38000 points
Train accuracy: 0.45394736842105265
Test accuracy: 0.45171052631578945
Number of nodes: 21
Student reward: 0.5555555555555555
Iteration 38/80
Training student with 39000 points
Train accuracy: 0.45237179487179485
Test accuracy: 0.4453846153846154
Number of nodes: 23
Student reward: 0.5555555555555555
Iteration 39/80
Training student with 40000 points
Train accuracy: 0.4501875
Test accuracy: 0.456
Number of nodes: 21
Student reward: 0.5555555555555555
Iteration 40/80
Training student with 41000 points
Train accuracy: 0.44902439024390245
Test accuracy: 0.4507317073170732
Number of nodes: 23
Student reward: 0.16666666666666669
Iteration 41/80
Training student with 42000 points
Train accuracy: 0.4437797619047619
Test accuracy: 0.4344047619047619
Number of nodes: 23
Student reward: 0.5555555555555555
Iteration 42/80
Training student with 43000 points
Train accuracy: 0.4451162790697674
Test accuracy: 0.4408139534883721
Number of nodes: 23
Student reward: 0.5555555555555555
Iteration 43/80
Training student with 44000 points
Train accuracy: 0.44625
Test accuracy: 0.445
Number of nodes: 21
Student reward: 0.5555555555555555
Iteration 44/80
Training student with 45000 points
Train accuracy: 0.451
Test accuracy: 0.4518888888888889
Number of nodes: 23
Student reward: 0.5555555555555555
Iteration 45/80
Training student with 46000 points
Train accuracy: 0.44497282608695654
Test accuracy: 0.4482608695652174
Number of nodes: 21
Student reward: 0.5555555555555555
Iteration 46/80
Training student with 47000 points
Train accuracy: 0.44460106382978726
Test accuracy: 0.45563829787234045
Number of nodes: 23
Student reward: 0.5555555555555555
Iteration 47/80
Training student with 48000 points
Train accuracy: 0.44268229166666667
Test accuracy: 0.4453125
Number of nodes: 21
Student reward: 0.5555555555555555
Iteration 48/80
Training student with 49000 points
Train accuracy: 0.4449234693877551
Test accuracy: 0.4498979591836735
Number of nodes: 21
Student reward: 0.5555555555555555
Iteration 49/80
Training student with 50000 points
Train accuracy: 0.451425
Test accuracy: 0.4545
Number of nodes: 23
Student reward: 0.5555555555555555
Iteration 50/80
Training student with 51000 points
Train accuracy: 0.4485294117647059
Test accuracy: 0.4483333333333333
Number of nodes: 21
Student reward: 0.16666666666666669
Iteration 51/80
Training student with 52000 points
Train accuracy: 0.4500240384615385
Test accuracy: 0.4332692307692308
Number of nodes: 23
Student reward: 0.5555555555555555
Iteration 52/80
Training student with 53000 points
Train accuracy: 0.446438679245283
Test accuracy: 0.4449056603773585
Number of nodes: 23
Student reward: 0.5555555555555555
Iteration 53/80
Training student with 54000 points
Train accuracy: 0.4431712962962963
Test accuracy: 0.45046296296296295
Number of nodes: 21
Student reward: 0.5555555555555555
Iteration 54/80
Training student with 55000 points
Train accuracy: 0.44825
Test accuracy: 0.44972727272727275
Number of nodes: 23
Student reward: 0.5555555555555555
Iteration 55/80
Training student with 56000 points
Train accuracy: 0.45140625
Test accuracy: 0.445625
Number of nodes: 21
Student reward: 0.5555555555555555
Iteration 56/80
Training student with 57000 points
Train accuracy: 0.45098684210526313
Test accuracy: 0.45087719298245615
Number of nodes: 23
Student reward: 0.16666666666666669
Iteration 57/80
Training student with 58000 points
Train accuracy: 0.4443534482758621
Test accuracy: 0.4493103448275862
Number of nodes: 23
Student reward: 0.5555555555555555
Iteration 58/80
Training student with 59000 points
Train accuracy: 0.4497669491525424
Test accuracy: 0.4527118644067797
Number of nodes: 23
Student reward: 0.16666666666666669
Iteration 59/80
Training student with 60000 points
Train accuracy: 0.44727083333333334
Test accuracy: 0.45616666666666666
Number of nodes: 21
Student reward: 0.5555555555555555
Iteration 60/80
Training student with 61000 points
Train accuracy: 0.44793032786885245
Test accuracy: 0.4512295081967213
Number of nodes: 23
Student reward: 0.16666666666666669
Iteration 61/80
Training student with 62000 points
Train accuracy: 0.4459677419354839
Test accuracy: 0.44983870967741935
Number of nodes: 21
Student reward: 0.5555555555555555
Iteration 62/80
Training student with 63000 points
Train accuracy: 0.44646825396825396
Test accuracy: 0.4475396825396825
Number of nodes: 23
Student reward: 0.5555555555555555
Iteration 63/80
Training student with 64000 points
Train accuracy: 0.4433203125
Test accuracy: 0.440390625
Number of nodes: 23
Student reward: 0.5555555555555555
Iteration 64/80
Training student with 65000 points
Train accuracy: 0.4456346153846154
Test accuracy: 0.4470769230769231
Number of nodes: 23
Student reward: 0.5555555555555555
Iteration 65/80
Training student with 66000 points
Train accuracy: 0.4459659090909091
Test accuracy: 0.45515151515151514
Number of nodes: 23
Student reward: 0.5555555555555555
Iteration 66/80
Training student with 67000 points
Train accuracy: 0.4474626865671642
Test accuracy: 0.4426119402985075
Number of nodes: 23
Student reward: 0.5555555555555555
Iteration 67/80
Training student with 68000 points
Train accuracy: 0.4512683823529412
Test accuracy: 0.4472058823529412
Number of nodes: 23
Student reward: 0.5555555555555555
Iteration 68/80
Training student with 69000 points
Train accuracy: 0.4519565217391304
Test accuracy: 0.45166666666666666
Number of nodes: 23
Student reward: 0.5555555555555555
Iteration 69/80
Training student with 70000 points
Train accuracy: 0.4472857142857143
Test accuracy: 0.4482857142857143
Number of nodes: 21
Student reward: 0.5555555555555555
Iteration 70/80
Training student with 71000 points
Train accuracy: 0.4488732394366197
Test accuracy: 0.4454225352112676
Number of nodes: 23
Student reward: 0.5555555555555555
Iteration 71/80
Training student with 72000 points
Train accuracy: 0.44772569444444443
Test accuracy: 0.4488888888888889
Number of nodes: 23
Student reward: 0.5555555555555555
Iteration 72/80
Training student with 73000 points
Train accuracy: 0.44738013698630136
Test accuracy: 0.4502739726027397
Number of nodes: 21
Student reward: 0.16666666666666669
Iteration 73/80
Training student with 74000 points
Train accuracy: 0.45192567567567565
Test accuracy: 0.45222972972972975
Number of nodes: 23
Student reward: 0.5555555555555555
Iteration 74/80
Training student with 75000 points
Train accuracy: 0.44676666666666665
Test accuracy: 0.4468666666666667
Number of nodes: 23
Student reward: 0.5555555555555555
Iteration 75/80
Training student with 76000 points
Train accuracy: 0.45144736842105265
Test accuracy: 0.44921052631578945
Number of nodes: 23
Student reward: 0.5555555555555555
Iteration 76/80
Training student with 77000 points
Train accuracy: 0.451038961038961
Test accuracy: 0.4453896103896104
Number of nodes: 21
Student reward: 0.16666666666666669
Iteration 77/80
Training student with 78000 points
Train accuracy: 0.4529166666666667
Test accuracy: 0.44814102564102565
Number of nodes: 21
Student reward: 0.5555555555555555
Iteration 78/80
Training student with 79000 points
Train accuracy: 0.45235759493670885
Test accuracy: 0.4507594936708861
Number of nodes: 23
Student reward: 0.5555555555555555
Iteration 79/80
Training student with 80000 points
Train accuracy: 0.449953125
Test accuracy: 0.4473125
Number of nodes: 23
Student reward: 0.16666666666666669
Initial policy count: 80
Current policy count: 40
Reward update: 0.5555555555555555 -> 0.5555555555555561
Reward update: 0.5555555555555555 -> 0.5555555555555561
Reward update: 0.5555555555555555 -> 0.5555555555555561
Reward update: 0.5555555555555555 -> 0.5555555555555561
Reward update: 0.5555555555555555 -> 0.5555555555555561
Reward update: 0.5555555555555555 -> 0.5555555555555561
Reward update: 0.5555555555555555 -> 0.5555555555555561
Reward update: 0.5555555555555555 -> 0.5555555555555561
Reward update: 0.5555555555555555 -> 0.5555555555555561
Reward update: 0.5555555555555555 -> 0.5555555555555561
Reward update: 0.5555555555555555 -> 0.5555555555555561
Reward update: 0.5555555555555555 -> 0.5555555555555561
Reward update: 0.5555555555555555 -> 0.5555555555555561
Reward update: 0.5555555555555555 -> 0.5555555555555561
Reward update: 0.5555555555555555 -> 0.5555555555555561
Reward update: 0.5555555555555555 -> 0.5555555555555561
Reward update: 0.5555555555555555 -> 0.5555555555555561
Reward update: 0.5555555555555555 -> 0.5555555555555561
Reward update: 0.5555555555555555 -> 0.5555555555555561
Reward update: 0.5555555555555555 -> 0.5555555555555561
Reward update: 0.5555555555555555 -> 0.5555555555555561
Reward update: 0.5555555555555555 -> 0.5555555555555561
Reward update: 0.5555555555555555 -> 0.5555555555555561
Reward update: 0.5555555555555555 -> 0.5555555555555561
Reward update: 0.5555555555555555 -> 0.5555555555555561
Reward update: 0.5555555555555555 -> 0.5555555555555561
Reward update: 0.5555555555555555 -> 0.5555555555555561
Reward update: 0.5555555555555555 -> 0.5555555555555561
Reward update: 0.5555555555555555 -> 0.5555555555555561
Reward update: 0.5555555555555555 -> 0.5555555555555561
Reward update: 0.5555555555555555 -> 0.5555555555555561
Reward update: 0.5555555555555555 -> 0.5555555555555561
Reward update: 0.5555555555555555 -> 0.5555555555555561
Reward update: 0.5555555555555555 -> 0.5555555555555561
Reward update: 0.5555555555555555 -> 0.5555555555555561
Reward update: 0.5555555555555555 -> 0.5555555555555561
Reward update: 0.5555555555555555 -> 0.5555555555555561
Reward update: 0.5555555555555555 -> 0.5555555555555561
Reward update: 0.5555555555555555 -> 0.5555555555555561
Reward update: 0.5555555555555555 -> 0.5555555555555561
Current policy count: 20
Reward update: 0.5555555555555561 -> 0.5555555555555561
Reward update: 0.5555555555555561 -> 0.5555555555555561
Reward update: 0.5555555555555561 -> 0.5555555555555561
Reward update: 0.5555555555555561 -> 0.5555555555555561
Reward update: 0.5555555555555561 -> 0.5555555555555561
Reward update: 0.5555555555555561 -> 0.5555555555555561
Reward update: 0.5555555555555561 -> 0.5555555555555561
Reward update: 0.5555555555555561 -> 0.5555555555555561
Reward update: 0.5555555555555561 -> 0.5555555555555561
Reward update: 0.5555555555555561 -> 0.5555555555555561
Reward update: 0.5555555555555561 -> 0.5555555555555561
Reward update: 0.5555555555555561 -> 0.5555555555555561
Reward update: 0.5555555555555561 -> 0.5555555555555561
Reward update: 0.5555555555555561 -> 0.5555555555555561
Reward update: 0.5555555555555561 -> 0.5555555555555561
Reward update: 0.5555555555555561 -> 0.5555555555555561
Reward update: 0.5555555555555561 -> 0.5555555555555561
Reward update: 0.5555555555555561 -> 0.5555555555555561
Reward update: 0.5555555555555561 -> 0.5555555555555561
Reward update: 0.5555555555555561 -> 0.5555555555555561
Current policy count: 10
Reward update: 0.5555555555555561 -> 0.5555555555555561
Reward update: 0.5555555555555561 -> 0.5555555555555561
Reward update: 0.5555555555555561 -> 0.5555555555555561
Reward update: 0.5555555555555561 -> 0.5555555555555561
Reward update: 0.5555555555555561 -> 0.5555555555555561
Reward update: 0.5555555555555561 -> 0.5555555555555561
Reward update: 0.5555555555555561 -> 0.5555555555555561
Reward update: 0.5555555555555561 -> 0.5555555555555561
Reward update: 0.5555555555555561 -> 0.5555555555555561
Reward update: 0.5555555555555561 -> 0.5555555555555561
Current policy count: 5
Reward update: 0.5555555555555561 -> 0.5555555555555561
Reward update: 0.5555555555555561 -> 0.5555555555555561
Reward update: 0.5555555555555561 -> 0.5555555555555561
Reward update: 0.5555555555555561 -> 0.5555555555555561
Reward update: 0.5555555555555561 -> 0.5555555555555561
Current policy count: 3
Reward update: 0.5555555555555561 -> 0.5555555555555561
Reward update: 0.5555555555555561 -> 0.5555555555555561
Reward update: 0.5555555555555561 -> 0.5555555555555561
Current policy count: 2
Reward update: 0.5555555555555561 -> 0.5555555555555561
Reward update: 0.5555555555555561 -> 0.5555555555555561
Current policy count: 1
Reward update: 0.5555555555555561 -> 0.5555555555555561
Final reward: 0.5555555555555561
Number of nodes: 23
