Iteration 0/80
Training student with 235 points
Train accuracy: 0.6329787234042553
Test accuracy: 0.5319148936170213
Number of nodes: 23
Student reward: 0.24545454545454545
Iteration 1/80
Training student with 1235 points
Train accuracy: 0.3765182186234818
Test accuracy: 0.3360323886639676
Number of nodes: 21
Student reward: 0.26363636363636356
Iteration 2/80
Training student with 2144 points
Train accuracy: 0.4717201166180758
Test accuracy: 0.4731934731934732
Number of nodes: 23
Student reward: 0.4
Iteration 3/80
Training student with 2962 points
Train accuracy: 0.5246939636977628
Test accuracy: 0.551433389544688
Number of nodes: 23
Student reward: 0.36363636363636365
Iteration 4/80
Training student with 3780 points
Train accuracy: 0.45072751322751325
Test accuracy: 0.43386243386243384
Number of nodes: 23
Student reward: 0.38181818181818183
Iteration 5/80
Training student with 4598 points
Train accuracy: 0.41272430668841764
Test accuracy: 0.3967391304347826
Number of nodes: 23
Student reward: 0.24545454545454545
Iteration 6/80
Training student with 5598 points
Train accuracy: 0.3876730683340777
Test accuracy: 0.3767857142857143
Number of nodes: 21
Student reward: 0.26363636363636356
Iteration 7/80
Training student with 6598 points
Train accuracy: 0.38442591890867756
Test accuracy: 0.3765151515151515
Number of nodes: 21
Student reward: 0.2
Iteration 8/80
Training student with 7416 points
Train accuracy: 0.3585637221847606
Test accuracy: 0.3780323450134771
Number of nodes: 23
Student reward: 0.1
Iteration 9/80
Training student with 8325 points
Train accuracy: 0.35495495495495494
Test accuracy: 0.34954954954954953
Number of nodes: 21
Student reward: 0.12727272727272726
Iteration 10/80
Training student with 9325 points
Train accuracy: 0.3920911528150134
Test accuracy: 0.40697050938337803
Number of nodes: 23
Student reward: 0.10909090909090909
Iteration 11/80
Training student with 10325 points
Train accuracy: 0.37530266343825663
Test accuracy: 0.37433414043583535
Number of nodes: 21
Student reward: 0.24545454545454543
Iteration 12/80
Training student with 11325 points
Train accuracy: 0.35485651214128033
Test accuracy: 0.35496688741721855
Number of nodes: 23
Student reward: 0.28181818181818186
Iteration 13/80
Training student with 12234 points
Train accuracy: 0.34024726678246653
Test accuracy: 0.35553739272578666
Number of nodes: 23
Student reward: 0.12727272727272726
Iteration 14/80
Training student with 13234 points
Train accuracy: 0.36648720128459433
Test accuracy: 0.38458632414053645
Number of nodes: 21
Student reward: 0.3727272727272727
Iteration 15/80
Training student with 14052 points
Train accuracy: 0.35699670847789344
Test accuracy: 0.36357168267520457
Number of nodes: 23
Student reward: 0.19090909090909086
Iteration 16/80
Training student with 15052 points
Train accuracy: 0.3425795199734241
Test accuracy: 0.33510461640650946
Number of nodes: 23
Student reward: 0.24545454545454545
Iteration 17/80
Training student with 16052 points
Train accuracy: 0.3370454014484853
Test accuracy: 0.34257240734973526
Number of nodes: 23
Student reward: 0.2
Iteration 18/80
Training student with 16870 points
Train accuracy: 0.34113811499703617
Test accuracy: 0.31713100177830467
Number of nodes: 21
Student reward: 0.509090909090909
Iteration 19/80
Training student with 17597 points
Train accuracy: 0.34716203736591605
Test accuracy: 0.34602272727272726
Number of nodes: 23
Student reward: 0.3272727272727272
Iteration 20/80
Training student with 18415 points
Train accuracy: 0.35935378767309256
Test accuracy: 0.3738799891392886
Number of nodes: 23
Student reward: 0.21818181818181817
Iteration 21/80
Training student with 19324 points
Train accuracy: 0.3798434568859564
Test accuracy: 0.3741267787839586
Number of nodes: 23
Student reward: 0.28181818181818186
Iteration 22/80
Training student with 20324 points
Train accuracy: 0.39381265760501877
Test accuracy: 0.3813038130381304
Number of nodes: 23
Student reward: 0.2
Iteration 23/80
Training student with 21324 points
Train accuracy: 0.3918752564628642
Test accuracy: 0.3842907385697538
Number of nodes: 23
Student reward: 0.1181818181818182
Iteration 24/80
Training student with 22324 points
Train accuracy: 0.4028221065009239
Test accuracy: 0.4051511758118701
Number of nodes: 23
Student reward: 0.24545454545454545
Iteration 25/80
Training student with 23324 points
Train accuracy: 0.41293745645532987
Test accuracy: 0.4162915326902465
Number of nodes: 23
Student reward: 0.21818181818181817
Iteration 26/80
Training student with 24324 points
Train accuracy: 0.42648645870805285
Test accuracy: 0.4115107913669065
Number of nodes: 21
Student reward: 0.3363636363636363
Iteration 27/80
Training student with 25233 points
Train accuracy: 0.4314871693252749
Test accuracy: 0.4307509411531603
Number of nodes: 21
Student reward: 0.09090909090909091
Iteration 28/80
Training student with 26233 points
Train accuracy: 0.4391975602782808
Test accuracy: 0.43453401943967984
Number of nodes: 23
Student reward: 0.3181818181818182
Iteration 29/80
Training student with 27142 points
Train accuracy: 0.4466448671302906
Test accuracy: 0.44464910664947505
Number of nodes: 21
Student reward: 0.31818181818181823
Iteration 30/80
Training student with 28051 points
Train accuracy: 0.4537433155080214
Test accuracy: 0.4585635359116022
Number of nodes: 23
Student reward: 0.13636363636363638
Iteration 31/80
Training student with 29051 points
Train accuracy: 0.46320998278829606
Test accuracy: 0.4725520564446739
Number of nodes: 23
Student reward: 0.3181818181818182
Iteration 32/80
Training student with 29960 points
Train accuracy: 0.47096128170894525
Test accuracy: 0.47630173564753003
Number of nodes: 23
Student reward: 0.23636363636363633
Iteration 33/80
Training student with 30960 points
Train accuracy: 0.47848029715762275
Test accuracy: 0.48158914728682173
Number of nodes: 19
Student reward: 0.16363636363636364
Iteration 34/80
Training student with 31960 points
Train accuracy: 0.48548967459324155
Test accuracy: 0.48247809762202754
Number of nodes: 23
Student reward: 0.26363636363636356
Iteration 35/80
Training student with 32869 points
Train accuracy: 0.49070165430690244
Test accuracy: 0.4878308487982963
Number of nodes: 21
Student reward: 0.3363636363636363
Iteration 36/80
Training student with 33687 points
Train accuracy: 0.4957512338120153
Test accuracy: 0.4878302166815079
Number of nodes: 23
Student reward: 0.2727272727272727
Iteration 37/80
Training student with 34687 points
Train accuracy: 0.4929907384049876
Test accuracy: 0.49394638224272125
Number of nodes: 23
Student reward: 0.2545454545454545
Iteration 38/80
Training student with 35687 points
Train accuracy: 0.49910679883708714
Test accuracy: 0.49621742785093864
Number of nodes: 21
Student reward: 0.15454545454545454
Iteration 39/80
Training student with 36687 points
Train accuracy: 0.5013458720910423
Test accuracy: 0.5040883074407195
Number of nodes: 23
Student reward: 0.4
Iteration 40/80
Training student with 37596 points
Train accuracy: 0.5054528527729751
Test accuracy: 0.5069148936170212
Number of nodes: 23
Student reward: 0.27272727272727265
Iteration 41/80
Training student with 38505 points
Train accuracy: 0.5089274120244124
Test accuracy: 0.5126606934164394
Number of nodes: 23
Student reward: 0.28181818181818186
Iteration 42/80
Training student with 39414 points
Train accuracy: 0.5117820557546542
Test accuracy: 0.5175694532538374
Number of nodes: 21
Student reward: 0.26363636363636356
Iteration 43/80
Training student with 40323 points
Train accuracy: 0.5145700291400582
Test accuracy: 0.5112213267203968
Number of nodes: 23
Student reward: 0.22727272727272724
Iteration 44/80
Training student with 41232 points
Train accuracy: 0.5180839775655601
Test accuracy: 0.5055171577543349
Number of nodes: 21
Student reward: 0.3181818181818182
Iteration 45/80
Training student with 42050 points
Train accuracy: 0.521551724137931
Test accuracy: 0.5112960760998811
Number of nodes: 23
Student reward: 0.3181818181818182
Iteration 46/80
Training student with 43050 points
Train accuracy: 0.5208188153310105
Test accuracy: 0.5199767711962834
Number of nodes: 23
Student reward: 0.16363636363636364
Iteration 47/80
Training student with 44050 points
Train accuracy: 0.5223041997729853
Test accuracy: 0.5233825198637911
Number of nodes: 23
Student reward: 0.2
Iteration 48/80
Training student with 44959 points
Train accuracy: 0.5257597241916201
Test accuracy: 0.5311387900355872
Number of nodes: 23
Student reward: 0.3
Iteration 49/80
Training student with 45777 points
Train accuracy: 0.5290407143442287
Test accuracy: 0.5303626037570992
Number of nodes: 23
Student reward: 0.23636363636363633
Iteration 50/80
Training student with 46686 points
Train accuracy: 0.5306843739959302
Test accuracy: 0.5402655814949668
Number of nodes: 23
Student reward: 0.3363636363636363
Iteration 51/80
Training student with 47595 points
Train accuracy: 0.5336169765731694
Test accuracy: 0.5361907763420527
Number of nodes: 23
Student reward: 0.29999999999999993
Iteration 52/80
Training student with 48504 points
Train accuracy: 0.5379996392031544
Test accuracy: 0.5355118029069168
Number of nodes: 23
Student reward: 0.34545454545454546
Iteration 53/80
Training student with 49413 points
Train accuracy: 0.5401973184922844
Test accuracy: 0.5446726702418294
Number of nodes: 21
Student reward: 0.35454545454545455
Iteration 54/80
Training student with 50231 points
Train accuracy: 0.5440722675691818
Test accuracy: 0.5419528217378322
Number of nodes: 23
Student reward: 0.509090909090909
Iteration 55/80
Training student with 51049 points
Train accuracy: 0.54308381693969
Test accuracy: 0.5410381978452498
Number of nodes: 23
Student reward: 0.2727272727272727
Iteration 56/80
Training student with 51958 points
Train accuracy: 0.5402492421690805
Test accuracy: 0.5379137798306389
Number of nodes: 21
Student reward: 0.12727272727272726
Iteration 57/80
Training student with 52958 points
Train accuracy: 0.5440919605343908
Test accuracy: 0.5328549848942599
Number of nodes: 23
Student reward: 0.5454545454545454
Iteration 58/80
Training student with 53685 points
Train accuracy: 0.5401648505169042
Test accuracy: 0.5520163919158052
Number of nodes: 23
Student reward: 0.27272727272727276
Iteration 59/80
Training student with 54594 points
Train accuracy: 0.5439267315397824
Test accuracy: 0.5347559300302226
Number of nodes: 21
Student reward: 0.2363636363636364
Iteration 60/80
Training student with 55503 points
Train accuracy: 0.5436692040899058
Test accuracy: 0.5384199621655706
Number of nodes: 23
Student reward: 0.16363636363636364
Iteration 61/80
Training student with 56503 points
Train accuracy: 0.5441573381708774
Test accuracy: 0.5491549420405274
Number of nodes: 23
Student reward: 0.1909090909090909
Iteration 62/80
Training student with 57503 points
Train accuracy: 0.5468240511282119
Test accuracy: 0.5472567602817147
Number of nodes: 23
Student reward: 0.19999999999999998
Iteration 63/80
Training student with 58503 points
Train accuracy: 0.5494423315242938
Test accuracy: 0.5458507819844458
Number of nodes: 23
Student reward: 0.20909090909090908
Iteration 64/80
Training student with 59503 points
Train accuracy: 0.5521826813999412
Test accuracy: 0.5464246701957819
Number of nodes: 23
Student reward: 0.40909090909090906
Iteration 65/80
Training student with 60230 points
Train accuracy: 0.5527145940561182
Test accuracy: 0.5497260501411256
Number of nodes: 21
Student reward: 0.23636363636363633
Iteration 66/80
Training student with 61230 points
Train accuracy: 0.5544259349991834
Test accuracy: 0.5498121835701454
Number of nodes: 23
Student reward: 0.24545454545454543
Iteration 67/80
Training student with 62230 points
Train accuracy: 0.5527880443515989
Test accuracy: 0.5607424071991001
Number of nodes: 23
Student reward: 0.42727272727272714
Iteration 68/80
Training student with 63139 points
Train accuracy: 0.556888598523094
Test accuracy: 0.5509977827050998
Number of nodes: 23
Student reward: 0.32727272727272727
Iteration 69/80
Training student with 63957 points
Train accuracy: 0.5582527118147171
Test accuracy: 0.5546435272045028
Number of nodes: 23
Student reward: 0.3090909090909091
Iteration 70/80
Training student with 64866 points
Train accuracy: 0.5533800971247976
Test accuracy: 0.561122244488978
Number of nodes: 21
Student reward: 0.1090909090909091
Iteration 71/80
Training student with 65866 points
Train accuracy: 0.5569915736734229
Test accuracy: 0.5537422195233035
Number of nodes: 23
Student reward: 0.1727272727272727
Iteration 72/80
Training student with 66866 points
Train accuracy: 0.5559149031630898
Test accuracy: 0.5643786451323464
Number of nodes: 23
Student reward: 0.1
Iteration 73/80
Training student with 67866 points
Train accuracy: 0.5588668680468577
Test accuracy: 0.5531162516575807
Number of nodes: 19
Student reward: 0.4636363636363637
Iteration 74/80
Training student with 68593 points
Train accuracy: 0.5587710026606407
Test accuracy: 0.5606822654712442
Number of nodes: 23
Student reward: 0.21818181818181817
Iteration 75/80
Training student with 69502 points
Train accuracy: 0.5619862952105178
Test accuracy: 0.5580893460902093
Number of nodes: 23
Student reward: 0.3272727272727272
Iteration 76/80
Training student with 70411 points
Train accuracy: 0.5627751739809687
Test accuracy: 0.5603209543421146
Number of nodes: 23
Student reward: 0.22727272727272724
Iteration 77/80
Training student with 71411 points
Train accuracy: 0.5646618120711385
Test accuracy: 0.5640971784639082
Number of nodes: 23
Student reward: 0.23636363636363633
Iteration 78/80
Training student with 72320 points
Train accuracy: 0.5654037610619469
Test accuracy: 0.566233407079646
Number of nodes: 23
Student reward: 0.21818181818181817
Iteration 79/80
Training student with 73320 points
Train accuracy: 0.5678361974904528
Test accuracy: 0.5651936715766503
Number of nodes: 23
Student reward: 0.3090909090909091
Initial policy count: 80
Current policy count: 40
Reward update: 0.5454545454545454 -> 0.26727272727272733
Reward update: 0.509090909090909 -> 0.2745454545454546
Reward update: 0.509090909090909 -> 0.22181818181818172
Reward update: 0.4636363636363637 -> 0.23272727272727273
Reward update: 0.42727272727272714 -> 0.2909090909090909
Reward update: 0.40909090909090906 -> 0.24909090909090906
Reward update: 0.4 -> 0.3472727272727273
Reward update: 0.4 -> 0.2327272727272727
Reward update: 0.38181818181818183 -> 0.22909090909090912
Reward update: 0.3727272727272727 -> 0.22545454545454555
Reward update: 0.36363636363636365 -> 0.23636363636363633
Reward update: 0.35454545454545455 -> 0.2890909090909092
Reward update: 0.34545454545454546 -> 0.29818181818181827
Reward update: 0.3363636363636363 -> 0.2418181818181818
Reward update: 0.3363636363636363 -> 0.26
Reward update: 0.3363636363636363 -> 0.23454545454545453
Reward update: 0.32727272727272727 -> 0.25636363636363635
Reward update: 0.3272727272727272 -> 0.2690909090909092
Reward update: 0.3272727272727272 -> 0.23999999999999996
Reward update: 0.31818181818181823 -> 0.24
Reward update: 0.3181818181818182 -> 0.26
Reward update: 0.3181818181818182 -> 0.2963636363636364
Reward update: 0.3181818181818182 -> 0.26
Reward update: 0.3181818181818182 -> 0.23272727272727273
Reward update: 0.3090909090909091 -> 0.26
Reward update: 0.3090909090909091 -> 0.32909090909090905
Reward update: 0.3 -> 0.27636363636363626
Reward update: 0.29999999999999993 -> 0.27454545454545454
Reward update: 0.28181818181818186 -> 0.2509090909090909
Reward update: 0.28181818181818186 -> 0.2981818181818183
Reward update: 0.28181818181818186 -> 0.27818181818181825
Reward update: 0.27272727272727276 -> 0.270909090909091
Reward update: 0.2727272727272727 -> 0.28909090909090923
Reward update: 0.2727272727272727 -> 0.19636363636363632
Reward update: 0.27272727272727265 -> 0.26363636363636367
Reward update: 0.26363636363636356 -> 0.28181818181818186
Reward update: 0.26363636363636356 -> 0.24000000000000005
Reward update: 0.26363636363636356 -> 0.14909090909090902
Reward update: 0.26363636363636356 -> 0.27454545454545454
Reward update: 0.2545454545454545 -> 0.24545454545454554
Current policy count: 20
Reward update: 0.3472727272727273 -> 0.26545454545454544
Reward update: 0.32909090909090905 -> 0.2745454545454546
Reward update: 0.2981818181818183 -> 0.2727272727272728
Reward update: 0.29818181818181827 -> 0.32909090909090916
Reward update: 0.2963636363636364 -> 0.21454545454545457
Reward update: 0.2909090909090909 -> 0.24181818181818188
Reward update: 0.28909090909090923 -> 0.26181818181818184
Reward update: 0.2890909090909092 -> 0.2581818181818182
Reward update: 0.28181818181818186 -> 0.28
Reward update: 0.27818181818181825 -> 0.2727272727272727
Reward update: 0.27636363636363626 -> 0.25636363636363635
Reward update: 0.2745454545454546 -> 0.22
Reward update: 0.27454545454545454 -> 0.2763636363636364
Reward update: 0.27454545454545454 -> 0.20909090909090908
Reward update: 0.270909090909091 -> 0.20181818181818184
Reward update: 0.2690909090909092 -> 0.2490909090909091
Reward update: 0.26727272727272733 -> 0.30000000000000004
Reward update: 0.26363636363636367 -> 0.29454545454545455
Reward update: 0.26 -> 0.2963636363636365
Reward update: 0.26 -> 0.2581818181818182
Current policy count: 10
Reward update: 0.32909090909090916 -> 0.3672727272727274
Reward update: 0.30000000000000004 -> 0.2745454545454546
Reward update: 0.2963636363636365 -> 0.26363636363636367
Reward update: 0.29454545454545455 -> 0.26727272727272733
Reward update: 0.28 -> 0.2745454545454546
Reward update: 0.2763636363636364 -> 0.3054545454545456
Reward update: 0.2745454545454546 -> 0.25454545454545463
Reward update: 0.2727272727272728 -> 0.21090909090909096
Reward update: 0.2727272727272727 -> 0.2963636363636364
Reward update: 0.26545454545454544 -> 0.2472727272727273
Current policy count: 5
Reward update: 0.3672727272727274 -> 0.27272727272727276
Reward update: 0.3054545454545456 -> 0.250909090909091
Reward update: 0.2963636363636364 -> 0.30363636363636365
Reward update: 0.2745454545454546 -> 0.3236363636363637
Reward update: 0.2745454545454546 -> 0.18545454545454543
Current policy count: 3
Reward update: 0.3236363636363637 -> 0.27272727272727265
Reward update: 0.30363636363636365 -> 0.24545454545454543
Reward update: 0.27272727272727276 -> 0.28727272727272724
Current policy count: 2
Reward update: 0.28727272727272724 -> 0.2454545454545455
Reward update: 0.27272727272727265 -> 0.2618181818181818
Current policy count: 1
Reward update: 0.2618181818181818 -> 0.33454545454545453
Final reward: 0.23454545454545453
Number of nodes: 23
