Iteration 0/80
Training student with 1250 points
Train accuracy: 0.863
Test accuracy: 0.868
Number of nodes: 5
Student reward: 8.5
Iteration 1/80
Training student with 2043 points
Train accuracy: 0.8629130966952264
Test accuracy: 0.8753056234718827
Number of nodes: 5
Student reward: 10.2
Iteration 2/80
Training student with 2965 points
Train accuracy: 0.8646711635750421
Test accuracy: 0.8650927487352446
Number of nodes: 5
Student reward: 8.6
Iteration 3/80
Training student with 3760 points
Train accuracy: 0.871343085106383
Test accuracy: 0.8829787234042553
Number of nodes: 5
Student reward: 8.0
Iteration 4/80
Training student with 4463 points
Train accuracy: 0.8803921568627451
Test accuracy: 0.8801791713325868
Number of nodes: 5
Student reward: 9.2
Iteration 5/80
Training student with 5280 points
Train accuracy: 0.8851799242424242
Test accuracy: 0.8712121212121212
Number of nodes: 5
Student reward: 10.6
Iteration 6/80
Training student with 6267 points
Train accuracy: 0.8829044484340715
Test accuracy: 0.8787878787878788
Number of nodes: 5
Student reward: 9.7
Iteration 7/80
Training student with 7155 points
Train accuracy: 0.8915094339622641
Test accuracy: 0.8825995807127882
Number of nodes: 5
Student reward: 10.2
Iteration 8/80
Training student with 8110 points
Train accuracy: 0.877003699136868
Test accuracy: 0.8964241676942046
Number of nodes: 5
Student reward: 9.4
Iteration 9/80
Training student with 8969 points
Train accuracy: 0.8848780487804878
Test accuracy: 0.8907469342251951
Number of nodes: 5
Student reward: 8.8
Iteration 10/80
Training student with 9808 points
Train accuracy: 0.8841447871526893
Test accuracy: 0.8843017329255861
Number of nodes: 5
Student reward: 10.8
Iteration 11/80
Training student with 10795 points
Train accuracy: 0.8796896711440482
Test accuracy: 0.8809634089856415
Number of nodes: 5
Student reward: 9.2
Iteration 12/80
Training student with 11626 points
Train accuracy: 0.8840860215053763
Test accuracy: 0.8753224419604472
Number of nodes: 5
Student reward: 8.7
Iteration 13/80
Training student with 12378 points
Train accuracy: 0.8862855988689153
Test accuracy: 0.8852988691437803
Number of nodes: 5
Student reward: 8.9
Iteration 14/80
Training student with 13158 points
Train accuracy: 0.8829564886946608
Test accuracy: 0.8841185410334347
Number of nodes: 5
Student reward: 9.9
Iteration 15/80
Training student with 14047 points
Train accuracy: 0.8836878170330159
Test accuracy: 0.8797153024911032
Number of nodes: 5
Student reward: 9.3
Iteration 16/80
Training student with 14898 points
Train accuracy: 0.8806846786373552
Test accuracy: 0.8795302013422819
Number of nodes: 5
Student reward: 9.3
Iteration 17/80
Training student with 15753 points
Train accuracy: 0.8826376765592763
Test accuracy: 0.8873373532211997
Number of nodes: 5
Student reward: 8.8
Iteration 18/80
Training student with 16558 points
Train accuracy: 0.8829835422014193
Test accuracy: 0.8861714975845411
Number of nodes: 5
Student reward: 9.4
Iteration 19/80
Training student with 17435 points
Train accuracy: 0.8784055061657585
Test accuracy: 0.877545167765988
Number of nodes: 5
Student reward: 9.5
Iteration 20/80
Training student with 18290 points
Train accuracy: 0.8809458720612356
Test accuracy: 0.8829961727720066
Number of nodes: 5
Student reward: 8.0
Iteration 21/80
Training student with 19012 points
Train accuracy: 0.8775724899730423
Test accuracy: 0.8682618985011833
Number of nodes: 5
Student reward: 10.0
Iteration 22/80
Training student with 19903 points
Train accuracy: 0.8799773897751538
Test accuracy: 0.883446370258729
Number of nodes: 5
Student reward: 9.8
Iteration 23/80
Training student with 20811 points
Train accuracy: 0.8811268620855358
Test accuracy: 0.8731683881815998
Number of nodes: 5
Student reward: 9.3
Iteration 24/80
Training student with 21646 points
Train accuracy: 0.8815546315546315
Test accuracy: 0.8752886836027713
Number of nodes: 5
Student reward: 10.3
Iteration 25/80
Training student with 22566 points
Train accuracy: 0.8828938621759362
Test accuracy: 0.8845813026140895
Number of nodes: 5
Student reward: 8.5
Iteration 26/80
Training student with 23342 points
Train accuracy: 0.8872168371445402
Test accuracy: 0.88520025701435
Number of nodes: 5
Student reward: 9.2
Iteration 27/80
Training student with 24180 points
Train accuracy: 0.8831679073614558
Test accuracy: 0.8864764267990074
Number of nodes: 5
Student reward: 9.0
Iteration 28/80
Training student with 25022 points
Train accuracy: 0.881750512064745
Test accuracy: 0.8887112887112887
Number of nodes: 5
Student reward: 10.1
Iteration 29/80
Training student with 25965 points
Train accuracy: 0.8783939919121895
Test accuracy: 0.8856152512998267
Number of nodes: 5
Student reward: 10.2
Iteration 30/80
Training student with 26896 points
Train accuracy: 0.8805540063208774
Test accuracy: 0.887546468401487
Number of nodes: 5
Student reward: 11.2
Iteration 31/80
Training student with 27859 points
Train accuracy: 0.8807376497509759
Test accuracy: 0.8833452979181622
Number of nodes: 5
Student reward: 8.3
Iteration 32/80
Training student with 28604 points
Train accuracy: 0.8830572914390595
Test accuracy: 0.8781681524209054
Number of nodes: 5
Student reward: 9.1
Iteration 33/80
Training student with 29411 points
Train accuracy: 0.8849455967358042
Test accuracy: 0.8927417984021757
Number of nodes: 5
Student reward: 9.5
Iteration 34/80
Training student with 30311 points
Train accuracy: 0.8859287363906302
Test accuracy: 0.8837209302325582
Number of nodes: 5
Student reward: 9.6
Iteration 35/80
Training student with 31202 points
Train accuracy: 0.8820159448740035
Test accuracy: 0.881909950328473
Number of nodes: 5
Student reward: 11.4
Iteration 36/80
Training student with 32204 points
Train accuracy: 0.8836703800023289
Test accuracy: 0.8857320291880143
Number of nodes: 5
Student reward: 9.9
Iteration 37/80
Training student with 33167 points
Train accuracy: 0.8843327177477104
Test accuracy: 0.881368706662647
Number of nodes: 5
Student reward: 10.5
Iteration 38/80
Training student with 34079 points
Train accuracy: 0.8845688295492059
Test accuracy: 0.8886443661971831
Number of nodes: 5
Student reward: 9.2
Iteration 39/80
Training student with 34929 points
Train accuracy: 0.881365637189994
Test accuracy: 0.88419696535929
Number of nodes: 5
Student reward: 9.3
Iteration 40/80
Training student with 35835 points
Train accuracy: 0.8852727780103251
Test accuracy: 0.8820985070461839
Number of nodes: 5
Student reward: 9.5
Iteration 41/80
Training student with 36722 points
Train accuracy: 0.8813697790788713
Test accuracy: 0.8822328114363512
Number of nodes: 5
Student reward: 9.4
Iteration 42/80
Training student with 37618 points
Train accuracy: 0.88177045258191
Test accuracy: 0.8809144072301966
Number of nodes: 5
Student reward: 9.4
Iteration 43/80
Training student with 38468 points
Train accuracy: 0.8816533437317216
Test accuracy: 0.8806862490252144
Number of nodes: 5
Student reward: 9.8
Iteration 44/80
Training student with 39357 points
Train accuracy: 0.8827695728124504
Test accuracy: 0.8751270325203252
Number of nodes: 5
Student reward: 9.5
Iteration 45/80
Training student with 40245 points
Train accuracy: 0.8825630513107219
Test accuracy: 0.8816001987824574
Number of nodes: 5
Student reward: 9.1
Iteration 46/80
Training student with 41082 points
Train accuracy: 0.8814240073026015
Test accuracy: 0.8751369112814896
Number of nodes: 5
Student reward: 8.9
Iteration 47/80
Training student with 41910 points
Train accuracy: 0.8801896921975663
Test accuracy: 0.8816511572417084
Number of nodes: 5
Student reward: 9.3
Iteration 48/80
Training student with 42784 points
Train accuracy: 0.8839804832442224
Test accuracy: 0.8804487554049316
Number of nodes: 5
Student reward: 9.2
Iteration 49/80
Training student with 43624 points
Train accuracy: 0.8826327401931288
Test accuracy: 0.876676217765043
Number of nodes: 5
Student reward: 10.6
Iteration 50/80
Training student with 44612 points
Train accuracy: 0.8818963826389083
Test accuracy: 0.8819903619858792
Number of nodes: 5
Student reward: 8.1
Iteration 51/80
Training student with 45344 points
Train accuracy: 0.8843831840110269
Test accuracy: 0.8797000771860183
Number of nodes: 5
Student reward: 8.8
Iteration 52/80
Training student with 46159 points
Train accuracy: 0.8829041081051805
Test accuracy: 0.8775996533795494
Number of nodes: 5
Student reward: 9.5
Iteration 53/80
Training student with 47000 points
Train accuracy: 0.8813297872340425
Test accuracy: 0.8773404255319149
Number of nodes: 5
Student reward: 8.9
Iteration 54/80
Training student with 47794 points
Train accuracy: 0.884320648620374
Test accuracy: 0.8815775708756146
Number of nodes: 5
Student reward: 9.7
Iteration 55/80
Training student with 48652 points
Train accuracy: 0.8804758356671206
Test accuracy: 0.8796629328948721
Number of nodes: 5
Student reward: 9.8
Iteration 56/80
Training student with 49535 points
Train accuracy: 0.8800595538508126
Test accuracy: 0.8796810336125972
Number of nodes: 5
Student reward: 8.5
Iteration 57/80
Training student with 50300 points
Train accuracy: 0.8839214711729623
Test accuracy: 0.8823061630218688
Number of nodes: 5
Student reward: 8.6
Iteration 58/80
Training student with 51121 points
Train accuracy: 0.8826780125195618
Test accuracy: 0.8832273838630806
Number of nodes: 5
Student reward: 9.3
Iteration 59/80
Training student with 51986 points
Train accuracy: 0.8829229585457343
Test accuracy: 0.8863242931332949
Number of nodes: 5
Student reward: 9.7
Iteration 60/80
Training student with 52820 points
Train accuracy: 0.8806796667928815
Test accuracy: 0.8841347974252177
Number of nodes: 5
Student reward: 9.6
Iteration 61/80
Training student with 53682 points
Train accuracy: 0.8831062987542205
Test accuracy: 0.8821831051504144
Number of nodes: 5
Student reward: 8.7
Iteration 62/80
Training student with 54480 points
Train accuracy: 0.8795888399412628
Test accuracy: 0.8852790014684288
Number of nodes: 5
Student reward: 9.2
Iteration 63/80
Training student with 55326 points
Train accuracy: 0.8807727067329417
Test accuracy: 0.8857762515814206
Number of nodes: 5
Student reward: 9.1
Iteration 64/80
Training student with 56181 points
Train accuracy: 0.8851682093271627
Test accuracy: 0.8849337011657916
Number of nodes: 5
Student reward: 9.5
Iteration 65/80
Training student with 57077 points
Train accuracy: 0.881167736142441
Test accuracy: 0.8862999299229152
Number of nodes: 5
Student reward: 9.9
Iteration 66/80
Training student with 57962 points
Train accuracy: 0.8800491707822037
Test accuracy: 0.8764771845078927
Number of nodes: 5
Student reward: 9.6
Iteration 67/80
Training student with 58874 points
Train accuracy: 0.883245928788297
Test accuracy: 0.8830573248407644
Number of nodes: 5
Student reward: 8.4
Iteration 68/80
Training student with 59671 points
Train accuracy: 0.8844058991117815
Test accuracy: 0.8780058651026393
Number of nodes: 5
Student reward: 8.5
Iteration 69/80
Training student with 60481 points
Train accuracy: 0.8825024801587301
Test accuracy: 0.8809622220385219
Number of nodes: 5
Student reward: 10.5
Iteration 70/80
Training student with 61415 points
Train accuracy: 0.8827647968737279
Test accuracy: 0.8847187169258325
Number of nodes: 5
Student reward: 9.2
Iteration 71/80
Training student with 62221 points
Train accuracy: 0.8810872709739633
Test accuracy: 0.8825231016472479
Number of nodes: 5
Student reward: 9.1
Iteration 72/80
Training student with 63041 points
Train accuracy: 0.8846962246192893
Test accuracy: 0.8780236339122849
Number of nodes: 5
Student reward: 10.9
Iteration 73/80
Training student with 63993 points
Train accuracy: 0.8801422041645506
Test accuracy: 0.8818657707633409
Number of nodes: 5
Student reward: 8.7
Iteration 74/80
Training student with 64782 points
Train accuracy: 0.8824891461649783
Test accuracy: 0.8807594350544108
Number of nodes: 5
Student reward: 11.1
Iteration 75/80
Training student with 65814 points
Train accuracy: 0.8825663330231145
Test accuracy: 0.8861201853680772
Number of nodes: 5
Student reward: 10.1
Iteration 76/80
Training student with 66744 points
Train accuracy: 0.8789025189624496
Test accuracy: 0.8809648662821186
Number of nodes: 5
Student reward: 8.5
Iteration 77/80
Training student with 67498 points
Train accuracy: 0.8827919552576021
Test accuracy: 0.8799259259259259
Number of nodes: 5
Student reward: 8.7
Iteration 78/80
Training student with 68290 points
Train accuracy: 0.8819007175281887
Test accuracy: 0.8797774198272075
Number of nodes: 5
Student reward: 8.7
Iteration 79/80
Training student with 69110 points
Train accuracy: 0.8815837071335552
Test accuracy: 0.883229633916944
Number of nodes: 5
Student reward: 10.0
Initial policy count: 80
Current policy count: 40
Reward update: 11.4 -> 9.68
Reward update: 11.2 -> 9.92
Reward update: 11.1 -> 10.06
Reward update: 10.9 -> 9.82
Reward update: 10.8 -> 8.8
Reward update: 10.6 -> 9.48
Reward update: 10.6 -> 9.0
Reward update: 10.5 -> 9.62
Reward update: 10.5 -> 8.98
Reward update: 10.3 -> 10.32
Reward update: 10.2 -> 9.46
Reward update: 10.2 -> 8.94
Reward update: 10.2 -> 9.24
Reward update: 10.1 -> 9.38
Reward update: 10.1 -> 10.26
Reward update: 10.0 -> 9.5
Reward update: 10.0 -> 9.46
Reward update: 9.9 -> 8.88
Reward update: 9.9 -> 9.8
Reward update: 9.9 -> 9.68
Reward update: 9.8 -> 9.64
Reward update: 9.8 -> 9.74
Reward update: 9.8 -> 9.5
Reward update: 9.7 -> 9.42
Reward update: 9.7 -> 9.72
Reward update: 9.7 -> 9.54
Reward update: 9.6 -> 9.66
Reward update: 9.6 -> 9.26
Reward update: 9.6 -> 9.54
Reward update: 9.5 -> 9.78
Reward update: 9.5 -> 10.18
Reward update: 9.5 -> 9.58
Reward update: 9.5 -> 9.68
Reward update: 9.5 -> 9.14
Reward update: 9.5 -> 9.6
Reward update: 9.4 -> 9.18
Reward update: 9.4 -> 9.42
Reward update: 9.4 -> 9.74
Reward update: 9.4 -> 9.02
Reward update: 9.3 -> 9.68
Current policy count: 20
Reward update: 10.32 -> 9.62
Reward update: 10.26 -> 9.66
Reward update: 10.18 -> 9.9
Reward update: 10.06 -> 9.72
Reward update: 9.92 -> 9.44
Reward update: 9.82 -> 9.12
Reward update: 9.8 -> 9.78
Reward update: 9.78 -> 9.36
Reward update: 9.74 -> 9.78
Reward update: 9.74 -> 9.92
Reward update: 9.72 -> 9.6
Reward update: 9.68 -> 9.84
Reward update: 9.68 -> 9.26
Reward update: 9.68 -> 10.3
Reward update: 9.68 -> 9.64
Reward update: 9.66 -> 9.68
Reward update: 9.64 -> 9.8
Reward update: 9.62 -> 9.0
Reward update: 9.6 -> 8.74
Reward update: 9.58 -> 10.34
Current policy count: 10
Reward update: 10.34 -> 9.74
Reward update: 10.3 -> 9.72
Reward update: 9.92 -> 9.62
Reward update: 9.9 -> 10.0
Reward update: 9.84 -> 8.82
Reward update: 9.8 -> 9.38
Reward update: 9.78 -> 9.78
Reward update: 9.78 -> 9.16
Reward update: 9.72 -> 9.0
Reward update: 9.68 -> 9.64
Current policy count: 5
Reward update: 10.0 -> 9.1
Reward update: 9.78 -> 9.08
Reward update: 9.74 -> 9.62
Reward update: 9.72 -> 9.22
Reward update: 9.64 -> 9.2
Current policy count: 3
Reward update: 9.62 -> 9.58
Reward update: 9.22 -> 9.5
Reward update: 9.2 -> 9.88
Current policy count: 2
Reward update: 9.88 -> 9.42
Reward update: 9.58 -> 8.98
Current policy count: 1
Reward update: 9.42 -> 9.8
Final reward: 9.3
Number of nodes: 5
