Iteration 0/80
Training student with 1000 points
Train accuracy: 0.5125
Test accuracy: 0.415
Number of nodes: 23
Student reward: 0.5555555555555555
Iteration 1/80
Training student with 2000 points
Train accuracy: 0.48125
Test accuracy: 0.4875
Number of nodes: 23
Student reward: 0.5555555555555555
Iteration 2/80
Training student with 3000 points
Train accuracy: 0.4575
Test accuracy: 0.45
Number of nodes: 23
Student reward: 0.16666666666666669
Iteration 3/80
Training student with 4000 points
Train accuracy: 0.4140625
Test accuracy: 0.415
Number of nodes: 23
Student reward: 0.5555555555555555
Iteration 4/80
Training student with 5000 points
Train accuracy: 0.43075
Test accuracy: 0.429
Number of nodes: 23
Student reward: 0.5555555555555555
Iteration 5/80
Training student with 6000 points
Train accuracy: 0.436875
Test accuracy: 0.44083333333333335
Number of nodes: 23
Student reward: 0.5555555555555555
Iteration 6/80
Training student with 7000 points
Train accuracy: 0.4541071428571429
Test accuracy: 0.42857142857142855
Number of nodes: 23
Student reward: 0.5555555555555555
Iteration 7/80
Training student with 8000 points
Train accuracy: 0.45765625
Test accuracy: 0.465
Number of nodes: 23
Student reward: 0.5555555555555555
Iteration 8/80
Training student with 9000 points
Train accuracy: 0.46125
Test accuracy: 0.4716666666666667
Number of nodes: 23
Student reward: 0.5555555555555555
Iteration 9/80
Training student with 10000 points
Train accuracy: 0.46725
Test accuracy: 0.471
Number of nodes: 23
Student reward: 0.5555555555555555
Iteration 10/80
Training student with 11000 points
Train accuracy: 0.46920454545454543
Test accuracy: 0.47954545454545455
Number of nodes: 23
Student reward: 0.5555555555555555
Iteration 11/80
Training student with 12000 points
Train accuracy: 0.47322916666666665
Test accuracy: 0.4795833333333333
Number of nodes: 23
Student reward: 0.5555555555555555
Iteration 12/80
Training student with 13000 points
Train accuracy: 0.47451923076923075
Test accuracy: 0.49115384615384616
Number of nodes: 23
Student reward: 0.5555555555555555
Iteration 13/80
Training student with 14000 points
Train accuracy: 0.483125
Test accuracy: 0.4739285714285714
Number of nodes: 23
Student reward: 0.5555555555555555
Iteration 14/80
Training student with 15000 points
Train accuracy: 0.49041666666666667
Test accuracy: 0.4676666666666667
Number of nodes: 23
Student reward: 0.5555555555555555
Iteration 15/80
Training student with 16000 points
Train accuracy: 0.48828125
Test accuracy: 0.488125
Number of nodes: 23
Student reward: 0.5555555555555555
Iteration 16/80
Training student with 17000 points
Train accuracy: 0.49117647058823527
Test accuracy: 0.48970588235294116
Number of nodes: 23
Student reward: 0.5555555555555555
Iteration 17/80
Training student with 18000 points
Train accuracy: 0.49416666666666664
Test accuracy: 0.4886111111111111
Number of nodes: 23
Student reward: 0.5555555555555555
Iteration 18/80
Training student with 19000 points
Train accuracy: 0.49473684210526314
Test accuracy: 0.48605263157894735
Number of nodes: 23
Student reward: 0.5555555555555555
Iteration 19/80
Training student with 20000 points
Train accuracy: 0.4890625
Test accuracy: 0.513
Number of nodes: 23
Student reward: 0.5555555555555555
Iteration 20/80
Training student with 21000 points
Train accuracy: 0.49720238095238095
Test accuracy: 0.4895238095238095
Number of nodes: 23
Student reward: 0.5555555555555555
Iteration 21/80
Training student with 22000 points
Train accuracy: 0.4930113636363636
Test accuracy: 0.514090909090909
Number of nodes: 23
Student reward: 0.5555555555555555
Iteration 22/80
Training student with 23000 points
Train accuracy: 0.49869565217391304
Test accuracy: 0.4960869565217391
Number of nodes: 23
Student reward: 0.5555555555555555
Iteration 23/80
Training student with 24000 points
Train accuracy: 0.49807291666666664
Test accuracy: 0.5029166666666667
Number of nodes: 23
Student reward: 0.5555555555555555
Iteration 24/80
Training student with 25000 points
Train accuracy: 0.50075
Test accuracy: 0.4946
Number of nodes: 23
Student reward: 0.5555555555555555
Iteration 25/80
Training student with 26000 points
Train accuracy: 0.5024038461538461
Test accuracy: 0.4905769230769231
Number of nodes: 23
Student reward: 0.5555555555555555
Iteration 26/80
Training student with 27000 points
Train accuracy: 0.4988425925925926
Test accuracy: 0.5083333333333333
Number of nodes: 23
Student reward: 0.5555555555555555
Iteration 27/80
Training student with 28000 points
Train accuracy: 0.5021428571428571
Test accuracy: 0.5008928571428571
Number of nodes: 23
Student reward: 0.5555555555555555
Iteration 28/80
Training student with 29000 points
Train accuracy: 0.5012068965517241
Test accuracy: 0.5053448275862069
Number of nodes: 23
Student reward: 0.5555555555555555
Iteration 29/80
Training student with 30000 points
Train accuracy: 0.50325
Test accuracy: 0.5011666666666666
Number of nodes: 23
Student reward: 0.5555555555555555
Iteration 30/80
Training student with 31000 points
Train accuracy: 0.5006854838709678
Test accuracy: 0.5198387096774194
Number of nodes: 23
Student reward: 0.5555555555555555
Iteration 31/80
Training student with 32000 points
Train accuracy: 0.5049609375
Test accuracy: 0.5028125
Number of nodes: 23
Student reward: 0.5555555555555555
Iteration 32/80
Training student with 33000 points
Train accuracy: 0.5068560606060606
Test accuracy: 0.49757575757575756
Number of nodes: 23
Student reward: 0.5555555555555555
Iteration 33/80
Training student with 34000 points
Train accuracy: 0.5040808823529411
Test accuracy: 0.5104411764705883
Number of nodes: 23
Student reward: 0.5555555555555555
Iteration 34/80
Training student with 35000 points
Train accuracy: 0.5055357142857143
Test accuracy: 0.506
Number of nodes: 23
Student reward: 0.5555555555555555
Iteration 35/80
Training student with 36000 points
Train accuracy: 0.5072916666666667
Test accuracy: 0.5041666666666667
Number of nodes: 23
Student reward: 0.5555555555555555
Iteration 36/80
Training student with 37000 points
Train accuracy: 0.50625
Test accuracy: 0.5097297297297297
Number of nodes: 23
Student reward: 0.5555555555555555
Iteration 37/80
Training student with 38000 points
Train accuracy: 0.509046052631579
Test accuracy: 0.5025
Number of nodes: 23
Student reward: 0.5555555555555555
Iteration 38/80
Training student with 39000 points
Train accuracy: 0.5063782051282051
Test accuracy: 0.5146153846153846
Number of nodes: 23
Student reward: 0.5555555555555555
Iteration 39/80
Training student with 40000 points
Train accuracy: 0.506375
Test accuracy: 0.517375
Number of nodes: 23
Student reward: 0.5555555555555555
Iteration 40/80
Training student with 41000 points
Train accuracy: 0.5090243902439024
Test accuracy: 0.5096341463414634
Number of nodes: 23
Student reward: 0.5555555555555555
Iteration 41/80
Training student with 42000 points
Train accuracy: 0.508095238095238
Test accuracy: 0.5103571428571428
Number of nodes: 23
Student reward: 0.5555555555555555
Iteration 42/80
Training student with 43000 points
Train accuracy: 0.5094767441860465
Test accuracy: 0.5073255813953489
Number of nodes: 23
Student reward: 0.5555555555555555
Iteration 43/80
Training student with 44000 points
Train accuracy: 0.509090909090909
Test accuracy: 0.5098863636363636
Number of nodes: 23
Student reward: 0.5555555555555555
Iteration 44/80
Training student with 45000 points
Train accuracy: 0.5076666666666667
Test accuracy: 0.5173333333333333
Number of nodes: 23
Student reward: 0.5555555555555555
Iteration 45/80
Training student with 46000 points
Train accuracy: 0.5122554347826087
Test accuracy: 0.49934782608695655
Number of nodes: 23
Student reward: 0.5555555555555555
Iteration 46/80
Training student with 47000 points
Train accuracy: 0.5080851063829788
Test accuracy: 0.5173404255319148
Number of nodes: 23
Student reward: 0.5555555555555555
Iteration 47/80
Training student with 48000 points
Train accuracy: 0.5098177083333333
Test accuracy: 0.51125
Number of nodes: 23
Student reward: 0.5555555555555555
Iteration 48/80
Training student with 49000 points
Train accuracy: 0.5106122448979592
Test accuracy: 0.5094897959183673
Number of nodes: 23
Student reward: 0.5555555555555555
Iteration 49/80
Training student with 50000 points
Train accuracy: 0.51105
Test accuracy: 0.5067
Number of nodes: 23
Student reward: 0.5555555555555555
Iteration 50/80
Training student with 51000 points
Train accuracy: 0.5109558823529412
Test accuracy: 0.5086274509803922
Number of nodes: 23
Student reward: 0.5555555555555555
Iteration 51/80
Training student with 52000 points
Train accuracy: 0.5108894230769231
Test accuracy: 0.5098076923076923
Number of nodes: 23
Student reward: 0.5555555555555555
Iteration 52/80
Training student with 53000 points
Train accuracy: 0.5111792452830188
Test accuracy: 0.509245283018868
Number of nodes: 23
Student reward: 0.5555555555555555
Iteration 53/80
Training student with 54000 points
Train accuracy: 0.511875
Test accuracy: 0.5070370370370371
Number of nodes: 23
Student reward: 0.5555555555555555
Iteration 54/80
Training student with 55000 points
Train accuracy: 0.51175
Test accuracy: 0.5085454545454545
Number of nodes: 23
Student reward: 0.5555555555555555
Iteration 55/80
Training student with 56000 points
Train accuracy: 0.5114732142857142
Test accuracy: 0.5111607142857143
Number of nodes: 23
Student reward: 0.5555555555555555
Iteration 56/80
Training student with 57000 points
Train accuracy: 0.5108991228070175
Test accuracy: 0.5136842105263157
Number of nodes: 23
Student reward: 0.5555555555555555
Iteration 57/80
Training student with 58000 points
Train accuracy: 0.5128663793103448
Test accuracy: 0.5044827586206897
Number of nodes: 23
Student reward: 0.5555555555555555
Iteration 58/80
Training student with 59000 points
Train accuracy: 0.5102966101694916
Test accuracy: 0.5136440677966102
Number of nodes: 23
Student reward: 0.5555555555555555
Iteration 59/80
Training student with 60000 points
Train accuracy: 0.5114375
Test accuracy: 0.5105833333333333
Number of nodes: 23
Student reward: 0.5555555555555555
Iteration 60/80
Training student with 61000 points
Train accuracy: 0.5111270491803279
Test accuracy: 0.5109016393442622
Number of nodes: 23
Student reward: 0.5555555555555555
Iteration 61/80
Training student with 62000 points
Train accuracy: 0.5114112903225806
Test accuracy: 0.5112903225806451
Number of nodes: 23
Student reward: 0.5555555555555555
Iteration 62/80
Training student with 63000 points
Train accuracy: 0.5110515873015873
Test accuracy: 0.5128571428571429
Number of nodes: 23
Student reward: 0.5555555555555555
Iteration 63/80
Training student with 64000 points
Train accuracy: 0.50990234375
Test accuracy: 0.5175
Number of nodes: 23
Student reward: 0.5555555555555555
Iteration 64/80
Training student with 65000 points
Train accuracy: 0.5111730769230769
Test accuracy: 0.5140769230769231
Number of nodes: 23
Student reward: 0.5555555555555555
Iteration 65/80
Training student with 66000 points
Train accuracy: 0.5122537878787878
Test accuracy: 0.5095454545454545
Number of nodes: 23
Student reward: 0.5555555555555555
Iteration 66/80
Training student with 67000 points
Train accuracy: 0.5121268656716418
Test accuracy: 0.5124626865671642
Number of nodes: 23
Student reward: 0.5555555555555555
Iteration 67/80
Training student with 68000 points
Train accuracy: 0.5136029411764705
Test accuracy: 0.5077941176470588
Number of nodes: 23
Student reward: 0.5555555555555555
Iteration 68/80
Training student with 69000 points
Train accuracy: 0.514963768115942
Test accuracy: 0.5042753623188406
Number of nodes: 23
Student reward: 0.5555555555555555
Iteration 69/80
Training student with 70000 points
Train accuracy: 0.5133214285714286
Test accuracy: 0.5110714285714286
Number of nodes: 23
Student reward: 0.5555555555555555
Iteration 70/80
Training student with 71000 points
Train accuracy: 0.5134154929577465
Test accuracy: 0.5119718309859155
Number of nodes: 23
Student reward: 0.5555555555555555
Iteration 71/80
Training student with 72000 points
Train accuracy: 0.5141840277777778
Test accuracy: 0.5092361111111111
Number of nodes: 23
Student reward: 0.5555555555555555
Iteration 72/80
Training student with 73000 points
Train accuracy: 0.5132191780821918
Test accuracy: 0.513972602739726
Number of nodes: 23
Student reward: 0.5555555555555555
Iteration 73/80
Training student with 74000 points
Train accuracy: 0.5138851351351351
Test accuracy: 0.5102702702702703
Number of nodes: 23
Student reward: 0.5555555555555555
Iteration 74/80
Training student with 75000 points
Train accuracy: 0.51305
Test accuracy: 0.5135333333333333
Number of nodes: 23
Student reward: 0.5555555555555555
Iteration 75/80
Training student with 76000 points
Train accuracy: 0.5117434210526316
Test accuracy: 0.5190789473684211
Number of nodes: 23
Student reward: 0.5555555555555555
Iteration 76/80
Training student with 77000 points
Train accuracy: 0.5129707792207793
Test accuracy: 0.5135714285714286
Number of nodes: 23
Student reward: 0.5555555555555555
Iteration 77/80
Training student with 78000 points
Train accuracy: 0.5124198717948718
Test accuracy: 0.5162179487179487
Number of nodes: 23
Student reward: 0.5555555555555555
Iteration 78/80
Training student with 79000 points
Train accuracy: 0.5136550632911392
Test accuracy: 0.5101898734177215
Number of nodes: 23
Student reward: 0.5555555555555555
Iteration 79/80
Training student with 80000 points
Train accuracy: 0.512953125
Test accuracy: 0.5145
Number of nodes: 23
Student reward: 0.5555555555555555
Initial policy count: 80
Current policy count: 40
Reward update: 0.5555555555555555 -> 0.5555555555555561
Reward update: 0.5555555555555555 -> 0.5555555555555561
Reward update: 0.5555555555555555 -> 0.5555555555555561
Reward update: 0.5555555555555555 -> 0.5555555555555561
Reward update: 0.5555555555555555 -> 0.5555555555555561
Reward update: 0.5555555555555555 -> 0.5555555555555561
Reward update: 0.5555555555555555 -> 0.5555555555555561
Reward update: 0.5555555555555555 -> 0.5555555555555561
Reward update: 0.5555555555555555 -> 0.5555555555555561
Reward update: 0.5555555555555555 -> 0.5555555555555561
Reward update: 0.5555555555555555 -> 0.5555555555555561
Reward update: 0.5555555555555555 -> 0.5555555555555561
Reward update: 0.5555555555555555 -> 0.5555555555555561
Reward update: 0.5555555555555555 -> 0.5555555555555561
Reward update: 0.5555555555555555 -> 0.5555555555555561
Reward update: 0.5555555555555555 -> 0.5555555555555561
Reward update: 0.5555555555555555 -> 0.5555555555555561
Reward update: 0.5555555555555555 -> 0.5555555555555561
Reward update: 0.5555555555555555 -> 0.5555555555555561
Reward update: 0.5555555555555555 -> 0.5555555555555561
Reward update: 0.5555555555555555 -> 0.5555555555555561
Reward update: 0.5555555555555555 -> 0.5555555555555561
Reward update: 0.5555555555555555 -> 0.5555555555555561
Reward update: 0.5555555555555555 -> 0.5555555555555561
Reward update: 0.5555555555555555 -> 0.5555555555555561
Reward update: 0.5555555555555555 -> 0.5555555555555561
Reward update: 0.5555555555555555 -> 0.5555555555555561
Reward update: 0.5555555555555555 -> 0.5555555555555561
Reward update: 0.5555555555555555 -> 0.5555555555555561
Reward update: 0.5555555555555555 -> 0.5555555555555561
Reward update: 0.5555555555555555 -> 0.5555555555555561
Reward update: 0.5555555555555555 -> 0.5555555555555561
Reward update: 0.5555555555555555 -> 0.5555555555555561
Reward update: 0.5555555555555555 -> 0.5555555555555561
Reward update: 0.5555555555555555 -> 0.5555555555555561
Reward update: 0.5555555555555555 -> 0.5555555555555561
Reward update: 0.5555555555555555 -> 0.5555555555555561
Reward update: 0.5555555555555555 -> 0.5555555555555561
Reward update: 0.5555555555555555 -> 0.5555555555555561
Reward update: 0.5555555555555555 -> 0.5555555555555561
Current policy count: 20
Reward update: 0.5555555555555561 -> 0.5555555555555561
Reward update: 0.5555555555555561 -> 0.5555555555555561
Reward update: 0.5555555555555561 -> 0.5555555555555561
Reward update: 0.5555555555555561 -> 0.5555555555555561
Reward update: 0.5555555555555561 -> 0.5555555555555561
Reward update: 0.5555555555555561 -> 0.5555555555555561
Reward update: 0.5555555555555561 -> 0.5555555555555561
Reward update: 0.5555555555555561 -> 0.5555555555555561
Reward update: 0.5555555555555561 -> 0.5555555555555561
Reward update: 0.5555555555555561 -> 0.5555555555555561
Reward update: 0.5555555555555561 -> 0.5555555555555561
Reward update: 0.5555555555555561 -> 0.5555555555555561
Reward update: 0.5555555555555561 -> 0.5555555555555561
Reward update: 0.5555555555555561 -> 0.5555555555555561
Reward update: 0.5555555555555561 -> 0.5555555555555561
Reward update: 0.5555555555555561 -> 0.5555555555555561
Reward update: 0.5555555555555561 -> 0.5555555555555561
Reward update: 0.5555555555555561 -> 0.5555555555555561
Reward update: 0.5555555555555561 -> 0.5555555555555561
Reward update: 0.5555555555555561 -> 0.5555555555555561
Current policy count: 10
Reward update: 0.5555555555555561 -> 0.5555555555555561
Reward update: 0.5555555555555561 -> 0.5555555555555561
Reward update: 0.5555555555555561 -> 0.5555555555555561
Reward update: 0.5555555555555561 -> 0.5555555555555561
Reward update: 0.5555555555555561 -> 0.5555555555555561
Reward update: 0.5555555555555561 -> 0.5555555555555561
Reward update: 0.5555555555555561 -> 0.5555555555555561
Reward update: 0.5555555555555561 -> 0.5555555555555561
Reward update: 0.5555555555555561 -> 0.5555555555555561
Reward update: 0.5555555555555561 -> 0.5555555555555561
Current policy count: 5
Reward update: 0.5555555555555561 -> 0.5555555555555561
Reward update: 0.5555555555555561 -> 0.5555555555555561
Reward update: 0.5555555555555561 -> 0.5555555555555561
Reward update: 0.5555555555555561 -> 0.5555555555555561
Reward update: 0.5555555555555561 -> 0.5555555555555561
Current policy count: 3
Reward update: 0.5555555555555561 -> 0.5555555555555561
Reward update: 0.5555555555555561 -> 0.5555555555555561
Reward update: 0.5555555555555561 -> 0.5555555555555561
Current policy count: 2
Reward update: 0.5555555555555561 -> 0.5555555555555561
Reward update: 0.5555555555555561 -> 0.5555555555555561
Current policy count: 1
Reward update: 0.5555555555555561 -> 0.5555555555555561
Final reward: 0.5555555555555561
Number of nodes: 23
