Iteration 0/80
Training student with 567 points
Train accuracy: 0.5342163355408388
Test accuracy: 0.5614035087719298
Number of nodes: 5
Student reward: 2.7
Iteration 1/80
Training student with 1062 points
Train accuracy: 0.5064782096584217
Test accuracy: 0.49295774647887325
Number of nodes: 5
Student reward: -1.0
Iteration 2/80
Training student with 1420 points
Train accuracy: 0.6091549295774648
Test accuracy: 0.6302816901408451
Number of nodes: 5
Student reward: 2.3
Iteration 3/80
Training student with 1895 points
Train accuracy: 0.5659630606860159
Test accuracy: 0.5567282321899736
Number of nodes: 5
Student reward: 1.9
Iteration 4/80
Training student with 2375 points
Train accuracy: 0.5052631578947369
Test accuracy: 0.5410526315789473
Number of nodes: 5
Student reward: 2.7
Iteration 5/80
Training student with 2937 points
Train accuracy: 0.48573861217539377
Test accuracy: 0.4897959183673469
Number of nodes: 5
Student reward: 1.0
Iteration 6/80
Training student with 3396 points
Train accuracy: 0.49226804123711343
Test accuracy: 0.4852941176470588
Number of nodes: 5
Student reward: 1.9
Iteration 7/80
Training student with 3881 points
Train accuracy: 0.5054768041237113
Test accuracy: 0.49935649935649934
Number of nodes: 5
Student reward: 2.1
Iteration 8/80
Training student with 4401 points
Train accuracy: 0.48522727272727273
Test accuracy: 0.45062429057888764
Number of nodes: 5
Student reward: 3.0
Iteration 9/80
Training student with 4911 points
Train accuracy: 0.4745417515274949
Test accuracy: 0.47914547304170907
Number of nodes: 5
Student reward: 3.2
Iteration 10/80
Training student with 5521 points
Train accuracy: 0.5115489130434783
Test accuracy: 0.5058823529411764
Number of nodes: 5
Student reward: 3.2
Iteration 11/80
Training student with 6083 points
Train accuracy: 0.49856144677353065
Test accuracy: 0.5061626951520132
Number of nodes: 5
Student reward: 1.0
Iteration 12/80
Training student with 6492 points
Train accuracy: 0.4947044097823994
Test accuracy: 0.5073133179368745
Number of nodes: 5
Student reward: 2.5
Iteration 13/80
Training student with 7002 points
Train accuracy: 0.4925906088198536
Test accuracy: 0.48394004282655245
Number of nodes: 5
Student reward: 1.0
Iteration 14/80
Training student with 7433 points
Train accuracy: 0.510427177934746
Test accuracy: 0.511768661735037
Number of nodes: 5
Student reward: 2.6
Iteration 15/80
Training student with 7947 points
Train accuracy: 0.5030674846625767
Test accuracy: 0.4930817610062893
Number of nodes: 5
Student reward: 2.6
Iteration 16/80
Training student with 8493 points
Train accuracy: 0.49264056520459226
Test accuracy: 0.4714537963507946
Number of nodes: 5
Student reward: 2.4
Iteration 17/80
Training student with 8996 points
Train accuracy: 0.47095608671484157
Test accuracy: 0.47
Number of nodes: 5
Student reward: 1.9
Iteration 18/80
Training student with 9469 points
Train accuracy: 0.4737953795379538
Test accuracy: 0.46198521647307283
Number of nodes: 5
Student reward: 2.4
Iteration 19/80
Training student with 9933 points
Train accuracy: 0.4846463629499119
Test accuracy: 0.474584801207851
Number of nodes: 5
Student reward: 2.2
Iteration 20/80
Training student with 10424 points
Train accuracy: 0.47907422952392376
Test accuracy: 0.49112709832134294
Number of nodes: 5
Student reward: 2.4
Iteration 21/80
Training student with 10949 points
Train accuracy: 0.48099098070556
Test accuracy: 0.5004566210045662
Number of nodes: 5
Student reward: 1.2
Iteration 22/80
Training student with 11352 points
Train accuracy: 0.4840876555445435
Test accuracy: 0.4817261118450022
Number of nodes: 5
Student reward: 2.6
Iteration 23/80
Training student with 11854 points
Train accuracy: 0.47295159759569755
Test accuracy: 0.4664698439477014
Number of nodes: 5
Student reward: 2.7
Iteration 24/80
Training student with 12414 points
Train accuracy: 0.4747759540831739
Test accuracy: 0.4752315747080145
Number of nodes: 5
Student reward: 2.1
Iteration 25/80
Training student with 12912 points
Train accuracy: 0.46751863684771033
Test accuracy: 0.4638017808749516
Number of nodes: 5
Student reward: 2.8
Iteration 26/80
Training student with 13448 points
Train accuracy: 0.46960401561628556
Test accuracy: 0.4732342007434944
Number of nodes: 5
Student reward: 2.8
Iteration 27/80
Training student with 13984 points
Train accuracy: 0.4619647805488514
Test accuracy: 0.45262781551662495
Number of nodes: 5
Student reward: 4.0
Iteration 28/80
Training student with 14636 points
Train accuracy: 0.48735907072087464
Test accuracy: 0.47575136612021857
Number of nodes: 5
Student reward: 0.7
Iteration 29/80
Training student with 15015 points
Train accuracy: 0.4850982350982351
Test accuracy: 0.48784548784548787
Number of nodes: 5
Student reward: 2.2
Iteration 30/80
Training student with 15509 points
Train accuracy: 0.4779559925848311
Test accuracy: 0.4738878143133462
Number of nodes: 5
Student reward: 2.6
Iteration 31/80
Training student with 16025 points
Train accuracy: 0.4719188767550702
Test accuracy: 0.47613104524180966
Number of nodes: 5
Student reward: 2.3
Iteration 32/80
Training student with 16586 points
Train accuracy: 0.4733192643955381
Test accuracy: 0.4638336347197107
Number of nodes: 5
Student reward: 2.1
Iteration 33/80
Training student with 17072 points
Train accuracy: 0.46737936589294865
Test accuracy: 0.46734992679355786
Number of nodes: 5
Student reward: 0.8
Iteration 34/80
Training student with 17483 points
Train accuracy: 0.4674674674674675
Test accuracy: 0.4675436088075493
Number of nodes: 5
Student reward: 2.6
Iteration 35/80
Training student with 18017 points
Train accuracy: 0.46610698674807466
Test accuracy: 0.47475027746947834
Number of nodes: 5
Student reward: 2.7
Iteration 36/80
Training student with 18561 points
Train accuracy: 0.46612338362068967
Test accuracy: 0.4653918664152976
Number of nodes: 5
Student reward: 2.5
Iteration 37/80
Training student with 19085 points
Train accuracy: 0.46030914330626144
Test accuracy: 0.47340843594445897
Number of nodes: 5
Student reward: 1.7
Iteration 38/80
Training student with 19553 points
Train accuracy: 0.4621531773430508
Test accuracy: 0.4615187931475326
Number of nodes: 5
Student reward: 2.7
Iteration 39/80
Training student with 20093 points
Train accuracy: 0.46914271494338683
Test accuracy: 0.4695197810400597
Number of nodes: 5
Student reward: 2.3
Iteration 40/80
Training student with 20580 points
Train accuracy: 0.46203838678328474
Test accuracy: 0.4511661807580175
Number of nodes: 5
Student reward: 2.0
Iteration 41/80
Training student with 21100 points
Train accuracy: 0.4652843601895735
Test accuracy: 0.466824644549763
Number of nodes: 5
Student reward: 2.5
Iteration 42/80
Training student with 21710 points
Train accuracy: 0.46234454168585903
Test accuracy: 0.48433901427913406
Number of nodes: 5
Student reward: 0.8
Iteration 43/80
Training student with 22130 points
Train accuracy: 0.4674649796656123
Test accuracy: 0.4683687302304564
Number of nodes: 5
Student reward: 2.9
Iteration 44/80
Training student with 22665 points
Train accuracy: 0.4639311714096625
Test accuracy: 0.4661372159717626
Number of nodes: 5
Student reward: 3.1
Iteration 45/80
Training student with 23248 points
Train accuracy: 0.46526508226691043
Test accuracy: 0.4827956989247312
Number of nodes: 5
Student reward: 2.1
Iteration 46/80
Training student with 23706 points
Train accuracy: 0.4762180974477958
Test accuracy: 0.4656263180092788
Number of nodes: 5
Student reward: 3.1
Iteration 47/80
Training student with 24245 points
Train accuracy: 0.46633326459063723
Test accuracy: 0.4613322334501959
Number of nodes: 5
Student reward: 2.9
Iteration 48/80
Training student with 24784 points
Train accuracy: 0.45856660109951075
Test accuracy: 0.4698406294129514
Number of nodes: 5
Student reward: 3.3
Iteration 49/80
Training student with 25364 points
Train accuracy: 0.4658222857424474
Test accuracy: 0.462448255470136
Number of nodes: 5
Student reward: 2.9
Iteration 50/80
Training student with 25919 points
Train accuracy: 0.4742705570291777
Test accuracy: 0.45717592592592593
Number of nodes: 5
Student reward: 1.0
Iteration 51/80
Training student with 26339 points
Train accuracy: 0.46680271463148404
Test accuracy: 0.47114654517843585
Number of nodes: 5
Student reward: 2.3
Iteration 52/80
Training student with 26833 points
Train accuracy: 0.46548029441908134
Test accuracy: 0.4626420719209987
Number of nodes: 5
Student reward: 0.4
Iteration 53/80
Training student with 27278 points
Train accuracy: 0.47030519659059666
Test accuracy: 0.46884164222873903
Number of nodes: 5
Student reward: 2.3
Iteration 54/80
Training student with 27793 points
Train accuracy: 0.46824682918053434
Test accuracy: 0.46609102356538945
Number of nodes: 5
Student reward: 2.7
Iteration 55/80
Training student with 28318 points
Train accuracy: 0.4674229716606339
Test accuracy: 0.4691031073446328
Number of nodes: 5
Student reward: 2.3
Iteration 56/80
Training student with 28813 points
Train accuracy: 0.45843817787418656
Test accuracy: 0.458962346000347
Number of nodes: 5
Student reward: 2.9
Iteration 57/80
Training student with 29414 points
Train accuracy: 0.47095321065828055
Test accuracy: 0.47781744008159105
Number of nodes: 5
Student reward: 3.1
Iteration 58/80
Training student with 29969 points
Train accuracy: 0.46661105318039625
Test accuracy: 0.4838171504838171
Number of nodes: 5
Student reward: 2.4
Iteration 59/80
Training student with 30501 points
Train accuracy: 0.47098360655737703
Test accuracy: 0.4668087198819866
Number of nodes: 5
Student reward: 0.5
Iteration 60/80
Training student with 30944 points
Train accuracy: 0.4624520298929509
Test accuracy: 0.47164323800290836
Number of nodes: 5
Student reward: 3.6
Iteration 61/80
Training student with 31545 points
Train accuracy: 0.4717070851165002
Test accuracy: 0.4791567601838643
Number of nodes: 5
Student reward: 2.1
Iteration 62/80
Training student with 32050 points
Train accuracy: 0.46634165366614666
Test accuracy: 0.4681747269890796
Number of nodes: 5
Student reward: 2.5
Iteration 63/80
Training student with 32553 points
Train accuracy: 0.4671684202442209
Test accuracy: 0.4687452004300415
Number of nodes: 5
Student reward: 1.0
Iteration 64/80
Training student with 32969 points
Train accuracy: 0.47139336492890993
Test accuracy: 0.47588717015468607
Number of nodes: 5
Student reward: 2.5
Iteration 65/80
Training student with 33490 points
Train accuracy: 0.4647282770976411
Test accuracy: 0.45386682591818456
Number of nodes: 5
Student reward: 2.3
Iteration 66/80
Training student with 34038 points
Train accuracy: 0.4631656261476313
Test accuracy: 0.45505287896592245
Number of nodes: 5
Student reward: 2.6
Iteration 67/80
Training student with 34574 points
Train accuracy: 0.46393578943562674
Test accuracy: 0.46796818510484456
Number of nodes: 5
Student reward: 2.3
Iteration 68/80
Training student with 35097 points
Train accuracy: 0.46051928624853083
Test accuracy: 0.4598290598290598
Number of nodes: 5
Student reward: 2.9
Iteration 69/80
Training student with 35594 points
Train accuracy: 0.4632835820895522
Test accuracy: 0.4549796319707824
Number of nodes: 5
Student reward: 0.9
Iteration 70/80
Training student with 36016 points
Train accuracy: 0.4595654588365959
Test accuracy: 0.4687673514714048
Number of nodes: 5
Student reward: 3.0
Iteration 71/80
Training student with 36566 points
Train accuracy: 0.45996854915903185
Test accuracy: 0.4595296691277003
Number of nodes: 5
Student reward: 3.0
Iteration 72/80
Training student with 37149 points
Train accuracy: 0.4625996837040277
Test accuracy: 0.4644683714670256
Number of nodes: 5
Student reward: 2.8
Iteration 73/80
Training student with 37670 points
Train accuracy: 0.46758030262808603
Test accuracy: 0.46323334218210777
Number of nodes: 5
Student reward: 2.4
Iteration 74/80
Training student with 38139 points
Train accuracy: 0.46792959916095833
Test accuracy: 0.4695857367593078
Number of nodes: 5
Student reward: 2.9
Iteration 75/80
Training student with 38690 points
Train accuracy: 0.4632333936417679
Test accuracy: 0.45864564486947534
Number of nodes: 5
Student reward: 0.9
Iteration 76/80
Training student with 39114 points
Train accuracy: 0.46799399188264995
Test accuracy: 0.4635050492138566
Number of nodes: 5
Student reward: 2.4
Iteration 77/80
Training student with 39603 points
Train accuracy: 0.463891168486838
Test accuracy: 0.4544880696881707
Number of nodes: 5
Student reward: 0.7
Iteration 78/80
Training student with 40014 points
Train accuracy: 0.46543375714598106
Test accuracy: 0.46257653379982505
Number of nodes: 5
Student reward: 2.0
Iteration 79/80
Training student with 40500 points
Train accuracy: 0.4652469135802469
Test accuracy: 0.45555555555555555
Number of nodes: 5
Student reward: 2.3
Initial policy count: 80
Current policy count: 40
Reward update: 4.0 -> 3.6
Reward update: 3.6 -> 2.46
Reward update: 3.3 -> 3.32
Reward update: 3.2 -> 3.12
Reward update: 3.2 -> 2.36
Reward update: 3.1 -> 2.5
Reward update: 3.1 -> 2.62
Reward update: 3.1 -> 2.6
Reward update: 3.0 -> 2.66
Reward update: 3.0 -> 2.84
Reward update: 3.0 -> 3.38
Reward update: 2.9 -> 2.68
Reward update: 2.9 -> 2.56
Reward update: 2.9 -> 2.48
Reward update: 2.9 -> 2.84
Reward update: 2.9 -> 2.56
Reward update: 2.9 -> 2.64
Reward update: 2.8 -> 2.5
Reward update: 2.8 -> 2.58
Reward update: 2.8 -> 2.72
Reward update: 2.7 -> 2.6
Reward update: 2.7 -> 2.32
Reward update: 2.7 -> 2.42
Reward update: 2.7 -> 2.08
Reward update: 2.7 -> 2.54
Reward update: 2.7 -> 2.38
Reward update: 2.6 -> 2.28
Reward update: 2.6 -> 2.58
Reward update: 2.6 -> 2.16
Reward update: 2.6 -> 2.38
Reward update: 2.6 -> 2.34
Reward update: 2.6 -> 2.22
Reward update: 2.5 -> 2.66
Reward update: 2.5 -> 2.34
Reward update: 2.5 -> 3.44
Reward update: 2.5 -> 2.68
Reward update: 2.5 -> 2.52
Reward update: 2.4 -> 2.58
Reward update: 2.4 -> 3.38
Reward update: 2.4 -> 3.0
Current policy count: 20
Reward update: 3.6 -> 3.86
Reward update: 3.44 -> 3.36
Reward update: 3.38 -> 3.3
Reward update: 3.38 -> 3.3
Reward update: 3.32 -> 3.18
Reward update: 3.12 -> 3.08
Reward update: 3.0 -> 2.62
Reward update: 2.84 -> 2.64
Reward update: 2.84 -> 3.56
Reward update: 2.72 -> 2.48
Reward update: 2.68 -> 2.26
Reward update: 2.68 -> 2.54
Reward update: 2.66 -> 2.62
Reward update: 2.66 -> 2.36
Reward update: 2.64 -> 2.34
Reward update: 2.62 -> 2.44
Reward update: 2.6 -> 2.48
Reward update: 2.6 -> 2.06
Reward update: 2.58 -> 2.52
Reward update: 2.58 -> 2.26
Current policy count: 10
Reward update: 3.86 -> 3.82
Reward update: 3.56 -> 3.14
Reward update: 3.36 -> 3.02
Reward update: 3.3 -> 2.78
Reward update: 3.3 -> 3.22
Reward update: 3.18 -> 3.44
Reward update: 3.08 -> 3.18
Reward update: 2.64 -> 2.52
Reward update: 2.62 -> 2.54
Reward update: 2.62 -> 2.62
Current policy count: 5
Reward update: 3.82 -> 3.44
Reward update: 3.44 -> 3.08
Reward update: 3.22 -> 3.48
Reward update: 3.18 -> 3.56
Reward update: 3.14 -> 3.14
Current policy count: 3
Reward update: 3.56 -> 3.18
Reward update: 3.48 -> 3.04
Reward update: 3.44 -> 3.12
Current policy count: 2
Reward update: 3.18 -> 3.34
Reward update: 3.12 -> 3.54
Current policy count: 1
Reward update: 3.54 -> 3.44
Final reward: 3.12
Number of nodes: 5
