Iteration 0/80
Training student with 1000 points
Train accuracy: 0.565
Test accuracy: 0.52
Number of nodes: 23
Student reward: 0.5555555555555555
Iteration 1/80
Training student with 2000 points
Train accuracy: 0.533125
Test accuracy: 0.525
Number of nodes: 21
Student reward: 0.16666666666666669
Iteration 2/80
Training student with 3000 points
Train accuracy: 0.5
Test accuracy: 0.5016666666666667
Number of nodes: 23
Student reward: 0.5555555555555555
Iteration 3/80
Training student with 4000 points
Train accuracy: 0.495625
Test accuracy: 0.5175
Number of nodes: 23
Student reward: 0.5555555555555555
Iteration 4/80
Training student with 5000 points
Train accuracy: 0.48675
Test accuracy: 0.456
Number of nodes: 23
Student reward: 0.5555555555555555
Iteration 5/80
Training student with 6000 points
Train accuracy: 0.48020833333333335
Test accuracy: 0.46
Number of nodes: 23
Student reward: 0.16666666666666669
Iteration 6/80
Training student with 7000 points
Train accuracy: 0.4992857142857143
Test accuracy: 0.5078571428571429
Number of nodes: 23
Student reward: 0.5555555555555555
Iteration 7/80
Training student with 8000 points
Train accuracy: 0.4734375
Test accuracy: 0.506875
Number of nodes: 23
Student reward: 0.5555555555555555
Iteration 8/80
Training student with 9000 points
Train accuracy: 0.4711111111111111
Test accuracy: 0.4738888888888889
Number of nodes: 23
Student reward: 0.5555555555555555
Iteration 9/80
Training student with 10000 points
Train accuracy: 0.47525
Test accuracy: 0.469
Number of nodes: 23
Student reward: 0.16666666666666669
Iteration 10/80
Training student with 11000 points
Train accuracy: 0.4495454545454545
Test accuracy: 0.4631818181818182
Number of nodes: 23
Student reward: 0.5555555555555555
Iteration 11/80
Training student with 12000 points
Train accuracy: 0.4586458333333333
Test accuracy: 0.43291666666666667
Number of nodes: 23
Student reward: 0.5555555555555555
Iteration 12/80
Training student with 13000 points
Train accuracy: 0.45576923076923076
Test accuracy: 0.4703846153846154
Number of nodes: 23
Student reward: 0.5555555555555555
Iteration 13/80
Training student with 14000 points
Train accuracy: 0.46616071428571426
Test accuracy: 0.48428571428571426
Number of nodes: 23
Student reward: 0.5555555555555555
Iteration 14/80
Training student with 15000 points
Train accuracy: 0.457
Test accuracy: 0.4713333333333333
Number of nodes: 23
Student reward: 0.5555555555555555
Iteration 15/80
Training student with 16000 points
Train accuracy: 0.464609375
Test accuracy: 0.4609375
Number of nodes: 23
Student reward: 0.5555555555555555
Iteration 16/80
Training student with 17000 points
Train accuracy: 0.4683088235294118
Test accuracy: 0.4723529411764706
Number of nodes: 23
Student reward: 0.5555555555555555
Iteration 17/80
Training student with 18000 points
Train accuracy: 0.4645138888888889
Test accuracy: 0.46305555555555555
Number of nodes: 23
Student reward: 0.5555555555555555
Iteration 18/80
Training student with 19000 points
Train accuracy: 0.45848684210526314
Test accuracy: 0.45394736842105265
Number of nodes: 23
Student reward: 0.5555555555555555
Iteration 19/80
Training student with 20000 points
Train accuracy: 0.4631875
Test accuracy: 0.46325
Number of nodes: 23
Student reward: 0.5555555555555555
Iteration 20/80
Training student with 21000 points
Train accuracy: 0.4618452380952381
Test accuracy: 0.4754761904761905
Number of nodes: 23
Student reward: 0.16666666666666669
Iteration 21/80
Training student with 22000 points
Train accuracy: 0.4732954545454545
Test accuracy: 0.47454545454545455
Number of nodes: 23
Student reward: 0.5555555555555555
Iteration 22/80
Training student with 23000 points
Train accuracy: 0.4701630434782609
Test accuracy: 0.47391304347826085
Number of nodes: 23
Student reward: 0.16666666666666669
Iteration 23/80
Training student with 24000 points
Train accuracy: 0.48041666666666666
Test accuracy: 0.47520833333333334
Number of nodes: 23
Student reward: 0.5555555555555555
Iteration 24/80
Training student with 25000 points
Train accuracy: 0.47975
Test accuracy: 0.484
Number of nodes: 23
Student reward: 0.5555555555555555
Iteration 25/80
Training student with 26000 points
Train accuracy: 0.4796634615384615
Test accuracy: 0.4823076923076923
Number of nodes: 23
Student reward: 0.5555555555555555
Iteration 26/80
Training student with 27000 points
Train accuracy: 0.4799537037037037
Test accuracy: 0.48777777777777775
Number of nodes: 23
Student reward: 0.5555555555555555
Iteration 27/80
Training student with 28000 points
Train accuracy: 0.47401785714285716
Test accuracy: 0.4732142857142857
Number of nodes: 23
Student reward: 0.5555555555555555
Iteration 28/80
Training student with 29000 points
Train accuracy: 0.47426724137931037
Test accuracy: 0.4782758620689655
Number of nodes: 23
Student reward: 0.16666666666666669
Iteration 29/80
Training student with 30000 points
Train accuracy: 0.4871666666666667
Test accuracy: 0.47333333333333333
Number of nodes: 23
Student reward: 0.5555555555555555
Iteration 30/80
Training student with 31000 points
Train accuracy: 0.4825
Test accuracy: 0.4790322580645161
Number of nodes: 23
Student reward: 0.5555555555555555
Iteration 31/80
Training student with 32000 points
Train accuracy: 0.4773828125
Test accuracy: 0.4778125
Number of nodes: 23
Student reward: 0.5555555555555555
Iteration 32/80
Training student with 33000 points
Train accuracy: 0.48200757575757575
Test accuracy: 0.47909090909090907
Number of nodes: 23
Student reward: 0.5555555555555555
Iteration 33/80
Training student with 34000 points
Train accuracy: 0.48099264705882355
Test accuracy: 0.47573529411764703
Number of nodes: 23
Student reward: 0.5555555555555555
Iteration 34/80
Training student with 35000 points
Train accuracy: 0.481
Test accuracy: 0.4787142857142857
Number of nodes: 23
Student reward: 0.5555555555555555
Iteration 35/80
Training student with 36000 points
Train accuracy: 0.4803125
Test accuracy: 0.47555555555555556
Number of nodes: 23
Student reward: 0.5555555555555555
Iteration 36/80
Training student with 37000 points
Train accuracy: 0.47638513513513514
Test accuracy: 0.4845945945945946
Number of nodes: 23
Student reward: 0.5555555555555555
Iteration 37/80
Training student with 38000 points
Train accuracy: 0.48046052631578945
Test accuracy: 0.48092105263157897
Number of nodes: 23
Student reward: 0.5555555555555555
Iteration 38/80
Training student with 39000 points
Train accuracy: 0.47923076923076924
Test accuracy: 0.4823076923076923
Number of nodes: 23
Student reward: 0.16666666666666669
Iteration 39/80
Training student with 40000 points
Train accuracy: 0.48103125
Test accuracy: 0.476375
Number of nodes: 23
Student reward: 0.5555555555555555
Iteration 40/80
Training student with 41000 points
Train accuracy: 0.4785670731707317
Test accuracy: 0.4767073170731707
Number of nodes: 23
Student reward: 0.5555555555555555
Iteration 41/80
Training student with 42000 points
Train accuracy: 0.4744940476190476
Test accuracy: 0.48488095238095236
Number of nodes: 23
Student reward: 0.5555555555555555
Iteration 42/80
Training student with 43000 points
Train accuracy: 0.4779651162790698
Test accuracy: 0.49197674418604653
Number of nodes: 23
Student reward: 0.5555555555555555
Iteration 43/80
Training student with 44000 points
Train accuracy: 0.48434659090909093
Test accuracy: 0.48363636363636364
Number of nodes: 23
Student reward: 0.16666666666666669
Iteration 44/80
Training student with 45000 points
Train accuracy: 0.48125
Test accuracy: 0.48033333333333333
Number of nodes: 23
Student reward: 0.5555555555555555
Iteration 45/80
Training student with 46000 points
Train accuracy: 0.4821739130434783
Test accuracy: 0.4732608695652174
Number of nodes: 23
Student reward: 0.5555555555555555
Iteration 46/80
Training student with 47000 points
Train accuracy: 0.4776595744680851
Test accuracy: 0.47904255319148936
Number of nodes: 23
Student reward: 0.16666666666666669
Iteration 47/80
Training student with 48000 points
Train accuracy: 0.48184895833333335
Test accuracy: 0.4869791666666667
Number of nodes: 23
Student reward: 0.5555555555555555
Iteration 48/80
Training student with 49000 points
Train accuracy: 0.48392857142857143
Test accuracy: 0.48
Number of nodes: 23
Student reward: 0.5555555555555555
Iteration 49/80
Training student with 50000 points
Train accuracy: 0.487225
Test accuracy: 0.4852
Number of nodes: 23
Student reward: 0.5555555555555555
Iteration 50/80
Training student with 51000 points
Train accuracy: 0.4821813725490196
Test accuracy: 0.47911764705882354
Number of nodes: 23
Student reward: 0.5555555555555555
Iteration 51/80
Training student with 52000 points
Train accuracy: 0.48223557692307695
Test accuracy: 0.48394230769230767
Number of nodes: 23
Student reward: 0.5555555555555555
Iteration 52/80
Training student with 53000 points
Train accuracy: 0.483561320754717
Test accuracy: 0.48471698113207545
Number of nodes: 23
Student reward: 0.5555555555555555
Iteration 53/80
Training student with 54000 points
Train accuracy: 0.47965277777777776
Test accuracy: 0.48148148148148145
Number of nodes: 23
Student reward: 0.5555555555555555
Iteration 54/80
Training student with 55000 points
Train accuracy: 0.4826590909090909
Test accuracy: 0.4870909090909091
Number of nodes: 23
Student reward: 0.16666666666666669
Iteration 55/80
Training student with 56000 points
Train accuracy: 0.4892633928571429
Test accuracy: 0.4875
Number of nodes: 23
Student reward: 0.5555555555555555
Iteration 56/80
Training student with 57000 points
Train accuracy: 0.48271929824561405
Test accuracy: 0.486140350877193
Number of nodes: 23
Student reward: 0.5555555555555555
Iteration 57/80
Training student with 58000 points
Train accuracy: 0.48148706896551724
Test accuracy: 0.49
Number of nodes: 23
Student reward: 0.5555555555555555
Iteration 58/80
Training student with 59000 points
Train accuracy: 0.4786864406779661
Test accuracy: 0.4780508474576271
Number of nodes: 23
Student reward: 0.16666666666666669
Iteration 59/80
Training student with 60000 points
Train accuracy: 0.48602083333333335
Test accuracy: 0.4765
Number of nodes: 23
Student reward: 0.5555555555555555
Iteration 60/80
Training student with 61000 points
Train accuracy: 0.481905737704918
Test accuracy: 0.4876229508196721
Number of nodes: 23
Student reward: 0.5555555555555555
Iteration 61/80
Training student with 62000 points
Train accuracy: 0.4790725806451613
Test accuracy: 0.47838709677419355
Number of nodes: 23
Student reward: 0.5555555555555555
Iteration 62/80
Training student with 63000 points
Train accuracy: 0.4889484126984127
Test accuracy: 0.4822222222222222
Number of nodes: 23
Student reward: 0.5555555555555555
Iteration 63/80
Training student with 64000 points
Train accuracy: 0.48359375
Test accuracy: 0.482734375
Number of nodes: 23
Student reward: 0.5555555555555555
Iteration 64/80
Training student with 65000 points
Train accuracy: 0.4827692307692308
Test accuracy: 0.4825384615384615
Number of nodes: 23
Student reward: 0.5555555555555555
Iteration 65/80
Training student with 66000 points
Train accuracy: 0.4805492424242424
Test accuracy: 0.4874242424242424
Number of nodes: 23
Student reward: 0.5555555555555555
Iteration 66/80
Training student with 67000 points
Train accuracy: 0.4788619402985075
Test accuracy: 0.4817910447761194
Number of nodes: 23
Student reward: 0.5555555555555555
Iteration 67/80
Training student with 68000 points
Train accuracy: 0.48380514705882355
Test accuracy: 0.48
Number of nodes: 23
Student reward: 0.5555555555555555
Iteration 68/80
Training student with 69000 points
Train accuracy: 0.48246376811594205
Test accuracy: 0.47695652173913045
Number of nodes: 23
Student reward: 0.16666666666666669
Iteration 69/80
Training student with 70000 points
Train accuracy: 0.4865892857142857
Test accuracy: 0.4770714285714286
Number of nodes: 23
Student reward: 0.5555555555555555
Iteration 70/80
Training student with 71000 points
Train accuracy: 0.4819894366197183
Test accuracy: 0.4852112676056338
Number of nodes: 23
Student reward: 0.5555555555555555
Iteration 71/80
Training student with 72000 points
Train accuracy: 0.4854861111111111
Test accuracy: 0.48125
Number of nodes: 23
Student reward: 0.5555555555555555
Iteration 72/80
Training student with 73000 points
Train accuracy: 0.4815068493150685
Test accuracy: 0.48164383561643836
Number of nodes: 23
Student reward: 0.5555555555555555
Iteration 73/80
Training student with 74000 points
Train accuracy: 0.48072635135135133
Test accuracy: 0.4867567567567568
Number of nodes: 23
Student reward: 0.16666666666666669
Iteration 74/80
Training student with 75000 points
Train accuracy: 0.48665
Test accuracy: 0.4872666666666667
Number of nodes: 23
Student reward: 0.5555555555555555
Iteration 75/80
Training student with 76000 points
Train accuracy: 0.48601973684210525
Test accuracy: 0.4794078947368421
Number of nodes: 23
Student reward: 0.5555555555555555
Iteration 76/80
Training student with 77000 points
Train accuracy: 0.4837987012987013
Test accuracy: 0.485
Number of nodes: 23
Student reward: 0.5555555555555555
Iteration 77/80
Training student with 78000 points
Train accuracy: 0.48193910256410255
Test accuracy: 0.48628205128205126
Number of nodes: 23
Student reward: 0.16666666666666669
Iteration 78/80
Training student with 79000 points
Train accuracy: 0.4883069620253165
Test accuracy: 0.4869620253164557
Number of nodes: 23
Student reward: 0.5555555555555555
Iteration 79/80
Training student with 80000 points
Train accuracy: 0.48221875
Test accuracy: 0.4889375
Number of nodes: 23
Student reward: 0.5555555555555555
Initial policy count: 80
Current policy count: 40
Reward update: 0.5555555555555555 -> 0.5555555555555561
Reward update: 0.5555555555555555 -> 0.5555555555555561
Reward update: 0.5555555555555555 -> 0.5555555555555561
Reward update: 0.5555555555555555 -> 0.5555555555555561
Reward update: 0.5555555555555555 -> 0.5555555555555561
Reward update: 0.5555555555555555 -> 0.5555555555555561
Reward update: 0.5555555555555555 -> 0.5555555555555561
Reward update: 0.5555555555555555 -> 0.5555555555555561
Reward update: 0.5555555555555555 -> 0.5555555555555561
Reward update: 0.5555555555555555 -> 0.5555555555555561
Reward update: 0.5555555555555555 -> 0.5555555555555561
Reward update: 0.5555555555555555 -> 0.5555555555555561
Reward update: 0.5555555555555555 -> 0.5555555555555561
Reward update: 0.5555555555555555 -> 0.5555555555555561
Reward update: 0.5555555555555555 -> 0.5555555555555561
Reward update: 0.5555555555555555 -> 0.5555555555555561
Reward update: 0.5555555555555555 -> 0.5555555555555561
Reward update: 0.5555555555555555 -> 0.5555555555555561
Reward update: 0.5555555555555555 -> 0.5555555555555561
Reward update: 0.5555555555555555 -> 0.5555555555555561
Reward update: 0.5555555555555555 -> 0.5555555555555561
Reward update: 0.5555555555555555 -> 0.5555555555555561
Reward update: 0.5555555555555555 -> 0.5555555555555561
Reward update: 0.5555555555555555 -> 0.5555555555555561
Reward update: 0.5555555555555555 -> 0.5555555555555561
Reward update: 0.5555555555555555 -> 0.5555555555555561
Reward update: 0.5555555555555555 -> 0.5555555555555561
Reward update: 0.5555555555555555 -> 0.5555555555555561
Reward update: 0.5555555555555555 -> 0.5555555555555561
Reward update: 0.5555555555555555 -> 0.5555555555555561
Reward update: 0.5555555555555555 -> 0.5555555555555561
Reward update: 0.5555555555555555 -> 0.5555555555555561
Reward update: 0.5555555555555555 -> 0.5555555555555561
Reward update: 0.5555555555555555 -> 0.5555555555555561
Reward update: 0.5555555555555555 -> 0.5555555555555561
Reward update: 0.5555555555555555 -> 0.5555555555555561
Reward update: 0.5555555555555555 -> 0.5555555555555561
Reward update: 0.5555555555555555 -> 0.5555555555555561
Reward update: 0.5555555555555555 -> 0.5555555555555561
Reward update: 0.5555555555555555 -> 0.5555555555555561
Current policy count: 20
Reward update: 0.5555555555555561 -> 0.5555555555555561
Reward update: 0.5555555555555561 -> 0.5555555555555561
Reward update: 0.5555555555555561 -> 0.5555555555555561
Reward update: 0.5555555555555561 -> 0.5555555555555561
Reward update: 0.5555555555555561 -> 0.5555555555555561
Reward update: 0.5555555555555561 -> 0.5555555555555561
Reward update: 0.5555555555555561 -> 0.5555555555555561
Reward update: 0.5555555555555561 -> 0.5555555555555561
Reward update: 0.5555555555555561 -> 0.5555555555555561
Reward update: 0.5555555555555561 -> 0.5555555555555561
Reward update: 0.5555555555555561 -> 0.5555555555555561
Reward update: 0.5555555555555561 -> 0.5555555555555561
Reward update: 0.5555555555555561 -> 0.5555555555555561
Reward update: 0.5555555555555561 -> 0.5555555555555561
Reward update: 0.5555555555555561 -> 0.5555555555555561
Reward update: 0.5555555555555561 -> 0.5555555555555561
Reward update: 0.5555555555555561 -> 0.5555555555555561
Reward update: 0.5555555555555561 -> 0.5555555555555561
Reward update: 0.5555555555555561 -> 0.5555555555555561
Reward update: 0.5555555555555561 -> 0.5555555555555561
Current policy count: 10
Reward update: 0.5555555555555561 -> 0.5555555555555561
Reward update: 0.5555555555555561 -> 0.5555555555555561
Reward update: 0.5555555555555561 -> 0.5555555555555561
Reward update: 0.5555555555555561 -> 0.5555555555555561
Reward update: 0.5555555555555561 -> 0.5555555555555561
Reward update: 0.5555555555555561 -> 0.5555555555555561
Reward update: 0.5555555555555561 -> 0.5555555555555561
Reward update: 0.5555555555555561 -> 0.5555555555555561
Reward update: 0.5555555555555561 -> 0.5555555555555561
Reward update: 0.5555555555555561 -> 0.5555555555555561
Current policy count: 5
Reward update: 0.5555555555555561 -> 0.5555555555555561
Reward update: 0.5555555555555561 -> 0.5555555555555561
Reward update: 0.5555555555555561 -> 0.5555555555555561
Reward update: 0.5555555555555561 -> 0.5555555555555561
Reward update: 0.5555555555555561 -> 0.5555555555555561
Current policy count: 3
Reward update: 0.5555555555555561 -> 0.5555555555555561
Reward update: 0.5555555555555561 -> 0.5555555555555561
Reward update: 0.5555555555555561 -> 0.5555555555555561
Current policy count: 2
Reward update: 0.5555555555555561 -> 0.5555555555555561
Reward update: 0.5555555555555561 -> 0.5555555555555561
Current policy count: 1
Reward update: 0.5555555555555561 -> 0.5555555555555561
Final reward: 0.5555555555555561
Number of nodes: 23
