Iteration 0/80
Training student with 1000 points
Train accuracy: 0.27625
Test accuracy: 0.265
Number of nodes: 19
Student reward: 0.0
Iteration 1/80
Training student with 2000 points
Train accuracy: 0.2775
Test accuracy: 0.2575
Number of nodes: 23
Student reward: 0.0
Iteration 2/80
Training student with 3000 points
Train accuracy: 0.24083333333333334
Test accuracy: 0.25833333333333336
Number of nodes: 23
Student reward: 0.0
Iteration 3/80
Training student with 4000 points
Train accuracy: 0.2609375
Test accuracy: 0.245
Number of nodes: 23
Student reward: 0.0
Iteration 4/80
Training student with 5000 points
Train accuracy: 0.2425
Test accuracy: 0.237
Number of nodes: 23
Student reward: 0.0
Iteration 5/80
Training student with 6000 points
Train accuracy: 0.23791666666666667
Test accuracy: 0.21416666666666667
Number of nodes: 23
Student reward: 0.25
Iteration 6/80
Training student with 7000 points
Train accuracy: 0.2319642857142857
Test accuracy: 0.2257142857142857
Number of nodes: 23
Student reward: 0.0
Iteration 7/80
Training student with 8000 points
Train accuracy: 0.24796875
Test accuracy: 0.250625
Number of nodes: 21
Student reward: 0.0
Iteration 8/80
Training student with 9000 points
Train accuracy: 0.2559722222222222
Test accuracy: 0.255
Number of nodes: 23
Student reward: 0.0
Iteration 9/80
Training student with 10000 points
Train accuracy: 0.256375
Test accuracy: 0.241
Number of nodes: 21
Student reward: 0.0
Iteration 10/80
Training student with 11000 points
Train accuracy: 0.2651136363636364
Test accuracy: 0.2595454545454545
Number of nodes: 21
Student reward: 0.0
Iteration 11/80
Training student with 12000 points
Train accuracy: 0.2555208333333333
Test accuracy: 0.26708333333333334
Number of nodes: 23
Student reward: 0.0
Iteration 12/80
Training student with 13000 points
Train accuracy: 0.2548076923076923
Test accuracy: 0.25846153846153846
Number of nodes: 23
Student reward: 0.0
Iteration 13/80
Training student with 14000 points
Train accuracy: 0.25357142857142856
Test accuracy: 0.2621428571428571
Number of nodes: 23
Student reward: 0.0
Iteration 14/80
Training student with 15000 points
Train accuracy: 0.2605
Test accuracy: 0.25366666666666665
Number of nodes: 21
Student reward: 0.0
Iteration 15/80
Training student with 16000 points
Train accuracy: 0.252421875
Test accuracy: 0.2425
Number of nodes: 21
Student reward: 0.0
Iteration 16/80
Training student with 17000 points
Train accuracy: 0.24970588235294117
Test accuracy: 0.24823529411764705
Number of nodes: 23
Student reward: 0.0
Iteration 17/80
Training student with 18000 points
Train accuracy: 0.24875
Test accuracy: 0.25916666666666666
Number of nodes: 21
Student reward: 0.0
Iteration 18/80
Training student with 19000 points
Train accuracy: 0.2468421052631579
Test accuracy: 0.24263157894736842
Number of nodes: 23
Student reward: 0.0
Iteration 19/80
Training student with 20000 points
Train accuracy: 0.2494375
Test accuracy: 0.257
Number of nodes: 23
Student reward: 0.0
Iteration 20/80
Training student with 21000 points
Train accuracy: 0.2506547619047619
Test accuracy: 0.25
Number of nodes: 23
Student reward: 0.0
Iteration 21/80
Training student with 22000 points
Train accuracy: 0.2522159090909091
Test accuracy: 0.2456818181818182
Number of nodes: 23
Student reward: 0.0
Iteration 22/80
Training student with 23000 points
Train accuracy: 0.24989130434782608
Test accuracy: 0.2510869565217391
Number of nodes: 23
Student reward: 0.0
Iteration 23/80
Training student with 24000 points
Train accuracy: 0.24869791666666666
Test accuracy: 0.246875
Number of nodes: 23
Student reward: 0.0
Iteration 24/80
Training student with 25000 points
Train accuracy: 0.2484
Test accuracy: 0.2504
Number of nodes: 23
Student reward: 0.0
Iteration 25/80
Training student with 26000 points
Train accuracy: 0.2475
Test accuracy: 0.24634615384615385
Number of nodes: 23
Student reward: 0.0
Iteration 26/80
Training student with 27000 points
Train accuracy: 0.24666666666666667
Test accuracy: 0.2537037037037037
Number of nodes: 23
Student reward: 0.0
Iteration 27/80
Training student with 28000 points
Train accuracy: 0.24589285714285714
Test accuracy: 0.2325
Number of nodes: 23
Student reward: 0.0
Iteration 28/80
Training student with 29000 points
Train accuracy: 0.24344827586206896
Test accuracy: 0.24862068965517242
Number of nodes: 23
Student reward: 0.0
Iteration 29/80
Training student with 30000 points
Train accuracy: 0.24408333333333335
Test accuracy: 0.25566666666666665
Number of nodes: 23
Student reward: 0.0
Iteration 30/80
Training student with 31000 points
Train accuracy: 0.24245967741935484
Test accuracy: 0.24177419354838708
Number of nodes: 23
Student reward: 0.0
Iteration 31/80
Training student with 32000 points
Train accuracy: 0.243203125
Test accuracy: 0.248125
Number of nodes: 21
Student reward: 0.0
Iteration 32/80
Training student with 33000 points
Train accuracy: 0.2412878787878788
Test accuracy: 0.245
Number of nodes: 23
Student reward: 0.0
Iteration 33/80
Training student with 34000 points
Train accuracy: 0.24698529411764705
Test accuracy: 0.2398529411764706
Number of nodes: 23
Student reward: 0.0
Iteration 34/80
Training student with 35000 points
Train accuracy: 0.2508214285714286
Test accuracy: 0.24628571428571427
Number of nodes: 23
Student reward: 0.0
Iteration 35/80
Training student with 36000 points
Train accuracy: 0.24222222222222223
Test accuracy: 0.2288888888888889
Number of nodes: 23
Student reward: 0.0
Iteration 36/80
Training student with 37000 points
Train accuracy: 0.2477027027027027
Test accuracy: 0.23702702702702702
Number of nodes: 23
Student reward: 0.0
Iteration 37/80
Training student with 38000 points
Train accuracy: 0.24503289473684212
Test accuracy: 0.23657894736842106
Number of nodes: 23
Student reward: 0.0
Iteration 38/80
Training student with 39000 points
Train accuracy: 0.2460897435897436
Test accuracy: 0.23974358974358975
Number of nodes: 23
Student reward: 0.0
Iteration 39/80
Training student with 40000 points
Train accuracy: 0.24175
Test accuracy: 0.24475
Number of nodes: 23
Student reward: 0.0
Iteration 40/80
Training student with 41000 points
Train accuracy: 0.24509146341463414
Test accuracy: 0.24841463414634146
Number of nodes: 23
Student reward: 0.0
Iteration 41/80
Training student with 42000 points
Train accuracy: 0.24485119047619047
Test accuracy: 0.2355952380952381
Number of nodes: 23
Student reward: 0.0
Iteration 42/80
Training student with 43000 points
Train accuracy: 0.2402325581395349
Test accuracy: 0.24383720930232558
Number of nodes: 23
Student reward: 0.0
Iteration 43/80
Training student with 44000 points
Train accuracy: 0.2415625
Test accuracy: 0.2346590909090909
Number of nodes: 23
Student reward: 0.0
Iteration 44/80
Training student with 45000 points
Train accuracy: 0.24080555555555555
Test accuracy: 0.23777777777777778
Number of nodes: 23
Student reward: 0.0
Iteration 45/80
Training student with 46000 points
Train accuracy: 0.24133152173913044
Test accuracy: 0.24434782608695652
Number of nodes: 23
Student reward: 0.0
Iteration 46/80
Training student with 47000 points
Train accuracy: 0.24670212765957447
Test accuracy: 0.24553191489361703
Number of nodes: 23
Student reward: 0.0
Iteration 47/80
Training student with 48000 points
Train accuracy: 0.23869791666666668
Test accuracy: 0.238125
Number of nodes: 23
Student reward: 0.0
Iteration 48/80
Training student with 49000 points
Train accuracy: 0.24349489795918366
Test accuracy: 0.24
Number of nodes: 23
Student reward: 0.0
Iteration 49/80
Training student with 50000 points
Train accuracy: 0.2377
Test accuracy: 0.237
Number of nodes: 23
Student reward: 0.0
Iteration 50/80
Training student with 51000 points
Train accuracy: 0.23904411764705882
Test accuracy: 0.23813725490196078
Number of nodes: 23
Student reward: 0.0
Iteration 51/80
Training student with 52000 points
Train accuracy: 0.24108173076923076
Test accuracy: 0.24076923076923076
Number of nodes: 23
Student reward: 0.0
Iteration 52/80
Training student with 53000 points
Train accuracy: 0.23910377358490567
Test accuracy: 0.23735849056603772
Number of nodes: 23
Student reward: 0.0
Iteration 53/80
Training student with 54000 points
Train accuracy: 0.24122685185185186
Test accuracy: 0.2362962962962963
Number of nodes: 23
Student reward: 0.0
Iteration 54/80
Training student with 55000 points
Train accuracy: 0.23981818181818182
Test accuracy: 0.23854545454545453
Number of nodes: 23
Student reward: 0.0
Iteration 55/80
Training student with 56000 points
Train accuracy: 0.2385267857142857
Test accuracy: 0.24107142857142858
Number of nodes: 23
Student reward: 0.0
Iteration 56/80
Training student with 57000 points
Train accuracy: 0.23576754385964913
Test accuracy: 0.23833333333333334
Number of nodes: 23
Student reward: 0.0
Iteration 57/80
Training student with 58000 points
Train accuracy: 0.23872844827586207
Test accuracy: 0.23922413793103448
Number of nodes: 23
Student reward: 0.0
Iteration 58/80
Training student with 59000 points
Train accuracy: 0.2353601694915254
Test accuracy: 0.23966101694915254
Number of nodes: 23
Student reward: 0.0
Iteration 59/80
Training student with 60000 points
Train accuracy: 0.24135416666666668
Test accuracy: 0.23391666666666666
Number of nodes: 23
Student reward: 0.0
Iteration 60/80
Training student with 61000 points
Train accuracy: 0.23739754098360655
Test accuracy: 0.23557377049180328
Number of nodes: 23
Student reward: 0.0
Iteration 61/80
Training student with 62000 points
Train accuracy: 0.23681451612903226
Test accuracy: 0.2428225806451613
Number of nodes: 23
Student reward: 0.0
Iteration 62/80
Training student with 63000 points
Train accuracy: 0.23847222222222222
Test accuracy: 0.23809523809523808
Number of nodes: 23
Student reward: 0.0
Iteration 63/80
Training student with 64000 points
Train accuracy: 0.23953125
Test accuracy: 0.234921875
Number of nodes: 23
Student reward: 0.0
Iteration 64/80
Training student with 65000 points
Train accuracy: 0.233
Test accuracy: 0.23146153846153847
Number of nodes: 23
Student reward: 0.0
Iteration 65/80
Training student with 66000 points
Train accuracy: 0.2359469696969697
Test accuracy: 0.23734848484848484
Number of nodes: 23
Student reward: 0.0
Iteration 66/80
Training student with 67000 points
Train accuracy: 0.2357462686567164
Test accuracy: 0.23156716417910447
Number of nodes: 23
Student reward: 0.0
Iteration 67/80
Training student with 68000 points
Train accuracy: 0.2366544117647059
Test accuracy: 0.2374264705882353
Number of nodes: 23
Student reward: 0.0
Iteration 68/80
Training student with 69000 points
Train accuracy: 0.23496376811594202
Test accuracy: 0.24557971014492755
Number of nodes: 23
Student reward: 0.0
Iteration 69/80
Training student with 70000 points
Train accuracy: 0.2375
Test accuracy: 0.23692857142857143
Number of nodes: 23
Student reward: 0.0
Iteration 70/80
Training student with 71000 points
Train accuracy: 0.23586267605633804
Test accuracy: 0.22274647887323942
Number of nodes: 23
Student reward: 0.0
Iteration 71/80
Training student with 72000 points
Train accuracy: 0.2368576388888889
Test accuracy: 0.23743055555555556
Number of nodes: 23
Student reward: 0.0
Iteration 72/80
Training student with 73000 points
Train accuracy: 0.23804794520547945
Test accuracy: 0.24191780821917808
Number of nodes: 23
Student reward: 0.0
Iteration 73/80
Training student with 74000 points
Train accuracy: 0.23763513513513512
Test accuracy: 0.2279054054054054
Number of nodes: 23
Student reward: 0.0
Iteration 74/80
Training student with 75000 points
Train accuracy: 0.23331666666666667
Test accuracy: 0.23
Number of nodes: 23
Student reward: 0.0
Iteration 75/80
Training student with 76000 points
Train accuracy: 0.23751644736842106
Test accuracy: 0.23888157894736842
Number of nodes: 23
Student reward: 0.0
Iteration 76/80
Training student with 77000 points
Train accuracy: 0.2341883116883117
Test accuracy: 0.23525974025974025
Number of nodes: 23
Student reward: 0.0
Iteration 77/80
Training student with 78000 points
Train accuracy: 0.23424679487179487
Test accuracy: 0.2403846153846154
Number of nodes: 23
Student reward: 0.0
Iteration 78/80
Training student with 79000 points
Train accuracy: 0.23463607594936708
Test accuracy: 0.2408227848101266
Number of nodes: 23
Student reward: 0.0
Iteration 79/80
Training student with 80000 points
Train accuracy: 0.230125
Test accuracy: 0.234
Number of nodes: 23
Student reward: 0.0
Initial policy count: 80
Current policy count: 40
Reward update: 0.25 -> 0.25
Reward update: 0.0 -> 0.0
Reward update: 0.0 -> 0.0
Reward update: 0.0 -> 0.0
Reward update: 0.0 -> 0.0
Reward update: 0.0 -> 0.0
Reward update: 0.0 -> 0.0
Reward update: 0.0 -> 0.0
Reward update: 0.0 -> 0.0
Reward update: 0.0 -> 0.0
Reward update: 0.0 -> 0.0
Reward update: 0.0 -> 0.0
Reward update: 0.0 -> 0.0
Reward update: 0.0 -> 0.0
Reward update: 0.0 -> 0.0
Reward update: 0.0 -> 0.0
Reward update: 0.0 -> 0.0
Reward update: 0.0 -> 0.0
Reward update: 0.0 -> 0.0
Reward update: 0.0 -> 0.0
Reward update: 0.0 -> 0.0
Reward update: 0.0 -> 0.0
Reward update: 0.0 -> 0.0
Reward update: 0.0 -> 0.0
Reward update: 0.0 -> 0.0
Reward update: 0.0 -> 0.0
Reward update: 0.0 -> 0.0
Reward update: 0.0 -> 0.0
Reward update: 0.0 -> 0.0
Reward update: 0.0 -> 0.0
Reward update: 0.0 -> 0.0
Reward update: 0.0 -> 0.0
Reward update: 0.0 -> 0.0
Reward update: 0.0 -> 0.0
Reward update: 0.0 -> 0.0
Reward update: 0.0 -> 0.0
Reward update: 0.0 -> 0.0
Reward update: 0.0 -> 0.0
Reward update: 0.0 -> 0.0
Reward update: 0.0 -> 0.0
Current policy count: 20
Reward update: 0.25 -> 0.25
Reward update: 0.0 -> 0.0
Reward update: 0.0 -> 0.0
Reward update: 0.0 -> 0.0
Reward update: 0.0 -> 0.0
Reward update: 0.0 -> 0.0
Reward update: 0.0 -> 0.0
Reward update: 0.0 -> 0.0
Reward update: 0.0 -> 0.0
Reward update: 0.0 -> 0.0
Reward update: 0.0 -> 0.0
Reward update: 0.0 -> 0.0
Reward update: 0.0 -> 0.0
Reward update: 0.0 -> 0.0
Reward update: 0.0 -> 0.0
Reward update: 0.0 -> 0.0
Reward update: 0.0 -> 0.0
Reward update: 0.0 -> 0.0
Reward update: 0.0 -> 0.0
Reward update: 0.0 -> 0.0
Current policy count: 10
Reward update: 0.25 -> 0.25
Reward update: 0.0 -> 0.0
Reward update: 0.0 -> 0.0
Reward update: 0.0 -> 0.0
Reward update: 0.0 -> 0.0
Reward update: 0.0 -> 0.0
Reward update: 0.0 -> 0.0
Reward update: 0.0 -> 0.0
Reward update: 0.0 -> 0.0
Reward update: 0.0 -> 0.0
Current policy count: 5
Reward update: 0.25 -> 0.25
Reward update: 0.0 -> 0.0
Reward update: 0.0 -> 0.0
Reward update: 0.0 -> 0.0
Reward update: 0.0 -> 0.0
Current policy count: 3
Reward update: 0.25 -> 0.25
Reward update: 0.0 -> 0.0
Reward update: 0.0 -> 0.0
Current policy count: 2
Reward update: 0.25 -> 0.25
Reward update: 0.0 -> 0.0
Current policy count: 1
Reward update: 0.25 -> 0.25
Final reward: 0.25
Number of nodes: 23
