Iteration 0/80
Training student with 3000 points
Train accuracy: 0.295
Test accuracy: 0.2833333333333333
Number of nodes: 31
Student reward: 0.0
Iteration 1/80
Training student with 6000 points
Train accuracy: 0.2791666666666667
Test accuracy: 0.25833333333333336
Number of nodes: 31
Student reward: 0.0
Iteration 2/80
Training student with 9000 points
Train accuracy: 0.27319444444444446
Test accuracy: 0.26222222222222225
Number of nodes: 31
Student reward: 0.0
Iteration 3/80
Training student with 12000 points
Train accuracy: 0.27958333333333335
Test accuracy: 0.28125
Number of nodes: 31
Student reward: 0.0
Iteration 4/80
Training student with 15000 points
Train accuracy: 0.2805
Test accuracy: 0.25766666666666665
Number of nodes: 31
Student reward: 0.0
Iteration 5/80
Training student with 18000 points
Train accuracy: 0.27958333333333335
Test accuracy: 0.28833333333333333
Number of nodes: 31
Student reward: 0.0
Iteration 6/80
Training student with 21000 points
Train accuracy: 0.2766071428571429
Test accuracy: 0.27666666666666667
Number of nodes: 31
Student reward: 0.0
Iteration 7/80
Training student with 24000 points
Train accuracy: 0.2722395833333333
Test accuracy: 0.26
Number of nodes: 31
Student reward: 0.0
Iteration 8/80
Training student with 27000 points
Train accuracy: 0.2718055555555556
Test accuracy: 0.27037037037037037
Number of nodes: 31
Student reward: 0.0
Iteration 9/80
Training student with 30000 points
Train accuracy: 0.27429166666666666
Test accuracy: 0.2758333333333333
Number of nodes: 31
Student reward: 0.0
Iteration 10/80
Training student with 33000 points
Train accuracy: 0.27329545454545456
Test accuracy: 0.2677272727272727
Number of nodes: 31
Student reward: 0.0
Iteration 11/80
Training student with 36000 points
Train accuracy: 0.2738541666666667
Test accuracy: 0.2783333333333333
Number of nodes: 31
Student reward: 0.0
Iteration 12/80
Training student with 39000 points
Train accuracy: 0.2775320512820513
Test accuracy: 0.27076923076923076
Number of nodes: 31
Student reward: 0.0
Iteration 13/80
Training student with 42000 points
Train accuracy: 0.2731845238095238
Test accuracy: 0.26821428571428574
Number of nodes: 31
Student reward: 0.0
Iteration 14/80
Training student with 45000 points
Train accuracy: 0.2758611111111111
Test accuracy: 0.2767777777777778
Number of nodes: 31
Student reward: 0.0
Iteration 15/80
Training student with 48000 points
Train accuracy: 0.27234375
Test accuracy: 0.27927083333333336
Number of nodes: 31
Student reward: 0.0
Iteration 16/80
Training student with 51000 points
Train accuracy: 0.2754901960784314
Test accuracy: 0.28490196078431373
Number of nodes: 31
Student reward: 0.0
Iteration 17/80
Training student with 54000 points
Train accuracy: 0.2760648148148148
Test accuracy: 0.2775925925925926
Number of nodes: 31
Student reward: 0.0
Iteration 18/80
Training student with 57000 points
Train accuracy: 0.27592105263157896
Test accuracy: 0.2843859649122807
Number of nodes: 31
Student reward: 0.0
Iteration 19/80
Training student with 60000 points
Train accuracy: 0.2745416666666667
Test accuracy: 0.27608333333333335
Number of nodes: 31
Student reward: 0.0
Iteration 20/80
Training student with 63000 points
Train accuracy: 0.27501984126984125
Test accuracy: 0.2734126984126984
Number of nodes: 31
Student reward: 0.0
Iteration 21/80
Training student with 66000 points
Train accuracy: 0.2773674242424242
Test accuracy: 0.2786363636363636
Number of nodes: 31
Student reward: 0.0
Iteration 22/80
Training student with 69000 points
Train accuracy: 0.27697463768115943
Test accuracy: 0.2757971014492754
Number of nodes: 31
Student reward: 0.0
Iteration 23/80
Training student with 72000 points
Train accuracy: 0.2774479166666667
Test accuracy: 0.27479166666666666
Number of nodes: 31
Student reward: 0.0
Iteration 24/80
Training student with 75000 points
Train accuracy: 0.2753833333333333
Test accuracy: 0.2786666666666667
Number of nodes: 31
Student reward: 0.0
Iteration 25/80
Training student with 78000 points
Train accuracy: 0.28068910256410257
Test accuracy: 0.27865384615384614
Number of nodes: 31
Student reward: 0.0
Iteration 26/80
Training student with 81000 points
Train accuracy: 0.2745061728395062
Test accuracy: 0.27753086419753087
Number of nodes: 31
Student reward: 0.0
Iteration 27/80
Training student with 84000 points
Train accuracy: 0.27398809523809525
Test accuracy: 0.2783333333333333
Number of nodes: 31
Student reward: 0.0
Iteration 28/80
Training student with 87000 points
Train accuracy: 0.2769971264367816
Test accuracy: 0.2807471264367816
Number of nodes: 31
Student reward: 0.0
Iteration 29/80
Training student with 90000 points
Train accuracy: 0.27705555555555555
Test accuracy: 0.27255555555555555
Number of nodes: 31
Student reward: 0.0
Iteration 30/80
Training student with 93000 points
Train accuracy: 0.2773924731182796
Test accuracy: 0.27844086021505376
Number of nodes: 31
Student reward: 0.0
Iteration 31/80
Training student with 96000 points
Train accuracy: 0.2766796875
Test accuracy: 0.27921875
Number of nodes: 31
Student reward: 0.0
Iteration 32/80
Training student with 99000 points
Train accuracy: 0.2760479797979798
Test accuracy: 0.2738383838383838
Number of nodes: 31
Student reward: 0.0
Iteration 33/80
Training student with 102000 points
Train accuracy: 0.27725490196078434
Test accuracy: 0.27245098039215687
Number of nodes: 31
Student reward: 0.0
Iteration 34/80
Training student with 105000 points
Train accuracy: 0.27710714285714283
Test accuracy: 0.2754285714285714
Number of nodes: 31
Student reward: 0.0
Iteration 35/80
Training student with 108000 points
Train accuracy: 0.277037037037037
Test accuracy: 0.27458333333333335
Number of nodes: 31
Student reward: 0.0
Iteration 36/80
Training student with 111000 points
Train accuracy: 0.2758333333333333
Test accuracy: 0.27481981981981984
Number of nodes: 31
Student reward: 0.0
Iteration 37/80
Training student with 114000 points
Train accuracy: 0.27652412280701755
Test accuracy: 0.27600877192982454
Number of nodes: 31
Student reward: 0.0
Iteration 38/80
Training student with 117000 points
Train accuracy: 0.2771474358974359
Test accuracy: 0.27418803418803417
Number of nodes: 31
Student reward: 0.0
Iteration 39/80
Training student with 120000 points
Train accuracy: 0.27740625
Test accuracy: 0.27575
Number of nodes: 31
Student reward: 0.0
Iteration 40/80
Training student with 123000 points
Train accuracy: 0.2715040650406504
Test accuracy: 0.2738211382113821
Number of nodes: 31
Student reward: 0.0
Iteration 41/80
Training student with 126000 points
Train accuracy: 0.2741269841269841
Test accuracy: 0.2725
Number of nodes: 31
Student reward: 0.0
Iteration 42/80
Training student with 129000 points
Train accuracy: 0.2758624031007752
Test accuracy: 0.2734496124031008
Number of nodes: 31
Student reward: 0.0
Iteration 43/80
Training student with 132000 points
Train accuracy: 0.27473484848484847
Test accuracy: 0.27454545454545454
Number of nodes: 31
Student reward: 0.0
Iteration 44/80
Training student with 135000 points
Train accuracy: 0.2768703703703704
Test accuracy: 0.2728148148148148
Number of nodes: 31
Student reward: 0.0
Iteration 45/80
Training student with 138000 points
Train accuracy: 0.275588768115942
Test accuracy: 0.2753623188405797
Number of nodes: 31
Student reward: 0.0
Iteration 46/80
Training student with 141000 points
Train accuracy: 0.2750354609929078
Test accuracy: 0.2754609929078014
Number of nodes: 31
Student reward: 0.0
Iteration 47/80
Training student with 144000 points
Train accuracy: 0.2754947916666667
Test accuracy: 0.2767013888888889
Number of nodes: 31
Student reward: 0.0
Iteration 48/80
Training student with 147000 points
Train accuracy: 0.27573979591836734
Test accuracy: 0.27812925170068026
Number of nodes: 31
Student reward: 0.0
Iteration 49/80
Training student with 150000 points
Train accuracy: 0.27421666666666666
Test accuracy: 0.2748
Number of nodes: 31
Student reward: 0.0
Iteration 50/80
Training student with 153000 points
Train accuracy: 0.2753186274509804
Test accuracy: 0.27366013071895423
Number of nodes: 31
Student reward: 0.0
Iteration 51/80
Training student with 156000 points
Train accuracy: 0.27342147435897435
Test accuracy: 0.27573717948717946
Number of nodes: 31
Student reward: 0.0
Iteration 52/80
Training student with 159000 points
Train accuracy: 0.27526729559748425
Test accuracy: 0.27
Number of nodes: 31
Student reward: 0.0
Iteration 53/80
Training student with 162000 points
Train accuracy: 0.27651234567901234
Test accuracy: 0.2781172839506173
Number of nodes: 31
Student reward: 0.0
Iteration 54/80
Training student with 165000 points
Train accuracy: 0.2784242424242424
Test accuracy: 0.2725151515151515
Number of nodes: 31
Student reward: 0.0
Iteration 55/80
Training student with 168000 points
Train accuracy: 0.2766071428571429
Test accuracy: 0.27598214285714284
Number of nodes: 31
Student reward: 0.0
Iteration 56/80
Training student with 171000 points
Train accuracy: 0.27571637426900586
Test accuracy: 0.27573099415204677
Number of nodes: 31
Student reward: 0.0
Iteration 57/80
Training student with 174000 points
Train accuracy: 0.2755028735632184
Test accuracy: 0.27413793103448275
Number of nodes: 31
Student reward: 0.0
Iteration 58/80
Training student with 177000 points
Train accuracy: 0.27606638418079094
Test accuracy: 0.276045197740113
Number of nodes: 31
Student reward: 0.0
Iteration 59/80
Training student with 180000 points
Train accuracy: 0.27375694444444443
Test accuracy: 0.2718611111111111
Number of nodes: 31
Student reward: 0.0
Iteration 60/80
Training student with 183000 points
Train accuracy: 0.27469945355191255
Test accuracy: 0.27377049180327867
Number of nodes: 31
Student reward: 0.0
Iteration 61/80
Training student with 186000 points
Train accuracy: 0.2770698924731183
Test accuracy: 0.2741397849462366
Number of nodes: 31
Student reward: 0.0
Iteration 62/80
Training student with 189000 points
Train accuracy: 0.27459656084656087
Test accuracy: 0.2701058201058201
Number of nodes: 31
Student reward: 0.0
Iteration 63/80
Training student with 192000 points
Train accuracy: 0.27671223958333335
Test accuracy: 0.2733333333333333
Number of nodes: 31
Student reward: 0.0
Iteration 64/80
Training student with 195000 points
Train accuracy: 0.2768525641025641
Test accuracy: 0.27589743589743587
Number of nodes: 31
Student reward: 0.0
Iteration 65/80
Training student with 198000 points
Train accuracy: 0.2769633838383838
Test accuracy: 0.27734848484848484
Number of nodes: 31
Student reward: 0.0
Iteration 66/80
Training student with 201000 points
Train accuracy: 0.27680348258706466
Test accuracy: 0.28087064676616913
Number of nodes: 31
Student reward: 0.0
Iteration 67/80
Training student with 204000 points
Train accuracy: 0.2752512254901961
Test accuracy: 0.2742156862745098
Number of nodes: 31
Student reward: 0.0
Iteration 68/80
Training student with 207000 points
Train accuracy: 0.2763888888888889
Test accuracy: 0.2773188405797101
Number of nodes: 31
Student reward: 0.0
Iteration 69/80
Training student with 210000 points
Train accuracy: 0.2738511904761905
Test accuracy: 0.2742380952380952
Number of nodes: 31
Student reward: 0.0
Iteration 70/80
Training student with 213000 points
Train accuracy: 0.2762617370892019
Test accuracy: 0.2735211267605634
Number of nodes: 31
Student reward: 0.0
Iteration 71/80
Training student with 216000 points
Train accuracy: 0.2748726851851852
Test accuracy: 0.27708333333333335
Number of nodes: 31
Student reward: 0.0
Iteration 72/80
Training student with 219000 points
Train accuracy: 0.2736244292237443
Test accuracy: 0.2756164383561644
Number of nodes: 31
Student reward: 0.0
Iteration 73/80
Training student with 222000 points
Train accuracy: 0.27534346846846847
Test accuracy: 0.27968468468468466
Number of nodes: 31
Student reward: 0.0
Iteration 74/80
Training student with 225000 points
Train accuracy: 0.27516666666666667
Test accuracy: 0.27653333333333335
Number of nodes: 31
Student reward: 0.0
Iteration 75/80
Training student with 228000 points
Train accuracy: 0.2745394736842105
Test accuracy: 0.2752412280701754
Number of nodes: 31
Student reward: 0.0
Iteration 76/80
Training student with 231000 points
Train accuracy: 0.2769805194805195
Test accuracy: 0.2743290043290043
Number of nodes: 31
Student reward: 0.0
Iteration 77/80
Training student with 234000 points
Train accuracy: 0.2751228632478632
Test accuracy: 0.27534188034188034
Number of nodes: 31
Student reward: 0.0
Iteration 78/80
Training student with 237000 points
Train accuracy: 0.27600738396624475
Test accuracy: 0.2777848101265823
Number of nodes: 31
Student reward: 0.0
Iteration 79/80
Training student with 240000 points
Train accuracy: 0.27375
Test accuracy: 0.2745625
Number of nodes: 31
Student reward: 0.0
Initial policy count: 80
Current policy count: 40
Reward update: 0.0 -> 0.0
Reward update: 0.0 -> 0.0
Reward update: 0.0 -> 0.0
Reward update: 0.0 -> 0.0
Reward update: 0.0 -> 0.0
Reward update: 0.0 -> 0.0
Reward update: 0.0 -> 0.0
Reward update: 0.0 -> 0.0
Reward update: 0.0 -> 0.0
Reward update: 0.0 -> 0.0
Reward update: 0.0 -> 0.0
Reward update: 0.0 -> 0.0
Reward update: 0.0 -> 0.0
Reward update: 0.0 -> 0.0
Reward update: 0.0 -> 0.0
Reward update: 0.0 -> 0.0
Reward update: 0.0 -> 0.0
Reward update: 0.0 -> 0.0
Reward update: 0.0 -> 0.0
Reward update: 0.0 -> 0.0
Reward update: 0.0 -> 0.0
Reward update: 0.0 -> 0.0
Reward update: 0.0 -> 0.0
Reward update: 0.0 -> 0.0
Reward update: 0.0 -> 0.0
Reward update: 0.0 -> 0.0
Reward update: 0.0 -> 0.0
Reward update: 0.0 -> 0.0
Reward update: 0.0 -> 0.0
Reward update: 0.0 -> 0.0
Reward update: 0.0 -> 0.0
Reward update: 0.0 -> 0.0
Reward update: 0.0 -> 0.0
Reward update: 0.0 -> 0.0
Reward update: 0.0 -> 0.0
Reward update: 0.0 -> 0.0
Reward update: 0.0 -> 0.0
Reward update: 0.0 -> 0.0
Reward update: 0.0 -> 0.0
Reward update: 0.0 -> 0.0
Current policy count: 20
Reward update: 0.0 -> 0.0
Reward update: 0.0 -> 0.0
Reward update: 0.0 -> 0.0
Reward update: 0.0 -> 0.0
Reward update: 0.0 -> 0.0
Reward update: 0.0 -> 0.0
Reward update: 0.0 -> 0.0
Reward update: 0.0 -> 0.0
Reward update: 0.0 -> 0.0
Reward update: 0.0 -> 0.0
Reward update: 0.0 -> 0.0
Reward update: 0.0 -> 0.0
Reward update: 0.0 -> 0.0
Reward update: 0.0 -> 0.0
Reward update: 0.0 -> 0.0
Reward update: 0.0 -> 0.0
Reward update: 0.0 -> 0.0
Reward update: 0.0 -> 0.0
Reward update: 0.0 -> 0.0
Reward update: 0.0 -> 0.0
Current policy count: 10
Reward update: 0.0 -> 0.0
Reward update: 0.0 -> 0.0
Reward update: 0.0 -> 0.0
Reward update: 0.0 -> 0.0
Reward update: 0.0 -> 0.0
Reward update: 0.0 -> 0.0
Reward update: 0.0 -> 0.0
Reward update: 0.0 -> 0.0
Reward update: 0.0 -> 0.0
Reward update: 0.0 -> 0.0
Current policy count: 5
Reward update: 0.0 -> 0.0
Reward update: 0.0 -> 0.0
Reward update: 0.0 -> 0.0
Reward update: 0.0 -> 0.0
Reward update: 0.0 -> 0.0
Current policy count: 3
Reward update: 0.0 -> 0.0
Reward update: 0.0 -> 0.0
Reward update: 0.0 -> 0.0
Current policy count: 2
Reward update: 0.0 -> 0.0
Reward update: 0.0 -> 0.0
Current policy count: 1
Reward update: 0.0 -> 0.0
Final reward: 0.0
Number of nodes: 31
