Iteration 0/80
Training student with 3000 points
Train accuracy: 0.2825
Test accuracy: 0.25
Number of nodes: 31
Student reward: 0.0
Iteration 1/80
Training student with 6000 points
Train accuracy: 0.27791666666666665
Test accuracy: 0.265
Number of nodes: 31
Student reward: 0.0
Iteration 2/80
Training student with 9000 points
Train accuracy: 0.27055555555555555
Test accuracy: 0.2738888888888889
Number of nodes: 31
Student reward: 0.0
Iteration 3/80
Training student with 12000 points
Train accuracy: 0.27260416666666665
Test accuracy: 0.27125
Number of nodes: 31
Student reward: 0.0
Iteration 4/80
Training student with 15000 points
Train accuracy: 0.273
Test accuracy: 0.26666666666666666
Number of nodes: 31
Student reward: 0.0
Iteration 5/80
Training student with 18000 points
Train accuracy: 0.27229166666666665
Test accuracy: 0.2738888888888889
Number of nodes: 31
Student reward: 0.0
Iteration 6/80
Training student with 21000 points
Train accuracy: 0.27166666666666667
Test accuracy: 0.2692857142857143
Number of nodes: 31
Student reward: 0.0
Iteration 7/80
Training student with 24000 points
Train accuracy: 0.26984375
Test accuracy: 0.27270833333333333
Number of nodes: 31
Student reward: 0.0
Iteration 8/80
Training student with 27000 points
Train accuracy: 0.27032407407407405
Test accuracy: 0.27
Number of nodes: 31
Student reward: 0.0
Iteration 9/80
Training student with 30000 points
Train accuracy: 0.27029166666666665
Test accuracy: 0.2788333333333333
Number of nodes: 31
Student reward: 0.0
Iteration 10/80
Training student with 33000 points
Train accuracy: 0.2717045454545455
Test accuracy: 0.2759090909090909
Number of nodes: 31
Student reward: 0.0
Iteration 11/80
Training student with 36000 points
Train accuracy: 0.27493055555555557
Test accuracy: 0.26652777777777775
Number of nodes: 31
Student reward: 0.0
Iteration 12/80
Training student with 39000 points
Train accuracy: 0.2730128205128205
Test accuracy: 0.2785897435897436
Number of nodes: 31
Student reward: 0.0
Iteration 13/80
Training student with 42000 points
Train accuracy: 0.27288690476190475
Test accuracy: 0.27690476190476193
Number of nodes: 31
Student reward: 0.0
Iteration 14/80
Training student with 45000 points
Train accuracy: 0.2733055555555556
Test accuracy: 0.27544444444444444
Number of nodes: 31
Student reward: 0.0
Iteration 15/80
Training student with 48000 points
Train accuracy: 0.27557291666666667
Test accuracy: 0.273125
Number of nodes: 31
Student reward: 0.0
Iteration 16/80
Training student with 51000 points
Train accuracy: 0.2758578431372549
Test accuracy: 0.27
Number of nodes: 31
Student reward: 0.0
Iteration 17/80
Training student with 54000 points
Train accuracy: 0.27421296296296294
Test accuracy: 0.27694444444444444
Number of nodes: 31
Student reward: 0.0
Iteration 18/80
Training student with 57000 points
Train accuracy: 0.2739473684210526
Test accuracy: 0.27885964912280703
Number of nodes: 31
Student reward: 0.0
Iteration 19/80
Training student with 60000 points
Train accuracy: 0.2731458333333333
Test accuracy: 0.2805
Number of nodes: 31
Student reward: 0.0
Iteration 20/80
Training student with 63000 points
Train accuracy: 0.2766269841269841
Test accuracy: 0.26976190476190476
Number of nodes: 31
Student reward: 0.0
Iteration 21/80
Training student with 66000 points
Train accuracy: 0.27412878787878786
Test accuracy: 0.2784090909090909
Number of nodes: 31
Student reward: 0.0
Iteration 22/80
Training student with 69000 points
Train accuracy: 0.27460144927536234
Test accuracy: 0.275
Number of nodes: 31
Student reward: 0.0
Iteration 23/80
Training student with 72000 points
Train accuracy: 0.2738541666666667
Test accuracy: 0.27708333333333335
Number of nodes: 31
Student reward: 0.0
Iteration 24/80
Training student with 75000 points
Train accuracy: 0.27385
Test accuracy: 0.27553333333333335
Number of nodes: 31
Student reward: 0.0
Iteration 25/80
Training student with 78000 points
Train accuracy: 0.2742788461538462
Test accuracy: 0.2742948717948718
Number of nodes: 31
Student reward: 0.0
Iteration 26/80
Training student with 81000 points
Train accuracy: 0.27375
Test accuracy: 0.2749382716049383
Number of nodes: 31
Student reward: 0.0
Iteration 27/80
Training student with 84000 points
Train accuracy: 0.2736904761904762
Test accuracy: 0.2755952380952381
Number of nodes: 31
Student reward: 0.0
Iteration 28/80
Training student with 87000 points
Train accuracy: 0.2747413793103448
Test accuracy: 0.27373563218390806
Number of nodes: 31
Student reward: 0.0
Iteration 29/80
Training student with 90000 points
Train accuracy: 0.2740694444444444
Test accuracy: 0.2758888888888889
Number of nodes: 31
Student reward: 0.0
Iteration 30/80
Training student with 93000 points
Train accuracy: 0.2741801075268817
Test accuracy: 0.2753763440860215
Number of nodes: 31
Student reward: 0.0
Iteration 31/80
Training student with 96000 points
Train accuracy: 0.2748828125
Test accuracy: 0.27239583333333334
Number of nodes: 31
Student reward: 0.0
Iteration 32/80
Training student with 99000 points
Train accuracy: 0.2749621212121212
Test accuracy: 0.2735858585858586
Number of nodes: 31
Student reward: 0.0
Iteration 33/80
Training student with 102000 points
Train accuracy: 0.27511029411764704
Test accuracy: 0.27387254901960784
Number of nodes: 31
Student reward: 0.0
Iteration 34/80
Training student with 105000 points
Train accuracy: 0.27490476190476193
Test accuracy: 0.27414285714285713
Number of nodes: 31
Student reward: 0.0
Iteration 35/80
Training student with 108000 points
Train accuracy: 0.2742361111111111
Test accuracy: 0.2764814814814815
Number of nodes: 31
Student reward: 0.0
Iteration 36/80
Training student with 111000 points
Train accuracy: 0.27614864864864863
Test accuracy: 0.26932432432432435
Number of nodes: 31
Student reward: 0.0
Iteration 37/80
Training student with 114000 points
Train accuracy: 0.2749451754385965
Test accuracy: 0.27600877192982454
Number of nodes: 31
Student reward: 0.0
Iteration 38/80
Training student with 117000 points
Train accuracy: 0.27520299145299143
Test accuracy: 0.27452991452991454
Number of nodes: 31
Student reward: 0.0
Iteration 39/80
Training student with 120000 points
Train accuracy: 0.27567708333333335
Test accuracy: 0.271125
Number of nodes: 31
Student reward: 0.0
Iteration 40/80
Training student with 123000 points
Train accuracy: 0.2741260162601626
Test accuracy: 0.27739837398373984
Number of nodes: 31
Student reward: 0.0
Iteration 41/80
Training student with 126000 points
Train accuracy: 0.2761904761904762
Test accuracy: 0.271031746031746
Number of nodes: 31
Student reward: 0.0
Iteration 42/80
Training student with 129000 points
Train accuracy: 0.27517441860465114
Test accuracy: 0.2748062015503876
Number of nodes: 31
Student reward: 0.0
Iteration 43/80
Training student with 132000 points
Train accuracy: 0.2746117424242424
Test accuracy: 0.2764015151515152
Number of nodes: 31
Student reward: 0.0
Iteration 44/80
Training student with 135000 points
Train accuracy: 0.27520370370370373
Test accuracy: 0.27285185185185185
Number of nodes: 31
Student reward: 0.0
Iteration 45/80
Training student with 138000 points
Train accuracy: 0.2742391304347826
Test accuracy: 0.27666666666666667
Number of nodes: 31
Student reward: 0.0
Iteration 46/80
Training student with 141000 points
Train accuracy: 0.2736436170212766
Test accuracy: 0.27783687943262414
Number of nodes: 31
Student reward: 0.0
Iteration 47/80
Training student with 144000 points
Train accuracy: 0.275
Test accuracy: 0.27284722222222224
Number of nodes: 31
Student reward: 0.0
Iteration 48/80
Training student with 147000 points
Train accuracy: 0.27464285714285713
Test accuracy: 0.27380952380952384
Number of nodes: 31
Student reward: 0.0
Iteration 49/80
Training student with 150000 points
Train accuracy: 0.2744333333333333
Test accuracy: 0.2744333333333333
Number of nodes: 31
Student reward: 0.0
Iteration 50/80
Training student with 153000 points
Train accuracy: 0.27483660130718957
Test accuracy: 0.27405228758169936
Number of nodes: 31
Student reward: 0.0
Iteration 51/80
Training student with 156000 points
Train accuracy: 0.27525641025641023
Test accuracy: 0.27384615384615385
Number of nodes: 31
Student reward: 0.0
Iteration 52/80
Training student with 159000 points
Train accuracy: 0.27505503144654087
Test accuracy: 0.27342767295597487
Number of nodes: 31
Student reward: 0.0
Iteration 53/80
Training student with 162000 points
Train accuracy: 0.27457561728395063
Test accuracy: 0.2745679012345679
Number of nodes: 31
Student reward: 0.0
Iteration 54/80
Training student with 165000 points
Train accuracy: 0.27459848484848487
Test accuracy: 0.27475757575757576
Number of nodes: 31
Student reward: 0.0
Iteration 55/80
Training student with 168000 points
Train accuracy: 0.27543154761904765
Test accuracy: 0.2712797619047619
Number of nodes: 31
Student reward: 0.0
Iteration 56/80
Training student with 171000 points
Train accuracy: 0.2745394736842105
Test accuracy: 0.275
Number of nodes: 31
Student reward: 0.0
Iteration 57/80
Training student with 174000 points
Train accuracy: 0.27405172413793105
Test accuracy: 0.27663793103448275
Number of nodes: 31
Student reward: 0.0
Iteration 58/80
Training student with 177000 points
Train accuracy: 0.2745409604519774
Test accuracy: 0.27437853107344634
Number of nodes: 31
Student reward: 0.0
Iteration 59/80
Training student with 180000 points
Train accuracy: 0.2752222222222222
Test accuracy: 0.27166666666666667
Number of nodes: 31
Student reward: 0.0
Iteration 60/80
Training student with 183000 points
Train accuracy: 0.2746243169398907
Test accuracy: 0.273879781420765
Number of nodes: 31
Student reward: 0.0
Iteration 61/80
Training student with 186000 points
Train accuracy: 0.27403225806451614
Test accuracy: 0.27588709677419354
Number of nodes: 31
Student reward: 0.0
Iteration 62/80
Training student with 189000 points
Train accuracy: 0.27455026455026454
Test accuracy: 0.2746296296296296
Number of nodes: 31
Student reward: 0.0
Iteration 63/80
Training student with 192000 points
Train accuracy: 0.27395182291666664
Test accuracy: 0.277421875
Number of nodes: 31
Student reward: 0.0
Iteration 64/80
Training student with 195000 points
Train accuracy: 0.2742307692307692
Test accuracy: 0.2772307692307692
Number of nodes: 31
Student reward: 0.0
Iteration 65/80
Training student with 198000 points
Train accuracy: 0.2744002525252525
Test accuracy: 0.2769191919191919
Number of nodes: 31
Student reward: 0.0
Iteration 66/80
Training student with 200000 points
Train accuracy: 0.27545
Test accuracy: 0.272275
Number of nodes: 31
Student reward: 0.0
Iteration 67/80
Training student with 200000 points
Train accuracy: 0.27410625
Test accuracy: 0.27655
Number of nodes: 31
Student reward: 0.0
Iteration 68/80
Training student with 200000 points
Train accuracy: 0.27468125
Test accuracy: 0.2759
Number of nodes: 31
Student reward: 0.0
Iteration 69/80
Training student with 200000 points
Train accuracy: 0.2750125
Test accuracy: 0.275075
Number of nodes: 31
Student reward: 0.0
Iteration 70/80
Training student with 200000 points
Train accuracy: 0.27428125
Test accuracy: 0.277225
Number of nodes: 31
Student reward: 0.0
Iteration 71/80
Training student with 200000 points
Train accuracy: 0.274125
Test accuracy: 0.27665
Number of nodes: 31
Student reward: 0.0
Iteration 72/80
Training student with 200000 points
Train accuracy: 0.27376875
Test accuracy: 0.277625
Number of nodes: 31
Student reward: 0.0
Iteration 73/80
Training student with 200000 points
Train accuracy: 0.27379375
Test accuracy: 0.276375
Number of nodes: 31
Student reward: 0.0
Iteration 74/80
Training student with 200000 points
Train accuracy: 0.27414375
Test accuracy: 0.277025
Number of nodes: 31
Student reward: 0.0
Iteration 75/80
Training student with 200000 points
Train accuracy: 0.2747625
Test accuracy: 0.276025
Number of nodes: 31
Student reward: 0.0
Iteration 76/80
Training student with 200000 points
Train accuracy: 0.2753
Test accuracy: 0.2725
Number of nodes: 31
Student reward: 0.0
Iteration 77/80
Training student with 200000 points
Train accuracy: 0.2755375
Test accuracy: 0.27015
Number of nodes: 31
Student reward: 0.0
Iteration 78/80
Training student with 200000 points
Train accuracy: 0.27409375
Test accuracy: 0.277875
Number of nodes: 31
Student reward: 0.0
Iteration 79/80
Training student with 200000 points
Train accuracy: 0.27434375
Test accuracy: 0.2771
Number of nodes: 31
Student reward: 0.0
Initial policy count: 80
Current policy count: 40
Reward update: 0.0 -> 0.0
Reward update: 0.0 -> 0.0
Reward update: 0.0 -> 0.0
Reward update: 0.0 -> 0.0
Reward update: 0.0 -> 0.0
Reward update: 0.0 -> 0.0
Reward update: 0.0 -> 0.0
Reward update: 0.0 -> 0.0
Reward update: 0.0 -> 0.0
Reward update: 0.0 -> 0.0
Reward update: 0.0 -> 0.0
Reward update: 0.0 -> 0.0
Reward update: 0.0 -> 0.0
Reward update: 0.0 -> 0.0
Reward update: 0.0 -> 0.0
Reward update: 0.0 -> 0.0
Reward update: 0.0 -> 0.0
Reward update: 0.0 -> 0.0
Reward update: 0.0 -> 0.0
Reward update: 0.0 -> 0.0
Reward update: 0.0 -> 0.0
Reward update: 0.0 -> 0.0
Reward update: 0.0 -> 0.0
Reward update: 0.0 -> 0.0
Reward update: 0.0 -> 0.0
Reward update: 0.0 -> 0.0
Reward update: 0.0 -> 0.0
Reward update: 0.0 -> 0.0
Reward update: 0.0 -> 0.0
Reward update: 0.0 -> 0.0
Reward update: 0.0 -> 0.0
Reward update: 0.0 -> 0.0
Reward update: 0.0 -> 0.0
Reward update: 0.0 -> 0.0
Reward update: 0.0 -> 0.0
Reward update: 0.0 -> 0.0
Reward update: 0.0 -> 0.0
Reward update: 0.0 -> 0.0
Reward update: 0.0 -> 0.0
Reward update: 0.0 -> 0.0
Current policy count: 20
Reward update: 0.0 -> 0.0
Reward update: 0.0 -> 0.0
Reward update: 0.0 -> 0.0
Reward update: 0.0 -> 0.0
Reward update: 0.0 -> 0.0
Reward update: 0.0 -> 0.0
Reward update: 0.0 -> 0.0
Reward update: 0.0 -> 0.0
Reward update: 0.0 -> 0.0
Reward update: 0.0 -> 0.0
Reward update: 0.0 -> 0.0
Reward update: 0.0 -> 0.0
Reward update: 0.0 -> 0.0
Reward update: 0.0 -> 0.0
Reward update: 0.0 -> 0.0
Reward update: 0.0 -> 0.0
Reward update: 0.0 -> 0.0
Reward update: 0.0 -> 0.0
Reward update: 0.0 -> 0.0
Reward update: 0.0 -> 0.0
Current policy count: 10
Reward update: 0.0 -> 0.0
Reward update: 0.0 -> 0.0
Reward update: 0.0 -> 0.0
Reward update: 0.0 -> 0.0
Reward update: 0.0 -> 0.0
Reward update: 0.0 -> 0.0
Reward update: 0.0 -> 0.0
Reward update: 0.0 -> 0.0
Reward update: 0.0 -> 0.0
Reward update: 0.0 -> 0.0
Current policy count: 5
Reward update: 0.0 -> 0.0
Reward update: 0.0 -> 0.0
Reward update: 0.0 -> 0.0
Reward update: 0.0 -> 0.0
Reward update: 0.0 -> 0.0
Current policy count: 3
Reward update: 0.0 -> 0.0
Reward update: 0.0 -> 0.0
Reward update: 0.0 -> 0.0
Current policy count: 2
Reward update: 0.0 -> 0.0
Reward update: 0.0 -> 0.0
Current policy count: 1
Reward update: 0.0 -> 0.0
Final reward: 0.0
Number of nodes: 31
