Iteration 0/80
Training student with 229 points
Train accuracy: 0.6065573770491803
Test accuracy: 0.6521739130434783
Number of nodes: 21
Student reward: 0.19090909090909092
Iteration 1/80
Training student with 1229 points
Train accuracy: 0.513733468972533
Test accuracy: 0.5203252032520326
Number of nodes: 21
Student reward: 0.2818181818181818
Iteration 2/80
Training student with 2138 points
Train accuracy: 0.4087719298245614
Test accuracy: 0.4088785046728972
Number of nodes: 21
Student reward: 0.1
Iteration 3/80
Training student with 3047 points
Train accuracy: 0.3873615100533443
Test accuracy: 0.36721311475409835
Number of nodes: 21
Student reward: 0.3454545454545454
Iteration 4/80
Training student with 3956 points
Train accuracy: 0.4563843236409608
Test accuracy: 0.43686868686868685
Number of nodes: 21
Student reward: 0.3090909090909091
Iteration 5/80
Training student with 4774 points
Train accuracy: 0.5197695731866981
Test accuracy: 0.518324607329843
Number of nodes: 21
Student reward: 0.3545454545454545
Iteration 6/80
Training student with 5683 points
Train accuracy: 0.46854377474703035
Test accuracy: 0.465259454705365
Number of nodes: 21
Student reward: 0.4
Iteration 7/80
Training student with 6501 points
Train accuracy: 0.4369230769230769
Test accuracy: 0.4327440430438125
Number of nodes: 21
Student reward: 0.26363636363636367
Iteration 8/80
Training student with 7501 points
Train accuracy: 0.4126666666666667
Test accuracy: 0.40639573617588276
Number of nodes: 21
Student reward: 0.2909090909090909
Iteration 9/80
Training student with 8501 points
Train accuracy: 0.4082352941176471
Test accuracy: 0.3915343915343915
Number of nodes: 21
Student reward: 0.3818181818181817
Iteration 10/80
Training student with 9501 points
Train accuracy: 0.4188157894736842
Test accuracy: 0.4118884797475013
Number of nodes: 21
Student reward: 0.39090909090909093
Iteration 11/80
Training student with 10501 points
Train accuracy: 0.43773809523809526
Test accuracy: 0.4250356972870062
Number of nodes: 21
Student reward: 0.18181818181818182
Iteration 12/80
Training student with 11501 points
Train accuracy: 0.4508695652173913
Test accuracy: 0.439374185136897
Number of nodes: 21
Student reward: 0.22727272727272724
Iteration 13/80
Training student with 12410 points
Train accuracy: 0.46162369057211927
Test accuracy: 0.4520547945205479
Number of nodes: 21
Student reward: 0.36363636363636365
Iteration 14/80
Training student with 13410 points
Train accuracy: 0.46989187173750935
Test accuracy: 0.465324384787472
Number of nodes: 21
Student reward: 0.3090909090909091
Iteration 15/80
Training student with 14319 points
Train accuracy: 0.48109995635093844
Test accuracy: 0.48358938547486036
Number of nodes: 21
Student reward: 0.2909090909090909
Iteration 16/80
Training student with 15319 points
Train accuracy: 0.48592411260709917
Test accuracy: 0.48368146214099217
Number of nodes: 21
Student reward: 0.24545454545454543
Iteration 17/80
Training student with 16319 points
Train accuracy: 0.49881271543469935
Test accuracy: 0.47824754901960786
Number of nodes: 21
Student reward: 0.24545454545454543
Iteration 18/80
Training student with 17319 points
Train accuracy: 0.4983038614218694
Test accuracy: 0.5054849884526559
Number of nodes: 21
Student reward: 0.16363636363636364
Iteration 19/80
Training student with 18319 points
Train accuracy: 0.5102695325827362
Test accuracy: 0.5079148471615721
Number of nodes: 21
Student reward: 0.19090909090909092
Iteration 20/80
Training student with 19319 points
Train accuracy: 0.5017146554513102
Test accuracy: 0.5119047619047619
Number of nodes: 21
Student reward: 0.18181818181818182
Iteration 21/80
Training student with 20319 points
Train accuracy: 0.5126422639187942
Test accuracy: 0.5177165354330708
Number of nodes: 21
Student reward: 0.38181818181818183
Iteration 22/80
Training student with 21319 points
Train accuracy: 0.5114042802697156
Test accuracy: 0.5126641651031895
Number of nodes: 21
Student reward: 0.21818181818181817
Iteration 23/80
Training student with 22319 points
Train accuracy: 0.5133576029123494
Test accuracy: 0.5212813620071685
Number of nodes: 21
Student reward: 0.24545454545454543
Iteration 24/80
Training student with 23228 points
Train accuracy: 0.5195888494241739
Test accuracy: 0.5133448127421438
Number of nodes: 21
Student reward: 0.045454545454545456
Iteration 25/80
Training student with 24228 points
Train accuracy: 0.525384377257249
Test accuracy: 0.5216673545191911
Number of nodes: 21
Student reward: 0.2
Iteration 26/80
Training student with 25137 points
Train accuracy: 0.5330449052662987
Test accuracy: 0.5348050914876691
Number of nodes: 21
Student reward: 0.20909090909090908
Iteration 27/80
Training student with 26046 points
Train accuracy: 0.5409387598387406
Test accuracy: 0.5291746641074856
Number of nodes: 21
Student reward: 0.17272727272727273
Iteration 28/80
Training student with 26955 points
Train accuracy: 0.5445650157670191
Test accuracy: 0.5459098497495827
Number of nodes: 21
Student reward: 0.32727272727272727
Iteration 29/80
Training student with 27864 points
Train accuracy: 0.5456462249338297
Test accuracy: 0.5454871702853041
Number of nodes: 21
Student reward: 0.23636363636363633
Iteration 30/80
Training student with 28773 points
Train accuracy: 0.5551307672256495
Test accuracy: 0.5357080799304952
Number of nodes: 21
Student reward: 0.1
Iteration 31/80
Training student with 29773 points
Train accuracy: 0.5578554034763624
Test accuracy: 0.5474391267842149
Number of nodes: 21
Student reward: 0.1727272727272727
Iteration 32/80
Training student with 30773 points
Train accuracy: 0.5591030952961248
Test accuracy: 0.5598700243704305
Number of nodes: 21
Student reward: 0.18181818181818182
Iteration 33/80
Training student with 31773 points
Train accuracy: 0.5631048863010465
Test accuracy: 0.5628638867033832
Number of nodes: 21
Student reward: 0.10909090909090909
Iteration 34/80
Training student with 32773 points
Train accuracy: 0.5675490121290716
Test accuracy: 0.5548436308161708
Number of nodes: 21
Student reward: 0.2545454545454545
Iteration 35/80
Training student with 33682 points
Train accuracy: 0.5568751159769901
Test accuracy: 0.5597446934837464
Number of nodes: 21
Student reward: 0.38181818181818183
Iteration 36/80
Training student with 34591 points
Train accuracy: 0.5606389129806303
Test accuracy: 0.5682902153490389
Number of nodes: 21
Student reward: 0.18181818181818182
Iteration 37/80
Training student with 35591 points
Train accuracy: 0.5651868502388311
Test accuracy: 0.5600505689001264
Number of nodes: 21
Student reward: 0.17272727272727273
Iteration 38/80
Training student with 36591 points
Train accuracy: 0.5665140748838481
Test accuracy: 0.5681103975952999
Number of nodes: 21
Student reward: 0.2
Iteration 39/80
Training student with 37591 points
Train accuracy: 0.5634809789837723
Test accuracy: 0.5746774837079399
Number of nodes: 21
Student reward: 0.2545454545454545
Iteration 40/80
Training student with 38500 points
Train accuracy: 0.5714285714285714
Test accuracy: 0.5581818181818182
Number of nodes: 21
Student reward: 0.47272727272727266
Iteration 41/80
Training student with 39409 points
Train accuracy: 0.5653249595584737
Test accuracy: 0.5711748287236742
Number of nodes: 21
Student reward: 0.3
Iteration 42/80
Training student with 40318 points
Train accuracy: 0.5696347739815216
Test accuracy: 0.5687003968253969
Number of nodes: 21
Student reward: 0.3545454545454545
Iteration 43/80
Training student with 41227 points
Train accuracy: 0.5727236893969255
Test accuracy: 0.5583313121513461
Number of nodes: 21
Student reward: 0.28181818181818186
Iteration 44/80
Training student with 42136 points
Train accuracy: 0.5675210632490804
Test accuracy: 0.5676317038443285
Number of nodes: 21
Student reward: 0.09090909090909091
Iteration 45/80
Training student with 43136 points
Train accuracy: 0.5688535991654109
Test accuracy: 0.5710477515067223
Number of nodes: 21
Student reward: 0.23636363636363633
Iteration 46/80
Training student with 44045 points
Train accuracy: 0.5690487001929845
Test accuracy: 0.5698717221023952
Number of nodes: 21
Student reward: 0.2636363636363636
Iteration 47/80
Training student with 45045 points
Train accuracy: 0.5730103230103231
Test accuracy: 0.5675435675435675
Number of nodes: 19
Student reward: 0.2909090909090909
Iteration 48/80
Training student with 45954 points
Train accuracy: 0.5709272910263036
Test accuracy: 0.5793711239255793
Number of nodes: 21
Student reward: 0.29090909090909084
Iteration 49/80
Training student with 46954 points
Train accuracy: 0.5731171631658813
Test accuracy: 0.5722500266212331
Number of nodes: 21
Student reward: 0.2545454545454545
Iteration 50/80
Training student with 47863 points
Train accuracy: 0.5742491512144163
Test accuracy: 0.5693095163480623
Number of nodes: 21
Student reward: 0.3727272727272727
Iteration 51/80
Training student with 48772 points
Train accuracy: 0.574288130814773
Test accuracy: 0.5638134290107637
Number of nodes: 21
Student reward: 0.39090909090909093
Iteration 52/80
Training student with 49681 points
Train accuracy: 0.5736714975845411
Test accuracy: 0.571601086847137
Number of nodes: 21
Student reward: 0.16363636363636364
Iteration 53/80
Training student with 50681 points
Train accuracy: 0.5751529202841358
Test accuracy: 0.566439775081385
Number of nodes: 21
Student reward: 0.24545454545454543
Iteration 54/80
Training student with 51681 points
Train accuracy: 0.5747629643962848
Test accuracy: 0.5814065976588952
Number of nodes: 21
Student reward: 0.2909090909090909
Iteration 55/80
Training student with 52590 points
Train accuracy: 0.5780566647651645
Test accuracy: 0.575679787031755
Number of nodes: 21
Student reward: 0.2636363636363636
Iteration 56/80
Training student with 53499 points
Train accuracy: 0.5788453001238346
Test accuracy: 0.5814953271028037
Number of nodes: 21
Student reward: 0.29999999999999993
Iteration 57/80
Training student with 54317 points
Train accuracy: 0.5801670770717787
Test accuracy: 0.5837628865979382
Number of nodes: 21
Student reward: 0.2909090909090909
Iteration 58/80
Training student with 55226 points
Train accuracy: 0.5812811226799457
Test accuracy: 0.5864566358862937
Number of nodes: 21
Student reward: 0.1727272727272727
Iteration 59/80
Training student with 56226 points
Train accuracy: 0.5839928857269898
Test accuracy: 0.5827849902187444
Number of nodes: 21
Student reward: 0.23636363636363641
Iteration 60/80
Training student with 57226 points
Train accuracy: 0.5855176933158585
Test accuracy: 0.5814258256159357
Number of nodes: 21
Student reward: 0.2727272727272727
Iteration 61/80
Training student with 58135 points
Train accuracy: 0.5856411800120409
Test accuracy: 0.5875118259224219
Number of nodes: 21
Student reward: 0.32727272727272727
Iteration 62/80
Training student with 59044 points
Train accuracy: 0.5874034084894676
Test accuracy: 0.5861630959437717
Number of nodes: 21
Student reward: 0.35454545454545455
Iteration 63/80
Training student with 59862 points
Train accuracy: 0.5877341351876214
Test accuracy: 0.5905788023051867
Number of nodes: 21
Student reward: 0.2818181818181818
Iteration 64/80
Training student with 60862 points
Train accuracy: 0.5814660395571896
Test accuracy: 0.5932802103014869
Number of nodes: 21
Student reward: 0.21818181818181817
Iteration 65/80
Training student with 61771 points
Train accuracy: 0.5852153148777723
Test accuracy: 0.5868069607446378
Number of nodes: 21
Student reward: 0.26363636363636356
Iteration 66/80
Training student with 62771 points
Train accuracy: 0.5852517126015613
Test accuracy: 0.5807248108323377
Number of nodes: 21
Student reward: 0.22727272727272724
Iteration 67/80
Training student with 63680 points
Train accuracy: 0.5849952889447236
Test accuracy: 0.5844064070351759
Number of nodes: 21
Student reward: 0.17272727272727273
Iteration 68/80
Training student with 64680 points
Train accuracy: 0.5859616573902289
Test accuracy: 0.5856524427952999
Number of nodes: 21
Student reward: 0.20909090909090908
Iteration 69/80
Training student with 65680 points
Train accuracy: 0.5880595310596833
Test accuracy: 0.5794001218026796
Number of nodes: 21
Student reward: 0.12727272727272726
Iteration 70/80
Training student with 66680 points
Train accuracy: 0.5875449910017997
Test accuracy: 0.5895320935812838
Number of nodes: 21
Student reward: 0.3363636363636363
Iteration 71/80
Training student with 67589 points
Train accuracy: 0.5882820735699358
Test accuracy: 0.5907678650687972
Number of nodes: 21
Student reward: 0.20909090909090908
Iteration 72/80
Training student with 68589 points
Train accuracy: 0.5899837801388712
Test accuracy: 0.5927248870097682
Number of nodes: 21
Student reward: 0.13636363636363635
Iteration 73/80
Training student with 69589 points
Train accuracy: 0.5927682276229994
Test accuracy: 0.5859318867653398
Number of nodes: 21
Student reward: 0.11818181818181817
Iteration 74/80
Training student with 70589 points
Train accuracy: 0.5902675709656284
Test accuracy: 0.5959767672474855
Number of nodes: 21
Student reward: 0.1727272727272727
Iteration 75/80
Training student with 71589 points
Train accuracy: 0.593354402751829
Test accuracy: 0.5898170135493784
Number of nodes: 21
Student reward: 0.23636363636363633
Iteration 76/80
Training student with 72498 points
Train accuracy: 0.5938997896479189
Test accuracy: 0.5904827586206897
Number of nodes: 21
Student reward: 0.2909090909090909
Iteration 77/80
Training student with 73316 points
Train accuracy: 0.5952397190206643
Test accuracy: 0.5928805237315876
Number of nodes: 21
Student reward: 0.19999999999999998
Iteration 78/80
Training student with 74316 points
Train accuracy: 0.5899885622014398
Test accuracy: 0.5969456404736275
Number of nodes: 21
Student reward: 0.3181818181818182
Iteration 79/80
Training student with 75316 points
Train accuracy: 0.5908351589988714
Test accuracy: 0.5895512480084971
Number of nodes: 21
Student reward: 0.15454545454545457
Initial policy count: 80
Current policy count: 40
Reward update: 0.47272727272727266 -> 0.2854545454545455
Reward update: 0.4 -> 0.24363636363636368
Reward update: 0.39090909090909093 -> 0.23636363636363636
Reward update: 0.39090909090909093 -> 0.2272727272727273
Reward update: 0.38181818181818183 -> 0.2272727272727273
Reward update: 0.38181818181818183 -> 0.2981818181818181
Reward update: 0.3818181818181817 -> 0.2636363636363637
Reward update: 0.3727272727272727 -> 0.21090909090909085
Reward update: 0.36363636363636365 -> 0.26909090909090916
Reward update: 0.35454545454545455 -> 0.30363636363636365
Reward update: 0.3545454545454545 -> 0.26545454545454544
Reward update: 0.3545454545454545 -> 0.3054545454545454
Reward update: 0.3454545454545454 -> 0.270909090909091
Reward update: 0.3363636363636363 -> 0.24363636363636368
Reward update: 0.32727272727272727 -> 0.21090909090909096
Reward update: 0.32727272727272727 -> 0.26363636363636367
Reward update: 0.3181818181818182 -> 0.3654545454545454
Reward update: 0.3090909090909091 -> 0.3
Reward update: 0.3090909090909091 -> 0.26545454545454555
Reward update: 0.3 -> 0.2218181818181818
Reward update: 0.29999999999999993 -> 0.28727272727272724
Reward update: 0.2909090909090909 -> 0.2509090909090909
Reward update: 0.2909090909090909 -> 0.3254545454545456
Reward update: 0.2909090909090909 -> 0.25636363636363635
Reward update: 0.2909090909090909 -> 0.3072727272727273
Reward update: 0.2909090909090909 -> 0.29272727272727284
Reward update: 0.2909090909090909 -> 0.26727272727272733
Reward update: 0.29090909090909084 -> 0.2345454545454545
Reward update: 0.28181818181818186 -> 0.26181818181818195
Reward update: 0.2818181818181818 -> 0.26909090909090916
Reward update: 0.2818181818181818 -> 0.2800000000000001
Reward update: 0.2727272727272727 -> 0.27454545454545465
Reward update: 0.26363636363636367 -> 0.2581818181818182
Reward update: 0.2636363636363636 -> 0.21454545454545457
Reward update: 0.2636363636363636 -> 0.2581818181818183
Reward update: 0.26363636363636356 -> 0.2763636363636364
Reward update: 0.2545454545454545 -> 0.3218181818181819
Reward update: 0.2545454545454545 -> 0.2490909090909091
Reward update: 0.2545454545454545 -> 0.27818181818181825
Reward update: 0.24545454545454543 -> 0.26909090909090905
Current policy count: 20
Reward update: 0.3654545454545454 -> 0.2618181818181818
Reward update: 0.3254545454545456 -> 0.27818181818181825
Reward update: 0.3218181818181819 -> 0.22181818181818178
Reward update: 0.3072727272727273 -> 0.2545454545454546
Reward update: 0.3054545454545454 -> 0.24181818181818188
Reward update: 0.30363636363636365 -> 0.21090909090909085
Reward update: 0.3 -> 0.29090909090909095
Reward update: 0.2981818181818181 -> 0.28181818181818186
Reward update: 0.29272727272727284 -> 0.3545454545454546
Reward update: 0.28727272727272724 -> 0.28181818181818186
Reward update: 0.2854545454545455 -> 0.1945454545454545
Reward update: 0.2800000000000001 -> 0.26
Reward update: 0.27818181818181825 -> 0.22727272727272727
Reward update: 0.2763636363636364 -> 0.25454545454545463
Reward update: 0.27454545454545465 -> 0.2618181818181819
Reward update: 0.270909090909091 -> 0.2600000000000001
Reward update: 0.26909090909090916 -> 0.2509090909090909
Reward update: 0.26909090909090916 -> 0.27818181818181825
Reward update: 0.26909090909090905 -> 0.26
Reward update: 0.26727272727272733 -> 0.23818181818181816
Current policy count: 10
Reward update: 0.3545454545454546 -> 0.2436363636363637
Reward update: 0.29090909090909095 -> 0.28545454545454546
Reward update: 0.28181818181818186 -> 0.27090909090909093
Reward update: 0.28181818181818186 -> 0.22181818181818194
Reward update: 0.27818181818181825 -> 0.27272727272727276
Reward update: 0.27818181818181825 -> 0.33454545454545453
Reward update: 0.2618181818181819 -> 0.28727272727272735
Reward update: 0.2618181818181818 -> 0.25636363636363646
Reward update: 0.2600000000000001 -> 0.250909090909091
Reward update: 0.26 -> 0.23818181818181824
Current policy count: 5
Reward update: 0.33454545454545453 -> 0.3363636363636364
Reward update: 0.28727272727272735 -> 0.19454545454545452
Reward update: 0.28545454545454546 -> 0.30909090909090925
Reward update: 0.27272727272727276 -> 0.31272727272727274
Reward update: 0.27090909090909093 -> 0.3109090909090909
Current policy count: 3
Reward update: 0.3363636363636364 -> 0.2509090909090908
Reward update: 0.31272727272727274 -> 0.2527272727272727
Reward update: 0.3109090909090909 -> 0.2090909090909091
Current policy count: 2
Reward update: 0.2527272727272727 -> 0.2909090909090909
Reward update: 0.2509090909090908 -> 0.32000000000000006
Current policy count: 1
Reward update: 0.32000000000000006 -> 0.2745454545454546
Final reward: 0.22727272727272738
Number of nodes: 21
