Iteration 0/80
Training student with 133 points
Train accuracy: 0.6981132075471698
Test accuracy: 0.6666666666666666
Number of nodes: 15
Student reward: 0.0
Iteration 1/80
Training student with 1133 points
Train accuracy: 0.46578366445916114
Test accuracy: 0.45374449339207046
Number of nodes: 17
Student reward: 0.0
Iteration 2/80
Training student with 2133 points
Train accuracy: 0.4912075029308324
Test accuracy: 0.49882903981264637
Number of nodes: 15
Student reward: 0.0
Iteration 3/80
Training student with 3133 points
Train accuracy: 0.4389465283320032
Test accuracy: 0.48165869218500795
Number of nodes: 17
Student reward: 0.0
Iteration 4/80
Training student with 4133 points
Train accuracy: 0.4485783424077435
Test accuracy: 0.4183796856106409
Number of nodes: 17
Student reward: 0.0
Iteration 5/80
Training student with 5133 points
Train accuracy: 0.4532391622016561
Test accuracy: 0.45764362220058424
Number of nodes: 17
Student reward: 0.0
Iteration 6/80
Training student with 6133 points
Train accuracy: 0.5177333876885446
Test accuracy: 0.5338223308883455
Number of nodes: 15
Student reward: 0.0
Iteration 7/80
Training student with 7133 points
Train accuracy: 0.5070101647388714
Test accuracy: 0.49474421864050455
Number of nodes: 13
Student reward: 0.0
Iteration 8/80
Training student with 8133 points
Train accuracy: 0.5006148170919151
Test accuracy: 0.4855562384757222
Number of nodes: 17
Student reward: 0.0
Iteration 9/80
Training student with 9133 points
Train accuracy: 0.4976731453599781
Test accuracy: 0.49917898193760263
Number of nodes: 17
Student reward: 0.0
Iteration 10/80
Training student with 10133 points
Train accuracy: 0.4906242289661979
Test accuracy: 0.46472619634928464
Number of nodes: 17
Student reward: 0.0
Iteration 11/80
Training student with 11133 points
Train accuracy: 0.4912418594206153
Test accuracy: 0.4854063762909744
Number of nodes: 15
Student reward: 0.0
Iteration 12/80
Training student with 12133 points
Train accuracy: 0.4911395013393777
Test accuracy: 0.4977338277709106
Number of nodes: 19
Student reward: 0.0
Iteration 13/80
Training student with 13133 points
Train accuracy: 0.4795355035217971
Test accuracy: 0.4868671488389798
Number of nodes: 15
Student reward: 0.0
Iteration 14/80
Training student with 14133 points
Train accuracy: 0.47098885547496905
Test accuracy: 0.48036788114609125
Number of nodes: 15
Student reward: 0.0
Iteration 15/80
Training student with 15133 points
Train accuracy: 0.4789360647612754
Test accuracy: 0.47274529236868185
Number of nodes: 17
Student reward: -0.1
Iteration 16/80
Training student with 16039 points
Train accuracy: 0.47205985503857845
Test accuracy: 0.463216957605985
Number of nodes: 17
Student reward: -0.2
Iteration 17/80
Training student with 16851 points
Train accuracy: 0.47574183976261125
Test accuracy: 0.46900029664787896
Number of nodes: 17
Student reward: 0.0
Iteration 18/80
Training student with 17851 points
Train accuracy: 0.4703781512605042
Test accuracy: 0.469896387566508
Number of nodes: 17
Student reward: 0.0
Iteration 19/80
Training student with 18851 points
Train accuracy: 0.4736074270557029
Test accuracy: 0.475470697427738
Number of nodes: 15
Student reward: 0.0
Iteration 20/80
Training student with 19851 points
Train accuracy: 0.4731108312342569
Test accuracy: 0.47292873331654495
Number of nodes: 17
Student reward: 0.0
Iteration 21/80
Training student with 20851 points
Train accuracy: 0.4699640287769784
Test accuracy: 0.46679453368496765
Number of nodes: 21
Student reward: 0.0
Iteration 22/80
Training student with 21851 points
Train accuracy: 0.470137299771167
Test accuracy: 0.4804392587508579
Number of nodes: 17
Student reward: 0.0
Iteration 23/80
Training student with 22851 points
Train accuracy: 0.4602844638949672
Test accuracy: 0.46007438197331
Number of nodes: 19
Student reward: 0.0
Iteration 24/80
Training student with 23851 points
Train accuracy: 0.46331236897274636
Test accuracy: 0.4646824565080696
Number of nodes: 21
Student reward: 0.0
Iteration 25/80
Training student with 24851 points
Train accuracy: 0.46247484909456743
Test accuracy: 0.46348823174411585
Number of nodes: 21
Student reward: 0.0
Iteration 26/80
Training student with 25851 points
Train accuracy: 0.46247582205029014
Test accuracy: 0.4647070199187778
Number of nodes: 17
Student reward: 0.0
Iteration 27/80
Training student with 26851 points
Train accuracy: 0.46080074487895717
Test accuracy: 0.4641593744181717
Number of nodes: 15
Student reward: 0.0
Iteration 28/80
Training student with 27851 points
Train accuracy: 0.46023339317773787
Test accuracy: 0.45934302638664515
Number of nodes: 17
Student reward: -0.1
Iteration 29/80
Training student with 28757 points
Train accuracy: 0.460986742012606
Test accuracy: 0.4629694019471488
Number of nodes: 21
Student reward: 0.0
Iteration 30/80
Training student with 29757 points
Train accuracy: 0.46427221172022687
Test accuracy: 0.46841397849462363
Number of nodes: 21
Student reward: -0.1
Iteration 31/80
Training student with 30663 points
Train accuracy: 0.46147574398695473
Test accuracy: 0.47138431436491113
Number of nodes: 21
Student reward: 0.0
Iteration 32/80
Training student with 31663 points
Train accuracy: 0.45988945913936047
Test accuracy: 0.4703931785883467
Number of nodes: 19
Student reward: 0.0
Iteration 33/80
Training student with 32663 points
Train accuracy: 0.4605817068503636
Test accuracy: 0.45859482626664627
Number of nodes: 19
Student reward: 0.0
Iteration 34/80
Training student with 33663 points
Train accuracy: 0.4758633494244337
Test accuracy: 0.4769047972671914
Number of nodes: 19
Student reward: 0.0
Iteration 35/80
Training student with 34663 points
Train accuracy: 0.47569419401370355
Test accuracy: 0.4778595124765614
Number of nodes: 21
Student reward: 0.0
Iteration 36/80
Training student with 35663 points
Train accuracy: 0.4737118822292324
Test accuracy: 0.470909855600729
Number of nodes: 19
Student reward: 0.0
Iteration 37/80
Training student with 36663 points
Train accuracy: 0.47507671326287076
Test accuracy: 0.4804309286785763
Number of nodes: 19
Student reward: 0.0
Iteration 38/80
Training student with 37663 points
Train accuracy: 0.4740126120146034
Test accuracy: 0.47099429178282226
Number of nodes: 15
Student reward: -0.1
Iteration 39/80
Training student with 38569 points
Train accuracy: 0.46964835520985254
Test accuracy: 0.4678506611355976
Number of nodes: 21
Student reward: -0.1
Iteration 40/80
Training student with 39475 points
Train accuracy: 0.47131095630145664
Test accuracy: 0.46789107029765675
Number of nodes: 19
Student reward: -0.1
Iteration 41/80
Training student with 40381 points
Train accuracy: 0.4749876176324913
Test accuracy: 0.47430976847839545
Number of nodes: 21
Student reward: -0.1
Iteration 42/80
Training student with 41287 points
Train accuracy: 0.47007175512428473
Test accuracy: 0.4726325986921773
Number of nodes: 19
Student reward: 0.0
Iteration 43/80
Training student with 42287 points
Train accuracy: 0.47474060717136185
Test accuracy: 0.4684322534878222
Number of nodes: 21
Student reward: 0.0
Iteration 44/80
Training student with 43287 points
Train accuracy: 0.4679026249675128
Test accuracy: 0.4782859782859783
Number of nodes: 21
Student reward: 0.0
Iteration 45/80
Training student with 44287 points
Train accuracy: 0.4652403398345988
Test accuracy: 0.46635809437796344
Number of nodes: 19
Student reward: 0.0
Iteration 46/80
Training student with 45287 points
Train accuracy: 0.46548345248281764
Test accuracy: 0.4648929123426805
Number of nodes: 19
Student reward: -0.1
Iteration 47/80
Training student with 46193 points
Train accuracy: 0.4724522379174108
Test accuracy: 0.4686654399826821
Number of nodes: 19
Student reward: 0.0
Iteration 48/80
Training student with 47193 points
Train accuracy: 0.46103724108703714
Test accuracy: 0.4653035279160928
Number of nodes: 19
Student reward: 0.0
Iteration 49/80
Training student with 48193 points
Train accuracy: 0.4653732427244903
Test accuracy: 0.46218487394957986
Number of nodes: 21
Student reward: 0.0
Iteration 50/80
Training student with 49193 points
Train accuracy: 0.47034608934288763
Test accuracy: 0.4579733712775689
Number of nodes: 19
Student reward: 0.0
Iteration 51/80
Training student with 50193 points
Train accuracy: 0.46436220550879115
Test accuracy: 0.46508616396055386
Number of nodes: 15
Student reward: 0.0
Iteration 52/80
Training student with 51193 points
Train accuracy: 0.46561996386189386
Test accuracy: 0.46752612559820295
Number of nodes: 15
Student reward: 0.0
Iteration 53/80
Training student with 52193 points
Train accuracy: 0.46460219380179146
Test accuracy: 0.4627837915509148
Number of nodes: 21
Student reward: 0.0
Iteration 54/80
Training student with 53193 points
Train accuracy: 0.4663016402688349
Test accuracy: 0.47062693862205096
Number of nodes: 21
Student reward: -0.1
Iteration 55/80
Training student with 54099 points
Train accuracy: 0.46133228586612446
Test accuracy: 0.466543438077634
Number of nodes: 19
Student reward: 0.0
Iteration 56/80
Training student with 55099 points
Train accuracy: 0.4614669116812995
Test accuracy: 0.46606170598911073
Number of nodes: 19
Student reward: 0.0
Iteration 57/80
Training student with 56099 points
Train accuracy: 0.46369125871788586
Test accuracy: 0.467825311942959
Number of nodes: 19
Student reward: 0.0
Iteration 58/80
Training student with 57099 points
Train accuracy: 0.46226931412684164
Test accuracy: 0.4622591943957968
Number of nodes: 15
Student reward: 0.0
Iteration 59/80
Training student with 58099 points
Train accuracy: 0.4600572301469481
Test accuracy: 0.4558519793459552
Number of nodes: 17
Student reward: -0.1
Iteration 60/80
Training student with 59005 points
Train accuracy: 0.4628209473773409
Test accuracy: 0.46538428946699434
Number of nodes: 19
Student reward: 0.0
Iteration 61/80
Training student with 60005 points
Train accuracy: 0.46062828097658526
Test accuracy: 0.4616281976501958
Number of nodes: 17
Student reward: 0.0
Iteration 62/80
Training student with 61005 points
Train accuracy: 0.4609458241127776
Test accuracy: 0.46340463896401934
Number of nodes: 21
Student reward: -0.1
Iteration 63/80
Training student with 61911 points
Train accuracy: 0.46258681957680503
Test accuracy: 0.46168133731728983
Number of nodes: 19
Student reward: 0.0
Iteration 64/80
Training student with 62911 points
Train accuracy: 0.46562549674137654
Test accuracy: 0.4604625288087102
Number of nodes: 19
Student reward: -0.1
Iteration 65/80
Training student with 63817 points
Train accuracy: 0.4621275928936595
Test accuracy: 0.46513632090253837
Number of nodes: 21
Student reward: 0.0
Iteration 66/80
Training student with 64817 points
Train accuracy: 0.4599348157290803
Test accuracy: 0.46359148410984263
Number of nodes: 19
Student reward: 0.0
Iteration 67/80
Training student with 65817 points
Train accuracy: 0.4603346437999734
Test accuracy: 0.46027043451838345
Number of nodes: 17
Student reward: 0.0
Iteration 68/80
Training student with 66817 points
Train accuracy: 0.46212560567227284
Test accuracy: 0.46131397785094286
Number of nodes: 17
Student reward: 0.0
Iteration 69/80
Training student with 67817 points
Train accuracy: 0.4600114279394688
Test accuracy: 0.46284281922736653
Number of nodes: 21
Student reward: 0.0
Iteration 70/80
Training student with 68817 points
Train accuracy: 0.45915753909868673
Test accuracy: 0.4633100842778262
Number of nodes: 19
Student reward: -0.1
Iteration 71/80
Training student with 69723 points
Train accuracy: 0.4602172899709563
Test accuracy: 0.4609537468626748
Number of nodes: 19
Student reward: 0.0
Iteration 72/80
Training student with 70723 points
Train accuracy: 0.46024956696949343
Test accuracy: 0.46652527394839166
Number of nodes: 19
Student reward: 0.0
Iteration 73/80
Training student with 71723 points
Train accuracy: 0.46254662065600055
Test accuracy: 0.46260020913210176
Number of nodes: 19
Student reward: 0.0
Iteration 74/80
Training student with 72723 points
Train accuracy: 0.4607067963835127
Test accuracy: 0.4568580268133379
Number of nodes: 19
Student reward: -0.1
Iteration 75/80
Training student with 73629 points
Train accuracy: 0.4625570853776548
Test accuracy: 0.4596631807687084
Number of nodes: 19
Student reward: 0.0
Iteration 76/80
Training student with 74629 points
Train accuracy: 0.4599098872753463
Test accuracy: 0.4595336995846174
Number of nodes: 17
Student reward: 0.0
Iteration 77/80
Training student with 75629 points
Train accuracy: 0.46336545295274617
Test accuracy: 0.4648948829829433
Number of nodes: 19
Student reward: -0.1
Iteration 78/80
Training student with 76535 points
Train accuracy: 0.4586463709413994
Test accuracy: 0.4588750244985954
Number of nodes: 21
Student reward: 0.0
Iteration 79/80
Training student with 77535 points
Train accuracy: 0.4586638292384085
Test accuracy: 0.4570194105887664
Number of nodes: 21
Student reward: 0.0
Initial policy count: 80
Current policy count: 40
Reward update: 0.0 -> -0.02
Reward update: 0.0 -> 0.0
Reward update: 0.0 -> -0.02
Reward update: 0.0 -> -0.04
Reward update: 0.0 -> -0.02
Reward update: 0.0 -> 0.0
Reward update: 0.0 -> 0.0
Reward update: 0.0 -> -0.02
Reward update: 0.0 -> 0.0
Reward update: 0.0 -> -0.04
Reward update: 0.0 -> -0.06
Reward update: 0.0 -> 0.0
Reward update: 0.0 -> -0.02
Reward update: 0.0 -> -0.02
Reward update: 0.0 -> -0.06
Reward update: 0.0 -> -0.04
Reward update: 0.0 -> -0.02
Reward update: 0.0 -> -0.02
Reward update: 0.0 -> -0.02
Reward update: 0.0 -> 0.0
Reward update: 0.0 -> -0.04
Reward update: 0.0 -> -0.02
Reward update: 0.0 -> -0.02
Reward update: 0.0 -> -0.02
Reward update: 0.0 -> -0.04
Reward update: 0.0 -> -0.02
Reward update: 0.0 -> 0.0
Reward update: 0.0 -> -0.02
Reward update: 0.0 -> -0.04
Reward update: 0.0 -> 0.0
Reward update: 0.0 -> -0.02
Reward update: 0.0 -> -0.02
Reward update: 0.0 -> 0.0
Reward update: 0.0 -> -0.04
Reward update: 0.0 -> -0.02
Reward update: 0.0 -> -0.02
Reward update: 0.0 -> 0.0
Reward update: 0.0 -> -0.02
Reward update: 0.0 -> 0.0
Reward update: 0.0 -> -0.02
Current policy count: 20
Reward update: 0.0 -> -0.02
Reward update: 0.0 -> 0.0
Reward update: 0.0 -> -0.02
Reward update: 0.0 -> -0.04
Reward update: 0.0 -> -0.02
Reward update: 0.0 -> -0.02
Reward update: 0.0 -> -0.1
Reward update: 0.0 -> 0.0
Reward update: 0.0 -> -0.04
Reward update: 0.0 -> 0.0
Reward update: 0.0 -> -0.06
Reward update: -0.02 -> 0.0
Reward update: -0.02 -> 0.0
Reward update: -0.02 -> -0.06
Reward update: -0.02 -> 0.0
Reward update: -0.02 -> 0.0
Reward update: -0.02 -> 0.0
Reward update: -0.02 -> -0.04
Reward update: -0.02 -> -0.02
Reward update: -0.02 -> -0.02
Current policy count: 10
Reward update: 0.0 -> 0.0
Reward update: 0.0 -> 0.0
Reward update: 0.0 -> -0.02
Reward update: 0.0 -> -0.02
Reward update: 0.0 -> 0.0
Reward update: 0.0 -> -0.02
Reward update: 0.0 -> -0.02
Reward update: 0.0 -> -0.04
Reward update: -0.02 -> 0.0
Reward update: -0.02 -> 0.0
Current policy count: 5
Reward update: 0.0 -> 0.0
Reward update: 0.0 -> 0.0
Reward update: 0.0 -> 0.0
Reward update: 0.0 -> -0.02
Reward update: 0.0 -> -0.04
Current policy count: 3
Reward update: 0.0 -> 0.0
Reward update: 0.0 -> 0.0
Reward update: 0.0 -> -0.02
Current policy count: 2
Reward update: 0.0 -> 0.0
Reward update: 0.0 -> 0.0
Current policy count: 1
Reward update: 0.0 -> 0.0
Final reward: 0.0
Number of nodes: 17
