Iteration 0/80
Training student with 317 points
Train accuracy: 0.6126482213438735
Test accuracy: 0.671875
Number of nodes: 21
Student reward: 0.2545454545454545
Iteration 1/80
Training student with 1317 points
Train accuracy: 0.4919278252611586
Test accuracy: 0.44696969696969696
Number of nodes: 21
Student reward: 0.26363636363636356
Iteration 2/80
Training student with 2135 points
Train accuracy: 0.47365339578454335
Test accuracy: 0.477751756440281
Number of nodes: 21
Student reward: 0.1818181818181818
Iteration 3/80
Training student with 3135 points
Train accuracy: 0.45893141945773525
Test accuracy: 0.4529505582137161
Number of nodes: 23
Student reward: 0.3363636363636363
Iteration 4/80
Training student with 4135 points
Train accuracy: 0.5102781136638452
Test accuracy: 0.5030229746070133
Number of nodes: 23
Student reward: 0.2636363636363636
Iteration 5/80
Training student with 5135 points
Train accuracy: 0.5486854917234664
Test accuracy: 0.5452775073028238
Number of nodes: 23
Student reward: 0.3363636363636363
Iteration 6/80
Training student with 6135 points
Train accuracy: 0.5623471882640587
Test accuracy: 0.5509372453137734
Number of nodes: 23
Student reward: 0.17272727272727276
Iteration 7/80
Training student with 7135 points
Train accuracy: 0.5737561317449195
Test accuracy: 0.575332866152768
Number of nodes: 23
Student reward: 0.2818181818181818
Iteration 8/80
Training student with 8044 points
Train accuracy: 0.575912975912976
Test accuracy: 0.5804847731510255
Number of nodes: 23
Student reward: 0.2909090909090909
Iteration 9/80
Training student with 8953 points
Train accuracy: 0.5867076235688355
Test accuracy: 0.6113902847571189
Number of nodes: 23
Student reward: 0.3454545454545454
Iteration 10/80
Training student with 9862 points
Train accuracy: 0.5951324629230574
Test accuracy: 0.6092245311708059
Number of nodes: 23
Student reward: 0.2727272727272727
Iteration 11/80
Training student with 10771 points
Train accuracy: 0.6051532033426184
Test accuracy: 0.614385150812065
Number of nodes: 23
Student reward: 0.24545454545454545
Iteration 12/80
Training student with 11771 points
Train accuracy: 0.6057774001699235
Test accuracy: 0.6101910828025477
Number of nodes: 23
Student reward: 0.2545454545454545
Iteration 13/80
Training student with 12771 points
Train accuracy: 0.6086530931871574
Test accuracy: 0.6066536203522505
Number of nodes: 23
Student reward: 0.5454545454545454
Iteration 14/80
Training student with 13498 points
Train accuracy: 0.6079829598073717
Test accuracy: 0.6003703703703703
Number of nodes: 23
Student reward: 0.3090909090909091
Iteration 15/80
Training student with 14407 points
Train accuracy: 0.61058568329718
Test accuracy: 0.6151977793199167
Number of nodes: 21
Student reward: 0.3090909090909091
Iteration 16/80
Training student with 15316 points
Train accuracy: 0.6124714332353901
Test accuracy: 0.6080287206266318
Number of nodes: 23
Student reward: 0.309090909090909
Iteration 17/80
Training student with 16134 points
Train accuracy: 0.6143178120399783
Test accuracy: 0.6126433219708708
Number of nodes: 23
Student reward: 0.2818181818181818
Iteration 18/80
Training student with 17043 points
Train accuracy: 0.6122194513715711
Test accuracy: 0.6142563801701378
Number of nodes: 23
Student reward: 0.1545454545454545
Iteration 19/80
Training student with 18043 points
Train accuracy: 0.6166689760288209
Test accuracy: 0.6120809088390136
Number of nodes: 23
Student reward: 0.3090909090909091
Iteration 20/80
Training student with 18952 points
Train accuracy: 0.6173075654640195
Test accuracy: 0.6135584278554471
Number of nodes: 23
Student reward: 0.20909090909090908
Iteration 21/80
Training student with 19952 points
Train accuracy: 0.620763110080822
Test accuracy: 0.611125031320471
Number of nodes: 23
Student reward: 0.28181818181818175
Iteration 22/80
Training student with 20861 points
Train accuracy: 0.62212368168744
Test accuracy: 0.6242511382698298
Number of nodes: 23
Student reward: 0.3
Iteration 23/80
Training student with 21679 points
Train accuracy: 0.6271694631839936
Test accuracy: 0.6309963099630996
Number of nodes: 23
Student reward: 0.2727272727272727
Iteration 24/80
Training student with 22679 points
Train accuracy: 0.6297194510279447
Test accuracy: 0.6179453262786596
Number of nodes: 23
Student reward: 0.21818181818181817
Iteration 25/80
Training student with 23679 points
Train accuracy: 0.6237132449981524
Test accuracy: 0.6083192567567568
Number of nodes: 23
Student reward: 0.21818181818181817
Iteration 26/80
Training student with 24679 points
Train accuracy: 0.6224991136098871
Test accuracy: 0.6286466774716369
Number of nodes: 23
Student reward: 0.3
Iteration 27/80
Training student with 25497 points
Train accuracy: 0.620679511692896
Test accuracy: 0.6262745098039215
Number of nodes: 23
Student reward: 0.2363636363636364
Iteration 28/80
Training student with 26497 points
Train accuracy: 0.6263150445817804
Test accuracy: 0.6167924528301887
Number of nodes: 23
Student reward: 0.36363636363636365
Iteration 29/80
Training student with 27406 points
Train accuracy: 0.6274858602444809
Test accuracy: 0.6307916818679314
Number of nodes: 23
Student reward: 0.3454545454545454
Iteration 30/80
Training student with 28315 points
Train accuracy: 0.6266996291718171
Test accuracy: 0.6289952322090765
Number of nodes: 23
Student reward: 0.27272727272727265
Iteration 31/80
Training student with 29224 points
Train accuracy: 0.6285555412977458
Test accuracy: 0.6297690333618478
Number of nodes: 23
Student reward: 0.21818181818181817
Iteration 32/80
Training student with 30224 points
Train accuracy: 0.62674221431821
Test accuracy: 0.628287841191067
Number of nodes: 23
Student reward: 0.3363636363636363
Iteration 33/80
Training student with 31133 points
Train accuracy: 0.6258331325784952
Test accuracy: 0.6299983940902522
Number of nodes: 23
Student reward: 0.3545454545454545
Iteration 34/80
Training student with 32042 points
Train accuracy: 0.6260289470604299
Test accuracy: 0.623342175066313
Number of nodes: 23
Student reward: 0.3363636363636363
Iteration 35/80
Training student with 32860 points
Train accuracy: 0.6254945222154595
Test accuracy: 0.6223371880706026
Number of nodes: 23
Student reward: 0.2
Iteration 36/80
Training student with 33860 points
Train accuracy: 0.6247784997046663
Test accuracy: 0.6329001772002363
Number of nodes: 23
Student reward: 0.1
Iteration 37/80
Training student with 34860 points
Train accuracy: 0.6300559380378657
Test accuracy: 0.6285140562248996
Number of nodes: 23
Student reward: 0.13636363636363638
Iteration 38/80
Training student with 35860 points
Train accuracy: 0.6314138315672058
Test accuracy: 0.6253485778025656
Number of nodes: 23
Student reward: 0.1818181818181818
Iteration 39/80
Training student with 36860 points
Train accuracy: 0.6359536082474226
Test accuracy: 0.6227618014107433
Number of nodes: 23
Student reward: 0.3727272727272727
Iteration 40/80
Training student with 37678 points
Train accuracy: 0.634297657753301
Test accuracy: 0.6277866242038217
Number of nodes: 23
Student reward: 0.2727272727272727
Iteration 41/80
Training student with 38678 points
Train accuracy: 0.6323443862710878
Test accuracy: 0.6287487073422957
Number of nodes: 23
Student reward: 0.3727272727272727
Iteration 42/80
Training student with 39587 points
Train accuracy: 0.6291957434715337
Test accuracy: 0.6389239706996717
Number of nodes: 23
Student reward: 0.23636363636363633
Iteration 43/80
Training student with 40587 points
Train accuracy: 0.6327881979734516
Test accuracy: 0.6313131313131313
Number of nodes: 23
Student reward: 0.22727272727272724
Iteration 44/80
Training student with 41496 points
Train accuracy: 0.6322448487769611
Test accuracy: 0.6306024096385542
Number of nodes: 23
Student reward: 0.2909090909090909
Iteration 45/80
Training student with 42405 points
Train accuracy: 0.6317356443815588
Test accuracy: 0.6328263176512203
Number of nodes: 23
Student reward: 0.2545454545454545
Iteration 46/80
Training student with 43314 points
Train accuracy: 0.6325069983550258
Test accuracy: 0.6334987879487476
Number of nodes: 23
Student reward: 0.3
Iteration 47/80
Training student with 44223 points
Train accuracy: 0.6343490304709142
Test accuracy: 0.6284906726964387
Number of nodes: 23
Student reward: 0.15454545454545454
Iteration 48/80
Training student with 45223 points
Train accuracy: 0.6341975786389519
Test accuracy: 0.6328358208955224
Number of nodes: 23
Student reward: 0.2727272727272727
Iteration 49/80
Training student with 46223 points
Train accuracy: 0.624749851262913
Test accuracy: 0.6253109789075175
Number of nodes: 23
Student reward: 0.13636363636363635
Iteration 50/80
Training student with 47223 points
Train accuracy: 0.6257610249351474
Test accuracy: 0.6229751191106405
Number of nodes: 23
Student reward: 0.2
Iteration 51/80
Training student with 48223 points
Train accuracy: 0.6275856705894551
Test accuracy: 0.6154484188698808
Number of nodes: 23
Student reward: 0.23636363636363633
Iteration 52/80
Training student with 49223 points
Train accuracy: 0.6275077454416171
Test accuracy: 0.6248857287963433
Number of nodes: 23
Student reward: 0.2909090909090909
Iteration 53/80
Training student with 50132 points
Train accuracy: 0.6267547687320782
Test accuracy: 0.6305973870549516
Number of nodes: 23
Student reward: 0.36363636363636365
Iteration 54/80
Training student with 50950 points
Train accuracy: 0.6270608439646712
Test accuracy: 0.6252208047105005
Number of nodes: 23
Student reward: 0.2
Iteration 55/80
Training student with 51950 points
Train accuracy: 0.6200192492781521
Test accuracy: 0.6233878729547642
Number of nodes: 23
Student reward: 0.21818181818181817
Iteration 56/80
Training student with 52950 points
Train accuracy: 0.621671388101983
Test accuracy: 0.6118980169971672
Number of nodes: 23
Student reward: 0.23636363636363633
Iteration 57/80
Training student with 53859 points
Train accuracy: 0.6201174368138882
Test accuracy: 0.623653917564055
Number of nodes: 23
Student reward: 0.19090909090909092
Iteration 58/80
Training student with 54859 points
Train accuracy: 0.6200925103105703
Test accuracy: 0.6181188479766678
Number of nodes: 23
Student reward: 0.36363636363636365
Iteration 59/80
Training student with 55768 points
Train accuracy: 0.6212847984937464
Test accuracy: 0.6158328850636543
Number of nodes: 23
Student reward: 0.390909090909091
Iteration 60/80
Training student with 56677 points
Train accuracy: 0.6185130455878786
Test accuracy: 0.6243824982357092
Number of nodes: 23
Student reward: 0.18181818181818182
Iteration 61/80
Training student with 57677 points
Train accuracy: 0.6198825339719555
Test accuracy: 0.6183252427184466
Number of nodes: 23
Student reward: 0.4363636363636364
Iteration 62/80
Training student with 58495 points
Train accuracy: 0.6183861868535773
Test accuracy: 0.6193691768527224
Number of nodes: 23
Student reward: 0.2545454545454545
Iteration 63/80
Training student with 59495 points
Train accuracy: 0.6180771493402807
Test accuracy: 0.6144213799478948
Number of nodes: 23
Student reward: 0.22727272727272724
Iteration 64/80
Training student with 60404 points
Train accuracy: 0.6184839517414068
Test accuracy: 0.6179124244681732
Number of nodes: 23
Student reward: 0.42727272727272725
Iteration 65/80
Training student with 61222 points
Train accuracy: 0.6182493823631501
Test accuracy: 0.615761535320539
Number of nodes: 23
Student reward: 0.3363636363636363
Iteration 66/80
Training student with 62131 points
Train accuracy: 0.612827941413166
Test accuracy: 0.6132614468496017
Number of nodes: 23
Student reward: 0.15454545454545457
Iteration 67/80
Training student with 63131 points
Train accuracy: 0.6134167590685886
Test accuracy: 0.6151896729231013
Number of nodes: 23
Student reward: 0.29999999999999993
Iteration 68/80
Training student with 64131 points
Train accuracy: 0.6143575549664744
Test accuracy: 0.6084041475013643
Number of nodes: 23
Student reward: 0.2727272727272727
Iteration 69/80
Training student with 65040 points
Train accuracy: 0.6090482779827798
Test accuracy: 0.6103936039360394
Number of nodes: 23
Student reward: 0.26363636363636356
Iteration 70/80
Training student with 65949 points
Train accuracy: 0.6096779696355125
Test accuracy: 0.6077331311599696
Number of nodes: 23
Student reward: 0.40909090909090906
Iteration 71/80
Training student with 66858 points
Train accuracy: 0.6075795535280261
Test accuracy: 0.6030511516601854
Number of nodes: 23
Student reward: 0.1727272727272727
Iteration 72/80
Training student with 67858 points
Train accuracy: 0.608296798437903
Test accuracy: 0.6109637488947833
Number of nodes: 23
Student reward: 0.20909090909090908
Iteration 73/80
Training student with 68858 points
Train accuracy: 0.6090658243473841
Test accuracy: 0.6099331977926227
Number of nodes: 23
Student reward: 0.3454545454545454
Iteration 74/80
Training student with 69676 points
Train accuracy: 0.6084858270541801
Test accuracy: 0.6161739380022963
Number of nodes: 23
Student reward: 0.2909090909090909
Iteration 75/80
Training student with 70585 points
Train accuracy: 0.6107352837005029
Test accuracy: 0.6031734787844443
Number of nodes: 23
Student reward: 0.2
Iteration 76/80
Training student with 71585 points
Train accuracy: 0.6093629950408606
Test accuracy: 0.6096249214220857
Number of nodes: 23
Student reward: 0.22727272727272724
Iteration 77/80
Training student with 72585 points
Train accuracy: 0.6102500516635668
Test accuracy: 0.6100433973961562
Number of nodes: 23
Student reward: 0.3363636363636363
Iteration 78/80
Training student with 73494 points
Train accuracy: 0.6088783059783995
Test accuracy: 0.6064358119599973
Number of nodes: 23
Student reward: 0.20909090909090908
Iteration 79/80
Training student with 74403 points
Train accuracy: 0.6086825039481201
Test accuracy: 0.6124588401317116
Number of nodes: 23
Student reward: 0.2818181818181818
Initial policy count: 80
Current policy count: 40
Reward update: 0.5454545454545454 -> 0.20727272727272733
Reward update: 0.4363636363636364 -> 0.2527272727272727
Reward update: 0.42727272727272725 -> 0.3109090909090909
Reward update: 0.40909090909090906 -> 0.270909090909091
Reward update: 0.390909090909091 -> 0.23636363636363644
Reward update: 0.3727272727272727 -> 0.20909090909090902
Reward update: 0.3727272727272727 -> 0.3218181818181819
Reward update: 0.36363636363636365 -> 0.23090909090909087
Reward update: 0.36363636363636365 -> 0.2490909090909091
Reward update: 0.36363636363636365 -> 0.24545454545454543
Reward update: 0.3545454545454545 -> 0.2509090909090909
Reward update: 0.3454545454545454 -> 0.2181818181818182
Reward update: 0.3454545454545454 -> 0.26363636363636367
Reward update: 0.3454545454545454 -> 0.1981818181818182
Reward update: 0.3363636363636363 -> 0.24363636363636362
Reward update: 0.3363636363636363 -> 0.3127272727272727
Reward update: 0.3363636363636363 -> 0.2818181818181818
Reward update: 0.3363636363636363 -> 0.2672727272727273
Reward update: 0.3363636363636363 -> 0.27818181818181814
Reward update: 0.3363636363636363 -> 0.3
Reward update: 0.3090909090909091 -> 0.2490909090909091
Reward update: 0.3090909090909091 -> 0.21272727272727274
Reward update: 0.3090909090909091 -> 0.32545454545454555
Reward update: 0.309090909090909 -> 0.21454545454545457
Reward update: 0.3 -> 0.28909090909090907
Reward update: 0.3 -> 0.2927272727272728
Reward update: 0.3 -> 0.17090909090909082
Reward update: 0.29999999999999993 -> 0.26181818181818184
Reward update: 0.2909090909090909 -> 0.270909090909091
Reward update: 0.2909090909090909 -> 0.23999999999999996
Reward update: 0.2909090909090909 -> 0.22909090909090918
Reward update: 0.2909090909090909 -> 0.2981818181818182
Reward update: 0.2818181818181818 -> 0.24545454545454543
Reward update: 0.2818181818181818 -> 0.34545454545454546
Reward update: 0.2818181818181818 -> 0.1745454545454545
Reward update: 0.28181818181818175 -> 0.19636363636363638
Reward update: 0.2727272727272727 -> 0.3218181818181819
Reward update: 0.2727272727272727 -> 0.21090909090909085
Reward update: 0.2727272727272727 -> 0.3036363636363637
Reward update: 0.2727272727272727 -> 0.28
Current policy count: 20
Reward update: 0.34545454545454546 -> 0.25818181818181823
Reward update: 0.32545454545454555 -> 0.21272727272727276
Reward update: 0.3218181818181819 -> 0.27454545454545454
Reward update: 0.3218181818181819 -> 0.1909090909090909
Reward update: 0.3127272727272727 -> 0.27090909090909093
Reward update: 0.3109090909090909 -> 0.2545454545454546
Reward update: 0.3036363636363637 -> 0.2927272727272728
Reward update: 0.3 -> 0.32181818181818195
Reward update: 0.2981818181818182 -> 0.250909090909091
Reward update: 0.2927272727272728 -> 0.29090909090909106
Reward update: 0.28909090909090907 -> 0.37090909090909085
Reward update: 0.2818181818181818 -> 0.26181818181818184
Reward update: 0.28 -> 0.2345454545454545
Reward update: 0.27818181818181814 -> 0.2872727272727273
Reward update: 0.270909090909091 -> 0.1727272727272727
Reward update: 0.270909090909091 -> 0.2381818181818182
Reward update: 0.2672727272727273 -> 0.2436363636363637
Reward update: 0.26363636363636367 -> 0.22545454545454544
Reward update: 0.26181818181818184 -> 0.3418181818181818
Reward update: 0.2527272727272727 -> 0.2690909090909091
Current policy count: 10
Reward update: 0.37090909090909085 -> 0.24909090909090917
Reward update: 0.3418181818181818 -> 0.2636363636363637
Reward update: 0.32181818181818195 -> 0.2581818181818183
Reward update: 0.2927272727272728 -> 0.25272727272727274
Reward update: 0.29090909090909106 -> 0.22181818181818186
Reward update: 0.2872727272727273 -> 0.24000000000000005
Reward update: 0.27454545454545454 -> 0.28
Reward update: 0.27090909090909093 -> 0.27272727272727276
Reward update: 0.2690909090909091 -> 0.2981818181818182
Reward update: 0.26181818181818184 -> 0.2963636363636364
Current policy count: 5
Reward update: 0.2981818181818182 -> 0.3127272727272728
Reward update: 0.2963636363636364 -> 0.21818181818181823
Reward update: 0.28 -> 0.28545454545454557
Reward update: 0.27272727272727276 -> 0.250909090909091
Reward update: 0.2636363636363637 -> 0.25454545454545446
Current policy count: 3
Reward update: 0.3127272727272728 -> 0.29272727272727267
Reward update: 0.28545454545454557 -> 0.2636363636363636
Reward update: 0.25454545454545446 -> 0.3345454545454546
Current policy count: 2
Reward update: 0.3345454545454546 -> 0.27818181818181825
Reward update: 0.29272727272727267 -> 0.25454545454545463
Current policy count: 1
Reward update: 0.27818181818181825 -> 0.22727272727272738
Final reward: 0.32363636363636367
Number of nodes: 23
