Iteration 0/80
Training student with 317 points
Train accuracy: 0.6126482213438735
Test accuracy: 0.734375
Number of nodes: 21
Student reward: 0.36363636363636365
Iteration 1/80
Training student with 1226 points
Train accuracy: 0.5642857142857143
Test accuracy: 0.5853658536585366
Number of nodes: 23
Student reward: 0.1909090909090909
Iteration 2/80
Training student with 2226 points
Train accuracy: 0.4943820224719101
Test accuracy: 0.5
Number of nodes: 23
Student reward: 0.1
Iteration 3/80
Training student with 3135 points
Train accuracy: 0.42384370015948963
Test accuracy: 0.4194577352472089
Number of nodes: 23
Student reward: 0.22727272727272724
Iteration 4/80
Training student with 4044 points
Train accuracy: 0.3938176197836167
Test accuracy: 0.40667490729295425
Number of nodes: 23
Student reward: 0.3545454545454545
Iteration 5/80
Training student with 4953 points
Train accuracy: 0.4260474507824331
Test accuracy: 0.42684157416750756
Number of nodes: 23
Student reward: 0.32727272727272727
Iteration 6/80
Training student with 5862 points
Train accuracy: 0.4107485604606526
Test accuracy: 0.42625745950554134
Number of nodes: 23
Student reward: 0.5363636363636364
Iteration 7/80
Training student with 6680 points
Train accuracy: 0.4124251497005988
Test accuracy: 0.4026946107784431
Number of nodes: 23
Student reward: 0.2818181818181818
Iteration 8/80
Training student with 7589 points
Train accuracy: 0.40652281337506174
Test accuracy: 0.4038208168642951
Number of nodes: 23
Student reward: 0.40909090909090906
Iteration 9/80
Training student with 8407 points
Train accuracy: 0.40609665427509295
Test accuracy: 0.4149821640903686
Number of nodes: 23
Student reward: 0.21818181818181817
Iteration 10/80
Training student with 9407 points
Train accuracy: 0.41661129568106314
Test accuracy: 0.4112646121147715
Number of nodes: 23
Student reward: 0.2909090909090909
Iteration 11/80
Training student with 10316 points
Train accuracy: 0.4076587493940863
Test accuracy: 0.4108527131782946
Number of nodes: 23
Student reward: 0.43636363636363634
Iteration 12/80
Training student with 11043 points
Train accuracy: 0.40423364274394386
Test accuracy: 0.3789044816659122
Number of nodes: 23
Student reward: 0.19999999999999998
Iteration 13/80
Training student with 12043 points
Train accuracy: 0.40460867760016606
Test accuracy: 0.41926110419261103
Number of nodes: 23
Student reward: 0.31818181818181807
Iteration 14/80
Training student with 12861 points
Train accuracy: 0.4135886469673406
Test accuracy: 0.42945977458219975
Number of nodes: 23
Student reward: 0.1
Iteration 15/80
Training student with 13861 points
Train accuracy: 0.3971861471861472
Test accuracy: 0.3927154706094482
Number of nodes: 23
Student reward: 0.3454545454545454
Iteration 16/80
Training student with 14679 points
Train accuracy: 0.39683215532657756
Test accuracy: 0.3923705722070845
Number of nodes: 23
Student reward: 0.4
Iteration 17/80
Training student with 15497 points
Train accuracy: 0.4098572235218198
Test accuracy: 0.40419354838709676
Number of nodes: 23
Student reward: 0.19090909090909094
Iteration 18/80
Training student with 16497 points
Train accuracy: 0.4003940289459726
Test accuracy: 0.40606060606060607
Number of nodes: 23
Student reward: 0.3272727272727272
Iteration 19/80
Training student with 17497 points
Train accuracy: 0.4104450953775809
Test accuracy: 0.4022857142857143
Number of nodes: 23
Student reward: 0.16363636363636364
Iteration 20/80
Training student with 18497 points
Train accuracy: 0.4094748935595053
Test accuracy: 0.41135135135135137
Number of nodes: 23
Student reward: 0.30909090909090914
Iteration 21/80
Training student with 19406 points
Train accuracy: 0.41303787683586707
Test accuracy: 0.4031427099433282
Number of nodes: 23
Student reward: 0.2
Iteration 22/80
Training student with 20406 points
Train accuracy: 0.416503308012742
Test accuracy: 0.4069083782459579
Number of nodes: 23
Student reward: 0.21818181818181817
Iteration 23/80
Training student with 21406 points
Train accuracy: 0.4128708245736977
Test accuracy: 0.4170948155067725
Number of nodes: 23
Student reward: 0.2909090909090909
Iteration 24/80
Training student with 22315 points
Train accuracy: 0.41306296213309435
Test accuracy: 0.4116065426842931
Number of nodes: 23
Student reward: 0.2545454545454545
Iteration 25/80
Training student with 23224 points
Train accuracy: 0.40125948651703536
Test accuracy: 0.406243272335845
Number of nodes: 23
Student reward: 0.35454545454545455
Iteration 26/80
Training student with 24133 points
Train accuracy: 0.4101833626851756
Test accuracy: 0.4135073544644707
Number of nodes: 23
Student reward: 0.42727272727272736
Iteration 27/80
Training student with 25042 points
Train accuracy: 0.40538112115010233
Test accuracy: 0.41525254541824713
Number of nodes: 23
Student reward: 0.24545454545454545
Iteration 28/80
Training student with 26042 points
Train accuracy: 0.40272644362309795
Test accuracy: 0.39124592052217316
Number of nodes: 23
Student reward: 0.1545454545454545
Iteration 29/80
Training student with 27042 points
Train accuracy: 0.39749456848333564
Test accuracy: 0.3967461638010723
Number of nodes: 23
Student reward: 0.3
Iteration 30/80
Training student with 27951 points
Train accuracy: 0.4067978533094812
Test accuracy: 0.4131640135932749
Number of nodes: 23
Student reward: 0.16363636363636364
Iteration 31/80
Training student with 28951 points
Train accuracy: 0.3996977547495682
Test accuracy: 0.39457779312726643
Number of nodes: 23
Student reward: 0.2636363636363636
Iteration 32/80
Training student with 29860 points
Train accuracy: 0.40271265907568654
Test accuracy: 0.398861352980576
Number of nodes: 23
Student reward: 0.24545454545454545
Iteration 33/80
Training student with 30860 points
Train accuracy: 0.3981691510045366
Test accuracy: 0.4006804925469864
Number of nodes: 23
Student reward: 0.4545454545454545
Iteration 34/80
Training student with 31587 points
Train accuracy: 0.3996992362182912
Test accuracy: 0.3868312757201646
Number of nodes: 23
Student reward: 0.3090909090909091
Iteration 35/80
Training student with 32496 points
Train accuracy: 0.40063855977842744
Test accuracy: 0.3924615384615385
Number of nodes: 23
Student reward: 0.32727272727272727
Iteration 36/80
Training student with 33496 points
Train accuracy: 0.39479773100462756
Test accuracy: 0.39119402985074625
Number of nodes: 23
Student reward: 0.24545454545454543
Iteration 37/80
Training student with 34405 points
Train accuracy: 0.3987792472024415
Test accuracy: 0.38831565179479727
Number of nodes: 23
Student reward: 0.24545454545454543
Iteration 38/80
Training student with 35405 points
Train accuracy: 0.3966600762604152
Test accuracy: 0.3957068210704703
Number of nodes: 23
Student reward: 0.22727272727272724
Iteration 39/80
Training student with 36314 points
Train accuracy: 0.39974527554989503
Test accuracy: 0.40355225113589427
Number of nodes: 23
Student reward: 0.17272727272727273
Iteration 40/80
Training student with 37223 points
Train accuracy: 0.39629928134864667
Test accuracy: 0.39811954331766286
Number of nodes: 23
Student reward: 0.23636363636363633
Iteration 41/80
Training student with 38132 points
Train accuracy: 0.39993443697754466
Test accuracy: 0.39858397797299067
Number of nodes: 23
Student reward: 0.16363636363636364
Iteration 42/80
Training student with 39041 points
Train accuracy: 0.3914574795081967
Test accuracy: 0.39236778076578305
Number of nodes: 23
Student reward: 0.24545454545454545
Iteration 43/80
Training student with 40041 points
Train accuracy: 0.39354395604395603
Test accuracy: 0.40104882007741294
Number of nodes: 23
Student reward: 0.4545454545454545
Iteration 44/80
Training student with 40768 points
Train accuracy: 0.39449316244557553
Test accuracy: 0.3904831984302183
Number of nodes: 23
Student reward: 0.1181818181818182
Iteration 45/80
Training student with 41768 points
Train accuracy: 0.39683964805171484
Test accuracy: 0.3937036150347139
Number of nodes: 23
Student reward: 0.2545454545454545
Iteration 46/80
Training student with 42768 points
Train accuracy: 0.39413690302215465
Test accuracy: 0.3890577507598784
Number of nodes: 23
Student reward: 0.13636363636363638
Iteration 47/80
Training student with 43768 points
Train accuracy: 0.39632718341234935
Test accuracy: 0.3855380397532557
Number of nodes: 23
Student reward: 0.3181818181818182
Iteration 48/80
Training student with 44677 points
Train accuracy: 0.3930499986010464
Test accuracy: 0.3962623097582811
Number of nodes: 23
Student reward: 0.3090909090909091
Iteration 49/80
Training student with 45586 points
Train accuracy: 0.39174070417900625
Test accuracy: 0.3948234261899539
Number of nodes: 23
Student reward: 0.40909090909090906
Iteration 50/80
Training student with 46313 points
Train accuracy: 0.3930634278002699
Test accuracy: 0.39166576703011985
Number of nodes: 23
Student reward: 0.47272727272727266
Iteration 51/80
Training student with 47131 points
Train accuracy: 0.39696053469127945
Test accuracy: 0.38835260422191575
Number of nodes: 23
Student reward: 0.2
Iteration 52/80
Training student with 48131 points
Train accuracy: 0.3957510907957615
Test accuracy: 0.39783940999272877
Number of nodes: 23
Student reward: 0.4454545454545455
Iteration 53/80
Training student with 48949 points
Train accuracy: 0.3940856508082433
Test accuracy: 0.38784473953013276
Number of nodes: 23
Student reward: 0.36363636363636365
Iteration 54/80
Training student with 49949 points
Train accuracy: 0.4027127806001151
Test accuracy: 0.4047047047047047
Number of nodes: 23
Student reward: 0.309090909090909
Iteration 55/80
Training student with 50949 points
Train accuracy: 0.396133369317206
Test accuracy: 0.4057899901864573
Number of nodes: 23
Student reward: 0.2
Iteration 56/80
Training student with 51949 points
Train accuracy: 0.3997930652806853
Test accuracy: 0.3956689124157844
Number of nodes: 23
Student reward: 0.22727272727272724
Iteration 57/80
Training student with 52949 points
Train accuracy: 0.40173280766779196
Test accuracy: 0.39716713881019833
Number of nodes: 23
Student reward: 0.16363636363636364
Iteration 58/80
Training student with 53858 points
Train accuracy: 0.4006173699113401
Test accuracy: 0.4005755662829558
Number of nodes: 23
Student reward: 0.15454545454545457
Iteration 59/80
Training student with 54858 points
Train accuracy: 0.4000592444059609
Test accuracy: 0.4087677725118483
Number of nodes: 23
Student reward: 0.2727272727272727
Iteration 60/80
Training student with 55858 points
Train accuracy: 0.4003043458801414
Test accuracy: 0.40001790189760117
Number of nodes: 23
Student reward: 0.4545454545454545
Iteration 61/80
Training student with 56676 points
Train accuracy: 0.3977503308337009
Test accuracy: 0.3922900494001411
Number of nodes: 23
Student reward: 0.2545454545454545
Iteration 62/80
Training student with 57676 points
Train accuracy: 0.4022106631989597
Test accuracy: 0.39563106796116504
Number of nodes: 23
Student reward: 0.5363636363636364
Iteration 63/80
Training student with 58403 points
Train accuracy: 0.40086040837292924
Test accuracy: 0.40467425734098106
Number of nodes: 23
Student reward: 0.3818181818181818
Iteration 64/80
Training student with 59312 points
Train accuracy: 0.40375982633985963
Test accuracy: 0.40520947483773073
Number of nodes: 23
Student reward: 0.16363636363636364
Iteration 65/80
Training student with 60312 points
Train accuracy: 0.39992538705465397
Test accuracy: 0.4071126585426511
Number of nodes: 23
Student reward: 0.2727272727272727
Iteration 66/80
Training student with 61221 points
Train accuracy: 0.4051372100620712
Test accuracy: 0.4060432829726419
Number of nodes: 23
Student reward: 0.13636363636363635
Iteration 67/80
Training student with 62221 points
Train accuracy: 0.40047412407585986
Test accuracy: 0.403455202892728
Number of nodes: 23
Student reward: 0.2
Iteration 68/80
Training student with 63221 points
Train accuracy: 0.40386744701043975
Test accuracy: 0.40521945432977463
Number of nodes: 23
Student reward: 0.2727272727272727
Iteration 69/80
Training student with 64130 points
Train accuracy: 0.40014423826602213
Test accuracy: 0.4049586776859504
Number of nodes: 23
Student reward: 0.3181818181818182
Iteration 70/80
Training student with 65039 points
Train accuracy: 0.3992235398128039
Test accuracy: 0.39321955719557194
Number of nodes: 23
Student reward: 0.2
Iteration 71/80
Training student with 65948 points
Train accuracy: 0.40211910989802496
Test accuracy: 0.40682335102350264
Number of nodes: 23
Student reward: 0.5
Iteration 72/80
Training student with 66584 points
Train accuracy: 0.4003792216569358
Test accuracy: 0.4050461815724262
Number of nodes: 23
Student reward: 0.33636363636363636
Iteration 73/80
Training student with 67402 points
Train accuracy: 0.3963390886667532
Test accuracy: 0.39670647578072843
Number of nodes: 23
Student reward: 0.21818181818181817
Iteration 74/80
Training student with 68311 points
Train accuracy: 0.3960986678377983
Test accuracy: 0.40064407523969847
Number of nodes: 23
Student reward: 0.4545454545454545
Iteration 75/80
Training student with 69129 points
Train accuracy: 0.39771802614686363
Test accuracy: 0.40235787646463184
Number of nodes: 23
Student reward: 0.21818181818181817
Iteration 76/80
Training student with 70038 points
Train accuracy: 0.4027663751561663
Test accuracy: 0.3974157624214734
Number of nodes: 23
Student reward: 0.19090909090909086
Iteration 77/80
Training student with 70947 points
Train accuracy: 0.39914019416107266
Test accuracy: 0.39830866807610993
Number of nodes: 23
Student reward: 0.27272727272727276
Iteration 78/80
Training student with 71856 points
Train accuracy: 0.4004070697933338
Test accuracy: 0.39444753687726136
Number of nodes: 23
Student reward: 0.27272727272727265
Iteration 79/80
Training student with 72856 points
Train accuracy: 0.39817102463797954
Test accuracy: 0.3912983804556684
Number of nodes: 23
Student reward: 0.23636363636363633
Initial policy count: 80
Current policy count: 40
Reward update: 0.5363636363636364 -> 0.31636363636363635
Reward update: 0.5363636363636364 -> 0.26909090909090916
Reward update: 0.5 -> 0.2545454545454545
Reward update: 0.47272727272727266 -> 0.33272727272727276
Reward update: 0.4545454545454545 -> 0.3090909090909092
Reward update: 0.4545454545454545 -> 0.3654545454545455
Reward update: 0.4545454545454545 -> 0.26181818181818184
Reward update: 0.4545454545454545 -> 0.26545454545454544
Reward update: 0.4454545454545455 -> 0.2890909090909092
Reward update: 0.43636363636363634 -> 0.3181818181818182
Reward update: 0.42727272727272736 -> 0.29090909090909084
Reward update: 0.40909090909090906 -> 0.2818181818181819
Reward update: 0.40909090909090906 -> 0.34545454545454546
Reward update: 0.4 -> 0.21818181818181817
Reward update: 0.3818181818181818 -> 0.26545454545454555
Reward update: 0.36363636363636365 -> 0.2545454545454546
Reward update: 0.36363636363636365 -> 0.2490909090909091
Reward update: 0.35454545454545455 -> 0.2345454545454546
Reward update: 0.3545454545454545 -> 0.24000000000000007
Reward update: 0.3454545454545454 -> 0.3527272727272728
Reward update: 0.33636363636363636 -> 0.24000000000000005
Reward update: 0.32727272727272727 -> 0.3272727272727274
Reward update: 0.32727272727272727 -> 0.2618181818181818
Reward update: 0.3272727272727272 -> 0.29818181818181816
Reward update: 0.3181818181818182 -> 0.24909090909090903
Reward update: 0.3181818181818182 -> 0.28
Reward update: 0.31818181818181807 -> 0.1854545454545454
Reward update: 0.30909090909090914 -> 0.20181818181818184
Reward update: 0.3090909090909091 -> 0.2109090909090909
Reward update: 0.3090909090909091 -> 0.23818181818181827
Reward update: 0.309090909090909 -> 0.3181818181818183
Reward update: 0.3 -> 0.24181818181818177
Reward update: 0.2909090909090909 -> 0.25272727272727274
Reward update: 0.2909090909090909 -> 0.34363636363636374
Reward update: 0.2818181818181818 -> 0.2381818181818182
Reward update: 0.27272727272727276 -> 0.26909090909090916
Reward update: 0.2727272727272727 -> 0.2327272727272728
Reward update: 0.2727272727272727 -> 0.27636363636363637
Reward update: 0.2727272727272727 -> 0.28909090909090907
Reward update: 0.27272727272727265 -> 0.25090909090909086
Current policy count: 20
Reward update: 0.3654545454545455 -> 0.31090909090909097
Reward update: 0.3527272727272728 -> 0.2509090909090909
Reward update: 0.34545454545454546 -> 0.2890909090909091
Reward update: 0.34363636363636374 -> 0.30727272727272725
Reward update: 0.33272727272727276 -> 0.23818181818181813
Reward update: 0.3272727272727274 -> 0.31636363636363646
Reward update: 0.3181818181818183 -> 0.23090909090909092
Reward update: 0.3181818181818182 -> 0.2472727272727273
Reward update: 0.31636363636363635 -> 0.26727272727272733
Reward update: 0.3090909090909092 -> 0.36181818181818187
Reward update: 0.29818181818181816 -> 0.2672727272727273
Reward update: 0.29090909090909084 -> 0.27454545454545454
Reward update: 0.2890909090909092 -> 0.2581818181818182
Reward update: 0.28909090909090907 -> 0.20181818181818187
Reward update: 0.2818181818181819 -> 0.30000000000000004
Reward update: 0.28 -> 0.2636363636363636
Reward update: 0.27636363636363637 -> 0.24181818181818182
Reward update: 0.26909090909090916 -> 0.3
Reward update: 0.26909090909090916 -> 0.26727272727272733
Reward update: 0.26545454545454555 -> 0.2963636363636364
Current policy count: 10
Reward update: 0.36181818181818187 -> 0.27999999999999997
Reward update: 0.31636363636363646 -> 0.3018181818181818
Reward update: 0.31090909090909097 -> 0.19818181818181815
Reward update: 0.30727272727272725 -> 0.23818181818181816
Reward update: 0.30000000000000004 -> 0.26363636363636367
Reward update: 0.3 -> 0.3272727272727273
Reward update: 0.2963636363636364 -> 0.2581818181818183
Reward update: 0.2890909090909091 -> 0.23090909090909087
Reward update: 0.27454545454545454 -> 0.27272727272727276
Reward update: 0.26727272727272733 -> 0.28727272727272735
Current policy count: 5
Reward update: 0.3272727272727273 -> 0.24
Reward update: 0.3018181818181818 -> 0.2345454545454546
Reward update: 0.28727272727272735 -> 0.18363636363636357
Reward update: 0.27999999999999997 -> 0.22909090909090912
Reward update: 0.27272727272727276 -> 0.24181818181818182
Current policy count: 3
Reward update: 0.24181818181818182 -> 0.22363636363636363
Reward update: 0.24 -> 0.2890909090909092
Reward update: 0.2345454545454546 -> 0.26
Current policy count: 2
Reward update: 0.2890909090909092 -> 0.29636363636363644
Reward update: 0.26 -> 0.26
Current policy count: 1
Reward update: 0.29636363636363644 -> 0.2272727272727273
Final reward: 0.26727272727272733
Number of nodes: 23
