Iteration 0/80
Training student with 653 points
Train accuracy: 0.4942528735632184
Test accuracy: 0.45038167938931295
Number of nodes: 5
Student reward: 2.4
Iteration 1/80
Training student with 1168 points
Train accuracy: 0.49143468950749464
Test accuracy: 0.49572649572649574
Number of nodes: 5
Student reward: 3.1
Iteration 2/80
Training student with 1741 points
Train accuracy: 0.5933908045977011
Test accuracy: 0.6074498567335244
Number of nodes: 5
Student reward: 0.8
Iteration 3/80
Training student with 2196 points
Train accuracy: 0.6070615034168565
Test accuracy: 0.6
Number of nodes: 5
Student reward: 2.4
Iteration 4/80
Training student with 2711 points
Train accuracy: 0.5419741697416974
Test accuracy: 0.5119705340699816
Number of nodes: 5
Student reward: 3.2
Iteration 5/80
Training student with 3257 points
Train accuracy: 0.5120921305182342
Test accuracy: 0.5
Number of nodes: 5
Student reward: 2.9
Iteration 6/80
Training student with 3770 points
Train accuracy: 0.491710875331565
Test accuracy: 0.5079575596816976
Number of nodes: 5
Student reward: 1.8
Iteration 7/80
Training student with 4236 points
Train accuracy: 0.487012987012987
Test accuracy: 0.47641509433962265
Number of nodes: 5
Student reward: 2.4
Iteration 8/80
Training student with 4740 points
Train accuracy: 0.4720464135021097
Test accuracy: 0.47151898734177217
Number of nodes: 5
Student reward: 2.4
Iteration 9/80
Training student with 5215 points
Train accuracy: 0.46093000958772773
Test accuracy: 0.44870565675934804
Number of nodes: 5
Student reward: 0.9
Iteration 10/80
Training student with 5642 points
Train accuracy: 0.47883890981608684
Test accuracy: 0.5101860053144376
Number of nodes: 5
Student reward: 3.3
Iteration 11/80
Training student with 6235 points
Train accuracy: 0.46752205292702487
Test accuracy: 0.48757016840417
Number of nodes: 5
Student reward: 2.7
Iteration 12/80
Training student with 6755 points
Train accuracy: 0.4727979274611399
Test accuracy: 0.4789045151739452
Number of nodes: 5
Student reward: 1.9
Iteration 13/80
Training student with 7196 points
Train accuracy: 0.46264767199444057
Test accuracy: 0.43194444444444446
Number of nodes: 5
Student reward: 2.4
Iteration 14/80
Training student with 7751 points
Train accuracy: 0.4920967741935484
Test accuracy: 0.48549323017408125
Number of nodes: 5
Student reward: 1.9
Iteration 15/80
Training student with 8212 points
Train accuracy: 0.4824174151316791
Test accuracy: 0.46682897139379187
Number of nodes: 5
Student reward: 2.4
Iteration 16/80
Training student with 8728 points
Train accuracy: 0.4763678029217989
Test accuracy: 0.46105383734249716
Number of nodes: 5
Student reward: 0.7
Iteration 17/80
Training student with 9134 points
Train accuracy: 0.47475023949637335
Test accuracy: 0.4827586206896552
Number of nodes: 5
Student reward: 1.9
Iteration 18/80
Training student with 9605 points
Train accuracy: 0.4724102030192608
Test accuracy: 0.4815200416449766
Number of nodes: 5
Student reward: 2.2
Iteration 19/80
Training student with 10090 points
Train accuracy: 0.464816650148662
Test accuracy: 0.47621407333994054
Number of nodes: 5
Student reward: 1.9
Iteration 20/80
Training student with 10588 points
Train accuracy: 0.4729634002361275
Test accuracy: 0.4542020774315392
Number of nodes: 5
Student reward: 1.7
Iteration 21/80
Training student with 11085 points
Train accuracy: 0.46244925575101486
Test accuracy: 0.4654939106901218
Number of nodes: 5
Student reward: 2.9
Iteration 22/80
Training student with 11601 points
Train accuracy: 0.4674568965517241
Test accuracy: 0.4472210254200776
Number of nodes: 5
Student reward: 2.4
Iteration 23/80
Training student with 12067 points
Train accuracy: 0.46213612348492694
Test accuracy: 0.4502899751449876
Number of nodes: 5
Student reward: 1.8
Iteration 24/80
Training student with 12510 points
Train accuracy: 0.45813349320543567
Test accuracy: 0.45283772981614706
Number of nodes: 5
Student reward: 3.9
Iteration 25/80
Training student with 13142 points
Train accuracy: 0.47208218396271284
Test accuracy: 0.4712818562190947
Number of nodes: 5
Student reward: 0.7
Iteration 26/80
Training student with 13563 points
Train accuracy: 0.46903225806451615
Test accuracy: 0.4706966457795798
Number of nodes: 5
Student reward: 0.9
Iteration 27/80
Training student with 13984 points
Train accuracy: 0.48261374810047375
Test accuracy: 0.48695030389703253
Number of nodes: 5
Student reward: 1.8
Iteration 28/80
Training student with 14438 points
Train accuracy: 0.47705627705627707
Test accuracy: 0.4695290858725762
Number of nodes: 5
Student reward: 2.5
Iteration 29/80
Training student with 14950 points
Train accuracy: 0.4744983277591973
Test accuracy: 0.46387959866220735
Number of nodes: 5
Student reward: 2.6
Iteration 30/80
Training student with 15479 points
Train accuracy: 0.46676895744165386
Test accuracy: 0.4437984496124031
Number of nodes: 5
Student reward: 2.5
Iteration 31/80
Training student with 16007 points
Train accuracy: 0.46598984771573604
Test accuracy: 0.46627108057464084
Number of nodes: 5
Student reward: 2.7
Iteration 32/80
Training student with 16519 points
Train accuracy: 0.4637154748391979
Test accuracy: 0.463680387409201
Number of nodes: 5
Student reward: 2.8
Iteration 33/80
Training student with 17030 points
Train accuracy: 0.4621990604815032
Test accuracy: 0.451556077510276
Number of nodes: 5
Student reward: 2.3
Iteration 34/80
Training student with 17528 points
Train accuracy: 0.45863642846954783
Test accuracy: 0.45636052481460354
Number of nodes: 5
Student reward: 1.3
Iteration 35/80
Training student with 18021 points
Train accuracy: 0.4669811320754717
Test accuracy: 0.46907073509015257
Number of nodes: 5
Student reward: 2.1
Iteration 36/80
Training student with 18534 points
Train accuracy: 0.4567343360086329
Test accuracy: 0.48017264634475315
Number of nodes: 5
Student reward: 1.9
Iteration 37/80
Training student with 18985 points
Train accuracy: 0.4670792731103503
Test accuracy: 0.4608901764550961
Number of nodes: 5
Student reward: 3.0
Iteration 38/80
Training student with 19515 points
Train accuracy: 0.4599666922879836
Test accuracy: 0.4411990776325903
Number of nodes: 5
Student reward: 3.7
Iteration 39/80
Training student with 20154 points
Train accuracy: 0.4803076350555108
Test accuracy: 0.46911436368146864
Number of nodes: 5
Student reward: 1.2
Iteration 40/80
Training student with 20567 points
Train accuracy: 0.4711602747219352
Test accuracy: 0.4803111327175498
Number of nodes: 5
Student reward: 2.6
Iteration 41/80
Training student with 21074 points
Train accuracy: 0.4767779820867193
Test accuracy: 0.4763938315539739
Number of nodes: 5
Student reward: 2.0
Iteration 42/80
Training student with 21570 points
Train accuracy: 0.47154612888270747
Test accuracy: 0.46546128882707466
Number of nodes: 5
Student reward: 1.0
Iteration 43/80
Training student with 21986 points
Train accuracy: 0.4652604048214692
Test accuracy: 0.479081400636653
Number of nodes: 5
Student reward: 3.0
Iteration 44/80
Training student with 22539 points
Train accuracy: 0.4730186900338306
Test accuracy: 0.46517302573203195
Number of nodes: 5
Student reward: 2.4
Iteration 45/80
Training student with 23041 points
Train accuracy: 0.4660373263888889
Test accuracy: 0.45866782382295507
Number of nodes: 5
Student reward: 1.1
Iteration 46/80
Training student with 23466 points
Train accuracy: 0.4726187939484338
Test accuracy: 0.4610140605027695
Number of nodes: 5
Student reward: 3.3
Iteration 47/80
Training student with 24069 points
Train accuracy: 0.46839781874837705
Test accuracy: 0.46551724137931033
Number of nodes: 5
Student reward: 2.9
Iteration 48/80
Training student with 24639 points
Train accuracy: 0.46299020851301304
Test accuracy: 0.46570616883116883
Number of nodes: 5
Student reward: 2.5
Iteration 49/80
Training student with 25194 points
Train accuracy: 0.4681220540808732
Test accuracy: 0.4681484421512205
Number of nodes: 5
Student reward: 2.5
Iteration 50/80
Training student with 25705 points
Train accuracy: 0.4612915775141023
Test accuracy: 0.4559424236529858
Number of nodes: 5
Student reward: 1.9
Iteration 51/80
Training student with 26159 points
Train accuracy: 0.462130262340517
Test accuracy: 0.4514525993883792
Number of nodes: 5
Student reward: 2.7
Iteration 52/80
Training student with 26734 points
Train accuracy: 0.47622387431617336
Test accuracy: 0.4540864035907986
Number of nodes: 5
Student reward: 3.1
Iteration 53/80
Training student with 27286 points
Train accuracy: 0.4748030053142752
Test accuracy: 0.4677537559545621
Number of nodes: 5
Student reward: 2.6
Iteration 54/80
Training student with 27848 points
Train accuracy: 0.4662896130711913
Test accuracy: 0.470197486535009
Number of nodes: 5
Student reward: 2.9
Iteration 55/80
Training student with 28407 points
Train accuracy: 0.4688228822882288
Test accuracy: 0.4681450193593805
Number of nodes: 5
Student reward: 2.5
Iteration 56/80
Training student with 28944 points
Train accuracy: 0.46171453249838046
Test accuracy: 0.45931939885990675
Number of nodes: 5
Student reward: 3.3
Iteration 57/80
Training student with 29553 points
Train accuracy: 0.45744860840876406
Test accuracy: 0.4560987988496024
Number of nodes: 5
Student reward: 1.0
Iteration 58/80
Training student with 30001 points
Train accuracy: 0.4671666666666667
Test accuracy: 0.45842359606732214
Number of nodes: 5
Student reward: 3.2
Iteration 59/80
Training student with 30567 points
Train accuracy: 0.4665276244223613
Test accuracy: 0.4527314360484135
Number of nodes: 5
Student reward: 2.1
Iteration 60/80
Training student with 31068 points
Train accuracy: 0.46596121348676267
Test accuracy: 0.4581589958158996
Number of nodes: 5
Student reward: 2.4
Iteration 61/80
Training student with 31575 points
Train accuracy: 0.4579176563737134
Test accuracy: 0.45336500395882817
Number of nodes: 5
Student reward: 1.1
Iteration 62/80
Training student with 32033 points
Train accuracy: 0.4567626629204714
Test accuracy: 0.4409239893866084
Number of nodes: 5
Student reward: 0.8
Iteration 63/80
Training student with 32489 points
Train accuracy: 0.46720018467931207
Test accuracy: 0.4687596183441059
Number of nodes: 5
Student reward: 2.7
Iteration 64/80
Training student with 32993 points
Train accuracy: 0.4613548533757672
Test accuracy: 0.4677981512350356
Number of nodes: 5
Student reward: 3.0
Iteration 65/80
Training student with 33568 points
Train accuracy: 0.465591718179787
Test accuracy: 0.4666368781650283
Number of nodes: 5
Student reward: 1.9
Iteration 66/80
Training student with 34064 points
Train accuracy: 0.46600124766063633
Test accuracy: 0.45956260091002493
Number of nodes: 5
Student reward: 2.2
Iteration 67/80
Training student with 34578 points
Train accuracy: 0.4580290651435182
Test accuracy: 0.4582128397917872
Number of nodes: 5
Student reward: 1.4
Iteration 68/80
Training student with 35034 points
Train accuracy: 0.46412388054376136
Test accuracy: 0.46781789638932497
Number of nodes: 5
Student reward: 2.3
Iteration 69/80
Training student with 35587 points
Train accuracy: 0.4631353401945976
Test accuracy: 0.4658611969654397
Number of nodes: 5
Student reward: 2.7
Iteration 70/80
Training student with 36118 points
Train accuracy: 0.4691977573198588
Test accuracy: 0.4563953488372093
Number of nodes: 5
Student reward: 2.3
Iteration 71/80
Training student with 36628 points
Train accuracy: 0.46430277796737424
Test accuracy: 0.4724269724269724
Number of nodes: 5
Student reward: 3.0
Iteration 72/80
Training student with 37212 points
Train accuracy: 0.4597064059928113
Test accuracy: 0.46795646916565903
Number of nodes: 5
Student reward: 2.6
Iteration 73/80
Training student with 37728 points
Train accuracy: 0.46010867404413225
Test accuracy: 0.4577259475218659
Number of nodes: 5
Student reward: 3.3
Iteration 74/80
Training student with 38345 points
Train accuracy: 0.4613052549224149
Test accuracy: 0.4629025948624332
Number of nodes: 5
Student reward: 2.7
Iteration 75/80
Training student with 38893 points
Train accuracy: 0.46008227807417884
Test accuracy: 0.463298624501864
Number of nodes: 5
Student reward: 2.2
Iteration 76/80
Training student with 39384 points
Train accuracy: 0.4597073666169423
Test accuracy: 0.4561381236511362
Number of nodes: 5
Student reward: 1.2
Iteration 77/80
Training student with 39803 points
Train accuracy: 0.46231392500471075
Test accuracy: 0.4563497048109534
Number of nodes: 5
Student reward: 1.4
Iteration 78/80
Training student with 40268 points
Train accuracy: 0.4667535853976532
Test accuracy: 0.4658554755401043
Number of nodes: 5
Student reward: 2.5
Iteration 79/80
Training student with 40805 points
Train accuracy: 0.4648021075848548
Test accuracy: 0.4696728342114937
Number of nodes: 5
Student reward: 2.4
Initial policy count: 80
Current policy count: 40
Reward update: 3.9 -> 3.62
Reward update: 3.7 -> 3.0
Reward update: 3.3 -> 2.36
Reward update: 3.3 -> 2.42
Reward update: 3.3 -> 2.46
Reward update: 3.3 -> 3.8
Reward update: 3.2 -> 2.18
Reward update: 3.2 -> 2.2
Reward update: 3.1 -> 2.54
Reward update: 3.1 -> 2.3
Reward update: 3.0 -> 2.72
Reward update: 3.0 -> 2.44
Reward update: 3.0 -> 2.5
Reward update: 3.0 -> 2.3
Reward update: 2.9 -> 2.76
Reward update: 2.9 -> 2.34
Reward update: 2.9 -> 2.7
Reward update: 2.9 -> 2.66
Reward update: 2.8 -> 2.6
Reward update: 2.7 -> 2.42
Reward update: 2.7 -> 2.92
Reward update: 2.7 -> 3.3
Reward update: 2.7 -> 2.56
Reward update: 2.7 -> 2.74
Reward update: 2.7 -> 2.66
Reward update: 2.6 -> 2.32
Reward update: 2.6 -> 2.56
Reward update: 2.6 -> 2.7
Reward update: 2.6 -> 2.4
Reward update: 2.5 -> 2.24
Reward update: 2.5 -> 2.8
Reward update: 2.5 -> 2.56
Reward update: 2.5 -> 2.46
Reward update: 2.5 -> 2.48
Reward update: 2.5 -> 2.64
Reward update: 2.4 -> 2.14
Reward update: 2.4 -> 2.5
Reward update: 2.4 -> 3.06
Reward update: 2.4 -> 2.46
Reward update: 2.4 -> 3.0
Current policy count: 20
Reward update: 3.8 -> 2.92
Reward update: 3.62 -> 2.9
Reward update: 3.3 -> 2.94
Reward update: 3.06 -> 2.48
Reward update: 3.0 -> 3.38
Reward update: 3.0 -> 3.42
Reward update: 2.92 -> 2.78
Reward update: 2.8 -> 2.42
Reward update: 2.76 -> 2.5
Reward update: 2.74 -> 2.52
Reward update: 2.72 -> 2.54
Reward update: 2.7 -> 2.32
Reward update: 2.7 -> 2.78
Reward update: 2.66 -> 2.58
Reward update: 2.66 -> 2.54
Reward update: 2.64 -> 2.4
Reward update: 2.6 -> 2.24
Reward update: 2.56 -> 2.52
Reward update: 2.56 -> 2.56
Reward update: 2.56 -> 2.6
Current policy count: 10
Reward update: 3.42 -> 3.16
Reward update: 3.38 -> 3.08
Reward update: 2.94 -> 3.22
Reward update: 2.92 -> 2.92
Reward update: 2.9 -> 3.1
Reward update: 2.78 -> 2.24
Reward update: 2.78 -> 2.42
Reward update: 2.6 -> 2.4
Reward update: 2.58 -> 2.62
Reward update: 2.56 -> 2.26
Current policy count: 5
Reward update: 3.22 -> 3.3
Reward update: 3.16 -> 3.72
Reward update: 3.1 -> 3.58
Reward update: 3.08 -> 3.22
Reward update: 2.92 -> 3.2
Current policy count: 3
Reward update: 3.72 -> 3.62
Reward update: 3.58 -> 3.2
Reward update: 3.3 -> 3.34
Current policy count: 2
Reward update: 3.62 -> 3.1
Reward update: 3.34 -> 3.54
Current policy count: 1
Reward update: 3.54 -> 3.06
Final reward: 3.96
Number of nodes: 5
