Iteration 0/80
Training student with 1000 points
Train accuracy: 0.2875
Test accuracy: 0.295
Number of nodes: 23
Student reward: 0.0
Iteration 1/80
Training student with 2000 points
Train accuracy: 0.245625
Test accuracy: 0.21
Number of nodes: 17
Student reward: 1.0
Iteration 2/80
Training student with 2420 points
Train accuracy: 0.25464876033057854
Test accuracy: 0.2603305785123967
Number of nodes: 17
Student reward: 0.0
Iteration 3/80
Training student with 3420 points
Train accuracy: 0.25219298245614036
Test accuracy: 0.27631578947368424
Number of nodes: 17
Student reward: 0.0
Iteration 4/80
Training student with 4420 points
Train accuracy: 0.25141402714932126
Test accuracy: 0.21832579185520362
Number of nodes: 21
Student reward: 0.0
Iteration 5/80
Training student with 5420 points
Train accuracy: 0.24331180811808117
Test accuracy: 0.23062730627306274
Number of nodes: 19
Student reward: 0.0
Iteration 6/80
Training student with 6420 points
Train accuracy: 0.24143302180685358
Test accuracy: 0.26713395638629284
Number of nodes: 21
Student reward: 0.0
Iteration 7/80
Training student with 7420 points
Train accuracy: 0.2442722371967655
Test accuracy: 0.24326145552560646
Number of nodes: 19
Student reward: 0.0
Iteration 8/80
Training student with 8420 points
Train accuracy: 0.22891923990498814
Test accuracy: 0.22862232779097388
Number of nodes: 19
Student reward: 0.25
Iteration 9/80
Training student with 9420 points
Train accuracy: 0.23792462845010615
Test accuracy: 0.25530785562632696
Number of nodes: 23
Student reward: 0.0
Iteration 10/80
Training student with 10420 points
Train accuracy: 0.24196257197696738
Test accuracy: 0.22696737044145873
Number of nodes: 23
Student reward: 0.0
Iteration 11/80
Training student with 11420 points
Train accuracy: 0.2410245183887916
Test accuracy: 0.24211908931698775
Number of nodes: 23
Student reward: 0.0
Iteration 12/80
Training student with 12420 points
Train accuracy: 0.2322866344605475
Test accuracy: 0.22423510466988728
Number of nodes: 23
Student reward: 0.0
Iteration 13/80
Training student with 13420 points
Train accuracy: 0.23770491803278687
Test accuracy: 0.2473919523099851
Number of nodes: 23
Student reward: 0.0
Iteration 14/80
Training student with 14420 points
Train accuracy: 0.23786407766990292
Test accuracy: 0.2326629680998613
Number of nodes: 23
Student reward: 0.0
Iteration 15/80
Training student with 15420 points
Train accuracy: 0.2460278858625162
Test accuracy: 0.22957198443579765
Number of nodes: 23
Student reward: 0.0
Iteration 16/80
Training student with 16420 points
Train accuracy: 0.24086479902557856
Test accuracy: 0.23721071863580998
Number of nodes: 23
Student reward: 0.0
Iteration 17/80
Training student with 17420 points
Train accuracy: 0.23916475315729047
Test accuracy: 0.2264638346727899
Number of nodes: 23
Student reward: 0.0
Iteration 18/80
Training student with 18420 points
Train accuracy: 0.23317046688382193
Test accuracy: 0.23208469055374592
Number of nodes: 21
Student reward: 0.0
Iteration 19/80
Training student with 19420 points
Train accuracy: 0.233908341915551
Test accuracy: 0.22966014418125644
Number of nodes: 23
Student reward: 0.0
Iteration 20/80
Training student with 20420 points
Train accuracy: 0.23432908912830558
Test accuracy: 0.24412340842311459
Number of nodes: 23
Student reward: 0.0
Iteration 21/80
Training student with 21420 points
Train accuracy: 0.23500233426704015
Test accuracy: 0.22595704948646125
Number of nodes: 23
Student reward: 0.0
Iteration 22/80
Training student with 22420 points
Train accuracy: 0.2349464763603925
Test accuracy: 0.2348349687778769
Number of nodes: 23
Student reward: 0.0
Iteration 23/80
Training student with 23420 points
Train accuracy: 0.22913108454312553
Test accuracy: 0.22523484201537147
Number of nodes: 23
Student reward: 0.0
Iteration 24/80
Training student with 24420 points
Train accuracy: 0.2371007371007371
Test accuracy: 0.23177723177723178
Number of nodes: 23
Student reward: 0.0
Iteration 25/80
Training student with 25420 points
Train accuracy: 0.2372639653815893
Test accuracy: 0.22875688434303698
Number of nodes: 23
Student reward: 0.0
Iteration 26/80
Training student with 26420 points
Train accuracy: 0.23538039364118093
Test accuracy: 0.23145344436033308
Number of nodes: 23
Student reward: 0.0
Iteration 27/80
Training student with 27420 points
Train accuracy: 0.23450036469730123
Test accuracy: 0.22684172137126185
Number of nodes: 23
Student reward: 0.0
Iteration 28/80
Training student with 28420 points
Train accuracy: 0.2340341308937368
Test accuracy: 0.22448979591836735
Number of nodes: 23
Student reward: 0.0
Iteration 29/80
Training student with 29420 points
Train accuracy: 0.23419442556084297
Test accuracy: 0.23096532970768185
Number of nodes: 23
Student reward: 0.0
Iteration 30/80
Training student with 30420 points
Train accuracy: 0.23274161735700197
Test accuracy: 0.23208415516107825
Number of nodes: 23
Student reward: 0.0
Iteration 31/80
Training student with 31420 points
Train accuracy: 0.2315404201145767
Test accuracy: 0.22947167409293442
Number of nodes: 23
Student reward: 0.0
Iteration 32/80
Training student with 32420 points
Train accuracy: 0.22991209130166565
Test accuracy: 0.23303516347933376
Number of nodes: 23
Student reward: 0.0
Iteration 33/80
Training student with 33420 points
Train accuracy: 0.2292788749251945
Test accuracy: 0.22426690604428487
Number of nodes: 23
Student reward: 0.0
Iteration 34/80
Training student with 34420 points
Train accuracy: 0.2361272515979082
Test accuracy: 0.2238524113887275
Number of nodes: 23
Student reward: 0.0
Iteration 35/80
Training student with 35420 points
Train accuracy: 0.23207227555053642
Test accuracy: 0.23433088650479955
Number of nodes: 23
Student reward: 0.0
Iteration 36/80
Training student with 36420 points
Train accuracy: 0.23057386051619988
Test accuracy: 0.22611202635914332
Number of nodes: 23
Student reward: 0.0
Iteration 37/80
Training student with 37420 points
Train accuracy: 0.2344668626402993
Test accuracy: 0.23850881881346872
Number of nodes: 23
Student reward: 0.0
Iteration 38/80
Training student with 38420 points
Train accuracy: 0.22829906298802707
Test accuracy: 0.22787610619469026
Number of nodes: 23
Student reward: 0.0
Iteration 39/80
Training student with 39420 points
Train accuracy: 0.2322742262810756
Test accuracy: 0.22945205479452055
Number of nodes: 23
Student reward: 0.0
Iteration 40/80
Training student with 40420 points
Train accuracy: 0.23212518555170708
Test accuracy: 0.2318159327065809
Number of nodes: 23
Student reward: 0.0
Iteration 41/80
Training student with 41420 points
Train accuracy: 0.2285429744084983
Test accuracy: 0.23503138580395944
Number of nodes: 23
Student reward: 0.0
Iteration 42/80
Training student with 42420 points
Train accuracy: 0.23323314474304574
Test accuracy: 0.23114097123998115
Number of nodes: 23
Student reward: 0.0
Iteration 43/80
Training student with 43420 points
Train accuracy: 0.2285525103638876
Test accuracy: 0.22789037309995394
Number of nodes: 23
Student reward: 0.0
Iteration 44/80
Training student with 44420 points
Train accuracy: 0.22785344439441693
Test accuracy: 0.2315398469158037
Number of nodes: 23
Student reward: 0.0
Iteration 45/80
Training student with 45420 points
Train accuracy: 0.23125825627476881
Test accuracy: 0.23282694848084545
Number of nodes: 23
Student reward: 0.0
Iteration 46/80
Training student with 46420 points
Train accuracy: 0.22716501507970702
Test accuracy: 0.22188711762171479
Number of nodes: 23
Student reward: 0.0
Iteration 47/80
Training student with 47420 points
Train accuracy: 0.22856916912695066
Test accuracy: 0.2258540700126529
Number of nodes: 23
Student reward: 0.0
Iteration 48/80
Training student with 48420 points
Train accuracy: 0.228650351094589
Test accuracy: 0.2295539033457249
Number of nodes: 23
Student reward: 0.0
Iteration 49/80
Training student with 49420 points
Train accuracy: 0.22819708619991907
Test accuracy: 0.22227842978551193
Number of nodes: 23
Student reward: 0.0
Iteration 50/80
Training student with 50420 points
Train accuracy: 0.22912534708449028
Test accuracy: 0.22917493058310195
Number of nodes: 23
Student reward: 0.0
Iteration 51/80
Training student with 51420 points
Train accuracy: 0.22469369894982497
Test accuracy: 0.22967716841695837
Number of nodes: 23
Student reward: 0.0
Iteration 52/80
Training student with 52420 points
Train accuracy: 0.22985024799694773
Test accuracy: 0.22586798931705457
Number of nodes: 23
Student reward: 0.0
Iteration 53/80
Training student with 53420 points
Train accuracy: 0.22699831523773867
Test accuracy: 0.21939348558592286
Number of nodes: 23
Student reward: 0.0
Iteration 54/80
Training student with 54420 points
Train accuracy: 0.2269156560088203
Test accuracy: 0.21866960676221978
Number of nodes: 23
Student reward: 0.0
Iteration 55/80
Training student with 55420 points
Train accuracy: 0.22888848791050162
Test accuracy: 0.22266329844821364
Number of nodes: 23
Student reward: 0.0
Iteration 56/80
Training student with 56420 points
Train accuracy: 0.2282435306628855
Test accuracy: 0.22846508330379298
Number of nodes: 23
Student reward: 0.0
Iteration 57/80
Training student with 57420 points
Train accuracy: 0.2230276907001045
Test accuracy: 0.21577847439916406
Number of nodes: 23
Student reward: 0.0
Iteration 58/80
Training student with 58420 points
Train accuracy: 0.22436665525504965
Test accuracy: 0.2293735022252653
Number of nodes: 23
Student reward: 0.0
Iteration 59/80
Training student with 59420 points
Train accuracy: 0.22540811174688657
Test accuracy: 0.22526085493099968
Number of nodes: 23
Student reward: 0.0
Iteration 60/80
Training student with 60420 points
Train accuracy: 0.22610476663356505
Test accuracy: 0.22616683217477657
Number of nodes: 23
Student reward: 0.0
Iteration 61/80
Training student with 61420 points
Train accuracy: 0.22260664278736567
Test accuracy: 0.2232985998046239
Number of nodes: 23
Student reward: 0.0
Iteration 62/80
Training student with 62420 points
Train accuracy: 0.2262696251201538
Test accuracy: 0.2243671900032041
Number of nodes: 23
Student reward: 0.0
Iteration 63/80
Training student with 63420 points
Train accuracy: 0.228319142226427
Test accuracy: 0.2196467991169978
Number of nodes: 23
Student reward: 0.0
Iteration 64/80
Training student with 64420 points
Train accuracy: 0.22652126668736416
Test accuracy: 0.2171685811859671
Number of nodes: 23
Student reward: 0.0
Iteration 65/80
Training student with 65420 points
Train accuracy: 0.22525603790889637
Test accuracy: 0.22110975236930602
Number of nodes: 23
Student reward: 0.0
Iteration 66/80
Training student with 66420 points
Train accuracy: 0.22410418548629932
Test accuracy: 0.22124360132490214
Number of nodes: 23
Student reward: 0.0
Iteration 67/80
Training student with 67420 points
Train accuracy: 0.2222634233165233
Test accuracy: 0.22834470483536043
Number of nodes: 23
Student reward: 0.0
Iteration 68/80
Training student with 68420 points
Train accuracy: 0.22480634317451037
Test accuracy: 0.2231803566208711
Number of nodes: 23
Student reward: 0.0
Iteration 69/80
Training student with 69420 points
Train accuracy: 0.22605157015269375
Test accuracy: 0.219533275713051
Number of nodes: 23
Student reward: 0.0
Iteration 70/80
Training student with 70420 points
Train accuracy: 0.22340954274353877
Test accuracy: 0.21712581652939505
Number of nodes: 23
Student reward: 0.0
Iteration 71/80
Training student with 71420 points
Train accuracy: 0.22448193783253992
Test accuracy: 0.2236068328199384
Number of nodes: 23
Student reward: 0.0
Iteration 72/80
Training student with 72420 points
Train accuracy: 0.22309099696216514
Test accuracy: 0.2183789008561171
Number of nodes: 23
Student reward: 0.0
Iteration 73/80
Training student with 73420 points
Train accuracy: 0.22357668210296922
Test accuracy: 0.22275946608553526
Number of nodes: 23
Student reward: 0.0
Iteration 74/80
Training student with 74420 points
Train accuracy: 0.22319269013705992
Test accuracy: 0.22265520021499596
Number of nodes: 23
Student reward: 0.0
Iteration 75/80
Training student with 75420 points
Train accuracy: 0.2243436754176611
Test accuracy: 0.2203659506762132
Number of nodes: 23
Student reward: 0.0
Iteration 76/80
Training student with 76420 points
Train accuracy: 0.22032844805024862
Test accuracy: 0.21702433917822558
Number of nodes: 23
Student reward: 0.0
Iteration 77/80
Training student with 77420 points
Train accuracy: 0.22419917334022216
Test accuracy: 0.22274606044949624
Number of nodes: 23
Student reward: 0.0
Iteration 78/80
Training student with 78420 points
Train accuracy: 0.22524547309359857
Test accuracy: 0.2249426166794185
Number of nodes: 23
Student reward: 0.0
Iteration 79/80
Training student with 79420 points
Train accuracy: 0.22549420800805842
Test accuracy: 0.21782926215059178
Number of nodes: 23
Student reward: 0.0
Initial policy count: 80
Current policy count: 40
Reward update: 1.0 -> 1.0
Reward update: 0.25 -> 0.25
Reward update: 0.0 -> 0.0
Reward update: 0.0 -> 0.0
Reward update: 0.0 -> 0.0
Reward update: 0.0 -> 0.0
Reward update: 0.0 -> 0.0
Reward update: 0.0 -> 0.0
Reward update: 0.0 -> 0.0
Reward update: 0.0 -> 0.0
Reward update: 0.0 -> 0.0
Reward update: 0.0 -> 0.0
Reward update: 0.0 -> 0.0
Reward update: 0.0 -> 0.0
Reward update: 0.0 -> 0.0
Reward update: 0.0 -> 0.0
Reward update: 0.0 -> 0.0
Reward update: 0.0 -> 0.0
Reward update: 0.0 -> 0.0
Reward update: 0.0 -> 0.0
Reward update: 0.0 -> 0.0
Reward update: 0.0 -> 0.0
Reward update: 0.0 -> 0.0
Reward update: 0.0 -> 0.0
Reward update: 0.0 -> 0.0
Reward update: 0.0 -> 0.0
Reward update: 0.0 -> 0.0
Reward update: 0.0 -> 0.0
Reward update: 0.0 -> 0.0
Reward update: 0.0 -> 0.0
Reward update: 0.0 -> 0.0
Reward update: 0.0 -> 0.0
Reward update: 0.0 -> 0.0
Reward update: 0.0 -> 0.0
Reward update: 0.0 -> 0.0
Reward update: 0.0 -> 0.0
Reward update: 0.0 -> 0.0
Reward update: 0.0 -> 0.0
Reward update: 0.0 -> 0.0
Reward update: 0.0 -> 0.0
Current policy count: 20
Reward update: 1.0 -> 1.0
Reward update: 0.25 -> 0.25
Reward update: 0.0 -> 0.0
Reward update: 0.0 -> 0.0
Reward update: 0.0 -> 0.0
Reward update: 0.0 -> 0.0
Reward update: 0.0 -> 0.0
Reward update: 0.0 -> 0.0
Reward update: 0.0 -> 0.0
Reward update: 0.0 -> 0.0
Reward update: 0.0 -> 0.0
Reward update: 0.0 -> 0.0
Reward update: 0.0 -> 0.0
Reward update: 0.0 -> 0.0
Reward update: 0.0 -> 0.0
Reward update: 0.0 -> 0.0
Reward update: 0.0 -> 0.0
Reward update: 0.0 -> 0.0
Reward update: 0.0 -> 0.0
Reward update: 0.0 -> 0.0
Current policy count: 10
Reward update: 1.0 -> 1.0
Reward update: 0.25 -> 0.25
Reward update: 0.0 -> 0.0
Reward update: 0.0 -> 0.0
Reward update: 0.0 -> 0.0
Reward update: 0.0 -> 0.0
Reward update: 0.0 -> 0.0
Reward update: 0.0 -> 0.0
Reward update: 0.0 -> 0.0
Reward update: 0.0 -> 0.0
Current policy count: 5
Reward update: 1.0 -> 1.0
Reward update: 0.25 -> 0.25
Reward update: 0.0 -> 0.0
Reward update: 0.0 -> 0.0
Reward update: 0.0 -> 0.0
Current policy count: 3
Reward update: 1.0 -> 1.0
Reward update: 0.25 -> 0.25
Reward update: 0.0 -> 0.0
Current policy count: 2
Reward update: 1.0 -> 1.0
Reward update: 0.25 -> 0.25
Current policy count: 1
Reward update: 1.0 -> 1.0
Final reward: 1.0
Number of nodes: 17
