Iteration 0/80
Training student with 152 points
Train accuracy: 0.7107438016528925
Test accuracy: 0.7419354838709677
Number of nodes: 15
Student reward: -1.0
Iteration 1/80
Training student with 182 points
Train accuracy: 0.7310344827586207
Test accuracy: 0.7567567567567568
Number of nodes: 15
Student reward: 0.0
Iteration 2/80
Training student with 1182 points
Train accuracy: 0.4021164021164021
Test accuracy: 0.4050632911392405
Number of nodes: 13
Student reward: 0.0
Iteration 3/80
Training student with 2182 points
Train accuracy: 0.4091690544412607
Test accuracy: 0.41189931350114417
Number of nodes: 13
Student reward: 0.0
Iteration 4/80
Training student with 3182 points
Train accuracy: 0.39646365422396856
Test accuracy: 0.38618524332810045
Number of nodes: 15
Student reward: 0.0
Iteration 5/80
Training student with 4182 points
Train accuracy: 0.40747384155455907
Test accuracy: 0.35842293906810035
Number of nodes: 13
Student reward: 0.0
Iteration 6/80
Training student with 5182 points
Train accuracy: 0.39227985524728587
Test accuracy: 0.40405014464802314
Number of nodes: 15
Student reward: 0.0
Iteration 7/80
Training student with 6182 points
Train accuracy: 0.3923154701718908
Test accuracy: 0.396928051738076
Number of nodes: 15
Student reward: 0.0
Iteration 8/80
Training student with 7182 points
Train accuracy: 0.3846823324630113
Test accuracy: 0.3987473903966597
Number of nodes: 15
Student reward: 0.0
Iteration 9/80
Training student with 8182 points
Train accuracy: 0.38334606569900687
Test accuracy: 0.3744654856444716
Number of nodes: 15
Student reward: 0.0
Iteration 10/80
Training student with 9182 points
Train accuracy: 0.3780803267528931
Test accuracy: 0.3924877517691889
Number of nodes: 15
Student reward: 0.0
Iteration 11/80
Training student with 10182 points
Train accuracy: 0.37900552486187844
Test accuracy: 0.38193421698576335
Number of nodes: 13
Student reward: 0.0
Iteration 12/80
Training student with 11182 points
Train accuracy: 0.3811067635550587
Test accuracy: 0.3781850692892266
Number of nodes: 13
Student reward: 0.0
Iteration 13/80
Training student with 12182 points
Train accuracy: 0.38214468958440223
Test accuracy: 0.3816167418957735
Number of nodes: 15
Student reward: 0.0
Iteration 14/80
Training student with 13182 points
Train accuracy: 0.38264580369843526
Test accuracy: 0.3875616230565036
Number of nodes: 15
Student reward: 0.0
Iteration 15/80
Training student with 14182 points
Train accuracy: 0.38122520934332305
Test accuracy: 0.3905534014804371
Number of nodes: 15
Student reward: 0.0
Iteration 16/80
Training student with 15182 points
Train accuracy: 0.3873198847262248
Test accuracy: 0.3822851498189002
Number of nodes: 15
Student reward: 0.0
Iteration 17/80
Training student with 16182 points
Train accuracy: 0.3890305137118579
Test accuracy: 0.376274328081557
Number of nodes: 15
Student reward: 0.0
Iteration 18/80
Training student with 17182 points
Train accuracy: 0.3856675154601673
Test accuracy: 0.3922025021821356
Number of nodes: 15
Student reward: 0.0
Iteration 19/80
Training student with 18182 points
Train accuracy: 0.38535579236851153
Test accuracy: 0.39098157822381086
Number of nodes: 15
Student reward: 0.0
Iteration 20/80
Training student with 19182 points
Train accuracy: 0.3894428152492669
Test accuracy: 0.38102684388845454
Number of nodes: 15
Student reward: 0.0
Iteration 21/80
Training student with 20182 points
Train accuracy: 0.38476308454629915
Test accuracy: 0.39955412434976467
Number of nodes: 15
Student reward: 0.0
Iteration 22/80
Training student with 21182 points
Train accuracy: 0.38695780466214225
Test accuracy: 0.39296672173707814
Number of nodes: 15
Student reward: 0.0
Iteration 23/80
Training student with 22182 points
Train accuracy: 0.3863623555931248
Test accuracy: 0.38742393509127787
Number of nodes: 15
Student reward: 0.0
Iteration 24/80
Training student with 23182 points
Train accuracy: 0.3846858991641952
Test accuracy: 0.38753504420961826
Number of nodes: 15
Student reward: 0.0
Iteration 25/80
Training student with 24182 points
Train accuracy: 0.38283794262083226
Test accuracy: 0.3917717593549721
Number of nodes: 15
Student reward: 0.0
Iteration 26/80
Training student with 25182 points
Train accuracy: 0.3813353189377017
Test accuracy: 0.39051022433988486
Number of nodes: 15
Student reward: 0.0
Iteration 27/80
Training student with 26182 points
Train accuracy: 0.38562902840773455
Test accuracy: 0.3713958373114378
Number of nodes: 15
Student reward: 0.0
Iteration 28/80
Training student with 27182 points
Train accuracy: 0.3811910784088296
Test accuracy: 0.3890012874747103
Number of nodes: 15
Student reward: 0.0
Iteration 29/80
Training student with 28182 points
Train accuracy: 0.38145930361499225
Test accuracy: 0.37857016143338656
Number of nodes: 15
Student reward: 0.0
Iteration 30/80
Training student with 29182 points
Train accuracy: 0.3824373527521953
Test accuracy: 0.37861915367483295
Number of nodes: 13
Student reward: 0.0
Iteration 31/80
Training student with 30182 points
Train accuracy: 0.38016152412507764
Test accuracy: 0.38545635249296006
Number of nodes: 15
Student reward: 0.0
Iteration 32/80
Training student with 31182 points
Train accuracy: 0.37855281619563036
Test accuracy: 0.3771043771043771
Number of nodes: 15
Student reward: 0.0
Iteration 33/80
Training student with 32182 points
Train accuracy: 0.37793746358516217
Test accuracy: 0.3854279944073326
Number of nodes: 15
Student reward: 0.0
Iteration 34/80
Training student with 33182 points
Train accuracy: 0.3800339046901488
Test accuracy: 0.37742956154889257
Number of nodes: 15
Student reward: 0.0
Iteration 35/80
Training student with 34182 points
Train accuracy: 0.37564454196379593
Test accuracy: 0.38745063624396664
Number of nodes: 15
Student reward: 0.0
Iteration 36/80
Training student with 35182 points
Train accuracy: 0.3759459939598508
Test accuracy: 0.38652835014921133
Number of nodes: 13
Student reward: 0.0
Iteration 37/80
Training student with 36182 points
Train accuracy: 0.3770599412679219
Test accuracy: 0.3804062456819124
Number of nodes: 15
Student reward: 0.0
Iteration 38/80
Training student with 37182 points
Train accuracy: 0.3787863506471676
Test accuracy: 0.3748823450315988
Number of nodes: 13
Student reward: 0.0
Iteration 39/80
Training student with 38182 points
Train accuracy: 0.38088066786708136
Test accuracy: 0.37462354327615555
Number of nodes: 13
Student reward: 0.0
Iteration 40/80
Training student with 39182 points
Train accuracy: 0.3812091242622428
Test accuracy: 0.3753987495215006
Number of nodes: 15
Student reward: 0.0
Iteration 41/80
Training student with 40182 points
Train accuracy: 0.38130346865764503
Test accuracy: 0.3826054497946995
Number of nodes: 15
Student reward: 0.0
Iteration 42/80
Training student with 41182 points
Train accuracy: 0.3804826225527394
Test accuracy: 0.3832706082311521
Number of nodes: 15
Student reward: 0.0
Iteration 43/80
Training student with 42182 points
Train accuracy: 0.38067861905467476
Test accuracy: 0.38722294654498046
Number of nodes: 15
Student reward: 0.0
Iteration 44/80
Training student with 43182 points
Train accuracy: 0.3831234621508178
Test accuracy: 0.37848790089151324
Number of nodes: 15
Student reward: 0.0
Iteration 45/80
Training student with 44182 points
Train accuracy: 0.38217569670391854
Test accuracy: 0.38236958243747876
Number of nodes: 15
Student reward: 0.0
Iteration 46/80
Training student with 45182 points
Train accuracy: 0.3822658735648084
Test accuracy: 0.378001549186677
Number of nodes: 15
Student reward: 0.0
Iteration 47/80
Training student with 46182 points
Train accuracy: 0.3794018135065638
Test accuracy: 0.3862725993287864
Number of nodes: 15
Student reward: 0.0
Iteration 48/80
Training student with 47182 points
Train accuracy: 0.38034176712147305
Test accuracy: 0.37999364204726077
Number of nodes: 15
Student reward: 0.0
Iteration 49/80
Training student with 48182 points
Train accuracy: 0.38134647814243094
Test accuracy: 0.3783335062778873
Number of nodes: 15
Student reward: 0.0
Iteration 50/80
Training student with 49182 points
Train accuracy: 0.38109035455585205
Test accuracy: 0.3820270407644607
Number of nodes: 15
Student reward: 0.0
Iteration 51/80
Training student with 50182 points
Train accuracy: 0.38400797110474527
Test accuracy: 0.376307661651888
Number of nodes: 15
Student reward: 0.0
Iteration 52/80
Training student with 51182 points
Train accuracy: 0.38178043717181587
Test accuracy: 0.38526912181303113
Number of nodes: 15
Student reward: 0.0
Iteration 53/80
Training student with 52182 points
Train accuracy: 0.38416576835549165
Test accuracy: 0.37204177445626135
Number of nodes: 13
Student reward: 0.0
Iteration 54/80
Training student with 53182 points
Train accuracy: 0.38197202961570104
Test accuracy: 0.3826266804550155
Number of nodes: 15
Student reward: 0.0
Iteration 55/80
Training student with 54182 points
Train accuracy: 0.3822124812550467
Test accuracy: 0.38193226907815814
Number of nodes: 15
Student reward: 0.0
Iteration 56/80
Training student with 55182 points
Train accuracy: 0.38135689206025597
Test accuracy: 0.38869257950530034
Number of nodes: 13
Student reward: 0.0
Iteration 57/80
Training student with 56182 points
Train accuracy: 0.3836021804427634
Test accuracy: 0.37981667704903443
Number of nodes: 15
Student reward: 0.0
Iteration 58/80
Training student with 57182 points
Train accuracy: 0.38242430866761395
Test accuracy: 0.38340473900498384
Number of nodes: 15
Student reward: 0.0
Iteration 59/80
Training student with 58182 points
Train accuracy: 0.38300569341497476
Test accuracy: 0.385838274469365
Number of nodes: 15
Student reward: 0.0
Iteration 60/80
Training student with 59182 points
Train accuracy: 0.38255359594466154
Test accuracy: 0.388696460251753
Number of nodes: 15
Student reward: 0.0
Iteration 61/80
Training student with 60182 points
Train accuracy: 0.38284349361304393
Test accuracy: 0.38381656558943256
Number of nodes: 13
Student reward: 0.0
Iteration 62/80
Training student with 61182 points
Train accuracy: 0.3805700275819798
Test accuracy: 0.3890659475361608
Number of nodes: 15
Student reward: 0.0
Iteration 63/80
Training student with 62182 points
Train accuracy: 0.38327470097497235
Test accuracy: 0.38120125432178176
Number of nodes: 15
Student reward: 0.0
Iteration 64/80
Training student with 63182 points
Train accuracy: 0.3813631417548719
Test accuracy: 0.38885811505895385
Number of nodes: 15
Student reward: 0.0
Iteration 65/80
Training student with 64182 points
Train accuracy: 0.3829194663550492
Test accuracy: 0.3839682168731012
Number of nodes: 15
Student reward: 0.0
Iteration 66/80
Training student with 65182 points
Train accuracy: 0.3819925208553073
Test accuracy: 0.38804939786760756
Number of nodes: 15
Student reward: 0.0
Iteration 67/80
Training student with 66182 points
Train accuracy: 0.383964491453395
Test accuracy: 0.3800710130694266
Number of nodes: 15
Student reward: 0.0
Iteration 68/80
Training student with 67182 points
Train accuracy: 0.3828263094241325
Test accuracy: 0.3855027163801444
Number of nodes: 15
Student reward: 0.0
Iteration 69/80
Training student with 68182 points
Train accuracy: 0.3837015308460904
Test accuracy: 0.38314878638996847
Number of nodes: 15
Student reward: 0.0
Iteration 70/80
Training student with 69182 points
Train accuracy: 0.38373836841629777
Test accuracy: 0.38324781383247813
Number of nodes: 15
Student reward: 0.0
Iteration 71/80
Training student with 70182 points
Train accuracy: 0.3832398254519548
Test accuracy: 0.38284533732278975
Number of nodes: 15
Student reward: 0.0
Iteration 72/80
Training student with 71182 points
Train accuracy: 0.38136798665378874
Test accuracy: 0.3883542881224977
Number of nodes: 13
Student reward: 0.0
Iteration 73/80
Training student with 72182 points
Train accuracy: 0.38186856004848907
Test accuracy: 0.38505229618341763
Number of nodes: 15
Student reward: 0.0
Iteration 74/80
Training student with 73182 points
Train accuracy: 0.3840293791100863
Test accuracy: 0.37849286055885767
Number of nodes: 13
Student reward: 0.0
Iteration 75/80
Training student with 74182 points
Train accuracy: 0.3830651276434409
Test accuracy: 0.3818831300128058
Number of nodes: 15
Student reward: 0.0
Iteration 76/80
Training student with 75182 points
Train accuracy: 0.3822761659323302
Test accuracy: 0.3814590676331715
Number of nodes: 15
Student reward: 0.0
Iteration 77/80
Training student with 76182 points
Train accuracy: 0.38295184182459596
Test accuracy: 0.38104613769114654
Number of nodes: 15
Student reward: 0.0
Iteration 78/80
Training student with 77182 points
Train accuracy: 0.3830431613895862
Test accuracy: 0.3806439074949796
Number of nodes: 13
Student reward: 0.0
Iteration 79/80
Training student with 78182 points
Train accuracy: 0.38385162682868335
Test accuracy: 0.37583935537507196
Number of nodes: 15
Student reward: 0.0
Initial policy count: 80
Current policy count: 40
Reward update: 0.0 -> 0.0
Reward update: 0.0 -> 0.0
Reward update: 0.0 -> 0.0
Reward update: 0.0 -> 0.0
Reward update: 0.0 -> 0.0
Reward update: 0.0 -> 0.0
Reward update: 0.0 -> 0.0
Reward update: 0.0 -> 0.0
Reward update: 0.0 -> 0.0
Reward update: 0.0 -> 0.0
Reward update: 0.0 -> 0.0
Reward update: 0.0 -> 0.0
Reward update: 0.0 -> 0.0
Reward update: 0.0 -> 0.0
Reward update: 0.0 -> 0.0
Reward update: 0.0 -> 0.0
Reward update: 0.0 -> 0.0
Reward update: 0.0 -> 0.0
Reward update: 0.0 -> 0.0
Reward update: 0.0 -> 0.0
Reward update: 0.0 -> 0.0
Reward update: 0.0 -> 0.0
Reward update: 0.0 -> 0.0
Reward update: 0.0 -> 0.0
Reward update: 0.0 -> 0.0
Reward update: 0.0 -> 0.0
Reward update: 0.0 -> 0.0
Reward update: 0.0 -> 0.0
Reward update: 0.0 -> 0.0
Reward update: 0.0 -> 0.0
Reward update: 0.0 -> 0.0
Reward update: 0.0 -> 0.0
Reward update: 0.0 -> 0.0
Reward update: 0.0 -> 0.0
Reward update: 0.0 -> 0.0
Reward update: 0.0 -> 0.0
Reward update: 0.0 -> 0.0
Reward update: 0.0 -> 0.0
Reward update: 0.0 -> 0.0
Reward update: 0.0 -> 0.0
Current policy count: 20
Reward update: 0.0 -> 0.0
Reward update: 0.0 -> 0.0
Reward update: 0.0 -> 0.0
Reward update: 0.0 -> 0.0
Reward update: 0.0 -> 0.0
Reward update: 0.0 -> 0.0
Reward update: 0.0 -> 0.0
Reward update: 0.0 -> 0.0
Reward update: 0.0 -> 0.0
Reward update: 0.0 -> 0.0
Reward update: 0.0 -> 0.0
Reward update: 0.0 -> 0.0
Reward update: 0.0 -> 0.0
Reward update: 0.0 -> 0.0
Reward update: 0.0 -> 0.0
Reward update: 0.0 -> 0.0
Reward update: 0.0 -> 0.0
Reward update: 0.0 -> 0.0
Reward update: 0.0 -> 0.0
Reward update: 0.0 -> 0.0
Current policy count: 10
Reward update: 0.0 -> 0.0
Reward update: 0.0 -> 0.0
Reward update: 0.0 -> 0.0
Reward update: 0.0 -> 0.0
Reward update: 0.0 -> 0.0
Reward update: 0.0 -> 0.0
Reward update: 0.0 -> 0.0
Reward update: 0.0 -> 0.0
Reward update: 0.0 -> 0.0
Reward update: 0.0 -> 0.0
Current policy count: 5
Reward update: 0.0 -> -0.04
Reward update: 0.0 -> 0.0
Reward update: 0.0 -> 0.0
Reward update: 0.0 -> 0.0
Reward update: 0.0 -> 0.0
Current policy count: 3
Reward update: 0.0 -> 0.0
Reward update: 0.0 -> 0.0
Reward update: 0.0 -> 0.0
Current policy count: 2
Reward update: 0.0 -> 0.0
Reward update: 0.0 -> 0.0
Current policy count: 1
Reward update: 0.0 -> 0.0
Final reward: 0.0
Number of nodes: 13
