Iteration 0/80
Training student with 171 points
Train accuracy: 0.7647058823529411
Test accuracy: 0.7428571428571429
Number of nodes: 13
Student reward: 0.42727272727272725
Iteration 1/80
Training student with 1080 points
Train accuracy: 0.43287037037037035
Test accuracy: 0.4444444444444444
Number of nodes: 13
Student reward: 0.24545454545454543
Iteration 2/80
Training student with 2080 points
Train accuracy: 0.4723557692307692
Test accuracy: 0.46875
Number of nodes: 21
Student reward: 0.21818181818181817
Iteration 3/80
Training student with 2989 points
Train accuracy: 0.4475115014638227
Test accuracy: 0.42474916387959866
Number of nodes: 21
Student reward: 0.39999999999999997
Iteration 4/80
Training student with 3898 points
Train accuracy: 0.47145606157793457
Test accuracy: 0.44871794871794873
Number of nodes: 21
Student reward: 0.16363636363636364
Iteration 5/80
Training student with 4898 points
Train accuracy: 0.47524247064828995
Test accuracy: 0.47959183673469385
Number of nodes: 21
Student reward: 0.43636363636363634
Iteration 6/80
Training student with 5625 points
Train accuracy: 0.47733333333333333
Test accuracy: 0.47555555555555556
Number of nodes: 21
Student reward: 0.24545454545454543
Iteration 7/80
Training student with 6534 points
Train accuracy: 0.45456284675722214
Test accuracy: 0.468247895944912
Number of nodes: 21
Student reward: 0.32727272727272727
Iteration 8/80
Training student with 7443 points
Train accuracy: 0.46305005038629493
Test accuracy: 0.4613834788448623
Number of nodes: 21
Student reward: 0.32727272727272727
Iteration 9/80
Training student with 8261 points
Train accuracy: 0.4437046004842615
Test accuracy: 0.455535390199637
Number of nodes: 19
Student reward: 0.44545454545454544
Iteration 10/80
Training student with 9079 points
Train accuracy: 0.46440864656478037
Test accuracy: 0.4642070484581498
Number of nodes: 21
Student reward: 0.3818181818181818
Iteration 11/80
Training student with 10079 points
Train accuracy: 0.4709165323080739
Test accuracy: 0.4732142857142857
Number of nodes: 21
Student reward: 0.2545454545454545
Iteration 12/80
Training student with 10988 points
Train accuracy: 0.463481228668942
Test accuracy: 0.45768880800727935
Number of nodes: 21
Student reward: 0.1090909090909091
Iteration 13/80
Training student with 11988 points
Train accuracy: 0.46934306569343065
Test accuracy: 0.45954962468723937
Number of nodes: 21
Student reward: 0.2
Iteration 14/80
Training student with 12988 points
Train accuracy: 0.4541867179980751
Test accuracy: 0.46227867590454197
Number of nodes: 21
Student reward: 0.12727272727272726
Iteration 15/80
Training student with 13988 points
Train accuracy: 0.4570151921358356
Test accuracy: 0.45961401000714797
Number of nodes: 21
Student reward: 0.2727272727272727
Iteration 16/80
Training student with 14897 points
Train accuracy: 0.4466728203406898
Test accuracy: 0.4463087248322148
Number of nodes: 21
Student reward: 0.22727272727272724
Iteration 17/80
Training student with 15897 points
Train accuracy: 0.4449948887316191
Test accuracy: 0.44339622641509435
Number of nodes: 21
Student reward: 0.12727272727272726
Iteration 18/80
Training student with 16897 points
Train accuracy: 0.43848487090330696
Test accuracy: 0.43047337278106507
Number of nodes: 21
Student reward: 0.3545454545454546
Iteration 19/80
Training student with 17806 points
Train accuracy: 0.4519095759618085
Test accuracy: 0.44862436833239755
Number of nodes: 21
Student reward: 0.16363636363636364
Iteration 20/80
Training student with 18806 points
Train accuracy: 0.43871310821590004
Test accuracy: 0.4404572036150983
Number of nodes: 21
Student reward: 0.29090909090909084
Iteration 21/80
Training student with 19715 points
Train accuracy: 0.43076337813847326
Test accuracy: 0.4303829571392341
Number of nodes: 19
Student reward: 0.16363636363636364
Iteration 22/80
Training student with 20715 points
Train accuracy: 0.43289886555636015
Test accuracy: 0.4342264059860005
Number of nodes: 21
Student reward: 0.10909090909090909
Iteration 23/80
Training student with 21715 points
Train accuracy: 0.4235551462122957
Test accuracy: 0.4225189960856551
Number of nodes: 21
Student reward: 0.20909090909090913
Iteration 24/80
Training student with 22715 points
Train accuracy: 0.413548316090689
Test accuracy: 0.4094210873871891
Number of nodes: 21
Student reward: 0.15454545454545454
Iteration 25/80
Training student with 23624 points
Train accuracy: 0.41795862214932006
Test accuracy: 0.3978835978835979
Number of nodes: 19
Student reward: 0.22727272727272724
Iteration 26/80
Training student with 24624 points
Train accuracy: 0.412406721153358
Test accuracy: 0.41725888324873095
Number of nodes: 19
Student reward: 0.42727272727272725
Iteration 27/80
Training student with 25442 points
Train accuracy: 0.4170883899179482
Test accuracy: 0.4142267636077815
Number of nodes: 21
Student reward: 0.21818181818181817
Iteration 28/80
Training student with 26442 points
Train accuracy: 0.42523519122583087
Test accuracy: 0.42730194743807903
Number of nodes: 21
Student reward: 0.19090909090909092
Iteration 29/80
Training student with 27351 points
Train accuracy: 0.4208866544789762
Test accuracy: 0.4167428258088101
Number of nodes: 21
Student reward: 0.2727272727272727
Iteration 30/80
Training student with 28260 points
Train accuracy: 0.4171974522292994
Test accuracy: 0.4299363057324841
Number of nodes: 21
Student reward: 0.19090909090909092
Iteration 31/80
Training student with 29260 points
Train accuracy: 0.41332023239917975
Test accuracy: 0.40772385509227616
Number of nodes: 19
Student reward: 0.22727272727272724
Iteration 32/80
Training student with 30169 points
Train accuracy: 0.41238864719287344
Test accuracy: 0.4179648657606894
Number of nodes: 21
Student reward: 0.43636363636363634
Iteration 33/80
Training student with 30987 points
Train accuracy: 0.4174028803098148
Test accuracy: 0.4259438528557599
Number of nodes: 21
Student reward: 0.13636363636363633
Iteration 34/80
Training student with 31987 points
Train accuracy: 0.4158427449294619
Test accuracy: 0.42185057830572054
Number of nodes: 21
Student reward: 0.18181818181818182
Iteration 35/80
Training student with 32987 points
Train accuracy: 0.417370874227898
Test accuracy: 0.41785389511973325
Number of nodes: 21
Student reward: 0.3454545454545454
Iteration 36/80
Training student with 33896 points
Train accuracy: 0.4200103260067857
Test accuracy: 0.4112094395280236
Number of nodes: 21
Student reward: 0.4636363636363637
Iteration 37/80
Training student with 34714 points
Train accuracy: 0.4220949911778474
Test accuracy: 0.4148062797061789
Number of nodes: 19
Student reward: 0.26363636363636367
Iteration 38/80
Training student with 35714 points
Train accuracy: 0.4200413006195093
Test accuracy: 0.4240515189696206
Number of nodes: 19
Student reward: 0.2181818181818182
Iteration 39/80
Training student with 36714 points
Train accuracy: 0.4215722992067005
Test accuracy: 0.4213536701620591
Number of nodes: 21
Student reward: 0.3363636363636363
Iteration 40/80
Training student with 37714 points
Train accuracy: 0.4186801895860263
Test accuracy: 0.4312607715762959
Number of nodes: 21
Student reward: 0.3363636363636363
Iteration 41/80
Training student with 38623 points
Train accuracy: 0.4180529484109004
Test accuracy: 0.43042071197411
Number of nodes: 21
Student reward: 0.3363636363636363
Iteration 42/80
Training student with 39532 points
Train accuracy: 0.424600790513834
Test accuracy: 0.4144428986973568
Number of nodes: 21
Student reward: 0.22727272727272724
Iteration 43/80
Training student with 40532 points
Train accuracy: 0.41961449498843484
Test accuracy: 0.4097693351424695
Number of nodes: 21
Student reward: 0.24545454545454545
Iteration 44/80
Training student with 41441 points
Train accuracy: 0.423503861003861
Test accuracy: 0.42091929062613104
Number of nodes: 21
Student reward: 0.2909090909090909
Iteration 45/80
Training student with 42441 points
Train accuracy: 0.4291941564561734
Test accuracy: 0.4247850159029332
Number of nodes: 19
Student reward: 0.19090909090909092
Iteration 46/80
Training student with 43441 points
Train accuracy: 0.4200621546961326
Test accuracy: 0.4194959143744965
Number of nodes: 21
Student reward: 0.35454545454545455
Iteration 47/80
Training student with 44350 points
Train accuracy: 0.4242671927846674
Test accuracy: 0.42367531003382186
Number of nodes: 21
Student reward: 0.35454545454545455
Iteration 48/80
Training student with 45168 points
Train accuracy: 0.42591465102119885
Test accuracy: 0.43092760681868497
Number of nodes: 21
Student reward: 0.2818181818181818
Iteration 49/80
Training student with 46077 points
Train accuracy: 0.4255717424920648
Test accuracy: 0.4192708333333333
Number of nodes: 19
Student reward: 0.4181818181818181
Iteration 50/80
Training student with 46986 points
Train accuracy: 0.42678514419495583
Test accuracy: 0.4290274526494999
Number of nodes: 21
Student reward: 0.29090909090909084
Iteration 51/80
Training student with 47895 points
Train accuracy: 0.4256707380728677
Test accuracy: 0.41465706232383337
Number of nodes: 21
Student reward: 0.28181818181818186
Iteration 52/80
Training student with 48804 points
Train accuracy: 0.42937274287324234
Test accuracy: 0.43468906874295665
Number of nodes: 19
Student reward: 0.15454545454545454
Iteration 53/80
Training student with 49804 points
Train accuracy: 0.42574605325904175
Test accuracy: 0.4254592912358197
Number of nodes: 21
Student reward: 0.1909090909090909
Iteration 54/80
Training student with 50804 points
Train accuracy: 0.4214501882242945
Test accuracy: 0.4226946166715874
Number of nodes: 21
Student reward: 0.18181818181818182
Iteration 55/80
Training student with 51804 points
Train accuracy: 0.418454262480998
Test accuracy: 0.4215809284818068
Number of nodes: 21
Student reward: 0.4545454545454546
Iteration 56/80
Training student with 52713 points
Train accuracy: 0.41719231681290014
Test accuracy: 0.4174333681115432
Number of nodes: 21
Student reward: 0.21818181818181817
Iteration 57/80
Training student with 53713 points
Train accuracy: 0.4206190365371189
Test accuracy: 0.41543330540817275
Number of nodes: 21
Student reward: 0.20909090909090908
Iteration 58/80
Training student with 54713 points
Train accuracy: 0.4190998400731094
Test accuracy: 0.4139632641871516
Number of nodes: 21
Student reward: 0.21818181818181817
Iteration 59/80
Training student with 55713 points
Train accuracy: 0.41509984294368407
Test accuracy: 0.421968949116037
Number of nodes: 21
Student reward: 0.19090909090909092
Iteration 60/80
Training student with 56713 points
Train accuracy: 0.41635441921974875
Test accuracy: 0.41770254782685357
Number of nodes: 21
Student reward: 0.2
Iteration 61/80
Training student with 57713 points
Train accuracy: 0.41375351960147283
Test accuracy: 0.41332409252360736
Number of nodes: 21
Student reward: 0.34545454545454546
Iteration 62/80
Training student with 58622 points
Train accuracy: 0.414930592575218
Test accuracy: 0.4090405117270789
Number of nodes: 19
Student reward: 0.20909090909090908
Iteration 63/80
Training student with 59622 points
Train accuracy: 0.41090634631108874
Test accuracy: 0.4142557651991614
Number of nodes: 21
Student reward: 0.19090909090909092
Iteration 64/80
Training student with 60622 points
Train accuracy: 0.4144380064746273
Test accuracy: 0.41435051546391755
Number of nodes: 21
Student reward: 0.2727272727272727
Iteration 65/80
Training student with 61622 points
Train accuracy: 0.41026837332900584
Test accuracy: 0.40941176470588236
Number of nodes: 19
Student reward: 0.2636363636363636
Iteration 66/80
Training student with 62531 points
Train accuracy: 0.409803294418679
Test accuracy: 0.40281442392260336
Number of nodes: 21
Student reward: 0.10909090909090909
Iteration 67/80
Training student with 63531 points
Train accuracy: 0.4076420588698253
Test accuracy: 0.40686235932950343
Number of nodes: 19
Student reward: 0.26363636363636356
Iteration 68/80
Training student with 64440 points
Train accuracy: 0.40778243327126007
Test accuracy: 0.4025450031036623
Number of nodes: 21
Student reward: 0.24545454545454543
Iteration 69/80
Training student with 65349 points
Train accuracy: 0.4093230551464259
Test accuracy: 0.403672532517215
Number of nodes: 21
Student reward: 0.2727272727272727
Iteration 70/80
Training student with 66167 points
Train accuracy: 0.4050403340071411
Test accuracy: 0.406453075411818
Number of nodes: 21
Student reward: 0.29999999999999993
Iteration 71/80
Training student with 67076 points
Train accuracy: 0.4093179276928811
Test accuracy: 0.4025790101371497
Number of nodes: 21
Student reward: 0.1909090909090909
Iteration 72/80
Training student with 67985 points
Train accuracy: 0.40674413473560345
Test accuracy: 0.4016327130984776
Number of nodes: 21
Student reward: 0.24545454545454543
Iteration 73/80
Training student with 68894 points
Train accuracy: 0.4021046901932323
Test accuracy: 0.4120763480658974
Number of nodes: 19
Student reward: 0.18181818181818182
Iteration 74/80
Training student with 69894 points
Train accuracy: 0.40625950102834657
Test accuracy: 0.40997210100865583
Number of nodes: 21
Student reward: 0.16363636363636364
Iteration 75/80
Training student with 70894 points
Train accuracy: 0.40562461429956803
Test accuracy: 0.4036956061781508
Number of nodes: 21
Student reward: 0.1909090909090909
Iteration 76/80
Training student with 71894 points
Train accuracy: 0.40457272015995827
Test accuracy: 0.41004242297795396
Number of nodes: 21
Student reward: 0.30909090909090914
Iteration 77/80
Training student with 72894 points
Train accuracy: 0.40627625825259367
Test accuracy: 0.4048974552438439
Number of nodes: 19
Student reward: 0.2909090909090909
Iteration 78/80
Training student with 73712 points
Train accuracy: 0.4064338889925215
Test accuracy: 0.3994438038391101
Number of nodes: 21
Student reward: 0.2363636363636364
Iteration 79/80
Training student with 74712 points
Train accuracy: 0.40987803041710585
Test accuracy: 0.40788328983470523
Number of nodes: 21
Student reward: 0.21818181818181817
Initial policy count: 80
Current policy count: 40
Reward update: 0.4636363636363637 -> 0.23636363636363644
Reward update: 0.4545454545454546 -> 0.2836363636363637
Reward update: 0.44545454545454544 -> 0.25090909090909086
Reward update: 0.43636363636363634 -> 0.26909090909090916
Reward update: 0.43636363636363634 -> 0.3181818181818183
Reward update: 0.42727272727272725 -> 0.28
Reward update: 0.42727272727272725 -> 0.24909090909090914
Reward update: 0.4181818181818181 -> 0.31454545454545463
Reward update: 0.39999999999999997 -> 0.24181818181818177
Reward update: 0.3818181818181818 -> 0.410909090909091
Reward update: 0.3545454545454546 -> 0.33818181818181825
Reward update: 0.35454545454545455 -> 0.19999999999999993
Reward update: 0.35454545454545455 -> 0.2981818181818182
Reward update: 0.34545454545454546 -> 0.3236363636363636
Reward update: 0.3454545454545454 -> 0.2727272727272728
Reward update: 0.3363636363636363 -> 0.24909090909090914
Reward update: 0.3363636363636363 -> 0.19818181818181815
Reward update: 0.3363636363636363 -> 0.20545454545454547
Reward update: 0.32727272727272727 -> 0.22909090909090912
Reward update: 0.32727272727272727 -> 0.3090909090909091
Reward update: 0.30909090909090914 -> 0.21454545454545454
Reward update: 0.29999999999999993 -> 0.22727272727272727
Reward update: 0.2909090909090909 -> 0.20727272727272728
Reward update: 0.2909090909090909 -> 0.23818181818181813
Reward update: 0.29090909090909084 -> 0.3054545454545455
Reward update: 0.29090909090909084 -> 0.22909090909090907
Reward update: 0.28181818181818186 -> 0.2527272727272727
Reward update: 0.2818181818181818 -> 0.28
Reward update: 0.2727272727272727 -> 0.28
Reward update: 0.2727272727272727 -> 0.2472727272727273
Reward update: 0.2727272727272727 -> 0.2636363636363637
Reward update: 0.2727272727272727 -> 0.23454545454545464
Reward update: 0.26363636363636367 -> 0.2745454545454546
Reward update: 0.2636363636363636 -> 0.2527272727272727
Reward update: 0.26363636363636356 -> 0.2781818181818182
Reward update: 0.2545454545454545 -> 0.30727272727272736
Reward update: 0.24545454545454545 -> 0.2909090909090909
Reward update: 0.24545454545454543 -> 0.3727272727272728
Reward update: 0.24545454545454543 -> 0.19636363636363632
Reward update: 0.24545454545454543 -> 0.24545454545454548
Current policy count: 20
Reward update: 0.410909090909091 -> 0.24000000000000005
Reward update: 0.3727272727272728 -> 0.3436363636363637
Reward update: 0.33818181818181825 -> 0.2727272727272728
Reward update: 0.3236363636363636 -> 0.27090909090909104
Reward update: 0.3181818181818183 -> 0.25090909090909097
Reward update: 0.31454545454545463 -> 0.29818181818181816
Reward update: 0.3090909090909091 -> 0.2945454545454546
Reward update: 0.30727272727272736 -> 0.2763636363636364
Reward update: 0.3054545454545455 -> 0.2581818181818182
Reward update: 0.2981818181818182 -> 0.21454545454545454
Reward update: 0.2909090909090909 -> 0.1836363636363636
Reward update: 0.2836363636363637 -> 0.21272727272727265
Reward update: 0.28 -> 0.3090909090909091
Reward update: 0.28 -> 0.24545454545454543
Reward update: 0.28 -> 0.21999999999999997
Reward update: 0.2781818181818182 -> 0.2672727272727273
Reward update: 0.2745454545454546 -> 0.2436363636363637
Reward update: 0.2727272727272728 -> 0.20909090909090902
Reward update: 0.26909090909090916 -> 0.2636363636363636
Reward update: 0.2636363636363637 -> 0.3109090909090909
Current policy count: 10
Reward update: 0.3436363636363637 -> 0.3018181818181818
Reward update: 0.3109090909090909 -> 0.22909090909090912
Reward update: 0.3090909090909091 -> 0.20181818181818184
Reward update: 0.29818181818181816 -> 0.30000000000000004
Reward update: 0.2945454545454546 -> 0.2763636363636365
Reward update: 0.2763636363636364 -> 0.28909090909090923
Reward update: 0.2727272727272728 -> 0.20727272727272728
Reward update: 0.27090909090909104 -> 0.2672727272727273
Reward update: 0.2672727272727273 -> 0.35090909090909084
Reward update: 0.2636363636363636 -> 0.35090909090909095
Current policy count: 5
Reward update: 0.35090909090909095 -> 0.290909090909091
Reward update: 0.35090909090909084 -> 0.28
Reward update: 0.3018181818181818 -> 0.3109090909090909
Reward update: 0.30000000000000004 -> 0.23636363636363641
Reward update: 0.28909090909090923 -> 0.29636363636363644
Current policy count: 3
Reward update: 0.3109090909090909 -> 0.3018181818181819
Reward update: 0.29636363636363644 -> 0.26909090909090905
Reward update: 0.290909090909091 -> 0.30363636363636365
Current policy count: 2
Reward update: 0.30363636363636365 -> 0.3018181818181818
Reward update: 0.3018181818181819 -> 0.22181818181818186
Current policy count: 1
Reward update: 0.3018181818181818 -> 0.21090909090909093
Final reward: 0.2563636363636364
Number of nodes: 21
