Iteration 0/80
Training student with 114 points
Train accuracy: 1.0
Test accuracy: 1.0
Number of nodes: 1
Student reward: 111.59168701171875
Iteration 1/80
Training student with 219 points
Train accuracy: 0.9942857142857143
Test accuracy: 0.9772727272727273
Number of nodes: 1
Student reward: 187.67789001464843
Iteration 2/80
Training student with 330 points
Train accuracy: 0.9886363636363636
Test accuracy: 1.0
Number of nodes: 1
Student reward: 134.35155334472657
Iteration 3/80
Training student with 437 points
Train accuracy: 0.9885386819484241
Test accuracy: 0.9886363636363636
Number of nodes: 1
Student reward: 172.31822357177734
Iteration 4/80
Training student with 552 points
Train accuracy: 0.9886621315192744
Test accuracy: 0.9819819819819819
Number of nodes: 1
Student reward: 79.6367416381836
Iteration 5/80
Training student with 647 points
Train accuracy: 0.9845261121856866
Test accuracy: 0.9923076923076923
Number of nodes: 1
Student reward: 138.94029083251954
Iteration 6/80
Training student with 747 points
Train accuracy: 0.9916247906197655
Test accuracy: 0.9733333333333334
Number of nodes: 1
Student reward: 108.71143493652343
Iteration 7/80
Training student with 854 points
Train accuracy: 0.9853587115666179
Test accuracy: 1.0
Number of nodes: 1
Student reward: 83.61793823242188
Iteration 8/80
Training student with 947 points
Train accuracy: 0.9894319682959049
Test accuracy: 0.9894736842105263
Number of nodes: 1
Student reward: 122.32623901367188
Iteration 9/80
Training student with 1051 points
Train accuracy: 0.986904761904762
Test accuracy: 0.990521327014218
Number of nodes: 1
Student reward: 186.0330795288086
Iteration 10/80
Training student with 1169 points
Train accuracy: 0.9850267379679144
Test accuracy: 0.9914529914529915
Number of nodes: 1
Student reward: 165.22200469970704
Iteration 11/80
Training student with 1284 points
Train accuracy: 0.9873417721518988
Test accuracy: 0.980544747081712
Number of nodes: 1
Student reward: 230.1497039794922
Iteration 12/80
Training student with 1402 points
Train accuracy: 0.9901873327386262
Test accuracy: 0.9750889679715302
Number of nodes: 1
Student reward: 157.16380615234374
Iteration 13/80
Training student with 1515 points
Train accuracy: 0.985973597359736
Test accuracy: 0.9900990099009901
Number of nodes: 1
Student reward: 52.21749420166016
Iteration 14/80
Training student with 1602 points
Train accuracy: 0.9867291178766588
Test accuracy: 0.9906542056074766
Number of nodes: 1
Student reward: 145.67461242675782
Iteration 15/80
Training student with 1714 points
Train accuracy: 0.9839533187454412
Test accuracy: 0.9883381924198251
Number of nodes: 1
Student reward: 123.14838104248047
Iteration 16/80
Training student with 1816 points
Train accuracy: 0.9834710743801653
Test accuracy: 0.9862637362637363
Number of nodes: 1
Student reward: 81.40707092285156
Iteration 17/80
Training student with 1913 points
Train accuracy: 0.9862745098039216
Test accuracy: 0.9765013054830287
Number of nodes: 1
Student reward: 143.9503402709961
Iteration 18/80
Training student with 2018 points
Train accuracy: 0.9845105328376704
Test accuracy: 0.9876237623762376
Number of nodes: 1
Student reward: 106.38927001953125
Iteration 19/80
Training student with 2108 points
Train accuracy: 0.9857651245551602
Test accuracy: 0.985781990521327
Number of nodes: 1
Student reward: 172.45410614013673
Iteration 20/80
Training student with 2224 points
Train accuracy: 0.9853850477796515
Test accuracy: 0.9910112359550561
Number of nodes: 1
Student reward: 103.05597534179688
Iteration 21/80
Training student with 2326 points
Train accuracy: 0.9903225806451613
Test accuracy: 0.9721030042918455
Number of nodes: 1
Student reward: 129.983935546875
Iteration 22/80
Training student with 2435 points
Train accuracy: 0.9856262833675564
Test accuracy: 0.9856262833675564
Number of nodes: 1
Student reward: 138.77002563476563
Iteration 23/80
Training student with 2532 points
Train accuracy: 0.9832098765432099
Test accuracy: 0.9960552268244576
Number of nodes: 1
Student reward: 155.39832305908203
Iteration 24/80
Training student with 2640 points
Train accuracy: 0.9853219696969697
Test accuracy: 0.9848484848484849
Number of nodes: 1
Student reward: 206.3294876098633
Iteration 25/80
Training student with 2767 points
Train accuracy: 0.9859918662449164
Test accuracy: 0.9819494584837545
Number of nodes: 1
Student reward: 130.91093902587892
Iteration 26/80
Training student with 2868 points
Train accuracy: 0.9856146469049695
Test accuracy: 0.9825783972125436
Number of nodes: 1
Student reward: 202.20928497314452
Iteration 27/80
Training student with 2993 points
Train accuracy: 0.9837092731829574
Test accuracy: 0.988313856427379
Number of nodes: 1
Student reward: 126.99170532226563
Iteration 28/80
Training student with 3096 points
Train accuracy: 0.9846526655896607
Test accuracy: 0.9838709677419355
Number of nodes: 1
Student reward: 176.43638458251954
Iteration 29/80
Training student with 3214 points
Train accuracy: 0.9863866199922209
Test accuracy: 0.9782270606531882
Number of nodes: 1
Student reward: 103.95292816162109
Iteration 30/80
Training student with 3311 points
Train accuracy: 0.9871601208459214
Test accuracy: 0.9773755656108597
Number of nodes: 1
Student reward: 140.6806396484375
Iteration 31/80
Training student with 3419 points
Train accuracy: 0.9853747714808044
Test accuracy: 0.9868421052631579
Number of nodes: 1
Student reward: 72.50606384277344
Iteration 32/80
Training student with 3509 points
Train accuracy: 0.987174919843249
Test accuracy: 0.98005698005698
Number of nodes: 1
Student reward: 108.49483642578124
Iteration 33/80
Training student with 3606 points
Train accuracy: 0.9864771151178918
Test accuracy: 0.9847645429362881
Number of nodes: 1
Student reward: 235.95126342773438
Iteration 34/80
Training student with 3745 points
Train accuracy: 0.9876502002670227
Test accuracy: 0.9826435246995995
Number of nodes: 1
Student reward: 134.1839584350586
Iteration 35/80
Training student with 3853 points
Train accuracy: 0.9853990914990266
Test accuracy: 0.9896238651102465
Number of nodes: 1
Student reward: 129.27497406005858
Iteration 36/80
Training student with 3957 points
Train accuracy: 0.9860979462875198
Test accuracy: 0.9873737373737373
Number of nodes: 1
Student reward: 188.4808364868164
Iteration 37/80
Training student with 4074 points
Train accuracy: 0.9868057686406874
Test accuracy: 0.9828220858895705
Number of nodes: 1
Student reward: 217.98007354736328
Iteration 38/80
Training student with 4199 points
Train accuracy: 0.9863054480500149
Test accuracy: 0.9845238095238096
Number of nodes: 1
Student reward: 116.74912109375
Iteration 39/80
Training student with 4303 points
Train accuracy: 0.9869262056943637
Test accuracy: 0.983739837398374
Number of nodes: 1
Student reward: 96.46367645263672
Iteration 40/80
Training student with 4403 points
Train accuracy: 0.9858035207268597
Test accuracy: 0.9875141884222475
Number of nodes: 1
Student reward: 118.17723693847657
Iteration 41/80
Training student with 4507 points
Train accuracy: 0.9866851595006935
Test accuracy: 0.9844789356984479
Number of nodes: 1
Student reward: 108.8996810913086
Iteration 42/80
Training student with 4605 points
Train accuracy: 0.9866992399565689
Test accuracy: 0.9858849077090119
Number of nodes: 1
Student reward: 164.3605163574219
Iteration 43/80
Training student with 4720 points
Train accuracy: 0.986228813559322
Test accuracy: 0.9883474576271186
Number of nodes: 1
Student reward: 108.29453887939454
Iteration 44/80
Training student with 4817 points
Train accuracy: 0.9867635608616663
Test accuracy: 0.9865145228215768
Number of nodes: 1
Student reward: 143.1227249145508
Iteration 45/80
Training student with 4928 points
Train accuracy: 0.9868087265347539
Test accuracy: 0.9858012170385395
Number of nodes: 1
Student reward: 153.90204620361328
Iteration 46/80
Training student with 5032 points
Train accuracy: 0.9855900621118012
Test accuracy: 0.9890764647467726
Number of nodes: 1
Student reward: 92.55835876464843
Iteration 47/80
Training student with 5131 points
Train accuracy: 0.9851364522417154
Test accuracy: 0.991236611489776
Number of nodes: 1
Student reward: 183.52638244628906
Iteration 48/80
Training student with 5252 points
Train accuracy: 0.9871459176386574
Test accuracy: 0.9847764034253093
Number of nodes: 1
Student reward: 139.4248474121094
Iteration 49/80
Training student with 5361 points
Train accuracy: 0.988106343283582
Test accuracy: 0.9822926374650512
Number of nodes: 1
Student reward: 71.83572998046876
Iteration 50/80
Training student with 5452 points
Train accuracy: 0.9876175189176795
Test accuracy: 0.9844179651695693
Number of nodes: 1
Student reward: 272.7606628417969
Iteration 51/80
Training student with 5590 points
Train accuracy: 0.9861359570661896
Test accuracy: 0.9910554561717353
Number of nodes: 1
Student reward: 123.68095397949219
Iteration 52/80
Training student with 5688 points
Train accuracy: 0.9865934065934066
Test accuracy: 0.9894551845342706
Number of nodes: 1
Student reward: 106.85829467773438
Iteration 53/80
Training student with 5780 points
Train accuracy: 0.9859429065743944
Test accuracy: 0.9922145328719724
Number of nodes: 1
Student reward: 82.26747131347656
Iteration 54/80
Training student with 5872 points
Train accuracy: 0.9872258888652331
Test accuracy: 0.9846808510638297
Number of nodes: 1
Student reward: 132.36939239501953
Iteration 55/80
Training student with 5988 points
Train accuracy: 0.9849686847599165
Test accuracy: 0.993322203672788
Number of nodes: 1
Student reward: 254.66217346191405
Iteration 56/80
Training student with 6113 points
Train accuracy: 0.9862985685071575
Test accuracy: 0.9885527391659853
Number of nodes: 1
Student reward: 131.9991912841797
Iteration 57/80
Training student with 6215 points
Train accuracy: 0.9871279163314561
Test accuracy: 0.9847144006436042
Number of nodes: 1
Student reward: 117.19534301757812
Iteration 58/80
Training student with 6308 points
Train accuracy: 0.9849385652001585
Test accuracy: 0.9944532488114105
Number of nodes: 1
Student reward: 134.37934265136718
Iteration 59/80
Training student with 6404 points
Train accuracy: 0.9857505367948468
Test accuracy: 0.990632318501171
Number of nodes: 1
Student reward: 178.92662506103517
Iteration 60/80
Training student with 6520 points
Train accuracy: 0.9867714723926381
Test accuracy: 0.9869631901840491
Number of nodes: 1
Student reward: 102.38768310546875
Iteration 61/80
Training student with 6615 points
Train accuracy: 0.9867724867724867
Test accuracy: 0.9879062736205594
Number of nodes: 1
Student reward: 154.0515625
Iteration 62/80
Training student with 6722 points
Train accuracy: 0.9882834294216105
Test accuracy: 0.9828996282527881
Number of nodes: 1
Student reward: 109.68410949707031
Iteration 63/80
Training student with 6818 points
Train accuracy: 0.9867986798679867
Test accuracy: 0.9875366568914956
Number of nodes: 1
Student reward: 172.7513229370117
Iteration 64/80
Training student with 6925 points
Train accuracy: 0.9875451263537907
Test accuracy: 0.9848375451263538
Number of nodes: 1
Student reward: 188.20473937988282
Iteration 65/80
Training student with 7044 points
Train accuracy: 0.9875776397515528
Test accuracy: 0.9836763662171752
Number of nodes: 1
Student reward: 142.63074493408203
Iteration 66/80
Training student with 7143 points
Train accuracy: 0.9872243612180609
Test accuracy: 0.9860041987403779
Number of nodes: 1
Student reward: 95.38856353759766
Iteration 67/80
Training student with 7235 points
Train accuracy: 0.986869384934347
Test accuracy: 0.9882515549412578
Number of nodes: 1
Student reward: 145.78245849609374
Iteration 68/80
Training student with 7344 points
Train accuracy: 0.9875744680851064
Test accuracy: 0.9850238257317904
Number of nodes: 1
Student reward: 154.8498275756836
Iteration 69/80
Training student with 7448 points
Train accuracy: 0.9877475662974152
Test accuracy: 0.9845637583892617
Number of nodes: 1
Student reward: 112.47728424072265
Iteration 70/80
Training student with 7545 points
Train accuracy: 0.9872432074221339
Test accuracy: 0.9874088800530152
Number of nodes: 1
Student reward: 164.56967468261718
Iteration 71/80
Training student with 7661 points
Train accuracy: 0.987597911227154
Test accuracy: 0.9856490541422048
Number of nodes: 1
Student reward: 125.69986572265626
Iteration 72/80
Training student with 7757 points
Train accuracy: 0.9863013698630136
Test accuracy: 0.990979381443299
Number of nodes: 1
Student reward: 170.2536636352539
Iteration 73/80
Training student with 7863 points
Train accuracy: 0.9864864864864865
Test accuracy: 0.9910998092816274
Number of nodes: 1
Student reward: 126.32001953125
Iteration 74/80
Training student with 7963 points
Train accuracy: 0.9863422291993721
Test accuracy: 0.9899560577526679
Number of nodes: 1
Student reward: 190.34596557617186
Iteration 75/80
Training student with 8082 points
Train accuracy: 0.9873163186388244
Test accuracy: 0.9857761286332715
Number of nodes: 1
Student reward: 131.73383636474608
Iteration 76/80
Training student with 8185 points
Train accuracy: 0.9868662186927306
Test accuracy: 0.9883934025656689
Number of nodes: 1
Student reward: 147.9098861694336
Iteration 77/80
Training student with 8299 points
Train accuracy: 0.9882512426570267
Test accuracy: 0.983132530120482
Number of nodes: 1
Student reward: 205.9171112060547
Iteration 78/80
Training student with 8430 points
Train accuracy: 0.9863582443653618
Test accuracy: 0.9911032028469751
Number of nodes: 1
Student reward: 209.20638580322264
Iteration 79/80
Training student with 8552 points
Train accuracy: 0.9877210934073966
Test accuracy: 0.9859731151373465
Number of nodes: 1
Student reward: 101.59963531494141
Initial policy count: 80
Current policy count: 40
Reward update: 272.7606628417969 -> 169.00785278320313
Reward update: 254.66217346191405 -> 157.55203094482422
Reward update: 235.95126342773438 -> 120.26102447509766
Reward update: 230.1497039794922 -> 140.0974884033203
Reward update: 217.98007354736328 -> 140.6978903198242
Reward update: 209.20638580322264 -> 166.48490570068358
Reward update: 206.3294876098633 -> 113.49553588867188
Reward update: 205.9171112060547 -> 136.70248291015625
Reward update: 202.20928497314452 -> 148.43603302001952
Reward update: 190.34596557617186 -> 142.26628540039061
Reward update: 188.4808364868164 -> 149.25493713378907
Reward update: 188.20473937988282 -> 142.54739135742187
Reward update: 187.67789001464843 -> 180.28562530517578
Reward update: 186.0330795288086 -> 133.94057434082032
Reward update: 183.52638244628906 -> 143.37383178710937
Reward update: 178.92662506103517 -> 171.3350259399414
Reward update: 176.43638458251954 -> 147.84715393066406
Reward update: 172.7513229370117 -> 136.72674987792968
Reward update: 172.45410614013673 -> 138.72549835205078
Reward update: 172.31822357177734 -> 125.57107666015625
Reward update: 170.2536636352539 -> 141.70151489257813
Reward update: 165.22200469970704 -> 137.25423706054687
Reward update: 164.56967468261718 -> 96.97713897705079
Reward update: 164.3605163574219 -> 167.49267120361327
Reward update: 157.16380615234374 -> 148.86550903320312
Reward update: 155.39832305908203 -> 133.07101806640625
Reward update: 154.8498275756836 -> 144.08696563720704
Reward update: 154.0515625 -> 163.48258911132814
Reward update: 153.90204620361328 -> 123.21160217285156
Reward update: 147.9098861694336 -> 161.6960693359375
Reward update: 145.78245849609374 -> 183.53840911865234
Reward update: 145.67461242675782 -> 155.10352783203126
Reward update: 143.9503402709961 -> 168.39998779296874
Reward update: 143.1227249145508 -> 116.84088073730469
Reward update: 142.63074493408203 -> 128.89962799072265
Reward update: 140.6806396484375 -> 148.25517150878906
Reward update: 139.4248474121094 -> 159.20743560791016
Reward update: 138.94029083251954 -> 115.40227264404297
Reward update: 138.77002563476563 -> 137.2178353881836
Reward update: 134.37934265136718 -> 143.42632629394532
Current policy count: 20
Reward update: 183.53840911865234 -> 137.0364340209961
Reward update: 180.28562530517578 -> 151.74630157470702
Reward update: 171.3350259399414 -> 138.53681915283204
Reward update: 169.00785278320313 -> 124.87190734863282
Reward update: 168.39998779296874 -> 118.60685699462891
Reward update: 167.49267120361327 -> 115.2578140258789
Reward update: 166.48490570068358 -> 148.22105712890624
Reward update: 163.48258911132814 -> 124.2349478149414
Reward update: 161.6960693359375 -> 123.18726501464843
Reward update: 159.20743560791016 -> 165.89018127441406
Reward update: 157.55203094482422 -> 158.71677185058593
Reward update: 155.10352783203126 -> 149.59125396728516
Reward update: 149.25493713378907 -> 150.46308013916016
Reward update: 148.86550903320312 -> 160.60367950439453
Reward update: 148.43603302001952 -> 181.19034118652343
Reward update: 148.25517150878906 -> 129.45977416992187
Reward update: 147.84715393066406 -> 125.17805328369141
Reward update: 144.08696563720704 -> 165.44943634033203
Reward update: 143.42632629394532 -> 114.9827865600586
Reward update: 143.37383178710937 -> 128.28680633544923
Current policy count: 10
Reward update: 181.19034118652343 -> 169.8947348022461
Reward update: 165.89018127441406 -> 170.95650939941407
Reward update: 165.44943634033203 -> 141.90183471679688
Reward update: 160.60367950439453 -> 126.7861865234375
Reward update: 158.71677185058593 -> 149.96668243408203
Reward update: 151.74630157470702 -> 198.20565307617187
Reward update: 150.46308013916016 -> 130.46995880126954
Reward update: 149.59125396728516 -> 157.54543548583985
Reward update: 148.22105712890624 -> 128.5858660888672
Reward update: 138.53681915283204 -> 136.37176727294923
Current policy count: 5
Reward update: 198.20565307617187 -> 142.6704296875
Reward update: 170.95650939941407 -> 206.58266998291015
Reward update: 169.8947348022461 -> 144.6980044555664
Reward update: 157.54543548583985 -> 104.53037200927734
Reward update: 149.96668243408203 -> 130.2897006225586
Current policy count: 3
Reward update: 206.58266998291015 -> 153.56578857421874
Reward update: 144.6980044555664 -> 155.8407046508789
Reward update: 142.6704296875 -> 138.6927355957031
Current policy count: 2
Reward update: 155.8407046508789 -> 139.00842010498047
Reward update: 153.56578857421874 -> 163.00379943847656
Current policy count: 1
Reward update: 163.00379943847656 -> 105.38690643310547
Final reward: 129.6122314453125
Number of nodes: 1
