Iteration 0/80
Training student with 1420 points
Train accuracy: 0.8697183098591549
Test accuracy: 0.8697183098591549
Number of nodes: 5
Student reward: 9.1
Iteration 1/80
Training student with 2241 points
Train accuracy: 0.8722098214285714
Test accuracy: 0.8663697104677061
Number of nodes: 5
Student reward: 9.0
Iteration 2/80
Training student with 3076 points
Train accuracy: 0.8727642276422765
Test accuracy: 0.8896103896103896
Number of nodes: 5
Student reward: 9.3
Iteration 3/80
Training student with 3902 points
Train accuracy: 0.8801666132649791
Test accuracy: 0.8834827144686299
Number of nodes: 5
Student reward: 7.7
Iteration 4/80
Training student with 4606 points
Train accuracy: 0.8691639522258415
Test accuracy: 0.8665943600867679
Number of nodes: 5
Student reward: 9.7
Iteration 5/80
Training student with 5492 points
Train accuracy: 0.8684270430229911
Test accuracy: 0.8707916287534122
Number of nodes: 5
Student reward: 9.8
Iteration 6/80
Training student with 6397 points
Train accuracy: 0.8780535470001954
Test accuracy: 0.8734375
Number of nodes: 5
Student reward: 9.9
Iteration 7/80
Training student with 7306 points
Train accuracy: 0.8718343600273785
Test accuracy: 0.8768809849521204
Number of nodes: 5
Student reward: 10.4
Iteration 8/80
Training student with 8241 points
Train accuracy: 0.877123786407767
Test accuracy: 0.8781079442086113
Number of nodes: 5
Student reward: 9.6
Iteration 9/80
Training student with 9124 points
Train accuracy: 0.8717632552404438
Test accuracy: 0.8805479452054794
Number of nodes: 5
Student reward: 10.4
Iteration 10/80
Training student with 10047 points
Train accuracy: 0.8836630583551076
Test accuracy: 0.8666666666666667
Number of nodes: 5
Student reward: 9.4
Iteration 11/80
Training student with 10913 points
Train accuracy: 0.8805269186712485
Test accuracy: 0.8877691250572607
Number of nodes: 5
Student reward: 9.8
Iteration 12/80
Training student with 11800 points
Train accuracy: 0.8760593220338984
Test accuracy: 0.8745762711864407
Number of nodes: 5
Student reward: 8.9
Iteration 13/80
Training student with 12591 points
Train accuracy: 0.8774821286735505
Test accuracy: 0.8769352917824533
Number of nodes: 5
Student reward: 10.0
Iteration 14/80
Training student with 13493 points
Train accuracy: 0.8785436353529739
Test accuracy: 0.8792145238977399
Number of nodes: 5
Student reward: 10.7
Iteration 15/80
Training student with 14470 points
Train accuracy: 0.8764685556323428
Test accuracy: 0.8783690393918452
Number of nodes: 5
Student reward: 8.3
Iteration 16/80
Training student with 15243 points
Train accuracy: 0.8819091356404789
Test accuracy: 0.8701213512627091
Number of nodes: 5
Student reward: 11.5
Iteration 17/80
Training student with 16293 points
Train accuracy: 0.8762467392972226
Test accuracy: 0.8794108622276772
Number of nodes: 5
Student reward: 9.9
Iteration 18/80
Training student with 17152 points
Train accuracy: 0.8808395889512426
Test accuracy: 0.8831244535120956
Number of nodes: 5
Student reward: 9.8
Iteration 19/80
Training student with 18038 points
Train accuracy: 0.8786555786555786
Test accuracy: 0.8797117516629712
Number of nodes: 5
Student reward: 9.0
Iteration 20/80
Training student with 18832 points
Train accuracy: 0.8816461998008629
Test accuracy: 0.8871781258295726
Number of nodes: 5
Student reward: 8.7
Iteration 21/80
Training student with 19614 points
Train accuracy: 0.8784653623096043
Test accuracy: 0.8771348457812899
Number of nodes: 5
Student reward: 9.5
Iteration 22/80
Training student with 20466 points
Train accuracy: 0.8774737356462252
Test accuracy: 0.877381533952125
Number of nodes: 5
Student reward: 9.5
Iteration 23/80
Training student with 21319 points
Train accuracy: 0.8761653474054529
Test accuracy: 0.8771106941838649
Number of nodes: 5
Student reward: 8.7
Iteration 24/80
Training student with 22116 points
Train accuracy: 0.8797196472982138
Test accuracy: 0.8759041591320073
Number of nodes: 5
Student reward: 8.8
Iteration 25/80
Training student with 22883 points
Train accuracy: 0.8761061946902655
Test accuracy: 0.8822372733231374
Number of nodes: 5
Student reward: 9.5
Iteration 26/80
Training student with 23762 points
Train accuracy: 0.8731653427323899
Test accuracy: 0.8741847254365663
Number of nodes: 5
Student reward: 9.9
Iteration 27/80
Training student with 24733 points
Train accuracy: 0.8762761548569695
Test accuracy: 0.881746513038205
Number of nodes: 5
Student reward: 9.2
Iteration 28/80
Training student with 25585 points
Train accuracy: 0.8792261090482705
Test accuracy: 0.8753175688880204
Number of nodes: 5
Student reward: 9.8
Iteration 29/80
Training student with 26492 points
Train accuracy: 0.878544802529137
Test accuracy: 0.8839403661068126
Number of nodes: 5
Student reward: 11.3
Iteration 30/80
Training student with 27553 points
Train accuracy: 0.8809091733962435
Test accuracy: 0.8771547813463981
Number of nodes: 5
Student reward: 8.9
Iteration 31/80
Training student with 28325 points
Train accuracy: 0.8787731685789938
Test accuracy: 0.8799646954986761
Number of nodes: 5
Student reward: 8.7
Iteration 32/80
Training student with 29096 points
Train accuracy: 0.8779429455232858
Test accuracy: 0.8850515463917525
Number of nodes: 5
Student reward: 9.4
Iteration 33/80
Training student with 29960 points
Train accuracy: 0.8781291722296395
Test accuracy: 0.882343124165554
Number of nodes: 5
Student reward: 10.9
Iteration 34/80
Training student with 30966 points
Train accuracy: 0.8821249798159212
Test accuracy: 0.8758475944462383
Number of nodes: 5
Student reward: 10.1
Iteration 35/80
Training student with 31877 points
Train accuracy: 0.8784753539076899
Test accuracy: 0.8768820577164367
Number of nodes: 5
Student reward: 9.0
Iteration 36/80
Training student with 32709 points
Train accuracy: 0.8771735391905836
Test accuracy: 0.8842861510241516
Number of nodes: 5
Student reward: 9.4
Iteration 37/80
Training student with 33517 points
Train accuracy: 0.8836758288889718
Test accuracy: 0.8821599045346062
Number of nodes: 5
Student reward: 8.9
Iteration 38/80
Training student with 34302 points
Train accuracy: 0.8804343865019496
Test accuracy: 0.8804838944760239
Number of nodes: 5
Student reward: 9.6
Iteration 39/80
Training student with 35181 points
Train accuracy: 0.8783399658897101
Test accuracy: 0.8857467670882478
Number of nodes: 5
Student reward: 9.7
Iteration 40/80
Training student with 36070 points
Train accuracy: 0.8813071804823953
Test accuracy: 0.8742722484058775
Number of nodes: 5
Student reward: 9.7
Iteration 41/80
Training student with 36936 points
Train accuracy: 0.8822593745769596
Test accuracy: 0.8734434217650243
Number of nodes: 5
Student reward: 9.0
Iteration 42/80
Training student with 37727 points
Train accuracy: 0.8771412478049104
Test accuracy: 0.8790087463556852
Number of nodes: 5
Student reward: 9.1
Iteration 43/80
Training student with 38537 points
Train accuracy: 0.8794965778974342
Test accuracy: 0.8831084587441619
Number of nodes: 5
Student reward: 9.9
Iteration 44/80
Training student with 39474 points
Train accuracy: 0.8791285347857754
Test accuracy: 0.8882837238758708
Number of nodes: 5
Student reward: 9.7
Iteration 45/80
Training student with 40395 points
Train accuracy: 0.8803688575318728
Test accuracy: 0.8845154103230598
Number of nodes: 5
Student reward: 8.5
Iteration 46/80
Training student with 41154 points
Train accuracy: 0.8799927102633417
Test accuracy: 0.8827602964402868
Number of nodes: 5
Student reward: 8.7
Iteration 47/80
Training student with 41967 points
Train accuracy: 0.8818395734667739
Test accuracy: 0.8770550393137956
Number of nodes: 5
Student reward: 9.3
Iteration 48/80
Training student with 42780 points
Train accuracy: 0.8804055633473585
Test accuracy: 0.8800841514726507
Number of nodes: 5
Student reward: 9.5
Iteration 49/80
Training student with 43676 points
Train accuracy: 0.8811104751001717
Test accuracy: 0.88003663003663
Number of nodes: 5
Student reward: 9.4
Iteration 50/80
Training student with 44544 points
Train accuracy: 0.8752911463448857
Test accuracy: 0.8819171624200247
Number of nodes: 5
Student reward: 10.3
Iteration 51/80
Training student with 45507 points
Train accuracy: 0.880813075127043
Test accuracy: 0.8866183256427159
Number of nodes: 5
Student reward: 9.3
Iteration 52/80
Training student with 46345 points
Train accuracy: 0.8836444060847988
Test accuracy: 0.8814327327651311
Number of nodes: 5
Student reward: 9.7
Iteration 53/80
Training student with 47178 points
Train accuracy: 0.8761856817338773
Test accuracy: 0.8867104705383637
Number of nodes: 5
Student reward: 10.9
Iteration 54/80
Training student with 48136 points
Train accuracy: 0.8793757141373221
Test accuracy: 0.8824262567511425
Number of nodes: 5
Student reward: 11.1
Iteration 55/80
Training student with 49181 points
Train accuracy: 0.8807950386335909
Test accuracy: 0.8798414150655688
Number of nodes: 5
Student reward: 9.0
Iteration 56/80
Training student with 50017 points
Train accuracy: 0.8808137355359508
Test accuracy: 0.8791483406637345
Number of nodes: 5
Student reward: 8.8
Iteration 57/80
Training student with 50829 points
Train accuracy: 0.8798908098271155
Test accuracy: 0.882943143812709
Number of nodes: 5
Student reward: 8.9
Iteration 58/80
Training student with 51663 points
Train accuracy: 0.8796999758045003
Test accuracy: 0.876028258976096
Number of nodes: 5
Student reward: 10.9
Iteration 59/80
Training student with 52639 points
Train accuracy: 0.879722637790601
Test accuracy: 0.8781344984802432
Number of nodes: 5
Student reward: 9.8
Iteration 60/80
Training student with 53500 points
Train accuracy: 0.8792289719626168
Test accuracy: 0.8757009345794392
Number of nodes: 5
Student reward: 10.8
Iteration 61/80
Training student with 54525 points
Train accuracy: 0.8778541953232463
Test accuracy: 0.876937184777625
Number of nodes: 5
Student reward: 9.5
Iteration 62/80
Training student with 55359 points
Train accuracy: 0.8819743942917786
Test accuracy: 0.878070809248555
Number of nodes: 5
Student reward: 8.5
Iteration 63/80
Training student with 56144 points
Train accuracy: 0.8834465100745853
Test accuracy: 0.88226912458812
Number of nodes: 5
Student reward: 10.7
Iteration 64/80
Training student with 57128 points
Train accuracy: 0.8786267559406591
Test accuracy: 0.8769473131454577
Number of nodes: 5
Student reward: 8.6
Iteration 65/80
Training student with 57930 points
Train accuracy: 0.878020887277749
Test accuracy: 0.8785603314344899
Number of nodes: 5
Student reward: 10.4
Iteration 66/80
Training student with 58902 points
Train accuracy: 0.8817512361791983
Test accuracy: 0.8809948221712928
Number of nodes: 5
Student reward: 8.9
Iteration 67/80
Training student with 59725 points
Train accuracy: 0.8816031812473838
Test accuracy: 0.8817915445793219
Number of nodes: 5
Student reward: 9.4
Iteration 68/80
Training student with 60584 points
Train accuracy: 0.8804547424020468
Test accuracy: 0.8788478996451267
Number of nodes: 5
Student reward: 9.4
Iteration 69/80
Training student with 61413 points
Train accuracy: 0.8811113372684714
Test accuracy: 0.8765773833753969
Number of nodes: 5
Student reward: 9.0
Iteration 70/80
Training student with 62232 points
Train accuracy: 0.8802249673596465
Test accuracy: 0.8817385715433438
Number of nodes: 5
Student reward: 8.5
Iteration 71/80
Training student with 63004 points
Train accuracy: 0.8821498720314267
Test accuracy: 0.8760415840012697
Number of nodes: 5
Student reward: 9.0
Iteration 72/80
Training student with 63845 points
Train accuracy: 0.881529485472629
Test accuracy: 0.8813532774688699
Number of nodes: 5
Student reward: 10.2
Iteration 73/80
Training student with 64794 points
Train accuracy: 0.878248287836404
Test accuracy: 0.8766880160506212
Number of nodes: 5
Student reward: 11.1
Iteration 74/80
Training student with 65763 points
Train accuracy: 0.879547614521954
Test accuracy: 0.8768341823158214
Number of nodes: 5
Student reward: 10.6
Iteration 75/80
Training student with 66660 points
Train accuracy: 0.8779440444044404
Test accuracy: 0.8862886288628863
Number of nodes: 5
Student reward: 10.5
Iteration 76/80
Training student with 67626 points
Train accuracy: 0.8819223659889094
Test accuracy: 0.8799349401153335
Number of nodes: 5
Student reward: 7.6
Iteration 77/80
Training student with 68317 points
Train accuracy: 0.8813971785629334
Test accuracy: 0.881074355971897
Number of nodes: 5
Student reward: 10.0
Iteration 78/80
Training student with 69228 points
Train accuracy: 0.879220685421256
Test accuracy: 0.8799653329481438
Number of nodes: 5
Student reward: 9.6
Iteration 79/80
Training student with 70111 points
Train accuracy: 0.8792968192839823
Test accuracy: 0.875133708906796
Number of nodes: 5
Student reward: 8.8
Initial policy count: 80
Current policy count: 40
Reward update: 11.5 -> 9.32
Reward update: 11.3 -> 9.1
Reward update: 11.1 -> 9.24
Reward update: 11.1 -> 10.08
Reward update: 10.9 -> 9.68
Reward update: 10.9 -> 10.26
Reward update: 10.9 -> 9.76
Reward update: 10.8 -> 9.86
Reward update: 10.7 -> 9.26
Reward update: 10.7 -> 8.8
Reward update: 10.6 -> 9.86
Reward update: 10.5 -> 9.16
Reward update: 10.4 -> 9.64
Reward update: 10.4 -> 9.46
Reward update: 10.4 -> 9.12
Reward update: 10.3 -> 9.12
Reward update: 10.2 -> 9.92
Reward update: 10.1 -> 10.14
Reward update: 10.0 -> 9.92
Reward update: 10.0 -> 10.02
Reward update: 9.9 -> 9.3
Reward update: 9.9 -> 9.34
Reward update: 9.9 -> 9.44
Reward update: 9.9 -> 9.16
Reward update: 9.8 -> 9.94
Reward update: 9.8 -> 9.94
Reward update: 9.8 -> 9.44
Reward update: 9.8 -> 8.86
Reward update: 9.8 -> 9.1
Reward update: 9.7 -> 9.7
Reward update: 9.7 -> 10.76
Reward update: 9.7 -> 9.48
Reward update: 9.7 -> 9.6
Reward update: 9.7 -> 9.68
Reward update: 9.6 -> 9.94
Reward update: 9.6 -> 10.2
Reward update: 9.6 -> 9.92
Reward update: 9.5 -> 9.58
Reward update: 9.5 -> 9.86
Reward update: 9.5 -> 9.42
Current policy count: 20
Reward update: 10.76 -> 9.88
Reward update: 10.26 -> 9.26
Reward update: 10.2 -> 9.74
Reward update: 10.14 -> 9.32
Reward update: 10.08 -> 9.42
Reward update: 10.02 -> 9.04
Reward update: 9.94 -> 9.76
Reward update: 9.94 -> 9.56
Reward update: 9.94 -> 9.52
Reward update: 9.92 -> 9.18
Reward update: 9.92 -> 9.24
Reward update: 9.92 -> 9.36
Reward update: 9.86 -> 9.88
Reward update: 9.86 -> 9.94
Reward update: 9.86 -> 9.7
Reward update: 9.76 -> 9.0
Reward update: 9.7 -> 9.08
Reward update: 9.68 -> 9.78
Reward update: 9.68 -> 9.64
Reward update: 9.64 -> 9.84
Current policy count: 10
Reward update: 9.94 -> 9.7
Reward update: 9.88 -> 9.3
Reward update: 9.88 -> 9.26
Reward update: 9.84 -> 9.98
Reward update: 9.78 -> 9.16
Reward update: 9.76 -> 9.0
Reward update: 9.74 -> 9.7
Reward update: 9.7 -> 9.9
Reward update: 9.64 -> 9.46
Reward update: 9.56 -> 8.88
Current policy count: 5
Reward update: 9.98 -> 9.56
Reward update: 9.9 -> 9.98
Reward update: 9.7 -> 9.5
Reward update: 9.7 -> 9.6
Reward update: 9.46 -> 9.24
Current policy count: 3
Reward update: 9.98 -> 9.5
Reward update: 9.6 -> 9.8
Reward update: 9.56 -> 9.96
Current policy count: 2
Reward update: 9.96 -> 9.26
Reward update: 9.8 -> 9.8
Current policy count: 1
Reward update: 9.8 -> 9.84
Final reward: 10.08
Number of nodes: 5
