Iteration 0/80
Training student with 222 points
Train accuracy: 0.6949152542372882
Test accuracy: 0.7555555555555555
Number of nodes: 19
Student reward: 0.3
Iteration 1/80
Training student with 1040 points
Train accuracy: 0.5492788461538461
Test accuracy: 0.5288461538461539
Number of nodes: 21
Student reward: 0.31818181818181823
Iteration 2/80
Training student with 1949 points
Train accuracy: 0.45926876202694034
Test accuracy: 0.4282051282051282
Number of nodes: 19
Student reward: 0.19090909090909092
Iteration 3/80
Training student with 2949 points
Train accuracy: 0.403984739296312
Test accuracy: 0.3949152542372881
Number of nodes: 21
Student reward: 0.23636363636363633
Iteration 4/80
Training student with 3949 points
Train accuracy: 0.4121557454890788
Test accuracy: 0.3886075949367089
Number of nodes: 21
Student reward: 0.16363636363636364
Iteration 5/80
Training student with 4949 points
Train accuracy: 0.39353372063652436
Test accuracy: 0.3939393939393939
Number of nodes: 23
Student reward: 0.22727272727272724
Iteration 6/80
Training student with 5949 points
Train accuracy: 0.3853750787980668
Test accuracy: 0.37478991596638656
Number of nodes: 23
Student reward: 0.0
Iteration 7/80
Training student with 6949 points
Train accuracy: 0.3881993164238172
Test accuracy: 0.37410071942446044
Number of nodes: 23
Student reward: 0.13636363636363635
Iteration 8/80
Training student with 7949 points
Train accuracy: 0.36955496147192957
Test accuracy: 0.37358490566037733
Number of nodes: 23
Student reward: 0.17272727272727273
Iteration 9/80
Training student with 8949 points
Train accuracy: 0.3694650090794804
Test accuracy: 0.37094972067039106
Number of nodes: 23
Student reward: 0.23636363636363633
Iteration 10/80
Training student with 9949 points
Train accuracy: 0.41160949868073876
Test accuracy: 0.4105527638190955
Number of nodes: 23
Student reward: 0.34545454545454546
Iteration 11/80
Training student with 10858 points
Train accuracy: 0.4065162330186507
Test accuracy: 0.3858195211786372
Number of nodes: 23
Student reward: 0.18181818181818182
Iteration 12/80
Training student with 11858 points
Train accuracy: 0.4375922411975543
Test accuracy: 0.4350758853288364
Number of nodes: 21
Student reward: 0.23636363636363633
Iteration 13/80
Training student with 12767 points
Train accuracy: 0.450798002545775
Test accuracy: 0.4338292873923258
Number of nodes: 23
Student reward: 0.3363636363636363
Iteration 14/80
Training student with 13676 points
Train accuracy: 0.4453382084095064
Test accuracy: 0.4378654970760234
Number of nodes: 23
Student reward: 0.22727272727272724
Iteration 15/80
Training student with 14676 points
Train accuracy: 0.4624361158432709
Test accuracy: 0.4550408719346049
Number of nodes: 23
Student reward: 0.2818181818181818
Iteration 16/80
Training student with 15585 points
Train accuracy: 0.44136990696182227
Test accuracy: 0.43631697144690407
Number of nodes: 21
Student reward: 0.18181818181818182
Iteration 17/80
Training student with 16585 points
Train accuracy: 0.4697769068435333
Test accuracy: 0.46608381067229426
Number of nodes: 23
Student reward: 0.3181818181818182
Iteration 18/80
Training student with 17494 points
Train accuracy: 0.48645944980350125
Test accuracy: 0.4935695913118034
Number of nodes: 23
Student reward: 0.32727272727272727
Iteration 19/80
Training student with 18312 points
Train accuracy: 0.5035838623796847
Test accuracy: 0.4875784875784876
Number of nodes: 21
Student reward: 0.20909090909090908
Iteration 20/80
Training student with 19312 points
Train accuracy: 0.49815522040261506
Test accuracy: 0.4869272586073
Number of nodes: 23
Student reward: 0.37272727272727274
Iteration 21/80
Training student with 20130 points
Train accuracy: 0.48863636363636365
Test accuracy: 0.48484848484848486
Number of nodes: 23
Student reward: 0.24545454545454543
Iteration 22/80
Training student with 21130 points
Train accuracy: 0.4789990534784666
Test accuracy: 0.4761003312825367
Number of nodes: 23
Student reward: 0.2818181818181818
Iteration 23/80
Training student with 22039 points
Train accuracy: 0.49254154614032103
Test accuracy: 0.49205989110707804
Number of nodes: 23
Student reward: 0.24545454545454545
Iteration 24/80
Training student with 22948 points
Train accuracy: 0.5061008824490685
Test accuracy: 0.5067538126361656
Number of nodes: 21
Student reward: 0.1
Iteration 25/80
Training student with 23948 points
Train accuracy: 0.5219229564672722
Test accuracy: 0.5242171189979123
Number of nodes: 23
Student reward: 0.23636363636363633
Iteration 26/80
Training student with 24857 points
Train accuracy: 0.5168720140809655
Test accuracy: 0.5106596942880128
Number of nodes: 21
Student reward: 0.2818181818181818
Iteration 27/80
Training student with 25766 points
Train accuracy: 0.5317776052784785
Test accuracy: 0.5254171517268141
Number of nodes: 23
Student reward: 0.27272727272727265
Iteration 28/80
Training student with 26675 points
Train accuracy: 0.5313495782567947
Test accuracy: 0.5287722586691659
Number of nodes: 23
Student reward: 0.3
Iteration 29/80
Training student with 27675 points
Train accuracy: 0.5360885275519421
Test accuracy: 0.5394760614272809
Number of nodes: 23
Student reward: 0.17272727272727273
Iteration 30/80
Training student with 28675 points
Train accuracy: 0.5282911944202267
Test accuracy: 0.524149956408021
Number of nodes: 21
Student reward: 0.34545454545454546
Iteration 31/80
Training student with 29493 points
Train accuracy: 0.5345850639993218
Test accuracy: 0.5290727241905407
Number of nodes: 23
Student reward: 0.4727272727272728
Iteration 32/80
Training student with 30220 points
Train accuracy: 0.5365238252812706
Test accuracy: 0.5454996690933157
Number of nodes: 23
Student reward: 0.2818181818181818
Iteration 33/80
Training student with 31129 points
Train accuracy: 0.5480865759145485
Test accuracy: 0.5409572759396081
Number of nodes: 23
Student reward: 0.21818181818181817
Iteration 34/80
Training student with 32038 points
Train accuracy: 0.5519703472493173
Test accuracy: 0.5619538077403246
Number of nodes: 23
Student reward: 0.21818181818181817
Iteration 35/80
Training student with 33038 points
Train accuracy: 0.545251608021188
Test accuracy: 0.552360774818402
Number of nodes: 23
Student reward: 0.14545454545454545
Iteration 36/80
Training student with 33947 points
Train accuracy: 0.5514600287218765
Test accuracy: 0.5449189985272459
Number of nodes: 23
Student reward: 0.16363636363636364
Iteration 37/80
Training student with 34947 points
Train accuracy: 0.5577851700826268
Test accuracy: 0.5642346208869814
Number of nodes: 23
Student reward: 0.3727272727272727
Iteration 38/80
Training student with 35947 points
Train accuracy: 0.5563514970268109
Test accuracy: 0.5617524339360223
Number of nodes: 21
Student reward: 0.19090909090909092
Iteration 39/80
Training student with 36947 points
Train accuracy: 0.5616266874175322
Test accuracy: 0.5635994587280109
Number of nodes: 23
Student reward: 0.31818181818181823
Iteration 40/80
Training student with 37856 points
Train accuracy: 0.5638951261392154
Test accuracy: 0.561014263074485
Number of nodes: 23
Student reward: 0.40909090909090906
Iteration 41/80
Training student with 38674 points
Train accuracy: 0.5673421894696015
Test accuracy: 0.5737556561085972
Number of nodes: 23
Student reward: 0.21818181818181817
Iteration 42/80
Training student with 39674 points
Train accuracy: 0.5716311162922587
Test accuracy: 0.5731568998109641
Number of nodes: 23
Student reward: 0.4
Iteration 43/80
Training student with 40492 points
Train accuracy: 0.5595035964560244
Test accuracy: 0.5698234349919743
Number of nodes: 23
Student reward: 0.15454545454545454
Iteration 44/80
Training student with 41492 points
Train accuracy: 0.5749404995029073
Test accuracy: 0.5705506687552717
Number of nodes: 23
Student reward: 0.3
Iteration 45/80
Training student with 42401 points
Train accuracy: 0.5678360849056604
Test accuracy: 0.5612545690366703
Number of nodes: 23
Student reward: 0.28181818181818186
Iteration 46/80
Training student with 43310 points
Train accuracy: 0.560003463403371
Test accuracy: 0.5497575617640268
Number of nodes: 23
Student reward: 0.2363636363636364
Iteration 47/80
Training student with 44219 points
Train accuracy: 0.5592932862190813
Test accuracy: 0.5687471732247852
Number of nodes: 23
Student reward: 0.44545454545454544
Iteration 48/80
Training student with 45037 points
Train accuracy: 0.5616864192733632
Test accuracy: 0.5590586145648313
Number of nodes: 23
Student reward: 0.3818181818181817
Iteration 49/80
Training student with 45855 points
Train accuracy: 0.5659142950605168
Test accuracy: 0.5648239014284157
Number of nodes: 23
Student reward: 0.2545454545454545
Iteration 50/80
Training student with 46855 points
Train accuracy: 0.5693095720840892
Test accuracy: 0.5704834062533347
Number of nodes: 21
Student reward: 0.10909090909090909
Iteration 51/80
Training student with 47855 points
Train accuracy: 0.572432347717062
Test accuracy: 0.5800856754780065
Number of nodes: 21
Student reward: 0.3181818181818182
Iteration 52/80
Training student with 48673 points
Train accuracy: 0.5761210128922903
Test accuracy: 0.5765793528505393
Number of nodes: 23
Student reward: 0.3636363636363636
Iteration 53/80
Training student with 49582 points
Train accuracy: 0.5723937980587419
Test accuracy: 0.566199455480488
Number of nodes: 21
Student reward: 0.4545454545454545
Iteration 54/80
Training student with 50309 points
Train accuracy: 0.5759435485874723
Test accuracy: 0.5780162989465315
Number of nodes: 23
Student reward: 0.20909090909090908
Iteration 55/80
Training student with 51218 points
Train accuracy: 0.5788060721433104
Test accuracy: 0.5747754783287778
Number of nodes: 23
Student reward: 0.41818181818181815
Iteration 56/80
Training student with 52036 points
Train accuracy: 0.5795378110886903
Test accuracy: 0.5754227517294389
Number of nodes: 23
Student reward: 0.15454545454545457
Iteration 57/80
Training student with 53036 points
Train accuracy: 0.5860988026774772
Test accuracy: 0.5786199095022625
Number of nodes: 23
Student reward: 0.1181818181818182
Iteration 58/80
Training student with 54036 points
Train accuracy: 0.5772184695105025
Test accuracy: 0.579940784603997
Number of nodes: 23
Student reward: 0.24545454545454543
Iteration 59/80
Training student with 55036 points
Train accuracy: 0.5752702825474698
Test accuracy: 0.5743095930232558
Number of nodes: 21
Student reward: 0.28181818181818186
Iteration 60/80
Training student with 55945 points
Train accuracy: 0.5726606488515507
Test accuracy: 0.5737778174993297
Number of nodes: 23
Student reward: 0.3363636363636363
Iteration 61/80
Training student with 56763 points
Train accuracy: 0.5780665051750715
Test accuracy: 0.5749141196159605
Number of nodes: 23
Student reward: 0.3636363636363636
Iteration 62/80
Training student with 57672 points
Train accuracy: 0.575850185317641
Test accuracy: 0.5779800606848722
Number of nodes: 23
Student reward: 0.13636363636363635
Iteration 63/80
Training student with 58672 points
Train accuracy: 0.5725120906747342
Test accuracy: 0.5667660843630166
Number of nodes: 23
Student reward: 0.41818181818181815
Iteration 64/80
Training student with 59581 points
Train accuracy: 0.5765777106411547
Test accuracy: 0.5765712847193085
Number of nodes: 21
Student reward: 0.24545454545454543
Iteration 65/80
Training student with 60581 points
Train accuracy: 0.5795435787388578
Test accuracy: 0.5776182223322605
Number of nodes: 23
Student reward: 0.31818181818181823
Iteration 66/80
Training student with 61490 points
Train accuracy: 0.5795047975280534
Test accuracy: 0.5718002927305252
Number of nodes: 23
Student reward: 0.28181818181818186
Iteration 67/80
Training student with 62490 points
Train accuracy: 0.5767322771643463
Test accuracy: 0.5631301008161306
Number of nodes: 23
Student reward: 0.23636363636363633
Iteration 68/80
Training student with 63490 points
Train accuracy: 0.5760749724366042
Test accuracy: 0.5675696960151205
Number of nodes: 23
Student reward: 0.18181818181818182
Iteration 69/80
Training student with 64490 points
Train accuracy: 0.5687122034423941
Test accuracy: 0.5676849123895178
Number of nodes: 23
Student reward: 0.3090909090909091
Iteration 70/80
Training student with 65490 points
Train accuracy: 0.5715185524507559
Test accuracy: 0.5726828523438693
Number of nodes: 23
Student reward: 0.24545454545454545
Iteration 71/80
Training student with 66399 points
Train accuracy: 0.576535702855852
Test accuracy: 0.5717620481927711
Number of nodes: 23
Student reward: 0.1909090909090909
Iteration 72/80
Training student with 67399 points
Train accuracy: 0.5763274541441792
Test accuracy: 0.5771513353115727
Number of nodes: 21
Student reward: 0.27272727272727276
Iteration 73/80
Training student with 68399 points
Train accuracy: 0.5721047533763409
Test accuracy: 0.5720760233918128
Number of nodes: 23
Student reward: 0.33636363636363636
Iteration 74/80
Training student with 69217 points
Train accuracy: 0.5753526086720965
Test accuracy: 0.570210921698931
Number of nodes: 23
Student reward: 0.3363636363636363
Iteration 75/80
Training student with 70126 points
Train accuracy: 0.5774331550802139
Test accuracy: 0.5780692998716669
Number of nodes: 23
Student reward: 0.30909090909090897
Iteration 76/80
Training student with 71035 points
Train accuracy: 0.577285845005983
Test accuracy: 0.5758428943478567
Number of nodes: 23
Student reward: 0.19090909090909092
Iteration 77/80
Training student with 72035 points
Train accuracy: 0.5763691261192476
Test accuracy: 0.5756229610605955
Number of nodes: 21
Student reward: 0.3181818181818182
Iteration 78/80
Training student with 72853 points
Train accuracy: 0.580367866579733
Test accuracy: 0.5778601331411708
Number of nodes: 23
Student reward: 0.24545454545454545
Iteration 79/80
Training student with 73853 points
Train accuracy: 0.5820554483599065
Test accuracy: 0.5764674023424278
Number of nodes: 23
Student reward: 0.18181818181818182
Initial policy count: 80
Current policy count: 40
Reward update: 0.4727272727272728 -> 0.26545454545454544
Reward update: 0.4545454545454545 -> 0.21636363636363648
Reward update: 0.44545454545454544 -> 0.3254545454545454
Reward update: 0.41818181818181815 -> 0.23454545454545456
Reward update: 0.41818181818181815 -> 0.2836363636363636
Reward update: 0.40909090909090906 -> 0.32545454545454544
Reward update: 0.4 -> 0.24363636363636368
Reward update: 0.3818181818181817 -> 0.2927272727272728
Reward update: 0.37272727272727274 -> 0.26000000000000006
Reward update: 0.3727272727272727 -> 0.21999999999999992
Reward update: 0.3636363636363636 -> 0.3109090909090909
Reward update: 0.3636363636363636 -> 0.2490909090909091
Reward update: 0.34545454545454546 -> 0.3399999999999999
Reward update: 0.34545454545454546 -> 0.24181818181818182
Reward update: 0.33636363636363636 -> 0.2090909090909091
Reward update: 0.3363636363636363 -> 0.29636363636363633
Reward update: 0.3363636363636363 -> 0.26
Reward update: 0.3363636363636363 -> 0.24727272727272734
Reward update: 0.32727272727272727 -> 0.24909090909090914
Reward update: 0.31818181818181823 -> 0.31454545454545463
Reward update: 0.31818181818181823 -> 0.23818181818181824
Reward update: 0.31818181818181823 -> 0.19999999999999996
Reward update: 0.3181818181818182 -> 0.21454545454545446
Reward update: 0.3181818181818182 -> 0.2963636363636364
Reward update: 0.3181818181818182 -> 0.3272727272727273
Reward update: 0.3090909090909091 -> 0.3327272727272728
Reward update: 0.30909090909090897 -> 0.2545454545454546
Reward update: 0.3 -> 0.289090909090909
Reward update: 0.3 -> 0.25636363636363635
Reward update: 0.3 -> 0.26727272727272733
Reward update: 0.28181818181818186 -> 0.3018181818181818
Reward update: 0.28181818181818186 -> 0.2509090909090909
Reward update: 0.28181818181818186 -> 0.27818181818181825
Reward update: 0.2818181818181818 -> 0.18
Reward update: 0.2818181818181818 -> 0.25090909090909097
Reward update: 0.2818181818181818 -> 0.32727272727272727
Reward update: 0.2818181818181818 -> 0.2781818181818182
Reward update: 0.27272727272727276 -> 0.39090909090909093
Reward update: 0.27272727272727265 -> 0.28727272727272735
Reward update: 0.2545454545454545 -> 0.26545454545454544
Current policy count: 20
Reward update: 0.39090909090909093 -> 0.27454545454545465
Reward update: 0.3399999999999999 -> 0.2872727272727273
Reward update: 0.3327272727272728 -> 0.24181818181818182
Reward update: 0.3272727272727273 -> 0.23090909090909092
Reward update: 0.32727272727272727 -> 0.1618181818181818
Reward update: 0.32545454545454544 -> 0.25636363636363646
Reward update: 0.3254545454545454 -> 0.28
Reward update: 0.31454545454545463 -> 0.2490909090909091
Reward update: 0.3109090909090909 -> 0.2672727272727274
Reward update: 0.3018181818181818 -> 0.2945454545454546
Reward update: 0.2963636363636364 -> 0.26
Reward update: 0.29636363636363633 -> 0.19818181818181815
Reward update: 0.2927272727272728 -> 0.2981818181818182
Reward update: 0.289090909090909 -> 0.28181818181818186
Reward update: 0.28727272727272735 -> 0.21818181818181828
Reward update: 0.2836363636363636 -> 0.2490909090909091
Reward update: 0.27818181818181825 -> 0.26545454545454555
Reward update: 0.2781818181818182 -> 0.23090909090909092
Reward update: 0.26727272727272733 -> 0.34
Reward update: 0.26545454545454544 -> 0.2818181818181819
Current policy count: 10
Reward update: 0.34 -> 0.2636363636363638
Reward update: 0.2981818181818182 -> 0.27818181818181825
Reward update: 0.2945454545454546 -> 0.20727272727272733
Reward update: 0.2872727272727273 -> 0.2727272727272728
Reward update: 0.2818181818181819 -> 0.21999999999999997
Reward update: 0.28181818181818186 -> 0.24545454545454548
Reward update: 0.28 -> 0.2763636363636364
Reward update: 0.27454545454545465 -> 0.27818181818181825
Reward update: 0.2672727272727274 -> 0.2727272727272728
Reward update: 0.26545454545454555 -> 0.2981818181818182
Current policy count: 5
Reward update: 0.2981818181818182 -> 0.26727272727272744
Reward update: 0.27818181818181825 -> 0.31090909090909097
Reward update: 0.27818181818181825 -> 0.25636363636363646
Reward update: 0.2763636363636364 -> 0.1836363636363636
Reward update: 0.2727272727272728 -> 0.22909090909090907
Current policy count: 3
Reward update: 0.31090909090909097 -> 0.31636363636363646
Reward update: 0.26727272727272744 -> 0.24727272727272734
Reward update: 0.25636363636363646 -> 0.2727272727272728
Current policy count: 2
Reward update: 0.31636363636363646 -> 0.23818181818181816
Reward update: 0.2727272727272728 -> 0.22727272727272724
Current policy count: 1
Reward update: 0.23818181818181816 -> 0.24909090909090917
Final reward: 0.3127272727272728
Number of nodes: 23
