Iteration 0/80
Training student with 181 points
Train accuracy: 0.6944444444444444
Test accuracy: 0.7027027027027027
Number of nodes: 15
Student reward: 0.0
Iteration 1/80
Training student with 1181 points
Train accuracy: 0.5879237288135594
Test accuracy: 0.5949367088607594
Number of nodes: 17
Student reward: 0.0
Iteration 2/80
Training student with 2181 points
Train accuracy: 0.5194954128440367
Test accuracy: 0.4897025171624714
Number of nodes: 21
Student reward: 0.0
Iteration 3/80
Training student with 3181 points
Train accuracy: 0.5192610062893082
Test accuracy: 0.49293563579277866
Number of nodes: 19
Student reward: 0.0
Iteration 4/80
Training student with 4181 points
Train accuracy: 0.49551435406698563
Test accuracy: 0.4934289127837515
Number of nodes: 19
Student reward: 0.0
Iteration 5/80
Training student with 5181 points
Train accuracy: 0.4857625482625483
Test accuracy: 0.485053037608486
Number of nodes: 21
Student reward: 0.0
Iteration 6/80
Training student with 6181 points
Train accuracy: 0.46480582524271846
Test accuracy: 0.46079223928860147
Number of nodes: 21
Student reward: 0.0
Iteration 7/80
Training student with 7181 points
Train accuracy: 0.4596100278551532
Test accuracy: 0.46903270702853167
Number of nodes: 21
Student reward: 0.0
Iteration 8/80
Training student with 8181 points
Train accuracy: 0.4478911980440098
Test accuracy: 0.4703726328649969
Number of nodes: 21
Student reward: 0.0
Iteration 9/80
Training student with 9181 points
Train accuracy: 0.45778867102396514
Test accuracy: 0.4469243331518781
Number of nodes: 23
Student reward: 0.0
Iteration 10/80
Training student with 10181 points
Train accuracy: 0.46279469548133595
Test accuracy: 0.4536082474226804
Number of nodes: 21
Student reward: 0.0
Iteration 11/80
Training student with 11181 points
Train accuracy: 0.44968694096601075
Test accuracy: 0.45686186857398303
Number of nodes: 17
Student reward: 0.0
Iteration 12/80
Training student with 12181 points
Train accuracy: 0.45545977011494254
Test accuracy: 0.4476815757078375
Number of nodes: 23
Student reward: 0.0
Iteration 13/80
Training student with 13181 points
Train accuracy: 0.47297040971168436
Test accuracy: 0.4713689799014031
Number of nodes: 21
Student reward: -0.1
Iteration 14/80
Training student with 14087 points
Train accuracy: 0.4723577957227793
Test accuracy: 0.46167494677075943
Number of nodes: 21
Student reward: 0.0
Iteration 15/80
Training student with 15087 points
Train accuracy: 0.47253293562018395
Test accuracy: 0.47448641484426773
Number of nodes: 23
Student reward: 0.0
Iteration 16/80
Training student with 16087 points
Train accuracy: 0.4817002098065118
Test accuracy: 0.4627097576134245
Number of nodes: 23
Student reward: -0.1
Iteration 17/80
Training student with 16993 points
Train accuracy: 0.46645578931881715
Test accuracy: 0.46572521329802885
Number of nodes: 23
Student reward: 0.0
Iteration 18/80
Training student with 17993 points
Train accuracy: 0.46790329303876615
Test accuracy: 0.4673520422339539
Number of nodes: 21
Student reward: 0.0
Iteration 19/80
Training student with 18993 points
Train accuracy: 0.4693958141371594
Test accuracy: 0.48328507501974205
Number of nodes: 21
Student reward: 0.0
Iteration 20/80
Training student with 19993 points
Train accuracy: 0.4725522070776541
Test accuracy: 0.4751187796949237
Number of nodes: 21
Student reward: 0.0
Iteration 21/80
Training student with 20993 points
Train accuracy: 0.47493152316303444
Test accuracy: 0.4651107406525363
Number of nodes: 21
Student reward: -0.1
Iteration 22/80
Training student with 21899 points
Train accuracy: 0.46343969404646385
Test accuracy: 0.4639269406392694
Number of nodes: 21
Student reward: 0.0
Iteration 23/80
Training student with 22899 points
Train accuracy: 0.4605054861073203
Test accuracy: 0.4606986899563319
Number of nodes: 21
Student reward: 0.0
Iteration 24/80
Training student with 23899 points
Train accuracy: 0.4672838537580417
Test accuracy: 0.45878661087866107
Number of nodes: 21
Student reward: 0.0
Iteration 25/80
Training student with 24899 points
Train accuracy: 0.4789397058085245
Test accuracy: 0.47630522088353416
Number of nodes: 21
Student reward: 0.0
Iteration 26/80
Training student with 25899 points
Train accuracy: 0.4770983155557701
Test accuracy: 0.47895752895752897
Number of nodes: 23
Student reward: 0.0
Iteration 27/80
Training student with 26899 points
Train accuracy: 0.47018913518286165
Test accuracy: 0.4678438661710037
Number of nodes: 21
Student reward: 0.0
Iteration 28/80
Training student with 27899 points
Train accuracy: 0.4691966485953672
Test accuracy: 0.48189964157706094
Number of nodes: 23
Student reward: 0.0
Iteration 29/80
Training student with 28899 points
Train accuracy: 0.46779705004541716
Test accuracy: 0.4726643598615917
Number of nodes: 21
Student reward: 0.0
Iteration 30/80
Training student with 29899 points
Train accuracy: 0.4729294702955809
Test accuracy: 0.47107023411371235
Number of nodes: 21
Student reward: 0.0
Iteration 31/80
Training student with 30899 points
Train accuracy: 0.47198511266637
Test accuracy: 0.46877022653721684
Number of nodes: 21
Student reward: 0.0
Iteration 32/80
Training student with 31899 points
Train accuracy: 0.4678866726752616
Test accuracy: 0.47163009404388717
Number of nodes: 21
Student reward: 0.0
Iteration 33/80
Training student with 32899 points
Train accuracy: 0.46377141988677384
Test accuracy: 0.4758358662613982
Number of nodes: 21
Student reward: 0.0
Iteration 34/80
Training student with 33899 points
Train accuracy: 0.4705556989564512
Test accuracy: 0.4632743362831858
Number of nodes: 21
Student reward: -0.1
Iteration 35/80
Training student with 34805 points
Train accuracy: 0.47902600201120527
Test accuracy: 0.4792414882919121
Number of nodes: 21
Student reward: 0.0
Iteration 36/80
Training student with 35805 points
Train accuracy: 0.474025974025974
Test accuracy: 0.4757715402876693
Number of nodes: 21
Student reward: 0.0
Iteration 37/80
Training student with 36805 points
Train accuracy: 0.4691957614454558
Test accuracy: 0.4692297242222524
Number of nodes: 21
Student reward: 0.0
Iteration 38/80
Training student with 37805 points
Train accuracy: 0.46630736675042983
Test accuracy: 0.47176299431292157
Number of nodes: 21
Student reward: 0.0
Iteration 39/80
Training student with 38805 points
Train accuracy: 0.4641476613838423
Test accuracy: 0.4634712021646695
Number of nodes: 21
Student reward: 0.0
Iteration 40/80
Training student with 39805 points
Train accuracy: 0.4639806556965205
Test accuracy: 0.4548423564878784
Number of nodes: 23
Student reward: 0.0
Iteration 41/80
Training student with 40805 points
Train accuracy: 0.46382183555936773
Test accuracy: 0.4641588040681289
Number of nodes: 21
Student reward: 0.0
Iteration 42/80
Training student with 41805 points
Train accuracy: 0.468335127377108
Test accuracy: 0.46226527927281424
Number of nodes: 23
Student reward: 0.0
Iteration 43/80
Training student with 42805 points
Train accuracy: 0.4650741735778531
Test accuracy: 0.4663006658100689
Number of nodes: 23
Student reward: 0.0
Iteration 44/80
Training student with 43805 points
Train accuracy: 0.4664136514096564
Test accuracy: 0.46775482250884604
Number of nodes: 21
Student reward: -0.3
Iteration 45/80
Training student with 44523 points
Train accuracy: 0.4636419787747768
Test accuracy: 0.47153284671532847
Number of nodes: 21
Student reward: -0.1
Iteration 46/80
Training student with 45429 points
Train accuracy: 0.4621247557989159
Test accuracy: 0.4615892581994277
Number of nodes: 21
Student reward: 0.0
Iteration 47/80
Training student with 46429 points
Train accuracy: 0.4652289798885389
Test accuracy: 0.46866250269222487
Number of nodes: 23
Student reward: 0.0
Iteration 48/80
Training student with 47429 points
Train accuracy: 0.46712173523443057
Test accuracy: 0.4538266919671094
Number of nodes: 23
Student reward: -0.1
Iteration 49/80
Training student with 48335 points
Train accuracy: 0.46384607427330093
Test accuracy: 0.467466639081411
Number of nodes: 21
Student reward: 0.0
Iteration 50/80
Training student with 49335 points
Train accuracy: 0.4603982973548191
Test accuracy: 0.46133576568359175
Number of nodes: 19
Student reward: 0.0
Iteration 51/80
Training student with 50335 points
Train accuracy: 0.4611850600973478
Test accuracy: 0.4567398430515546
Number of nodes: 21
Student reward: 0.0
Iteration 52/80
Training student with 51335 points
Train accuracy: 0.46057757865004384
Test accuracy: 0.46313431382097986
Number of nodes: 23
Student reward: -0.1
Iteration 53/80
Training student with 52241 points
Train accuracy: 0.46181087289433387
Test accuracy: 0.45478036175710596
Number of nodes: 21
Student reward: 0.0
Iteration 54/80
Training student with 53241 points
Train accuracy: 0.46236382419233657
Test accuracy: 0.46361160672363605
Number of nodes: 21
Student reward: -0.2
Iteration 55/80
Training student with 54053 points
Train accuracy: 0.4596688404791638
Test accuracy: 0.46156692257885484
Number of nodes: 21
Student reward: 0.0
Iteration 56/80
Training student with 55053 points
Train accuracy: 0.4615140093547069
Test accuracy: 0.4554536372718191
Number of nodes: 19
Student reward: 0.0
Iteration 57/80
Training student with 56053 points
Train accuracy: 0.4581419205209402
Test accuracy: 0.45544554455445546
Number of nodes: 19
Student reward: 0.0
Iteration 58/80
Training student with 57053 points
Train accuracy: 0.4609789229218702
Test accuracy: 0.45806677767066867
Number of nodes: 23
Student reward: 0.0
Iteration 59/80
Training student with 58053 points
Train accuracy: 0.45964859394513585
Test accuracy: 0.45741107570407374
Number of nodes: 21
Student reward: 0.0
Iteration 60/80
Training student with 59053 points
Train accuracy: 0.4615807967486559
Test accuracy: 0.45999491998984
Number of nodes: 19
Student reward: 0.0
Iteration 61/80
Training student with 60053 points
Train accuracy: 0.45657965946463513
Test accuracy: 0.4527516443260345
Number of nodes: 21
Student reward: 0.0
Iteration 62/80
Training student with 61053 points
Train accuracy: 0.4586626264280742
Test accuracy: 0.46384407501433134
Number of nodes: 19
Student reward: -0.1
Iteration 63/80
Training student with 61959 points
Train accuracy: 0.4609518429600339
Test accuracy: 0.45472885732730794
Number of nodes: 21
Student reward: 0.0
Iteration 64/80
Training student with 62959 points
Train accuracy: 0.4607580360156452
Test accuracy: 0.46386594663278274
Number of nodes: 19
Student reward: -0.1
Iteration 65/80
Training student with 63865 points
Train accuracy: 0.4590738276051045
Test accuracy: 0.4597980114303609
Number of nodes: 19
Student reward: 0.0
Iteration 66/80
Training student with 64865 points
Train accuracy: 0.4585677946504278
Test accuracy: 0.4547136360132583
Number of nodes: 21
Student reward: 0.0
Iteration 67/80
Training student with 65865 points
Train accuracy: 0.45917786381234343
Test accuracy: 0.4578304106885296
Number of nodes: 19
Student reward: 0.0
Iteration 68/80
Training student with 66865 points
Train accuracy: 0.46117176400209375
Test accuracy: 0.45644208479772674
Number of nodes: 21
Student reward: 0.0
Iteration 69/80
Training student with 67865 points
Train accuracy: 0.45912841670964416
Test accuracy: 0.4458852132910926
Number of nodes: 19
Student reward: 0.0
Iteration 70/80
Training student with 68865 points
Train accuracy: 0.4630617875553619
Test accuracy: 0.449284832643578
Number of nodes: 23
Student reward: -0.2
Iteration 71/80
Training student with 69677 points
Train accuracy: 0.4613121400764249
Test accuracy: 0.45256888633754305
Number of nodes: 19
Student reward: 0.0
Iteration 72/80
Training student with 70677 points
Train accuracy: 0.45743796537026227
Test accuracy: 0.4596774193548387
Number of nodes: 21
Student reward: 0.0
Iteration 73/80
Training student with 71677 points
Train accuracy: 0.45731675415496764
Test accuracy: 0.45235770089285715
Number of nodes: 21
Student reward: 0.0
Iteration 74/80
Training student with 72677 points
Train accuracy: 0.46516227791059667
Test accuracy: 0.4569345074298294
Number of nodes: 21
Student reward: 0.0
Iteration 75/80
Training student with 73677 points
Train accuracy: 0.4641760404472269
Test accuracy: 0.4578583061889251
Number of nodes: 23
Student reward: 0.0
Iteration 76/80
Training student with 74677 points
Train accuracy: 0.46328317236069033
Test accuracy: 0.464046598821639
Number of nodes: 21
Student reward: 0.0
Iteration 77/80
Training student with 75677 points
Train accuracy: 0.46000231248244994
Test accuracy: 0.4561310782241015
Number of nodes: 23
Student reward: 0.0
Iteration 78/80
Training student with 76677 points
Train accuracy: 0.46042614238437585
Test accuracy: 0.4585941575378195
Number of nodes: 19
Student reward: 0.0
Iteration 79/80
Training student with 77677 points
Train accuracy: 0.46164368130541833
Test accuracy: 0.46092945417095776
Number of nodes: 23
Student reward: -0.1
Initial policy count: 80
Current policy count: 40
Reward update: 0.0 -> -0.04
Reward update: 0.0 -> -0.04
Reward update: 0.0 -> 0.0
Reward update: 0.0 -> -0.02
Reward update: 0.0 -> 0.0
Reward update: 0.0 -> -0.02
Reward update: 0.0 -> 0.0
Reward update: 0.0 -> -0.02
Reward update: 0.0 -> -0.04
Reward update: 0.0 -> -0.02
Reward update: 0.0 -> 0.0
Reward update: 0.0 -> -0.06
Reward update: 0.0 -> 0.0
Reward update: 0.0 -> -0.02
Reward update: 0.0 -> -0.02
Reward update: 0.0 -> -0.02
Reward update: 0.0 -> 0.0
Reward update: 0.0 -> -0.02
Reward update: 0.0 -> -0.06
Reward update: 0.0 -> 0.0
Reward update: 0.0 -> -0.04
Reward update: 0.0 -> 0.0
Reward update: 0.0 -> -0.06
Reward update: 0.0 -> -0.02
Reward update: 0.0 -> -0.02
Reward update: 0.0 -> -0.04
Reward update: 0.0 -> -0.02
Reward update: 0.0 -> -0.06
Reward update: 0.0 -> -0.04
Reward update: 0.0 -> -0.06
Reward update: 0.0 -> 0.0
Reward update: 0.0 -> -0.02
Reward update: 0.0 -> -0.02
Reward update: 0.0 -> 0.0
Reward update: 0.0 -> 0.0
Reward update: 0.0 -> 0.0
Reward update: 0.0 -> 0.0
Reward update: 0.0 -> -0.02
Reward update: 0.0 -> -0.08
Reward update: 0.0 -> -0.04
Current policy count: 20
Reward update: 0.0 -> -0.04
Reward update: 0.0 -> -0.06
Reward update: 0.0 -> -0.02
Reward update: 0.0 -> -0.02
Reward update: 0.0 -> 0.0
Reward update: 0.0 -> -0.04
Reward update: 0.0 -> 0.0
Reward update: 0.0 -> 0.0
Reward update: 0.0 -> 0.0
Reward update: 0.0 -> -0.02
Reward update: 0.0 -> -0.02
Reward update: 0.0 -> -0.04
Reward update: 0.0 -> -0.02
Reward update: -0.02 -> -0.02
Reward update: -0.02 -> 0.0
Reward update: -0.02 -> -0.02
Reward update: -0.02 -> -0.02
Reward update: -0.02 -> -0.02
Reward update: -0.02 -> 0.0
Reward update: -0.02 -> -0.08
Current policy count: 10
Reward update: 0.0 -> 0.0
Reward update: 0.0 -> -0.02
Reward update: 0.0 -> 0.0
Reward update: 0.0 -> -0.02
Reward update: 0.0 -> -0.02
Reward update: 0.0 -> 0.0
Reward update: -0.02 -> 0.0
Reward update: -0.02 -> -0.08
Reward update: -0.02 -> -0.02
Reward update: -0.02 -> 0.0
Current policy count: 5
Reward update: 0.0 -> 0.0
Reward update: 0.0 -> 0.0
Reward update: 0.0 -> -0.02
Reward update: 0.0 -> -0.02
Reward update: 0.0 -> -0.02
Current policy count: 3
Reward update: 0.0 -> 0.0
Reward update: 0.0 -> 0.0
Reward update: -0.02 -> -0.02
Current policy count: 2
Reward update: 0.0 -> 0.0
Reward update: 0.0 -> 0.0
Current policy count: 1
Reward update: 0.0 -> 0.0
Final reward: 0.0
Number of nodes: 23
