Iteration 0/80
Training student with 3000 points
Train accuracy: 0.2825
Test accuracy: 0.3
Number of nodes: 31
Student reward: 0.0
Iteration 1/80
Training student with 6000 points
Train accuracy: 0.2785416666666667
Test accuracy: 0.27416666666666667
Number of nodes: 31
Student reward: 0.0
Iteration 2/80
Training student with 9000 points
Train accuracy: 0.2813888888888889
Test accuracy: 0.27166666666666667
Number of nodes: 31
Student reward: 0.0
Iteration 3/80
Training student with 12000 points
Train accuracy: 0.280625
Test accuracy: 0.26875
Number of nodes: 31
Student reward: 0.0
Iteration 4/80
Training student with 15000 points
Train accuracy: 0.27608333333333335
Test accuracy: 0.2643333333333333
Number of nodes: 31
Student reward: 0.0
Iteration 5/80
Training student with 18000 points
Train accuracy: 0.2754861111111111
Test accuracy: 0.27361111111111114
Number of nodes: 31
Student reward: 0.0
Iteration 6/80
Training student with 21000 points
Train accuracy: 0.2754761904761905
Test accuracy: 0.27714285714285714
Number of nodes: 31
Student reward: 0.0
Iteration 7/80
Training student with 24000 points
Train accuracy: 0.27453125
Test accuracy: 0.27666666666666667
Number of nodes: 31
Student reward: 0.0
Iteration 8/80
Training student with 27000 points
Train accuracy: 0.27921296296296294
Test accuracy: 0.2611111111111111
Number of nodes: 31
Student reward: 0.0
Iteration 9/80
Training student with 30000 points
Train accuracy: 0.27791666666666665
Test accuracy: 0.2655
Number of nodes: 31
Student reward: 0.0
Iteration 10/80
Training student with 33000 points
Train accuracy: 0.2768181818181818
Test accuracy: 0.2762121212121212
Number of nodes: 31
Student reward: 0.0
Iteration 11/80
Training student with 36000 points
Train accuracy: 0.2770486111111111
Test accuracy: 0.27291666666666664
Number of nodes: 31
Student reward: 0.0
Iteration 12/80
Training student with 39000 points
Train accuracy: 0.277724358974359
Test accuracy: 0.27564102564102566
Number of nodes: 31
Student reward: 0.0
Iteration 13/80
Training student with 42000 points
Train accuracy: 0.278125
Test accuracy: 0.2752380952380952
Number of nodes: 31
Student reward: 0.0
Iteration 14/80
Training student with 45000 points
Train accuracy: 0.2783611111111111
Test accuracy: 0.27666666666666667
Number of nodes: 31
Student reward: 0.0
Iteration 15/80
Training student with 48000 points
Train accuracy: 0.2791927083333333
Test accuracy: 0.27125
Number of nodes: 31
Student reward: 0.0
Iteration 16/80
Training student with 51000 points
Train accuracy: 0.2774264705882353
Test accuracy: 0.2768627450980392
Number of nodes: 31
Student reward: 0.0
Iteration 17/80
Training student with 54000 points
Train accuracy: 0.27675925925925926
Test accuracy: 0.2785185185185185
Number of nodes: 31
Student reward: 0.0
Iteration 18/80
Training student with 57000 points
Train accuracy: 0.27625
Test accuracy: 0.28078947368421053
Number of nodes: 31
Student reward: 0.0
Iteration 19/80
Training student with 60000 points
Train accuracy: 0.2793333333333333
Test accuracy: 0.2698333333333333
Number of nodes: 31
Student reward: 0.0
Iteration 20/80
Training student with 63000 points
Train accuracy: 0.2776984126984127
Test accuracy: 0.27666666666666667
Number of nodes: 31
Student reward: 0.0
Iteration 21/80
Training student with 66000 points
Train accuracy: 0.2764015151515152
Test accuracy: 0.2796212121212121
Number of nodes: 31
Student reward: 0.0
Iteration 22/80
Training student with 69000 points
Train accuracy: 0.2777717391304348
Test accuracy: 0.27260869565217394
Number of nodes: 31
Student reward: 0.0
Iteration 23/80
Training student with 72000 points
Train accuracy: 0.2763715277777778
Test accuracy: 0.2775694444444444
Number of nodes: 31
Student reward: 0.0
Iteration 24/80
Training student with 75000 points
Train accuracy: 0.27558333333333335
Test accuracy: 0.281
Number of nodes: 31
Student reward: 0.0
Iteration 25/80
Training student with 78000 points
Train accuracy: 0.2767788461538462
Test accuracy: 0.2764102564102564
Number of nodes: 31
Student reward: 0.0
Iteration 26/80
Training student with 81000 points
Train accuracy: 0.278179012345679
Test accuracy: 0.2707407407407407
Number of nodes: 31
Student reward: 0.0
Iteration 27/80
Training student with 84000 points
Train accuracy: 0.27688988095238093
Test accuracy: 0.2766071428571429
Number of nodes: 31
Student reward: 0.0
Iteration 28/80
Training student with 87000 points
Train accuracy: 0.2759051724137931
Test accuracy: 0.28051724137931033
Number of nodes: 31
Student reward: 0.0
Iteration 29/80
Training student with 90000 points
Train accuracy: 0.27597222222222223
Test accuracy: 0.2786111111111111
Number of nodes: 31
Student reward: 0.0
Iteration 30/80
Training student with 93000 points
Train accuracy: 0.27708333333333335
Test accuracy: 0.27543010752688174
Number of nodes: 31
Student reward: 0.0
Iteration 31/80
Training student with 96000 points
Train accuracy: 0.27703125
Test accuracy: 0.27697916666666667
Number of nodes: 31
Student reward: 0.0
Iteration 32/80
Training student with 99000 points
Train accuracy: 0.27585858585858586
Test accuracy: 0.28085858585858586
Number of nodes: 31
Student reward: 0.0
Iteration 33/80
Training student with 100000 points
Train accuracy: 0.27615
Test accuracy: 0.279
Number of nodes: 31
Student reward: 0.0
Iteration 34/80
Training student with 100000 points
Train accuracy: 0.2773125
Test accuracy: 0.275
Number of nodes: 31
Student reward: 0.0
Iteration 35/80
Training student with 100000 points
Train accuracy: 0.2765
Test accuracy: 0.2761
Number of nodes: 31
Student reward: 0.0
Iteration 36/80
Training student with 100000 points
Train accuracy: 0.2758
Test accuracy: 0.27795
Number of nodes: 31
Student reward: 0.0
Iteration 37/80
Training student with 100000 points
Train accuracy: 0.2761
Test accuracy: 0.27575
Number of nodes: 31
Student reward: 0.0
Iteration 38/80
Training student with 100000 points
Train accuracy: 0.2779375
Test accuracy: 0.27975
Number of nodes: 31
Student reward: 0.0
Iteration 39/80
Training student with 100000 points
Train accuracy: 0.2775875
Test accuracy: 0.27805
Number of nodes: 31
Student reward: 0.0
Iteration 40/80
Training student with 100000 points
Train accuracy: 0.2757
Test accuracy: 0.27325
Number of nodes: 31
Student reward: 0.0
Iteration 41/80
Training student with 100000 points
Train accuracy: 0.2754125
Test accuracy: 0.2736
Number of nodes: 31
Student reward: 0.0
Iteration 42/80
Training student with 100000 points
Train accuracy: 0.27875
Test accuracy: 0.2732
Number of nodes: 31
Student reward: 0.0
Iteration 43/80
Training student with 100000 points
Train accuracy: 0.2759875
Test accuracy: 0.27945
Number of nodes: 31
Student reward: 0.0
Iteration 44/80
Training student with 100000 points
Train accuracy: 0.277825
Test accuracy: 0.2765
Number of nodes: 31
Student reward: 0.0
Iteration 45/80
Training student with 100000 points
Train accuracy: 0.2764
Test accuracy: 0.2787
Number of nodes: 31
Student reward: 0.0
Iteration 46/80
Training student with 100000 points
Train accuracy: 0.27595
Test accuracy: 0.28235
Number of nodes: 31
Student reward: 0.0
Iteration 47/80
Training student with 100000 points
Train accuracy: 0.2771375
Test accuracy: 0.2741
Number of nodes: 31
Student reward: 0.0
Iteration 48/80
Training student with 100000 points
Train accuracy: 0.27515
Test accuracy: 0.28185
Number of nodes: 31
Student reward: 0.0
Iteration 49/80
Training student with 100000 points
Train accuracy: 0.27675
Test accuracy: 0.2783
Number of nodes: 31
Student reward: 0.0
Iteration 50/80
Training student with 100000 points
Train accuracy: 0.27525
Test accuracy: 0.2757
Number of nodes: 31
Student reward: 0.0
Iteration 51/80
Training student with 100000 points
Train accuracy: 0.2762
Test accuracy: 0.2749
Number of nodes: 31
Student reward: 0.0
Iteration 52/80
Training student with 100000 points
Train accuracy: 0.2739125
Test accuracy: 0.27805
Number of nodes: 31
Student reward: 0.0
Iteration 53/80
Training student with 100000 points
Train accuracy: 0.2759625
Test accuracy: 0.27635
Number of nodes: 31
Student reward: 0.0
Iteration 54/80
Training student with 100000 points
Train accuracy: 0.277175
Test accuracy: 0.2698
Number of nodes: 31
Student reward: 0.0
Iteration 55/80
Training student with 100000 points
Train accuracy: 0.275875
Test accuracy: 0.272
Number of nodes: 31
Student reward: 0.0
Iteration 56/80
Training student with 100000 points
Train accuracy: 0.27525
Test accuracy: 0.27535
Number of nodes: 31
Student reward: 0.0
Iteration 57/80
Training student with 100000 points
Train accuracy: 0.277675
Test accuracy: 0.2685
Number of nodes: 31
Student reward: 0.0
Iteration 58/80
Training student with 100000 points
Train accuracy: 0.274875
Test accuracy: 0.2766
Number of nodes: 31
Student reward: 0.0
Iteration 59/80
Training student with 100000 points
Train accuracy: 0.2763125
Test accuracy: 0.27475
Number of nodes: 31
Student reward: 0.0
Iteration 60/80
Training student with 100000 points
Train accuracy: 0.2758875
Test accuracy: 0.2722
Number of nodes: 31
Student reward: 0.0
Iteration 61/80
Training student with 100000 points
Train accuracy: 0.27695
Test accuracy: 0.2742
Number of nodes: 31
Student reward: 0.0
Iteration 62/80
Training student with 100000 points
Train accuracy: 0.274475
Test accuracy: 0.2752
Number of nodes: 31
Student reward: 0.0
Iteration 63/80
Training student with 100000 points
Train accuracy: 0.275975
Test accuracy: 0.2757
Number of nodes: 31
Student reward: 0.0
Iteration 64/80
Training student with 100000 points
Train accuracy: 0.27525
Test accuracy: 0.27485
Number of nodes: 31
Student reward: 0.0
Iteration 65/80
Training student with 100000 points
Train accuracy: 0.275575
Test accuracy: 0.2715
Number of nodes: 31
Student reward: 0.0
Iteration 66/80
Training student with 100000 points
Train accuracy: 0.274525
Test accuracy: 0.2798
Number of nodes: 31
Student reward: 0.0
Iteration 67/80
Training student with 100000 points
Train accuracy: 0.2741625
Test accuracy: 0.27655
Number of nodes: 31
Student reward: 0.0
Iteration 68/80
Training student with 100000 points
Train accuracy: 0.2756375
Test accuracy: 0.2745
Number of nodes: 31
Student reward: 0.0
Iteration 69/80
Training student with 100000 points
Train accuracy: 0.2734375
Test accuracy: 0.2753
Number of nodes: 31
Student reward: 0.0
Iteration 70/80
Training student with 100000 points
Train accuracy: 0.27545
Test accuracy: 0.2774
Number of nodes: 31
Student reward: 0.0
Iteration 71/80
Training student with 100000 points
Train accuracy: 0.2746125
Test accuracy: 0.2725
Number of nodes: 31
Student reward: 0.0
Iteration 72/80
Training student with 100000 points
Train accuracy: 0.274425
Test accuracy: 0.27485
Number of nodes: 31
Student reward: 0.0
Iteration 73/80
Training student with 100000 points
Train accuracy: 0.2749125
Test accuracy: 0.274
Number of nodes: 31
Student reward: 0.0
Iteration 74/80
Training student with 100000 points
Train accuracy: 0.2753125
Test accuracy: 0.2732
Number of nodes: 31
Student reward: 0.0
Iteration 75/80
Training student with 100000 points
Train accuracy: 0.2764375
Test accuracy: 0.27275
Number of nodes: 31
Student reward: 0.0
Iteration 76/80
Training student with 100000 points
Train accuracy: 0.2735
Test accuracy: 0.2789
Number of nodes: 31
Student reward: 0.0
Iteration 77/80
Training student with 100000 points
Train accuracy: 0.2738625
Test accuracy: 0.27565
Number of nodes: 31
Student reward: 0.0
Iteration 78/80
Training student with 100000 points
Train accuracy: 0.2742
Test accuracy: 0.2729
Number of nodes: 31
Student reward: 0.0
Iteration 79/80
Training student with 100000 points
Train accuracy: 0.2738125
Test accuracy: 0.2806
Number of nodes: 31
Student reward: 0.0
Initial policy count: 80
Current policy count: 40
Reward update: 0.0 -> 0.0
Reward update: 0.0 -> 0.0
Reward update: 0.0 -> 0.0
Reward update: 0.0 -> 0.0
Reward update: 0.0 -> 0.0
Reward update: 0.0 -> 0.0
Reward update: 0.0 -> 0.0
Reward update: 0.0 -> 0.0
Reward update: 0.0 -> 0.0
Reward update: 0.0 -> 0.0
Reward update: 0.0 -> 0.0
Reward update: 0.0 -> 0.0
Reward update: 0.0 -> 0.0
Reward update: 0.0 -> 0.0
Reward update: 0.0 -> 0.0
Reward update: 0.0 -> 0.0
Reward update: 0.0 -> 0.0
Reward update: 0.0 -> 0.0
Reward update: 0.0 -> 0.0
Reward update: 0.0 -> 0.0
Reward update: 0.0 -> 0.0
Reward update: 0.0 -> 0.0
Reward update: 0.0 -> 0.0
Reward update: 0.0 -> 0.0
Reward update: 0.0 -> 0.0
Reward update: 0.0 -> 0.0
Reward update: 0.0 -> 0.0
Reward update: 0.0 -> 0.0
Reward update: 0.0 -> 0.0
Reward update: 0.0 -> 0.0
Reward update: 0.0 -> 0.0
Reward update: 0.0 -> 0.0
Reward update: 0.0 -> 0.0
Reward update: 0.0 -> 0.0
Reward update: 0.0 -> 0.0
Reward update: 0.0 -> 0.0
Reward update: 0.0 -> 0.0
Reward update: 0.0 -> 0.0
Reward update: 0.0 -> 0.0
Reward update: 0.0 -> 0.0
Current policy count: 20
Reward update: 0.0 -> 0.0
Reward update: 0.0 -> 0.0
Reward update: 0.0 -> 0.0
Reward update: 0.0 -> 0.0
Reward update: 0.0 -> 0.0
Reward update: 0.0 -> 0.0
Reward update: 0.0 -> 0.0
Reward update: 0.0 -> 0.0
Reward update: 0.0 -> 0.0
Reward update: 0.0 -> 0.0
Reward update: 0.0 -> 0.0
Reward update: 0.0 -> 0.0
Reward update: 0.0 -> 0.0
Reward update: 0.0 -> 0.0
Reward update: 0.0 -> 0.0
Reward update: 0.0 -> 0.0
Reward update: 0.0 -> 0.0
Reward update: 0.0 -> 0.0
Reward update: 0.0 -> 0.0
Reward update: 0.0 -> 0.0
Current policy count: 10
Reward update: 0.0 -> 0.0
Reward update: 0.0 -> 0.0
Reward update: 0.0 -> 0.0
Reward update: 0.0 -> 0.0
Reward update: 0.0 -> 0.0
Reward update: 0.0 -> 0.0
Reward update: 0.0 -> 0.0
Reward update: 0.0 -> 0.0
Reward update: 0.0 -> 0.0
Reward update: 0.0 -> 0.0
Current policy count: 5
Reward update: 0.0 -> 0.0
Reward update: 0.0 -> 0.0
Reward update: 0.0 -> 0.0
Reward update: 0.0 -> 0.0
Reward update: 0.0 -> 0.0
Current policy count: 3
Reward update: 0.0 -> 0.0
Reward update: 0.0 -> 0.0
Reward update: 0.0 -> 0.0
Current policy count: 2
Reward update: 0.0 -> 0.0
Reward update: 0.0 -> 0.0
Current policy count: 1
Reward update: 0.0 -> 0.0
Final reward: 0.0
Number of nodes: 31
