Iteration 0/80
Training student with 1180 points
Train accuracy: 0.9004237288135594
Test accuracy: 0.9067796610169492
Number of nodes: 5
Student reward: 10.1
Iteration 1/80
Training student with 2127 points
Train accuracy: 0.8694885361552028
Test accuracy: 0.9014084507042254
Number of nodes: 5
Student reward: 10.3
Iteration 2/80
Training student with 3055 points
Train accuracy: 0.868657937806874
Test accuracy: 0.8772504091653028
Number of nodes: 5
Student reward: 9.8
Iteration 3/80
Training student with 3974 points
Train accuracy: 0.8741742686379365
Test accuracy: 0.8616352201257862
Number of nodes: 5
Student reward: 9.2
Iteration 4/80
Training student with 4784 points
Train accuracy: 0.8764044943820225
Test accuracy: 0.8693834900731452
Number of nodes: 5
Student reward: 8.5
Iteration 5/80
Training student with 5533 points
Train accuracy: 0.877541798463624
Test accuracy: 0.8762420957542909
Number of nodes: 5
Student reward: 8.2
Iteration 6/80
Training student with 6335 points
Train accuracy: 0.8784530386740331
Test accuracy: 0.8674033149171271
Number of nodes: 5
Student reward: 8.8
Iteration 7/80
Training student with 7179 points
Train accuracy: 0.8774159846769981
Test accuracy: 0.8725626740947076
Number of nodes: 5
Student reward: 9.7
Iteration 8/80
Training student with 8066 points
Train accuracy: 0.8764724116553007
Test accuracy: 0.8804213135068154
Number of nodes: 5
Student reward: 9.4
Iteration 9/80
Training student with 8954 points
Train accuracy: 0.8830099120480246
Test accuracy: 0.8710217755443886
Number of nodes: 5
Student reward: 11.1
Iteration 10/80
Training student with 9966 points
Train accuracy: 0.8810837932764677
Test accuracy: 0.8891675025075225
Number of nodes: 5
Student reward: 8.2
Iteration 11/80
Training student with 10732 points
Train accuracy: 0.8750145602795574
Test accuracy: 0.8756404285048905
Number of nodes: 5
Student reward: 9.4
Iteration 12/80
Training student with 11548 points
Train accuracy: 0.8833080753409829
Test accuracy: 0.8748917748917749
Number of nodes: 5
Student reward: 9.8
Iteration 13/80
Training student with 12463 points
Train accuracy: 0.877432296890672
Test accuracy: 0.8728439630966707
Number of nodes: 5
Student reward: 10.0
Iteration 14/80
Training student with 13370 points
Train accuracy: 0.8781787584143605
Test accuracy: 0.8702318623784593
Number of nodes: 5
Student reward: 8.7
Iteration 15/80
Training student with 14077 points
Train accuracy: 0.8808276352011367
Test accuracy: 0.8764204545454546
Number of nodes: 5
Student reward: 8.4
Iteration 16/80
Training student with 14848 points
Train accuracy: 0.8844081495201213
Test accuracy: 0.8845117845117845
Number of nodes: 5
Student reward: 10.2
Iteration 17/80
Training student with 15794 points
Train accuracy: 0.8789077958053028
Test accuracy: 0.8698955365622032
Number of nodes: 5
Student reward: 9.3
Iteration 18/80
Training student with 16643 points
Train accuracy: 0.8827549947423764
Test accuracy: 0.8879543406428357
Number of nodes: 5
Student reward: 8.6
Iteration 19/80
Training student with 17432 points
Train accuracy: 0.881964861957691
Test accuracy: 0.8855749928305133
Number of nodes: 5
Student reward: 9.8
Iteration 20/80
Training student with 18307 points
Train accuracy: 0.8752475247524752
Test accuracy: 0.883397050791917
Number of nodes: 5
Student reward: 9.5
Iteration 21/80
Training student with 19168 points
Train accuracy: 0.8813095082822486
Test accuracy: 0.8844548774126239
Number of nodes: 5
Student reward: 8.8
Iteration 22/80
Training student with 19987 points
Train accuracy: 0.8814184752017011
Test accuracy: 0.8804402201100551
Number of nodes: 5
Student reward: 10.8
Iteration 23/80
Training student with 20940 points
Train accuracy: 0.8780444126074498
Test accuracy: 0.8796561604584527
Number of nodes: 5
Student reward: 10.1
Iteration 24/80
Training student with 21895 points
Train accuracy: 0.8826786937657
Test accuracy: 0.878967800867778
Number of nodes: 5
Student reward: 9.0
Iteration 25/80
Training student with 22724 points
Train accuracy: 0.881786676934925
Test accuracy: 0.8800880088008801
Number of nodes: 5
Student reward: 8.2
Iteration 26/80
Training student with 23466 points
Train accuracy: 0.8793948433837631
Test accuracy: 0.8749467405198125
Number of nodes: 5
Student reward: 8.2
Iteration 27/80
Training student with 24167 points
Train accuracy: 0.8831014327833239
Test accuracy: 0.8841539098055441
Number of nodes: 5
Student reward: 10.0
Iteration 28/80
Training student with 25101 points
Train accuracy: 0.8750996015936255
Test accuracy: 0.8906592312288388
Number of nodes: 5
Student reward: 9.5
Iteration 29/80
Training student with 25957 points
Train accuracy: 0.883120635685047
Test accuracy: 0.8780816640986132
Number of nodes: 5
Student reward: 9.6
Iteration 30/80
Training student with 26802 points
Train accuracy: 0.8805093046033301
Test accuracy: 0.8725983958216751
Number of nodes: 5
Student reward: 10.4
Iteration 31/80
Training student with 27813 points
Train accuracy: 0.8787415730337078
Test accuracy: 0.8797411468632033
Number of nodes: 5
Student reward: 9.9
Iteration 32/80
Training student with 28724 points
Train accuracy: 0.8802819966055964
Test accuracy: 0.8885987815491732
Number of nodes: 5
Student reward: 9.1
Iteration 33/80
Training student with 29549 points
Train accuracy: 0.8771098608232158
Test accuracy: 0.8824027072758037
Number of nodes: 5
Student reward: 8.9
Iteration 34/80
Training student with 30369 points
Train accuracy: 0.8809220004116073
Test accuracy: 0.8733947974975305
Number of nodes: 5
Student reward: 10.0
Iteration 35/80
Training student with 31287 points
Train accuracy: 0.8816572775580327
Test accuracy: 0.8759987216363055
Number of nodes: 5
Student reward: 9.9
Iteration 36/80
Training student with 32167 points
Train accuracy: 0.8810088213577896
Test accuracy: 0.8751942803854523
Number of nodes: 5
Student reward: 10.7
Iteration 37/80
Training student with 33137 points
Train accuracy: 0.8775510204081632
Test accuracy: 0.8792999396499698
Number of nodes: 5
Student reward: 10.2
Iteration 38/80
Training student with 34045 points
Train accuracy: 0.873623145836393
Test accuracy: 0.8803054780437656
Number of nodes: 5
Student reward: 8.7
Iteration 39/80
Training student with 34842 points
Train accuracy: 0.8803501596527105
Test accuracy: 0.8755919070167887
Number of nodes: 5
Student reward: 9.2
Iteration 40/80
Training student with 35684 points
Train accuracy: 0.8803727186744666
Test accuracy: 0.8809023399187333
Number of nodes: 5
Student reward: 11.1
Iteration 41/80
Training student with 36649 points
Train accuracy: 0.8759848562365702
Test accuracy: 0.8804911323328786
Number of nodes: 5
Student reward: 10.7
Iteration 42/80
Training student with 37644 points
Train accuracy: 0.8784658807903039
Test accuracy: 0.8807278523044229
Number of nodes: 5
Student reward: 7.5
Iteration 43/80
Training student with 38320 points
Train accuracy: 0.8777074634655533
Test accuracy: 0.8721294363256785
Number of nodes: 5
Student reward: 9.2
Iteration 44/80
Training student with 39184 points
Train accuracy: 0.878840080390468
Test accuracy: 0.8746969503636596
Number of nodes: 5
Student reward: 8.3
Iteration 45/80
Training student with 39955 points
Train accuracy: 0.8797397071705669
Test accuracy: 0.8779877362032287
Number of nodes: 5
Student reward: 10.9
Iteration 46/80
Training student with 40912 points
Train accuracy: 0.8838033548229399
Test accuracy: 0.8785286569717707
Number of nodes: 5
Student reward: 9.7
Iteration 47/80
Training student with 41781 points
Train accuracy: 0.8818812829104835
Test accuracy: 0.8767500299150413
Number of nodes: 5
Student reward: 9.9
Iteration 48/80
Training student with 42700 points
Train accuracy: 0.8792447306791569
Test accuracy: 0.8797423887587822
Number of nodes: 5
Student reward: 10.0
Iteration 49/80
Training student with 43634 points
Train accuracy: 0.8775890222591457
Test accuracy: 0.874641915893205
Number of nodes: 5
Student reward: 8.7
Iteration 50/80
Training student with 44396 points
Train accuracy: 0.8797724969028043
Test accuracy: 0.8836711711711712
Number of nodes: 5
Student reward: 9.0
Iteration 51/80
Training student with 45204 points
Train accuracy: 0.8792412133949064
Test accuracy: 0.8836411901338348
Number of nodes: 5
Student reward: 9.1
Iteration 52/80
Training student with 46006 points
Train accuracy: 0.8760732529072927
Test accuracy: 0.8820908498152575
Number of nodes: 5
Student reward: 8.9
Iteration 53/80
Training student with 46776 points
Train accuracy: 0.8812667022982362
Test accuracy: 0.8818939717828131
Number of nodes: 5
Student reward: 9.5
Iteration 54/80
Training student with 47631 points
Train accuracy: 0.8793827419693471
Test accuracy: 0.8765613519470977
Number of nodes: 5
Student reward: 8.9
Iteration 55/80
Training student with 48453 points
Train accuracy: 0.8785666374284092
Test accuracy: 0.8740068104426788
Number of nodes: 5
Student reward: 8.5
Iteration 56/80
Training student with 49235 points
Train accuracy: 0.8802681019599878
Test accuracy: 0.8731593378694018
Number of nodes: 5
Student reward: 9.7
Iteration 57/80
Training student with 50075 points
Train accuracy: 0.8786819770344483
Test accuracy: 0.8795806290564154
Number of nodes: 5
Student reward: 9.1
Iteration 58/80
Training student with 50892 points
Train accuracy: 0.8803821875076757
Test accuracy: 0.8855486786521269
Number of nodes: 5
Student reward: 8.0
Iteration 59/80
Training student with 51622 points
Train accuracy: 0.8781267404411943
Test accuracy: 0.8754479418886199
Number of nodes: 5
Student reward: 10.6
Iteration 60/80
Training student with 52634 points
Train accuracy: 0.8823473531716817
Test accuracy: 0.878312909660872
Number of nodes: 5
Student reward: 8.8
Iteration 61/80
Training student with 53422 points
Train accuracy: 0.8787701523270234
Test accuracy: 0.8769302760879738
Number of nodes: 5
Student reward: 10.8
Iteration 62/80
Training student with 54373 points
Train accuracy: 0.8812589084555612
Test accuracy: 0.8789885057471264
Number of nodes: 5
Student reward: 9.5
Iteration 63/80
Training student with 55286 points
Train accuracy: 0.8781088902957402
Test accuracy: 0.8730330982094411
Number of nodes: 5
Student reward: 9.7
Iteration 64/80
Training student with 56203 points
Train accuracy: 0.8790534228904409
Test accuracy: 0.8848856863268393
Number of nodes: 5
Student reward: 8.7
Iteration 65/80
Training student with 56981 points
Train accuracy: 0.8784441909441909
Test accuracy: 0.8822497148372379
Number of nodes: 5
Student reward: 8.2
Iteration 66/80
Training student with 57694 points
Train accuracy: 0.8765464196728415
Test accuracy: 0.882745471877979
Number of nodes: 5
Student reward: 8.3
Iteration 67/80
Training student with 58454 points
Train accuracy: 0.8802258195581977
Test accuracy: 0.8805063724232316
Number of nodes: 5
Student reward: 9.6
Iteration 68/80
Training student with 59300 points
Train accuracy: 0.8797428330522765
Test accuracy: 0.8798482293423272
Number of nodes: 5
Student reward: 8.9
Iteration 69/80
Training student with 60046 points
Train accuracy: 0.8776750770255641
Test accuracy: 0.8805162364696086
Number of nodes: 5
Student reward: 9.5
Iteration 70/80
Training student with 60909 points
Train accuracy: 0.8798202228743818
Test accuracy: 0.881218190773272
Number of nodes: 5
Student reward: 10.8
Iteration 71/80
Training student with 61867 points
Train accuracy: 0.8777200816277049
Test accuracy: 0.8786972684661387
Number of nodes: 5
Student reward: 10.0
Iteration 72/80
Training student with 62791 points
Train accuracy: 0.8799968147794235
Test accuracy: 0.8839875786288717
Number of nodes: 5
Student reward: 8.7
Iteration 73/80
Training student with 63616 points
Train accuracy: 0.8785467264010061
Test accuracy: 0.8831342345174473
Number of nodes: 5
Student reward: 9.8
Iteration 74/80
Training student with 64517 points
Train accuracy: 0.8794102261058261
Test accuracy: 0.8765499070055797
Number of nodes: 5
Student reward: 8.6
Iteration 75/80
Training student with 65343 points
Train accuracy: 0.880724643226078
Test accuracy: 0.8820108654066876
Number of nodes: 5
Student reward: 8.2
Iteration 76/80
Training student with 66086 points
Train accuracy: 0.8811946735265189
Test accuracy: 0.8825843546678771
Number of nodes: 5
Student reward: 9.9
Iteration 77/80
Training student with 66982 points
Train accuracy: 0.8771484557245498
Test accuracy: 0.8866164066582071
Number of nodes: 5
Student reward: 9.0
Iteration 78/80
Training student with 67822 points
Train accuracy: 0.8795178502313066
Test accuracy: 0.8826391448580907
Number of nodes: 5
Student reward: 10.4
Iteration 79/80
Training student with 68760 points
Train accuracy: 0.8785812972658522
Test accuracy: 0.8797993019197208
Number of nodes: 5
Student reward: 9.3
Initial policy count: 80
Current policy count: 40
Reward update: 11.1 -> 9.48
Reward update: 11.1 -> 8.98
Reward update: 10.9 -> 9.7
Reward update: 10.8 -> 9.34
Reward update: 10.8 -> 9.66
Reward update: 10.8 -> 10.2
Reward update: 10.7 -> 8.94
Reward update: 10.7 -> 9.4
Reward update: 10.6 -> 8.88
Reward update: 10.4 -> 9.78
Reward update: 10.4 -> 9.64
Reward update: 10.3 -> 9.26
Reward update: 10.2 -> 8.9
Reward update: 10.2 -> 9.62
Reward update: 10.1 -> 8.78
Reward update: 10.1 -> 9.06
Reward update: 10.0 -> 9.36
Reward update: 10.0 -> 9.64
Reward update: 10.0 -> 10.06
Reward update: 10.0 -> 9.98
Reward update: 10.0 -> 9.42
Reward update: 9.9 -> 10.48
Reward update: 9.9 -> 10.2
Reward update: 9.9 -> 9.78
Reward update: 9.9 -> 9.08
Reward update: 9.8 -> 9.58
Reward update: 9.8 -> 9.38
Reward update: 9.8 -> 10.12
Reward update: 9.8 -> 10.0
Reward update: 9.7 -> 10.28
Reward update: 9.7 -> 9.66
Reward update: 9.7 -> 9.18
Reward update: 9.7 -> 9.78
Reward update: 9.6 -> 9.68
Reward update: 9.6 -> 9.92
Reward update: 9.5 -> 9.14
Reward update: 9.5 -> 9.96
Reward update: 9.5 -> 10.38
Reward update: 9.5 -> 9.36
Reward update: 9.5 -> 9.02
Current policy count: 20
Reward update: 10.48 -> 10.1
Reward update: 10.38 -> 8.92
Reward update: 10.28 -> 9.04
Reward update: 10.2 -> 8.8
Reward update: 10.2 -> 9.62
Reward update: 10.12 -> 9.3
Reward update: 10.06 -> 9.22
Reward update: 10.0 -> 9.68
Reward update: 9.98 -> 9.42
Reward update: 9.96 -> 10.4
Reward update: 9.92 -> 9.34
Reward update: 9.78 -> 9.38
Reward update: 9.78 -> 10.32
Reward update: 9.78 -> 9.38
Reward update: 9.7 -> 9.94
Reward update: 9.68 -> 9.68
Reward update: 9.66 -> 9.62
Reward update: 9.66 -> 9.26
Reward update: 9.64 -> 9.84
Reward update: 9.64 -> 9.16
Current policy count: 10
Reward update: 10.4 -> 9.58
Reward update: 10.32 -> 9.58
Reward update: 10.1 -> 9.88
Reward update: 9.94 -> 9.64
Reward update: 9.84 -> 9.36
Reward update: 9.68 -> 10.24
Reward update: 9.68 -> 9.36
Reward update: 9.62 -> 9.44
Reward update: 9.62 -> 9.24
Reward update: 9.42 -> 10.48
Current policy count: 5
Reward update: 10.48 -> 9.06
Reward update: 10.24 -> 9.12
Reward update: 9.88 -> 9.32
Reward update: 9.64 -> 10.0
Reward update: 9.58 -> 9.6
Current policy count: 3
Reward update: 10.0 -> 9.76
Reward update: 9.6 -> 9.7
Reward update: 9.32 -> 9.22
Current policy count: 2
Reward update: 9.76 -> 9.6
Reward update: 9.7 -> 9.1
Current policy count: 1
Reward update: 9.6 -> 9.84
Final reward: 9.64
Number of nodes: 5
