Iteration 0/80
Training student with 1252 points
Train accuracy: 0.8791208791208791
Test accuracy: 0.9043824701195219
Number of nodes: 5
Student reward: 10.2
Iteration 1/80
Training student with 2146 points
Train accuracy: 0.8776223776223776
Test accuracy: 0.9186046511627907
Number of nodes: 5
Student reward: 8.0
Iteration 2/80
Training student with 2892 points
Train accuracy: 0.885430177258971
Test accuracy: 0.8739205526770294
Number of nodes: 5
Student reward: 9.2
Iteration 3/80
Training student with 3764 points
Train accuracy: 0.8824310860179343
Test accuracy: 0.8950863213811421
Number of nodes: 5
Student reward: 8.7
Iteration 4/80
Training student with 4565 points
Train accuracy: 0.8860898138006572
Test accuracy: 0.8838992332968236
Number of nodes: 5
Student reward: 11.1
Iteration 5/80
Training student with 5528 points
Train accuracy: 0.882858435097241
Test accuracy: 0.8924050632911392
Number of nodes: 5
Student reward: 10.7
Iteration 6/80
Training student with 6469 points
Train accuracy: 0.8805797101449275
Test accuracy: 0.8879443585780525
Number of nodes: 5
Student reward: 8.6
Iteration 7/80
Training student with 7271 points
Train accuracy: 0.8829092159559835
Test accuracy: 0.8831615120274914
Number of nodes: 5
Student reward: 8.4
Iteration 8/80
Training student with 8032 points
Train accuracy: 0.8778210116731517
Test accuracy: 0.8923459863098943
Number of nodes: 5
Student reward: 9.3
Iteration 9/80
Training student with 8852 points
Train accuracy: 0.8823612484112413
Test accuracy: 0.8684359119141728
Number of nodes: 5
Student reward: 10.2
Iteration 10/80
Training student with 9798 points
Train accuracy: 0.8761163562133197
Test accuracy: 0.889795918367347
Number of nodes: 5
Student reward: 8.9
Iteration 11/80
Training student with 10619 points
Train accuracy: 0.8798116539140671
Test accuracy: 0.8771186440677966
Number of nodes: 5
Student reward: 10.9
Iteration 12/80
Training student with 11630 points
Train accuracy: 0.8786543422184007
Test accuracy: 0.8800515907136716
Number of nodes: 5
Student reward: 10.2
Iteration 13/80
Training student with 12549 points
Train accuracy: 0.878673174618986
Test accuracy: 0.8745019920318725
Number of nodes: 5
Student reward: 10.7
Iteration 14/80
Training student with 13525 points
Train accuracy: 0.8789279112754159
Test accuracy: 0.8772643253234751
Number of nodes: 5
Student reward: 9.9
Iteration 15/80
Training student with 14395 points
Train accuracy: 0.8805140673845085
Test accuracy: 0.8777353247655436
Number of nodes: 5
Student reward: 10.5
Iteration 16/80
Training student with 15333 points
Train accuracy: 0.8803195825860101
Test accuracy: 0.8800130420606456
Number of nodes: 5
Student reward: 10.2
Iteration 17/80
Training student with 16224 points
Train accuracy: 0.8798058402034055
Test accuracy: 0.8816640986132511
Number of nodes: 5
Student reward: 9.4
Iteration 18/80
Training student with 17079 points
Train accuracy: 0.8805533191831955
Test accuracy: 0.8823185011709602
Number of nodes: 5
Student reward: 10.5
Iteration 19/80
Training student with 18052 points
Train accuracy: 0.8822796205248944
Test accuracy: 0.876211575740792
Number of nodes: 5
Student reward: 9.0
Iteration 20/80
Training student with 18872 points
Train accuracy: 0.8809034907597536
Test accuracy: 0.8802649006622516
Number of nodes: 5
Student reward: 11.1
Iteration 21/80
Training student with 19861 points
Train accuracy: 0.8811681772406847
Test accuracy: 0.8781776994714322
Number of nodes: 5
Student reward: 10.0
Iteration 22/80
Training student with 20738 points
Train accuracy: 0.8794454490657022
Test accuracy: 0.8833172613307618
Number of nodes: 5
Student reward: 10.1
Iteration 23/80
Training student with 21666 points
Train accuracy: 0.880163858758366
Test accuracy: 0.8818643285648362
Number of nodes: 5
Student reward: 8.6
Iteration 24/80
Training student with 22441 points
Train accuracy: 0.8803475935828877
Test accuracy: 0.8841612831365561
Number of nodes: 5
Student reward: 10.2
Iteration 25/80
Training student with 23347 points
Train accuracy: 0.882422230550945
Test accuracy: 0.8745182012847966
Number of nodes: 5
Student reward: 9.0
Iteration 26/80
Training student with 24157 points
Train accuracy: 0.8815523932729625
Test accuracy: 0.8772764900662252
Number of nodes: 5
Student reward: 9.1
Iteration 27/80
Training student with 24937 points
Train accuracy: 0.8800441124868414
Test accuracy: 0.8847233360064154
Number of nodes: 5
Student reward: 9.3
Iteration 28/80
Training student with 25767 points
Train accuracy: 0.8830349779265512
Test accuracy: 0.8746604578967792
Number of nodes: 5
Student reward: 9.8
Iteration 29/80
Training student with 26629 points
Train accuracy: 0.8810965591700699
Test accuracy: 0.8820878708223808
Number of nodes: 5
Student reward: 8.6
Iteration 30/80
Training student with 27413 points
Train accuracy: 0.8807569539443685
Test accuracy: 0.8836403428779865
Number of nodes: 5
Student reward: 9.3
Iteration 31/80
Training student with 28267 points
Train accuracy: 0.8816609914650865
Test accuracy: 0.8806154934559604
Number of nodes: 5
Student reward: 9.3
Iteration 32/80
Training student with 29114 points
Train accuracy: 0.8810270061397106
Test accuracy: 0.882878241456294
Number of nodes: 5
Student reward: 9.0
Iteration 33/80
Training student with 29943 points
Train accuracy: 0.8813559322033898
Test accuracy: 0.8789447320086826
Number of nodes: 5
Student reward: 8.6
Iteration 34/80
Training student with 30695 points
Train accuracy: 0.8808437856328393
Test accuracy: 0.8822283759569962
Number of nodes: 5
Student reward: 9.8
Iteration 35/80
Training student with 31559 points
Train accuracy: 0.8814908702024002
Test accuracy: 0.8786438529784537
Number of nodes: 5
Student reward: 9.3
Iteration 36/80
Training student with 32370 points
Train accuracy: 0.8814874884151993
Test accuracy: 0.8830707445165277
Number of nodes: 5
Student reward: 9.8
Iteration 37/80
Training student with 33260 points
Train accuracy: 0.8813890559230306
Test accuracy: 0.8821407095610343
Number of nodes: 5
Student reward: 8.1
Iteration 38/80
Training student with 34032 points
Train accuracy: 0.8800734618916437
Test accuracy: 0.8849713530189511
Number of nodes: 5
Student reward: 10.0
Iteration 39/80
Training student with 34971 points
Train accuracy: 0.8812553617386332
Test accuracy: 0.8786275911365261
Number of nodes: 5
Student reward: 9.9
Iteration 40/80
Training student with 35849 points
Train accuracy: 0.8795285749154433
Test accuracy: 0.8859135285913529
Number of nodes: 5
Student reward: 8.0
Iteration 41/80
Training student with 36570 points
Train accuracy: 0.8811867651080121
Test accuracy: 0.8805031446540881
Number of nodes: 5
Student reward: 10.7
Iteration 42/80
Training student with 37545 points
Train accuracy: 0.8818417898521774
Test accuracy: 0.8785457451058729
Number of nodes: 5
Student reward: 10.5
Iteration 43/80
Training student with 38498 points
Train accuracy: 0.8820053250211053
Test accuracy: 0.8790909090909091
Number of nodes: 5
Student reward: 10.5
Iteration 44/80
Training student with 39481 points
Train accuracy: 0.8806674265450861
Test accuracy: 0.8865391920982651
Number of nodes: 5
Student reward: 9.7
Iteration 45/80
Training student with 40341 points
Train accuracy: 0.8813522558254834
Test accuracy: 0.8844962201016235
Number of nodes: 5
Student reward: 9.4
Iteration 46/80
Training student with 41201 points
Train accuracy: 0.88125
Test accuracy: 0.8830239048659143
Number of nodes: 5
Student reward: 8.7
Iteration 47/80
Training student with 42021 points
Train accuracy: 0.8811875297477392
Test accuracy: 0.8817370612730517
Number of nodes: 5
Student reward: 8.8
Iteration 48/80
Training student with 42814 points
Train accuracy: 0.8809085866106099
Test accuracy: 0.8820506831717856
Number of nodes: 5
Student reward: 9.5
Iteration 49/80
Training student with 43710 points
Train accuracy: 0.8800045756119881
Test accuracy: 0.8852665293983071
Number of nodes: 5
Student reward: 10.9
Iteration 50/80
Training student with 44673 points
Train accuracy: 0.8818904247579608
Test accuracy: 0.8772243984331282
Number of nodes: 5
Student reward: 9.1
Iteration 51/80
Training student with 45529 points
Train accuracy: 0.8806248798835901
Test accuracy: 0.8831539644190644
Number of nodes: 5
Student reward: 10.1
Iteration 52/80
Training student with 46484 points
Train accuracy: 0.8825127060531907
Test accuracy: 0.8757663762504033
Number of nodes: 5
Student reward: 9.2
Iteration 53/80
Training student with 47332 points
Train accuracy: 0.8811303314406443
Test accuracy: 0.8807436357874723
Number of nodes: 5
Student reward: 10.6
Iteration 54/80
Training student with 48261 points
Train accuracy: 0.881190426854538
Test accuracy: 0.8797265098932974
Number of nodes: 5
Student reward: 10.2
Iteration 55/80
Training student with 49200 points
Train accuracy: 0.8801575203252032
Test accuracy: 0.8844512195121951
Number of nodes: 5
Student reward: 9.7
Iteration 56/80
Training student with 50081 points
Train accuracy: 0.88091553514377
Test accuracy: 0.8814016172506739
Number of nodes: 5
Student reward: 9.8
Iteration 57/80
Training student with 50989 points
Train accuracy: 0.8803902821700865
Test accuracy: 0.8830162777015101
Number of nodes: 5
Student reward: 9.9
Iteration 58/80
Training student with 51913 points
Train accuracy: 0.8815795810257645
Test accuracy: 0.8779736107098142
Number of nodes: 5
Student reward: 11.1
Iteration 59/80
Training student with 52903 points
Train accuracy: 0.8797788384291858
Test accuracy: 0.8850770248558737
Number of nodes: 5
Student reward: 9.6
Iteration 60/80
Training student with 53754 points
Train accuracy: 0.880380438574053
Test accuracy: 0.8824295414380058
Number of nodes: 5
Student reward: 9.0
Iteration 61/80
Training student with 54533 points
Train accuracy: 0.8799798285426123
Test accuracy: 0.8832859631429357
Number of nodes: 5
Student reward: 12.0
Iteration 62/80
Training student with 55632 points
Train accuracy: 0.8817885630827997
Test accuracy: 0.8763368383212007
Number of nodes: 5
Student reward: 10.1
Iteration 63/80
Training student with 56568 points
Train accuracy: 0.8808724090688116
Test accuracy: 0.8799717164574863
Number of nodes: 5
Student reward: 9.6
Iteration 64/80
Training student with 57433 points
Train accuracy: 0.8810342576067558
Test accuracy: 0.8786454252633412
Number of nodes: 5
Student reward: 9.8
Iteration 65/80
Training student with 58311 points
Train accuracy: 0.8805093465957812
Test accuracy: 0.8797050501586213
Number of nodes: 5
Student reward: 9.5
Iteration 66/80
Training student with 59176 points
Train accuracy: 0.8816011829319814
Test accuracy: 0.875211220006759
Number of nodes: 5
Student reward: 9.6
Iteration 67/80
Training student with 60048 points
Train accuracy: 0.8807818810108664
Test accuracy: 0.8787676935886761
Number of nodes: 5
Student reward: 8.8
Iteration 68/80
Training student with 60853 points
Train accuracy: 0.8804691672486751
Test accuracy: 0.8794675868868622
Number of nodes: 5
Student reward: 8.1
Iteration 69/80
Training student with 61601 points
Train accuracy: 0.8805194805194805
Test accuracy: 0.8780943105267429
Number of nodes: 5
Student reward: 8.8
Iteration 70/80
Training student with 62359 points
Train accuracy: 0.8795277326758474
Test accuracy: 0.8823765234124439
Number of nodes: 5
Student reward: 10.4
Iteration 71/80
Training student with 63310 points
Train accuracy: 0.8805086084346865
Test accuracy: 0.8791660085294583
Number of nodes: 5
Student reward: 8.0
Iteration 72/80
Training student with 64063 points
Train accuracy: 0.8806634146341463
Test accuracy: 0.878014516506673
Number of nodes: 5
Student reward: 9.1
Iteration 73/80
Training student with 64929 points
Train accuracy: 0.879598790982423
Test accuracy: 0.8827198521484676
Number of nodes: 5
Student reward: 9.0
Iteration 74/80
Training student with 65742 points
Train accuracy: 0.8799460004183066
Test accuracy: 0.8805992851167389
Number of nodes: 5
Student reward: 9.3
Iteration 75/80
Training student with 66656 points
Train accuracy: 0.8810666866701673
Test accuracy: 0.8764626462646264
Number of nodes: 5
Student reward: 8.6
Iteration 76/80
Training student with 67445 points
Train accuracy: 0.8797724071465639
Test accuracy: 0.8817555044851361
Number of nodes: 5
Student reward: 9.6
Iteration 77/80
Training student with 68320 points
Train accuracy: 0.8802510245901639
Test accuracy: 0.8796106557377049
Number of nodes: 5
Student reward: 8.5
Iteration 78/80
Training student with 69113 points
Train accuracy: 0.880321938867788
Test accuracy: 0.8788251464949721
Number of nodes: 5
Student reward: 9.4
Iteration 79/80
Training student with 70005 points
Train accuracy: 0.878990786372402
Test accuracy: 0.8842225555317478
Number of nodes: 5
Student reward: 9.5
Initial policy count: 80
Current policy count: 40
Reward update: 12.0 -> 9.0
Reward update: 11.1 -> 9.14
Reward update: 11.1 -> 9.28
Reward update: 11.1 -> 9.82
Reward update: 10.9 -> 9.14
Reward update: 10.9 -> 9.3
Reward update: 10.7 -> 9.44
Reward update: 10.7 -> 9.42
Reward update: 10.7 -> 9.3
Reward update: 10.6 -> 9.6
Reward update: 10.5 -> 9.52
Reward update: 10.5 -> 10.18
Reward update: 10.5 -> 9.8
Reward update: 10.5 -> 9.22
Reward update: 10.4 -> 9.62
Reward update: 10.2 -> 9.44
Reward update: 10.2 -> 9.1
Reward update: 10.2 -> 9.14
Reward update: 10.2 -> 9.08
Reward update: 10.2 -> 9.88
Reward update: 10.2 -> 10.18
Reward update: 10.1 -> 9.46
Reward update: 10.1 -> 9.72
Reward update: 10.1 -> 9.22
Reward update: 10.0 -> 9.98
Reward update: 10.0 -> 9.46
Reward update: 9.9 -> 9.28
Reward update: 9.9 -> 9.64
Reward update: 9.9 -> 9.42
Reward update: 9.8 -> 9.66
Reward update: 9.8 -> 9.86
Reward update: 9.8 -> 10.0
Reward update: 9.8 -> 9.44
Reward update: 9.8 -> 9.64
Reward update: 9.7 -> 9.42
Reward update: 9.7 -> 9.8
Reward update: 9.6 -> 9.26
Reward update: 9.6 -> 9.4
Reward update: 9.6 -> 9.26
Reward update: 9.6 -> 9.08
Current policy count: 20
Reward update: 10.18 -> 9.76
Reward update: 10.18 -> 9.46
Reward update: 10.0 -> 9.74
Reward update: 9.98 -> 9.0
Reward update: 9.88 -> 9.68
Reward update: 9.86 -> 9.82
Reward update: 9.82 -> 9.16
Reward update: 9.8 -> 9.02
Reward update: 9.8 -> 9.64
Reward update: 9.72 -> 9.92
Reward update: 9.66 -> 9.74
Reward update: 9.64 -> 9.24
Reward update: 9.64 -> 9.14
Reward update: 9.62 -> 8.88
Reward update: 9.6 -> 9.78
Reward update: 9.52 -> 8.74
Reward update: 9.46 -> 9.7
Reward update: 9.46 -> 9.74
Reward update: 9.44 -> 8.82
Reward update: 9.44 -> 10.06
Current policy count: 10
Reward update: 10.06 -> 9.52
Reward update: 9.92 -> 8.96
Reward update: 9.82 -> 10.38
Reward update: 9.78 -> 9.74
Reward update: 9.76 -> 9.26
Reward update: 9.74 -> 9.86
Reward update: 9.74 -> 9.34
Reward update: 9.74 -> 10.38
Reward update: 9.7 -> 9.46
Reward update: 9.68 -> 9.48
Current policy count: 5
Reward update: 10.38 -> 9.86
Reward update: 10.38 -> 9.7
Reward update: 9.86 -> 9.32
Reward update: 9.74 -> 9.64
Reward update: 9.52 -> 9.26
Current policy count: 3
Reward update: 9.86 -> 9.36
Reward update: 9.7 -> 9.48
Reward update: 9.64 -> 9.4
Current policy count: 2
Reward update: 9.48 -> 9.74
Reward update: 9.4 -> 9.94
Current policy count: 1
Reward update: 9.94 -> 8.74
Final reward: 9.48
Number of nodes: 5
