Iteration 0/80
Training student with 3000 points
Train accuracy: 0.2970833333333333
Test accuracy: 0.2733333333333333
Number of nodes: 31
Student reward: 0.0
Iteration 1/80
Training student with 6000 points
Train accuracy: 0.2866666666666667
Test accuracy: 0.27
Number of nodes: 31
Student reward: 0.0
Iteration 2/80
Training student with 9000 points
Train accuracy: 0.27666666666666667
Test accuracy: 0.26
Number of nodes: 31
Student reward: 0.0
Iteration 3/80
Training student with 12000 points
Train accuracy: 0.28208333333333335
Test accuracy: 0.28583333333333333
Number of nodes: 31
Student reward: 0.0
Iteration 4/80
Training student with 15000 points
Train accuracy: 0.27941666666666665
Test accuracy: 0.2776666666666667
Number of nodes: 31
Student reward: 0.0
Iteration 5/80
Training student with 18000 points
Train accuracy: 0.2826388888888889
Test accuracy: 0.2902777777777778
Number of nodes: 31
Student reward: 0.0
Iteration 6/80
Training student with 21000 points
Train accuracy: 0.28458333333333335
Test accuracy: 0.2866666666666667
Number of nodes: 31
Student reward: 0.0
Iteration 7/80
Training student with 24000 points
Train accuracy: 0.275
Test accuracy: 0.2679166666666667
Number of nodes: 31
Student reward: 0.0
Iteration 8/80
Training student with 27000 points
Train accuracy: 0.27930555555555553
Test accuracy: 0.2809259259259259
Number of nodes: 31
Student reward: 0.0
Iteration 9/80
Training student with 30000 points
Train accuracy: 0.277625
Test accuracy: 0.28583333333333333
Number of nodes: 31
Student reward: 0.0
Iteration 10/80
Training student with 33000 points
Train accuracy: 0.2818560606060606
Test accuracy: 0.27106060606060606
Number of nodes: 31
Student reward: 0.0
Iteration 11/80
Training student with 36000 points
Train accuracy: 0.2805902777777778
Test accuracy: 0.27069444444444446
Number of nodes: 31
Student reward: 0.0
Iteration 12/80
Training student with 39000 points
Train accuracy: 0.27852564102564104
Test accuracy: 0.27576923076923077
Number of nodes: 31
Student reward: 0.0
Iteration 13/80
Training student with 42000 points
Train accuracy: 0.28285714285714286
Test accuracy: 0.2739285714285714
Number of nodes: 31
Student reward: 0.0
Iteration 14/80
Training student with 45000 points
Train accuracy: 0.2816111111111111
Test accuracy: 0.2767777777777778
Number of nodes: 31
Student reward: 0.0
Iteration 15/80
Training student with 48000 points
Train accuracy: 0.28122395833333336
Test accuracy: 0.28
Number of nodes: 31
Student reward: 0.0
Iteration 16/80
Training student with 51000 points
Train accuracy: 0.2836029411764706
Test accuracy: 0.27715686274509804
Number of nodes: 31
Student reward: 0.0
Iteration 17/80
Training student with 54000 points
Train accuracy: 0.2789583333333333
Test accuracy: 0.2775
Number of nodes: 31
Student reward: 0.0
Iteration 18/80
Training student with 57000 points
Train accuracy: 0.27515350877192984
Test accuracy: 0.2831578947368421
Number of nodes: 31
Student reward: 0.0
Iteration 19/80
Training student with 60000 points
Train accuracy: 0.278875
Test accuracy: 0.272
Number of nodes: 31
Student reward: 0.0
Iteration 20/80
Training student with 63000 points
Train accuracy: 0.2770238095238095
Test accuracy: 0.27134920634920634
Number of nodes: 31
Student reward: 0.0
Iteration 21/80
Training student with 66000 points
Train accuracy: 0.2818181818181818
Test accuracy: 0.2793181818181818
Number of nodes: 31
Student reward: 0.0
Iteration 22/80
Training student with 69000 points
Train accuracy: 0.27795289855072464
Test accuracy: 0.2734782608695652
Number of nodes: 31
Student reward: 0.0
Iteration 23/80
Training student with 72000 points
Train accuracy: 0.27793402777777776
Test accuracy: 0.2751388888888889
Number of nodes: 31
Student reward: 0.0
Iteration 24/80
Training student with 75000 points
Train accuracy: 0.2781166666666667
Test accuracy: 0.275
Number of nodes: 31
Student reward: 0.0
Iteration 25/80
Training student with 78000 points
Train accuracy: 0.2779326923076923
Test accuracy: 0.27442307692307694
Number of nodes: 31
Student reward: 0.0
Iteration 26/80
Training student with 81000 points
Train accuracy: 0.27541666666666664
Test accuracy: 0.2788888888888889
Number of nodes: 31
Student reward: 0.0
Iteration 27/80
Training student with 84000 points
Train accuracy: 0.27827380952380953
Test accuracy: 0.2742857142857143
Number of nodes: 31
Student reward: 0.0
Iteration 28/80
Training student with 87000 points
Train accuracy: 0.2775718390804598
Test accuracy: 0.2822413793103448
Number of nodes: 31
Student reward: 0.0
Iteration 29/80
Training student with 90000 points
Train accuracy: 0.2792222222222222
Test accuracy: 0.2791666666666667
Number of nodes: 31
Student reward: 0.0
Iteration 30/80
Training student with 93000 points
Train accuracy: 0.27801075268817205
Test accuracy: 0.27516129032258063
Number of nodes: 31
Student reward: 0.0
Iteration 31/80
Training student with 96000 points
Train accuracy: 0.2751692708333333
Test accuracy: 0.2791666666666667
Number of nodes: 31
Student reward: 0.0
Iteration 32/80
Training student with 99000 points
Train accuracy: 0.2762878787878788
Test accuracy: 0.2753030303030303
Number of nodes: 31
Student reward: 0.0
Iteration 33/80
Training student with 102000 points
Train accuracy: 0.2794607843137255
Test accuracy: 0.2751470588235294
Number of nodes: 31
Student reward: 0.0
Iteration 34/80
Training student with 105000 points
Train accuracy: 0.27658333333333335
Test accuracy: 0.2754285714285714
Number of nodes: 31
Student reward: 0.0
Iteration 35/80
Training student with 108000 points
Train accuracy: 0.2749537037037037
Test accuracy: 0.27189814814814817
Number of nodes: 31
Student reward: 0.0
Iteration 36/80
Training student with 111000 points
Train accuracy: 0.2755743243243243
Test accuracy: 0.2731081081081081
Number of nodes: 31
Student reward: 0.0
Iteration 37/80
Training student with 114000 points
Train accuracy: 0.27780701754385967
Test accuracy: 0.27473684210526317
Number of nodes: 31
Student reward: 0.0
Iteration 38/80
Training student with 117000 points
Train accuracy: 0.27408119658119656
Test accuracy: 0.27132478632478635
Number of nodes: 31
Student reward: 0.0
Iteration 39/80
Training student with 120000 points
Train accuracy: 0.27697916666666667
Test accuracy: 0.2779583333333333
Number of nodes: 31
Student reward: 0.0
Iteration 40/80
Training student with 123000 points
Train accuracy: 0.27517276422764225
Test accuracy: 0.2734959349593496
Number of nodes: 31
Student reward: 0.0
Iteration 41/80
Training student with 126000 points
Train accuracy: 0.2765972222222222
Test accuracy: 0.2722222222222222
Number of nodes: 31
Student reward: 0.0
Iteration 42/80
Training student with 129000 points
Train accuracy: 0.27752906976744185
Test accuracy: 0.2755813953488372
Number of nodes: 31
Student reward: 0.0
Iteration 43/80
Training student with 132000 points
Train accuracy: 0.2758806818181818
Test accuracy: 0.275530303030303
Number of nodes: 31
Student reward: 0.0
Iteration 44/80
Training student with 135000 points
Train accuracy: 0.27373148148148146
Test accuracy: 0.2761111111111111
Number of nodes: 31
Student reward: 0.0
Iteration 45/80
Training student with 138000 points
Train accuracy: 0.2753713768115942
Test accuracy: 0.2793115942028985
Number of nodes: 31
Student reward: 0.0
Iteration 46/80
Training student with 141000 points
Train accuracy: 0.2761968085106383
Test accuracy: 0.27570921985815605
Number of nodes: 31
Student reward: 0.0
Iteration 47/80
Training student with 144000 points
Train accuracy: 0.27471354166666667
Test accuracy: 0.2767361111111111
Number of nodes: 31
Student reward: 0.0
Iteration 48/80
Training student with 147000 points
Train accuracy: 0.2727891156462585
Test accuracy: 0.2729591836734694
Number of nodes: 31
Student reward: 0.0
Iteration 49/80
Training student with 150000 points
Train accuracy: 0.2758833333333333
Test accuracy: 0.2765666666666667
Number of nodes: 31
Student reward: 0.0
Iteration 50/80
Training student with 153000 points
Train accuracy: 0.2727450980392157
Test accuracy: 0.2715032679738562
Number of nodes: 31
Student reward: 0.0
Iteration 51/80
Training student with 156000 points
Train accuracy: 0.2750721153846154
Test accuracy: 0.2759294871794872
Number of nodes: 31
Student reward: 0.0
Iteration 52/80
Training student with 159000 points
Train accuracy: 0.2746619496855346
Test accuracy: 0.2737735849056604
Number of nodes: 31
Student reward: 0.0
Iteration 53/80
Training student with 162000 points
Train accuracy: 0.27665123456790125
Test accuracy: 0.2766049382716049
Number of nodes: 31
Student reward: 0.0
Iteration 54/80
Training student with 165000 points
Train accuracy: 0.2743560606060606
Test accuracy: 0.27415151515151515
Number of nodes: 31
Student reward: 0.0
Iteration 55/80
Training student with 168000 points
Train accuracy: 0.2755580357142857
Test accuracy: 0.27282738095238096
Number of nodes: 31
Student reward: 0.0
Iteration 56/80
Training student with 171000 points
Train accuracy: 0.27515350877192984
Test accuracy: 0.2776023391812866
Number of nodes: 31
Student reward: 0.0
Iteration 57/80
Training student with 174000 points
Train accuracy: 0.2755962643678161
Test accuracy: 0.27477011494252873
Number of nodes: 31
Student reward: 0.0
Iteration 58/80
Training student with 177000 points
Train accuracy: 0.27619350282485877
Test accuracy: 0.27375706214689266
Number of nodes: 31
Student reward: 0.0
Iteration 59/80
Training student with 180000 points
Train accuracy: 0.2750694444444444
Test accuracy: 0.27219444444444446
Number of nodes: 31
Student reward: 0.0
Iteration 60/80
Training student with 183000 points
Train accuracy: 0.27632513661202185
Test accuracy: 0.27224043715846996
Number of nodes: 31
Student reward: 0.0
Iteration 61/80
Training student with 186000 points
Train accuracy: 0.276633064516129
Test accuracy: 0.27548387096774196
Number of nodes: 31
Student reward: 0.0
Iteration 62/80
Training student with 189000 points
Train accuracy: 0.27509920634920637
Test accuracy: 0.2813756613756614
Number of nodes: 31
Student reward: 0.0
Iteration 63/80
Training student with 192000 points
Train accuracy: 0.2748828125
Test accuracy: 0.2758072916666667
Number of nodes: 31
Student reward: 0.0
Iteration 64/80
Training student with 195000 points
Train accuracy: 0.27531410256410255
Test accuracy: 0.27464102564102566
Number of nodes: 31
Student reward: 0.0
Iteration 65/80
Training student with 198000 points
Train accuracy: 0.2740467171717172
Test accuracy: 0.2725
Number of nodes: 31
Student reward: 0.0
Iteration 66/80
Training student with 200000 points
Train accuracy: 0.27485625
Test accuracy: 0.2736
Number of nodes: 31
Student reward: 0.0
Iteration 67/80
Training student with 200000 points
Train accuracy: 0.27623125
Test accuracy: 0.274025
Number of nodes: 31
Student reward: 0.0
Iteration 68/80
Training student with 200000 points
Train accuracy: 0.274775
Test accuracy: 0.271875
Number of nodes: 31
Student reward: 0.0
Iteration 69/80
Training student with 200000 points
Train accuracy: 0.27710625
Test accuracy: 0.273825
Number of nodes: 31
Student reward: 0.0
Iteration 70/80
Training student with 200000 points
Train accuracy: 0.27441875
Test accuracy: 0.2764
Number of nodes: 31
Student reward: 0.0
Iteration 71/80
Training student with 200000 points
Train accuracy: 0.27525
Test accuracy: 0.272875
Number of nodes: 31
Student reward: 0.0
Iteration 72/80
Training student with 200000 points
Train accuracy: 0.27460625
Test accuracy: 0.278675
Number of nodes: 31
Student reward: 0.0
Iteration 73/80
Training student with 200000 points
Train accuracy: 0.27665
Test accuracy: 0.27435
Number of nodes: 31
Student reward: 0.0
Iteration 74/80
Training student with 200000 points
Train accuracy: 0.27485
Test accuracy: 0.274325
Number of nodes: 31
Student reward: 0.0
Iteration 75/80
Training student with 200000 points
Train accuracy: 0.27533125
Test accuracy: 0.274125
Number of nodes: 31
Student reward: 0.0
Iteration 76/80
Training student with 200000 points
Train accuracy: 0.27409375
Test accuracy: 0.2744
Number of nodes: 31
Student reward: 0.0
Iteration 77/80
Training student with 200000 points
Train accuracy: 0.27493125
Test accuracy: 0.272125
Number of nodes: 31
Student reward: 0.0
Iteration 78/80
Training student with 200000 points
Train accuracy: 0.27569375
Test accuracy: 0.27525
Number of nodes: 31
Student reward: 0.0
Iteration 79/80
Training student with 200000 points
Train accuracy: 0.27431875
Test accuracy: 0.276075
Number of nodes: 31
Student reward: 0.0
Initial policy count: 80
Current policy count: 40
Reward update: 0.0 -> 0.0
Reward update: 0.0 -> 0.0
Reward update: 0.0 -> 0.0
Reward update: 0.0 -> 0.0
Reward update: 0.0 -> 0.0
Reward update: 0.0 -> 0.0
Reward update: 0.0 -> 0.0
Reward update: 0.0 -> 0.0
Reward update: 0.0 -> 0.0
Reward update: 0.0 -> 0.0
Reward update: 0.0 -> 0.0
Reward update: 0.0 -> 0.0
Reward update: 0.0 -> 0.0
Reward update: 0.0 -> 0.0
Reward update: 0.0 -> 0.0
Reward update: 0.0 -> 0.0
Reward update: 0.0 -> 0.0
Reward update: 0.0 -> 0.0
Reward update: 0.0 -> 0.0
Reward update: 0.0 -> 0.0
Reward update: 0.0 -> 0.0
Reward update: 0.0 -> 0.0
Reward update: 0.0 -> 0.0
Reward update: 0.0 -> 0.0
Reward update: 0.0 -> 0.0
Reward update: 0.0 -> 0.0
Reward update: 0.0 -> 0.0
Reward update: 0.0 -> 0.0
Reward update: 0.0 -> 0.0
Reward update: 0.0 -> 0.0
Reward update: 0.0 -> 0.0
Reward update: 0.0 -> 0.0
Reward update: 0.0 -> 0.0
Reward update: 0.0 -> 0.0
Reward update: 0.0 -> 0.0
Reward update: 0.0 -> 0.0
Reward update: 0.0 -> 0.0
Reward update: 0.0 -> 0.0
Reward update: 0.0 -> 0.0
Reward update: 0.0 -> 0.0
Current policy count: 20
Reward update: 0.0 -> 0.0
Reward update: 0.0 -> 0.0
Reward update: 0.0 -> 0.0
Reward update: 0.0 -> 0.0
Reward update: 0.0 -> 0.0
Reward update: 0.0 -> 0.0
Reward update: 0.0 -> 0.0
Reward update: 0.0 -> 0.0
Reward update: 0.0 -> 0.0
Reward update: 0.0 -> 0.0
Reward update: 0.0 -> 0.0
Reward update: 0.0 -> 0.0
Reward update: 0.0 -> 0.0
Reward update: 0.0 -> 0.0
Reward update: 0.0 -> 0.0
Reward update: 0.0 -> 0.0
Reward update: 0.0 -> 0.0
Reward update: 0.0 -> 0.0
Reward update: 0.0 -> 0.0
Reward update: 0.0 -> 0.0
Current policy count: 10
Reward update: 0.0 -> 0.0
Reward update: 0.0 -> 0.0
Reward update: 0.0 -> 0.0
Reward update: 0.0 -> 0.0
Reward update: 0.0 -> 0.0
Reward update: 0.0 -> 0.0
Reward update: 0.0 -> 0.0
Reward update: 0.0 -> 0.0
Reward update: 0.0 -> 0.0
Reward update: 0.0 -> 0.0
Current policy count: 5
Reward update: 0.0 -> 0.0
Reward update: 0.0 -> 0.0
Reward update: 0.0 -> 0.0
Reward update: 0.0 -> 0.0
Reward update: 0.0 -> 0.0
Current policy count: 3
Reward update: 0.0 -> 0.0
Reward update: 0.0 -> 0.0
Reward update: 0.0 -> 0.0
Current policy count: 2
Reward update: 0.0 -> 0.0
Reward update: 0.0 -> 0.0
Current policy count: 1
Reward update: 0.0 -> 0.0
Final reward: 0.0
Number of nodes: 31
