Iteration 0/80
Training student with 104 points
Train accuracy: 0.9397590361445783
Test accuracy: 1.0
Number of nodes: 1
Student reward: 158.00403442382813
Iteration 1/80
Training student with 213 points
Train accuracy: 0.9941176470588236
Test accuracy: 1.0
Number of nodes: 1
Student reward: 101.01020660400391
Iteration 2/80
Training student with 322 points
Train accuracy: 1.0
Test accuracy: 1.0
Number of nodes: 1
Student reward: 111.81953125
Iteration 3/80
Training student with 416 points
Train accuracy: 0.9969879518072289
Test accuracy: 0.9880952380952381
Number of nodes: 1
Student reward: 52.82705078125
Iteration 4/80
Training student with 505 points
Train accuracy: 0.9900990099009901
Test accuracy: 0.9900990099009901
Number of nodes: 1
Student reward: 174.66067504882812
Iteration 5/80
Training student with 628 points
Train accuracy: 0.9940239043824701
Test accuracy: 0.9920634920634921
Number of nodes: 1
Student reward: 131.0648178100586
Iteration 6/80
Training student with 732 points
Train accuracy: 0.9931623931623932
Test accuracy: 1.0
Number of nodes: 1
Student reward: 121.0195526123047
Iteration 7/80
Training student with 836 points
Train accuracy: 0.9895209580838323
Test accuracy: 0.9940476190476191
Number of nodes: 1
Student reward: 166.44088134765624
Iteration 8/80
Training student with 945 points
Train accuracy: 0.9907407407407407
Test accuracy: 0.9788359788359788
Number of nodes: 1
Student reward: 169.09587860107422
Iteration 9/80
Training student with 1065 points
Train accuracy: 0.9894366197183099
Test accuracy: 0.9859154929577465
Number of nodes: 1
Student reward: 111.48016357421875
Iteration 10/80
Training student with 1169 points
Train accuracy: 0.983957219251337
Test accuracy: 0.9957264957264957
Number of nodes: 1
Student reward: 219.2331069946289
Iteration 11/80
Training student with 1288 points
Train accuracy: 0.987378640776699
Test accuracy: 0.9883720930232558
Number of nodes: 1
Student reward: 95.42535247802735
Iteration 12/80
Training student with 1382 points
Train accuracy: 0.9891402714932127
Test accuracy: 0.9963898916967509
Number of nodes: 1
Student reward: 142.28062744140624
Iteration 13/80
Training student with 1495 points
Train accuracy: 0.9849498327759197
Test accuracy: 0.9899665551839465
Number of nodes: 1
Student reward: 122.06658477783203
Iteration 14/80
Training student with 1598 points
Train accuracy: 0.9921752738654147
Test accuracy: 0.984375
Number of nodes: 1
Student reward: 139.73529357910155
Iteration 15/80
Training student with 1697 points
Train accuracy: 0.9896831245394252
Test accuracy: 0.9911764705882353
Number of nodes: 1
Student reward: 128.56810607910157
Iteration 16/80
Training student with 1800 points
Train accuracy: 0.9847222222222223
Test accuracy: 0.9916666666666667
Number of nodes: 1
Student reward: 133.97120819091796
Iteration 17/80
Training student with 1905 points
Train accuracy: 0.9901574803149606
Test accuracy: 0.989501312335958
Number of nodes: 1
Student reward: 156.86736602783202
Iteration 18/80
Training student with 2016 points
Train accuracy: 0.988833746898263
Test accuracy: 0.9925742574257426
Number of nodes: 1
Student reward: 174.0544692993164
Iteration 19/80
Training student with 2121 points
Train accuracy: 0.9834905660377359
Test accuracy: 0.9976470588235294
Number of nodes: 1
Student reward: 108.81470031738282
Iteration 20/80
Training student with 2221 points
Train accuracy: 0.9876126126126126
Test accuracy: 0.9887640449438202
Number of nodes: 1
Student reward: 162.18358612060547
Iteration 21/80
Training student with 2328 points
Train accuracy: 0.985499462943072
Test accuracy: 0.9871244635193133
Number of nodes: 1
Student reward: 133.77505950927736
Iteration 22/80
Training student with 2433 points
Train accuracy: 0.9856115107913669
Test accuracy: 0.9938398357289527
Number of nodes: 1
Student reward: 120.51705932617188
Iteration 23/80
Training student with 2533 points
Train accuracy: 0.9886475814412635
Test accuracy: 0.9940828402366864
Number of nodes: 1
Student reward: 116.22400512695313
Iteration 24/80
Training student with 2634 points
Train accuracy: 0.9928808732795443
Test accuracy: 0.9905123339658444
Number of nodes: 1
Student reward: 109.03744659423828
Iteration 25/80
Training student with 2724 points
Train accuracy: 0.9908214777420835
Test accuracy: 0.9926605504587156
Number of nodes: 1
Student reward: 189.39950408935547
Iteration 26/80
Training student with 2842 points
Train accuracy: 0.9881214254289485
Test accuracy: 0.9859402460456942
Number of nodes: 1
Student reward: 99.7634490966797
Iteration 27/80
Training student with 2944 points
Train accuracy: 0.9923566878980892
Test accuracy: 0.9813242784380306
Number of nodes: 1
Student reward: 114.94882202148438
Iteration 28/80
Training student with 3040 points
Train accuracy: 0.9884868421052632
Test accuracy: 0.9819078947368421
Number of nodes: 1
Student reward: 194.17618713378906
Iteration 29/80
Training student with 3157 points
Train accuracy: 0.9873267326732673
Test accuracy: 0.9857594936708861
Number of nodes: 1
Student reward: 108.19294128417968
Iteration 30/80
Training student with 3253 points
Train accuracy: 0.9850115295926211
Test accuracy: 0.9861751152073732
Number of nodes: 1
Student reward: 133.55150299072267
Iteration 31/80
Training student with 3356 points
Train accuracy: 0.9869597615499255
Test accuracy: 0.9866071428571429
Number of nodes: 1
Student reward: 113.05949554443359
Iteration 32/80
Training student with 3446 points
Train accuracy: 0.9902031930333817
Test accuracy: 0.991304347826087
Number of nodes: 1
Student reward: 60.5724609375
Iteration 33/80
Training student with 3535 points
Train accuracy: 0.9911598302687411
Test accuracy: 0.9872701555869873
Number of nodes: 1
Student reward: 102.86105804443359
Iteration 34/80
Training student with 3627 points
Train accuracy: 0.9910375732506033
Test accuracy: 0.9917355371900827
Number of nodes: 1
Student reward: 108.00014801025391
Iteration 35/80
Training student with 3724 points
Train accuracy: 0.9892581403155422
Test accuracy: 0.9865771812080537
Number of nodes: 1
Student reward: 124.0069351196289
Iteration 36/80
Training student with 3825 points
Train accuracy: 0.9888888888888889
Test accuracy: 0.9882352941176471
Number of nodes: 1
Student reward: 156.3256362915039
Iteration 37/80
Training student with 3940 points
Train accuracy: 0.9866751269035533
Test accuracy: 0.9911167512690355
Number of nodes: 1
Student reward: 151.14923706054688
Iteration 38/80
Training student with 4056 points
Train accuracy: 0.9895191122071517
Test accuracy: 0.9815270935960592
Number of nodes: 1
Student reward: 133.68106689453126
Iteration 39/80
Training student with 4162 points
Train accuracy: 0.9837789125863623
Test accuracy: 0.985594237695078
Number of nodes: 1
Student reward: 121.92232513427734
Iteration 40/80
Training student with 4268 points
Train accuracy: 0.9903339191564148
Test accuracy: 0.9941451990632318
Number of nodes: 1
Student reward: 126.05315856933593
Iteration 41/80
Training student with 4370 points
Train accuracy: 0.9922768878718535
Test accuracy: 0.9851258581235698
Number of nodes: 1
Student reward: 204.67882080078124
Iteration 42/80
Training student with 4492 points
Train accuracy: 0.986362371277484
Test accuracy: 0.9922135706340378
Number of nodes: 1
Student reward: 102.00611877441406
Iteration 43/80
Training student with 4585 points
Train accuracy: 0.9912758996728462
Test accuracy: 0.9803707742639041
Number of nodes: 1
Student reward: 158.36558227539064
Iteration 44/80
Training student with 4698 points
Train accuracy: 0.9909526343799894
Test accuracy: 0.9904255319148936
Number of nodes: 1
Student reward: 132.45455322265624
Iteration 45/80
Training student with 4803 points
Train accuracy: 0.9880270692347736
Test accuracy: 0.991675338189386
Number of nodes: 1
Student reward: 182.35479125976562
Iteration 46/80
Training student with 4922 points
Train accuracy: 0.9893319786639573
Test accuracy: 0.9857868020304569
Number of nodes: 1
Student reward: 115.04445190429688
Iteration 47/80
Training student with 5016 points
Train accuracy: 0.9900299102691924
Test accuracy: 0.9890438247011952
Number of nodes: 1
Student reward: 101.95437622070312
Iteration 48/80
Training student with 5114 points
Train accuracy: 0.9907113175262772
Test accuracy: 0.9853372434017595
Number of nodes: 1
Student reward: 279.38338165283204
Iteration 49/80
Training student with 5265 points
Train accuracy: 0.9897910731244065
Test accuracy: 0.9867046533713201
Number of nodes: 1
Student reward: 191.5124969482422
Iteration 50/80
Training student with 5375 points
Train accuracy: 0.9888372093023255
Test accuracy: 0.9906976744186047
Number of nodes: 1
Student reward: 136.1224563598633
Iteration 51/80
Training student with 5479 points
Train accuracy: 0.9899612137805156
Test accuracy: 0.9872262773722628
Number of nodes: 1
Student reward: 141.8755081176758
Iteration 52/80
Training student with 5584 points
Train accuracy: 0.9903738526975598
Test accuracy: 0.9919427036705462
Number of nodes: 1
Student reward: 145.21945495605468
Iteration 53/80
Training student with 5685 points
Train accuracy: 0.9896657871591908
Test accuracy: 0.9920844327176781
Number of nodes: 1
Student reward: 91.51745300292968
Iteration 54/80
Training student with 5781 points
Train accuracy: 0.990484429065744
Test accuracy: 0.9948141745894555
Number of nodes: 1
Student reward: 99.63119812011719
Iteration 55/80
Training student with 5881 points
Train accuracy: 0.9891581632653061
Test accuracy: 0.9872557349192863
Number of nodes: 1
Student reward: 75.31646881103515
Iteration 56/80
Training student with 5978 points
Train accuracy: 0.9912170639899623
Test accuracy: 0.9899665551839465
Number of nodes: 1
Student reward: 166.86761627197265
Iteration 57/80
Training student with 6092 points
Train accuracy: 0.9887133182844243
Test accuracy: 0.9868744872846595
Number of nodes: 1
Student reward: 157.21063079833985
Iteration 58/80
Training student with 6204 points
Train accuracy: 0.9899254483175499
Test accuracy: 0.9975825946817083
Number of nodes: 1
Student reward: 77.90063171386718
Iteration 59/80
Training student with 6296 points
Train accuracy: 0.9892772041302621
Test accuracy: 0.9865079365079366
Number of nodes: 1
Student reward: 156.15050048828124
Iteration 60/80
Training student with 6398 points
Train accuracy: 0.9894490035169988
Test accuracy: 0.9875
Number of nodes: 1
Student reward: 143.5089859008789
Iteration 61/80
Training student with 6505 points
Train accuracy: 0.9873174481168332
Test accuracy: 0.9961568024596464
Number of nodes: 1
Student reward: 177.81613464355468
Iteration 62/80
Training student with 6621 points
Train accuracy: 0.9905589123867069
Test accuracy: 0.9886792452830189
Number of nodes: 1
Student reward: 148.65296020507813
Iteration 63/80
Training student with 6733 points
Train accuracy: 0.9896026735982176
Test accuracy: 0.9851521900519673
Number of nodes: 1
Student reward: 108.8673828125
Iteration 64/80
Training student with 6836 points
Train accuracy: 0.9881126554498902
Test accuracy: 0.9817251461988304
Number of nodes: 1
Student reward: 154.31082916259766
Iteration 65/80
Training student with 6947 points
Train accuracy: 0.9883030412092856
Test accuracy: 0.9884892086330935
Number of nodes: 1
Student reward: 123.64011688232422
Iteration 66/80
Training student with 7050 points
Train accuracy: 0.9879432624113476
Test accuracy: 0.9893617021276596
Number of nodes: 1
Student reward: 194.05272369384767
Iteration 67/80
Training student with 7169 points
Train accuracy: 0.9881429816913688
Test accuracy: 0.99302649930265
Number of nodes: 1
Student reward: 92.2172622680664
Iteration 68/80
Training student with 7263 points
Train accuracy: 0.9907056798623064
Test accuracy: 0.993805918788713
Number of nodes: 1
Student reward: 109.81651916503907
Iteration 69/80
Training student with 7367 points
Train accuracy: 0.9891396572204311
Test accuracy: 0.9864314789687924
Number of nodes: 1
Student reward: 143.71607360839843
Iteration 70/80
Training student with 7480 points
Train accuracy: 0.9871323529411765
Test accuracy: 0.9866310160427807
Number of nodes: 1
Student reward: 178.95860748291017
Iteration 71/80
Training student with 7604 points
Train accuracy: 0.9896432681242808
Test accuracy: 0.9901380670611439
Number of nodes: 1
Student reward: 77.33539123535157
Iteration 72/80
Training student with 7699 points
Train accuracy: 0.9900957947718786
Test accuracy: 0.9889610389610389
Number of nodes: 1
Student reward: 148.75525665283203
Iteration 73/80
Training student with 7806 points
Train accuracy: 0.9871877001921845
Test accuracy: 0.9884763124199744
Number of nodes: 1
Student reward: 162.32107238769532
Iteration 74/80
Training student with 7914 points
Train accuracy: 0.9897330595482546
Test accuracy: 0.98547062539482
Number of nodes: 1
Student reward: 100.2957748413086
Iteration 75/80
Training student with 8015 points
Train accuracy: 0.9889270118527761
Test accuracy: 0.9893948845913911
Number of nodes: 1
Student reward: 71.06624298095703
Iteration 76/80
Training student with 8108 points
Train accuracy: 0.98859081097749
Test accuracy: 0.9876695437731196
Number of nodes: 1
Student reward: 215.7858657836914
Iteration 77/80
Training student with 8223 points
Train accuracy: 0.9901185770750988
Test accuracy: 0.9829787234042553
Number of nodes: 1
Student reward: 83.59806060791016
Iteration 78/80
Training student with 8315 points
Train accuracy: 0.9911304870715574
Test accuracy: 0.9909801563439568
Number of nodes: 1
Student reward: 211.71920776367188
Iteration 79/80
Training student with 8437 points
Train accuracy: 0.9884427322566306
Test accuracy: 0.9881516587677726
Number of nodes: 1
Student reward: 121.2609634399414
Initial policy count: 80
Current policy count: 40
Reward update: 279.38338165283204 -> 125.1873568725586
Reward update: 219.2331069946289 -> 118.80158233642578
Reward update: 215.7858657836914 -> 133.64952575683594
Reward update: 211.71920776367188 -> 135.88945831298827
Reward update: 204.67882080078124 -> 120.0312109375
Reward update: 194.17618713378906 -> 141.1811492919922
Reward update: 194.05272369384767 -> 141.7672540283203
Reward update: 191.5124969482422 -> 133.09473205566405
Reward update: 189.39950408935547 -> 148.87290466308593
Reward update: 182.35479125976562 -> 150.94311340332033
Reward update: 178.95860748291017 -> 121.52064666748046
Reward update: 177.81613464355468 -> 125.94703125
Reward update: 174.66067504882812 -> 151.73582427978516
Reward update: 174.0544692993164 -> 146.19991638183595
Reward update: 169.09587860107422 -> 130.4016439819336
Reward update: 166.86761627197265 -> 122.79857391357422
Reward update: 166.44088134765624 -> 140.88140991210938
Reward update: 162.32107238769532 -> 165.35149841308595
Reward update: 162.18358612060547 -> 111.79314544677734
Reward update: 158.36558227539064 -> 151.44753845214845
Reward update: 158.00403442382813 -> 141.89189239501954
Reward update: 157.21063079833985 -> 185.62570861816405
Reward update: 156.86736602783202 -> 146.40914825439452
Reward update: 156.3256362915039 -> 128.47037170410155
Reward update: 156.15050048828124 -> 121.03578521728515
Reward update: 154.31082916259766 -> 161.89018798828124
Reward update: 151.14923706054688 -> 155.21847137451172
Reward update: 148.75525665283203 -> 115.74751983642578
Reward update: 148.65296020507813 -> 168.2956573486328
Reward update: 145.21945495605468 -> 127.63286468505859
Reward update: 143.71607360839843 -> 154.24728912353515
Reward update: 143.5089859008789 -> 175.7478790283203
Reward update: 142.28062744140624 -> 134.35759979248047
Reward update: 141.8755081176758 -> 143.79571166992187
Reward update: 139.73529357910155 -> 104.21973266601563
Reward update: 136.1224563598633 -> 147.54440307617188
Reward update: 133.97120819091796 -> 123.33352081298828
Reward update: 133.77505950927736 -> 112.56611633300781
Reward update: 133.68106689453126 -> 179.62561706542968
Reward update: 133.55150299072267 -> 134.70103790283204
Current policy count: 20
Reward update: 185.62570861816405 -> 141.71903106689453
Reward update: 179.62561706542968 -> 161.50494049072265
Reward update: 175.7478790283203 -> 139.14509033203126
Reward update: 168.2956573486328 -> 137.01290771484375
Reward update: 165.35149841308595 -> 133.89859252929688
Reward update: 161.89018798828124 -> 141.12533111572264
Reward update: 155.21847137451172 -> 125.93440216064454
Reward update: 154.24728912353515 -> 130.81859985351562
Reward update: 151.73582427978516 -> 152.49890625
Reward update: 151.44753845214845 -> 133.0654898071289
Reward update: 150.94311340332033 -> 160.01205810546875
Reward update: 148.87290466308593 -> 140.26096252441405
Reward update: 147.54440307617188 -> 127.87259796142578
Reward update: 146.40914825439452 -> 144.54296997070313
Reward update: 146.19991638183595 -> 127.97844116210938
Reward update: 143.79571166992187 -> 164.15970245361328
Reward update: 141.89189239501954 -> 128.77648559570312
Reward update: 141.7672540283203 -> 139.41963592529297
Reward update: 141.1811492919922 -> 132.46043609619142
Reward update: 140.88140991210938 -> 107.31701904296875
Current policy count: 10
Reward update: 164.15970245361328 -> 136.39976654052734
Reward update: 161.50494049072265 -> 129.9316342163086
Reward update: 160.01205810546875 -> 136.43553985595702
Reward update: 152.49890625 -> 160.89480560302735
Reward update: 144.54296997070313 -> 155.95950927734376
Reward update: 141.71903106689453 -> 127.69713195800782
Reward update: 141.12533111572264 -> 136.240126953125
Reward update: 140.26096252441405 -> 154.8341079711914
Reward update: 139.41963592529297 -> 125.42309478759766
Reward update: 139.14509033203126 -> 167.68219970703126
Current policy count: 5
Reward update: 167.68219970703126 -> 135.8968228149414
Reward update: 160.89480560302735 -> 142.38257995605468
Reward update: 155.95950927734376 -> 118.23008575439454
Reward update: 154.8341079711914 -> 113.05113037109375
Reward update: 136.43553985595702 -> 143.76817169189454
Current policy count: 3
Reward update: 143.76817169189454 -> 152.15452331542969
Reward update: 142.38257995605468 -> 145.74020385742188
Reward update: 135.8968228149414 -> 146.86160766601563
Current policy count: 2
Reward update: 152.15452331542969 -> 90.65826751708984
Reward update: 146.86160766601563 -> 143.37383209228517
Current policy count: 1
Reward update: 143.37383209228517 -> 159.68713653564453
Final reward: 148.65303436279297
Number of nodes: 1
