Iteration 0/80
Training student with 129 points
Train accuracy: 0.6699029126213593
Test accuracy: 0.6538461538461539
Number of nodes: 17
Student reward: -1.0
Iteration 1/80
Training student with 159 points
Train accuracy: 0.7007874015748031
Test accuracy: 0.71875
Number of nodes: 17
Student reward: -0.1
Iteration 2/80
Training student with 1065 points
Train accuracy: 0.39906103286384975
Test accuracy: 0.37089201877934275
Number of nodes: 17
Student reward: -0.1
Iteration 3/80
Training student with 1969 points
Train accuracy: 0.37523809523809526
Test accuracy: 0.3604060913705584
Number of nodes: 19
Student reward: 0.0
Iteration 4/80
Training student with 2969 points
Train accuracy: 0.36926315789473685
Test accuracy: 0.3787878787878788
Number of nodes: 19
Student reward: 0.0
Iteration 5/80
Training student with 3969 points
Train accuracy: 0.3662992125984252
Test accuracy: 0.3853904282115869
Number of nodes: 19
Student reward: 0.0
Iteration 6/80
Training student with 4969 points
Train accuracy: 0.35874213836477986
Test accuracy: 0.33903420523138833
Number of nodes: 19
Student reward: 0.0
Iteration 7/80
Training student with 5969 points
Train accuracy: 0.3620942408376963
Test accuracy: 0.3458961474036851
Number of nodes: 19
Student reward: 0.0
Iteration 8/80
Training student with 6969 points
Train accuracy: 0.3558744394618834
Test accuracy: 0.381635581061693
Number of nodes: 19
Student reward: 0.0
Iteration 9/80
Training student with 7969 points
Train accuracy: 0.3636078431372549
Test accuracy: 0.3644918444165621
Number of nodes: 19
Student reward: 0.0
Iteration 10/80
Training student with 8969 points
Train accuracy: 0.3611149825783972
Test accuracy: 0.38127090301003347
Number of nodes: 19
Student reward: 0.0
Iteration 11/80
Training student with 9969 points
Train accuracy: 0.3682758620689655
Test accuracy: 0.37512537612838515
Number of nodes: 19
Student reward: 0.0
Iteration 12/80
Training student with 10969 points
Train accuracy: 0.37173789173789173
Test accuracy: 0.35824977210574294
Number of nodes: 19
Student reward: 0.0
Iteration 13/80
Training student with 11969 points
Train accuracy: 0.3648041775456919
Test accuracy: 0.3842940685045948
Number of nodes: 19
Student reward: 0.0
Iteration 14/80
Training student with 12969 points
Train accuracy: 0.36973493975903615
Test accuracy: 0.3808789514263685
Number of nodes: 19
Student reward: 0.0
Iteration 15/80
Training student with 13969 points
Train accuracy: 0.3679642058165548
Test accuracy: 0.37329992841803866
Number of nodes: 19
Student reward: 0.0
Iteration 16/80
Training student with 14969 points
Train accuracy: 0.36701461377870565
Test accuracy: 0.3777555110220441
Number of nodes: 19
Student reward: 0.0
Iteration 17/80
Training student with 15969 points
Train accuracy: 0.36516634050880625
Test accuracy: 0.38134001252348154
Number of nodes: 19
Student reward: 0.0
Iteration 18/80
Training student with 16969 points
Train accuracy: 0.3634622467771639
Test accuracy: 0.37301119622863876
Number of nodes: 19
Student reward: 0.0
Iteration 19/80
Training student with 17969 points
Train accuracy: 0.3662608695652174
Test accuracy: 0.36421814134668895
Number of nodes: 19
Student reward: 0.0
Iteration 20/80
Training student with 18969 points
Train accuracy: 0.3673805601317957
Test accuracy: 0.36425935687928307
Number of nodes: 19
Student reward: 0.0
Iteration 21/80
Training student with 19969 points
Train accuracy: 0.36838810641627545
Test accuracy: 0.3645468202303455
Number of nodes: 19
Student reward: 0.0
Iteration 22/80
Training student with 20969 points
Train accuracy: 0.36661698956780925
Test accuracy: 0.3803051979017644
Number of nodes: 19
Student reward: 0.0
Iteration 23/80
Training student with 21969 points
Train accuracy: 0.37137980085348504
Test accuracy: 0.3714155666818389
Number of nodes: 19
Student reward: 0.0
Iteration 24/80
Training student with 22969 points
Train accuracy: 0.37262585034013607
Test accuracy: 0.37353069220722684
Number of nodes: 19
Student reward: 0.0
Iteration 25/80
Training student with 23969 points
Train accuracy: 0.37157757496740546
Test accuracy: 0.3752607425949103
Number of nodes: 19
Student reward: 0.0
Iteration 26/80
Training student with 24969 points
Train accuracy: 0.37336670838548186
Test accuracy: 0.3726471766119343
Number of nodes: 19
Student reward: 0.0
Iteration 27/80
Training student with 25969 points
Train accuracy: 0.3717448856799037
Test accuracy: 0.37293030419715056
Number of nodes: 19
Student reward: 0.0
Iteration 28/80
Training student with 26969 points
Train accuracy: 0.3739976825028969
Test accuracy: 0.3665183537263626
Number of nodes: 19
Student reward: 0.0
Iteration 29/80
Training student with 27969 points
Train accuracy: 0.37291620111731844
Test accuracy: 0.3728995352163032
Number of nodes: 19
Student reward: 0.0
Iteration 30/80
Training student with 28969 points
Train accuracy: 0.3725566343042071
Test accuracy: 0.37469796341042455
Number of nodes: 19
Student reward: 0.0
Iteration 31/80
Training student with 29969 points
Train accuracy: 0.3741814389989572
Test accuracy: 0.3750417083750417
Number of nodes: 19
Student reward: 0.0
Iteration 32/80
Training student with 30969 points
Train accuracy: 0.37303733602421796
Test accuracy: 0.38052954472069744
Number of nodes: 19
Student reward: 0.0
Iteration 33/80
Training student with 31969 points
Train accuracy: 0.37282502443792764
Test accuracy: 0.37988739443228026
Number of nodes: 19
Student reward: 0.0
Iteration 34/80
Training student with 32969 points
Train accuracy: 0.376303317535545
Test accuracy: 0.36396724294813465
Number of nodes: 19
Student reward: 0.0
Iteration 35/80
Training student with 33969 points
Train accuracy: 0.3721435142594296
Test accuracy: 0.3743008536944363
Number of nodes: 19
Student reward: 0.0
Iteration 36/80
Training student with 34969 points
Train accuracy: 0.3768722073279714
Test accuracy: 0.3567343437231913
Number of nodes: 19
Student reward: 0.0
Iteration 37/80
Training student with 35969 points
Train accuracy: 0.37379669852302344
Test accuracy: 0.3641923825410064
Number of nodes: 19
Student reward: 0.0
Iteration 38/80
Training student with 36969 points
Train accuracy: 0.373491124260355
Test accuracy: 0.3692182850960238
Number of nodes: 19
Student reward: 0.0
Iteration 39/80
Training student with 37969 points
Train accuracy: 0.3730041152263375
Test accuracy: 0.36542006847511194
Number of nodes: 19
Student reward: 0.0
Iteration 40/80
Training student with 38969 points
Train accuracy: 0.3724137931034483
Test accuracy: 0.3700282268411599
Number of nodes: 19
Student reward: 0.0
Iteration 41/80
Training student with 39969 points
Train accuracy: 0.3745113369820172
Test accuracy: 0.36765073805354015
Number of nodes: 19
Student reward: 0.0
Iteration 42/80
Training student with 40969 points
Train accuracy: 0.3718993135011442
Test accuracy: 0.38101049548450083
Number of nodes: 19
Student reward: 0.0
Iteration 43/80
Training student with 41969 points
Train accuracy: 0.3753090096798213
Test accuracy: 0.37193233261853703
Number of nodes: 19
Student reward: 0.0
Iteration 44/80
Training student with 42969 points
Train accuracy: 0.37451636363636365
Test accuracy: 0.3754945310681871
Number of nodes: 19
Student reward: 0.0
Iteration 45/80
Training student with 43969 points
Train accuracy: 0.3758351101634684
Test accuracy: 0.3713895838071412
Number of nodes: 19
Student reward: 0.0
Iteration 46/80
Training student with 44969 points
Train accuracy: 0.37495482974287697
Test accuracy: 0.37714031576606627
Number of nodes: 19
Student reward: 0.0
Iteration 47/80
Training student with 45969 points
Train accuracy: 0.3736777702243372
Test accuracy: 0.37470089188601263
Number of nodes: 19
Student reward: 0.0
Iteration 48/80
Training student with 46969 points
Train accuracy: 0.3720026613439787
Test accuracy: 0.3799233553331914
Number of nodes: 19
Student reward: 0.0
Iteration 49/80
Training student with 47969 points
Train accuracy: 0.3718827361563518
Test accuracy: 0.37356681259120283
Number of nodes: 19
Student reward: 0.0
Iteration 50/80
Training student with 48969 points
Train accuracy: 0.37036375239310787
Test accuracy: 0.37768021237492344
Number of nodes: 19
Student reward: 0.0
Iteration 51/80
Training student with 49969 points
Train accuracy: 0.37310819262038775
Test accuracy: 0.37232339403642184
Number of nodes: 19
Student reward: 0.0
Iteration 52/80
Training student with 50969 points
Train accuracy: 0.3730962599632128
Test accuracy: 0.3719835197174809
Number of nodes: 19
Student reward: 0.0
Iteration 53/80
Training student with 51969 points
Train accuracy: 0.3710162357185809
Test accuracy: 0.3798345199153358
Number of nodes: 19
Student reward: 0.0
Iteration 54/80
Training student with 52969 points
Train accuracy: 0.37052507374631266
Test accuracy: 0.37908249952803474
Number of nodes: 19
Student reward: 0.0
Iteration 55/80
Training student with 53969 points
Train accuracy: 0.37415170816444704
Test accuracy: 0.36816750046322033
Number of nodes: 19
Student reward: 0.0
Iteration 56/80
Training student with 54969 points
Train accuracy: 0.3713700966458215
Test accuracy: 0.3774786247043842
Number of nodes: 19
Student reward: 0.0
Iteration 57/80
Training student with 55969 points
Train accuracy: 0.37398101619207147
Test accuracy: 0.36323030194747186
Number of nodes: 19
Student reward: 0.0
Iteration 58/80
Training student with 56969 points
Train accuracy: 0.3730115194733955
Test accuracy: 0.3712480252764613
Number of nodes: 19
Student reward: 0.0
Iteration 59/80
Training student with 57969 points
Train accuracy: 0.3723126684636119
Test accuracy: 0.3764878385371744
Number of nodes: 19
Student reward: 0.0
Iteration 60/80
Training student with 58969 points
Train accuracy: 0.3727186009538951
Test accuracy: 0.37256231982363913
Number of nodes: 19
Student reward: 0.0
Iteration 61/80
Training student with 59969 points
Train accuracy: 0.37363210005211045
Test accuracy: 0.36976821744205435
Number of nodes: 19
Student reward: 0.0
Iteration 62/80
Training student with 60969 points
Train accuracy: 0.3729984623270118
Test accuracy: 0.37182220764310314
Number of nodes: 19
Student reward: 0.0
Iteration 63/80
Training student with 61969 points
Train accuracy: 0.3722844175491679
Test accuracy: 0.37671453929320636
Number of nodes: 19
Student reward: 0.0
Iteration 64/80
Training student with 62969 points
Train accuracy: 0.37353846153846154
Test accuracy: 0.37446403049070986
Number of nodes: 19
Student reward: 0.0
Iteration 65/80
Training student with 63969 points
Train accuracy: 0.374342940889106
Test accuracy: 0.37228388307018917
Number of nodes: 19
Student reward: 0.0
Iteration 66/80
Training student with 64969 points
Train accuracy: 0.37452621452621454
Test accuracy: 0.37186393720178545
Number of nodes: 19
Student reward: 0.0
Iteration 67/80
Training student with 65969 points
Train accuracy: 0.37208905731880626
Test accuracy: 0.38153706230104595
Number of nodes: 19
Student reward: 0.0
Iteration 68/80
Training student with 66969 points
Train accuracy: 0.3734204386374242
Test accuracy: 0.37315215768254445
Number of nodes: 19
Student reward: 0.0
Iteration 69/80
Training student with 67969 points
Train accuracy: 0.3742712643678161
Test accuracy: 0.374356333676622
Number of nodes: 19
Student reward: 0.0
Iteration 70/80
Training student with 68969 points
Train accuracy: 0.3743905754417762
Test accuracy: 0.3764680295780774
Number of nodes: 19
Student reward: 0.0
Iteration 71/80
Training student with 69969 points
Train accuracy: 0.3752568110763734
Test accuracy: 0.37658996712876946
Number of nodes: 19
Student reward: 0.0
Iteration 72/80
Training student with 70969 points
Train accuracy: 0.37483047115808016
Test accuracy: 0.37910384669578695
Number of nodes: 19
Student reward: 0.0
Iteration 73/80
Training student with 71969 points
Train accuracy: 0.37684759009986973
Test accuracy: 0.3744615812143949
Number of nodes: 19
Student reward: 0.0
Iteration 74/80
Training student with 72969 points
Train accuracy: 0.37606852248394
Test accuracy: 0.374126353295875
Number of nodes: 17
Student reward: 0.0
Iteration 75/80
Training student with 73969 points
Train accuracy: 0.3772539079002957
Test accuracy: 0.3689333513586589
Number of nodes: 19
Student reward: 0.0
Iteration 76/80
Training student with 74969 points
Train accuracy: 0.37647353063776573
Test accuracy: 0.3735494197679072
Number of nodes: 19
Student reward: 0.0
Iteration 77/80
Training student with 75969 points
Train accuracy: 0.37500617030028793
Test accuracy: 0.3787679347110702
Number of nodes: 19
Student reward: 0.0
Iteration 78/80
Training student with 76969 points
Train accuracy: 0.3779293544457978
Test accuracy: 0.3692997271664285
Number of nodes: 19
Student reward: 0.0
Iteration 79/80
Training student with 77969 points
Train accuracy: 0.37793987975951904
Test accuracy: 0.3718737976144671
Number of nodes: 19
Student reward: 0.0
Initial policy count: 80
Current policy count: 40
Reward update: 0.0 -> 0.0
Reward update: 0.0 -> 0.0
Reward update: 0.0 -> 0.0
Reward update: 0.0 -> 0.0
Reward update: 0.0 -> 0.0
Reward update: 0.0 -> 0.0
Reward update: 0.0 -> 0.0
Reward update: 0.0 -> 0.0
Reward update: 0.0 -> 0.0
Reward update: 0.0 -> 0.0
Reward update: 0.0 -> 0.0
Reward update: 0.0 -> 0.0
Reward update: 0.0 -> 0.0
Reward update: 0.0 -> 0.0
Reward update: 0.0 -> 0.0
Reward update: 0.0 -> 0.0
Reward update: 0.0 -> 0.0
Reward update: 0.0 -> 0.0
Reward update: 0.0 -> 0.0
Reward update: 0.0 -> 0.0
Reward update: 0.0 -> 0.0
Reward update: 0.0 -> 0.0
Reward update: 0.0 -> 0.0
Reward update: 0.0 -> 0.0
Reward update: 0.0 -> 0.0
Reward update: 0.0 -> 0.0
Reward update: 0.0 -> 0.0
Reward update: 0.0 -> 0.0
Reward update: 0.0 -> 0.0
Reward update: 0.0 -> 0.0
Reward update: 0.0 -> 0.0
Reward update: 0.0 -> 0.0
Reward update: 0.0 -> 0.0
Reward update: 0.0 -> 0.0
Reward update: 0.0 -> 0.0
Reward update: 0.0 -> 0.0
Reward update: 0.0 -> 0.0
Reward update: 0.0 -> 0.0
Reward update: 0.0 -> 0.0
Reward update: 0.0 -> 0.0
Current policy count: 20
Reward update: 0.0 -> 0.0
Reward update: 0.0 -> 0.0
Reward update: 0.0 -> 0.0
Reward update: 0.0 -> 0.0
Reward update: 0.0 -> 0.0
Reward update: 0.0 -> 0.0
Reward update: 0.0 -> 0.0
Reward update: 0.0 -> 0.0
Reward update: 0.0 -> 0.0
Reward update: 0.0 -> 0.0
Reward update: 0.0 -> 0.0
Reward update: 0.0 -> 0.0
Reward update: 0.0 -> 0.0
Reward update: 0.0 -> 0.0
Reward update: 0.0 -> 0.0
Reward update: 0.0 -> 0.0
Reward update: 0.0 -> 0.0
Reward update: 0.0 -> 0.0
Reward update: 0.0 -> 0.0
Reward update: 0.0 -> 0.0
Current policy count: 10
Reward update: 0.0 -> 0.0
Reward update: 0.0 -> 0.0
Reward update: 0.0 -> 0.0
Reward update: 0.0 -> 0.0
Reward update: 0.0 -> 0.0
Reward update: 0.0 -> 0.0
Reward update: 0.0 -> 0.0
Reward update: 0.0 -> 0.0
Reward update: 0.0 -> 0.0
Reward update: 0.0 -> 0.0
Current policy count: 5
Reward update: 0.0 -> 0.0
Reward update: 0.0 -> 0.0
Reward update: 0.0 -> 0.0
Reward update: 0.0 -> 0.0
Reward update: 0.0 -> 0.0
Current policy count: 3
Reward update: 0.0 -> 0.0
Reward update: 0.0 -> 0.0
Reward update: 0.0 -> 0.0
Current policy count: 2
Reward update: 0.0 -> 0.0
Reward update: 0.0 -> 0.0
Current policy count: 1
Reward update: 0.0 -> 0.0
Final reward: 0.0
Number of nodes: 19
