Iteration 0/80
Training student with 167 points
Train accuracy: 0.6842105263157895
Test accuracy: 0.6764705882352942
Number of nodes: 13
Student reward: 0.0
Iteration 1/80
Training student with 1167 points
Train accuracy: 0.3954983922829582
Test accuracy: 0.34615384615384615
Number of nodes: 19
Student reward: 0.0
Iteration 2/80
Training student with 2167 points
Train accuracy: 0.3871898442008078
Test accuracy: 0.347926267281106
Number of nodes: 19
Student reward: 0.0
Iteration 3/80
Training student with 3167 points
Train accuracy: 0.3825503355704698
Test accuracy: 0.3832807570977918
Number of nodes: 19
Student reward: 0.0
Iteration 4/80
Training student with 4167 points
Train accuracy: 0.37563756375637564
Test accuracy: 0.34772182254196643
Number of nodes: 19
Student reward: -1.0
Iteration 5/80
Training student with 4205 points
Train accuracy: 0.37812128418549346
Test accuracy: 0.380499405469679
Number of nodes: 19
Student reward: 0.0
Iteration 6/80
Training student with 5205 points
Train accuracy: 0.3787223823246878
Test accuracy: 0.35926993275696445
Number of nodes: 19
Student reward: 0.0
Iteration 7/80
Training student with 6205 points
Train accuracy: 0.3759065269943594
Test accuracy: 0.370668815471394
Number of nodes: 19
Student reward: 0.0
Iteration 8/80
Training student with 7205 points
Train accuracy: 0.3795975017349063
Test accuracy: 0.38653712699514226
Number of nodes: 19
Student reward: -0.9
Iteration 9/80
Training student with 7340 points
Train accuracy: 0.38283378746594005
Test accuracy: 0.3930517711171662
Number of nodes: 21
Student reward: -1.0
Iteration 10/80
Training student with 7374 points
Train accuracy: 0.38718426852008814
Test accuracy: 0.38033898305084746
Number of nodes: 21
Student reward: -0.8
Iteration 11/80
Training student with 7409 points
Train accuracy: 0.3826556436645858
Test accuracy: 0.4041835357624831
Number of nodes: 21
Student reward: -0.9
Iteration 12/80
Training student with 7552 points
Train accuracy: 0.3918225459361033
Test accuracy: 0.3825281270681668
Number of nodes: 21
Student reward: -0.8
Iteration 13/80
Training student with 7587 points
Train accuracy: 0.3860603064755314
Test accuracy: 0.41172595520421607
Number of nodes: 21
Student reward: -1.0
Iteration 14/80
Training student with 7621 points
Train accuracy: 0.39206036745406825
Test accuracy: 0.3921311475409836
Number of nodes: 21
Student reward: -1.0
Iteration 15/80
Training student with 7659 points
Train accuracy: 0.3948098580055492
Test accuracy: 0.38446475195822455
Number of nodes: 21
Student reward: -0.8
Iteration 16/80
Training student with 7694 points
Train accuracy: 0.3965881397238018
Test accuracy: 0.38336582196231317
Number of nodes: 21
Student reward: -1.0
Iteration 17/80
Training student with 7728 points
Train accuracy: 0.39404723390488516
Test accuracy: 0.39909443725743854
Number of nodes: 21
Student reward: -0.9
Iteration 18/80
Training student with 7863 points
Train accuracy: 0.40238473767885535
Test accuracy: 0.38080101716465353
Number of nodes: 21
Student reward: -1.0
Iteration 19/80
Training student with 7901 points
Train accuracy: 0.40079113924050636
Test accuracy: 0.3908918406072106
Number of nodes: 21
Student reward: -1.0
Iteration 20/80
Training student with 7939 points
Train accuracy: 0.40229885057471265
Test accuracy: 0.3904282115869018
Number of nodes: 21
Student reward: -1.0
Iteration 21/80
Training student with 7977 points
Train accuracy: 0.40228804262654755
Test accuracy: 0.39536340852130325
Number of nodes: 21
Student reward: -1.0
Iteration 22/80
Training student with 8023 points
Train accuracy: 0.3993455905266438
Test accuracy: 0.41495327102803736
Number of nodes: 21
Student reward: -1.0
Iteration 23/80
Training student with 8061 points
Train accuracy: 0.4015198511166253
Test accuracy: 0.40917544947303164
Number of nodes: 21
Student reward: -1.0
Iteration 24/80
Training student with 8103 points
Train accuracy: 0.4020364085158902
Test accuracy: 0.4120913016656385
Number of nodes: 21
Student reward: -1.0
Iteration 25/80
Training student with 8133 points
Train accuracy: 0.4025514909314479
Test accuracy: 0.4148740012292563
Number of nodes: 21
Student reward: -1.0
Iteration 26/80
Training student with 8171 points
Train accuracy: 0.40514075887392903
Test accuracy: 0.40611620795107034
Number of nodes: 21
Student reward: -1.0
Iteration 27/80
Training student with 8217 points
Train accuracy: 0.40894568690095845
Test accuracy: 0.3753041362530414
Number of nodes: 21
Student reward: 0.0
Iteration 28/80
Training student with 9217 points
Train accuracy: 0.401464804014648
Test accuracy: 0.37906724511930584
Number of nodes: 21
Student reward: 0.0
Iteration 29/80
Training student with 10217 points
Train accuracy: 0.39495901137893064
Test accuracy: 0.39285714285714285
Number of nodes: 21
Student reward: 0.0
Iteration 30/80
Training student with 11217 points
Train accuracy: 0.3957427839072774
Test accuracy: 0.3979500891265597
Number of nodes: 21
Student reward: -0.9
Iteration 31/80
Training student with 11352 points
Train accuracy: 0.3986345116176633
Test accuracy: 0.3980625275209159
Number of nodes: 21
Student reward: -1.0
Iteration 32/80
Training student with 11386 points
Train accuracy: 0.40085638998682477
Test accuracy: 0.3924495171202809
Number of nodes: 21
Student reward: -1.0
Iteration 33/80
Training student with 11424 points
Train accuracy: 0.3981836087099245
Test accuracy: 0.40525164113785556
Number of nodes: 21
Student reward: -0.8
Iteration 34/80
Training student with 11463 points
Train accuracy: 0.397928026172301
Test accuracy: 0.412559965111208
Number of nodes: 21
Student reward: -1.0
Iteration 35/80
Training student with 11501 points
Train accuracy: 0.40097826086956523
Test accuracy: 0.4028683181225554
Number of nodes: 21
Student reward: -0.6
Iteration 36/80
Training student with 11730 points
Train accuracy: 0.4063299232736573
Test accuracy: 0.39727195225916456
Number of nodes: 21
Student reward: -0.8
Iteration 37/80
Training student with 11769 points
Train accuracy: 0.40424853956452467
Test accuracy: 0.40951571792693287
Number of nodes: 19
Student reward: -0.8
Iteration 38/80
Training student with 11800 points
Train accuracy: 0.40582627118644066
Test accuracy: 0.40296610169491526
Number of nodes: 21
Student reward: 0.0
Iteration 39/80
Training student with 12800 points
Train accuracy: 0.4103515625
Test accuracy: 0.425
Number of nodes: 21
Student reward: -0.8
Iteration 40/80
Training student with 12835 points
Train accuracy: 0.4119594857810674
Test accuracy: 0.4226723802103623
Number of nodes: 21
Student reward: -0.8
Iteration 41/80
Training student with 12878 points
Train accuracy: 0.4180741603572122
Test accuracy: 0.40256211180124224
Number of nodes: 21
Student reward: -1.0
Iteration 42/80
Training student with 12916 points
Train accuracy: 0.41250483933410764
Test accuracy: 0.4264705882352941
Number of nodes: 21
Student reward: -0.8
Iteration 43/80
Training student with 12951 points
Train accuracy: 0.41225868725868725
Test accuracy: 0.4291779235816287
Number of nodes: 21
Student reward: -0.7
Iteration 44/80
Training student with 13091 points
Train accuracy: 0.413961038961039
Test accuracy: 0.43222604047346314
Number of nodes: 21
Student reward: -0.9
Iteration 45/80
Training student with 13218 points
Train accuracy: 0.4200870058634386
Test accuracy: 0.41641452344931923
Number of nodes: 21
Student reward: -1.0
Iteration 46/80
Training student with 13256 points
Train accuracy: 0.42135043379856657
Test accuracy: 0.4155354449472097
Number of nodes: 21
Student reward: -1.0
Iteration 47/80
Training student with 13310 points
Train accuracy: 0.41688580015026294
Test accuracy: 0.4391435011269722
Number of nodes: 21
Student reward: -0.9
Iteration 48/80
Training student with 13445 points
Train accuracy: 0.4235775381182596
Test accuracy: 0.4209743399033098
Number of nodes: 21
Student reward: -1.0
Iteration 49/80
Training student with 13491 points
Train accuracy: 0.4233691623424759
Test accuracy: 0.4260837347165617
Number of nodes: 21
Student reward: -0.5
Iteration 50/80
Training student with 13624 points
Train accuracy: 0.42435085787686944
Test accuracy: 0.4315596330275229
Number of nodes: 21
Student reward: -1.0
Iteration 51/80
Training student with 13658 points
Train accuracy: 0.4269632070291049
Test accuracy: 0.42313323572474376
Number of nodes: 21
Student reward: -1.0
Iteration 52/80
Training student with 13696 points
Train accuracy: 0.4278933917488134
Test accuracy: 0.422992700729927
Number of nodes: 21
Student reward: -1.0
Iteration 53/80
Training student with 13738 points
Train accuracy: 0.4249317561419472
Test accuracy: 0.43777292576419213
Number of nodes: 21
Student reward: -1.0
Iteration 54/80
Training student with 13772 points
Train accuracy: 0.42924571117364074
Test accuracy: 0.423956442831216
Number of nodes: 21
Student reward: -1.0
Iteration 55/80
Training student with 13810 points
Train accuracy: 0.43157132512671975
Test accuracy: 0.4170890658942795
Number of nodes: 21
Student reward: -1.0
Iteration 56/80
Training student with 13848 points
Train accuracy: 0.4311247517602455
Test accuracy: 0.42129963898916967
Number of nodes: 21
Student reward: -0.8
Iteration 57/80
Training student with 13883 points
Train accuracy: 0.4306681073293715
Test accuracy: 0.42635938062657547
Number of nodes: 21
Student reward: -1.0
Iteration 58/80
Training student with 13921 points
Train accuracy: 0.42735272988505746
Test accuracy: 0.44344703770197486
Number of nodes: 21
Student reward: -1.0
Iteration 59/80
Training student with 13951 points
Train accuracy: 0.43091397849462365
Test accuracy: 0.43031171623074166
Number of nodes: 21
Student reward: -0.9
Iteration 60/80
Training student with 14082 points
Train accuracy: 0.43106968486462494
Test accuracy: 0.4359247426340078
Number of nodes: 21
Student reward: -1.0
Iteration 61/80
Training student with 14124 points
Train accuracy: 0.43649880520400036
Test accuracy: 0.41699115044247786
Number of nodes: 21
Student reward: -1.0
Iteration 62/80
Training student with 14158 points
Train accuracy: 0.4337806816175172
Test accuracy: 0.4304378531073446
Number of nodes: 21
Student reward: -0.9
Iteration 63/80
Training student with 14301 points
Train accuracy: 0.4326923076923077
Test accuracy: 0.44390073400908775
Number of nodes: 21
Student reward: -0.8
Iteration 64/80
Training student with 14340 points
Train accuracy: 0.43357740585774057
Test accuracy: 0.4431659693165969
Number of nodes: 21
Student reward: -0.8
Iteration 65/80
Training student with 14572 points
Train accuracy: 0.4407652054559492
Test accuracy: 0.42641509433962266
Number of nodes: 21
Student reward: -1.0
Iteration 66/80
Training student with 14610 points
Train accuracy: 0.44087953456536616
Test accuracy: 0.42813141683778233
Number of nodes: 21
Student reward: -1.0
Iteration 67/80
Training student with 14652 points
Train accuracy: 0.4397235730739698
Test accuracy: 0.4353462981917434
Number of nodes: 21
Student reward: -1.0
Iteration 68/80
Training student with 14698 points
Train accuracy: 0.44029596870216026
Test accuracy: 0.4357142857142857
Number of nodes: 21
Student reward: -1.0
Iteration 69/80
Training student with 14732 points
Train accuracy: 0.4396266440390327
Test accuracy: 0.44146589752290466
Number of nodes: 21
Student reward: -0.9
Iteration 70/80
Training student with 14859 points
Train accuracy: 0.44258433582905693
Test accuracy: 0.4337146702557201
Number of nodes: 21
Student reward: -0.8
Iteration 71/80
Training student with 14894 points
Train accuracy: 0.4406210658833403
Test accuracy: 0.44410876132930516
Number of nodes: 21
Student reward: -1.0
Iteration 72/80
Training student with 14936 points
Train accuracy: 0.44283562102443924
Test accuracy: 0.4387550200803213
Number of nodes: 21
Student reward: -1.0
Iteration 73/80
Training student with 14974 points
Train accuracy: 0.44411052675515483
Test accuracy: 0.4353923205342237
Number of nodes: 21
Student reward: -0.8
Iteration 74/80
Training student with 15005 points
Train accuracy: 0.4450183272242586
Test accuracy: 0.43385538153948683
Number of nodes: 21
Student reward: -1.0
Iteration 75/80
Training student with 15047 points
Train accuracy: 0.44413059732491483
Test accuracy: 0.43953488372093025
Number of nodes: 21
Student reward: -1.0
Iteration 76/80
Training student with 15081 points
Train accuracy: 0.4409814323607427
Test accuracy: 0.44978455419290686
Number of nodes: 21
Student reward: 0.0
Iteration 77/80
Training student with 16081 points
Train accuracy: 0.44675062189054726
Test accuracy: 0.44140503574759093
Number of nodes: 21
Student reward: -1.0
Iteration 78/80
Training student with 16119 points
Train accuracy: 0.4461419154711128
Test accuracy: 0.446029776674938
Number of nodes: 21
Student reward: -1.0
Iteration 79/80
Training student with 16157 points
Train accuracy: 0.44379110251450676
Test accuracy: 0.45699257425742573
Number of nodes: 21
Student reward: -1.0
Initial policy count: 80
Current policy count: 40
Reward update: 0.0 -> -0.04
Reward update: 0.0 -> -0.02
Reward update: 0.0 -> 0.0
Reward update: 0.0 -> 0.0
Reward update: 0.0 -> 0.0
Reward update: 0.0 -> 0.0
Reward update: 0.0 -> 0.0
Reward update: 0.0 -> 0.0
Reward update: 0.0 -> 0.0
Reward update: 0.0 -> 0.0
Reward update: 0.0 -> 0.0
Reward update: 0.0 -> 0.0
Reward update: -0.5 -> -0.98
Reward update: -0.6 -> -0.92
Reward update: -0.7 -> -1.0
Reward update: -0.8 -> -0.76
Reward update: -0.8 -> -1.0
Reward update: -0.8 -> -0.94
Reward update: -0.8 -> -1.0
Reward update: -0.8 -> -0.98
Reward update: -0.8 -> -0.88
Reward update: -0.8 -> -1.0
Reward update: -0.8 -> -0.86
Reward update: -0.8 -> -0.9
Reward update: -0.8 -> -1.0
Reward update: -0.8 -> -0.98
Reward update: -0.8 -> -0.98
Reward update: -0.8 -> -0.94
Reward update: -0.8 -> -0.94
Reward update: -0.9 -> -0.98
Reward update: -0.9 -> -0.86
Reward update: -0.9 -> -0.88
Reward update: -0.9 -> -0.96
Reward update: -0.9 -> -0.92
Reward update: -0.9 -> -0.96
Reward update: -0.9 -> -0.96
Reward update: -0.9 -> -0.92
Reward update: -0.9 -> -0.94
Reward update: -1.0 -> -0.9
Reward update: -1.0 -> -0.98
Current policy count: 20
Reward update: 0.0 -> 0.0
Reward update: 0.0 -> 0.0
Reward update: 0.0 -> 0.0
Reward update: 0.0 -> 0.0
Reward update: 0.0 -> 0.0
Reward update: 0.0 -> 0.0
Reward update: 0.0 -> 0.0
Reward update: 0.0 -> 0.0
Reward update: 0.0 -> 0.0
Reward update: 0.0 -> -0.02
Reward update: -0.02 -> 0.0
Reward update: -0.04 -> -0.02
Reward update: -0.76 -> -0.92
Reward update: -0.86 -> -0.92
Reward update: -0.86 -> -0.98
Reward update: -0.88 -> -0.92
Reward update: -0.88 -> -0.92
Reward update: -0.9 -> -0.92
Reward update: -0.9 -> -0.88
Reward update: -0.92 -> -0.96
Current policy count: 10
Reward update: 0.0 -> 0.0
Reward update: 0.0 -> 0.0
Reward update: 0.0 -> 0.0
Reward update: 0.0 -> 0.0
Reward update: 0.0 -> 0.0
Reward update: 0.0 -> 0.0
Reward update: 0.0 -> 0.0
Reward update: 0.0 -> 0.0
Reward update: 0.0 -> 0.0
Reward update: 0.0 -> -0.04
Current policy count: 5
Reward update: 0.0 -> 0.0
Reward update: 0.0 -> 0.0
Reward update: 0.0 -> 0.0
Reward update: 0.0 -> 0.0
Reward update: 0.0 -> 0.0
Current policy count: 3
Reward update: 0.0 -> 0.0
Reward update: 0.0 -> 0.0
Reward update: 0.0 -> 0.0
Current policy count: 2
Reward update: 0.0 -> 0.0
Reward update: 0.0 -> 0.0
Current policy count: 1
Reward update: 0.0 -> 0.0
Final reward: 0.0
Number of nodes: 19
