Iteration 0/80
Training student with 1000 points
Train accuracy: 0.5625
Test accuracy: 0.525
Number of nodes: 23
Student reward: 0.5555555555555555
Iteration 1/80
Training student with 2000 points
Train accuracy: 0.535625
Test accuracy: 0.4775
Number of nodes: 23
Student reward: 0.16666666666666669
Iteration 2/80
Training student with 3000 points
Train accuracy: 0.49833333333333335
Test accuracy: 0.5
Number of nodes: 23
Student reward: 0.5555555555555555
Iteration 3/80
Training student with 4000 points
Train accuracy: 0.48625
Test accuracy: 0.49
Number of nodes: 23
Student reward: 0.5555555555555555
Iteration 4/80
Training student with 5000 points
Train accuracy: 0.4735
Test accuracy: 0.46
Number of nodes: 23
Student reward: 0.5555555555555555
Iteration 5/80
Training student with 6000 points
Train accuracy: 0.484375
Test accuracy: 0.47333333333333333
Number of nodes: 23
Student reward: 0.4722222222222222
Iteration 6/80
Training student with 7000 points
Train accuracy: 0.45303571428571426
Test accuracy: 0.4564285714285714
Number of nodes: 23
Student reward: 0.16666666666666669
Iteration 7/80
Training student with 8000 points
Train accuracy: 0.441875
Test accuracy: 0.439375
Number of nodes: 23
Student reward: 0.5555555555555555
Iteration 8/80
Training student with 9000 points
Train accuracy: 0.4529166666666667
Test accuracy: 0.4311111111111111
Number of nodes: 23
Student reward: 0.5555555555555555
Iteration 9/80
Training student with 10000 points
Train accuracy: 0.44975
Test accuracy: 0.467
Number of nodes: 23
Student reward: 0.5555555555555555
Iteration 10/80
Training student with 11000 points
Train accuracy: 0.4553409090909091
Test accuracy: 0.4486363636363636
Number of nodes: 23
Student reward: 0.5555555555555555
Iteration 11/80
Training student with 12000 points
Train accuracy: 0.4471875
Test accuracy: 0.4345833333333333
Number of nodes: 23
Student reward: 0.5555555555555555
Iteration 12/80
Training student with 13000 points
Train accuracy: 0.455
Test accuracy: 0.46884615384615386
Number of nodes: 23
Student reward: 0.5555555555555555
Iteration 13/80
Training student with 14000 points
Train accuracy: 0.44375
Test accuracy: 0.4514285714285714
Number of nodes: 23
Student reward: 0.5555555555555555
Iteration 14/80
Training student with 15000 points
Train accuracy: 0.45216666666666666
Test accuracy: 0.453
Number of nodes: 23
Student reward: 0.5555555555555555
Iteration 15/80
Training student with 16000 points
Train accuracy: 0.454609375
Test accuracy: 0.443125
Number of nodes: 23
Student reward: 0.5555555555555555
Iteration 16/80
Training student with 17000 points
Train accuracy: 0.44786764705882354
Test accuracy: 0.4364705882352941
Number of nodes: 23
Student reward: 0.16666666666666669
Iteration 17/80
Training student with 18000 points
Train accuracy: 0.46118055555555554
Test accuracy: 0.4563888888888889
Number of nodes: 23
Student reward: 0.5555555555555555
Iteration 18/80
Training student with 19000 points
Train accuracy: 0.45585526315789476
Test accuracy: 0.45421052631578945
Number of nodes: 23
Student reward: 0.5555555555555555
Iteration 19/80
Training student with 20000 points
Train accuracy: 0.4549375
Test accuracy: 0.45375
Number of nodes: 23
Student reward: 0.5555555555555555
Iteration 20/80
Training student with 21000 points
Train accuracy: 0.4574404761904762
Test accuracy: 0.45404761904761903
Number of nodes: 23
Student reward: 0.16666666666666669
Iteration 21/80
Training student with 22000 points
Train accuracy: 0.45948863636363635
Test accuracy: 0.4743181818181818
Number of nodes: 23
Student reward: 0.16666666666666669
Iteration 22/80
Training student with 23000 points
Train accuracy: 0.4647826086956522
Test accuracy: 0.4697826086956522
Number of nodes: 23
Student reward: 0.5555555555555555
Iteration 23/80
Training student with 24000 points
Train accuracy: 0.46145833333333336
Test accuracy: 0.46958333333333335
Number of nodes: 23
Student reward: 0.5555555555555555
Iteration 24/80
Training student with 25000 points
Train accuracy: 0.4598
Test accuracy: 0.4724
Number of nodes: 23
Student reward: 0.5555555555555555
Iteration 25/80
Training student with 26000 points
Train accuracy: 0.46783653846153844
Test accuracy: 0.4701923076923077
Number of nodes: 23
Student reward: 0.5555555555555555
Iteration 26/80
Training student with 27000 points
Train accuracy: 0.47550925925925924
Test accuracy: 0.4725925925925926
Number of nodes: 23
Student reward: 0.5555555555555555
Iteration 27/80
Training student with 28000 points
Train accuracy: 0.4657142857142857
Test accuracy: 0.46482142857142855
Number of nodes: 23
Student reward: 0.16666666666666669
Iteration 28/80
Training student with 29000 points
Train accuracy: 0.47810344827586204
Test accuracy: 0.47258620689655173
Number of nodes: 23
Student reward: 0.5555555555555555
Iteration 29/80
Training student with 30000 points
Train accuracy: 0.47008333333333335
Test accuracy: 0.47733333333333333
Number of nodes: 23
Student reward: 0.5555555555555555
Iteration 30/80
Training student with 31000 points
Train accuracy: 0.4712096774193548
Test accuracy: 0.4774193548387097
Number of nodes: 23
Student reward: 0.16666666666666669
Iteration 31/80
Training student with 32000 points
Train accuracy: 0.4778515625
Test accuracy: 0.47984375
Number of nodes: 23
Student reward: 0.5555555555555555
Iteration 32/80
Training student with 33000 points
Train accuracy: 0.4775378787878788
Test accuracy: 0.4806060606060606
Number of nodes: 23
Student reward: 0.5555555555555555
Iteration 33/80
Training student with 34000 points
Train accuracy: 0.47356617647058824
Test accuracy: 0.48264705882352943
Number of nodes: 23
Student reward: 0.5555555555555555
Iteration 34/80
Training student with 35000 points
Train accuracy: 0.47996428571428573
Test accuracy: 0.4772857142857143
Number of nodes: 23
Student reward: 0.5555555555555555
Iteration 35/80
Training student with 36000 points
Train accuracy: 0.47850694444444447
Test accuracy: 0.4752777777777778
Number of nodes: 23
Student reward: 0.5555555555555555
Iteration 36/80
Training student with 37000 points
Train accuracy: 0.47952702702702704
Test accuracy: 0.4787837837837838
Number of nodes: 23
Student reward: 0.5555555555555555
Iteration 37/80
Training student with 38000 points
Train accuracy: 0.4791776315789474
Test accuracy: 0.48039473684210526
Number of nodes: 23
Student reward: 0.16666666666666669
Iteration 38/80
Training student with 39000 points
Train accuracy: 0.4803205128205128
Test accuracy: 0.48128205128205126
Number of nodes: 23
Student reward: 0.5555555555555555
Iteration 39/80
Training student with 40000 points
Train accuracy: 0.4829375
Test accuracy: 0.490625
Number of nodes: 23
Student reward: 0.5555555555555555
Iteration 40/80
Training student with 41000 points
Train accuracy: 0.4846341463414634
Test accuracy: 0.48365853658536584
Number of nodes: 23
Student reward: 0.5555555555555555
Iteration 41/80
Training student with 42000 points
Train accuracy: 0.480625
Test accuracy: 0.47785714285714287
Number of nodes: 23
Student reward: 0.5555555555555555
Iteration 42/80
Training student with 43000 points
Train accuracy: 0.48328488372093026
Test accuracy: 0.4794186046511628
Number of nodes: 23
Student reward: 0.16666666666666669
Iteration 43/80
Training student with 44000 points
Train accuracy: 0.4849715909090909
Test accuracy: 0.48670454545454545
Number of nodes: 23
Student reward: 0.16666666666666669
Iteration 44/80
Training student with 45000 points
Train accuracy: 0.4885555555555556
Test accuracy: 0.4856666666666667
Number of nodes: 23
Student reward: 0.5555555555555555
Iteration 45/80
Training student with 46000 points
Train accuracy: 0.48752717391304345
Test accuracy: 0.4827173913043478
Number of nodes: 23
Student reward: 0.5555555555555555
Iteration 46/80
Training student with 47000 points
Train accuracy: 0.48601063829787233
Test accuracy: 0.4828723404255319
Number of nodes: 23
Student reward: 0.5555555555555555
Iteration 47/80
Training student with 48000 points
Train accuracy: 0.4828385416666667
Test accuracy: 0.49020833333333336
Number of nodes: 23
Student reward: 0.5555555555555555
Iteration 48/80
Training student with 49000 points
Train accuracy: 0.4828061224489796
Test accuracy: 0.47612244897959183
Number of nodes: 23
Student reward: 0.5555555555555555
Iteration 49/80
Training student with 50000 points
Train accuracy: 0.487275
Test accuracy: 0.4692
Number of nodes: 23
Student reward: 0.5555555555555555
Iteration 50/80
Training student with 51000 points
Train accuracy: 0.4865686274509804
Test accuracy: 0.4781372549019608
Number of nodes: 23
Student reward: 0.5555555555555555
Iteration 51/80
Training student with 52000 points
Train accuracy: 0.47889423076923077
Test accuracy: 0.47278846153846155
Number of nodes: 23
Student reward: 0.5555555555555555
Iteration 52/80
Training student with 53000 points
Train accuracy: 0.48535377358490567
Test accuracy: 0.48603773584905663
Number of nodes: 23
Student reward: 0.5555555555555555
Iteration 53/80
Training student with 54000 points
Train accuracy: 0.48055555555555557
Test accuracy: 0.47833333333333333
Number of nodes: 23
Student reward: 0.5555555555555555
Iteration 54/80
Training student with 55000 points
Train accuracy: 0.48120454545454544
Test accuracy: 0.47645454545454546
Number of nodes: 23
Student reward: 0.5555555555555555
Iteration 55/80
Training student with 56000 points
Train accuracy: 0.48087053571428573
Test accuracy: 0.4789285714285714
Number of nodes: 23
Student reward: 0.16666666666666669
Iteration 56/80
Training student with 57000 points
Train accuracy: 0.4863157894736842
Test accuracy: 0.48736842105263156
Number of nodes: 23
Student reward: 0.5555555555555555
Iteration 57/80
Training student with 58000 points
Train accuracy: 0.48637931034482756
Test accuracy: 0.4845689655172414
Number of nodes: 23
Student reward: 0.16666666666666669
Iteration 58/80
Training student with 59000 points
Train accuracy: 0.488114406779661
Test accuracy: 0.49127118644067796
Number of nodes: 23
Student reward: 0.5555555555555555
Iteration 59/80
Training student with 60000 points
Train accuracy: 0.4850833333333333
Test accuracy: 0.4930833333333333
Number of nodes: 23
Student reward: 0.5555555555555555
Iteration 60/80
Training student with 61000 points
Train accuracy: 0.48688524590163934
Test accuracy: 0.4875409836065574
Number of nodes: 23
Student reward: 0.5555555555555555
Iteration 61/80
Training student with 62000 points
Train accuracy: 0.4856048387096774
Test accuracy: 0.4831451612903226
Number of nodes: 23
Student reward: 0.5555555555555555
Iteration 62/80
Training student with 63000 points
Train accuracy: 0.4853968253968254
Test accuracy: 0.4835714285714286
Number of nodes: 23
Student reward: 0.5555555555555555
Iteration 63/80
Training student with 64000 points
Train accuracy: 0.4863671875
Test accuracy: 0.4834375
Number of nodes: 23
Student reward: 0.5555555555555555
Iteration 64/80
Training student with 65000 points
Train accuracy: 0.4860769230769231
Test accuracy: 0.4879230769230769
Number of nodes: 23
Student reward: 0.16666666666666669
Iteration 65/80
Training student with 66000 points
Train accuracy: 0.4866287878787879
Test accuracy: 0.48393939393939395
Number of nodes: 23
Student reward: 0.5555555555555555
Iteration 66/80
Training student with 67000 points
Train accuracy: 0.488339552238806
Test accuracy: 0.48761194029850746
Number of nodes: 23
Student reward: 0.5555555555555555
Iteration 67/80
Training student with 68000 points
Train accuracy: 0.48466911764705883
Test accuracy: 0.48154411764705884
Number of nodes: 23
Student reward: 0.5555555555555555
Iteration 68/80
Training student with 69000 points
Train accuracy: 0.4846014492753623
Test accuracy: 0.48434782608695653
Number of nodes: 23
Student reward: 0.16666666666666669
Iteration 69/80
Training student with 70000 points
Train accuracy: 0.4855
Test accuracy: 0.487
Number of nodes: 23
Student reward: 0.5555555555555555
Iteration 70/80
Training student with 71000 points
Train accuracy: 0.48144366197183097
Test accuracy: 0.4854225352112676
Number of nodes: 23
Student reward: 0.5555555555555555
Iteration 71/80
Training student with 72000 points
Train accuracy: 0.48609375
Test accuracy: 0.48270833333333335
Number of nodes: 23
Student reward: 0.5555555555555555
Iteration 72/80
Training student with 73000 points
Train accuracy: 0.4858732876712329
Test accuracy: 0.481027397260274
Number of nodes: 23
Student reward: 0.5555555555555555
Iteration 73/80
Training student with 74000 points
Train accuracy: 0.48326013513513516
Test accuracy: 0.48027027027027025
Number of nodes: 23
Student reward: 0.5555555555555555
Iteration 74/80
Training student with 75000 points
Train accuracy: 0.48591666666666666
Test accuracy: 0.48113333333333336
Number of nodes: 23
Student reward: 0.5555555555555555
Iteration 75/80
Training student with 76000 points
Train accuracy: 0.48717105263157895
Test accuracy: 0.4896052631578947
Number of nodes: 23
Student reward: 0.5555555555555555
Iteration 76/80
Training student with 77000 points
Train accuracy: 0.48555194805194807
Test accuracy: 0.4874675324675325
Number of nodes: 23
Student reward: 0.5555555555555555
Iteration 77/80
Training student with 78000 points
Train accuracy: 0.48118589743589746
Test accuracy: 0.4758974358974359
Number of nodes: 23
Student reward: 0.16666666666666669
Iteration 78/80
Training student with 79000 points
Train accuracy: 0.48632911392405065
Test accuracy: 0.4816455696202532
Number of nodes: 23
Student reward: 0.5555555555555555
Iteration 79/80
Training student with 80000 points
Train accuracy: 0.482140625
Test accuracy: 0.4826875
Number of nodes: 23
Student reward: 0.5555555555555555
Initial policy count: 80
Current policy count: 40
Reward update: 0.5555555555555555 -> 0.5555555555555561
Reward update: 0.5555555555555555 -> 0.5555555555555561
Reward update: 0.5555555555555555 -> 0.5555555555555561
Reward update: 0.5555555555555555 -> 0.5555555555555561
Reward update: 0.5555555555555555 -> 0.5555555555555561
Reward update: 0.5555555555555555 -> 0.5555555555555561
Reward update: 0.5555555555555555 -> 0.5555555555555561
Reward update: 0.5555555555555555 -> 0.5555555555555561
Reward update: 0.5555555555555555 -> 0.5555555555555561
Reward update: 0.5555555555555555 -> 0.5555555555555561
Reward update: 0.5555555555555555 -> 0.5555555555555561
Reward update: 0.5555555555555555 -> 0.5555555555555561
Reward update: 0.5555555555555555 -> 0.5555555555555561
Reward update: 0.5555555555555555 -> 0.5555555555555561
Reward update: 0.5555555555555555 -> 0.5555555555555561
Reward update: 0.5555555555555555 -> 0.5555555555555561
Reward update: 0.5555555555555555 -> 0.5555555555555561
Reward update: 0.5555555555555555 -> 0.5555555555555561
Reward update: 0.5555555555555555 -> 0.5555555555555561
Reward update: 0.5555555555555555 -> 0.5555555555555561
Reward update: 0.5555555555555555 -> 0.5555555555555561
Reward update: 0.5555555555555555 -> 0.5555555555555561
Reward update: 0.5555555555555555 -> 0.5555555555555561
Reward update: 0.5555555555555555 -> 0.5555555555555561
Reward update: 0.5555555555555555 -> 0.5555555555555561
Reward update: 0.5555555555555555 -> 0.5555555555555561
Reward update: 0.5555555555555555 -> 0.5555555555555561
Reward update: 0.5555555555555555 -> 0.5555555555555561
Reward update: 0.5555555555555555 -> 0.5555555555555561
Reward update: 0.5555555555555555 -> 0.5555555555555561
Reward update: 0.5555555555555555 -> 0.5555555555555561
Reward update: 0.5555555555555555 -> 0.5555555555555561
Reward update: 0.5555555555555555 -> 0.5555555555555561
Reward update: 0.5555555555555555 -> 0.5555555555555561
Reward update: 0.5555555555555555 -> 0.5555555555555561
Reward update: 0.5555555555555555 -> 0.5555555555555561
Reward update: 0.5555555555555555 -> 0.5555555555555561
Reward update: 0.5555555555555555 -> 0.5555555555555561
Reward update: 0.5555555555555555 -> 0.5555555555555561
Reward update: 0.5555555555555555 -> 0.5555555555555561
Current policy count: 20
Reward update: 0.5555555555555561 -> 0.5555555555555561
Reward update: 0.5555555555555561 -> 0.5555555555555561
Reward update: 0.5555555555555561 -> 0.5555555555555561
Reward update: 0.5555555555555561 -> 0.5555555555555561
Reward update: 0.5555555555555561 -> 0.5555555555555561
Reward update: 0.5555555555555561 -> 0.5555555555555561
Reward update: 0.5555555555555561 -> 0.5555555555555561
Reward update: 0.5555555555555561 -> 0.5555555555555561
Reward update: 0.5555555555555561 -> 0.5555555555555561
Reward update: 0.5555555555555561 -> 0.5555555555555561
Reward update: 0.5555555555555561 -> 0.5555555555555561
Reward update: 0.5555555555555561 -> 0.5555555555555561
Reward update: 0.5555555555555561 -> 0.5555555555555561
Reward update: 0.5555555555555561 -> 0.5555555555555561
Reward update: 0.5555555555555561 -> 0.5555555555555561
Reward update: 0.5555555555555561 -> 0.5555555555555561
Reward update: 0.5555555555555561 -> 0.5555555555555561
Reward update: 0.5555555555555561 -> 0.5555555555555561
Reward update: 0.5555555555555561 -> 0.5555555555555561
Reward update: 0.5555555555555561 -> 0.5555555555555561
Current policy count: 10
Reward update: 0.5555555555555561 -> 0.5555555555555561
Reward update: 0.5555555555555561 -> 0.5555555555555561
Reward update: 0.5555555555555561 -> 0.5555555555555561
Reward update: 0.5555555555555561 -> 0.5555555555555561
Reward update: 0.5555555555555561 -> 0.5555555555555561
Reward update: 0.5555555555555561 -> 0.5555555555555561
Reward update: 0.5555555555555561 -> 0.5555555555555561
Reward update: 0.5555555555555561 -> 0.5555555555555561
Reward update: 0.5555555555555561 -> 0.5555555555555561
Reward update: 0.5555555555555561 -> 0.5555555555555561
Current policy count: 5
Reward update: 0.5555555555555561 -> 0.5555555555555561
Reward update: 0.5555555555555561 -> 0.5555555555555561
Reward update: 0.5555555555555561 -> 0.5555555555555561
Reward update: 0.5555555555555561 -> 0.5555555555555561
Reward update: 0.5555555555555561 -> 0.5555555555555561
Current policy count: 3
Reward update: 0.5555555555555561 -> 0.5555555555555561
Reward update: 0.5555555555555561 -> 0.5555555555555561
Reward update: 0.5555555555555561 -> 0.5555555555555561
Current policy count: 2
Reward update: 0.5555555555555561 -> 0.5555555555555561
Reward update: 0.5555555555555561 -> 0.5555555555555561
Current policy count: 1
Reward update: 0.5555555555555561 -> 0.5555555555555561
Final reward: 0.5555555555555561
Number of nodes: 23
