Iteration 0/80
Training student with 1000 points
Train accuracy: 0.3275
Test accuracy: 0.29
Number of nodes: 23
Student reward: 0.0
Iteration 1/80
Training student with 2000 points
Train accuracy: 0.298125
Test accuracy: 0.24
Number of nodes: 23
Student reward: 0.0
Iteration 2/80
Training student with 3000 points
Train accuracy: 0.2725
Test accuracy: 0.255
Number of nodes: 23
Student reward: 0.0
Iteration 3/80
Training student with 4000 points
Train accuracy: 0.2553125
Test accuracy: 0.23875
Number of nodes: 23
Student reward: 0.0
Iteration 4/80
Training student with 5000 points
Train accuracy: 0.2625
Test accuracy: 0.254
Number of nodes: 23
Student reward: 0.0
Iteration 5/80
Training student with 6000 points
Train accuracy: 0.258125
Test accuracy: 0.24833333333333332
Number of nodes: 23
Student reward: 0.0
Iteration 6/80
Training student with 7000 points
Train accuracy: 0.2576785714285714
Test accuracy: 0.25785714285714284
Number of nodes: 23
Student reward: 0.0
Iteration 7/80
Training student with 8000 points
Train accuracy: 0.24265625
Test accuracy: 0.23875
Number of nodes: 23
Student reward: 0.0
Iteration 8/80
Training student with 9000 points
Train accuracy: 0.25069444444444444
Test accuracy: 0.24388888888888888
Number of nodes: 23
Student reward: 0.0
Iteration 9/80
Training student with 10000 points
Train accuracy: 0.250875
Test accuracy: 0.225
Number of nodes: 23
Student reward: 0.0
Iteration 10/80
Training student with 11000 points
Train accuracy: 0.24079545454545453
Test accuracy: 0.22954545454545455
Number of nodes: 23
Student reward: 0.0
Iteration 11/80
Training student with 12000 points
Train accuracy: 0.2396875
Test accuracy: 0.24291666666666667
Number of nodes: 23
Student reward: 0.0
Iteration 12/80
Training student with 13000 points
Train accuracy: 0.23682692307692307
Test accuracy: 0.23115384615384615
Number of nodes: 23
Student reward: 0.0
Iteration 13/80
Training student with 14000 points
Train accuracy: 0.24107142857142858
Test accuracy: 0.24392857142857144
Number of nodes: 23
Student reward: 0.0
Iteration 14/80
Training student with 15000 points
Train accuracy: 0.24191666666666667
Test accuracy: 0.231
Number of nodes: 23
Student reward: 0.0
Iteration 15/80
Training student with 16000 points
Train accuracy: 0.234609375
Test accuracy: 0.22875
Number of nodes: 23
Student reward: 0.0
Iteration 16/80
Training student with 17000 points
Train accuracy: 0.23433823529411765
Test accuracy: 0.23352941176470587
Number of nodes: 23
Student reward: 0.0
Iteration 17/80
Training student with 18000 points
Train accuracy: 0.2382638888888889
Test accuracy: 0.22916666666666666
Number of nodes: 23
Student reward: 0.0
Iteration 18/80
Training student with 19000 points
Train accuracy: 0.22921052631578948
Test accuracy: 0.2294736842105263
Number of nodes: 23
Student reward: 0.0
Iteration 19/80
Training student with 20000 points
Train accuracy: 0.23925
Test accuracy: 0.228
Number of nodes: 21
Student reward: 0.0
Iteration 20/80
Training student with 21000 points
Train accuracy: 0.23083333333333333
Test accuracy: 0.2292857142857143
Number of nodes: 21
Student reward: 0.0
Iteration 21/80
Training student with 22000 points
Train accuracy: 0.224375
Test accuracy: 0.22613636363636364
Number of nodes: 23
Student reward: 0.0
Iteration 22/80
Training student with 23000 points
Train accuracy: 0.22755434782608697
Test accuracy: 0.22782608695652173
Number of nodes: 23
Student reward: 0.0
Iteration 23/80
Training student with 24000 points
Train accuracy: 0.23015625
Test accuracy: 0.215
Number of nodes: 23
Student reward: 0.0
Iteration 24/80
Training student with 25000 points
Train accuracy: 0.224
Test accuracy: 0.2146
Number of nodes: 23
Student reward: 0.0
Iteration 25/80
Training student with 26000 points
Train accuracy: 0.22370192307692308
Test accuracy: 0.22115384615384615
Number of nodes: 23
Student reward: 0.0
Iteration 26/80
Training student with 27000 points
Train accuracy: 0.22694444444444445
Test accuracy: 0.21537037037037038
Number of nodes: 23
Student reward: 0.0
Iteration 27/80
Training student with 28000 points
Train accuracy: 0.22330357142857143
Test accuracy: 0.22053571428571428
Number of nodes: 23
Student reward: 0.0
Iteration 28/80
Training student with 29000 points
Train accuracy: 0.22780172413793104
Test accuracy: 0.2236206896551724
Number of nodes: 23
Student reward: 0.0
Iteration 29/80
Training student with 30000 points
Train accuracy: 0.22220833333333334
Test accuracy: 0.21733333333333332
Number of nodes: 23
Student reward: 0.0
Iteration 30/80
Training student with 31000 points
Train accuracy: 0.22088709677419355
Test accuracy: 0.2275806451612903
Number of nodes: 23
Student reward: 0.0
Iteration 31/80
Training student with 32000 points
Train accuracy: 0.2236328125
Test accuracy: 0.2234375
Number of nodes: 23
Student reward: 0.0
Iteration 32/80
Training student with 33000 points
Train accuracy: 0.22424242424242424
Test accuracy: 0.22696969696969696
Number of nodes: 23
Student reward: 0.0
Iteration 33/80
Training student with 34000 points
Train accuracy: 0.2236029411764706
Test accuracy: 0.21176470588235294
Number of nodes: 23
Student reward: 0.0
Iteration 34/80
Training student with 35000 points
Train accuracy: 0.22467857142857142
Test accuracy: 0.22557142857142856
Number of nodes: 23
Student reward: 0.0
Iteration 35/80
Training student with 36000 points
Train accuracy: 0.21944444444444444
Test accuracy: 0.21625
Number of nodes: 23
Student reward: 0.0
Iteration 36/80
Training student with 37000 points
Train accuracy: 0.2214864864864865
Test accuracy: 0.2095945945945946
Number of nodes: 23
Student reward: 0.0
Iteration 37/80
Training student with 38000 points
Train accuracy: 0.22355263157894736
Test accuracy: 0.2168421052631579
Number of nodes: 23
Student reward: 0.0
Iteration 38/80
Training student with 39000 points
Train accuracy: 0.2196474358974359
Test accuracy: 0.2117948717948718
Number of nodes: 23
Student reward: 0.0
Iteration 39/80
Training student with 40000 points
Train accuracy: 0.21778125
Test accuracy: 0.210625
Number of nodes: 23
Student reward: 0.0
Iteration 40/80
Training student with 41000 points
Train accuracy: 0.21554878048780488
Test accuracy: 0.21682926829268293
Number of nodes: 23
Student reward: 0.0
Iteration 41/80
Training student with 42000 points
Train accuracy: 0.21729166666666666
Test accuracy: 0.21595238095238095
Number of nodes: 23
Student reward: 0.0
Iteration 42/80
Training student with 43000 points
Train accuracy: 0.21875
Test accuracy: 0.21883720930232559
Number of nodes: 23
Student reward: 0.0
Iteration 43/80
Training student with 44000 points
Train accuracy: 0.2174715909090909
Test accuracy: 0.21556818181818183
Number of nodes: 23
Student reward: 0.0
Iteration 44/80
Training student with 45000 points
Train accuracy: 0.21863888888888888
Test accuracy: 0.21777777777777776
Number of nodes: 23
Student reward: 0.0
Iteration 45/80
Training student with 46000 points
Train accuracy: 0.21904891304347826
Test accuracy: 0.2125
Number of nodes: 23
Student reward: 0.0
Iteration 46/80
Training student with 47000 points
Train accuracy: 0.22002659574468086
Test accuracy: 0.20946808510638298
Number of nodes: 23
Student reward: 0.0
Iteration 47/80
Training student with 48000 points
Train accuracy: 0.21606770833333333
Test accuracy: 0.2078125
Number of nodes: 23
Student reward: 0.0
Iteration 48/80
Training student with 49000 points
Train accuracy: 0.2163265306122449
Test accuracy: 0.21622448979591838
Number of nodes: 23
Student reward: 0.0
Iteration 49/80
Training student with 50000 points
Train accuracy: 0.21615
Test accuracy: 0.2054
Number of nodes: 23
Student reward: 0.0
Iteration 50/80
Training student with 51000 points
Train accuracy: 0.21791666666666668
Test accuracy: 0.20892156862745098
Number of nodes: 23
Student reward: 0.0
Iteration 51/80
Training student with 52000 points
Train accuracy: 0.21689903846153846
Test accuracy: 0.2110576923076923
Number of nodes: 23
Student reward: 0.0
Iteration 52/80
Training student with 53000 points
Train accuracy: 0.2166745283018868
Test accuracy: 0.20764150943396226
Number of nodes: 23
Student reward: 0.0
Iteration 53/80
Training student with 54000 points
Train accuracy: 0.21828703703703703
Test accuracy: 0.20962962962962964
Number of nodes: 23
Student reward: 0.0
Iteration 54/80
Training student with 55000 points
Train accuracy: 0.21570454545454545
Test accuracy: 0.2119090909090909
Number of nodes: 23
Student reward: 0.0
Iteration 55/80
Training student with 56000 points
Train accuracy: 0.21678571428571428
Test accuracy: 0.20964285714285713
Number of nodes: 23
Student reward: 0.0
Iteration 56/80
Training student with 57000 points
Train accuracy: 0.21418859649122807
Test accuracy: 0.21464912280701753
Number of nodes: 23
Student reward: 0.0
Iteration 57/80
Training student with 58000 points
Train accuracy: 0.2163146551724138
Test accuracy: 0.21060344827586208
Number of nodes: 23
Student reward: 0.0
Iteration 58/80
Training student with 59000 points
Train accuracy: 0.21434322033898304
Test accuracy: 0.2123728813559322
Number of nodes: 23
Student reward: 0.0
Iteration 59/80
Training student with 60000 points
Train accuracy: 0.213125
Test accuracy: 0.21058333333333334
Number of nodes: 23
Student reward: 0.0
Iteration 60/80
Training student with 61000 points
Train accuracy: 0.21331967213114755
Test accuracy: 0.20950819672131146
Number of nodes: 23
Student reward: 0.0
Iteration 61/80
Training student with 62000 points
Train accuracy: 0.21211693548387098
Test accuracy: 0.2129032258064516
Number of nodes: 23
Student reward: 0.0
Iteration 62/80
Training student with 63000 points
Train accuracy: 0.2140079365079365
Test accuracy: 0.20714285714285716
Number of nodes: 23
Student reward: 0.0
Iteration 63/80
Training student with 64000 points
Train accuracy: 0.213828125
Test accuracy: 0.211953125
Number of nodes: 23
Student reward: 0.0
Iteration 64/80
Training student with 65000 points
Train accuracy: 0.21169230769230768
Test accuracy: 0.21284615384615385
Number of nodes: 23
Student reward: 0.0
Iteration 65/80
Training student with 66000 points
Train accuracy: 0.2114962121212121
Test accuracy: 0.20742424242424243
Number of nodes: 23
Student reward: 0.0
Iteration 66/80
Training student with 67000 points
Train accuracy: 0.2108582089552239
Test accuracy: 0.20917910447761193
Number of nodes: 23
Student reward: 0.0
Iteration 67/80
Training student with 68000 points
Train accuracy: 0.21034926470588236
Test accuracy: 0.20595588235294118
Number of nodes: 23
Student reward: 0.0
Iteration 68/80
Training student with 69000 points
Train accuracy: 0.21355072463768116
Test accuracy: 0.20673913043478262
Number of nodes: 23
Student reward: 0.0
Iteration 69/80
Training student with 70000 points
Train accuracy: 0.2105892857142857
Test accuracy: 0.20314285714285715
Number of nodes: 23
Student reward: 0.0
Iteration 70/80
Training student with 71000 points
Train accuracy: 0.21903169014084506
Test accuracy: 0.21570422535211267
Number of nodes: 23
Student reward: 0.0
Iteration 71/80
Training student with 72000 points
Train accuracy: 0.21477430555555554
Test accuracy: 0.21472222222222223
Number of nodes: 23
Student reward: 0.0
Iteration 72/80
Training student with 73000 points
Train accuracy: 0.2194349315068493
Test accuracy: 0.21438356164383562
Number of nodes: 23
Student reward: 0.0
Iteration 73/80
Training student with 74000 points
Train accuracy: 0.21755067567567568
Test accuracy: 0.2095945945945946
Number of nodes: 23
Student reward: 0.0
Iteration 74/80
Training student with 75000 points
Train accuracy: 0.21926666666666667
Test accuracy: 0.2186
Number of nodes: 23
Student reward: 0.0
Iteration 75/80
Training student with 76000 points
Train accuracy: 0.21713815789473684
Test accuracy: 0.20973684210526317
Number of nodes: 23
Student reward: 0.0
Iteration 76/80
Training student with 77000 points
Train accuracy: 0.21425324675324675
Test accuracy: 0.20935064935064934
Number of nodes: 23
Student reward: 1.0
Iteration 77/80
Training student with 77450 points
Train accuracy: 0.21749515816655907
Test accuracy: 0.21362169141381537
Number of nodes: 23
Student reward: 0.0
Iteration 78/80
Training student with 78450 points
Train accuracy: 0.23175589547482472
Test accuracy: 0.22893562778840026
Number of nodes: 23
Student reward: 0.25
Iteration 79/80
Training student with 79450 points
Train accuracy: 0.22927942101950913
Test accuracy: 0.22699811202013845
Number of nodes: 23
Student reward: 0.0
Initial policy count: 80
Current policy count: 40
Reward update: 1.0 -> 1.0
Reward update: 0.25 -> 0.25
Reward update: 0.0 -> 0.0
Reward update: 0.0 -> 0.0
Reward update: 0.0 -> 0.0
Reward update: 0.0 -> 0.0
Reward update: 0.0 -> 0.0
Reward update: 0.0 -> 0.0
Reward update: 0.0 -> 0.0
Reward update: 0.0 -> 0.0
Reward update: 0.0 -> 0.0
Reward update: 0.0 -> 0.0
Reward update: 0.0 -> 0.0
Reward update: 0.0 -> 0.0
Reward update: 0.0 -> 0.0
Reward update: 0.0 -> 0.0
Reward update: 0.0 -> 0.0
Reward update: 0.0 -> 0.0
Reward update: 0.0 -> 0.0
Reward update: 0.0 -> 0.0
Reward update: 0.0 -> 0.0
Reward update: 0.0 -> 0.0
Reward update: 0.0 -> 0.0
Reward update: 0.0 -> 0.0
Reward update: 0.0 -> 0.0
Reward update: 0.0 -> 0.0
Reward update: 0.0 -> 0.0
Reward update: 0.0 -> 0.0
Reward update: 0.0 -> 0.0
Reward update: 0.0 -> 0.0
Reward update: 0.0 -> 0.0
Reward update: 0.0 -> 0.0
Reward update: 0.0 -> 0.0
Reward update: 0.0 -> 0.0
Reward update: 0.0 -> 0.0
Reward update: 0.0 -> 0.0
Reward update: 0.0 -> 0.0
Reward update: 0.0 -> 0.0
Reward update: 0.0 -> 0.0
Reward update: 0.0 -> 0.0
Current policy count: 20
Reward update: 1.0 -> 1.0
Reward update: 0.25 -> 0.25
Reward update: 0.0 -> 0.0
Reward update: 0.0 -> 0.0
Reward update: 0.0 -> 0.0
Reward update: 0.0 -> 0.0
Reward update: 0.0 -> 0.0
Reward update: 0.0 -> 0.0
Reward update: 0.0 -> 0.0
Reward update: 0.0 -> 0.0
Reward update: 0.0 -> 0.0
Reward update: 0.0 -> 0.0
Reward update: 0.0 -> 0.0
Reward update: 0.0 -> 0.0
Reward update: 0.0 -> 0.0
Reward update: 0.0 -> 0.0
Reward update: 0.0 -> 0.0
Reward update: 0.0 -> 0.0
Reward update: 0.0 -> 0.0
Reward update: 0.0 -> 0.0
Current policy count: 10
Reward update: 1.0 -> 1.0
Reward update: 0.25 -> 0.25
Reward update: 0.0 -> 0.0
Reward update: 0.0 -> 0.0
Reward update: 0.0 -> 0.0
Reward update: 0.0 -> 0.0
Reward update: 0.0 -> 0.0
Reward update: 0.0 -> 0.0
Reward update: 0.0 -> 0.0
Reward update: 0.0 -> 0.0
Current policy count: 5
Reward update: 1.0 -> 1.0
Reward update: 0.25 -> 0.25
Reward update: 0.0 -> 0.0
Reward update: 0.0 -> 0.0
Reward update: 0.0 -> 0.0
Current policy count: 3
Reward update: 1.0 -> 1.0
Reward update: 0.25 -> 0.25
Reward update: 0.0 -> 0.0
Current policy count: 2
Reward update: 1.0 -> 1.0
Reward update: 0.25 -> 0.25
Current policy count: 1
Reward update: 1.0 -> 1.0
Final reward: 1.0
Number of nodes: 23
