Iteration 0/80
Training student with 118 points
Train accuracy: 1.0
Test accuracy: 1.0
Number of nodes: 1
Student reward: 204.9954803466797
Iteration 1/80
Training student with 235 points
Train accuracy: 0.9946808510638298
Test accuracy: 1.0
Number of nodes: 1
Student reward: 94.9155059814453
Iteration 2/80
Training student with 329 points
Train accuracy: 1.0
Test accuracy: 0.9848484848484849
Number of nodes: 1
Student reward: 145.09950408935546
Iteration 3/80
Training student with 433 points
Train accuracy: 0.9971098265895953
Test accuracy: 1.0
Number of nodes: 1
Student reward: 147.9497497558594
Iteration 4/80
Training student with 545 points
Train accuracy: 0.9977064220183486
Test accuracy: 0.9908256880733946
Number of nodes: 1
Student reward: 53.3623046875
Iteration 5/80
Training student with 634 points
Train accuracy: 0.9763313609467456
Test accuracy: 0.9921259842519685
Number of nodes: 1
Student reward: 118.13425903320312
Iteration 6/80
Training student with 740 points
Train accuracy: 0.9898648648648649
Test accuracy: 0.9864864864864865
Number of nodes: 1
Student reward: 135.34910583496094
Iteration 7/80
Training student with 842 points
Train accuracy: 0.986627043090639
Test accuracy: 1.0
Number of nodes: 1
Student reward: 116.35015258789062
Iteration 8/80
Training student with 935 points
Train accuracy: 0.9919786096256684
Test accuracy: 0.983957219251337
Number of nodes: 1
Student reward: 94.32989196777343
Iteration 9/80
Training student with 1032 points
Train accuracy: 0.9866666666666667
Test accuracy: 1.0
Number of nodes: 1
Student reward: 125.61998596191407
Iteration 10/80
Training student with 1131 points
Train accuracy: 0.9856194690265486
Test accuracy: 0.9955947136563876
Number of nodes: 1
Student reward: 96.23982543945313
Iteration 11/80
Training student with 1226 points
Train accuracy: 0.9877551020408163
Test accuracy: 0.9796747967479674
Number of nodes: 1
Student reward: 92.84867858886719
Iteration 12/80
Training student with 1313 points
Train accuracy: 0.9838095238095238
Test accuracy: 0.9847908745247148
Number of nodes: 1
Student reward: 248.06822204589844
Iteration 13/80
Training student with 1433 points
Train accuracy: 0.9912739965095986
Test accuracy: 0.9860627177700348
Number of nodes: 1
Student reward: 81.10293884277344
Iteration 14/80
Training student with 1530 points
Train accuracy: 0.9836601307189542
Test accuracy: 0.9934640522875817
Number of nodes: 1
Student reward: 176.36681213378907
Iteration 15/80
Training student with 1642 points
Train accuracy: 0.9893373952779894
Test accuracy: 0.9969604863221885
Number of nodes: 1
Student reward: 180.71388092041016
Iteration 16/80
Training student with 1758 points
Train accuracy: 0.9900426742532006
Test accuracy: 0.9886363636363636
Number of nodes: 1
Student reward: 161.1437194824219
Iteration 17/80
Training student with 1876 points
Train accuracy: 0.9886666666666667
Test accuracy: 1.0
Number of nodes: 1
Student reward: 107.91355438232422
Iteration 18/80
Training student with 1967 points
Train accuracy: 0.9910998092816274
Test accuracy: 0.9720812182741116
Number of nodes: 1
Student reward: 147.49301147460938
Iteration 19/80
Training student with 2070 points
Train accuracy: 0.9861111111111112
Test accuracy: 0.9879227053140096
Number of nodes: 1
Student reward: 164.84546356201173
Iteration 20/80
Training student with 2183 points
Train accuracy: 0.9919816723940436
Test accuracy: 0.9931350114416476
Number of nodes: 1
Student reward: 88.7574462890625
Iteration 21/80
Training student with 2274 points
Train accuracy: 0.9879054425508521
Test accuracy: 0.9912087912087912
Number of nodes: 1
Student reward: 177.5967819213867
Iteration 22/80
Training student with 2394 points
Train accuracy: 0.9921671018276762
Test accuracy: 0.9916492693110647
Number of nodes: 1
Student reward: 147.2549026489258
Iteration 23/80
Training student with 2503 points
Train accuracy: 0.988011988011988
Test accuracy: 0.9920159680638723
Number of nodes: 1
Student reward: 210.85759582519532
Iteration 24/80
Training student with 2630 points
Train accuracy: 0.9928707224334601
Test accuracy: 0.9847908745247148
Number of nodes: 1
Student reward: 154.95032501220703
Iteration 25/80
Training student with 2742 points
Train accuracy: 0.9922480620155039
Test accuracy: 0.9927140255009107
Number of nodes: 1
Student reward: 132.27916564941407
Iteration 26/80
Training student with 2843 points
Train accuracy: 0.9929639401934917
Test accuracy: 0.9929701230228472
Number of nodes: 1
Student reward: 168.04355163574218
Iteration 27/80
Training student with 2949 points
Train accuracy: 0.9847392963119966
Test accuracy: 0.9898305084745763
Number of nodes: 1
Student reward: 145.7804916381836
Iteration 28/80
Training student with 3059 points
Train accuracy: 0.9893747445852064
Test accuracy: 0.9820261437908496
Number of nodes: 1
Student reward: 124.75058135986328
Iteration 29/80
Training student with 3160 points
Train accuracy: 0.9893196202531646
Test accuracy: 0.990506329113924
Number of nodes: 1
Student reward: 129.24986114501954
Iteration 30/80
Training student with 3273 points
Train accuracy: 0.9858670741023682
Test accuracy: 0.9847328244274809
Number of nodes: 1
Student reward: 178.92549896240234
Iteration 31/80
Training student with 3379 points
Train accuracy: 0.9866814650388457
Test accuracy: 0.9911242603550295
Number of nodes: 1
Student reward: 123.27142333984375
Iteration 32/80
Training student with 3470 points
Train accuracy: 0.9837896253602305
Test accuracy: 0.9913544668587896
Number of nodes: 1
Student reward: 181.2212661743164
Iteration 33/80
Training student with 3586 points
Train accuracy: 0.9881450488145049
Test accuracy: 0.9846796657381616
Number of nodes: 1
Student reward: 117.55973663330079
Iteration 34/80
Training student with 3686 points
Train accuracy: 0.9881275440976933
Test accuracy: 0.983739837398374
Number of nodes: 1
Student reward: 183.58384552001954
Iteration 35/80
Training student with 3788 points
Train accuracy: 0.9877887788778877
Test accuracy: 0.9868073878627969
Number of nodes: 1
Student reward: 78.58562622070312
Iteration 36/80
Training student with 3881 points
Train accuracy: 0.9874355670103093
Test accuracy: 0.9897039897039897
Number of nodes: 1
Student reward: 119.21048278808594
Iteration 37/80
Training student with 3983 points
Train accuracy: 0.9890144381669805
Test accuracy: 0.9887076537013801
Number of nodes: 1
Student reward: 171.96360626220704
Iteration 38/80
Training student with 4100 points
Train accuracy: 0.9853658536585366
Test accuracy: 0.9902439024390244
Number of nodes: 1
Student reward: 106.7166732788086
Iteration 39/80
Training student with 4201 points
Train accuracy: 0.986904761904762
Test accuracy: 0.995243757431629
Number of nodes: 1
Student reward: 211.8914001464844
Iteration 40/80
Training student with 4332 points
Train accuracy: 0.9855699855699855
Test accuracy: 0.994232987312572
Number of nodes: 1
Student reward: 138.85386352539064
Iteration 41/80
Training student with 4440 points
Train accuracy: 0.9859234234234234
Test accuracy: 0.990990990990991
Number of nodes: 1
Student reward: 133.20726013183594
Iteration 42/80
Training student with 4540 points
Train accuracy: 0.9884361233480177
Test accuracy: 0.9900881057268722
Number of nodes: 1
Student reward: 203.19635620117188
Iteration 43/80
Training student with 4671 points
Train accuracy: 0.9890256959314775
Test accuracy: 0.9882352941176471
Number of nodes: 1
Student reward: 113.81490936279297
Iteration 44/80
Training student with 4770 points
Train accuracy: 0.9884696016771488
Test accuracy: 0.9905660377358491
Number of nodes: 1
Student reward: 143.9828842163086
Iteration 45/80
Training student with 4883 points
Train accuracy: 0.98489503328213
Test accuracy: 0.9856704196519959
Number of nodes: 1
Student reward: 118.36627655029297
Iteration 46/80
Training student with 4987 points
Train accuracy: 0.9884682877914264
Test accuracy: 0.9829659318637275
Number of nodes: 1
Student reward: 120.6676025390625
Iteration 47/80
Training student with 5087 points
Train accuracy: 0.9862374047677562
Test accuracy: 0.9842829076620825
Number of nodes: 1
Student reward: 114.03988647460938
Iteration 48/80
Training student with 5187 points
Train accuracy: 0.9884309472161966
Test accuracy: 0.9884393063583815
Number of nodes: 1
Student reward: 194.99530639648438
Iteration 49/80
Training student with 5314 points
Train accuracy: 0.9891790167019525
Test accuracy: 0.9830667920978363
Number of nodes: 1
Student reward: 190.49456939697265
Iteration 50/80
Training student with 5437 points
Train accuracy: 0.9873534145780639
Test accuracy: 0.9880514705882353
Number of nodes: 1
Student reward: 87.1781509399414
Iteration 51/80
Training student with 5534 points
Train accuracy: 0.987576236729162
Test accuracy: 0.983739837398374
Number of nodes: 1
Student reward: 115.83482513427734
Iteration 52/80
Training student with 5632 points
Train accuracy: 0.9849056603773585
Test accuracy: 0.9858030168589175
Number of nodes: 1
Student reward: 103.22991027832032
Iteration 53/80
Training student with 5725 points
Train accuracy: 0.9879912663755459
Test accuracy: 0.9860262008733625
Number of nodes: 1
Student reward: 73.1134033203125
Iteration 54/80
Training student with 5820 points
Train accuracy: 0.9868986254295533
Test accuracy: 0.9879725085910653
Number of nodes: 1
Student reward: 173.20232238769532
Iteration 55/80
Training student with 5931 points
Train accuracy: 0.9900927487352446
Test accuracy: 0.9924178601516428
Number of nodes: 1
Student reward: 142.72281494140626
Iteration 56/80
Training student with 6038 points
Train accuracy: 0.989648033126294
Test accuracy: 0.9917218543046358
Number of nodes: 1
Student reward: 176.48153381347657
Iteration 57/80
Training student with 6157 points
Train accuracy: 0.9868020304568528
Test accuracy: 0.9886363636363636
Number of nodes: 1
Student reward: 214.24098510742186
Iteration 58/80
Training student with 6277 points
Train accuracy: 0.9886476797450707
Test accuracy: 0.9880573248407644
Number of nodes: 1
Student reward: 116.40209045410157
Iteration 59/80
Training student with 6375 points
Train accuracy: 0.9898039215686274
Test accuracy: 0.9898039215686274
Number of nodes: 1
Student reward: 241.7604751586914
Iteration 60/80
Training student with 6514 points
Train accuracy: 0.9886777969679524
Test accuracy: 0.9892555640828856
Number of nodes: 1
Student reward: 241.94615020751954
Iteration 61/80
Training student with 6639 points
Train accuracy: 0.9860666541141028
Test accuracy: 0.9924698795180723
Number of nodes: 1
Student reward: 90.70068664550782
Iteration 62/80
Training student with 6736 points
Train accuracy: 0.9883073496659243
Test accuracy: 0.9866468842729971
Number of nodes: 1
Student reward: 104.04553527832032
Iteration 63/80
Training student with 6833 points
Train accuracy: 0.9890230515916575
Test accuracy: 0.9934162399414777
Number of nodes: 1
Student reward: 78.09307403564453
Iteration 64/80
Training student with 6928 points
Train accuracy: 0.9898953446409239
Test accuracy: 0.9884559884559885
Number of nodes: 1
Student reward: 135.23734588623046
Iteration 65/80
Training student with 7041 points
Train accuracy: 0.9873934659090909
Test accuracy: 0.9907735982966643
Number of nodes: 1
Student reward: 249.0841262817383
Iteration 66/80
Training student with 7173 points
Train accuracy: 0.9883234576507494
Test accuracy: 0.9860627177700348
Number of nodes: 1
Student reward: 150.68317413330078
Iteration 67/80
Training student with 7276 points
Train accuracy: 0.988659793814433
Test accuracy: 0.9903846153846154
Number of nodes: 1
Student reward: 133.1863784790039
Iteration 68/80
Training student with 7375 points
Train accuracy: 0.9883050847457627
Test accuracy: 0.9803389830508474
Number of nodes: 1
Student reward: 86.03388977050781
Iteration 69/80
Training student with 7470 points
Train accuracy: 0.9866131191432396
Test accuracy: 0.9906291834002677
Number of nodes: 1
Student reward: 138.47002868652345
Iteration 70/80
Training student with 7581 points
Train accuracy: 0.9863126649076517
Test accuracy: 0.984838497033619
Number of nodes: 1
Student reward: 169.2842224121094
Iteration 71/80
Training student with 7699 points
Train accuracy: 0.9881474265302809
Test accuracy: 0.987012987012987
Number of nodes: 1
Student reward: 203.43361206054686
Iteration 72/80
Training student with 7826 points
Train accuracy: 0.9891373801916933
Test accuracy: 0.9872286079182631
Number of nodes: 1
Student reward: 134.00221405029296
Iteration 73/80
Training student with 7927 points
Train accuracy: 0.988487620249172
Test accuracy: 0.9867591424968474
Number of nodes: 1
Student reward: 53.58047332763672
Iteration 74/80
Training student with 8016 points
Train accuracy: 0.9875233936369308
Test accuracy: 0.9875311720698254
Number of nodes: 1
Student reward: 115.519677734375
Iteration 75/80
Training student with 8107 points
Train accuracy: 0.9890516576715497
Test accuracy: 0.9895191122071517
Number of nodes: 1
Student reward: 149.6462188720703
Iteration 76/80
Training student with 8210 points
Train accuracy: 0.9882764920828259
Test accuracy: 0.98721071863581
Number of nodes: 1
Student reward: 157.37244567871093
Iteration 77/80
Training student with 8324 points
Train accuracy: 0.9888872203033489
Test accuracy: 0.9867867867867868
Number of nodes: 1
Student reward: 258.78667907714845
Iteration 78/80
Training student with 8468 points
Train accuracy: 0.9867139061116031
Test accuracy: 0.9881936245572609
Number of nodes: 1
Student reward: 198.15050354003907
Iteration 79/80
Training student with 8588 points
Train accuracy: 0.990684133915575
Test accuracy: 0.9848661233993015
Number of nodes: 1
Student reward: 164.96719207763672
Initial policy count: 80
Current policy count: 40
Reward update: 258.78667907714845 -> 192.3775064086914
Reward update: 249.0841262817383 -> 169.20139709472656
Reward update: 248.06822204589844 -> 131.6462710571289
Reward update: 241.94615020751954 -> 169.14535186767577
Reward update: 241.7604751586914 -> 158.22779510498046
Reward update: 214.24098510742186 -> 122.7568081665039
Reward update: 211.8914001464844 -> 161.46485198974608
Reward update: 210.85759582519532 -> 131.87473815917969
Reward update: 204.9954803466797 -> 125.06744262695312
Reward update: 203.43361206054686 -> 143.20493927001954
Reward update: 203.19635620117188 -> 164.98426818847656
Reward update: 198.15050354003907 -> 149.26401611328126
Reward update: 194.99530639648438 -> 168.69499603271484
Reward update: 190.49456939697265 -> 166.69955505371092
Reward update: 183.58384552001954 -> 153.22476623535155
Reward update: 181.2212661743164 -> 150.82753326416017
Reward update: 180.71388092041016 -> 146.36058166503906
Reward update: 178.92549896240234 -> 127.71687866210938
Reward update: 177.5967819213867 -> 129.36289764404296
Reward update: 176.48153381347657 -> 116.5556558227539
Reward update: 176.36681213378907 -> 151.2222509765625
Reward update: 173.20232238769532 -> 155.64923065185548
Reward update: 171.96360626220704 -> 130.55640716552733
Reward update: 169.2842224121094 -> 151.63455139160158
Reward update: 168.04355163574218 -> 131.15538513183594
Reward update: 164.96719207763672 -> 128.11524505615233
Reward update: 164.84546356201173 -> 143.89199615478515
Reward update: 161.1437194824219 -> 149.33995544433594
Reward update: 157.37244567871093 -> 117.51316009521484
Reward update: 154.95032501220703 -> 133.75703674316406
Reward update: 150.68317413330078 -> 138.34328643798827
Reward update: 149.6462188720703 -> 140.9131298828125
Reward update: 147.9497497558594 -> 173.38972290039064
Reward update: 147.49301147460938 -> 168.10585266113281
Reward update: 147.2549026489258 -> 161.798251953125
Reward update: 145.7804916381836 -> 138.9815823364258
Reward update: 145.09950408935546 -> 131.59435363769532
Reward update: 143.9828842163086 -> 135.57528839111328
Reward update: 142.72281494140626 -> 104.5935366821289
Reward update: 138.85386352539064 -> 157.04659973144533
Current policy count: 20
Reward update: 192.3775064086914 -> 156.33568084716796
Reward update: 173.38972290039064 -> 152.306640625
Reward update: 169.20139709472656 -> 125.84410186767577
Reward update: 169.14535186767577 -> 152.01312530517578
Reward update: 168.69499603271484 -> 130.8048245239258
Reward update: 168.10585266113281 -> 174.53039947509765
Reward update: 166.69955505371092 -> 156.44167114257812
Reward update: 164.98426818847656 -> 124.44591094970703
Reward update: 161.798251953125 -> 157.3342221069336
Reward update: 161.46485198974608 -> 146.46835266113283
Reward update: 158.22779510498046 -> 183.73412109375
Reward update: 157.04659973144533 -> 138.22065490722656
Reward update: 155.64923065185548 -> 158.8775390625
Reward update: 153.22476623535155 -> 159.49328063964845
Reward update: 151.63455139160158 -> 123.31998840332031
Reward update: 151.2222509765625 -> 138.38902404785156
Reward update: 150.82753326416017 -> 115.04507873535157
Reward update: 149.33995544433594 -> 168.77612365722655
Reward update: 149.26401611328126 -> 174.56521453857422
Reward update: 146.36058166503906 -> 137.3978076171875
Current policy count: 10
Reward update: 183.73412109375 -> 128.24959411621094
Reward update: 174.56521453857422 -> 142.07575256347656
Reward update: 174.53039947509765 -> 128.1647750854492
Reward update: 168.77612365722655 -> 149.0899053955078
Reward update: 159.49328063964845 -> 150.16835052490234
Reward update: 158.8775390625 -> 153.64507843017577
Reward update: 157.3342221069336 -> 117.51135314941406
Reward update: 156.44167114257812 -> 168.54150451660155
Reward update: 156.33568084716796 -> 129.5566604614258
Reward update: 152.306640625 -> 121.59052947998048
Current policy count: 5
Reward update: 168.54150451660155 -> 134.42130554199218
Reward update: 153.64507843017577 -> 136.8230422973633
Reward update: 150.16835052490234 -> 167.0775796508789
Reward update: 149.0899053955078 -> 146.64889190673827
Reward update: 142.07575256347656 -> 184.42232849121095
Current policy count: 3
Reward update: 184.42232849121095 -> 159.05838592529298
Reward update: 167.0775796508789 -> 122.63376678466797
Reward update: 146.64889190673827 -> 142.02726470947266
Current policy count: 2
Reward update: 159.05838592529298 -> 143.063271484375
Reward update: 142.02726470947266 -> 116.19329406738281
Current policy count: 1
Reward update: 143.063271484375 -> 120.37771759033203
Final reward: 151.37314056396485
Number of nodes: 1
