Iteration 0/80
Training student with 212 points
Train accuracy: 0.6390532544378699
Test accuracy: 0.5348837209302325
Number of nodes: 17
Student reward: 0.2545454545454545
Iteration 1/80
Training student with 1121 points
Train accuracy: 0.4107142857142857
Test accuracy: 0.37777777777777777
Number of nodes: 17
Student reward: 0.3181818181818182
Iteration 2/80
Training student with 1939 points
Train accuracy: 0.40038684719535783
Test accuracy: 0.3711340206185567
Number of nodes: 19
Student reward: 0.35454545454545455
Iteration 3/80
Training student with 2757 points
Train accuracy: 0.39546485260770975
Test accuracy: 0.35688405797101447
Number of nodes: 17
Student reward: 0.1727272727272727
Iteration 4/80
Training student with 3757 points
Train accuracy: 0.3806988352745424
Test accuracy: 0.39228723404255317
Number of nodes: 19
Student reward: 0.3909090909090909
Iteration 5/80
Training student with 4666 points
Train accuracy: 0.3853161843515541
Test accuracy: 0.39828693790149894
Number of nodes: 17
Student reward: 0.2636363636363636
Iteration 6/80
Training student with 5666 points
Train accuracy: 0.37886142983230364
Test accuracy: 0.3783068783068783
Number of nodes: 19
Student reward: 0.2545454545454545
Iteration 7/80
Training student with 6666 points
Train accuracy: 0.36046511627906974
Test accuracy: 0.37256371814092953
Number of nodes: 19
Student reward: 0.31818181818181823
Iteration 8/80
Training student with 7484 points
Train accuracy: 0.35677300818439955
Test accuracy: 0.34468937875751504
Number of nodes: 19
Student reward: 0.19999999999999998
Iteration 9/80
Training student with 8393 points
Train accuracy: 0.35075960679177837
Test accuracy: 0.3490172721858249
Number of nodes: 19
Student reward: 0.2545454545454545
Iteration 10/80
Training student with 9302 points
Train accuracy: 0.33315414594812526
Test accuracy: 0.3406770553465879
Number of nodes: 19
Student reward: 0.23636363636363633
Iteration 11/80
Training student with 10211 points
Train accuracy: 0.3448824681684623
Test accuracy: 0.3010279001468429
Number of nodes: 19
Student reward: 0.23636363636363633
Iteration 12/80
Training student with 11211 points
Train accuracy: 0.34032114183764495
Test accuracy: 0.34016941596076683
Number of nodes: 19
Student reward: 0.24545454545454545
Iteration 13/80
Training student with 12120 points
Train accuracy: 0.3435437293729373
Test accuracy: 0.3358085808580858
Number of nodes: 19
Student reward: 0.2545454545454545
Iteration 14/80
Training student with 13120 points
Train accuracy: 0.34965701219512196
Test accuracy: 0.3410823170731707
Number of nodes: 19
Student reward: 0.2727272727272727
Iteration 15/80
Training student with 14120 points
Train accuracy: 0.34507790368271957
Test accuracy: 0.34490084985835695
Number of nodes: 19
Student reward: 0.2
Iteration 16/80
Training student with 15120 points
Train accuracy: 0.34540343915343913
Test accuracy: 0.3468915343915344
Number of nodes: 19
Student reward: 0.2909090909090909
Iteration 17/80
Training student with 16120 points
Train accuracy: 0.34615384615384615
Test accuracy: 0.3576302729528536
Number of nodes: 19
Student reward: 0.21818181818181817
Iteration 18/80
Training student with 17120 points
Train accuracy: 0.3463785046728972
Test accuracy: 0.334696261682243
Number of nodes: 19
Student reward: 0.1
Iteration 19/80
Training student with 18120 points
Train accuracy: 0.3446467991169978
Test accuracy: 0.3394039735099338
Number of nodes: 19
Student reward: 0.19090909090909092
Iteration 20/80
Training student with 19029 points
Train accuracy: 0.34336201799908034
Test accuracy: 0.3234366789280084
Number of nodes: 19
Student reward: 0.2
Iteration 21/80
Training student with 19938 points
Train accuracy: 0.3321630094043887
Test accuracy: 0.34453360080240725
Number of nodes: 19
Student reward: 0.23636363636363633
Iteration 22/80
Training student with 20938 points
Train accuracy: 0.3243582089552239
Test accuracy: 0.33118433619866283
Number of nodes: 19
Student reward: 0.2545454545454545
Iteration 23/80
Training student with 21847 points
Train accuracy: 0.3471419580019454
Test accuracy: 0.34439359267734554
Number of nodes: 19
Student reward: 0.2727272727272727
Iteration 24/80
Training student with 22847 points
Train accuracy: 0.33867702577009356
Test accuracy: 0.3299781181619256
Number of nodes: 17
Student reward: 0.2727272727272727
Iteration 25/80
Training student with 23847 points
Train accuracy: 0.33270430361167896
Test accuracy: 0.32033542976939205
Number of nodes: 19
Student reward: 0.29999999999999993
Iteration 26/80
Training student with 24756 points
Train accuracy: 0.32685316097758027
Test accuracy: 0.3344103392568659
Number of nodes: 19
Student reward: 0.41818181818181815
Iteration 27/80
Training student with 25574 points
Train accuracy: 0.3320299134855076
Test accuracy: 0.3284457478005865
Number of nodes: 19
Student reward: 0.3
Iteration 28/80
Training student with 26574 points
Train accuracy: 0.32842560797779763
Test accuracy: 0.3343367826904986
Number of nodes: 19
Student reward: 0.39090909090909093
Iteration 29/80
Training student with 27574 points
Train accuracy: 0.3321546760959246
Test accuracy: 0.3276518585675431
Number of nodes: 17
Student reward: 0.2363636363636364
Iteration 30/80
Training student with 28574 points
Train accuracy: 0.33032941073537775
Test accuracy: 0.3214348206474191
Number of nodes: 17
Student reward: 0.2
Iteration 31/80
Training student with 29574 points
Train accuracy: 0.32845851473012383
Test accuracy: 0.3151310228233305
Number of nodes: 19
Student reward: 0.1818181818181818
Iteration 32/80
Training student with 30574 points
Train accuracy: 0.34318655709554763
Test accuracy: 0.33916598528209324
Number of nodes: 19
Student reward: 0.3909090909090909
Iteration 33/80
Training student with 31392 points
Train accuracy: 0.3379922749173735
Test accuracy: 0.33365185539098585
Number of nodes: 19
Student reward: 0.19090909090909086
Iteration 34/80
Training student with 32392 points
Train accuracy: 0.33110793810056727
Test accuracy: 0.33554560889026086
Number of nodes: 19
Student reward: 0.19090909090909092
Iteration 35/80
Training student with 33392 points
Train accuracy: 0.3276681765432561
Test accuracy: 0.3268453361281629
Number of nodes: 19
Student reward: 0.09090909090909091
Iteration 36/80
Training student with 34392 points
Train accuracy: 0.32646385345109585
Test accuracy: 0.3174880069777584
Number of nodes: 19
Student reward: 0.36363636363636365
Iteration 37/80
Training student with 35210 points
Train accuracy: 0.3348835558080091
Test accuracy: 0.3287418347060494
Number of nodes: 19
Student reward: 0.32727272727272727
Iteration 38/80
Training student with 36028 points
Train accuracy: 0.3300256748317258
Test accuracy: 0.33305578684429643
Number of nodes: 17
Student reward: 0.26363636363636367
Iteration 39/80
Training student with 36937 points
Train accuracy: 0.32796372127652373
Test accuracy: 0.3310774228478614
Number of nodes: 19
Student reward: 0.2727272727272727
Iteration 40/80
Training student with 37937 points
Train accuracy: 0.33111469900161455
Test accuracy: 0.3274907749077491
Number of nodes: 19
Student reward: 0.11818181818181817
Iteration 41/80
Training student with 38937 points
Train accuracy: 0.32935246717390604
Test accuracy: 0.3292244478685157
Number of nodes: 17
Student reward: 0.2
Iteration 42/80
Training student with 39937 points
Train accuracy: 0.3323734702181602
Test accuracy: 0.3272408612919379
Number of nodes: 19
Student reward: 0.28181818181818186
Iteration 43/80
Training student with 40846 points
Train accuracy: 0.32938548169910636
Test accuracy: 0.3263157894736842
Number of nodes: 19
Student reward: 0.1
Iteration 44/80
Training student with 41846 points
Train accuracy: 0.3268311626239694
Test accuracy: 0.3323775388291517
Number of nodes: 19
Student reward: 0.2909090909090909
Iteration 45/80
Training student with 42846 points
Train accuracy: 0.32445442875481384
Test accuracy: 0.3354725787631272
Number of nodes: 19
Student reward: 0.1818181818181818
Iteration 46/80
Training student with 43755 points
Train accuracy: 0.3275911324420066
Test accuracy: 0.32110615929608044
Number of nodes: 19
Student reward: 0.12727272727272726
Iteration 47/80
Training student with 44755 points
Train accuracy: 0.3249636912076863
Test accuracy: 0.32465646296503187
Number of nodes: 19
Student reward: 0.2727272727272727
Iteration 48/80
Training student with 45755 points
Train accuracy: 0.333132990929953
Test accuracy: 0.33449896186209155
Number of nodes: 19
Student reward: 0.2909090909090909
Iteration 49/80
Training student with 46664 points
Train accuracy: 0.3314671452680078
Test accuracy: 0.331511839708561
Number of nodes: 19
Student reward: 0.3818181818181818
Iteration 50/80
Training student with 47482 points
Train accuracy: 0.32720810846386733
Test accuracy: 0.33621143519006
Number of nodes: 19
Student reward: 0.3727272727272727
Iteration 51/80
Training student with 48482 points
Train accuracy: 0.3273172618280263
Test accuracy: 0.3218521192121275
Number of nodes: 19
Student reward: 0.32727272727272727
Iteration 52/80
Training student with 49391 points
Train accuracy: 0.3285331038671796
Test accuracy: 0.32199615345682764
Number of nodes: 17
Student reward: 0.2818181818181818
Iteration 53/80
Training student with 50391 points
Train accuracy: 0.32910795792816033
Test accuracy: 0.3224526242682806
Number of nodes: 19
Student reward: 0.22727272727272724
Iteration 54/80
Training student with 51391 points
Train accuracy: 0.32698482194979567
Test accuracy: 0.3313551901935986
Number of nodes: 19
Student reward: 0.22727272727272724
Iteration 55/80
Training student with 52300 points
Train accuracy: 0.3283460803059273
Test accuracy: 0.31864244741873804
Number of nodes: 19
Student reward: 0.2727272727272727
Iteration 56/80
Training student with 53300 points
Train accuracy: 0.32847091932457784
Test accuracy: 0.3215759849906191
Number of nodes: 19
Student reward: 0.21818181818181817
Iteration 57/80
Training student with 54300 points
Train accuracy: 0.3278314917127072
Test accuracy: 0.3281767955801105
Number of nodes: 19
Student reward: 0.36363636363636365
Iteration 58/80
Training student with 55300 points
Train accuracy: 0.3292269439421338
Test accuracy: 0.32721518987341774
Number of nodes: 19
Student reward: 0.22727272727272724
Iteration 59/80
Training student with 56300 points
Train accuracy: 0.3308170515097691
Test accuracy: 0.32264653641207813
Number of nodes: 19
Student reward: 0.16363636363636364
Iteration 60/80
Training student with 57300 points
Train accuracy: 0.32916666666666666
Test accuracy: 0.32809773123909247
Number of nodes: 19
Student reward: 0.18181818181818182
Iteration 61/80
Training student with 58300 points
Train accuracy: 0.329352487135506
Test accuracy: 0.32993138936535166
Number of nodes: 19
Student reward: 0.18181818181818182
Iteration 62/80
Training student with 59300 points
Train accuracy: 0.3279300168634064
Test accuracy: 0.33069139966273187
Number of nodes: 19
Student reward: 0.3363636363636363
Iteration 63/80
Training student with 60209 points
Train accuracy: 0.33155479892872713
Test accuracy: 0.3237003819963461
Number of nodes: 19
Student reward: 0.35454545454545455
Iteration 64/80
Training student with 61118 points
Train accuracy: 0.33372192907105164
Test accuracy: 0.32288939790575916
Number of nodes: 19
Student reward: 0.16363636363636364
Iteration 65/80
Training student with 62118 points
Train accuracy: 0.3319314202921882
Test accuracy: 0.3251770766258854
Number of nodes: 17
Student reward: 0.23636363636363633
Iteration 66/80
Training student with 63027 points
Train accuracy: 0.3310922036453065
Test accuracy: 0.3305568776772965
Number of nodes: 19
Student reward: 0.3090909090909091
Iteration 67/80
Training student with 63936 points
Train accuracy: 0.3311761945726128
Test accuracy: 0.33195182984047544
Number of nodes: 19
Student reward: 0.1181818181818182
Iteration 68/80
Training student with 64936 points
Train accuracy: 0.33054208054208056
Test accuracy: 0.3289959963042809
Number of nodes: 19
Student reward: 0.46363636363636357
Iteration 69/80
Training student with 65663 points
Train accuracy: 0.3311441081286884
Test accuracy: 0.3293230792659712
Number of nodes: 19
Student reward: 0.1909090909090909
Iteration 70/80
Training student with 66663 points
Train accuracy: 0.33140821301331336
Test accuracy: 0.3255081377034426
Number of nodes: 19
Student reward: 0.41818181818181815
Iteration 71/80
Training student with 67572 points
Train accuracy: 0.33216789684962167
Test accuracy: 0.3323714391416944
Number of nodes: 19
Student reward: 0.21818181818181817
Iteration 72/80
Training student with 68572 points
Train accuracy: 0.3321362816049
Test accuracy: 0.32905577834487787
Number of nodes: 19
Student reward: 0.28181818181818175
Iteration 73/80
Training student with 69481 points
Train accuracy: 0.3331174438687392
Test accuracy: 0.3257537598042743
Number of nodes: 19
Student reward: 0.14545454545454545
Iteration 74/80
Training student with 70481 points
Train accuracy: 0.33080306469920545
Test accuracy: 0.3287933602894233
Number of nodes: 19
Student reward: 0.13636363636363635
Iteration 75/80
Training student with 71481 points
Train accuracy: 0.3311415780637941
Test accuracy: 0.327761068755683
Number of nodes: 19
Student reward: 0.46363636363636357
Iteration 76/80
Training student with 72299 points
Train accuracy: 0.3328722834073895
Test accuracy: 0.32455048409405257
Number of nodes: 19
Student reward: 0.20909090909090908
Iteration 77/80
Training student with 73299 points
Train accuracy: 0.33053087535599174
Test accuracy: 0.32789904502046385
Number of nodes: 19
Student reward: 0.32727272727272727
Iteration 78/80
Training student with 74026 points
Train accuracy: 0.33085106382978724
Test accuracy: 0.32878562744833173
Number of nodes: 19
Student reward: 0.2818181818181818
Iteration 79/80
Training student with 74935 points
Train accuracy: 0.33031961032895174
Test accuracy: 0.32888503369586974
Number of nodes: 19
Student reward: 0.2909090909090909
Initial policy count: 80
Current policy count: 40
Reward update: 0.46363636363636357 -> 0.21454545454545454
Reward update: 0.46363636363636357 -> 0.27272727272727276
Reward update: 0.41818181818181815 -> 0.24363636363636382
Reward update: 0.41818181818181815 -> 0.24363636363636357
Reward update: 0.39090909090909093 -> 0.34
Reward update: 0.3909090909090909 -> 0.26181818181818195
Reward update: 0.3909090909090909 -> 0.2581818181818183
Reward update: 0.3818181818181818 -> 0.25272727272727274
Reward update: 0.3727272727272727 -> 0.2927272727272727
Reward update: 0.36363636363636365 -> 0.22363636363636372
Reward update: 0.36363636363636365 -> 0.2690909090909092
Reward update: 0.35454545454545455 -> 0.3018181818181818
Reward update: 0.35454545454545455 -> 0.3254545454545456
Reward update: 0.3363636363636363 -> 0.3036363636363637
Reward update: 0.32727272727272727 -> 0.270909090909091
Reward update: 0.32727272727272727 -> 0.23272727272727273
Reward update: 0.32727272727272727 -> 0.22000000000000008
Reward update: 0.31818181818181823 -> 0.22727272727272735
Reward update: 0.3181818181818182 -> 0.32
Reward update: 0.3090909090909091 -> 0.27454545454545454
Reward update: 0.3 -> 0.270909090909091
Reward update: 0.29999999999999993 -> 0.25090909090909097
Reward update: 0.2909090909090909 -> 0.3018181818181819
Reward update: 0.2909090909090909 -> 0.26545454545454555
Reward update: 0.2909090909090909 -> 0.2763636363636364
Reward update: 0.2909090909090909 -> 0.24727272727272742
Reward update: 0.28181818181818186 -> 0.22363636363636366
Reward update: 0.2818181818181818 -> 0.2836363636363637
Reward update: 0.2818181818181818 -> 0.28
Reward update: 0.28181818181818175 -> 0.20909090909090908
Reward update: 0.2727272727272727 -> 0.290909090909091
Reward update: 0.2727272727272727 -> 0.21090909090909093
Reward update: 0.2727272727272727 -> 0.2927272727272728
Reward update: 0.2727272727272727 -> 0.20909090909090908
Reward update: 0.2727272727272727 -> 0.2727272727272727
Reward update: 0.2727272727272727 -> 0.25636363636363635
Reward update: 0.26363636363636367 -> 0.23454545454545453
Reward update: 0.2636363636363636 -> 0.19636363636363632
Reward update: 0.2545454545454545 -> 0.28
Reward update: 0.2545454545454545 -> 0.2472727272727273
Current policy count: 20
Reward update: 0.34 -> 0.2527272727272728
Reward update: 0.3254545454545456 -> 0.3072727272727273
Reward update: 0.32 -> 0.29454545454545467
Reward update: 0.3036363636363637 -> 0.2618181818181818
Reward update: 0.3018181818181819 -> 0.32363636363636383
Reward update: 0.3018181818181818 -> 0.28
Reward update: 0.2927272727272728 -> 0.1872727272727272
Reward update: 0.2927272727272727 -> 0.21818181818181817
Reward update: 0.290909090909091 -> 0.30727272727272736
Reward update: 0.2836363636363637 -> 0.2509090909090909
Reward update: 0.28 -> 0.20727272727272728
Reward update: 0.28 -> 0.22000000000000003
Reward update: 0.2763636363636364 -> 0.23090909090909092
Reward update: 0.27454545454545454 -> 0.2218181818181818
Reward update: 0.27272727272727276 -> 0.3345454545454545
Reward update: 0.2727272727272727 -> 0.2763636363636365
Reward update: 0.270909090909091 -> 0.26545454545454555
Reward update: 0.270909090909091 -> 0.22000000000000003
Reward update: 0.2690909090909092 -> 0.2709090909090909
Reward update: 0.26545454545454555 -> 0.26000000000000006
Current policy count: 10
Reward update: 0.3345454545454545 -> 0.22
Reward update: 0.32363636363636383 -> 0.31272727272727285
Reward update: 0.30727272727272736 -> 0.21272727272727274
Reward update: 0.3072727272727273 -> 0.1763636363636363
Reward update: 0.29454545454545467 -> 0.26545454545454544
Reward update: 0.28 -> 0.22909090909090907
Reward update: 0.2763636363636365 -> 0.2763636363636364
Reward update: 0.2709090909090909 -> 0.2618181818181818
Reward update: 0.26545454545454555 -> 0.3781818181818183
Reward update: 0.2618181818181818 -> 0.2836363636363637
Current policy count: 5
Reward update: 0.3781818181818183 -> 0.3745454545454545
Reward update: 0.31272727272727285 -> 0.21272727272727276
Reward update: 0.2836363636363637 -> 0.2636363636363636
Reward update: 0.2763636363636364 -> 0.25090909090909097
Reward update: 0.26545454545454544 -> 0.19454545454545458
Current policy count: 3
Reward update: 0.3745454545454545 -> 0.30181818181818193
Reward update: 0.2636363636363636 -> 0.30181818181818193
Reward update: 0.25090909090909097 -> 0.32363636363636367
Current policy count: 2
Reward update: 0.32363636363636367 -> 0.3600000000000001
Reward update: 0.30181818181818193 -> 0.16181818181818175
Current policy count: 1
Reward update: 0.3600000000000001 -> 0.2654545454545455
Final reward: 0.24909090909090914
Number of nodes: 19
