Iteration 0/80
Training student with 1028 points
Train accuracy: 0.8759124087591241
Test accuracy: 0.8689320388349514
Number of nodes: 5
Student reward: 10.3
Iteration 1/80
Training student with 1957 points
Train accuracy: 0.8837060702875399
Test accuracy: 0.8852040816326531
Number of nodes: 5
Student reward: 9.3
Iteration 2/80
Training student with 2737 points
Train accuracy: 0.8821379625399726
Test accuracy: 0.8448905109489051
Number of nodes: 5
Student reward: 10.2
Iteration 3/80
Training student with 3660 points
Train accuracy: 0.8715846994535519
Test accuracy: 0.8825136612021858
Number of nodes: 5
Student reward: 8.0
Iteration 4/80
Training student with 4365 points
Train accuracy: 0.8780068728522337
Test accuracy: 0.8785796105383734
Number of nodes: 5
Student reward: 9.9
Iteration 5/80
Training student with 5248 points
Train accuracy: 0.8725583611243449
Test accuracy: 0.8657142857142858
Number of nodes: 5
Student reward: 9.6
Iteration 6/80
Training student with 6120 points
Train accuracy: 0.8860294117647058
Test accuracy: 0.8848039215686274
Number of nodes: 5
Student reward: 9.8
Iteration 7/80
Training student with 7043 points
Train accuracy: 0.8807241746538871
Test accuracy: 0.8907026259758695
Number of nodes: 5
Student reward: 9.3
Iteration 8/80
Training student with 7928 points
Train accuracy: 0.8795332702617471
Test accuracy: 0.8770491803278688
Number of nodes: 5
Student reward: 10.0
Iteration 9/80
Training student with 8844 points
Train accuracy: 0.8822614840989399
Test accuracy: 0.8699830412662521
Number of nodes: 5
Student reward: 9.8
Iteration 10/80
Training student with 9761 points
Train accuracy: 0.8757684426229508
Test accuracy: 0.8786482334869432
Number of nodes: 5
Student reward: 9.4
Iteration 11/80
Training student with 10589 points
Train accuracy: 0.8819501829772164
Test accuracy: 0.8890462700661
Number of nodes: 5
Student reward: 9.7
Iteration 12/80
Training student with 11481 points
Train accuracy: 0.880770905923345
Test accuracy: 0.8828907270352634
Number of nodes: 5
Student reward: 9.4
Iteration 13/80
Training student with 12365 points
Train accuracy: 0.8791953093408815
Test accuracy: 0.8734330772341286
Number of nodes: 5
Student reward: 8.1
Iteration 14/80
Training student with 13073 points
Train accuracy: 0.8820042073054122
Test accuracy: 0.8833652007648184
Number of nodes: 5
Student reward: 8.3
Iteration 15/80
Training student with 13828 points
Train accuracy: 0.884288555414934
Test accuracy: 0.8846710050614606
Number of nodes: 5
Student reward: 10.8
Iteration 16/80
Training student with 14811 points
Train accuracy: 0.8792201215395004
Test accuracy: 0.8852514343570705
Number of nodes: 5
Student reward: 8.8
Iteration 17/80
Training student with 15618 points
Train accuracy: 0.8783416039699056
Test accuracy: 0.8770806658130602
Number of nodes: 5
Student reward: 10.3
Iteration 18/80
Training student with 16550 points
Train accuracy: 0.8789274924471299
Test accuracy: 0.8797583081570997
Number of nodes: 5
Student reward: 9.1
Iteration 19/80
Training student with 17382 points
Train accuracy: 0.8846458108594031
Test accuracy: 0.8829450675870003
Number of nodes: 5
Student reward: 8.7
Iteration 20/80
Training student with 18203 points
Train accuracy: 0.8842878725449801
Test accuracy: 0.8873935731941774
Number of nodes: 5
Student reward: 10.7
Iteration 21/80
Training student with 19184 points
Train accuracy: 0.8832996676874959
Test accuracy: 0.8835027365129007
Number of nodes: 5
Student reward: 8.1
Iteration 22/80
Training student with 19928 points
Train accuracy: 0.8800652364822481
Test accuracy: 0.8858504766683392
Number of nodes: 5
Student reward: 9.8
Iteration 23/80
Training student with 20839 points
Train accuracy: 0.8854897726591087
Test accuracy: 0.8865163147792706
Number of nodes: 5
Student reward: 8.5
Iteration 24/80
Training student with 21593 points
Train accuracy: 0.8815560958666203
Test accuracy: 0.8770548738133828
Number of nodes: 5
Student reward: 10.4
Iteration 25/80
Training student with 22531 points
Train accuracy: 0.883988015978695
Test accuracy: 0.8788551142666963
Number of nodes: 5
Student reward: 9.3
Iteration 26/80
Training student with 23354 points
Train accuracy: 0.8826205641492265
Test accuracy: 0.8807535859558981
Number of nodes: 5
Student reward: 8.1
Iteration 27/80
Training student with 24114 points
Train accuracy: 0.8792182883209787
Test accuracy: 0.8797428986108231
Number of nodes: 5
Student reward: 9.4
Iteration 28/80
Training student with 24989 points
Train accuracy: 0.8873493071882347
Test accuracy: 0.8703481392557023
Number of nodes: 5
Student reward: 9.5
Iteration 29/80
Training student with 25821 points
Train accuracy: 0.8832784663051898
Test accuracy: 0.8753146176185866
Number of nodes: 5
Student reward: 9.7
Iteration 30/80
Training student with 26695 points
Train accuracy: 0.8774115002809515
Test accuracy: 0.8810638696385091
Number of nodes: 5
Student reward: 10.5
Iteration 31/80
Training student with 27649 points
Train accuracy: 0.8795605587956056
Test accuracy: 0.8858951175406872
Number of nodes: 5
Student reward: 8.5
Iteration 32/80
Training student with 28422 points
Train accuracy: 0.8806790693583146
Test accuracy: 0.8788038698328936
Number of nodes: 5
Student reward: 9.0
Iteration 33/80
Training student with 29245 points
Train accuracy: 0.8839545221405368
Test accuracy: 0.8857924431526757
Number of nodes: 5
Student reward: 10.2
Iteration 34/80
Training student with 30249 points
Train accuracy: 0.882061242200091
Test accuracy: 0.8842975206611571
Number of nodes: 5
Student reward: 8.8
Iteration 35/80
Training student with 31069 points
Train accuracy: 0.8834439750553209
Test accuracy: 0.8870292887029289
Number of nodes: 5
Student reward: 10.0
Iteration 36/80
Training student with 31953 points
Train accuracy: 0.8842813551365308
Test accuracy: 0.882960413080895
Number of nodes: 5
Student reward: 9.6
Iteration 37/80
Training student with 32832 points
Train accuracy: 0.8793070626308775
Test accuracy: 0.8844221105527639
Number of nodes: 5
Student reward: 10.4
Iteration 38/80
Training student with 33790 points
Train accuracy: 0.8818067475584492
Test accuracy: 0.8817697543651968
Number of nodes: 5
Student reward: 10.5
Iteration 39/80
Training student with 34755 points
Train accuracy: 0.8803769241835707
Test accuracy: 0.879154078549849
Number of nodes: 5
Student reward: 10.1
Iteration 40/80
Training student with 35702 points
Train accuracy: 0.8852631210391793
Test accuracy: 0.8883909816552303
Number of nodes: 5
Student reward: 10.2
Iteration 41/80
Training student with 36637 points
Train accuracy: 0.8815039748882596
Test accuracy: 0.8760917030567685
Number of nodes: 5
Student reward: 9.7
Iteration 42/80
Training student with 37559 points
Train accuracy: 0.8810530169401272
Test accuracy: 0.8763312034078807
Number of nodes: 5
Student reward: 9.0
Iteration 43/80
Training student with 38370 points
Train accuracy: 0.8810594214229867
Test accuracy: 0.8772478498827209
Number of nodes: 5
Student reward: 8.6
Iteration 44/80
Training student with 39126 points
Train accuracy: 0.8815654952076677
Test accuracy: 0.8838487094301047
Number of nodes: 5
Student reward: 9.9
Iteration 45/80
Training student with 40033 points
Train accuracy: 0.8805033410354087
Test accuracy: 0.8807293618084177
Number of nodes: 5
Student reward: 10.4
Iteration 46/80
Training student with 40982 points
Train accuracy: 0.8813786792740582
Test accuracy: 0.8787361229718189
Number of nodes: 5
Student reward: 9.8
Iteration 47/80
Training student with 41898 points
Train accuracy: 0.884867832209559
Test accuracy: 0.880071599045346
Number of nodes: 5
Student reward: 9.5
Iteration 48/80
Training student with 42791 points
Train accuracy: 0.8835884552465529
Test accuracy: 0.8789578221754878
Number of nodes: 5
Student reward: 9.8
Iteration 49/80
Training student with 43680 points
Train accuracy: 0.8802083333333334
Test accuracy: 0.8839285714285714
Number of nodes: 5
Student reward: 8.4
Iteration 50/80
Training student with 44469 points
Train accuracy: 0.8821644413211525
Test accuracy: 0.8800314818979087
Number of nodes: 5
Student reward: 9.1
Iteration 51/80
Training student with 45297 points
Train accuracy: 0.8837652123520159
Test accuracy: 0.8869757174392936
Number of nodes: 5
Student reward: 9.0
Iteration 52/80
Training student with 46102 points
Train accuracy: 0.879883951085925
Test accuracy: 0.8820084589523913
Number of nodes: 5
Student reward: 10.4
Iteration 53/80
Training student with 47014 points
Train accuracy: 0.8818962537555503
Test accuracy: 0.8846112942677868
Number of nodes: 5
Student reward: 9.2
Iteration 54/80
Training student with 47870 points
Train accuracy: 0.8831731773553374
Test accuracy: 0.8863588886567788
Number of nodes: 5
Student reward: 9.5
Iteration 55/80
Training student with 48764 points
Train accuracy: 0.8812642587988003
Test accuracy: 0.8797293140572132
Number of nodes: 5
Student reward: 10.6
Iteration 56/80
Training student with 49727 points
Train accuracy: 0.8796661722933059
Test accuracy: 0.8767343655741001
Number of nodes: 5
Student reward: 10.5
Iteration 57/80
Training student with 50720 points
Train accuracy: 0.8799536671924291
Test accuracy: 0.8816048895899053
Number of nodes: 5
Student reward: 8.5
Iteration 58/80
Training student with 51542 points
Train accuracy: 0.8790774379744379
Test accuracy: 0.8804927733048792
Number of nodes: 5
Student reward: 9.0
Iteration 59/80
Training student with 52355 points
Train accuracy: 0.8796676535192436
Test accuracy: 0.8778531181358037
Number of nodes: 5
Student reward: 10.7
Iteration 60/80
Training student with 53282 points
Train accuracy: 0.8817595307917888
Test accuracy: 0.8762315848737918
Number of nodes: 5
Student reward: 7.6
Iteration 61/80
Training student with 54017 points
Train accuracy: 0.8813551477564622
Test accuracy: 0.8805072195483155
Number of nodes: 5
Student reward: 9.7
Iteration 62/80
Training student with 54898 points
Train accuracy: 0.8832141718657498
Test accuracy: 0.8848816029143898
Number of nodes: 5
Student reward: 9.9
Iteration 63/80
Training student with 55787 points
Train accuracy: 0.8772995137690739
Test accuracy: 0.8772181394515146
Number of nodes: 5
Student reward: 8.5
Iteration 64/80
Training student with 56580 points
Train accuracy: 0.8825335807705903
Test accuracy: 0.8865323435843054
Number of nodes: 5
Student reward: 10.7
Iteration 65/80
Training student with 57611 points
Train accuracy: 0.8822904009720535
Test accuracy: 0.8772021175041221
Number of nodes: 5
Student reward: 9.2
Iteration 66/80
Training student with 58411 points
Train accuracy: 0.8799435028248588
Test accuracy: 0.8834203543610374
Number of nodes: 5
Student reward: 8.7
Iteration 67/80
Training student with 59206 points
Train accuracy: 0.8815344987754412
Test accuracy: 0.8774700219557507
Number of nodes: 5
Student reward: 9.5
Iteration 68/80
Training student with 60066 points
Train accuracy: 0.8796928327645052
Test accuracy: 0.8779756950224737
Number of nodes: 5
Student reward: 7.8
Iteration 69/80
Training student with 60824 points
Train accuracy: 0.8789124314104276
Test accuracy: 0.8783394985614468
Number of nodes: 5
Student reward: 10.0
Iteration 70/80
Training student with 61739 points
Train accuracy: 0.8796339414063291
Test accuracy: 0.8775510204081632
Number of nodes: 5
Student reward: 8.9
Iteration 71/80
Training student with 62562 points
Train accuracy: 0.8792982876780755
Test accuracy: 0.8748501558379286
Number of nodes: 5
Student reward: 10.5
Iteration 72/80
Training student with 63488 points
Train accuracy: 0.8799566843866903
Test accuracy: 0.8778547802803591
Number of nodes: 5
Student reward: 8.4
Iteration 73/80
Training student with 64303 points
Train accuracy: 0.8801562925236188
Test accuracy: 0.8741932975662857
Number of nodes: 5
Student reward: 9.0
Iteration 74/80
Training student with 65101 points
Train accuracy: 0.8776305683563748
Test accuracy: 0.8810383227094694
Number of nodes: 5
Student reward: 8.8
Iteration 75/80
Training student with 65896 points
Train accuracy: 0.8780635860080431
Test accuracy: 0.8817905918057664
Number of nodes: 5
Student reward: 10.5
Iteration 76/80
Training student with 66834 points
Train accuracy: 0.8820580919071577
Test accuracy: 0.8826961921149099
Number of nodes: 5
Student reward: 8.0
Iteration 77/80
Training student with 67603 points
Train accuracy: 0.8780925261639733
Test accuracy: 0.8792249094001923
Number of nodes: 5
Student reward: 9.7
Iteration 78/80
Training student with 68458 points
Train accuracy: 0.8802724318007523
Test accuracy: 0.876278118609407
Number of nodes: 5
Student reward: 9.3
Iteration 79/80
Training student with 69298 points
Train accuracy: 0.8793426891301995
Test accuracy: 0.8840548340548341
Number of nodes: 5
Student reward: 7.7
Initial policy count: 80
Current policy count: 40
Reward update: 10.8 -> 9.76
Reward update: 10.7 -> 9.18
Reward update: 10.7 -> 9.66
Reward update: 10.7 -> 9.3
Reward update: 10.6 -> 9.64
Reward update: 10.5 -> 10.38
Reward update: 10.5 -> 9.44
Reward update: 10.5 -> 9.22
Reward update: 10.5 -> 9.98
Reward update: 10.5 -> 8.8
Reward update: 10.4 -> 9.12
Reward update: 10.4 -> 9.78
Reward update: 10.4 -> 9.48
Reward update: 10.4 -> 9.4
Reward update: 10.3 -> 9.56
Reward update: 10.3 -> 9.28
Reward update: 10.2 -> 9.12
Reward update: 10.2 -> 8.98
Reward update: 10.2 -> 9.26
Reward update: 10.1 -> 9.4
Reward update: 10.0 -> 8.74
Reward update: 10.0 -> 9.92
Reward update: 10.0 -> 9.24
Reward update: 9.9 -> 9.6
Reward update: 9.9 -> 9.4
Reward update: 9.9 -> 9.7
Reward update: 9.8 -> 9.56
Reward update: 9.8 -> 9.5
Reward update: 9.8 -> 9.02
Reward update: 9.8 -> 9.26
Reward update: 9.8 -> 9.86
Reward update: 9.7 -> 9.42
Reward update: 9.7 -> 9.46
Reward update: 9.7 -> 9.32
Reward update: 9.7 -> 9.08
Reward update: 9.7 -> 9.24
Reward update: 9.6 -> 9.0
Reward update: 9.6 -> 8.98
Reward update: 9.5 -> 9.16
Reward update: 9.5 -> 9.38
Current policy count: 20
Reward update: 10.38 -> 9.72
Reward update: 9.98 -> 9.88
Reward update: 9.92 -> 9.72
Reward update: 9.86 -> 10.16
Reward update: 9.78 -> 9.7
Reward update: 9.76 -> 8.98
Reward update: 9.7 -> 9.46
Reward update: 9.66 -> 9.28
Reward update: 9.64 -> 8.8
Reward update: 9.6 -> 10.24
Reward update: 9.56 -> 9.8
Reward update: 9.56 -> 9.26
Reward update: 9.5 -> 10.08
Reward update: 9.48 -> 10.12
Reward update: 9.46 -> 9.64
Reward update: 9.44 -> 9.28
Reward update: 9.42 -> 10.12
Reward update: 9.4 -> 9.12
Reward update: 9.4 -> 9.46
Reward update: 9.4 -> 9.34
Current policy count: 10
Reward update: 10.24 -> 9.76
Reward update: 10.16 -> 10.12
Reward update: 10.12 -> 9.64
Reward update: 10.12 -> 9.6
Reward update: 10.08 -> 9.6
Reward update: 9.88 -> 9.8
Reward update: 9.8 -> 9.84
Reward update: 9.72 -> 10.0
Reward update: 9.72 -> 9.92
Reward update: 9.7 -> 9.58
Current policy count: 5
Reward update: 10.12 -> 9.24
Reward update: 10.0 -> 9.62
Reward update: 9.92 -> 9.92
Reward update: 9.84 -> 10.2
Reward update: 9.8 -> 9.7
Current policy count: 3
Reward update: 10.2 -> 9.98
Reward update: 9.92 -> 10.22
Reward update: 9.7 -> 9.44
Current policy count: 2
Reward update: 10.22 -> 9.74
Reward update: 9.98 -> 9.82
Current policy count: 1
Reward update: 9.82 -> 9.46
Final reward: 9.4
Number of nodes: 5
