Iteration 0/80
Training student with 98 points
Train accuracy: 0.9871794871794872
Test accuracy: 0.95
Number of nodes: 1
Student reward: 178.8934585571289
Iteration 1/80
Training student with 202 points
Train accuracy: 0.9875776397515528
Test accuracy: 1.0
Number of nodes: 1
Student reward: 147.03260650634766
Iteration 2/80
Training student with 309 points
Train accuracy: 0.9838056680161943
Test accuracy: 1.0
Number of nodes: 1
Student reward: 100.13765411376953
Iteration 3/80
Training student with 402 points
Train accuracy: 0.9844236760124611
Test accuracy: 1.0
Number of nodes: 1
Student reward: 162.61009826660157
Iteration 4/80
Training student with 519 points
Train accuracy: 0.9903614457831326
Test accuracy: 0.9903846153846154
Number of nodes: 1
Student reward: 104.07156219482422
Iteration 5/80
Training student with 620 points
Train accuracy: 0.9899193548387096
Test accuracy: 0.9919354838709677
Number of nodes: 1
Student reward: 126.88667755126953
Iteration 6/80
Training student with 720 points
Train accuracy: 0.9861111111111112
Test accuracy: 1.0
Number of nodes: 1
Student reward: 84.39202575683593
Iteration 7/80
Training student with 810 points
Train accuracy: 0.9876543209876543
Test accuracy: 0.9876543209876543
Number of nodes: 1
Student reward: 165.7870651245117
Iteration 8/80
Training student with 927 points
Train accuracy: 0.9919028340080972
Test accuracy: 0.9731182795698925
Number of nodes: 1
Student reward: 139.32299194335937
Iteration 9/80
Training student with 1031 points
Train accuracy: 0.9854368932038835
Test accuracy: 0.9951690821256038
Number of nodes: 1
Student reward: 190.69903564453125
Iteration 10/80
Training student with 1152 points
Train accuracy: 0.98914223669924
Test accuracy: 0.987012987012987
Number of nodes: 1
Student reward: 131.39749450683593
Iteration 11/80
Training student with 1257 points
Train accuracy: 0.9900497512437811
Test accuracy: 0.9880952380952381
Number of nodes: 1
Student reward: 77.94507751464843
Iteration 12/80
Training student with 1351 points
Train accuracy: 0.9925925925925926
Test accuracy: 0.981549815498155
Number of nodes: 1
Student reward: 165.37354431152343
Iteration 13/80
Training student with 1465 points
Train accuracy: 0.9897610921501706
Test accuracy: 0.9897610921501706
Number of nodes: 1
Student reward: 160.2353057861328
Iteration 14/80
Training student with 1567 points
Train accuracy: 0.99122106943336
Test accuracy: 0.9840764331210191
Number of nodes: 1
Student reward: 165.2605773925781
Iteration 15/80
Training student with 1684 points
Train accuracy: 0.9903489235337788
Test accuracy: 0.9881305637982196
Number of nodes: 1
Student reward: 106.25415802001953
Iteration 16/80
Training student with 1777 points
Train accuracy: 0.9901477832512315
Test accuracy: 0.9915730337078652
Number of nodes: 1
Student reward: 108.6575210571289
Iteration 17/80
Training student with 1882 points
Train accuracy: 0.9920265780730897
Test accuracy: 0.9840848806366048
Number of nodes: 1
Student reward: 165.75404205322266
Iteration 18/80
Training student with 1993 points
Train accuracy: 0.9905897114178168
Test accuracy: 0.9874686716791979
Number of nodes: 1
Student reward: 105.40737609863281
Iteration 19/80
Training student with 2099 points
Train accuracy: 0.9898749255509232
Test accuracy: 0.9880952380952381
Number of nodes: 1
Student reward: 94.5558853149414
Iteration 20/80
Training student with 2189 points
Train accuracy: 0.9880068532267275
Test accuracy: 0.9931506849315068
Number of nodes: 1
Student reward: 93.66544952392579
Iteration 21/80
Training student with 2281 points
Train accuracy: 0.9879385964912281
Test accuracy: 0.9912472647702407
Number of nodes: 1
Student reward: 122.67797546386718
Iteration 22/80
Training student with 2383 points
Train accuracy: 0.9889821615949633
Test accuracy: 0.9874213836477987
Number of nodes: 1
Student reward: 156.19681701660156
Iteration 23/80
Training student with 2491 points
Train accuracy: 0.9879518072289156
Test accuracy: 0.9919839679358717
Number of nodes: 1
Student reward: 81.38367004394532
Iteration 24/80
Training student with 2586 points
Train accuracy: 0.988394584139265
Test accuracy: 0.9922779922779923
Number of nodes: 1
Student reward: 115.20987396240234
Iteration 25/80
Training student with 2689 points
Train accuracy: 0.9869827986982799
Test accuracy: 0.9944237918215614
Number of nodes: 1
Student reward: 146.68594360351562
Iteration 26/80
Training student with 2791 points
Train accuracy: 0.989247311827957
Test accuracy: 0.9856887298747764
Number of nodes: 1
Student reward: 215.80267181396485
Iteration 27/80
Training student with 2923 points
Train accuracy: 0.9884516680923866
Test accuracy: 0.9880341880341881
Number of nodes: 1
Student reward: 187.55067443847656
Iteration 28/80
Training student with 3034 points
Train accuracy: 0.988463123197363
Test accuracy: 0.9868204283360791
Number of nodes: 1
Student reward: 85.10951080322266
Iteration 29/80
Training student with 3129 points
Train accuracy: 0.9884139033160207
Test accuracy: 0.987220447284345
Number of nodes: 1
Student reward: 83.1847900390625
Iteration 30/80
Training student with 3216 points
Train accuracy: 0.9863919129082426
Test accuracy: 0.9891304347826086
Number of nodes: 1
Student reward: 111.23238372802734
Iteration 31/80
Training student with 3305 points
Train accuracy: 0.9882753403933434
Test accuracy: 0.9818456883509834
Number of nodes: 1
Student reward: 141.00774383544922
Iteration 32/80
Training student with 3417 points
Train accuracy: 0.9897548481522137
Test accuracy: 0.9780701754385965
Number of nodes: 1
Student reward: 198.6686233520508
Iteration 33/80
Training student with 3546 points
Train accuracy: 0.986953455571227
Test accuracy: 0.9887323943661972
Number of nodes: 1
Student reward: 135.36761932373048
Iteration 34/80
Training student with 3653 points
Train accuracy: 0.9863107460643394
Test accuracy: 0.9863201094391245
Number of nodes: 1
Student reward: 51.97901306152344
Iteration 35/80
Training student with 3746 points
Train accuracy: 0.9853137516688919
Test accuracy: 0.9866666666666667
Number of nodes: 1
Student reward: 172.66875762939452
Iteration 36/80
Training student with 3866 points
Train accuracy: 0.9880336351875808
Test accuracy: 0.9767441860465116
Number of nodes: 1
Student reward: 155.00837249755858
Iteration 37/80
Training student with 3974 points
Train accuracy: 0.9864737338785782
Test accuracy: 0.9836477987421384
Number of nodes: 1
Student reward: 134.58685913085938
Iteration 38/80
Training student with 4086 points
Train accuracy: 0.9868421052631579
Test accuracy: 0.9841075794621027
Number of nodes: 1
Student reward: 90.79983978271484
Iteration 39/80
Training student with 4186 points
Train accuracy: 0.9862604540023895
Test accuracy: 0.9880668257756563
Number of nodes: 1
Student reward: 133.58492279052734
Iteration 40/80
Training student with 4287 points
Train accuracy: 0.9865850102070575
Test accuracy: 0.9883449883449883
Number of nodes: 1
Student reward: 82.50142974853516
Iteration 41/80
Training student with 4386 points
Train accuracy: 0.9883124287343216
Test accuracy: 0.9829157175398633
Number of nodes: 1
Student reward: 154.3026580810547
Iteration 42/80
Training student with 4500 points
Train accuracy: 0.9875
Test accuracy: 0.9866666666666667
Number of nodes: 1
Student reward: 136.986572265625
Iteration 43/80
Training student with 4604 points
Train accuracy: 0.9869671463480858
Test accuracy: 0.988056460369164
Number of nodes: 1
Student reward: 148.1452194213867
Iteration 44/80
Training student with 4706 points
Train accuracy: 0.9872476089266737
Test accuracy: 0.9872611464968153
Number of nodes: 1
Student reward: 79.76522979736328
Iteration 45/80
Training student with 4807 points
Train accuracy: 0.9875162548764629
Test accuracy: 0.9854469854469855
Number of nodes: 1
Student reward: 137.11737823486328
Iteration 46/80
Training student with 4909 points
Train accuracy: 0.9872676343264578
Test accuracy: 0.9857433808553971
Number of nodes: 1
Student reward: 148.32723083496094
Iteration 47/80
Training student with 5020 points
Train accuracy: 0.9868027888446215
Test accuracy: 0.9860557768924303
Number of nodes: 1
Student reward: 146.75354614257813
Iteration 48/80
Training student with 5129 points
Train accuracy: 0.9844016573239094
Test accuracy: 0.9951267056530214
Number of nodes: 1
Student reward: 171.3116912841797
Iteration 49/80
Training student with 5237 points
Train accuracy: 0.9873478157078062
Test accuracy: 0.9837786259541985
Number of nodes: 1
Student reward: 150.49638671875
Iteration 50/80
Training student with 5339 points
Train accuracy: 0.9854834933270896
Test accuracy: 0.9887640449438202
Number of nodes: 1
Student reward: 205.98946533203124
Iteration 51/80
Training student with 5466 points
Train accuracy: 0.9851326623970723
Test accuracy: 0.9917733089579525
Number of nodes: 1
Student reward: 129.50631408691407
Iteration 52/80
Training student with 5558 points
Train accuracy: 0.9867296446243815
Test accuracy: 0.9856115107913669
Number of nodes: 1
Student reward: 94.23198699951172
Iteration 53/80
Training student with 5657 points
Train accuracy: 0.9882872928176796
Test accuracy: 0.980565371024735
Number of nodes: 1
Student reward: 143.39029846191406
Iteration 54/80
Training student with 5751 points
Train accuracy: 0.9867391304347826
Test accuracy: 0.9878366637706343
Number of nodes: 1
Student reward: 223.10161590576172
Iteration 55/80
Training student with 5874 points
Train accuracy: 0.9868057033411364
Test accuracy: 0.9889361702127659
Number of nodes: 1
Student reward: 109.22932586669921
Iteration 56/80
Training student with 5974 points
Train accuracy: 0.9874450721908349
Test accuracy: 0.9849372384937238
Number of nodes: 1
Student reward: 148.28172760009767
Iteration 57/80
Training student with 6089 points
Train accuracy: 0.9872716074727982
Test accuracy: 0.9860426929392446
Number of nodes: 1
Student reward: 129.9392547607422
Iteration 58/80
Training student with 6200 points
Train accuracy: 0.9879032258064516
Test accuracy: 0.9838709677419355
Number of nodes: 1
Student reward: 163.79647521972657
Iteration 59/80
Training student with 6311 points
Train accuracy: 0.9879160063391442
Test accuracy: 0.9849564528899446
Number of nodes: 1
Student reward: 107.08224029541016
Iteration 60/80
Training student with 6401 points
Train accuracy: 0.9884765625
Test accuracy: 0.9836065573770492
Number of nodes: 1
Student reward: 107.82884063720704
Iteration 61/80
Training student with 6501 points
Train accuracy: 0.9875
Test accuracy: 0.9877017678708686
Number of nodes: 1
Student reward: 141.83963470458986
Iteration 62/80
Training student with 6610 points
Train accuracy: 0.9882753403933434
Test accuracy: 0.9848714069591528
Number of nodes: 1
Student reward: 149.44616088867187
Iteration 63/80
Training student with 6716 points
Train accuracy: 0.9879002233804914
Test accuracy: 0.9866071428571429
Number of nodes: 1
Student reward: 149.9880844116211
Iteration 64/80
Training student with 6822 points
Train accuracy: 0.9890049477735019
Test accuracy: 0.9831501831501831
Number of nodes: 1
Student reward: 127.17692413330079
Iteration 65/80
Training student with 6924 points
Train accuracy: 0.9877234157790215
Test accuracy: 0.9884476534296028
Number of nodes: 1
Student reward: 180.41624603271484
Iteration 66/80
Training student with 7041 points
Train accuracy: 0.9873934659090909
Test accuracy: 0.9893541518807665
Number of nodes: 1
Student reward: 124.07627563476562
Iteration 67/80
Training student with 7135 points
Train accuracy: 0.9879117028731604
Test accuracy: 0.9873861247372109
Number of nodes: 1
Student reward: 49.57257995605469
Iteration 68/80
Training student with 7217 points
Train accuracy: 0.9873549281136325
Test accuracy: 0.989612188365651
Number of nodes: 1
Student reward: 145.26593475341798
Iteration 69/80
Training student with 7320 points
Train accuracy: 0.9882172131147541
Test accuracy: 0.9863387978142076
Number of nodes: 1
Student reward: 91.33069458007813
Iteration 70/80
Training student with 7415 points
Train accuracy: 0.987862440997977
Test accuracy: 0.9885367498314228
Number of nodes: 1
Student reward: 150.15515899658203
Iteration 71/80
Training student with 7525 points
Train accuracy: 0.9875415282392026
Test accuracy: 0.9906976744186047
Number of nodes: 1
Student reward: 197.04397888183593
Iteration 72/80
Training student with 7647 points
Train accuracy: 0.9893738760830473
Test accuracy: 0.9830065359477124
Number of nodes: 1
Student reward: 135.21917877197265
Iteration 73/80
Training student with 7751 points
Train accuracy: 0.9872580645161291
Test accuracy: 0.9909735654416505
Number of nodes: 1
Student reward: 146.03128509521486
Iteration 74/80
Training student with 7864 points
Train accuracy: 0.9885550786838341
Test accuracy: 0.9847425301970757
Number of nodes: 1
Student reward: 100.15632019042968
Iteration 75/80
Training student with 7960 points
Train accuracy: 0.9875942211055276
Test accuracy: 0.9874371859296482
Number of nodes: 1
Student reward: 112.39764251708985
Iteration 76/80
Training student with 8057 points
Train accuracy: 0.9868114817688131
Test accuracy: 0.9906947890818859
Number of nodes: 1
Student reward: 153.02569122314452
Iteration 77/80
Training student with 8169 points
Train accuracy: 0.9866870696250957
Test accuracy: 0.9920440636474909
Number of nodes: 1
Student reward: 136.55855865478514
Iteration 78/80
Training student with 8281 points
Train accuracy: 0.987469806763285
Test accuracy: 0.9891369945684972
Number of nodes: 1
Student reward: 137.9519241333008
Iteration 79/80
Training student with 8389 points
Train accuracy: 0.9886753091938608
Test accuracy: 0.9833134684147795
Number of nodes: 1
Student reward: 190.95720825195312
Initial policy count: 80
Current policy count: 40
Reward update: 223.10161590576172 -> 138.66449920654296
Reward update: 215.80267181396485 -> 179.59991027832032
Reward update: 205.98946533203124 -> 168.09852813720704
Reward update: 198.6686233520508 -> 128.42922088623047
Reward update: 197.04397888183593 -> 120.75063903808594
Reward update: 190.95720825195312 -> 166.18311737060546
Reward update: 190.69903564453125 -> 147.16094329833984
Reward update: 187.55067443847656 -> 154.0852606201172
Reward update: 180.41624603271484 -> 126.03012481689453
Reward update: 178.8934585571289 -> 128.07575927734376
Reward update: 172.66875762939452 -> 114.39947875976563
Reward update: 171.3116912841797 -> 144.1889276123047
Reward update: 165.7870651245117 -> 159.29941375732423
Reward update: 165.75404205322266 -> 138.4796514892578
Reward update: 165.37354431152343 -> 149.08547424316407
Reward update: 165.2605773925781 -> 143.0969024658203
Reward update: 163.79647521972657 -> 123.10732513427735
Reward update: 162.61009826660157 -> 152.78321136474608
Reward update: 160.2353057861328 -> 163.6421041870117
Reward update: 156.19681701660156 -> 137.50350494384764
Reward update: 155.00837249755858 -> 137.7766390991211
Reward update: 154.3026580810547 -> 174.96098693847657
Reward update: 153.02569122314452 -> 143.91783843994142
Reward update: 150.49638671875 -> 135.8625979614258
Reward update: 150.15515899658203 -> 105.97449890136718
Reward update: 149.9880844116211 -> 154.26056335449218
Reward update: 149.44616088867187 -> 154.33025360107422
Reward update: 148.32723083496094 -> 155.38131622314452
Reward update: 148.28172760009767 -> 138.22423095703124
Reward update: 148.1452194213867 -> 154.00297790527344
Reward update: 147.03260650634766 -> 170.4848831176758
Reward update: 146.75354614257813 -> 144.64118103027343
Reward update: 146.68594360351562 -> 138.43611267089844
Reward update: 146.03128509521486 -> 130.42861328125
Reward update: 145.26593475341798 -> 133.84700408935547
Reward update: 143.39029846191406 -> 137.22403106689453
Reward update: 141.83963470458986 -> 111.12021667480468
Reward update: 141.00774383544922 -> 111.45674774169922
Reward update: 139.32299194335937 -> 129.47653289794923
Reward update: 137.9519241333008 -> 160.1304440307617
Current policy count: 20
Reward update: 179.59991027832032 -> 155.21246856689453
Reward update: 174.96098693847657 -> 113.0587091064453
Reward update: 170.4848831176758 -> 169.35004608154296
Reward update: 168.09852813720704 -> 182.51089263916015
Reward update: 166.18311737060546 -> 159.57005737304686
Reward update: 163.6421041870117 -> 127.26154937744141
Reward update: 160.1304440307617 -> 127.41395263671875
Reward update: 159.29941375732423 -> 136.23663482666015
Reward update: 155.38131622314452 -> 148.50699340820313
Reward update: 154.33025360107422 -> 190.2582293701172
Reward update: 154.26056335449218 -> 158.8499819946289
Reward update: 154.0852606201172 -> 167.67040283203124
Reward update: 154.00297790527344 -> 125.26408782958984
Reward update: 152.78321136474608 -> 140.27751373291017
Reward update: 149.08547424316407 -> 148.28869903564453
Reward update: 147.16094329833984 -> 129.9825860595703
Reward update: 144.64118103027343 -> 166.9764434814453
Reward update: 144.1889276123047 -> 133.9049087524414
Reward update: 143.91783843994142 -> 142.70538970947266
Reward update: 143.0969024658203 -> 118.8592758178711
Current policy count: 10
Reward update: 190.2582293701172 -> 177.93965545654297
Reward update: 182.51089263916015 -> 140.15172271728517
Reward update: 169.35004608154296 -> 155.14741638183594
Reward update: 167.67040283203124 -> 166.12463592529298
Reward update: 166.9764434814453 -> 127.78758514404296
Reward update: 159.57005737304686 -> 139.6173699951172
Reward update: 158.8499819946289 -> 167.39796661376954
Reward update: 155.21246856689453 -> 123.14461486816407
Reward update: 148.50699340820313 -> 154.0170166015625
Reward update: 148.28869903564453 -> 143.69966918945312
Current policy count: 5
Reward update: 177.93965545654297 -> 164.30354400634766
Reward update: 167.39796661376954 -> 150.01183410644532
Reward update: 166.12463592529298 -> 172.2911846923828
Reward update: 155.14741638183594 -> 126.99371551513671
Reward update: 154.0170166015625 -> 148.86825927734375
Current policy count: 3
Reward update: 172.2911846923828 -> 142.63591674804687
Reward update: 164.30354400634766 -> 123.2194580078125
Reward update: 150.01183410644532 -> 157.0087463378906
Current policy count: 2
Reward update: 157.0087463378906 -> 120.0280337524414
Reward update: 142.63591674804687 -> 152.9779766845703
Current policy count: 1
Reward update: 152.9779766845703 -> 143.96448608398438
Final reward: 139.48440551757812
Number of nodes: 1
