Iteration 0/80
Training student with 3000 points
Train accuracy: 0.28
Test accuracy: 0.25
Number of nodes: 31
Student reward: 0.0
Iteration 1/80
Training student with 6000 points
Train accuracy: 0.2785416666666667
Test accuracy: 0.24916666666666668
Number of nodes: 31
Student reward: 0.0
Iteration 2/80
Training student with 9000 points
Train accuracy: 0.2747222222222222
Test accuracy: 0.2838888888888889
Number of nodes: 31
Student reward: 0.0
Iteration 3/80
Training student with 12000 points
Train accuracy: 0.2730208333333333
Test accuracy: 0.28
Number of nodes: 31
Student reward: 0.0
Iteration 4/80
Training student with 15000 points
Train accuracy: 0.2768333333333333
Test accuracy: 0.282
Number of nodes: 31
Student reward: 0.0
Iteration 5/80
Training student with 18000 points
Train accuracy: 0.27395833333333336
Test accuracy: 0.2836111111111111
Number of nodes: 31
Student reward: 0.0
Iteration 6/80
Training student with 21000 points
Train accuracy: 0.2779761904761905
Test accuracy: 0.2642857142857143
Number of nodes: 31
Student reward: 0.0
Iteration 7/80
Training student with 24000 points
Train accuracy: 0.2750520833333333
Test accuracy: 0.27416666666666667
Number of nodes: 31
Student reward: 0.0
Iteration 8/80
Training student with 27000 points
Train accuracy: 0.2750462962962963
Test accuracy: 0.2812962962962963
Number of nodes: 31
Student reward: 0.0
Iteration 9/80
Training student with 30000 points
Train accuracy: 0.27391666666666664
Test accuracy: 0.2808333333333333
Number of nodes: 31
Student reward: 0.0
Iteration 10/80
Training student with 33000 points
Train accuracy: 0.2749621212121212
Test accuracy: 0.2824242424242424
Number of nodes: 31
Student reward: 0.0
Iteration 11/80
Training student with 36000 points
Train accuracy: 0.27600694444444446
Test accuracy: 0.2816666666666667
Number of nodes: 31
Student reward: 0.0
Iteration 12/80
Training student with 39000 points
Train accuracy: 0.27884615384615385
Test accuracy: 0.2708974358974359
Number of nodes: 31
Student reward: 0.0
Iteration 13/80
Training student with 42000 points
Train accuracy: 0.2762797619047619
Test accuracy: 0.28095238095238095
Number of nodes: 31
Student reward: 0.0
Iteration 14/80
Training student with 45000 points
Train accuracy: 0.2787222222222222
Test accuracy: 0.2778888888888889
Number of nodes: 31
Student reward: 0.0
Iteration 15/80
Training student with 48000 points
Train accuracy: 0.27869791666666666
Test accuracy: 0.2771875
Number of nodes: 31
Student reward: 0.0
Iteration 16/80
Training student with 51000 points
Train accuracy: 0.27801470588235294
Test accuracy: 0.27715686274509804
Number of nodes: 31
Student reward: 0.0
Iteration 17/80
Training student with 54000 points
Train accuracy: 0.2755787037037037
Test accuracy: 0.2853703703703704
Number of nodes: 31
Student reward: 0.0
Iteration 18/80
Training student with 57000 points
Train accuracy: 0.27789473684210525
Test accuracy: 0.2723684210526316
Number of nodes: 31
Student reward: 0.0
Iteration 19/80
Training student with 60000 points
Train accuracy: 0.2779375
Test accuracy: 0.27216666666666667
Number of nodes: 31
Student reward: 0.0
Iteration 20/80
Training student with 63000 points
Train accuracy: 0.27726190476190476
Test accuracy: 0.2733333333333333
Number of nodes: 31
Student reward: 0.0
Iteration 21/80
Training student with 66000 points
Train accuracy: 0.2772159090909091
Test accuracy: 0.2712878787878788
Number of nodes: 31
Student reward: 0.0
Iteration 22/80
Training student with 69000 points
Train accuracy: 0.2752717391304348
Test accuracy: 0.2791304347826087
Number of nodes: 31
Student reward: 0.0
Iteration 23/80
Training student with 72000 points
Train accuracy: 0.2765798611111111
Test accuracy: 0.27402777777777776
Number of nodes: 31
Student reward: 0.0
Iteration 24/80
Training student with 75000 points
Train accuracy: 0.2739666666666667
Test accuracy: 0.2792
Number of nodes: 31
Student reward: 0.0
Iteration 25/80
Training student with 78000 points
Train accuracy: 0.2765384615384615
Test accuracy: 0.2708974358974359
Number of nodes: 31
Student reward: 0.0
Iteration 26/80
Training student with 81000 points
Train accuracy: 0.2762962962962963
Test accuracy: 0.274320987654321
Number of nodes: 31
Student reward: 0.0
Iteration 27/80
Training student with 84000 points
Train accuracy: 0.27626488095238094
Test accuracy: 0.27440476190476193
Number of nodes: 31
Student reward: 0.0
Iteration 28/80
Training student with 87000 points
Train accuracy: 0.2753735632183908
Test accuracy: 0.27597701149425286
Number of nodes: 31
Student reward: 0.0
Iteration 29/80
Training student with 90000 points
Train accuracy: 0.2734722222222222
Test accuracy: 0.2801666666666667
Number of nodes: 31
Student reward: 0.0
Iteration 30/80
Training student with 93000 points
Train accuracy: 0.2747983870967742
Test accuracy: 0.2764516129032258
Number of nodes: 31
Student reward: 0.0
Iteration 31/80
Training student with 96000 points
Train accuracy: 0.2762630208333333
Test accuracy: 0.2708333333333333
Number of nodes: 31
Student reward: 0.0
Iteration 32/80
Training student with 99000 points
Train accuracy: 0.27478535353535355
Test accuracy: 0.27560606060606063
Number of nodes: 31
Student reward: 0.0
Iteration 33/80
Training student with 100000 points
Train accuracy: 0.2753
Test accuracy: 0.2726
Number of nodes: 31
Student reward: 0.0
Iteration 34/80
Training student with 100000 points
Train accuracy: 0.2745
Test accuracy: 0.27565
Number of nodes: 31
Student reward: 0.0
Iteration 35/80
Training student with 100000 points
Train accuracy: 0.2751
Test accuracy: 0.2737
Number of nodes: 31
Student reward: 0.0
Iteration 36/80
Training student with 100000 points
Train accuracy: 0.2749375
Test accuracy: 0.27125
Number of nodes: 31
Student reward: 0.0
Iteration 37/80
Training student with 100000 points
Train accuracy: 0.2739625
Test accuracy: 0.27485
Number of nodes: 31
Student reward: 0.0
Iteration 38/80
Training student with 100000 points
Train accuracy: 0.2728625
Test accuracy: 0.2795
Number of nodes: 31
Student reward: 0.0
Iteration 39/80
Training student with 100000 points
Train accuracy: 0.2732375
Test accuracy: 0.27915
Number of nodes: 31
Student reward: 0.0
Iteration 40/80
Training student with 100000 points
Train accuracy: 0.27365
Test accuracy: 0.27175
Number of nodes: 31
Student reward: 0.0
Iteration 41/80
Training student with 100000 points
Train accuracy: 0.2733
Test accuracy: 0.2766
Number of nodes: 31
Student reward: 0.0
Iteration 42/80
Training student with 100000 points
Train accuracy: 0.273925
Test accuracy: 0.2734
Number of nodes: 31
Student reward: 0.0
Iteration 43/80
Training student with 100000 points
Train accuracy: 0.273925
Test accuracy: 0.2761
Number of nodes: 31
Student reward: 0.0
Iteration 44/80
Training student with 100000 points
Train accuracy: 0.2747125
Test accuracy: 0.27265
Number of nodes: 31
Student reward: 0.0
Iteration 45/80
Training student with 100000 points
Train accuracy: 0.2753875
Test accuracy: 0.27055
Number of nodes: 31
Student reward: 0.0
Iteration 46/80
Training student with 100000 points
Train accuracy: 0.2743125
Test accuracy: 0.27295
Number of nodes: 31
Student reward: 0.0
Iteration 47/80
Training student with 100000 points
Train accuracy: 0.2725375
Test accuracy: 0.27925
Number of nodes: 31
Student reward: 0.0
Iteration 48/80
Training student with 100000 points
Train accuracy: 0.2730125
Test accuracy: 0.27005
Number of nodes: 31
Student reward: 0.0
Iteration 49/80
Training student with 100000 points
Train accuracy: 0.272075
Test accuracy: 0.27735
Number of nodes: 31
Student reward: 0.0
Iteration 50/80
Training student with 100000 points
Train accuracy: 0.2728625
Test accuracy: 0.27375
Number of nodes: 31
Student reward: 0.0
Iteration 51/80
Training student with 100000 points
Train accuracy: 0.27465
Test accuracy: 0.2673
Number of nodes: 31
Student reward: 0.0
Iteration 52/80
Training student with 100000 points
Train accuracy: 0.2728625
Test accuracy: 0.27025
Number of nodes: 31
Student reward: 0.0
Iteration 53/80
Training student with 100000 points
Train accuracy: 0.2730875
Test accuracy: 0.2746
Number of nodes: 31
Student reward: 0.0
Iteration 54/80
Training student with 100000 points
Train accuracy: 0.272225
Test accuracy: 0.27505
Number of nodes: 31
Student reward: 0.0
Iteration 55/80
Training student with 100000 points
Train accuracy: 0.26985
Test accuracy: 0.275
Number of nodes: 31
Student reward: 0.0
Iteration 56/80
Training student with 100000 points
Train accuracy: 0.271675
Test accuracy: 0.273
Number of nodes: 31
Student reward: 0.0
Iteration 57/80
Training student with 100000 points
Train accuracy: 0.2731625
Test accuracy: 0.2716
Number of nodes: 31
Student reward: 0.0
Iteration 58/80
Training student with 100000 points
Train accuracy: 0.2731625
Test accuracy: 0.27035
Number of nodes: 31
Student reward: 0.0
Iteration 59/80
Training student with 100000 points
Train accuracy: 0.27275
Test accuracy: 0.26835
Number of nodes: 31
Student reward: 0.0
Iteration 60/80
Training student with 100000 points
Train accuracy: 0.2748
Test accuracy: 0.27475
Number of nodes: 31
Student reward: 0.0
Iteration 61/80
Training student with 100000 points
Train accuracy: 0.2733375
Test accuracy: 0.27435
Number of nodes: 31
Student reward: 0.0
Iteration 62/80
Training student with 100000 points
Train accuracy: 0.27265
Test accuracy: 0.2768
Number of nodes: 31
Student reward: 0.0
Iteration 63/80
Training student with 100000 points
Train accuracy: 0.273575
Test accuracy: 0.2742
Number of nodes: 31
Student reward: 0.0
Iteration 64/80
Training student with 100000 points
Train accuracy: 0.2735
Test accuracy: 0.2727
Number of nodes: 31
Student reward: 0.0
Iteration 65/80
Training student with 100000 points
Train accuracy: 0.272975
Test accuracy: 0.2789
Number of nodes: 31
Student reward: 0.0
Iteration 66/80
Training student with 100000 points
Train accuracy: 0.27565
Test accuracy: 0.2697
Number of nodes: 31
Student reward: 0.0
Iteration 67/80
Training student with 100000 points
Train accuracy: 0.2746375
Test accuracy: 0.27265
Number of nodes: 31
Student reward: 0.0
Iteration 68/80
Training student with 100000 points
Train accuracy: 0.27265
Test accuracy: 0.26615
Number of nodes: 31
Student reward: 0.0
Iteration 69/80
Training student with 100000 points
Train accuracy: 0.2716
Test accuracy: 0.27455
Number of nodes: 31
Student reward: 0.0
Iteration 70/80
Training student with 100000 points
Train accuracy: 0.2728125
Test accuracy: 0.2683
Number of nodes: 31
Student reward: 0.0
Iteration 71/80
Training student with 100000 points
Train accuracy: 0.2725875
Test accuracy: 0.27345
Number of nodes: 31
Student reward: 0.0
Iteration 72/80
Training student with 100000 points
Train accuracy: 0.2733875
Test accuracy: 0.26835
Number of nodes: 31
Student reward: 0.0
Iteration 73/80
Training student with 100000 points
Train accuracy: 0.27235
Test accuracy: 0.27085
Number of nodes: 31
Student reward: 0.0
Iteration 74/80
Training student with 100000 points
Train accuracy: 0.2731625
Test accuracy: 0.26885
Number of nodes: 31
Student reward: 0.0
Iteration 75/80
Training student with 100000 points
Train accuracy: 0.2739
Test accuracy: 0.27195
Number of nodes: 31
Student reward: 0.0
Iteration 76/80
Training student with 100000 points
Train accuracy: 0.2727125
Test accuracy: 0.27625
Number of nodes: 31
Student reward: 0.0
Iteration 77/80
Training student with 100000 points
Train accuracy: 0.2713375
Test accuracy: 0.27475
Number of nodes: 31
Student reward: 0.0
Iteration 78/80
Training student with 100000 points
Train accuracy: 0.2752625
Test accuracy: 0.2741
Number of nodes: 31
Student reward: 0.0
Iteration 79/80
Training student with 100000 points
Train accuracy: 0.2741375
Test accuracy: 0.2726
Number of nodes: 31
Student reward: 0.0
Initial policy count: 80
Current policy count: 40
Reward update: 0.0 -> 0.0
Reward update: 0.0 -> 0.0
Reward update: 0.0 -> 0.0
Reward update: 0.0 -> 0.0
Reward update: 0.0 -> 0.0
Reward update: 0.0 -> 0.0
Reward update: 0.0 -> 0.0
Reward update: 0.0 -> 0.0
Reward update: 0.0 -> 0.0
Reward update: 0.0 -> 0.0
Reward update: 0.0 -> 0.0
Reward update: 0.0 -> 0.0
Reward update: 0.0 -> 0.0
Reward update: 0.0 -> 0.0
Reward update: 0.0 -> 0.0
Reward update: 0.0 -> 0.0
Reward update: 0.0 -> 0.0
Reward update: 0.0 -> 0.0
Reward update: 0.0 -> 0.0
Reward update: 0.0 -> 0.0
Reward update: 0.0 -> 0.0
Reward update: 0.0 -> 0.0
Reward update: 0.0 -> 0.0
Reward update: 0.0 -> 0.0
Reward update: 0.0 -> 0.0
Reward update: 0.0 -> 0.0
Reward update: 0.0 -> 0.0
Reward update: 0.0 -> 0.0
Reward update: 0.0 -> 0.0
Reward update: 0.0 -> 0.0
Reward update: 0.0 -> 0.0
Reward update: 0.0 -> 0.0
Reward update: 0.0 -> 0.0
Reward update: 0.0 -> 0.0
Reward update: 0.0 -> 0.0
Reward update: 0.0 -> 0.0
Reward update: 0.0 -> 0.0
Reward update: 0.0 -> 0.0
Reward update: 0.0 -> 0.0
Reward update: 0.0 -> 0.0
Current policy count: 20
Reward update: 0.0 -> 0.0
Reward update: 0.0 -> 0.0
Reward update: 0.0 -> 0.0
Reward update: 0.0 -> 0.0
Reward update: 0.0 -> 0.0
Reward update: 0.0 -> 0.0
Reward update: 0.0 -> 0.0
Reward update: 0.0 -> 0.0
Reward update: 0.0 -> 0.0
Reward update: 0.0 -> 0.0
Reward update: 0.0 -> 0.0
Reward update: 0.0 -> 0.0
Reward update: 0.0 -> 0.0
Reward update: 0.0 -> 0.0
Reward update: 0.0 -> 0.0
Reward update: 0.0 -> 0.0
Reward update: 0.0 -> 0.0
Reward update: 0.0 -> 0.0
Reward update: 0.0 -> 0.0
Reward update: 0.0 -> 0.0
Current policy count: 10
Reward update: 0.0 -> 0.0
Reward update: 0.0 -> 0.0
Reward update: 0.0 -> 0.0
Reward update: 0.0 -> 0.0
Reward update: 0.0 -> 0.0
Reward update: 0.0 -> 0.0
Reward update: 0.0 -> 0.0
Reward update: 0.0 -> 0.0
Reward update: 0.0 -> 0.0
Reward update: 0.0 -> 0.0
Current policy count: 5
Reward update: 0.0 -> 0.0
Reward update: 0.0 -> 0.0
Reward update: 0.0 -> 0.0
Reward update: 0.0 -> 0.0
Reward update: 0.0 -> 0.0
Current policy count: 3
Reward update: 0.0 -> 0.0
Reward update: 0.0 -> 0.0
Reward update: 0.0 -> 0.0
Current policy count: 2
Reward update: 0.0 -> 0.0
Reward update: 0.0 -> 0.0
Current policy count: 1
Reward update: 0.0 -> 0.0
Final reward: 0.0
Number of nodes: 31
