Iteration 0/80
Training student with 97 points
Train accuracy: 0.974025974025974
Test accuracy: 1.0
Number of nodes: 1
Student reward: 214.29669342041015
Iteration 1/80
Training student with 216 points
Train accuracy: 0.9883720930232558
Test accuracy: 0.9772727272727273
Number of nodes: 1
Student reward: 106.28357849121093
Iteration 2/80
Training student with 312 points
Train accuracy: 0.9919678714859438
Test accuracy: 1.0
Number of nodes: 1
Student reward: 130.94676818847657
Iteration 3/80
Training student with 414 points
Train accuracy: 0.9969788519637462
Test accuracy: 0.9759036144578314
Number of nodes: 1
Student reward: 156.5803695678711
Iteration 4/80
Training student with 519 points
Train accuracy: 0.9927710843373494
Test accuracy: 1.0
Number of nodes: 1
Student reward: 186.21478118896485
Iteration 5/80
Training student with 629 points
Train accuracy: 0.9960238568588469
Test accuracy: 1.0
Number of nodes: 1
Student reward: 142.53729705810548
Iteration 6/80
Training student with 734 points
Train accuracy: 0.9914821124361158
Test accuracy: 0.9931972789115646
Number of nodes: 1
Student reward: 137.72033081054687
Iteration 7/80
Training student with 835 points
Train accuracy: 0.9925149700598802
Test accuracy: 1.0
Number of nodes: 1
Student reward: 155.6141128540039
Iteration 8/80
Training student with 944 points
Train accuracy: 0.9973509933774835
Test accuracy: 1.0
Number of nodes: 1
Student reward: 158.88541717529296
Iteration 9/80
Training student with 1054 points
Train accuracy: 0.9952550415183867
Test accuracy: 0.990521327014218
Number of nodes: 1
Student reward: 83.87147216796875
Iteration 10/80
Training student with 1150 points
Train accuracy: 0.9934782608695653
Test accuracy: 0.991304347826087
Number of nodes: 1
Student reward: 175.5721237182617
Iteration 11/80
Training student with 1260 points
Train accuracy: 0.9930555555555556
Test accuracy: 0.9761904761904762
Number of nodes: 1
Student reward: 161.76160125732423
Iteration 12/80
Training student with 1372 points
Train accuracy: 0.9981768459434822
Test accuracy: 0.9927272727272727
Number of nodes: 1
Student reward: 139.2924041748047
Iteration 13/80
Training student with 1484 points
Train accuracy: 0.9941027801179444
Test accuracy: 0.98989898989899
Number of nodes: 1
Student reward: 142.6317108154297
Iteration 14/80
Training student with 1596 points
Train accuracy: 0.9905956112852664
Test accuracy: 1.0
Number of nodes: 1
Student reward: 124.0109375
Iteration 15/80
Training student with 1694 points
Train accuracy: 0.9918819188191882
Test accuracy: 0.9911504424778761
Number of nodes: 1
Student reward: 213.36720428466796
Iteration 16/80
Training student with 1815 points
Train accuracy: 0.9965564738292011
Test accuracy: 0.9889807162534435
Number of nodes: 1
Student reward: 147.98755645751953
Iteration 17/80
Training student with 1923 points
Train accuracy: 0.9921976592977894
Test accuracy: 0.9948051948051948
Number of nodes: 1
Student reward: 221.04175567626953
Iteration 18/80
Training student with 2059 points
Train accuracy: 0.9908925318761385
Test accuracy: 0.9951456310679612
Number of nodes: 1
Student reward: 142.35481872558594
Iteration 19/80
Training student with 2162 points
Train accuracy: 0.9919028340080972
Test accuracy: 0.9976905311778291
Number of nodes: 1
Student reward: 165.43893432617188
Iteration 20/80
Training student with 2274 points
Train accuracy: 0.9917537108301264
Test accuracy: 0.9934065934065934
Number of nodes: 1
Student reward: 85.4878646850586
Iteration 21/80
Training student with 2370 points
Train accuracy: 0.9920886075949367
Test accuracy: 0.9915611814345991
Number of nodes: 1
Student reward: 199.94908905029297
Iteration 22/80
Training student with 2492 points
Train accuracy: 0.9904666332162569
Test accuracy: 0.9899799599198397
Number of nodes: 1
Student reward: 153.8598434448242
Iteration 23/80
Training student with 2600 points
Train accuracy: 0.9971153846153846
Test accuracy: 0.9865384615384616
Number of nodes: 1
Student reward: 147.4697052001953
Iteration 24/80
Training student with 2703 points
Train accuracy: 0.9912118408880666
Test accuracy: 0.9907578558225508
Number of nodes: 1
Student reward: 142.93343200683594
Iteration 25/80
Training student with 2810 points
Train accuracy: 0.9844306049822064
Test accuracy: 0.994661921708185
Number of nodes: 1
Student reward: 96.232763671875
Iteration 26/80
Training student with 2903 points
Train accuracy: 0.9913867355727821
Test accuracy: 0.9810671256454389
Number of nodes: 1
Student reward: 67.13104400634765
Iteration 27/80
Training student with 2993 points
Train accuracy: 0.9866332497911445
Test accuracy: 0.991652754590985
Number of nodes: 1
Student reward: 46.43384704589844
Iteration 28/80
Training student with 3074 points
Train accuracy: 0.989019926799512
Test accuracy: 0.9739837398373984
Number of nodes: 1
Student reward: 124.09530487060547
Iteration 29/80
Training student with 3167 points
Train accuracy: 0.9897354915120411
Test accuracy: 0.9968454258675079
Number of nodes: 1
Student reward: 167.98379669189453
Iteration 30/80
Training student with 3274 points
Train accuracy: 0.9896907216494846
Test accuracy: 0.9847328244274809
Number of nodes: 1
Student reward: 164.28723754882813
Iteration 31/80
Training student with 3378 points
Train accuracy: 0.9881569207994079
Test accuracy: 0.9881656804733728
Number of nodes: 1
Student reward: 58.731834411621094
Iteration 32/80
Training student with 3461 points
Train accuracy: 0.9895231213872833
Test accuracy: 0.9855699855699855
Number of nodes: 1
Student reward: 193.6427993774414
Iteration 33/80
Training student with 3573 points
Train accuracy: 0.9870538838348496
Test accuracy: 0.9804195804195804
Number of nodes: 1
Student reward: 78.60438079833985
Iteration 34/80
Training student with 3667 points
Train accuracy: 0.9860211387657688
Test accuracy: 0.9918256130790191
Number of nodes: 1
Student reward: 98.83487091064453
Iteration 35/80
Training student with 3767 points
Train accuracy: 0.9863923000331896
Test accuracy: 0.9880636604774535
Number of nodes: 1
Student reward: 143.72752227783204
Iteration 36/80
Training student with 3875 points
Train accuracy: 0.9874193548387097
Test accuracy: 0.9793548387096774
Number of nodes: 1
Student reward: 220.86460723876954
Iteration 37/80
Training student with 4005 points
Train accuracy: 0.9847066167290887
Test accuracy: 0.9925093632958801
Number of nodes: 1
Student reward: 170.15498962402344
Iteration 38/80
Training student with 4122 points
Train accuracy: 0.9902942068547164
Test accuracy: 0.9927272727272727
Number of nodes: 1
Student reward: 110.75077514648437
Iteration 39/80
Training student with 4219 points
Train accuracy: 0.9887407407407407
Test accuracy: 0.990521327014218
Number of nodes: 1
Student reward: 246.24586639404296
Iteration 40/80
Training student with 4345 points
Train accuracy: 0.9896432681242808
Test accuracy: 0.9873417721518988
Number of nodes: 1
Student reward: 196.33120574951172
Iteration 41/80
Training student with 4471 points
Train accuracy: 0.9888143176733781
Test accuracy: 0.9888268156424581
Number of nodes: 1
Student reward: 77.84447631835937
Iteration 42/80
Training student with 4569 points
Train accuracy: 0.9896032831737346
Test accuracy: 0.9923413566739606
Number of nodes: 1
Student reward: 93.2625518798828
Iteration 43/80
Training student with 4663 points
Train accuracy: 0.9871313672922252
Test accuracy: 0.9903536977491961
Number of nodes: 1
Student reward: 143.85402069091796
Iteration 44/80
Training student with 4768 points
Train accuracy: 0.9861038280020975
Test accuracy: 0.9769392033542977
Number of nodes: 1
Student reward: 134.69559020996093
Iteration 45/80
Training student with 4867 points
Train accuracy: 0.9904957616234267
Test accuracy: 0.9897330595482546
Number of nodes: 1
Student reward: 136.18932342529297
Iteration 46/80
Training student with 4965 points
Train accuracy: 0.9894259818731118
Test accuracy: 0.9919436052366566
Number of nodes: 1
Student reward: 174.7039016723633
Iteration 47/80
Training student with 5080 points
Train accuracy: 0.9881889763779528
Test accuracy: 0.9872047244094488
Number of nodes: 1
Student reward: 152.75676879882812
Iteration 48/80
Training student with 5184 points
Train accuracy: 0.9898721967687485
Test accuracy: 0.9845708775313404
Number of nodes: 1
Student reward: 107.70403442382812
Iteration 49/80
Training student with 5283 points
Train accuracy: 0.9893516327496451
Test accuracy: 0.9877010406811731
Number of nodes: 1
Student reward: 102.12051849365234
Iteration 50/80
Training student with 5383 points
Train accuracy: 0.9902461681374826
Test accuracy: 0.9879294336118849
Number of nodes: 1
Student reward: 85.18861694335938
Iteration 51/80
Training student with 5479 points
Train accuracy: 0.9881359799224275
Test accuracy: 0.9881386861313869
Number of nodes: 1
Student reward: 212.70504913330078
Iteration 52/80
Training student with 5603 points
Train accuracy: 0.9901829540383758
Test accuracy: 0.9884032114183765
Number of nodes: 1
Student reward: 132.85633392333983
Iteration 53/80
Training student with 5703 points
Train accuracy: 0.992327926348093
Test accuracy: 0.9912357581069238
Number of nodes: 1
Student reward: 59.33495025634765
Iteration 54/80
Training student with 5794 points
Train accuracy: 0.9898597626752966
Test accuracy: 0.9879206212251941
Number of nodes: 1
Student reward: 135.45539093017578
Iteration 55/80
Training student with 5908 points
Train accuracy: 0.9856115107913669
Test accuracy: 0.9830795262267343
Number of nodes: 1
Student reward: 113.52589569091796
Iteration 56/80
Training student with 6006 points
Train accuracy: 0.9870940882597835
Test accuracy: 0.9816971713810316
Number of nodes: 1
Student reward: 165.27715606689452
Iteration 57/80
Training student with 6117 points
Train accuracy: 0.9871244635193133
Test accuracy: 0.9901960784313726
Number of nodes: 1
Student reward: 290.3306457519531
Iteration 58/80
Training student with 6254 points
Train accuracy: 0.9866080351788926
Test accuracy: 0.9856115107913669
Number of nodes: 1
Student reward: 64.76772003173828
Iteration 59/80
Training student with 6335 points
Train accuracy: 0.9877663772691397
Test accuracy: 0.9921073401736386
Number of nodes: 1
Student reward: 115.2654815673828
Iteration 60/80
Training student with 6425 points
Train accuracy: 0.9865758754863814
Test accuracy: 0.9891050583657588
Number of nodes: 1
Student reward: 62.380812072753905
Iteration 61/80
Training student with 6513 points
Train accuracy: 0.9846449136276392
Test accuracy: 0.9877206446661551
Number of nodes: 1
Student reward: 96.78443756103516
Iteration 62/80
Training student with 6602 points
Train accuracy: 0.985798144290854
Test accuracy: 0.9871309613928841
Number of nodes: 1
Student reward: 93.08787689208984
Iteration 63/80
Training student with 6703 points
Train accuracy: 0.9897426333457665
Test accuracy: 0.9865771812080537
Number of nodes: 1
Student reward: 194.04412536621095
Iteration 64/80
Training student with 6822 points
Train accuracy: 0.9868059373282023
Test accuracy: 0.9853479853479854
Number of nodes: 1
Student reward: 189.34927978515626
Iteration 65/80
Training student with 6943 points
Train accuracy: 0.9873964710118833
Test accuracy: 0.9870410367170627
Number of nodes: 1
Student reward: 173.4236282348633
Iteration 66/80
Training student with 7053 points
Train accuracy: 0.9879475363346331
Test accuracy: 0.9893692416725727
Number of nodes: 1
Student reward: 132.67369537353517
Iteration 67/80
Training student with 7156 points
Train accuracy: 0.9854996505939903
Test accuracy: 0.9888268156424581
Number of nodes: 1
Student reward: 171.95955657958984
Iteration 68/80
Training student with 7270 points
Train accuracy: 0.9867606602475929
Test accuracy: 0.9869325997248969
Number of nodes: 1
Student reward: 79.96976318359376
Iteration 69/80
Training student with 7357 points
Train accuracy: 0.9845369583687341
Test accuracy: 0.984375
Number of nodes: 1
Student reward: 111.0656967163086
Iteration 70/80
Training student with 7460 points
Train accuracy: 0.9845844504021448
Test accuracy: 0.982573726541555
Number of nodes: 1
Student reward: 159.72911224365234
Iteration 71/80
Training student with 7568 points
Train accuracy: 0.9861248761149654
Test accuracy: 0.9867899603698811
Number of nodes: 1
Student reward: 132.2296585083008
Iteration 72/80
Training student with 7672 points
Train accuracy: 0.9866384226820922
Test accuracy: 0.9850162866449511
Number of nodes: 1
Student reward: 161.08966979980468
Iteration 73/80
Training student with 7788 points
Train accuracy: 0.984430176565008
Test accuracy: 0.9871630295250321
Number of nodes: 1
Student reward: 206.9702392578125
Iteration 74/80
Training student with 7911 points
Train accuracy: 0.986251580278129
Test accuracy: 0.9867340492735313
Number of nodes: 1
Student reward: 135.9049270629883
Iteration 75/80
Training student with 8017 points
Train accuracy: 0.9862778730703259
Test accuracy: 0.9869077306733167
Number of nodes: 1
Student reward: 115.51517639160156
Iteration 76/80
Training student with 8117 points
Train accuracy: 0.9861389188356692
Test accuracy: 0.9864532019704434
Number of nodes: 1
Student reward: 159.17593994140626
Iteration 77/80
Training student with 8235 points
Train accuracy: 0.988615664845173
Test accuracy: 0.9914996964177292
Number of nodes: 1
Student reward: 224.56246490478514
Iteration 78/80
Training student with 8352 points
Train accuracy: 0.9866786409220176
Test accuracy: 0.9868342309994016
Number of nodes: 1
Student reward: 65.03207855224609
Iteration 79/80
Training student with 8438 points
Train accuracy: 0.9866666666666667
Test accuracy: 0.9928909952606635
Number of nodes: 1
Student reward: 162.0475860595703
Initial policy count: 80
Current policy count: 40
Reward update: 290.3306457519531 -> 141.53792602539062
Reward update: 246.24586639404296 -> 191.97512573242187
Reward update: 224.56246490478514 -> 141.28356384277345
Reward update: 221.04175567626953 -> 181.50397827148439
Reward update: 220.86460723876954 -> 134.5324691772461
Reward update: 214.29669342041015 -> 130.8228497314453
Reward update: 213.36720428466796 -> 143.16182891845702
Reward update: 212.70504913330078 -> 141.40981231689454
Reward update: 206.9702392578125 -> 94.70786773681641
Reward update: 199.94908905029297 -> 131.8871337890625
Reward update: 196.33120574951172 -> 132.04906402587892
Reward update: 194.04412536621095 -> 160.19179565429687
Reward update: 193.6427993774414 -> 160.81161376953125
Reward update: 189.34927978515626 -> 112.75460327148437
Reward update: 186.21478118896485 -> 116.6708203125
Reward update: 175.5721237182617 -> 159.09580139160155
Reward update: 174.7039016723633 -> 140.87459228515624
Reward update: 173.4236282348633 -> 170.59834899902344
Reward update: 171.95955657958984 -> 151.30742492675782
Reward update: 170.15498962402344 -> 120.23590393066407
Reward update: 167.98379669189453 -> 171.02380401611327
Reward update: 165.43893432617188 -> 156.33733947753908
Reward update: 165.27715606689452 -> 137.61871063232422
Reward update: 164.28723754882813 -> 124.70114837646484
Reward update: 162.0475860595703 -> 135.4926971435547
Reward update: 161.76160125732423 -> 157.40816345214844
Reward update: 161.08966979980468 -> 124.37739959716797
Reward update: 159.72911224365234 -> 179.74889770507812
Reward update: 159.17593994140626 -> 114.84799560546875
Reward update: 158.88541717529296 -> 145.49844177246095
Reward update: 156.5803695678711 -> 122.64381744384765
Reward update: 155.6141128540039 -> 120.23115356445312
Reward update: 153.8598434448242 -> 171.49550506591797
Reward update: 152.75676879882812 -> 139.3588201904297
Reward update: 147.98755645751953 -> 139.3253353881836
Reward update: 147.4697052001953 -> 157.5496112060547
Reward update: 143.85402069091796 -> 177.78356842041015
Reward update: 143.72752227783204 -> 144.4826889038086
Reward update: 142.93343200683594 -> 133.8926058959961
Reward update: 142.6317108154297 -> 134.20983367919922
Current policy count: 20
Reward update: 191.97512573242187 -> 164.23869232177734
Reward update: 181.50397827148439 -> 165.73359008789063
Reward update: 179.74889770507812 -> 138.2628662109375
Reward update: 177.78356842041015 -> 147.99883605957032
Reward update: 171.49550506591797 -> 109.44390197753906
Reward update: 171.02380401611327 -> 106.70773315429688
Reward update: 170.59834899902344 -> 147.89513305664062
Reward update: 160.81161376953125 -> 102.74531616210938
Reward update: 160.19179565429687 -> 133.00916839599608
Reward update: 159.09580139160155 -> 178.32196166992188
Reward update: 157.5496112060547 -> 163.38706665039064
Reward update: 157.40816345214844 -> 148.47323822021485
Reward update: 156.33733947753908 -> 178.67311096191406
Reward update: 151.30742492675782 -> 127.64931457519532
Reward update: 145.49844177246095 -> 132.79220001220702
Reward update: 144.4826889038086 -> 126.49997253417969
Reward update: 143.16182891845702 -> 140.11516540527344
Reward update: 141.53792602539062 -> 153.23914947509766
Reward update: 141.40981231689454 -> 152.5504849243164
Reward update: 141.28356384277345 -> 150.6626580810547
Current policy count: 10
Reward update: 178.67311096191406 -> 154.60538299560548
Reward update: 178.32196166992188 -> 150.33930114746093
Reward update: 165.73359008789063 -> 130.59779083251954
Reward update: 164.23869232177734 -> 120.59270416259766
Reward update: 163.38706665039064 -> 142.43952270507813
Reward update: 153.23914947509766 -> 156.91679443359374
Reward update: 152.5504849243164 -> 121.67908905029297
Reward update: 150.6626580810547 -> 175.24708709716796
Reward update: 148.47323822021485 -> 110.69048156738282
Reward update: 147.99883605957032 -> 121.37059692382813
Current policy count: 5
Reward update: 175.24708709716796 -> 149.90542358398437
Reward update: 156.91679443359374 -> 126.71812744140625
Reward update: 154.60538299560548 -> 120.21312347412109
Reward update: 150.33930114746093 -> 154.02920654296875
Reward update: 142.43952270507813 -> 131.90685668945312
Current policy count: 3
Reward update: 154.02920654296875 -> 170.01832427978516
Reward update: 149.90542358398437 -> 140.53269226074218
Reward update: 131.90685668945312 -> 95.0036328125
Current policy count: 2
Reward update: 170.01832427978516 -> 150.0626123046875
Reward update: 140.53269226074218 -> 141.29161071777344
Current policy count: 1
Reward update: 150.0626123046875 -> 129.21471069335936
Final reward: 162.97715423583983
Number of nodes: 1
