Iteration 0/80
Training student with 3000 points
Train accuracy: 0.29375
Test accuracy: 0.24333333333333335
Number of nodes: 31
Student reward: 0.0
Iteration 1/80
Training student with 6000 points
Train accuracy: 0.27979166666666666
Test accuracy: 0.2733333333333333
Number of nodes: 31
Student reward: 0.0
Iteration 2/80
Training student with 9000 points
Train accuracy: 0.28458333333333335
Test accuracy: 0.25666666666666665
Number of nodes: 31
Student reward: 0.0
Iteration 3/80
Training student with 12000 points
Train accuracy: 0.2728125
Test accuracy: 0.2679166666666667
Number of nodes: 31
Student reward: 0.0
Iteration 4/80
Training student with 15000 points
Train accuracy: 0.2801666666666667
Test accuracy: 0.25166666666666665
Number of nodes: 31
Student reward: 0.0
Iteration 5/80
Training student with 18000 points
Train accuracy: 0.2808333333333333
Test accuracy: 0.27666666666666667
Number of nodes: 31
Student reward: 0.0
Iteration 6/80
Training student with 21000 points
Train accuracy: 0.27458333333333335
Test accuracy: 0.275
Number of nodes: 31
Student reward: 0.0
Iteration 7/80
Training student with 24000 points
Train accuracy: 0.27208333333333334
Test accuracy: 0.27541666666666664
Number of nodes: 31
Student reward: 0.0
Iteration 8/80
Training student with 27000 points
Train accuracy: 0.2748611111111111
Test accuracy: 0.285
Number of nodes: 31
Student reward: 0.0
Iteration 9/80
Training student with 30000 points
Train accuracy: 0.274625
Test accuracy: 0.2703333333333333
Number of nodes: 31
Student reward: 0.0
Iteration 10/80
Training student with 33000 points
Train accuracy: 0.27587121212121213
Test accuracy: 0.26954545454545453
Number of nodes: 31
Student reward: 0.0
Iteration 11/80
Training student with 36000 points
Train accuracy: 0.2752777777777778
Test accuracy: 0.26625
Number of nodes: 31
Student reward: 0.0
Iteration 12/80
Training student with 39000 points
Train accuracy: 0.27692307692307694
Test accuracy: 0.2717948717948718
Number of nodes: 31
Student reward: 0.0
Iteration 13/80
Training student with 42000 points
Train accuracy: 0.271875
Test accuracy: 0.26857142857142857
Number of nodes: 31
Student reward: 0.0
Iteration 14/80
Training student with 45000 points
Train accuracy: 0.27405555555555555
Test accuracy: 0.27411111111111114
Number of nodes: 31
Student reward: 0.0
Iteration 15/80
Training student with 48000 points
Train accuracy: 0.2750520833333333
Test accuracy: 0.28458333333333335
Number of nodes: 31
Student reward: 0.0
Iteration 16/80
Training student with 51000 points
Train accuracy: 0.27762254901960787
Test accuracy: 0.2662745098039216
Number of nodes: 31
Student reward: 0.0
Iteration 17/80
Training student with 54000 points
Train accuracy: 0.2749537037037037
Test accuracy: 0.2760185185185185
Number of nodes: 31
Student reward: 0.0
Iteration 18/80
Training student with 57000 points
Train accuracy: 0.2729824561403509
Test accuracy: 0.2847368421052632
Number of nodes: 31
Student reward: 0.0
Iteration 19/80
Training student with 60000 points
Train accuracy: 0.27208333333333334
Test accuracy: 0.2715
Number of nodes: 31
Student reward: 0.0
Iteration 20/80
Training student with 63000 points
Train accuracy: 0.27345238095238095
Test accuracy: 0.2764285714285714
Number of nodes: 31
Student reward: 0.0
Iteration 21/80
Training student with 66000 points
Train accuracy: 0.27714015151515153
Test accuracy: 0.2727272727272727
Number of nodes: 31
Student reward: 0.0
Iteration 22/80
Training student with 69000 points
Train accuracy: 0.2734057971014493
Test accuracy: 0.273768115942029
Number of nodes: 31
Student reward: 0.0
Iteration 23/80
Training student with 72000 points
Train accuracy: 0.2738888888888889
Test accuracy: 0.27284722222222224
Number of nodes: 31
Student reward: 0.0
Iteration 24/80
Training student with 75000 points
Train accuracy: 0.27308333333333334
Test accuracy: 0.27553333333333335
Number of nodes: 31
Student reward: 0.0
Iteration 25/80
Training student with 78000 points
Train accuracy: 0.27700320512820514
Test accuracy: 0.27314102564102566
Number of nodes: 31
Student reward: 0.0
Iteration 26/80
Training student with 81000 points
Train accuracy: 0.27597222222222223
Test accuracy: 0.28012345679012346
Number of nodes: 31
Student reward: 0.0
Iteration 27/80
Training student with 84000 points
Train accuracy: 0.2756845238095238
Test accuracy: 0.274702380952381
Number of nodes: 31
Student reward: 0.0
Iteration 28/80
Training student with 87000 points
Train accuracy: 0.2763505747126437
Test accuracy: 0.2720114942528736
Number of nodes: 31
Student reward: 0.0
Iteration 29/80
Training student with 90000 points
Train accuracy: 0.2754861111111111
Test accuracy: 0.26672222222222225
Number of nodes: 31
Student reward: 0.0
Iteration 30/80
Training student with 93000 points
Train accuracy: 0.27190860215053764
Test accuracy: 0.27166666666666667
Number of nodes: 31
Student reward: 0.0
Iteration 31/80
Training student with 96000 points
Train accuracy: 0.27427083333333335
Test accuracy: 0.2799479166666667
Number of nodes: 31
Student reward: 0.0
Iteration 32/80
Training student with 99000 points
Train accuracy: 0.276199494949495
Test accuracy: 0.2776767676767677
Number of nodes: 31
Student reward: 0.0
Iteration 33/80
Training student with 102000 points
Train accuracy: 0.27330882352941177
Test accuracy: 0.2757352941176471
Number of nodes: 31
Student reward: 0.0
Iteration 34/80
Training student with 105000 points
Train accuracy: 0.2745238095238095
Test accuracy: 0.2750952380952381
Number of nodes: 31
Student reward: 0.0
Iteration 35/80
Training student with 108000 points
Train accuracy: 0.27350694444444446
Test accuracy: 0.27078703703703705
Number of nodes: 31
Student reward: 0.0
Iteration 36/80
Training student with 111000 points
Train accuracy: 0.27655405405405403
Test accuracy: 0.2742342342342342
Number of nodes: 31
Student reward: 0.0
Iteration 37/80
Training student with 114000 points
Train accuracy: 0.2768969298245614
Test accuracy: 0.2779385964912281
Number of nodes: 31
Student reward: 0.0
Iteration 38/80
Training student with 117000 points
Train accuracy: 0.2754380341880342
Test accuracy: 0.2734615384615385
Number of nodes: 31
Student reward: 0.0
Iteration 39/80
Training student with 120000 points
Train accuracy: 0.27719791666666665
Test accuracy: 0.2774583333333333
Number of nodes: 31
Student reward: 0.0
Iteration 40/80
Training student with 123000 points
Train accuracy: 0.27533536585365853
Test accuracy: 0.27284552845528454
Number of nodes: 31
Student reward: 0.0
Iteration 41/80
Training student with 126000 points
Train accuracy: 0.27613095238095237
Test accuracy: 0.2772222222222222
Number of nodes: 31
Student reward: 0.0
Iteration 42/80
Training student with 129000 points
Train accuracy: 0.2772577519379845
Test accuracy: 0.27550387596899223
Number of nodes: 31
Student reward: 0.0
Iteration 43/80
Training student with 132000 points
Train accuracy: 0.2758901515151515
Test accuracy: 0.2737121212121212
Number of nodes: 31
Student reward: 0.0
Iteration 44/80
Training student with 135000 points
Train accuracy: 0.27639814814814817
Test accuracy: 0.2736296296296296
Number of nodes: 31
Student reward: 0.0
Iteration 45/80
Training student with 138000 points
Train accuracy: 0.27510869565217394
Test accuracy: 0.27253623188405796
Number of nodes: 31
Student reward: 0.0
Iteration 46/80
Training student with 141000 points
Train accuracy: 0.274645390070922
Test accuracy: 0.27365248226950356
Number of nodes: 31
Student reward: 0.0
Iteration 47/80
Training student with 144000 points
Train accuracy: 0.2753559027777778
Test accuracy: 0.2709722222222222
Number of nodes: 31
Student reward: 0.0
Iteration 48/80
Training student with 147000 points
Train accuracy: 0.27573979591836734
Test accuracy: 0.27625850340136054
Number of nodes: 31
Student reward: 0.0
Iteration 49/80
Training student with 150000 points
Train accuracy: 0.2727
Test accuracy: 0.27703333333333335
Number of nodes: 31
Student reward: 0.0
Iteration 50/80
Training student with 153000 points
Train accuracy: 0.2741911764705882
Test accuracy: 0.27398692810457514
Number of nodes: 31
Student reward: 0.0
Iteration 51/80
Training student with 156000 points
Train accuracy: 0.2749919871794872
Test accuracy: 0.27400641025641026
Number of nodes: 31
Student reward: 0.0
Iteration 52/80
Training student with 159000 points
Train accuracy: 0.2732389937106918
Test accuracy: 0.27550314465408804
Number of nodes: 31
Student reward: 0.0
Iteration 53/80
Training student with 162000 points
Train accuracy: 0.2753858024691358
Test accuracy: 0.2799074074074074
Number of nodes: 31
Student reward: 0.0
Iteration 54/80
Training student with 165000 points
Train accuracy: 0.2766363636363636
Test accuracy: 0.2752121212121212
Number of nodes: 31
Student reward: 0.0
Iteration 55/80
Training student with 168000 points
Train accuracy: 0.2732142857142857
Test accuracy: 0.2755952380952381
Number of nodes: 31
Student reward: 0.0
Iteration 56/80
Training student with 171000 points
Train accuracy: 0.2733187134502924
Test accuracy: 0.27304093567251464
Number of nodes: 31
Student reward: 0.0
Iteration 57/80
Training student with 174000 points
Train accuracy: 0.2750718390804598
Test accuracy: 0.2768390804597701
Number of nodes: 31
Student reward: 0.0
Iteration 58/80
Training student with 177000 points
Train accuracy: 0.2749505649717514
Test accuracy: 0.27240112994350285
Number of nodes: 31
Student reward: 0.0
Iteration 59/80
Training student with 180000 points
Train accuracy: 0.2746736111111111
Test accuracy: 0.2752777777777778
Number of nodes: 31
Student reward: 0.0
Iteration 60/80
Training student with 183000 points
Train accuracy: 0.275922131147541
Test accuracy: 0.27475409836065573
Number of nodes: 31
Student reward: 0.0
Iteration 61/80
Training student with 186000 points
Train accuracy: 0.27561155913978497
Test accuracy: 0.2762096774193548
Number of nodes: 31
Student reward: 0.0
Iteration 62/80
Training student with 189000 points
Train accuracy: 0.27517857142857144
Test accuracy: 0.27111111111111114
Number of nodes: 31
Student reward: 0.0
Iteration 63/80
Training student with 192000 points
Train accuracy: 0.27391927083333334
Test accuracy: 0.27674479166666666
Number of nodes: 31
Student reward: 0.0
Iteration 64/80
Training student with 195000 points
Train accuracy: 0.27612820512820513
Test accuracy: 0.27353846153846156
Number of nodes: 31
Student reward: 0.0
Iteration 65/80
Training student with 198000 points
Train accuracy: 0.2737436868686869
Test accuracy: 0.27156565656565657
Number of nodes: 31
Student reward: 0.0
Iteration 66/80
Training student with 201000 points
Train accuracy: 0.27422885572139305
Test accuracy: 0.27813432835820895
Number of nodes: 31
Student reward: 0.0
Iteration 67/80
Training student with 204000 points
Train accuracy: 0.27503063725490196
Test accuracy: 0.27301470588235294
Number of nodes: 31
Student reward: 0.0
Iteration 68/80
Training student with 207000 points
Train accuracy: 0.27597826086956523
Test accuracy: 0.27654589371980676
Number of nodes: 31
Student reward: 0.0
Iteration 69/80
Training student with 210000 points
Train accuracy: 0.27619642857142856
Test accuracy: 0.2753809523809524
Number of nodes: 31
Student reward: 0.0
Iteration 70/80
Training student with 213000 points
Train accuracy: 0.27529342723004696
Test accuracy: 0.2733568075117371
Number of nodes: 31
Student reward: 0.0
Iteration 71/80
Training student with 216000 points
Train accuracy: 0.2751388888888889
Test accuracy: 0.2750462962962963
Number of nodes: 31
Student reward: 0.0
Iteration 72/80
Training student with 219000 points
Train accuracy: 0.27486872146118724
Test accuracy: 0.2764840182648402
Number of nodes: 31
Student reward: 0.0
Iteration 73/80
Training student with 222000 points
Train accuracy: 0.2767454954954955
Test accuracy: 0.278018018018018
Number of nodes: 31
Student reward: 0.0
Iteration 74/80
Training student with 225000 points
Train accuracy: 0.27375
Test accuracy: 0.2744666666666667
Number of nodes: 31
Student reward: 0.0
Iteration 75/80
Training student with 228000 points
Train accuracy: 0.2772313596491228
Test accuracy: 0.2743201754385965
Number of nodes: 31
Student reward: 0.0
Iteration 76/80
Training student with 231000 points
Train accuracy: 0.2746049783549784
Test accuracy: 0.2767316017316017
Number of nodes: 31
Student reward: 0.0
Iteration 77/80
Training student with 234000 points
Train accuracy: 0.2764636752136752
Test accuracy: 0.275
Number of nodes: 31
Student reward: 0.0
Iteration 78/80
Training student with 237000 points
Train accuracy: 0.2753217299578059
Test accuracy: 0.2738607594936709
Number of nodes: 31
Student reward: 0.0
Iteration 79/80
Training student with 240000 points
Train accuracy: 0.27510416666666665
Test accuracy: 0.2755208333333333
Number of nodes: 31
Student reward: 0.0
Initial policy count: 80
Current policy count: 40
Reward update: 0.0 -> 0.0
Reward update: 0.0 -> 0.0
Reward update: 0.0 -> 0.0
Reward update: 0.0 -> 0.0
Reward update: 0.0 -> 0.0
Reward update: 0.0 -> 0.0
Reward update: 0.0 -> 0.0
Reward update: 0.0 -> 0.0
Reward update: 0.0 -> 0.0
Reward update: 0.0 -> 0.0
Reward update: 0.0 -> 0.0
Reward update: 0.0 -> 0.0
Reward update: 0.0 -> 0.0
Reward update: 0.0 -> 0.0
Reward update: 0.0 -> 0.0
Reward update: 0.0 -> 0.0
Reward update: 0.0 -> 0.0
Reward update: 0.0 -> 0.0
Reward update: 0.0 -> 0.0
Reward update: 0.0 -> 0.0
Reward update: 0.0 -> 0.0
Reward update: 0.0 -> 0.0
Reward update: 0.0 -> 0.0
Reward update: 0.0 -> 0.0
Reward update: 0.0 -> 0.0
Reward update: 0.0 -> 0.0
Reward update: 0.0 -> 0.0
Reward update: 0.0 -> 0.0
Reward update: 0.0 -> 0.0
Reward update: 0.0 -> 0.0
Reward update: 0.0 -> 0.0
Reward update: 0.0 -> 0.0
Reward update: 0.0 -> 0.0
Reward update: 0.0 -> 0.0
Reward update: 0.0 -> 0.0
Reward update: 0.0 -> 0.0
Reward update: 0.0 -> 0.0
Reward update: 0.0 -> 0.0
Reward update: 0.0 -> 0.0
Reward update: 0.0 -> 0.0
Current policy count: 20
Reward update: 0.0 -> 0.0
Reward update: 0.0 -> 0.0
Reward update: 0.0 -> 0.0
Reward update: 0.0 -> 0.0
Reward update: 0.0 -> 0.0
Reward update: 0.0 -> 0.0
Reward update: 0.0 -> 0.0
Reward update: 0.0 -> 0.0
Reward update: 0.0 -> 0.0
Reward update: 0.0 -> 0.0
Reward update: 0.0 -> 0.0
Reward update: 0.0 -> 0.0
Reward update: 0.0 -> 0.0
Reward update: 0.0 -> 0.0
Reward update: 0.0 -> 0.0
Reward update: 0.0 -> 0.0
Reward update: 0.0 -> 0.0
Reward update: 0.0 -> 0.0
Reward update: 0.0 -> 0.0
Reward update: 0.0 -> 0.0
Current policy count: 10
Reward update: 0.0 -> 0.0
Reward update: 0.0 -> 0.0
Reward update: 0.0 -> 0.0
Reward update: 0.0 -> 0.0
Reward update: 0.0 -> 0.0
Reward update: 0.0 -> 0.0
Reward update: 0.0 -> 0.0
Reward update: 0.0 -> 0.0
Reward update: 0.0 -> 0.0
Reward update: 0.0 -> 0.0
Current policy count: 5
Reward update: 0.0 -> 0.0
Reward update: 0.0 -> 0.0
Reward update: 0.0 -> 0.0
Reward update: 0.0 -> 0.0
Reward update: 0.0 -> 0.0
Current policy count: 3
Reward update: 0.0 -> 0.0
Reward update: 0.0 -> 0.0
Reward update: 0.0 -> 0.0
Current policy count: 2
Reward update: 0.0 -> 0.0
Reward update: 0.0 -> 0.0
Current policy count: 1
Reward update: 0.0 -> 0.0
Final reward: 0.0
Number of nodes: 31
