Iteration 0/80
Training student with 136 points
Train accuracy: 0.6666666666666666
Test accuracy: 0.75
Number of nodes: 15
Student reward: -0.1
Iteration 1/80
Training student with 1042 points
Train accuracy: 0.47058823529411764
Test accuracy: 0.4688995215311005
Number of nodes: 19
Student reward: 0.0
Iteration 2/80
Training student with 2042 points
Train accuracy: 0.4629516227801592
Test accuracy: 0.4400977995110024
Number of nodes: 17
Student reward: 0.0
Iteration 3/80
Training student with 3042 points
Train accuracy: 0.426222770242499
Test accuracy: 0.4318555008210181
Number of nodes: 19
Student reward: 0.0
Iteration 4/80
Training student with 4042 points
Train accuracy: 0.4339622641509434
Test accuracy: 0.449938195302843
Number of nodes: 21
Student reward: 0.0
Iteration 5/80
Training student with 5042 points
Train accuracy: 0.5326060004959088
Test accuracy: 0.5431119920713577
Number of nodes: 17
Student reward: 0.0
Iteration 6/80
Training student with 6042 points
Train accuracy: 0.526794951375957
Test accuracy: 0.5202646815550042
Number of nodes: 21
Student reward: -0.1
Iteration 7/80
Training student with 6948 points
Train accuracy: 0.5223101835192515
Test accuracy: 0.5122302158273381
Number of nodes: 19
Student reward: 0.0
Iteration 8/80
Training student with 7948 points
Train accuracy: 0.5191884240327147
Test accuracy: 0.5012578616352201
Number of nodes: 23
Student reward: 0.0
Iteration 9/80
Training student with 8948 points
Train accuracy: 0.501257334450964
Test accuracy: 0.5094972067039106
Number of nodes: 19
Student reward: 0.0
Iteration 10/80
Training student with 9948 points
Train accuracy: 0.4950992711736617
Test accuracy: 0.4824120603015075
Number of nodes: 19
Student reward: 0.0
Iteration 11/80
Training student with 10948 points
Train accuracy: 0.48846768668645807
Test accuracy: 0.49726027397260275
Number of nodes: 17
Student reward: 0.0
Iteration 12/80
Training student with 11948 points
Train accuracy: 0.4931994141033689
Test accuracy: 0.4820083682008368
Number of nodes: 21
Student reward: 0.0
Iteration 13/80
Training student with 12948 points
Train accuracy: 0.49053871403745897
Test accuracy: 0.5007722007722007
Number of nodes: 21
Student reward: 0.0
Iteration 14/80
Training student with 13948 points
Train accuracy: 0.48449542928840295
Test accuracy: 0.4835125448028674
Number of nodes: 19
Student reward: 0.0
Iteration 15/80
Training student with 14948 points
Train accuracy: 0.4848636895801974
Test accuracy: 0.47157190635451507
Number of nodes: 21
Student reward: -0.1
Iteration 16/80
Training student with 15854 points
Train accuracy: 0.47528187337380745
Test accuracy: 0.467360454115421
Number of nodes: 19
Student reward: 0.0
Iteration 17/80
Training student with 16854 points
Train accuracy: 0.4777126752206482
Test accuracy: 0.47107683180065263
Number of nodes: 21
Student reward: 0.0
Iteration 18/80
Training student with 17854 points
Train accuracy: 0.472659805363019
Test accuracy: 0.4690562867544105
Number of nodes: 17
Student reward: 0.0
Iteration 19/80
Training student with 18854 points
Train accuracy: 0.47961280912285353
Test accuracy: 0.47865287722089633
Number of nodes: 19
Student reward: 0.0
Iteration 20/80
Training student with 19854 points
Train accuracy: 0.4682994396524586
Test accuracy: 0.4661294384286074
Number of nodes: 19
Student reward: 0.0
Iteration 21/80
Training student with 20854 points
Train accuracy: 0.4726967571779656
Test accuracy: 0.47662431071685446
Number of nodes: 19
Student reward: 0.0
Iteration 22/80
Training student with 21854 points
Train accuracy: 0.4733169364525539
Test accuracy: 0.47975291695264244
Number of nodes: 19
Student reward: 0.0
Iteration 23/80
Training student with 22854 points
Train accuracy: 0.4673740633375267
Test accuracy: 0.4528549551520455
Number of nodes: 15
Student reward: 0.0
Iteration 24/80
Training student with 23854 points
Train accuracy: 0.4648640150919667
Test accuracy: 0.4657304548312723
Number of nodes: 19
Student reward: 0.0
Iteration 25/80
Training student with 24854 points
Train accuracy: 0.45767741286526176
Test accuracy: 0.4536310601488634
Number of nodes: 21
Student reward: -0.1
Iteration 26/80
Training student with 25760 points
Train accuracy: 0.46151979813664595
Test accuracy: 0.4633152173913043
Number of nodes: 19
Student reward: -0.1
Iteration 27/80
Training student with 26666 points
Train accuracy: 0.4567316707294206
Test accuracy: 0.45819272590926136
Number of nodes: 21
Student reward: 0.0
Iteration 28/80
Training student with 27666 points
Train accuracy: 0.46227182360383157
Test accuracy: 0.4580773400795085
Number of nodes: 21
Student reward: 0.0
Iteration 29/80
Training student with 28666 points
Train accuracy: 0.4669893598465027
Test accuracy: 0.46477153819323336
Number of nodes: 21
Student reward: 0.0
Iteration 30/80
Training student with 29666 points
Train accuracy: 0.46022248440923647
Test accuracy: 0.46073474890461746
Number of nodes: 23
Student reward: 0.0
Iteration 31/80
Training student with 30666 points
Train accuracy: 0.4614788847219958
Test accuracy: 0.45533094228888166
Number of nodes: 21
Student reward: 0.0
Iteration 32/80
Training student with 31666 points
Train accuracy: 0.458076740881099
Test accuracy: 0.4627407641300916
Number of nodes: 23
Student reward: -0.1
Iteration 33/80
Training student with 32572 points
Train accuracy: 0.4588786122730936
Test accuracy: 0.459247889485802
Number of nodes: 23
Student reward: 0.0
Iteration 34/80
Training student with 33572 points
Train accuracy: 0.459470529098559
Test accuracy: 0.4616530156366344
Number of nodes: 21
Student reward: -0.1
Iteration 35/80
Training student with 34478 points
Train accuracy: 0.45660213182510334
Test accuracy: 0.45707656612529
Number of nodes: 19
Student reward: 0.0
Iteration 36/80
Training student with 35478 points
Train accuracy: 0.4589528574448594
Test accuracy: 0.4506764374295378
Number of nodes: 21
Student reward: 0.0
Iteration 37/80
Training student with 36478 points
Train accuracy: 0.4578164622027277
Test accuracy: 0.44298245614035087
Number of nodes: 19
Student reward: 0.0
Iteration 38/80
Training student with 37478 points
Train accuracy: 0.4559402308051498
Test accuracy: 0.4615795090715048
Number of nodes: 21
Student reward: 0.0
Iteration 39/80
Training student with 38478 points
Train accuracy: 0.45565590280033785
Test accuracy: 0.45205301455301455
Number of nodes: 21
Student reward: 0.0
Iteration 40/80
Training student with 39478 points
Train accuracy: 0.4604521562915585
Test accuracy: 0.45871327254305977
Number of nodes: 19
Student reward: 0.0
Iteration 41/80
Training student with 40478 points
Train accuracy: 0.4595454264714965
Test accuracy: 0.45849802371541504
Number of nodes: 23
Student reward: -0.1
Iteration 42/80
Training student with 41384 points
Train accuracy: 0.45636874377019965
Test accuracy: 0.45680802223027667
Number of nodes: 21
Student reward: 0.0
Iteration 43/80
Training student with 42384 points
Train accuracy: 0.4509393340608134
Test accuracy: 0.46219181314144153
Number of nodes: 17
Student reward: -0.1
Iteration 44/80
Training student with 43290 points
Train accuracy: 0.45766920766920766
Test accuracy: 0.4546084546084546
Number of nodes: 21
Student reward: 0.0
Iteration 45/80
Training student with 44290 points
Train accuracy: 0.4587096410024836
Test accuracy: 0.453149695190788
Number of nodes: 21
Student reward: 0.0
Iteration 46/80
Training student with 45290 points
Train accuracy: 0.4518657540295871
Test accuracy: 0.45782733495252814
Number of nodes: 21
Student reward: 0.0
Iteration 47/80
Training student with 46290 points
Train accuracy: 0.45136638582847266
Test accuracy: 0.45279758047094404
Number of nodes: 21
Student reward: -0.1
Iteration 48/80
Training student with 47196 points
Train accuracy: 0.45460324186884205
Test accuracy: 0.4528601694915254
Number of nodes: 19
Student reward: 0.0
Iteration 49/80
Training student with 48196 points
Train accuracy: 0.4518881626724764
Test accuracy: 0.45995850622406637
Number of nodes: 21
Student reward: -0.1
Iteration 50/80
Training student with 49102 points
Train accuracy: 0.45813497619714366
Test accuracy: 0.4462885653192139
Number of nodes: 21
Student reward: -0.1
Iteration 51/80
Training student with 50008 points
Train accuracy: 0.45228215767634855
Test accuracy: 0.46020795840831835
Number of nodes: 19
Student reward: 0.0
Iteration 52/80
Training student with 51008 points
Train accuracy: 0.4575552614811547
Test accuracy: 0.4545187218192511
Number of nodes: 21
Student reward: 0.0
Iteration 53/80
Training student with 52008 points
Train accuracy: 0.4612796231312791
Test accuracy: 0.4662564891367045
Number of nodes: 19
Student reward: 0.0
Iteration 54/80
Training student with 53008 points
Train accuracy: 0.463094845069094
Test accuracy: 0.47538200339558573
Number of nodes: 21
Student reward: 0.0
Iteration 55/80
Training student with 54008 points
Train accuracy: 0.46762023792991714
Test accuracy: 0.4644510275874838
Number of nodes: 23
Student reward: -0.1
Iteration 56/80
Training student with 54914 points
Train accuracy: 0.46689126129612346
Test accuracy: 0.45725211690794865
Number of nodes: 21
Student reward: 0.0
Iteration 57/80
Training student with 55914 points
Train accuracy: 0.4643535802910733
Test accuracy: 0.4598944826969507
Number of nodes: 21
Student reward: 0.0
Iteration 58/80
Training student with 56914 points
Train accuracy: 0.46449671652280866
Test accuracy: 0.4623561451287007
Number of nodes: 19
Student reward: 0.0
Iteration 59/80
Training student with 57914 points
Train accuracy: 0.46301612311411366
Test accuracy: 0.4660277993611327
Number of nodes: 23
Student reward: 0.0
Iteration 60/80
Training student with 58914 points
Train accuracy: 0.4645138019562496
Test accuracy: 0.461427480268183
Number of nodes: 19
Student reward: -0.2
Iteration 61/80
Training student with 59726 points
Train accuracy: 0.46090414399330265
Test accuracy: 0.4575590155700653
Number of nodes: 21
Student reward: 0.0
Iteration 62/80
Training student with 60726 points
Train accuracy: 0.4609510086455331
Test accuracy: 0.4620451177342335
Number of nodes: 19
Student reward: 0.0
Iteration 63/80
Training student with 61726 points
Train accuracy: 0.4590724989874443
Test accuracy: 0.46257897294670336
Number of nodes: 21
Student reward: 0.0
Iteration 64/80
Training student with 62726 points
Train accuracy: 0.465962534874452
Test accuracy: 0.4626175673521441
Number of nodes: 21
Student reward: 0.0
Iteration 65/80
Training student with 63726 points
Train accuracy: 0.459042761867399
Test accuracy: 0.4569276635807312
Number of nodes: 21
Student reward: 0.0
Iteration 66/80
Training student with 64726 points
Train accuracy: 0.4556006179992275
Test accuracy: 0.4631546423605747
Number of nodes: 19
Student reward: -0.1
Iteration 67/80
Training student with 65632 points
Train accuracy: 0.458908675364251
Test accuracy: 0.46240572865087226
Number of nodes: 19
Student reward: 0.0
Iteration 68/80
Training student with 66632 points
Train accuracy: 0.4604446111996998
Test accuracy: 0.45914309296916034
Number of nodes: 19
Student reward: 0.0
Iteration 69/80
Training student with 67632 points
Train accuracy: 0.46128823583772294
Test accuracy: 0.4590079101057145
Number of nodes: 19
Student reward: 0.0
Iteration 70/80
Training student with 68632 points
Train accuracy: 0.4575175302795738
Test accuracy: 0.45829387338821304
Number of nodes: 17
Student reward: 0.0
Iteration 71/80
Training student with 69632 points
Train accuracy: 0.46288483978098915
Test accuracy: 0.4555180584476197
Number of nodes: 23
Student reward: 0.0
Iteration 72/80
Training student with 70632 points
Train accuracy: 0.46179984072206
Test accuracy: 0.461456784880017
Number of nodes: 19
Student reward: -0.1
Iteration 73/80
Training student with 71538 points
Train accuracy: 0.4612091560370435
Test accuracy: 0.45561923399496784
Number of nodes: 23
Student reward: 0.0
Iteration 74/80
Training student with 72538 points
Train accuracy: 0.45865931414785455
Test accuracy: 0.46360628618693134
Number of nodes: 23
Student reward: 0.0
Iteration 75/80
Training student with 73538 points
Train accuracy: 0.4603433622301547
Test accuracy: 0.4627413652434049
Number of nodes: 23
Student reward: 0.0
Iteration 76/80
Training student with 74538 points
Train accuracy: 0.4626362569176589
Test accuracy: 0.4596189965119399
Number of nodes: 19
Student reward: 0.0
Iteration 77/80
Training student with 75538 points
Train accuracy: 0.4618566936951845
Test accuracy: 0.4582340481863913
Number of nodes: 21
Student reward: 0.0
Iteration 78/80
Training student with 76538 points
Train accuracy: 0.45928466438020576
Test accuracy: 0.45766919257904365
Number of nodes: 19
Student reward: 0.0
Iteration 79/80
Training student with 77538 points
Train accuracy: 0.45660164436562956
Test accuracy: 0.46169718854784625
Number of nodes: 21
Student reward: 0.0
Initial policy count: 80
Current policy count: 40
Reward update: 0.0 -> -0.04
Reward update: 0.0 -> 0.0
Reward update: 0.0 -> 0.0
Reward update: 0.0 -> 0.0
Reward update: 0.0 -> 0.0
Reward update: 0.0 -> -0.04
Reward update: 0.0 -> 0.0
Reward update: 0.0 -> 0.0
Reward update: 0.0 -> -0.08
Reward update: 0.0 -> -0.02
Reward update: 0.0 -> -0.04
Reward update: 0.0 -> -0.06
Reward update: 0.0 -> -0.02
Reward update: 0.0 -> 0.0
Reward update: 0.0 -> -0.02
Reward update: 0.0 -> -0.04
Reward update: 0.0 -> 0.0
Reward update: 0.0 -> 0.0
Reward update: 0.0 -> -0.02
Reward update: 0.0 -> -0.02
Reward update: 0.0 -> 0.0
Reward update: 0.0 -> -0.06
Reward update: 0.0 -> 0.0
Reward update: 0.0 -> 0.0
Reward update: 0.0 -> 0.0
Reward update: 0.0 -> -0.04
Reward update: 0.0 -> 0.0
Reward update: 0.0 -> -0.02
Reward update: 0.0 -> -0.02
Reward update: 0.0 -> -0.06
Reward update: 0.0 -> -0.02
Reward update: 0.0 -> 0.0
Reward update: 0.0 -> -0.04
Reward update: 0.0 -> -0.04
Reward update: 0.0 -> -0.02
Reward update: 0.0 -> 0.0
Reward update: 0.0 -> 0.0
Reward update: 0.0 -> 0.0
Reward update: 0.0 -> -0.04
Reward update: 0.0 -> -0.06
Current policy count: 20
Reward update: 0.0 -> -0.02
Reward update: 0.0 -> -0.02
Reward update: 0.0 -> 0.0
Reward update: 0.0 -> 0.0
Reward update: 0.0 -> 0.0
Reward update: 0.0 -> -0.04
Reward update: 0.0 -> -0.02
Reward update: 0.0 -> -0.02
Reward update: 0.0 -> 0.0
Reward update: 0.0 -> -0.04
Reward update: 0.0 -> 0.0
Reward update: 0.0 -> 0.0
Reward update: 0.0 -> 0.0
Reward update: 0.0 -> -0.06
Reward update: 0.0 -> -0.04
Reward update: 0.0 -> -0.08
Reward update: 0.0 -> -0.04
Reward update: 0.0 -> -0.02
Reward update: -0.02 -> -0.02
Reward update: -0.02 -> 0.0
Current policy count: 10
Reward update: 0.0 -> 0.0
Reward update: 0.0 -> -0.02
Reward update: 0.0 -> 0.0
Reward update: 0.0 -> 0.0
Reward update: 0.0 -> 0.0
Reward update: 0.0 -> -0.06
Reward update: 0.0 -> 0.0
Reward update: 0.0 -> 0.0
Reward update: -0.02 -> 0.0
Reward update: -0.02 -> -0.02
Current policy count: 5
Reward update: 0.0 -> 0.0
Reward update: 0.0 -> 0.0
Reward update: 0.0 -> 0.0
Reward update: 0.0 -> 0.0
Reward update: 0.0 -> -0.06
Current policy count: 3
Reward update: 0.0 -> 0.0
Reward update: 0.0 -> -0.02
Reward update: 0.0 -> 0.0
Current policy count: 2
Reward update: 0.0 -> 0.0
Reward update: 0.0 -> 0.0
Current policy count: 1
Reward update: 0.0 -> 0.0
Final reward: 0.0
Number of nodes: 21
