Iteration 0/80
Training student with 3000 points
Train accuracy: 0.2841666666666667
Test accuracy: 0.2966666666666667
Number of nodes: 31
Student reward: 0.0
Iteration 1/80
Training student with 6000 points
Train accuracy: 0.279375
Test accuracy: 0.2675
Number of nodes: 31
Student reward: 0.0
Iteration 2/80
Training student with 9000 points
Train accuracy: 0.2761111111111111
Test accuracy: 0.2688888888888889
Number of nodes: 31
Student reward: 0.0
Iteration 3/80
Training student with 12000 points
Train accuracy: 0.2763541666666667
Test accuracy: 0.26708333333333334
Number of nodes: 31
Student reward: 0.0
Iteration 4/80
Training student with 15000 points
Train accuracy: 0.2679166666666667
Test accuracy: 0.273
Number of nodes: 31
Student reward: 0.0
Iteration 5/80
Training student with 18000 points
Train accuracy: 0.27145833333333336
Test accuracy: 0.2588888888888889
Number of nodes: 31
Student reward: 0.0
Iteration 6/80
Training student with 21000 points
Train accuracy: 0.27071428571428574
Test accuracy: 0.2671428571428571
Number of nodes: 31
Student reward: 0.0
Iteration 7/80
Training student with 24000 points
Train accuracy: 0.2646875
Test accuracy: 0.276875
Number of nodes: 31
Student reward: 0.0
Iteration 8/80
Training student with 27000 points
Train accuracy: 0.27
Test accuracy: 0.26166666666666666
Number of nodes: 31
Student reward: 0.0
Iteration 9/80
Training student with 30000 points
Train accuracy: 0.26979166666666665
Test accuracy: 0.2673333333333333
Number of nodes: 31
Student reward: 0.0
Iteration 10/80
Training student with 33000 points
Train accuracy: 0.2643939393939394
Test accuracy: 0.26136363636363635
Number of nodes: 31
Student reward: 0.0
Iteration 11/80
Training student with 36000 points
Train accuracy: 0.2721875
Test accuracy: 0.26472222222222225
Number of nodes: 31
Student reward: 0.0
Iteration 12/80
Training student with 39000 points
Train accuracy: 0.2719871794871795
Test accuracy: 0.2685897435897436
Number of nodes: 31
Student reward: 0.0
Iteration 13/80
Training student with 42000 points
Train accuracy: 0.27130952380952383
Test accuracy: 0.26357142857142857
Number of nodes: 31
Student reward: 0.0
Iteration 14/80
Training student with 45000 points
Train accuracy: 0.2733333333333333
Test accuracy: 0.275
Number of nodes: 31
Student reward: 0.0
Iteration 15/80
Training student with 48000 points
Train accuracy: 0.272265625
Test accuracy: 0.27010416666666665
Number of nodes: 31
Student reward: 0.0
Iteration 16/80
Training student with 51000 points
Train accuracy: 0.2700490196078431
Test accuracy: 0.27578431372549017
Number of nodes: 31
Student reward: 0.0
Iteration 17/80
Training student with 54000 points
Train accuracy: 0.273125
Test accuracy: 0.2747222222222222
Number of nodes: 31
Student reward: 0.0
Iteration 18/80
Training student with 57000 points
Train accuracy: 0.2724561403508772
Test accuracy: 0.26824561403508773
Number of nodes: 31
Student reward: 0.0
Iteration 19/80
Training student with 60000 points
Train accuracy: 0.2704166666666667
Test accuracy: 0.27475
Number of nodes: 31
Student reward: 0.0
Iteration 20/80
Training student with 63000 points
Train accuracy: 0.2749404761904762
Test accuracy: 0.2706349206349206
Number of nodes: 31
Student reward: 0.0
Iteration 21/80
Training student with 66000 points
Train accuracy: 0.27291666666666664
Test accuracy: 0.2724242424242424
Number of nodes: 31
Student reward: 0.0
Iteration 22/80
Training student with 69000 points
Train accuracy: 0.2763224637681159
Test accuracy: 0.26768115942028986
Number of nodes: 31
Student reward: 0.0
Iteration 23/80
Training student with 72000 points
Train accuracy: 0.27565972222222224
Test accuracy: 0.27326388888888886
Number of nodes: 31
Student reward: 0.0
Iteration 24/80
Training student with 75000 points
Train accuracy: 0.2727333333333333
Test accuracy: 0.27453333333333335
Number of nodes: 31
Student reward: 0.0
Iteration 25/80
Training student with 78000 points
Train accuracy: 0.27197115384615383
Test accuracy: 0.2749358974358974
Number of nodes: 31
Student reward: 0.0
Iteration 26/80
Training student with 81000 points
Train accuracy: 0.2723611111111111
Test accuracy: 0.2679012345679012
Number of nodes: 31
Student reward: 0.0
Iteration 27/80
Training student with 84000 points
Train accuracy: 0.27458333333333335
Test accuracy: 0.26970238095238097
Number of nodes: 31
Student reward: 0.0
Iteration 28/80
Training student with 87000 points
Train accuracy: 0.2752586206896552
Test accuracy: 0.2710344827586207
Number of nodes: 31
Student reward: 0.0
Iteration 29/80
Training student with 90000 points
Train accuracy: 0.27231944444444445
Test accuracy: 0.2695
Number of nodes: 31
Student reward: 0.0
Iteration 30/80
Training student with 93000 points
Train accuracy: 0.27474462365591396
Test accuracy: 0.2741397849462366
Number of nodes: 31
Student reward: 0.0
Iteration 31/80
Training student with 96000 points
Train accuracy: 0.27209635416666667
Test accuracy: 0.27760416666666665
Number of nodes: 31
Student reward: 0.0
Iteration 32/80
Training student with 99000 points
Train accuracy: 0.2752651515151515
Test accuracy: 0.27606060606060606
Number of nodes: 31
Student reward: 0.0
Iteration 33/80
Training student with 100000 points
Train accuracy: 0.2743875
Test accuracy: 0.27085
Number of nodes: 31
Student reward: 0.0
Iteration 34/80
Training student with 100000 points
Train accuracy: 0.2730875
Test accuracy: 0.27305
Number of nodes: 31
Student reward: 0.0
Iteration 35/80
Training student with 100000 points
Train accuracy: 0.2750875
Test accuracy: 0.2684
Number of nodes: 31
Student reward: 0.0
Iteration 36/80
Training student with 100000 points
Train accuracy: 0.2739875
Test accuracy: 0.27305
Number of nodes: 31
Student reward: 0.0
Iteration 37/80
Training student with 100000 points
Train accuracy: 0.2754375
Test accuracy: 0.2715
Number of nodes: 31
Student reward: 0.0
Iteration 38/80
Training student with 100000 points
Train accuracy: 0.274125
Test accuracy: 0.26965
Number of nodes: 31
Student reward: 0.0
Iteration 39/80
Training student with 100000 points
Train accuracy: 0.2748375
Test accuracy: 0.2709
Number of nodes: 31
Student reward: 0.0
Iteration 40/80
Training student with 100000 points
Train accuracy: 0.27515
Test accuracy: 0.27425
Number of nodes: 31
Student reward: 0.0
Iteration 41/80
Training student with 100000 points
Train accuracy: 0.2755625
Test accuracy: 0.27025
Number of nodes: 31
Student reward: 0.0
Iteration 42/80
Training student with 100000 points
Train accuracy: 0.2763375
Test accuracy: 0.2752
Number of nodes: 31
Student reward: 0.0
Iteration 43/80
Training student with 100000 points
Train accuracy: 0.2752375
Test accuracy: 0.2725
Number of nodes: 31
Student reward: 0.0
Iteration 44/80
Training student with 100000 points
Train accuracy: 0.27275
Test accuracy: 0.2728
Number of nodes: 31
Student reward: 0.0
Iteration 45/80
Training student with 100000 points
Train accuracy: 0.273775
Test accuracy: 0.27465
Number of nodes: 31
Student reward: 0.0
Iteration 46/80
Training student with 100000 points
Train accuracy: 0.2749
Test accuracy: 0.2739
Number of nodes: 31
Student reward: 0.0
Iteration 47/80
Training student with 100000 points
Train accuracy: 0.27335
Test accuracy: 0.271
Number of nodes: 31
Student reward: 0.0
Iteration 48/80
Training student with 100000 points
Train accuracy: 0.2726375
Test accuracy: 0.27605
Number of nodes: 31
Student reward: 0.0
Iteration 49/80
Training student with 100000 points
Train accuracy: 0.2768
Test accuracy: 0.27415
Number of nodes: 31
Student reward: 0.0
Iteration 50/80
Training student with 100000 points
Train accuracy: 0.2727
Test accuracy: 0.274
Number of nodes: 31
Student reward: 0.0
Iteration 51/80
Training student with 100000 points
Train accuracy: 0.274275
Test accuracy: 0.27935
Number of nodes: 31
Student reward: 0.0
Iteration 52/80
Training student with 100000 points
Train accuracy: 0.273775
Test accuracy: 0.2716
Number of nodes: 31
Student reward: 0.0
Iteration 53/80
Training student with 100000 points
Train accuracy: 0.2763125
Test accuracy: 0.27465
Number of nodes: 31
Student reward: 0.0
Iteration 54/80
Training student with 100000 points
Train accuracy: 0.2758875
Test accuracy: 0.27455
Number of nodes: 31
Student reward: 0.0
Iteration 55/80
Training student with 100000 points
Train accuracy: 0.2718625
Test accuracy: 0.27305
Number of nodes: 31
Student reward: 0.0
Iteration 56/80
Training student with 100000 points
Train accuracy: 0.273675
Test accuracy: 0.27635
Number of nodes: 31
Student reward: 0.0
Iteration 57/80
Training student with 100000 points
Train accuracy: 0.277475
Test accuracy: 0.272
Number of nodes: 31
Student reward: 0.0
Iteration 58/80
Training student with 100000 points
Train accuracy: 0.2755125
Test accuracy: 0.27195
Number of nodes: 31
Student reward: 0.0
Iteration 59/80
Training student with 100000 points
Train accuracy: 0.2755875
Test accuracy: 0.26995
Number of nodes: 31
Student reward: 0.0
Iteration 60/80
Training student with 100000 points
Train accuracy: 0.2769125
Test accuracy: 0.27865
Number of nodes: 31
Student reward: 0.0
Iteration 61/80
Training student with 100000 points
Train accuracy: 0.27775
Test accuracy: 0.27685
Number of nodes: 31
Student reward: 0.0
Iteration 62/80
Training student with 100000 points
Train accuracy: 0.274575
Test accuracy: 0.2673
Number of nodes: 31
Student reward: 0.0
Iteration 63/80
Training student with 100000 points
Train accuracy: 0.2748125
Test accuracy: 0.2743
Number of nodes: 31
Student reward: 0.0
Iteration 64/80
Training student with 100000 points
Train accuracy: 0.2739125
Test accuracy: 0.2787
Number of nodes: 31
Student reward: 0.0
Iteration 65/80
Training student with 100000 points
Train accuracy: 0.2733
Test accuracy: 0.2686
Number of nodes: 31
Student reward: 0.0
Iteration 66/80
Training student with 100000 points
Train accuracy: 0.2748875
Test accuracy: 0.27065
Number of nodes: 31
Student reward: 0.0
Iteration 67/80
Training student with 100000 points
Train accuracy: 0.27435
Test accuracy: 0.2718
Number of nodes: 31
Student reward: 0.0
Iteration 68/80
Training student with 100000 points
Train accuracy: 0.2729375
Test accuracy: 0.2757
Number of nodes: 31
Student reward: 0.0
Iteration 69/80
Training student with 100000 points
Train accuracy: 0.2757875
Test accuracy: 0.2725
Number of nodes: 31
Student reward: 0.0
Iteration 70/80
Training student with 100000 points
Train accuracy: 0.2770375
Test accuracy: 0.2788
Number of nodes: 31
Student reward: 0.0
Iteration 71/80
Training student with 100000 points
Train accuracy: 0.2743
Test accuracy: 0.2668
Number of nodes: 31
Student reward: 0.0
Iteration 72/80
Training student with 100000 points
Train accuracy: 0.27465
Test accuracy: 0.26665
Number of nodes: 31
Student reward: 0.0
Iteration 73/80
Training student with 100000 points
Train accuracy: 0.2767
Test accuracy: 0.2759
Number of nodes: 31
Student reward: 0.0
Iteration 74/80
Training student with 100000 points
Train accuracy: 0.2729125
Test accuracy: 0.2728
Number of nodes: 31
Student reward: 0.0
Iteration 75/80
Training student with 100000 points
Train accuracy: 0.273025
Test accuracy: 0.27135
Number of nodes: 31
Student reward: 0.0
Iteration 76/80
Training student with 100000 points
Train accuracy: 0.272125
Test accuracy: 0.2715
Number of nodes: 31
Student reward: 0.0
Iteration 77/80
Training student with 100000 points
Train accuracy: 0.27455
Test accuracy: 0.2736
Number of nodes: 31
Student reward: 0.0
Iteration 78/80
Training student with 100000 points
Train accuracy: 0.2752875
Test accuracy: 0.28215
Number of nodes: 31
Student reward: 0.0
Iteration 79/80
Training student with 100000 points
Train accuracy: 0.27335
Test accuracy: 0.2736
Number of nodes: 31
Student reward: 0.0
Initial policy count: 80
Current policy count: 40
Reward update: 0.0 -> 0.0
Reward update: 0.0 -> 0.0
Reward update: 0.0 -> 0.0
Reward update: 0.0 -> 0.0
Reward update: 0.0 -> 0.0
Reward update: 0.0 -> 0.0
Reward update: 0.0 -> 0.0
Reward update: 0.0 -> 0.0
Reward update: 0.0 -> 0.0
Reward update: 0.0 -> 0.0
Reward update: 0.0 -> 0.0
Reward update: 0.0 -> 0.0
Reward update: 0.0 -> 0.0
Reward update: 0.0 -> 0.0
Reward update: 0.0 -> 0.0
Reward update: 0.0 -> 0.0
Reward update: 0.0 -> 0.0
Reward update: 0.0 -> 0.0
Reward update: 0.0 -> 0.0
Reward update: 0.0 -> 0.0
Reward update: 0.0 -> 0.0
Reward update: 0.0 -> 0.0
Reward update: 0.0 -> 0.0
Reward update: 0.0 -> 0.0
Reward update: 0.0 -> 0.0
Reward update: 0.0 -> 0.0
Reward update: 0.0 -> 0.0
Reward update: 0.0 -> 0.0
Reward update: 0.0 -> 0.0
Reward update: 0.0 -> 0.0
Reward update: 0.0 -> 0.0
Reward update: 0.0 -> 0.0
Reward update: 0.0 -> 0.0
Reward update: 0.0 -> 0.0
Reward update: 0.0 -> 0.0
Reward update: 0.0 -> 0.0
Reward update: 0.0 -> 0.0
Reward update: 0.0 -> 0.0
Reward update: 0.0 -> 0.0
Reward update: 0.0 -> 0.0
Current policy count: 20
Reward update: 0.0 -> 0.0
Reward update: 0.0 -> 0.0
Reward update: 0.0 -> 0.0
Reward update: 0.0 -> 0.0
Reward update: 0.0 -> 0.0
Reward update: 0.0 -> 0.0
Reward update: 0.0 -> 0.0
Reward update: 0.0 -> 0.0
Reward update: 0.0 -> 0.0
Reward update: 0.0 -> 0.0
Reward update: 0.0 -> 0.0
Reward update: 0.0 -> 0.0
Reward update: 0.0 -> 0.0
Reward update: 0.0 -> 0.0
Reward update: 0.0 -> 0.0
Reward update: 0.0 -> 0.0
Reward update: 0.0 -> 0.0
Reward update: 0.0 -> 0.0
Reward update: 0.0 -> 0.0
Reward update: 0.0 -> 0.0
Current policy count: 10
Reward update: 0.0 -> 0.0
Reward update: 0.0 -> 0.0
Reward update: 0.0 -> 0.0
Reward update: 0.0 -> 0.0
Reward update: 0.0 -> 0.0
Reward update: 0.0 -> 0.0
Reward update: 0.0 -> 0.0
Reward update: 0.0 -> 0.0
Reward update: 0.0 -> 0.0
Reward update: 0.0 -> 0.0
Current policy count: 5
Reward update: 0.0 -> 0.0
Reward update: 0.0 -> 0.0
Reward update: 0.0 -> 0.0
Reward update: 0.0 -> 0.0
Reward update: 0.0 -> 0.0
Current policy count: 3
Reward update: 0.0 -> 0.0
Reward update: 0.0 -> 0.0
Reward update: 0.0 -> 0.0
Current policy count: 2
Reward update: 0.0 -> 0.0
Reward update: 0.0 -> 0.0
Current policy count: 1
Reward update: 0.0 -> 0.0
Final reward: 0.0
Number of nodes: 31
