Iteration 0/80
Training student with 1000 points
Train accuracy: 0.30125
Test accuracy: 0.34
Number of nodes: 15
Student reward: 0.0
Iteration 1/80
Training student with 2000 points
Train accuracy: 0.276875
Test accuracy: 0.255
Number of nodes: 21
Student reward: 0.0
Iteration 2/80
Training student with 3000 points
Train accuracy: 0.2920833333333333
Test accuracy: 0.275
Number of nodes: 21
Student reward: 0.0
Iteration 3/80
Training student with 4000 points
Train accuracy: 0.2665625
Test accuracy: 0.27125
Number of nodes: 23
Student reward: 1.0
Iteration 4/80
Training student with 4420 points
Train accuracy: 0.2861990950226244
Test accuracy: 0.28846153846153844
Number of nodes: 23
Student reward: 0.0
Iteration 5/80
Training student with 5420 points
Train accuracy: 0.26706642066420666
Test accuracy: 0.28044280442804426
Number of nodes: 23
Student reward: 0.0
Iteration 6/80
Training student with 6420 points
Train accuracy: 0.27102803738317754
Test accuracy: 0.27102803738317754
Number of nodes: 23
Student reward: 0.0
Iteration 7/80
Training student with 7420 points
Train accuracy: 0.2671832884097035
Test accuracy: 0.25202156334231807
Number of nodes: 21
Student reward: 0.0
Iteration 8/80
Training student with 8420 points
Train accuracy: 0.2626187648456057
Test accuracy: 0.2505938242280285
Number of nodes: 23
Student reward: 0.0
Iteration 9/80
Training student with 9420 points
Train accuracy: 0.2557059447983015
Test accuracy: 0.2653927813163482
Number of nodes: 23
Student reward: 0.0
Iteration 10/80
Training student with 10420 points
Train accuracy: 0.25467850287907867
Test accuracy: 0.2356046065259117
Number of nodes: 23
Student reward: 0.0
Iteration 11/80
Training student with 11420 points
Train accuracy: 0.2596322241681261
Test accuracy: 0.24956217162872155
Number of nodes: 23
Student reward: 0.0
Iteration 12/80
Training student with 12420 points
Train accuracy: 0.25754830917874394
Test accuracy: 0.2536231884057971
Number of nodes: 23
Student reward: 0.0
Iteration 13/80
Training student with 13420 points
Train accuracy: 0.25502980625931443
Test accuracy: 0.2559612518628912
Number of nodes: 23
Student reward: 0.0
Iteration 14/80
Training student with 14420 points
Train accuracy: 0.2516470180305132
Test accuracy: 0.23613037447988905
Number of nodes: 23
Student reward: 0.0
Iteration 15/80
Training student with 15420 points
Train accuracy: 0.2519455252918288
Test accuracy: 0.2438391699092088
Number of nodes: 23
Student reward: 0.0
Iteration 16/80
Training student with 16420 points
Train accuracy: 0.24482338611449453
Test accuracy: 0.24116930572472595
Number of nodes: 23
Student reward: 0.0
Iteration 17/80
Training student with 17420 points
Train accuracy: 0.2431113662456946
Test accuracy: 0.2390929965556831
Number of nodes: 23
Student reward: 0.0
Iteration 18/80
Training student with 18420 points
Train accuracy: 0.24674267100977199
Test accuracy: 0.247828447339848
Number of nodes: 23
Student reward: 0.0
Iteration 19/80
Training student with 19420 points
Train accuracy: 0.24890576725025745
Test accuracy: 0.24845520082389289
Number of nodes: 23
Student reward: 0.0
Iteration 20/80
Training student with 20420 points
Train accuracy: 0.24332761998041136
Test accuracy: 0.240205680705191
Number of nodes: 23
Student reward: 0.0
Iteration 21/80
Training student with 21420 points
Train accuracy: 0.24066293183940243
Test accuracy: 0.22408963585434175
Number of nodes: 23
Student reward: 0.0
Iteration 22/80
Training student with 22420 points
Train accuracy: 0.24107939339875112
Test accuracy: 0.2348349687778769
Number of nodes: 23
Student reward: 0.0
Iteration 23/80
Training student with 23420 points
Train accuracy: 0.23660333048676346
Test accuracy: 0.2406063193851409
Number of nodes: 23
Student reward: 0.0
Iteration 24/80
Training student with 24420 points
Train accuracy: 0.2416052416052416
Test accuracy: 0.2334152334152334
Number of nodes: 23
Student reward: 0.0
Iteration 25/80
Training student with 25420 points
Train accuracy: 0.2393784421715185
Test accuracy: 0.233477576711251
Number of nodes: 23
Student reward: 0.0
Iteration 26/80
Training student with 26420 points
Train accuracy: 0.23211582134746403
Test accuracy: 0.23883421650264952
Number of nodes: 23
Student reward: 0.0
Iteration 27/80
Training student with 27420 points
Train accuracy: 0.23928701677607586
Test accuracy: 0.23340627279358134
Number of nodes: 23
Student reward: 0.0
Iteration 28/80
Training student with 28420 points
Train accuracy: 0.23399014778325122
Test accuracy: 0.22800844475721324
Number of nodes: 23
Student reward: 0.0
Iteration 29/80
Training student with 29420 points
Train accuracy: 0.23708361658735555
Test accuracy: 0.23691366417403126
Number of nodes: 23
Student reward: 0.0
Iteration 30/80
Training student with 30420 points
Train accuracy: 0.2348783694937541
Test accuracy: 0.22501643655489809
Number of nodes: 23
Student reward: 0.0
Iteration 31/80
Training student with 31420 points
Train accuracy: 0.23440483768300446
Test accuracy: 0.22517504774029282
Number of nodes: 23
Student reward: 0.0
Iteration 32/80
Training student with 32420 points
Train accuracy: 0.23550277606415793
Test accuracy: 0.22239358420727945
Number of nodes: 23
Student reward: 0.0
Iteration 33/80
Training student with 33420 points
Train accuracy: 0.23230849790544583
Test accuracy: 0.22351885098743268
Number of nodes: 23
Student reward: 0.0
Iteration 34/80
Training student with 34420 points
Train accuracy: 0.23053457292271934
Test accuracy: 0.23343986054619406
Number of nodes: 23
Student reward: 0.0
Iteration 35/80
Training student with 35420 points
Train accuracy: 0.22988424618859402
Test accuracy: 0.22219085262563523
Number of nodes: 23
Student reward: 0.0
Iteration 36/80
Training student with 36420 points
Train accuracy: 0.2330793520043932
Test accuracy: 0.23077979132344864
Number of nodes: 23
Student reward: 0.0
Iteration 37/80
Training student with 37420 points
Train accuracy: 0.2310261892036344
Test accuracy: 0.22768572955638697
Number of nodes: 23
Student reward: 0.0
Iteration 38/80
Training student with 38420 points
Train accuracy: 0.22839666840187403
Test accuracy: 0.22423217074440396
Number of nodes: 23
Student reward: 0.0
Iteration 39/80
Training student with 39420 points
Train accuracy: 0.23037163876204972
Test accuracy: 0.22628107559614408
Number of nodes: 23
Student reward: 0.0
Iteration 40/80
Training student with 40420 points
Train accuracy: 0.2253216229589312
Test accuracy: 0.22538347352795646
Number of nodes: 23
Student reward: 0.0
Iteration 41/80
Training student with 41420 points
Train accuracy: 0.22673225494929986
Test accuracy: 0.23032351521004346
Number of nodes: 23
Student reward: 0.0
Iteration 42/80
Training student with 42420 points
Train accuracy: 0.22536539368222536
Test accuracy: 0.2202970297029703
Number of nodes: 23
Student reward: 0.0
Iteration 43/80
Training student with 43420 points
Train accuracy: 0.22771764163979732
Test accuracy: 0.22005988023952097
Number of nodes: 23
Student reward: 0.0
Iteration 44/80
Training student with 44420 points
Train accuracy: 0.2259117514633048
Test accuracy: 0.22613687528140478
Number of nodes: 23
Student reward: 0.0
Iteration 45/80
Training student with 45420 points
Train accuracy: 0.22704755614266842
Test accuracy: 0.22831351827388816
Number of nodes: 23
Student reward: 0.0
Iteration 46/80
Training student with 46420 points
Train accuracy: 0.2233143041792331
Test accuracy: 0.22307195174493752
Number of nodes: 23
Student reward: 0.0
Iteration 47/80
Training student with 47420 points
Train accuracy: 0.2226381273724167
Test accuracy: 0.22089835512442008
Number of nodes: 23
Student reward: 0.0
Iteration 48/80
Training student with 48420 points
Train accuracy: 0.2226869062370921
Test accuracy: 0.218091697645601
Number of nodes: 23
Student reward: 0.0
Iteration 49/80
Training student with 49420 points
Train accuracy: 0.22265783083771754
Test accuracy: 0.20831647106434642
Number of nodes: 23
Student reward: 0.0
Iteration 50/80
Training student with 50420 points
Train accuracy: 0.2252330424434748
Test accuracy: 0.2198532328441095
Number of nodes: 23
Student reward: 0.0
Iteration 51/80
Training student with 51420 points
Train accuracy: 0.22313788409179308
Test accuracy: 0.22520420070011668
Number of nodes: 23
Student reward: 0.0
Iteration 52/80
Training student with 52420 points
Train accuracy: 0.22677413201068294
Test accuracy: 0.22329263639832125
Number of nodes: 23
Student reward: 0.0
Iteration 53/80
Training student with 53420 points
Train accuracy: 0.2240499812804193
Test accuracy: 0.2213590415574691
Number of nodes: 23
Student reward: 0.0
Iteration 54/80
Training student with 54420 points
Train accuracy: 0.22287302462330025
Test accuracy: 0.2262954796030871
Number of nodes: 23
Student reward: 0.0
Iteration 55/80
Training student with 55420 points
Train accuracy: 0.22460303139660773
Test accuracy: 0.22573078311079034
Number of nodes: 23
Student reward: 0.0
Iteration 56/80
Training student with 56420 points
Train accuracy: 0.2212203119461184
Test accuracy: 0.2239454094292804
Number of nodes: 23
Student reward: 0.0
Iteration 57/80
Training student with 57420 points
Train accuracy: 0.22542232671543017
Test accuracy: 0.2216997561825148
Number of nodes: 23
Student reward: 0.0
Iteration 58/80
Training student with 58420 points
Train accuracy: 0.22013009243409792
Test accuracy: 0.2220130092434098
Number of nodes: 23
Student reward: 0.0
Iteration 59/80
Training student with 59420 points
Train accuracy: 0.22385139683608213
Test accuracy: 0.2244193874116459
Number of nodes: 23
Student reward: 0.0
Iteration 60/80
Training student with 60420 points
Train accuracy: 0.22471863621317445
Test accuracy: 0.2224428997020854
Number of nodes: 23
Student reward: 0.0
Iteration 61/80
Training student with 61420 points
Train accuracy: 0.22183327906219472
Test accuracy: 0.21833279062194724
Number of nodes: 23
Student reward: 0.0
Iteration 62/80
Training student with 62420 points
Train accuracy: 0.2236863184876642
Test accuracy: 0.2238064722845242
Number of nodes: 23
Student reward: 0.0
Iteration 63/80
Training student with 63420 points
Train accuracy: 0.2205140334279407
Test accuracy: 0.21751813308104698
Number of nodes: 23
Student reward: 0.0
Iteration 64/80
Training student with 64420 points
Train accuracy: 0.2188373176032288
Test accuracy: 0.21460726482458864
Number of nodes: 23
Student reward: 0.0
Iteration 65/80
Training student with 65420 points
Train accuracy: 0.21994420666462855
Test accuracy: 0.2146132681137267
Number of nodes: 23
Student reward: 0.0
Iteration 66/80
Training student with 66420 points
Train accuracy: 0.22263625414031918
Test accuracy: 0.22267389340560073
Number of nodes: 23
Student reward: 0.0
Iteration 67/80
Training student with 67420 points
Train accuracy: 0.21883343221595966
Test accuracy: 0.21811035301097598
Number of nodes: 23
Student reward: 0.0
Iteration 68/80
Training student with 68420 points
Train accuracy: 0.22115244080678165
Test accuracy: 0.21718795673779598
Number of nodes: 23
Student reward: 0.0
Iteration 69/80
Training student with 69420 points
Train accuracy: 0.21940723134543358
Test accuracy: 0.2165802362431576
Number of nodes: 23
Student reward: 0.0
Iteration 70/80
Training student with 70420 points
Train accuracy: 0.21689505822209598
Test accuracy: 0.22081794944618005
Number of nodes: 23
Student reward: 0.0
Iteration 71/80
Training student with 71420 points
Train accuracy: 0.2212265471856623
Test accuracy: 0.2128955474656959
Number of nodes: 23
Student reward: 0.0
Iteration 72/80
Training student with 72420 points
Train accuracy: 0.21934548467274234
Test accuracy: 0.2207953603976802
Number of nodes: 23
Student reward: 0.0
Iteration 73/80
Training student with 73420 points
Train accuracy: 0.2202397166984473
Test accuracy: 0.21894579133751021
Number of nodes: 23
Student reward: 0.0
Iteration 74/80
Training student with 74420 points
Train accuracy: 0.21959822628325718
Test accuracy: 0.22137866165009407
Number of nodes: 23
Student reward: 0.0
Iteration 75/80
Training student with 75420 points
Train accuracy: 0.21935494563776187
Test accuracy: 0.21970299655263856
Number of nodes: 23
Student reward: 0.0
Iteration 76/80
Training student with 76420 points
Train accuracy: 0.21846375294425543
Test accuracy: 0.22206228735933
Number of nodes: 23
Student reward: 0.0
Iteration 77/80
Training student with 77420 points
Train accuracy: 0.21875807284939291
Test accuracy: 0.21680444329630585
Number of nodes: 23
Student reward: 0.0
Iteration 78/80
Training student with 78420 points
Train accuracy: 0.21906082631981638
Test accuracy: 0.22200969140525376
Number of nodes: 23
Student reward: 0.0
Iteration 79/80
Training student with 79420 points
Train accuracy: 0.21806534877864517
Test accuracy: 0.21915134726769075
Number of nodes: 23
Student reward: 0.0
Initial policy count: 80
Current policy count: 40
Reward update: 1.0 -> 1.0
Reward update: 0.0 -> 0.0
Reward update: 0.0 -> 0.0
Reward update: 0.0 -> 0.0
Reward update: 0.0 -> 0.0
Reward update: 0.0 -> 0.0
Reward update: 0.0 -> 0.0
Reward update: 0.0 -> 0.0
Reward update: 0.0 -> 0.0
Reward update: 0.0 -> 0.0
Reward update: 0.0 -> 0.0
Reward update: 0.0 -> 0.0
Reward update: 0.0 -> 0.0
Reward update: 0.0 -> 0.0
Reward update: 0.0 -> 0.0
Reward update: 0.0 -> 0.0
Reward update: 0.0 -> 0.0
Reward update: 0.0 -> 0.0
Reward update: 0.0 -> 0.0
Reward update: 0.0 -> 0.0
Reward update: 0.0 -> 0.0
Reward update: 0.0 -> 0.0
Reward update: 0.0 -> 0.0
Reward update: 0.0 -> 0.0
Reward update: 0.0 -> 0.0
Reward update: 0.0 -> 0.0
Reward update: 0.0 -> 0.0
Reward update: 0.0 -> 0.0
Reward update: 0.0 -> 0.0
Reward update: 0.0 -> 0.0
Reward update: 0.0 -> 0.0
Reward update: 0.0 -> 0.0
Reward update: 0.0 -> 0.0
Reward update: 0.0 -> 0.0
Reward update: 0.0 -> 0.0
Reward update: 0.0 -> 0.0
Reward update: 0.0 -> 0.0
Reward update: 0.0 -> 0.0
Reward update: 0.0 -> 0.0
Reward update: 0.0 -> 0.0
Current policy count: 20
Reward update: 1.0 -> 1.0
Reward update: 0.0 -> 0.0
Reward update: 0.0 -> 0.0
Reward update: 0.0 -> 0.0
Reward update: 0.0 -> 0.0
Reward update: 0.0 -> 0.0
Reward update: 0.0 -> 0.0
Reward update: 0.0 -> 0.0
Reward update: 0.0 -> 0.0
Reward update: 0.0 -> 0.0
Reward update: 0.0 -> 0.0
Reward update: 0.0 -> 0.0
Reward update: 0.0 -> 0.0
Reward update: 0.0 -> 0.0
Reward update: 0.0 -> 0.0
Reward update: 0.0 -> 0.0
Reward update: 0.0 -> 0.0
Reward update: 0.0 -> 0.0
Reward update: 0.0 -> 0.0
Reward update: 0.0 -> 0.0
Current policy count: 10
Reward update: 1.0 -> 1.0
Reward update: 0.0 -> 0.0
Reward update: 0.0 -> 0.0
Reward update: 0.0 -> 0.0
Reward update: 0.0 -> 0.0
Reward update: 0.0 -> 0.0
Reward update: 0.0 -> 0.0
Reward update: 0.0 -> 0.0
Reward update: 0.0 -> 0.0
Reward update: 0.0 -> 0.0
Current policy count: 5
Reward update: 1.0 -> 1.0
Reward update: 0.0 -> 0.0
Reward update: 0.0 -> 0.0
Reward update: 0.0 -> 0.0
Reward update: 0.0 -> 0.0
Current policy count: 3
Reward update: 1.0 -> 1.0
Reward update: 0.0 -> 0.0
Reward update: 0.0 -> 0.0
Current policy count: 2
Reward update: 1.0 -> 1.0
Reward update: 0.0 -> 0.0
Current policy count: 1
Reward update: 1.0 -> 1.0
Final reward: 1.0
Number of nodes: 23
