Iteration 0/80
Training student with 138 points
Train accuracy: 0.7181818181818181
Test accuracy: 0.5714285714285714
Number of nodes: 21
Student reward: -1.0
Iteration 1/80
Training student with 170 points
Train accuracy: 0.7426470588235294
Test accuracy: 0.6764705882352942
Number of nodes: 19
Student reward: 0.0
Iteration 2/80
Training student with 1170 points
Train accuracy: 0.41452991452991456
Test accuracy: 0.3547008547008547
Number of nodes: 21
Student reward: 0.0
Iteration 3/80
Training student with 2170 points
Train accuracy: 0.4112903225806452
Test accuracy: 0.41013824884792627
Number of nodes: 21
Student reward: 0.0
Iteration 4/80
Training student with 3170 points
Train accuracy: 0.40536277602523657
Test accuracy: 0.4148264984227129
Number of nodes: 17
Student reward: 0.0
Iteration 5/80
Training student with 4170 points
Train accuracy: 0.4196642685851319
Test accuracy: 0.3824940047961631
Number of nodes: 21
Student reward: 0.0
Iteration 6/80
Training student with 5170 points
Train accuracy: 0.40764023210831724
Test accuracy: 0.40425531914893614
Number of nodes: 21
Student reward: 0.0
Iteration 7/80
Training student with 6170 points
Train accuracy: 0.39931118314424635
Test accuracy: 0.39627228525121555
Number of nodes: 19
Student reward: 0.0
Iteration 8/80
Training student with 7170 points
Train accuracy: 0.3948744769874477
Test accuracy: 0.38633193863319387
Number of nodes: 21
Student reward: 0.0
Iteration 9/80
Training student with 8170 points
Train accuracy: 0.39504283965728276
Test accuracy: 0.3769889840881273
Number of nodes: 19
Student reward: 0.0
Iteration 10/80
Training student with 9170 points
Train accuracy: 0.3861777535441658
Test accuracy: 0.3980370774263904
Number of nodes: 21
Student reward: 0.0
Iteration 11/80
Training student with 10170 points
Train accuracy: 0.38765978367748277
Test accuracy: 0.37905604719764013
Number of nodes: 21
Student reward: 0.0
Iteration 12/80
Training student with 11170 points
Train accuracy: 0.3821620411817368
Test accuracy: 0.3836168307967771
Number of nodes: 19
Student reward: 0.0
Iteration 13/80
Training student with 12170 points
Train accuracy: 0.38167625308134756
Test accuracy: 0.3894823336072309
Number of nodes: 21
Student reward: 0.0
Iteration 14/80
Training student with 13170 points
Train accuracy: 0.38164388762338647
Test accuracy: 0.38344722854973423
Number of nodes: 17
Student reward: 0.0
Iteration 15/80
Training student with 14170 points
Train accuracy: 0.38285109386026817
Test accuracy: 0.38108680310515175
Number of nodes: 21
Student reward: 0.0
Iteration 16/80
Training student with 15170 points
Train accuracy: 0.3788727752142386
Test accuracy: 0.3941990771259064
Number of nodes: 21
Student reward: 0.0
Iteration 17/80
Training student with 16170 points
Train accuracy: 0.3818027210884354
Test accuracy: 0.38559059987631417
Number of nodes: 21
Student reward: 0.0
Iteration 18/80
Training student with 17170 points
Train accuracy: 0.3833721607454863
Test accuracy: 0.38147932440302856
Number of nodes: 21
Student reward: 0.0
Iteration 19/80
Training student with 18170 points
Train accuracy: 0.38538800220143093
Test accuracy: 0.38662630709961476
Number of nodes: 21
Student reward: 0.0
Iteration 20/80
Training student with 19170 points
Train accuracy: 0.3826943140323422
Test accuracy: 0.39280125195618154
Number of nodes: 19
Student reward: 0.0
Iteration 21/80
Training student with 20170 points
Train accuracy: 0.38181705503222607
Test accuracy: 0.39315815567674767
Number of nodes: 21
Student reward: 0.0
Iteration 22/80
Training student with 21170 points
Train accuracy: 0.3853920642418517
Test accuracy: 0.3814359943316013
Number of nodes: 21
Student reward: 0.0
Iteration 23/80
Training student with 22170 points
Train accuracy: 0.380638249887235
Test accuracy: 0.39084348218313036
Number of nodes: 21
Student reward: 0.0
Iteration 24/80
Training student with 23170 points
Train accuracy: 0.3830384117393181
Test accuracy: 0.38325420802762195
Number of nodes: 19
Student reward: 0.0
Iteration 25/80
Training student with 24170 points
Train accuracy: 0.38606743897393464
Test accuracy: 0.37256930078609846
Number of nodes: 19
Student reward: 0.0
Iteration 26/80
Training student with 25170 points
Train accuracy: 0.3834425903853794
Test accuracy: 0.3806118394914581
Number of nodes: 21
Student reward: 0.0
Iteration 27/80
Training student with 26170 points
Train accuracy: 0.38555598012991976
Test accuracy: 0.36912495223538405
Number of nodes: 21
Student reward: 0.0
Iteration 28/80
Training student with 27170 points
Train accuracy: 0.3813489142436511
Test accuracy: 0.38369525211630473
Number of nodes: 21
Student reward: 0.0
Iteration 29/80
Training student with 28170 points
Train accuracy: 0.3852946396876109
Test accuracy: 0.37202697905573306
Number of nodes: 21
Student reward: 0.0
Iteration 30/80
Training student with 29170 points
Train accuracy: 0.3847703119643469
Test accuracy: 0.37967089475488514
Number of nodes: 19
Student reward: 0.0
Iteration 31/80
Training student with 30170 points
Train accuracy: 0.3829549221080544
Test accuracy: 0.38945972820682795
Number of nodes: 21
Student reward: 0.0
Iteration 32/80
Training student with 31170 points
Train accuracy: 0.3819778633301251
Test accuracy: 0.39412897016361886
Number of nodes: 19
Student reward: 0.0
Iteration 33/80
Training student with 32170 points
Train accuracy: 0.3863848305875039
Test accuracy: 0.3832763444202673
Number of nodes: 21
Student reward: 0.0
Iteration 34/80
Training student with 33170 points
Train accuracy: 0.3806526982212843
Test accuracy: 0.398402170636117
Number of nodes: 19
Student reward: 0.0
Iteration 35/80
Training student with 34170 points
Train accuracy: 0.3837430494585894
Test accuracy: 0.37737781679836113
Number of nodes: 21
Student reward: 0.0
Iteration 36/80
Training student with 35170 points
Train accuracy: 0.3827836224054592
Test accuracy: 0.3765993744668752
Number of nodes: 21
Student reward: 0.0
Iteration 37/80
Training student with 36170 points
Train accuracy: 0.3834324025435444
Test accuracy: 0.37157865634503734
Number of nodes: 19
Student reward: 0.0
Iteration 38/80
Training student with 37170 points
Train accuracy: 0.38048157115953724
Test accuracy: 0.38391175679311274
Number of nodes: 17
Student reward: 0.0
Iteration 39/80
Training student with 38170 points
Train accuracy: 0.37948650772858267
Test accuracy: 0.383023316740896
Number of nodes: 17
Student reward: 0.0
Iteration 40/80
Training student with 39170 points
Train accuracy: 0.38106331376053104
Test accuracy: 0.3737554250702068
Number of nodes: 19
Student reward: 0.0
Iteration 41/80
Training student with 40170 points
Train accuracy: 0.3799477221807319
Test accuracy: 0.3757779437391088
Number of nodes: 19
Student reward: 0.0
Iteration 42/80
Training student with 41170 points
Train accuracy: 0.38271192615982513
Test accuracy: 0.37405878066553316
Number of nodes: 21
Student reward: 0.0
Iteration 43/80
Training student with 42170 points
Train accuracy: 0.3825586910125682
Test accuracy: 0.3731325586910126
Number of nodes: 19
Student reward: 0.0
Iteration 44/80
Training student with 43170 points
Train accuracy: 0.3799513551077137
Test accuracy: 0.3820940467917535
Number of nodes: 19
Student reward: 0.0
Iteration 45/80
Training student with 44170 points
Train accuracy: 0.38343332578673306
Test accuracy: 0.36812316051618743
Number of nodes: 19
Student reward: 0.0
Iteration 46/80
Training student with 45170 points
Train accuracy: 0.3783761346026124
Test accuracy: 0.3855435023245517
Number of nodes: 19
Student reward: 0.0
Iteration 47/80
Training student with 46170 points
Train accuracy: 0.3780593458956032
Test accuracy: 0.38336582196231317
Number of nodes: 21
Student reward: 0.0
Iteration 48/80
Training student with 47170 points
Train accuracy: 0.379186983252067
Test accuracy: 0.3786304854780581
Number of nodes: 19
Student reward: 0.0
Iteration 49/80
Training student with 48170 points
Train accuracy: 0.3802159020137015
Test accuracy: 0.37751712684243305
Number of nodes: 21
Student reward: 0.0
Iteration 50/80
Training student with 49170 points
Train accuracy: 0.37927089688834653
Test accuracy: 0.38204189546471423
Number of nodes: 21
Student reward: 0.0
Iteration 51/80
Training student with 50170 points
Train accuracy: 0.3801823799083117
Test accuracy: 0.3809049232609129
Number of nodes: 21
Student reward: 0.0
Iteration 52/80
Training student with 51170 points
Train accuracy: 0.3807162399843658
Test accuracy: 0.3770764119601329
Number of nodes: 21
Student reward: 0.0
Iteration 53/80
Training student with 52170 points
Train accuracy: 0.380271228675484
Test accuracy: 0.37952846463484763
Number of nodes: 21
Student reward: 0.0
Iteration 54/80
Training student with 53170 points
Train accuracy: 0.3787850291517773
Test accuracy: 0.3848974985894301
Number of nodes: 21
Student reward: 0.0
Iteration 55/80
Training student with 54170 points
Train accuracy: 0.378461325456895
Test accuracy: 0.38609931696510985
Number of nodes: 21
Student reward: 0.0
Iteration 56/80
Training student with 55170 points
Train accuracy: 0.380573681348559
Test accuracy: 0.37746963929671923
Number of nodes: 21
Student reward: 0.0
Iteration 57/80
Training student with 56170 points
Train accuracy: 0.379139220224319
Test accuracy: 0.38392380274167703
Number of nodes: 19
Student reward: 0.0
Iteration 58/80
Training student with 57170 points
Train accuracy: 0.3780173167745321
Test accuracy: 0.3889277593143257
Number of nodes: 21
Student reward: 0.0
Iteration 59/80
Training student with 58170 points
Train accuracy: 0.3805655836341757
Test accuracy: 0.3796630565583634
Number of nodes: 17
Student reward: 0.0
Iteration 60/80
Training student with 59170 points
Train accuracy: 0.38104191313165453
Test accuracy: 0.37696467804630723
Number of nodes: 21
Student reward: 0.0
Iteration 61/80
Training student with 60170 points
Train accuracy: 0.38185557586837293
Test accuracy: 0.37468838291507395
Number of nodes: 21
Student reward: 0.0
Iteration 62/80
Training student with 61170 points
Train accuracy: 0.3807626287395782
Test accuracy: 0.3766552231486023
Number of nodes: 21
Student reward: 0.0
Iteration 63/80
Training student with 62170 points
Train accuracy: 0.37914186906868264
Test accuracy: 0.3866012546244169
Number of nodes: 21
Student reward: 0.0
Iteration 64/80
Training student with 63170 points
Train accuracy: 0.3806791198353649
Test accuracy: 0.3811144530631629
Number of nodes: 19
Student reward: 0.0
Iteration 65/80
Training student with 64170 points
Train accuracy: 0.3803373850709054
Test accuracy: 0.3810970858656693
Number of nodes: 21
Student reward: 0.0
Iteration 66/80
Training student with 65170 points
Train accuracy: 0.3811569740678226
Test accuracy: 0.3791621911922664
Number of nodes: 21
Student reward: 0.0
Iteration 67/80
Training student with 66170 points
Train accuracy: 0.3821029167296358
Test accuracy: 0.3760767719510352
Number of nodes: 21
Student reward: 0.0
Iteration 68/80
Training student with 67170 points
Train accuracy: 0.38078755396754504
Test accuracy: 0.3789638231353283
Number of nodes: 21
Student reward: 0.0
Iteration 69/80
Training student with 68170 points
Train accuracy: 0.38072099163855067
Test accuracy: 0.3813994425700455
Number of nodes: 19
Student reward: 0.0
Iteration 70/80
Training student with 69170 points
Train accuracy: 0.3800419256903282
Test accuracy: 0.3844152089055949
Number of nodes: 19
Student reward: 0.0
Iteration 71/80
Training student with 70170 points
Train accuracy: 0.3801660253669659
Test accuracy: 0.38071825566481404
Number of nodes: 21
Student reward: 0.0
Iteration 72/80
Training student with 71170 points
Train accuracy: 0.3800056203456513
Test accuracy: 0.3816917240410285
Number of nodes: 21
Student reward: 0.0
Iteration 73/80
Training student with 72170 points
Train accuracy: 0.38132187889704866
Test accuracy: 0.37515588194540667
Number of nodes: 19
Student reward: 0.0
Iteration 74/80
Training student with 73170 points
Train accuracy: 0.37968088014213475
Test accuracy: 0.3803471368047014
Number of nodes: 21
Student reward: 0.0
Iteration 75/80
Training student with 74170 points
Train accuracy: 0.3787919644060941
Test accuracy: 0.3822300121342861
Number of nodes: 21
Student reward: 0.0
Iteration 76/80
Training student with 75170 points
Train accuracy: 0.377560862046029
Test accuracy: 0.38599175202873487
Number of nodes: 21
Student reward: 0.0
Iteration 77/80
Training student with 76170 points
Train accuracy: 0.37774058028095053
Test accuracy: 0.3798083234869371
Number of nodes: 21
Student reward: 0.0
Iteration 78/80
Training student with 77170 points
Train accuracy: 0.37789944278864845
Test accuracy: 0.3775430866917196
Number of nodes: 21
Student reward: 0.0
Iteration 79/80
Training student with 78170 points
Train accuracy: 0.37733465523858256
Test accuracy: 0.38019700652424204
Number of nodes: 21
Student reward: 0.0
Initial policy count: 80
Current policy count: 40
Reward update: 0.0 -> 0.02
Reward update: 0.0 -> 0.0
Reward update: 0.0 -> 0.0
Reward update: 0.0 -> 0.0
Reward update: 0.0 -> 0.0
Reward update: 0.0 -> 0.0
Reward update: 0.0 -> 0.0
Reward update: 0.0 -> 0.0
Reward update: 0.0 -> 0.0
Reward update: 0.0 -> 0.0
Reward update: 0.0 -> 0.0
Reward update: 0.0 -> 0.0
Reward update: 0.0 -> 0.0
Reward update: 0.0 -> 0.0
Reward update: 0.0 -> 0.0
Reward update: 0.0 -> 0.0
Reward update: 0.0 -> 0.0
Reward update: 0.0 -> 0.0
Reward update: 0.0 -> 0.0
Reward update: 0.0 -> 0.0
Reward update: 0.0 -> 0.0
Reward update: 0.0 -> 0.0
Reward update: 0.0 -> 0.0
Reward update: 0.0 -> 0.0
Reward update: 0.0 -> 0.0
Reward update: 0.0 -> 0.0
Reward update: 0.0 -> 0.0
Reward update: 0.0 -> 0.0
Reward update: 0.0 -> 0.0
Reward update: 0.0 -> 0.0
Reward update: 0.0 -> 0.0
Reward update: 0.0 -> 0.0
Reward update: 0.0 -> 0.0
Reward update: 0.0 -> 0.0
Reward update: 0.0 -> 0.0
Reward update: 0.0 -> 0.0
Reward update: 0.0 -> 0.0
Reward update: 0.0 -> 0.0
Reward update: 0.0 -> 0.0
Reward update: 0.0 -> 0.0
Current policy count: 20
Reward update: 0.02 -> 0.02
Reward update: 0.0 -> 0.0
Reward update: 0.0 -> 0.0
Reward update: 0.0 -> 0.0
Reward update: 0.0 -> 0.0
Reward update: 0.0 -> 0.0
Reward update: 0.0 -> 0.0
Reward update: 0.0 -> 0.0
Reward update: 0.0 -> 0.0
Reward update: 0.0 -> 0.0
Reward update: 0.0 -> 0.0
Reward update: 0.0 -> 0.0
Reward update: 0.0 -> 0.0
Reward update: 0.0 -> 0.0
Reward update: 0.0 -> 0.0
Reward update: 0.0 -> 0.0
Reward update: 0.0 -> 0.0
Reward update: 0.0 -> 0.0
Reward update: 0.0 -> 0.0
Reward update: 0.0 -> 0.0
Current policy count: 10
Reward update: 0.02 -> 0.0
Reward update: 0.0 -> 0.0
Reward update: 0.0 -> 0.0
Reward update: 0.0 -> 0.0
Reward update: 0.0 -> 0.0
Reward update: 0.0 -> 0.0
Reward update: 0.0 -> 0.0
Reward update: 0.0 -> 0.0
Reward update: 0.0 -> 0.0
Reward update: 0.0 -> 0.0
Current policy count: 5
Reward update: 0.0 -> 0.02
Reward update: 0.0 -> 0.0
Reward update: 0.0 -> 0.0
Reward update: 0.0 -> 0.0
Reward update: 0.0 -> 0.0
Current policy count: 3
Reward update: 0.02 -> 0.02
Reward update: 0.0 -> 0.0
Reward update: 0.0 -> 0.0
Current policy count: 2
Reward update: 0.02 -> 0.0
Reward update: 0.0 -> 0.0
Current policy count: 1
Reward update: 0.0 -> 0.02
Final reward: 0.08
Number of nodes: 19
