Iteration 0/80
Training student with 235 points
Train accuracy: 0.6170212765957447
Test accuracy: 0.5319148936170213
Number of nodes: 23
Student reward: 0.32727272727272727
Iteration 1/80
Training student with 1235 points
Train accuracy: 0.3967611336032389
Test accuracy: 0.4008097165991903
Number of nodes: 23
Student reward: 0.23636363636363633
Iteration 2/80
Training student with 2144 points
Train accuracy: 0.3784256559766764
Test accuracy: 0.3333333333333333
Number of nodes: 23
Student reward: 0.40909090909090906
Iteration 3/80
Training student with 3053 points
Train accuracy: 0.3808353808353808
Test accuracy: 0.39279869067103107
Number of nodes: 23
Student reward: 0.13636363636363633
Iteration 4/80
Training student with 3962 points
Train accuracy: 0.35973493215525404
Test accuracy: 0.3505674653215637
Number of nodes: 21
Student reward: 0.32727272727272727
Iteration 5/80
Training student with 4962 points
Train accuracy: 0.36608717561098514
Test accuracy: 0.3685800604229607
Number of nodes: 21
Student reward: 0.26363636363636356
Iteration 6/80
Training student with 5962 points
Train accuracy: 0.37890543090794715
Test accuracy: 0.3830678960603521
Number of nodes: 23
Student reward: 0.2636363636363636
Iteration 7/80
Training student with 6962 points
Train accuracy: 0.3708026575686838
Test accuracy: 0.3747307968413496
Number of nodes: 21
Student reward: 0.27272727272727265
Iteration 8/80
Training student with 7962 points
Train accuracy: 0.3743130789762914
Test accuracy: 0.37790332705586943
Number of nodes: 21
Student reward: 0.2545454545454545
Iteration 9/80
Training student with 8871 points
Train accuracy: 0.3823280721533258
Test accuracy: 0.38816901408450705
Number of nodes: 21
Student reward: 0.16363636363636364
Iteration 10/80
Training student with 9871 points
Train accuracy: 0.37639311043566365
Test accuracy: 0.3762025316455696
Number of nodes: 23
Student reward: 0.32727272727272727
Iteration 11/80
Training student with 10780 points
Train accuracy: 0.3777829313543599
Test accuracy: 0.37291280148423006
Number of nodes: 23
Student reward: 0.3727272727272727
Iteration 12/80
Training student with 11689 points
Train accuracy: 0.37322211528178806
Test accuracy: 0.38323353293413176
Number of nodes: 23
Student reward: 0.19090909090909092
Iteration 13/80
Training student with 12598 points
Train accuracy: 0.3686247271283985
Test accuracy: 0.38333333333333336
Number of nodes: 23
Student reward: 0.2727272727272727
Iteration 14/80
Training student with 13598 points
Train accuracy: 0.3691855120426549
Test accuracy: 0.36764705882352944
Number of nodes: 23
Student reward: 0.22727272727272724
Iteration 15/80
Training student with 14507 points
Train accuracy: 0.36708315381301165
Test accuracy: 0.36250861474844936
Number of nodes: 23
Student reward: 0.23636363636363633
Iteration 16/80
Training student with 15416 points
Train accuracy: 0.3647421342847875
Test accuracy: 0.364461738002594
Number of nodes: 23
Student reward: 0.08181818181818182
Iteration 17/80
Training student with 16416 points
Train accuracy: 0.3634632957660676
Test accuracy: 0.3523142509135201
Number of nodes: 23
Student reward: 0.1727272727272727
Iteration 18/80
Training student with 17325 points
Train accuracy: 0.3573593073593074
Test accuracy: 0.35093795093795094
Number of nodes: 23
Student reward: 0.11818181818181817
Iteration 19/80
Training student with 18325 points
Train accuracy: 0.35607094133697137
Test accuracy: 0.35088676671214186
Number of nodes: 23
Student reward: 0.2
Iteration 20/80
Training student with 19325 points
Train accuracy: 0.3558861578266494
Test accuracy: 0.3508408796895213
Number of nodes: 21
Student reward: 0.42727272727272725
Iteration 21/80
Training student with 20143 points
Train accuracy: 0.35130942037979396
Test accuracy: 0.34996276991809383
Number of nodes: 21
Student reward: 0.39090909090909093
Iteration 22/80
Training student with 20961 points
Train accuracy: 0.3478649809160305
Test accuracy: 0.3575005962318149
Number of nodes: 21
Student reward: 0.23636363636363633
Iteration 23/80
Training student with 21870 points
Train accuracy: 0.350480109739369
Test accuracy: 0.3614540466392318
Number of nodes: 23
Student reward: 0.23636363636363633
Iteration 24/80
Training student with 22870 points
Train accuracy: 0.3504044599912549
Test accuracy: 0.3441189331001312
Number of nodes: 23
Student reward: 0.22727272727272724
Iteration 25/80
Training student with 23870 points
Train accuracy: 0.35091118558860496
Test accuracy: 0.34415584415584416
Number of nodes: 23
Student reward: 0.4636363636363637
Iteration 26/80
Training student with 24597 points
Train accuracy: 0.3483762768714743
Test accuracy: 0.3532520325203252
Number of nodes: 23
Student reward: 0.3363636363636363
Iteration 27/80
Training student with 25415 points
Train accuracy: 0.34841628959276016
Test accuracy: 0.3551052528034625
Number of nodes: 23
Student reward: 0.37272727272727274
Iteration 28/80
Training student with 26233 points
Train accuracy: 0.3482798055846755
Test accuracy: 0.350104821802935
Number of nodes: 23
Student reward: 0.44545454545454544
Iteration 29/80
Training student with 27051 points
Train accuracy: 0.3501386321626617
Test accuracy: 0.35705045278137126
Number of nodes: 23
Student reward: 0.23636363636363633
Iteration 30/80
Training student with 28051 points
Train accuracy: 0.35084670231729054
Test accuracy: 0.36196756371413297
Number of nodes: 23
Student reward: 0.16363636363636364
Iteration 31/80
Training student with 29051 points
Train accuracy: 0.3524526678141136
Test accuracy: 0.3546721734641198
Number of nodes: 23
Student reward: 0.22727272727272724
Iteration 32/80
Training student with 29960 points
Train accuracy: 0.35055073431241657
Test accuracy: 0.3644859813084112
Number of nodes: 23
Student reward: 0.15454545454545454
Iteration 33/80
Training student with 30960 points
Train accuracy: 0.3485949612403101
Test accuracy: 0.3456072351421189
Number of nodes: 23
Student reward: 0.23636363636363633
Iteration 34/80
Training student with 31869 points
Train accuracy: 0.3450872720141204
Test accuracy: 0.34766237841229997
Number of nodes: 23
Student reward: 0.3
Iteration 35/80
Training student with 32778 points
Train accuracy: 0.3471512470444665
Test accuracy: 0.35341671751067727
Number of nodes: 23
Student reward: 0.40909090909090906
Iteration 36/80
Training student with 33596 points
Train accuracy: 0.3474475368358387
Test accuracy: 0.3458333333333333
Number of nodes: 21
Student reward: 0.17272727272727273
Iteration 37/80
Training student with 34596 points
Train accuracy: 0.3469793322734499
Test accuracy: 0.3388728323699422
Number of nodes: 23
Student reward: 0.15454545454545454
Iteration 38/80
Training student with 35596 points
Train accuracy: 0.34576485461441214
Test accuracy: 0.35126404494382024
Number of nodes: 23
Student reward: 0.23636363636363633
Iteration 39/80
Training student with 36596 points
Train accuracy: 0.3469053149337341
Test accuracy: 0.34275956284153003
Number of nodes: 23
Student reward: 0.29999999999999993
Iteration 40/80
Training student with 37505 points
Train accuracy: 0.34615384615384615
Test accuracy: 0.3546193840821224
Number of nodes: 23
Student reward: 0.3
Iteration 41/80
Training student with 38414 points
Train accuracy: 0.3511763365982233
Test accuracy: 0.33893010542756735
Number of nodes: 23
Student reward: 0.23636363636363633
Iteration 42/80
Training student with 39414 points
Train accuracy: 0.3490850274333196
Test accuracy: 0.3493593809463402
Number of nodes: 23
Student reward: 0.1272727272727273
Iteration 43/80
Training student with 40414 points
Train accuracy: 0.34988091924159476
Test accuracy: 0.3477669182234319
Number of nodes: 23
Student reward: 0.2636363636363636
Iteration 44/80
Training student with 41323 points
Train accuracy: 0.35147316837074233
Test accuracy: 0.344464609800363
Number of nodes: 21
Student reward: 0.2636363636363636
Iteration 45/80
Training student with 42323 points
Train accuracy: 0.34810089196054106
Test accuracy: 0.35026580035440047
Number of nodes: 23
Student reward: 0.22727272727272724
Iteration 46/80
Training student with 43323 points
Train accuracy: 0.3500490507242195
Test accuracy: 0.3514137334102712
Number of nodes: 21
Student reward: 0.38181818181818183
Iteration 47/80
Training student with 44232 points
Train accuracy: 0.35252225519287833
Test accuracy: 0.3542443766248446
Number of nodes: 23
Student reward: 0.2818181818181818
Iteration 48/80
Training student with 45141 points
Train accuracy: 0.3520436420026584
Test accuracy: 0.3500941411008971
Number of nodes: 21
Student reward: 0.17272727272727276
Iteration 49/80
Training student with 46050 points
Train accuracy: 0.35187296416938113
Test accuracy: 0.34647122692725296
Number of nodes: 23
Student reward: 0.1909090909090909
Iteration 50/80
Training student with 47050 points
Train accuracy: 0.3512221041445271
Test accuracy: 0.351009564293305
Number of nodes: 21
Student reward: 0.13636363636363635
Iteration 51/80
Training student with 48050 points
Train accuracy: 0.3495837669094693
Test accuracy: 0.3533818938605619
Number of nodes: 23
Student reward: 0.14545454545454545
Iteration 52/80
Training student with 49050 points
Train accuracy: 0.3530835881753313
Test accuracy: 0.34301732925586137
Number of nodes: 23
Student reward: 0.3
Iteration 53/80
Training student with 49868 points
Train accuracy: 0.350980097257733
Test accuracy: 0.35211550030078204
Number of nodes: 23
Student reward: 0.12727272727272726
Iteration 54/80
Training student with 50868 points
Train accuracy: 0.35012532560082565
Test accuracy: 0.3549243168861805
Number of nodes: 23
Student reward: 0.32727272727272727
Iteration 55/80
Training student with 51868 points
Train accuracy: 0.3509423049115535
Test accuracy: 0.35521496047811835
Number of nodes: 23
Student reward: 0.3181818181818182
Iteration 56/80
Training student with 52777 points
Train accuracy: 0.3528575827194998
Test accuracy: 0.35695339143615007
Number of nodes: 21
Student reward: 0.23636363636363633
Iteration 57/80
Training student with 53686 points
Train accuracy: 0.3531014249790444
Test accuracy: 0.3579810020487987
Number of nodes: 23
Student reward: 0.1545454545454545
Iteration 58/80
Training student with 54686 points
Train accuracy: 0.3521303831032276
Test accuracy: 0.35024684585847504
Number of nodes: 23
Student reward: 0.4
Iteration 59/80
Training student with 55504 points
Train accuracy: 0.35015652095579125
Test accuracy: 0.35357175029276644
Number of nodes: 23
Student reward: 0.1818181818181818
Iteration 60/80
Training student with 56504 points
Train accuracy: 0.3518129327699489
Test accuracy: 0.3541279532784709
Number of nodes: 21
Student reward: 0.1181818181818182
Iteration 61/80
Training student with 57504 points
Train accuracy: 0.35043366736951936
Test accuracy: 0.3503173637075037
Number of nodes: 21
Student reward: 0.20909090909090908
Iteration 62/80
Training student with 58504 points
Train accuracy: 0.3505330854859731
Test accuracy: 0.3520211947696778
Number of nodes: 23
Student reward: 0.2545454545454545
Iteration 63/80
Training student with 59504 points
Train accuracy: 0.3499149213284877
Test accuracy: 0.3551802369548777
Number of nodes: 21
Student reward: 0.2181818181818182
Iteration 64/80
Training student with 60413 points
Train accuracy: 0.34808607490171734
Test accuracy: 0.35554084250600015
Number of nodes: 23
Student reward: 0.24545454545454543
Iteration 65/80
Training student with 61413 points
Train accuracy: 0.34944026053327903
Test accuracy: 0.34486688919645037
Number of nodes: 23
Student reward: 0.2
Iteration 66/80
Training student with 62413 points
Train accuracy: 0.3493691167634689
Test accuracy: 0.3469518545221501
Number of nodes: 23
Student reward: 0.3909090909090909
Iteration 67/80
Training student with 63322 points
Train accuracy: 0.34956669364549814
Test accuracy: 0.34733517568101063
Number of nodes: 21
Student reward: 0.2636363636363636
Iteration 68/80
Training student with 64322 points
Train accuracy: 0.3489321180791729
Test accuracy: 0.346677030703459
Number of nodes: 23
Student reward: 0.37272727272727263
Iteration 69/80
Training student with 65140 points
Train accuracy: 0.3494588578446423
Test accuracy: 0.3447190666257292
Number of nodes: 21
Student reward: 0.14545454545454545
Iteration 70/80
Training student with 66140 points
Train accuracy: 0.34914575143634713
Test accuracy: 0.3428333837314787
Number of nodes: 23
Student reward: 0.09090909090909091
Iteration 71/80
Training student with 67140 points
Train accuracy: 0.34560247244563597
Test accuracy: 0.34822758415251714
Number of nodes: 23
Student reward: 0.3363636363636363
Iteration 72/80
Training student with 67958 points
Train accuracy: 0.3483611080454696
Test accuracy: 0.34387875220718067
Number of nodes: 23
Student reward: 0.2545454545454546
Iteration 73/80
Training student with 68867 points
Train accuracy: 0.34683172090828235
Test accuracy: 0.3494264556410629
Number of nodes: 23
Student reward: 0.24545454545454543
Iteration 74/80
Training student with 69776 points
Train accuracy: 0.34643496954496594
Test accuracy: 0.3510318142734308
Number of nodes: 23
Student reward: 0.28181818181818186
Iteration 75/80
Training student with 70776 points
Train accuracy: 0.3470328505828329
Test accuracy: 0.35059338796270134
Number of nodes: 23
Student reward: 0.18181818181818182
Iteration 76/80
Training student with 71776 points
Train accuracy: 0.35001741553465693
Test accuracy: 0.34215658957927
Number of nodes: 23
Student reward: 0.1909090909090909
Iteration 77/80
Training student with 72776 points
Train accuracy: 0.3479045001717623
Test accuracy: 0.3472107721901621
Number of nodes: 23
Student reward: 0.27272727272727265
Iteration 78/80
Training student with 73594 points
Train accuracy: 0.34717622080679406
Test accuracy: 0.3513825667504586
Number of nodes: 21
Student reward: 0.27272727272727265
Iteration 79/80
Training student with 74594 points
Train accuracy: 0.34832006702974444
Test accuracy: 0.34513037066827534
Number of nodes: 21
Student reward: 0.2636363636363636
Initial policy count: 80
Current policy count: 40
Reward update: 0.4636363636363637 -> 0.26909090909090916
Reward update: 0.44545454545454544 -> 0.28545454545454546
Reward update: 0.42727272727272725 -> 0.3272727272727273
Reward update: 0.40909090909090906 -> 0.2981818181818182
Reward update: 0.40909090909090906 -> 0.3018181818181818
Reward update: 0.4 -> 0.25636363636363646
Reward update: 0.39090909090909093 -> 0.2600000000000001
Reward update: 0.3909090909090909 -> 0.24000000000000005
Reward update: 0.38181818181818183 -> 0.26181818181818184
Reward update: 0.37272727272727274 -> 0.2509090909090909
Reward update: 0.3727272727272727 -> 0.32000000000000006
Reward update: 0.37272727272727263 -> 0.3054545454545455
Reward update: 0.3363636363636363 -> 0.2981818181818183
Reward update: 0.3363636363636363 -> 0.29454545454545455
Reward update: 0.32727272727272727 -> 0.2218181818181818
Reward update: 0.32727272727272727 -> 0.3109090909090909
Reward update: 0.32727272727272727 -> 0.36545454545454553
Reward update: 0.32727272727272727 -> 0.2927272727272729
Reward update: 0.3181818181818182 -> 0.2618181818181819
Reward update: 0.3 -> 0.1563636363636363
Reward update: 0.3 -> 0.3072727272727273
Reward update: 0.3 -> 0.24
Reward update: 0.29999999999999993 -> 0.25090909090909097
Reward update: 0.28181818181818186 -> 0.22727272727272727
Reward update: 0.2818181818181818 -> 0.26545454545454555
Reward update: 0.2727272727272727 -> 0.26727272727272733
Reward update: 0.27272727272727265 -> 0.26909090909090916
Reward update: 0.27272727272727265 -> 0.2927272727272727
Reward update: 0.27272727272727265 -> 0.26727272727272733
Reward update: 0.2636363636363636 -> 0.29454545454545455
Reward update: 0.2636363636363636 -> 0.2563636363636364
Reward update: 0.2636363636363636 -> 0.2654545454545455
Reward update: 0.2636363636363636 -> 0.2927272727272727
Reward update: 0.2636363636363636 -> 0.25272727272727274
Reward update: 0.26363636363636356 -> 0.2763636363636364
Reward update: 0.2545454545454546 -> 0.24
Reward update: 0.2545454545454545 -> 0.24
Reward update: 0.2545454545454545 -> 0.2927272727272729
Reward update: 0.24545454545454543 -> 0.3181818181818183
Reward update: 0.24545454545454543 -> 0.18
Current policy count: 20
Reward update: 0.36545454545454553 -> 0.3072727272727273
Reward update: 0.3272727272727273 -> 0.250909090909091
Reward update: 0.32000000000000006 -> 0.31454545454545463
Reward update: 0.3181818181818183 -> 0.3090909090909091
Reward update: 0.3109090909090909 -> 0.3690909090909093
Reward update: 0.3072727272727273 -> 0.26
Reward update: 0.3054545454545455 -> 0.32363636363636367
Reward update: 0.3018181818181818 -> 0.32
Reward update: 0.2981818181818183 -> 0.36727272727272736
Reward update: 0.2981818181818182 -> 0.21090909090909093
Reward update: 0.29454545454545455 -> 0.23090909090909092
Reward update: 0.29454545454545455 -> 0.310909090909091
Reward update: 0.2927272727272729 -> 0.22545454545454546
Reward update: 0.2927272727272729 -> 0.2600000000000001
Reward update: 0.2927272727272727 -> 0.24909090909090914
Reward update: 0.2927272727272727 -> 0.27090909090909093
Reward update: 0.28545454545454546 -> 0.2927272727272729
Reward update: 0.2763636363636364 -> 0.2254545454545455
Reward update: 0.26909090909090916 -> 0.22181818181818183
Reward update: 0.26909090909090916 -> 0.3218181818181818
Current policy count: 10
Reward update: 0.3690909090909093 -> 0.23636363636363644
Reward update: 0.36727272727272736 -> 0.26727272727272733
Reward update: 0.32363636363636367 -> 0.27999999999999997
Reward update: 0.3218181818181818 -> 0.2618181818181818
Reward update: 0.32 -> 0.2109090909090909
Reward update: 0.31454545454545463 -> 0.2563636363636364
Reward update: 0.310909090909091 -> 0.27272727272727265
Reward update: 0.3090909090909091 -> 0.3090909090909092
Reward update: 0.3072727272727273 -> 0.2927272727272728
Reward update: 0.2927272727272729 -> 0.270909090909091
Current policy count: 5
Reward update: 0.3090909090909092 -> 0.2272727272727273
Reward update: 0.2927272727272728 -> 0.1981818181818182
Reward update: 0.27999999999999997 -> 0.15272727272727266
Reward update: 0.27272727272727265 -> 0.2490909090909091
Reward update: 0.270909090909091 -> 0.30181818181818176
Current policy count: 3
Reward update: 0.30181818181818176 -> 0.2981818181818182
Reward update: 0.2490909090909091 -> 0.1981818181818182
Reward update: 0.2272727272727273 -> 0.32
Current policy count: 2
Reward update: 0.32 -> 0.3218181818181818
Reward update: 0.2981818181818182 -> 0.25999999999999995
Current policy count: 1
Reward update: 0.3218181818181818 -> 0.2836363636363637
Final reward: 0.24727272727272726
Number of nodes: 23
